IQ-TREE multicore version 2.1.4-beta COVID-edition for Linux 64-bit built Jun 24 2021
Developed by Bui Quang Minh, James Barbetti, Nguyen Lam Tung,
Olga Chernomor, Heiko Schmidt, Dominik Schrempf, Michael Woodhams.

Host:    morrowind (AVX2, FMA3, 503 GB RAM)
Command: iqtree2 -s results/fasta_PGC/gene_trimmed/PGC_puhA_trim.phy -pre results/tree/PGC_puhA/PGC_puhA
Seed:    532379 (Using SPRNG - Scalable Parallel Random Number Generator)
Time:    Thu Jun 20 09:53:29 2024
Kernel:  AVX+FMA - 1 threads (128 CPU cores detected)

HINT: Use -nt option to specify number of threads because your CPU has 128 cores!
HINT: -nt AUTO will automatically determine the best number of threads to use.

Reading alignment file results/fasta_PGC/gene_trimmed/PGC_puhA_trim.phy ... Phylip format detected
Alignment most likely contains protein sequences
WARNING: 19 sites contain only gaps or ambiguous characters.
Alignment has 253 sequences with 666 columns, 615 distinct patterns
541 parsimony-informative, 36 singleton sites, 89 constant sites
                                              Gap/Ambiguity  Composition  p-value
   1  GCA_011765465.1_ASM1176546v1                   18.92%    passed     99.97%
   2  GCA_015693905.1_ASM1569390v1                   19.67%    passed    100.00%
   3  GCA_016745215.1_scaff03                        19.22%    passed    100.00%
   4  GCA_019285715.1_ASM1928571v1                   21.62%    passed     92.96%
   5  GCA_019739335.1_ASM1973933v1                   21.02%    passed     77.61%
   6  GCF_000013085.1_ASM1308v1                      23.12%    passed     99.99%
   7  GCF_000013365.1_ASM1336v1                      22.22%    passed     98.64%
   8  GCF_000013565.1_ASM1356v1                      17.87%    passed     99.67%
   9  GCF_000014045.1_ASM1404v1                      19.22%    passed     99.98%
  10  GCF_000015165.1_ASM1516v1                      20.12%    passed    100.00%
  11  GCF_000015585.1_ASM1558v1                      19.97%    passed    100.00%
  12  GCF_000016185.1_ASM1618v1                      20.57%    passed     58.33%
  13  GCF_000018145.1_ASM1814v1                      18.47%    passed     85.07%
  14  GCF_000018845.1_ASM1884v1                      20.27%    passed    100.00%
  15  GCF_000019365.1_ASM1936v1                      22.07%    passed     79.21%
  16  GCF_000019725.1_ASM1972v1                      21.62%    passed     98.89%
  17  GCF_000019945.1_ASM1994v1                      20.42%    passed    100.00%
  18  GCF_000020445.1_ASM2044v1                      23.57%    passed     99.51%
  19  GCF_000021005.1_ASM2100v1                      19.67%    passed     99.92%
  20  GCF_000021745.1_ASM2174v1                      21.62%    passed     97.79%
  21  GCF_000021845.1_ASM2184v1                      20.42%    passed    100.00%
  22  GCF_000021865.1_ASM2186v1                      18.77%    passed     97.52%
  23  GCF_000022685.1_ASM2268v1                      20.12%    passed    100.00%
  24  GCF_000025485.1_ASM2548v1                      19.67%    passed    100.00%
  25  GCF_000026145.1_ASM2614v1                      20.12%    passed    100.00%
  26  GCF_000083545.1_ASM8354v1                      20.12%    passed    100.00%
  27  GCF_000144605.1_ASM14460v1                     20.57%    passed    100.00%
  28  GCF_000154785.2_ASM15478v2                     19.07%    passed     99.65%
  29  GCF_000166055.1_ASM16605v1                     19.97%    passed     99.91%
  30  GCF_000195775.2_ASM19577v2                     23.57%    passed     99.51%
  31  GCF_000202835.1_ASM20283v1                     20.57%    passed     98.09%
  32  GCF_000224005.2_ASM22400v3                     19.07%    passed     99.43%
  33  GCF_000225955.1_ASM22595v1                     23.12%    passed     99.99%
  34  GCF_000227745.2_ASM22774v3                     19.07%    passed     99.98%
  35  GCF_000284255.1_ASM28425v1                     20.27%    passed     99.36%
  36  GCF_000284275.1_ASM28427v1                     21.77%    passed    100.00%
  37  GCF_000284415.1_ASM28441v2                     22.22%    passed    100.00%
  38  GCF_000327045.1_ASM32704v1                     20.87%    passed     99.18%
  39  GCF_000344805.1_ASM34480v1                     20.27%    passed    100.00%
  40  GCF_000364445.2_ASM36444v2                     21.47%    passed     98.47%
  41  GCF_000512205.2_ASM51220v2                     20.57%    passed     97.12%
  42  GCF_000590925.1_ASM59092v1                     19.37%    passed    100.00%
  43  GCF_000738435.1_ASM73843v1                     18.62%    passed    100.00%
  44  GCF_000757795.1_ASM75779v1                     21.77%    passed     99.79%
  45  GCF_000935025.1_ASM93502v1                     21.32%    passed     99.77%
  46  GCF_000973625.1_ASM97362v1                     18.47%    passed     57.08%
  47  GCF_001304795.1_ASM130479v1                    21.47%    passed     82.10%
  48  GCF_001402875.1_ASM140287v1                    21.62%    passed    100.00%
  49  GCF_001412535.1_ASM141253v1                    18.77%    passed     99.67%
  50  GCF_001412575.1_ASM141257v1                    19.52%    passed    100.00%
  51  GCF_001459775.1_Blastochloris_viridis_genome   21.62%    passed    100.00%
  52  GCF_001483865.1_ASM148386v1                    22.37%    passed     99.50%
  53  GCF_001542815.1_ASM154281v1                    20.12%    passed    100.00%
  54  GCF_001548015.1_ASM154801v1                    21.92%    passed     99.62%
  55  GCF_001548075.1_ASM154807v1                    18.32%    passed     99.88%
  56  GCF_001576595.1_ASM157659v1                    19.67%    passed     99.92%
  57  GCF_001632845.1_ASM163284v1                    19.37%    passed     91.09%
  58  GCF_001633145.1_ASM163314v1                    18.47%    passed     99.88%
  59  GCF_001633165.1_ASM163316v1                    18.47%    passed     99.88%
  60  GCF_001663155.1_ASM166315v1                    19.67%    passed     99.99%
  61  GCF_001663175.1_ASM166317v1                    19.22%    passed    100.00%
  62  GCF_001685625.1_ASM168562v1                    19.67%    passed     99.92%
  63  GCF_001713355.1_ASM171335v1                    20.27%    passed    100.00%
  64  GCF_001713375.1_ASM171337v1                    20.12%    passed    100.00%
  65  GCF_001713435.1_ASM171343v1                    19.82%    passed     99.84%
  66  GCF_001713455.1_ASM171345v1                    20.87%    passed    100.00%
  67  GCF_001713475.1_ASM171347v1                    20.57%    passed     99.95%
  68  GCF_001719165.1_ASM171916v1                    18.92%    passed     99.96%
  69  GCF_001720465.1_ASM172046v1                    19.07%    passed     99.34%
  70  GCF_001854385.1_ASM185438v1                    21.62%    passed     98.89%
  71  GCF_001870665.2_ASM187066v2                    19.37%    passed     98.06%
  72  GCF_001886735.1_ASM188673v1                    19.52%    passed    100.00%
  73  GCF_001936175.1_ASM193617v1                    21.77%    passed     99.79%
  74  GCF_001955735.1_ASM195573v1                    18.47%    passed     99.97%
  75  GCF_001969365.1_ASM196936v1                    19.82%    passed     99.17%
  76  GCF_001971665.1_ASM197166v1                    20.12%    passed    100.00%
  77  GCF_002002865.1_ASM200286v1                    20.27%    passed     99.93%
  78  GCF_002073975.1_ASM207397v1                    18.32%    passed     99.72%
  79  GCF_002079305.1_ASM207930v1                    18.92%    passed    100.00%
  80  GCF_002080415.1_ASM208041v1                    19.82%    passed    100.00%
  81  GCF_002117815.2_ASM211781v2                    20.27%    passed    100.00%
  82  GCF_002158905.1_ASM215890v1                    20.72%    passed    100.00%
  83  GCF_002266435.2_ASM226643v2                    21.77%    passed     99.99%
  84  GCF_002355515.1_ASM235551v1                    20.57%    passed    100.00%
  85  GCF_002407205.1_ASM240720v1                    19.52%    passed     99.77%
  86  GCF_002706325.1_ASM270632v1                    19.67%    passed     99.92%
  87  GCF_002813775.1_ASM281377v1                    20.12%    passed     99.97%
  88  GCF_002868735.1_ASM286873v1                    20.72%    passed    100.00%
  89  GCF_002952215.1_ASM295221v1                    18.77%    passed     99.99%
  90  GCF_002983865.1_ASM298386v1                    19.22%    passed     99.98%
  91  GCF_003031245.1_ASM303124v1                    23.12%    passed     99.99%
  92  GCF_003031265.1_ASM303126v1                    23.12%    passed     99.99%
  93  GCF_003065365.1_ASM306536v1                    19.07%    passed     97.87%
  94  GCF_003071405.1_ASM307140v1                    19.52%    passed     99.99%
  95  GCF_003173715.1_ASM317371v1                    19.07%    passed    100.00%
  96  GCF_003173735.1_ASM317373v1                    21.92%    passed     95.36%
  97  GCF_003173755.1_ASM317375v1                    21.92%    passed     99.38%
  98  GCF_003173775.1_ASM317377v1                    22.07%    passed     99.19%
  99  GCF_003254375.1_ASM325437v1                    21.77%    passed     99.79%
 100  GCF_003264115.1_ASM326411v1                    18.47%    passed     99.62%
 101  GCF_003288315.1_ASM328831v1                    19.82%    passed    100.00%
 102  GCF_003324715.1_ASM332471v1                    19.67%    passed     99.92%
 103  GCF_003352165.1_ASM335216v1                    20.12%    passed    100.00%
 104  GCF_003429265.1_ASM342926v1                    19.37%    passed     99.61%
 105  GCF_003431825.1_ASM343182v1                    19.82%    passed     99.84%
 106  GCF_003855495.1_ASM385549v1                    20.72%    passed    100.00%
 107  GCF_003940805.1_ASM394080v1                    20.87%    passed     99.96%
 108  GCF_003952725.1_ASM395272v1                    19.82%    passed     99.44%
 109  GCF_003966715.1_ASM396671v1                    27.78%    passed     99.97%
 110  GCF_004114955.1_ASM411495v1                    19.97%    passed    100.00%
 111  GCF_004136295.1_ASM413629v1                    21.02%    passed    100.00%
 112  GCF_004216475.1_ASM421647v1                    18.77%    passed    100.00%
 113  GCF_004331955.1_ASM433195v1                    19.07%    passed     99.94%
 114  GCF_004354345.1_ASM435434v1                    20.72%    passed     36.81%
 115  GCF_005311585.1_ASM531158v1                    19.67%    passed     99.91%
 116  GCF_005860795.2_ASM586079v2                    19.07%    passed    100.00%
 117  GCF_006542605.1_ASM654260v1                    19.37%    passed    100.00%
 118  GCF_006740745.1_ASM674074v1                    20.27%    passed    100.00%
 119  GCF_007005445.1_ASM700544v1                    23.57%    passed     99.44%
 120  GCF_007290395.1_ASM729039v1                    21.77%    passed    100.00%
 121  GCF_007954425.1_ASM795442v1                    21.17%    passed     92.83%
 122  GCF_008000895.1_ASM800089v1                    21.17%    passed     99.87%
 123  GCF_008000915.1_ASM800091v1                    21.17%    passed     98.90%
 124  GCF_008728195.1_ASM872819v1                    20.12%    passed    100.00%
 125  GCF_008843145.1_ASM884314v1                    18.47%    passed     96.67%
 126  GCF_008932115.1_ASM893211v1                    21.92%    passed    100.00%
 127  GCF_009363255.1_ASM936325v1                    18.47%    passed     99.97%
 128  GCF_009363495.1_ASM936349v1                    18.47%    passed     99.97%
 129  GCF_009363575.1_ASM936357v1                    19.67%    passed     99.90%
 130  GCF_009363615.1_ASM936361v1                    19.07%    passed    100.00%
 131  GCF_009363635.1_ASM936363v1                    18.32%    passed     97.89%
 132  GCF_009363655.1_ASM936365v1                    18.62%    passed     99.79%
 133  GCF_009363715.1_ASM936371v1                    18.62%    passed     99.86%
 134  GCF_009363735.1_ASM936373v1                    18.77%    passed     99.87%
 135  GCF_009363795.1_ASM936379v1                    21.62%    passed     99.63%
 136  GCF_009650195.1_ASM965019v1                    20.57%    passed     99.47%
 137  GCF_009664085.1_ASM966408v1                    19.52%    passed    100.00%
 138  GCF_009685175.1_ASM968517v1                    20.57%    passed    100.00%
 139  GCF_009707465.1_ASM970746v1                    21.32%    passed     97.96%
 140  GCF_009762325.1_ASM976232v1                    18.77%    passed    100.00%
 141  GCF_009797665.1_ASM979766v1                    19.67%    passed     99.92%
 142  GCF_009859815.1_ASM985981v1                    20.12%    passed    100.00%
 143  GCF_009913435.1_ASM991343v1                    20.57%    passed    100.00%
 144  GCF_010104355.1_ASM1010435v1                   20.12%    passed    100.00%
 145  GCF_011040475.1_ASM1104047v1                   19.67%    passed    100.00%
 146  GCF_011044255.1_ASM1104425v1                   21.02%    passed    100.00%
 147  GCF_011047315.1_ASM1104731v1                   19.97%    passed     99.95%
 148  GCF_011290485.1_ASM1129048v1                   19.07%    passed    100.00%
 149  GCF_011388215.1_ASM1138821v1                   21.32%    passed     98.70%
 150  GCF_012647365.1_ASM1264736v1                   19.67%    passed     99.92%
 151  GCF_012932215.1_ASM1293221v1                   20.27%    passed    100.00%
 152  GCF_013170845.1_ASM1317084v1                   20.72%    passed     99.99%
 153  GCF_013307245.1_ASM1330724v1                   18.92%    passed     77.35%
 154  GCF_013374095.1_ASM1337409v1                   21.17%    passed    100.00%
 155  GCF_013378075.1_ASM1337807v1                   20.27%    passed     97.80%
 156  GCF_013415845.1_ASM1341584v1                   23.57%    passed     99.51%
 157  GCF_014117445.1_ASM1411744v1                   22.82%    passed     98.39%
 158  GCF_014495845.1_ASM1449584v1                   21.17%    passed     99.95%
 159  GCF_014622665.1_ASM1462266v1                   18.92%    passed     98.43%
 160  GCF_014681765.1_ASM1468176v1                   18.02%    passed     95.57%
 161  GCF_015679265.1_ASM1567926v1                   19.37%    passed     99.93%
 162  GCF_016584445.1_ASM1658444v1                   23.57%    passed     99.51%
 163  GCF_016653635.2_ASM1665363v2                   18.47%    passed     97.97%
 164  GCF_016765655.2_ASM1676565v2                   18.47%    passed     98.89%
 165  GCF_016806065.1_ASM1680606v1                   20.87%    passed     99.93%
 166  GCF_016806835.2_ASM1680683v2                   18.77%    passed     99.57%
 167  GCF_016839165.1_ASM1683916v1                   21.92%    passed    100.00%
 168  GCF_017347565.1_ASM1734756v1                   22.07%    passed     96.66%
 169  GCF_017498565.1_ASM1749856v1                   19.52%    passed     99.97%
 170  GCF_017795885.1_ASM1779588v1                   20.72%    passed     99.99%
 171  GCF_018200035.1_ASM1820003v1                   19.67%    passed    100.00%
 172  GCF_018205975.1_ASM1820597v1                   18.62%    passed     90.45%
 173  GCF_018399035.1_ASM1839903v1                   19.52%    passed     97.76%
 174  GCF_018409545.1_ASM1840954v1                   18.92%    passed    100.00%
 175  GCF_018687415.1_ASM1868741v1                   18.77%    passed     95.70%
 176  GCF_018687475.1_ASM1868747v1                   19.37%    passed     99.79%
 177  GCF_018687675.1_ASM1868767v1                   18.47%    passed     79.27%
 178  GCF_018688155.1_ASM1868815v1                   18.62%    passed     99.24%
 179  GCF_018688255.1_ASM1868825v1                   18.32%    passed     67.00%
 180  GCF_018982885.2_ASM1898288v2                   18.62%    passed     98.67%
 181  GCF_019134555.1_ASM1913455v1                   23.12%    passed     99.99%
 182  GCF_019203965.1_ASM1920396v1                   20.87%    passed     99.87%
 183  GCF_019431245.1_ASM1943124v1                   18.77%    passed     99.27%
 184  GCF_019443285.1_ASM1944328v1                   21.92%    passed     80.20%
 185  GCF_019623905.1_ASM1962390v1                   21.02%    passed     99.98%
 186  GCF_019904235.1_ASM1990423v1                   18.02%    passed     99.71%
 187  GCF_019973775.1_ASM1997377v1                   21.17%    passed     99.96%
 188  GCF_020866845.1_ASM2086684v1                   21.47%    passed     99.65%
 189  GCF_021088345.1_ASM2108834v1                   20.12%    passed    100.00%
 190  GCF_021117295.1_ASM2111729v1                   20.42%    passed    100.00%
 191  GCF_021228015.1_ASM2122801v1                   21.77%    passed     99.56%
 192  GCF_021228795.1_ASM2122879v1                   19.82%    passed     96.39%
 193  GCF_021391315.1_ASM2139131v1                   19.37%    passed     99.61%
 194  GCF_021391535.1_ASM2139153v1                   20.42%    passed     86.70%
 195  GCF_021398735.1_ASM2139873v1                   21.47%    passed     99.83%
 196  GCF_021431965.1_ASM2143196v1                   20.42%    passed     98.54%
 197  GCF_021484845.1_ASM2148484v1                   21.62%    passed     98.89%
 198  GCF_022227035.1_ASM2222703v1                   19.37%    passed     99.61%
 199  GCF_022370455.1_ASM2237045v1                   20.42%    passed    100.00%
 200  GCF_022410435.1_ASM2241043v1                   20.12%    passed     99.99%
 201  GCF_022533465.1_ASM2253346v1                   20.87%    passed     99.94%
 202  GCF_022558965.1_ASM2255896v1                   20.72%    passed     98.13%
 203  GCF_022846615.1_ASM2284661v1                   21.32%    passed     99.92%
 204  GCF_023243115.1_ASM2324311v1                   20.12%    passed     99.99%
 205  GCF_023380025.1_ASM2338002v1                   21.02%    passed     99.96%
 206  GCF_023546765.1_ASM2354676v1                   21.32%    passed     99.47%
 207  GCF_023558335.1_ASM2355833v1                   18.47%    passed     85.07%
 208  GCF_023558355.1_ASM2355835v1                   18.47%    passed     85.07%
 209  GCF_023573145.1_ASM2357314v1                   20.87%    passed     95.53%
 210  GCF_023823125.1_ASM2382312v1                   18.47%    passed     99.05%
 211  GCF_024496245.1_ASM2449624v1                   19.97%    passed     96.18%
 212  GCF_024758705.1_ASM2475870v1                   21.92%    passed     98.79%
 213  GCF_024758725.1_ASM2475872v1                   20.72%    passed     99.78%
 214  GCF_025141175.1_ASM2514117v1                   19.52%    passed     99.99%
 215  GCF_025141935.1_ASM2514193v1                   19.22%    passed    100.00%
 216  GCF_025398155.2_ASM2539815v2                   21.77%    passed    100.00%
 217  GCF_025811215.1_ASM2581121v1                   23.42%    passed     99.95%
 218  GCF_025811355.1_ASM2581135v1                   23.42%    passed     99.95%
 219  GCF_025811435.1_ASM2581143v1                   23.42%    passed     99.95%
 220  GCF_025813715.1_ASM2581371v1                   19.97%    passed     99.96%
 221  GCF_025917005.1_ASM2591700v1                   19.37%    passed    100.00%
 222  GCF_026122595.1_ASM2612259v1                   20.27%    passed    100.00%
 223  GCF_026122615.1_ASM2612261v1                   20.27%    passed    100.00%
 224  GCF_026167525.1_ASM2616752v1                   20.72%    passed     99.91%
 225  GCF_026167545.1_ASM2616754v1                   20.12%    passed     97.06%
 226  GCF_026625025.1_ASM2662502v1                   23.57%    passed     99.51%
 227  GCF_026898155.1_ASM2689815v1                   42.64%    passed     93.70%
 228  GCF_027271155.1_ASM2727115v1                   20.57%    passed     99.77%
 229  GCF_027886585.1_ASM2788658v1                   20.57%    passed    100.00%
 230  GCF_027912195.1_ASM2791219v1                   23.57%    passed     99.51%
 231  GCF_027943985.1_ASM2794398v1                   18.62%    passed     89.28%
 232  GCF_027944005.1_ASM2794400v1                   18.62%    passed     89.28%
 233  GCF_028621955.1_ASM2862195v1                   19.22%    passed    100.00%
 234  GCF_028885395.1_ASM2888539v1                   19.37%    passed    100.00%
 235  GCF_029277405.1_ASM2927740v1                   18.92%    passed     98.43%
 236  GCF_029581395.1_ASM2958139v1                   18.62%    passed     99.85%
 237  GCF_029691625.1_ASM2969162v1                   21.77%    passed     99.79%
 238  GCF_029714205.1_ASM2971420v1                   22.07%    passed     79.21%
 239  GCF_029761955.1_ASM2976195v1                   21.92%    passed     98.06%
 240  GCF_030062705.1_ASM3006270v1                   20.27%    passed    100.00%
 241  GCF_030252425.1_ASM3025242v1                   20.72%    passed     98.71%
 242  GCF_030255395.1_ASM3025539v1                   20.27%    passed    100.00%
 243  GCF_030297555.1_ASM3029755v1                   19.37%    passed     99.92%
 244  GCF_030297575.1_ASM3029757v1                   19.37%    passed     99.79%
 245  GCF_030297595.1_ASM3029759v1                   19.37%    passed     99.79%
 246  GCF_030297615.1_ASM3029761v1                   19.37%    passed     99.79%
 247  GCF_030297635.1_ASM3029763v1                   19.22%    passed     99.11%
 248  GCF_030297655.1_ASM3029765v1                   19.37%    passed     99.79%
 249  GCF_030297675.1_ASM3029767v1                   19.37%    passed     99.79%
 250  GCF_900176205.1_BRAD285_PRJEB202261_v1         19.82%    passed    100.00%
 251  GCF_900234795.1_TK0001_PRJEB23178_v1           20.27%    passed    100.00%
 252  GCF_901457705.2_RHAL1_v2                       20.87%    passed    100.00%
 253  GCF_937425535.1_Rhodovastum_atsumiense_G2-11   22.07%    passed     98.70%
****  TOTAL                                          20.38%  0 sequences failed composition chi2 test (p-value<5%; df=19)
NOTE: GCF_000225955.1_ASM22595v1 is identical to GCF_000013085.1_ASM1308v1 but kept for subsequent analysis
NOTE: GCF_002983865.1_ASM298386v1 is identical to GCF_000014045.1_ASM1404v1 but kept for subsequent analysis
NOTE: GCF_023558335.1_ASM2355833v1 is identical to GCF_000018145.1_ASM1814v1 but kept for subsequent analysis
NOTE: GCF_030255395.1_ASM3025539v1 is identical to GCF_000018845.1_ASM1884v1 but kept for subsequent analysis
NOTE: GCF_029714205.1_ASM2971420v1 is identical to GCF_000019365.1_ASM1936v1 but kept for subsequent analysis
NOTE: GCF_001854385.1_ASM185438v1 is identical to GCF_000019725.1_ASM1972v1 but kept for subsequent analysis
NOTE: GCF_000195775.2_ASM19577v2 is identical to GCF_000020445.1_ASM2044v1 but kept for subsequent analysis
NOTE: GCF_001576595.1_ASM157659v1 is identical to GCF_000021005.1_ASM2100v1 but kept for subsequent analysis
NOTE: GCF_000083545.1_ASM8354v1 is identical to GCF_000022685.1_ASM2268v1 but kept for subsequent analysis
NOTE: GCF_001936175.1_ASM193617v1 is identical to GCF_000757795.1_ASM75779v1 but kept for subsequent analysis
NOTE: GCF_001459775.1_Blastochloris_viridis_genome is identical to GCF_001402875.1_ASM140287v1 but kept for subsequent analysis
NOTE: GCF_001633165.1_ASM163316v1 is identical to GCF_001633145.1_ASM163314v1 but kept for subsequent analysis
NOTE: GCF_003431825.1_ASM343182v1 is identical to GCF_001713435.1_ASM171343v1 but kept for subsequent analysis
NOTE: GCF_003288315.1_ASM328831v1 is identical to GCF_002080415.1_ASM208041v1 but kept for subsequent analysis
NOTE: GCF_003031265.1_ASM303126v1 is identical to GCF_003031245.1_ASM303124v1 but kept for subsequent analysis
NOTE: GCF_021391315.1_ASM2139131v1 is identical to GCF_003429265.1_ASM342926v1 but kept for subsequent analysis
NOTE: GCF_009363495.1_ASM936349v1 is identical to GCF_009363255.1_ASM936325v1 but kept for subsequent analysis
NOTE: GCF_010104355.1_ASM1010435v1 is identical to GCF_009859815.1_ASM985981v1 but kept for subsequent analysis
NOTE: GCF_029277405.1_ASM2927740v1 is identical to GCF_014622665.1_ASM1462266v1 but kept for subsequent analysis
NOTE: GCF_030297575.1_ASM3029757v1 is identical to GCF_018687475.1_ASM1868747v1 but kept for subsequent analysis
NOTE: GCF_025811355.1_ASM2581135v1 is identical to GCF_025811215.1_ASM2581121v1 but kept for subsequent analysis
NOTE: GCF_026122615.1_ASM2612261v1 is identical to GCF_026122595.1_ASM2612259v1 but kept for subsequent analysis
NOTE: GCF_027944005.1_ASM2794400v1 is identical to GCF_027943985.1_ASM2794398v1 but kept for subsequent analysis
NOTE: 20 identical sequences (see below) will be ignored for subsequent analysis
NOTE: GCF_019134555.1_ASM1913455v1 (identical to GCF_000013085.1_ASM1308v1) is ignored but added at the end
NOTE: GCF_023558355.1_ASM2355835v1 (identical to GCF_000018145.1_ASM1814v1) is ignored but added at the end
NOTE: GCF_021484845.1_ASM2148484v1 (identical to GCF_000019725.1_ASM1972v1) is ignored but added at the end
NOTE: GCF_013415845.1_ASM1341584v1 (identical to GCF_000020445.1_ASM2044v1) is ignored but added at the end
NOTE: GCF_016584445.1_ASM1658444v1 (identical to GCF_000020445.1_ASM2044v1) is ignored but added at the end
NOTE: GCF_026625025.1_ASM2662502v1 (identical to GCF_000020445.1_ASM2044v1) is ignored but added at the end
NOTE: GCF_027912195.1_ASM2791219v1 (identical to GCF_000020445.1_ASM2044v1) is ignored but added at the end
NOTE: GCF_001685625.1_ASM168562v1 (identical to GCF_000021005.1_ASM2100v1) is ignored but added at the end
NOTE: GCF_002706325.1_ASM270632v1 (identical to GCF_000021005.1_ASM2100v1) is ignored but added at the end
NOTE: GCF_003324715.1_ASM332471v1 (identical to GCF_000021005.1_ASM2100v1) is ignored but added at the end
NOTE: GCF_009797665.1_ASM979766v1 (identical to GCF_000021005.1_ASM2100v1) is ignored but added at the end
NOTE: GCF_012647365.1_ASM1264736v1 (identical to GCF_000021005.1_ASM2100v1) is ignored but added at the end
NOTE: GCF_003254375.1_ASM325437v1 (identical to GCF_000757795.1_ASM75779v1) is ignored but added at the end
NOTE: GCF_029691625.1_ASM2969162v1 (identical to GCF_000757795.1_ASM75779v1) is ignored but added at the end
NOTE: GCF_022227035.1_ASM2222703v1 (identical to GCF_003429265.1_ASM342926v1) is ignored but added at the end
NOTE: GCF_030297595.1_ASM3029759v1 (identical to GCF_018687475.1_ASM1868747v1) is ignored but added at the end
NOTE: GCF_030297615.1_ASM3029761v1 (identical to GCF_018687475.1_ASM1868747v1) is ignored but added at the end
NOTE: GCF_030297655.1_ASM3029765v1 (identical to GCF_018687475.1_ASM1868747v1) is ignored but added at the end
NOTE: GCF_030297675.1_ASM3029767v1 (identical to GCF_018687475.1_ASM1868747v1) is ignored but added at the end
NOTE: GCF_025811435.1_ASM2581143v1 (identical to GCF_025811215.1_ASM2581121v1) is ignored but added at the end
Alignment was printed to results/tree/PGC_puhA/PGC_puhA.uniqueseq.phy

For your convenience alignment with unique sequences printed to results/tree/PGC_puhA/PGC_puhA.uniqueseq.phy


Create initial parsimony tree by phylogenetic likelihood library (PLL)... 0.179 seconds
Perform fast likelihood tree search using LG+I+G model...
Estimate model parameters (epsilon = 5.000)
Perform nearest neighbor interchange...
Estimate model parameters (epsilon = 1.000)
1. Initial log-likelihood: -70473.842
Optimal log-likelihood: -70473.568
Proportion of invariable sites: 0.077
Gamma shape alpha: 1.036
Parameters optimization took 1 rounds (2.357 sec)
Time for fast ML tree search: 23.836 seconds

NOTE: ModelFinder requires 228 MB RAM!
ModelFinder will test up to 702 protein models (sample size: 666) ...
 No. Model         -LnL         df  AIC          AICc         BIC
  1  LG            74957.570    463 150841.140   152968.190   152925.237
  2  LG+I          73881.851    464 148691.703   150838.568   150780.301
  3  LG+G4         70521.860    464 141971.720   144118.585   144060.318
  4  LG+I+G4       70473.558    465 141877.115   144044.015   143970.215
  5  LG+R2         71231.497    465 143392.994   145559.894   145486.093
  6  LG+R3         70605.729    467 142145.459   144353.095   144247.561
  7  LG+R4         70420.994    469 141779.988   144029.274   143891.093
  8  LG+R5         70337.569    471 141617.137   143909.013   143737.245
  9  LG+R6         70318.180    473 141582.361   143917.798   143711.471
 10  LG+R7         70318.141    475 141586.283   143966.283   143724.395
 22  LG+F+R6       56964.359    492 114912.717   117716.833   117127.352
 35  WAG+R6        69932.496    473 140810.992   143146.429   142940.102
 48  WAG+F+R6      56786.066    492 114556.132   117360.247   116770.766
 61  JTT+R6        71247.967    473 143441.933   145777.371   145571.043
 74  JTT+F+R6      59224.030    492 119432.060   122236.176   121646.695
 87  Q.pfam+R6     70191.827    473 141329.653   143665.091   143458.764
100  Q.pfam+F+R6   57187.019    492 115358.038   118162.153   117572.672
113  Q.bird+R6     74767.811    473 150481.623   152817.060   152610.733
126  Q.bird+F+R6   63396.769    492 127777.539   130581.655   129992.173
139  Q.mammal+R6   73492.360    473 147930.720   150266.157   150059.830
152  Q.mammal+F+R6 61703.686    492 124391.372   127195.488   126606.007
165  Q.insect+R6   71660.724    473 144267.448   146602.886   146396.558
178  Q.insect+F+R6 57476.686    492 115937.373   118741.488   118152.007
191  Q.plant+R6    74681.722    473 150309.444   152644.881   152438.554
204  Q.plant+F+R6  60959.622    492 122903.243   125707.359   125117.878
217  Q.yeast+R6    72752.194    473 146450.388   148785.825   148579.498
230  Q.yeast+F+R6  57713.026    492 116410.052   119214.167   118624.686
243  JTTDCMut+R6   71102.981    473 143151.961   145487.399   145281.071
256  JTTDCMut+F+R6 59114.654    492 119213.307   122017.423   121427.942
269  DCMut+R6      75040.754    473 151027.508   153362.945   153156.618
282  DCMut+F+R6    62631.477    492 126246.953   129051.069   128461.588
295  VT+R6         70207.770    473 141361.540   143696.977   143490.650
308  VT+F+R6       56503.656    492 113991.312   116795.428   116205.947
321  PMB+R6        68852.608    473 138651.217   140986.654   140780.327
334  PMB+F+R6      56108.442    492 113200.883   116004.999   115415.518
347  Blosum62+R6   68853.991    473 138653.981   140989.419   140783.091
360  Blosum62+F+R6 55755.912    492 112495.824   115299.939   114710.458
373  Dayhoff+R6    75040.289    473 151026.578   153362.016   153155.689
386  Dayhoff+F+R6  62639.374    492 126262.748   129066.863   128477.382
399  mtREV+R6      74438.307    473 149822.613   152158.051   151951.723
412  mtREV+F+R6    60484.043    492 121952.086   124756.202   124166.720
425  mtART+R6      74941.860    473 150829.719   153165.157   152958.829
438  mtART+F+R6    59021.434    492 119026.868   121830.984   121241.503
451  mtZOA+R6      70968.992    473 142883.983   145219.421   145013.093
464  mtZOA+F+R6    58054.255    492 117092.510   119896.626   119307.145
477  mtMet+R6      73878.196    473 148702.392   151037.830   150831.502
490  mtMet+F+R6    59912.828    492 120809.657   123613.772   123024.291
503  mtVer+R6      74928.091    473 150802.182   153137.620   152931.292
516  mtVer+F+R6    62328.692    492 125641.383   128445.499   127856.018
529  mtInv+R6      73324.857    473 147595.713   149931.151   149724.823
542  mtInv+F+R6    57737.518    492 116459.036   119263.152   118673.671
555  mtMAM+R6      81389.949    473 163725.897   166061.335   165855.007
568  mtMAM+F+R6    67729.595    492 136443.189   139247.305   138657.824
581  HIVb+R6       77658.632    473 156263.264   158598.702   158392.374
594  HIVb+F+R6     64354.644    492 129693.288   132497.404   131907.923
607  HIVw+R6       86675.035    473 174296.070   176631.507   176425.180
620  HIVw+F+R6     69408.706    492 139801.412   142605.528   142016.047
633  FLU+R6        80304.460    473 161554.920   163890.357   163684.030
646  FLU+F+R6      64340.213    492 129664.427   132468.542   131879.061
659  rtREV+R6      69989.371    473 140924.742   143260.180   143053.852
672  rtREV+F+R6    57482.992    492 115949.984   118754.099   118164.618
685  cpREV+R6      71493.742    473 143933.484   146268.922   146062.594
698  cpREV+F+R6    58057.448    492 117098.897   119903.013   119313.531
Akaike Information Criterion:           Blosum62+F+R6
Corrected Akaike Information Criterion: Blosum62+F+R6
Bayesian Information Criterion:         Blosum62+F+R6
Best-fit model: Blosum62+F+R6 chosen according to BIC

All model information printed to results/tree/PGC_puhA/PGC_puhA.model.gz
CPU time for ModelFinder: 11517.385 seconds (3h:11m:57s)
Wall-clock time for ModelFinder: 11529.123 seconds (3h:12m:9s)
WARNING: States(s) N, D, Q, E, I, L, K, F, P, V rarely appear in alignment and may cause numerical problems

NOTE: 137 MB RAM (0 GB) is required!
Estimate model parameters (epsilon = 0.100)
1. Initial log-likelihood: -55755.912
Optimal log-likelihood: -55755.825
Site proportion and rates:  (0.199,0.038) (0.171,0.268) (0.210,0.767) (0.240,1.463) (0.135,2.129) (0.045,3.291)
Parameters optimization took 1 rounds (12.553 sec)
Computing ML distances based on estimated model parameters...
Computing ML distances took 10.213480 sec (of wall-clock time) 10.212952 sec(of CPU time)
Computing RapidNJ tree took 0.012120 sec (of wall-clock time) 0.016997 sec (of CPU time)
Log-likelihood of RapidNJ tree: -55853.532
--------------------------------------------------------------------
|             INITIALIZING CANDIDATE TREE SET                      |
--------------------------------------------------------------------
Generating 98 parsimony trees... 21.383 second
Computing log-likelihood of 98 initial trees ... 97.205 seconds
Current best score: -55755.825

Do NNI search on 20 best initial trees
Estimate model parameters (epsilon = 0.100)
BETTER TREE FOUND at iteration 1: -55681.746
Estimate model parameters (epsilon = 0.100)
BETTER TREE FOUND at iteration 2: -55524.659
Estimate model parameters (epsilon = 0.100)
BETTER TREE FOUND at iteration 3: -55507.101
Iteration 10 / LogL: -55586.173 / Time: 0h:9m:45s
Iteration 20 / LogL: -55590.174 / Time: 0h:14m:11s
Finish initializing candidate tree set (20)
Current best tree score: -55507.101 / CPU time: 822.793
Number of iterations: 20
--------------------------------------------------------------------
|               OPTIMIZING CANDIDATE TREE SET                      |
--------------------------------------------------------------------
Iteration 30 / LogL: -55525.843 / Time: 0h:18m:45s (0h:47m:14s left)
Estimate model parameters (epsilon = 0.100)
BETTER TREE FOUND at iteration 32: -55501.380
Estimate model parameters (epsilon = 0.100)
BETTER TREE FOUND at iteration 37: -55496.553
Iteration 40 / LogL: -55558.633 / Time: 0h:24m:12s (1h:0m:13s left)
Estimate model parameters (epsilon = 0.100)
BETTER TREE FOUND at iteration 45: -55489.006
Iteration 50 / LogL: -55492.645 / Time: 0h:29m:12s (0h:56m:38s left)
Estimate model parameters (epsilon = 0.100)
BETTER TREE FOUND at iteration 52: -55487.447
Estimate model parameters (epsilon = 0.100)
BETTER TREE FOUND at iteration 55: -55484.404
Iteration 60 / LogL: -55496.703 / Time: 0h:35m:1s (0h:56m:22s left)
Estimate model parameters (epsilon = 0.100)
BETTER TREE FOUND at iteration 65: -55482.761
Iteration 70 / LogL: -55523.403 / Time: 0h:39m:53s (0h:54m:55s left)
Estimate model parameters (epsilon = 0.100)
BETTER TREE FOUND at iteration 74: -55478.446
Iteration 80 / LogL: -55517.264 / Time: 0h:44m:56s (0h:53m:28s left)
Iteration 90 / LogL: -55491.182 / Time: 0h:49m:44s (0h:46m:56s left)
Iteration 100 / LogL: -55499.711 / Time: 0h:54m:32s (0h:40m:46s left)
Iteration 110 / LogL: -55561.620 / Time: 0h:59m:20s (0h:34m:50s left)
Iteration 120 / LogL: -55518.022 / Time: 1h:3m:45s (0h:28m:55s left)
Estimate model parameters (epsilon = 0.100)
BETTER TREE FOUND at iteration 127: -55476.878
Iteration 130 / LogL: -55519.618 / Time: 1h:8m:56s (0h:51m:50s left)
Iteration 140 / LogL: -55516.382 / Time: 1h:13m:35s (0h:46m:3s left)
Estimate model parameters (epsilon = 0.100)
BETTER TREE FOUND at iteration 148: -55465.846
Iteration 150 / LogL: -55516.793 / Time: 1h:18m:31s (0h:51m:39s left)
Iteration 160 / LogL: -55512.463 / Time: 1h:23m:16s (0h:46m:5s left)
Iteration 170 / LogL: -55478.062 / Time: 1h:27m:53s (0h:40m:33s left)
Iteration 180 / LogL: -55469.900 / Time: 1h:32m:33s (0h:35m:9s left)
Iteration 190 / LogL: -55470.072 / Time: 1h:36m:55s (0h:29m:44s left)
Estimate model parameters (epsilon = 0.100)
BETTER TREE FOUND at iteration 192: -55461.676
Iteration 200 / LogL: -55462.218 / Time: 1h:42m:1s (0h:47m:9s left)
Iteration 210 / LogL: -55543.076 / Time: 1h:46m:36s (0h:41m:49s left)
Estimate model parameters (epsilon = 0.100)
BETTER TREE FOUND at iteration 214: -55460.924
Iteration 220 / LogL: -55508.728 / Time: 1h:51m:24s (0h:47m:49s left)
Iteration 230 / LogL: -55477.885 / Time: 1h:55m:56s (0h:42m:31s left)
Iteration 240 / LogL: -55599.280 / Time: 2h:0m:27s (0h:37m:17s left)
Iteration 250 / LogL: -55491.752 / Time: 2h:5m:3s (0h:32m:8s left)
Iteration 260 / LogL: -55467.174 / Time: 2h:9m:34s (0h:27m:1s left)
Iteration 270 / LogL: -55592.749 / Time: 2h:14m:3s (0h:21m:55s left)
Iteration 280 / LogL: -55501.849 / Time: 2h:18m:33s (0h:16m:53s left)
Iteration 290 / LogL: -55474.308 / Time: 2h:22m:58s (0h:11m:52s left)
Iteration 300 / LogL: -55547.957 / Time: 2h:27m:40s (0h:6m:54s left)
Iteration 310 / LogL: -55461.426 / Time: 2h:32m:6s (0h:1m:58s left)
Estimate model parameters (epsilon = 0.100)
BETTER TREE FOUND at iteration 314: -55460.610
Iteration 320 / LogL: -55466.407 / Time: 2h:37m:6s (0h:46m:17s left)
Iteration 330 / LogL: -55463.764 / Time: 2h:41m:41s (0h:41m:17s left)
Estimate model parameters (epsilon = 0.100)
BETTER TREE FOUND at iteration 336: -55460.056
Estimate model parameters (epsilon = 0.100)
BETTER TREE FOUND at iteration 337: -55459.465
Iteration 340 / LogL: -55505.012 / Time: 2h:46m:35s (0h:47m:40s left)
Iteration 350 / LogL: -55465.088 / Time: 2h:51m:7s (0h:42m:39s left)
Estimate model parameters (epsilon = 0.100)
BETTER TREE FOUND at iteration 355: -55458.984
Iteration 360 / LogL: -55504.602 / Time: 2h:55m:56s (0h:46m:33s left)
Iteration 370 / LogL: -55472.939 / Time: 3h:0m:34s (0h:41m:35s left)
Estimate model parameters (epsilon = 0.100)
BETTER TREE FOUND at iteration 372: -55458.142
Iteration 380 / LogL: -55491.703 / Time: 3h:5m:15s (0h:44m:58s left)
Iteration 390 / LogL: -55467.724 / Time: 3h:9m:39s (0h:39m:58s left)
Iteration 400 / LogL: -55483.254 / Time: 3h:14m:6s (0h:35m:1s left)
Iteration 410 / LogL: -55466.522 / Time: 3h:18m:36s (0h:30m:6s left)
Iteration 420 / LogL: -55468.153 / Time: 3h:22m:48s (0h:25m:10s left)
Iteration 430 / LogL: -55499.644 / Time: 3h:27m:35s (0h:20m:19s left)
Iteration 440 / LogL: -55459.648 / Time: 3h:32m:7s (0h:15m:27s left)
Iteration 450 / LogL: -55466.357 / Time: 3h:36m:39s (0h:10m:36s left)
Iteration 460 / LogL: -55466.718 / Time: 3h:41m:4s (0h:5m:46s left)
Iteration 470 / LogL: -55460.638 / Time: 3h:45m:31s (0h:0m:57s left)
TREE SEARCH COMPLETED AFTER 473 ITERATIONS / Time: 3h:46m:55s

--------------------------------------------------------------------
|                    FINALIZING TREE SEARCH                        |
--------------------------------------------------------------------
Performs final model parameters optimization
Estimate model parameters (epsilon = 0.010)
1. Initial log-likelihood: -55458.142
2. Current log-likelihood: -55458.128
3. Current log-likelihood: -55458.115
4. Current log-likelihood: -55458.101
5. Current log-likelihood: -55458.088
6. Current log-likelihood: -55458.076
7. Current log-likelihood: -55458.063
8. Current log-likelihood: -55458.051
9. Current log-likelihood: -55458.039
10. Current log-likelihood: -55458.028
11. Current log-likelihood: -55458.014
12. Current log-likelihood: -55458.002
13. Current log-likelihood: -55457.991
14. Current log-likelihood: -55457.980
15. Current log-likelihood: -55457.970
Optimal log-likelihood: -55457.956
Site proportion and rates:  (0.181,0.030) (0.158,0.221) (0.151,0.594) (0.216,1.113) (0.237,1.881) (0.058,3.203)
Parameters optimization took 15 rounds (119.962 sec)
BEST SCORE FOUND : -55457.956
Total tree length: 27.522

Total number of iterations: 473
CPU time used for tree search: 13573.631 sec (3h:46m:13s)
Wall-clock time used for tree search: 13586.880 sec (3h:46m:26s)
Total CPU time used: 13722.180 sec (3h:48m:42s)
Total wall-clock time used: 13735.523 sec (3h:48m:55s)

Analysis results written to: 
  IQ-TREE report:                results/tree/PGC_puhA/PGC_puhA.iqtree
  Maximum-likelihood tree:       results/tree/PGC_puhA/PGC_puhA.treefile
  Likelihood distances:          results/tree/PGC_puhA/PGC_puhA.mldist
  Screen log file:               results/tree/PGC_puhA/PGC_puhA.log

Date and Time: Thu Jun 20 16:54:34 2024
