IQ-TREE multicore version 2.1.4-beta COVID-edition for Linux 64-bit built Jun 24 2021
Developed by Bui Quang Minh, James Barbetti, Nguyen Lam Tung,
Olga Chernomor, Heiko Schmidt, Dominik Schrempf, Michael Woodhams.

Host:    morrowind (AVX2, FMA3, 503 GB RAM)
Command: iqtree2 -s results/fasta_PGC/gene_trimmed/PGC_bchO_trim.phy -pre results/tree/PGC_bchO/PGC_bchO
Seed:    603423 (Using SPRNG - Scalable Parallel Random Number Generator)
Time:    Thu Jun 20 09:53:29 2024
Kernel:  AVX+FMA - 1 threads (128 CPU cores detected)

HINT: Use -nt option to specify number of threads because your CPU has 128 cores!
HINT: -nt AUTO will automatically determine the best number of threads to use.

Reading alignment file results/fasta_PGC/gene_trimmed/PGC_bchO_trim.phy ... Phylip format detected
Alignment most likely contains protein sequences
WARNING: 10 sites contain only gaps or ambiguous characters.
Alignment has 247 sequences with 744 columns, 727 distinct patterns
678 parsimony-informative, 26 singleton sites, 40 constant sites
                                              Gap/Ambiguity  Composition  p-value
   1  GCA_011765465.1_ASM1176546v1                   22.72%    passed    100.00%
   2  GCA_015693905.1_ASM1569390v1                   20.56%    passed     58.25%
   3  GCA_016745215.1_scaff03                        22.18%    passed     99.82%
   4  GCA_019285715.1_ASM1928571v1                   24.73%    passed     97.58%
   5  GCA_019739335.1_ASM1973933v1                   23.25%    passed     99.74%
   6  GCF_000013085.1_ASM1308v1                      22.58%    passed    100.00%
   7  GCF_000013365.1_ASM1336v1                      22.58%    passed    100.00%
   8  GCF_000013565.1_ASM1356v1                      21.10%    passed     77.82%
   9  GCF_000014045.1_ASM1404v1                      20.83%    passed     68.62%
  10  GCF_000015165.1_ASM1516v1                      22.31%    passed    100.00%
  11  GCF_000015585.1_ASM1558v1                      23.79%    passed     99.99%
  12  GCF_000016185.1_ASM1618v1                      23.52%    passed    100.00%
  13  GCF_000018145.1_ASM1814v1                      22.45%    passed     99.66%
  14  GCF_000018845.1_ASM1884v1                      25.81%    passed     99.84%
  15  GCF_000019365.1_ASM1936v1                      24.60%    passed     33.60%
  16  GCF_000019725.1_ASM1972v1                      24.46%    passed     21.34%
  17  GCF_000019945.1_ASM1994v1                      26.21%    passed     91.39%
  18  GCF_000020445.1_ASM2044v1                      22.04%    passed      9.30%
  19  GCF_000021005.1_ASM2100v1                      22.45%    passed    100.00%
  20  GCF_000021845.1_ASM2184v1                      25.81%    passed     99.73%
  21  GCF_000021865.1_ASM2186v1                      22.45%    passed     98.70%
  22  GCF_000022685.1_ASM2268v1                      25.81%    passed     99.95%
  23  GCF_000025485.1_ASM2548v1                      22.85%    passed     89.59%
  24  GCF_000026145.1_ASM2614v1                      22.72%    passed    100.00%
  25  GCF_000083545.1_ASM8354v1                      26.08%    passed     99.79%
  26  GCF_000144605.1_ASM14460v1                     23.52%    passed     98.87%
  27  GCF_000154785.2_ASM15478v2                     20.30%    passed     28.18%
  28  GCF_000166055.1_ASM16605v1                     20.83%    passed     94.13%
  29  GCF_000195775.2_ASM19577v2                     22.04%    passed      9.30%
  30  GCF_000202835.1_ASM20283v1                     25.27%    passed     69.71%
  31  GCF_000224005.2_ASM22400v3                     25.00%    passed     70.41%
  32  GCF_000225955.1_ASM22595v1                     22.58%    passed    100.00%
  33  GCF_000284255.1_ASM28425v1                     27.42%    passed     41.80%
  34  GCF_000284275.1_ASM28427v1                     22.31%    passed     99.99%
  35  GCF_000327045.1_ASM32704v1                     23.39%    passed     98.06%
  36  GCF_000344805.1_ASM34480v1                     22.72%    passed    100.00%
  37  GCF_000364445.2_ASM36444v2                     24.19%    passed     55.33%
  38  GCF_000512205.2_ASM51220v2                     22.58%    passed     99.52%
  39  GCF_000590925.1_ASM59092v1                     21.10%    passed     99.96%
  40  GCF_000738435.1_ASM73843v1                     20.16%    passed     37.32%
  41  GCF_000757795.1_ASM75779v1                     24.60%    passed      8.89%
  42  GCF_000935025.1_ASM93502v1                     23.39%    passed     98.10%
  43  GCF_000973625.1_ASM97362v1                     19.35%    failed      0.00%
  44  GCF_001304795.1_ASM130479v1                    22.58%    passed     99.89%
  45  GCF_001402875.1_ASM140287v1                    20.56%    passed     95.25%
  46  GCF_001412535.1_ASM141253v1                    23.66%    passed     94.72%
  47  GCF_001412575.1_ASM141257v1                    20.16%    failed      0.06%
  48  GCF_001459775.1_Blastochloris_viridis_genome   20.56%    passed     95.25%
  49  GCF_001483865.1_ASM148386v1                    27.96%    passed     86.60%
  50  GCF_001542815.1_ASM154281v1                    25.81%    passed     99.87%
  51  GCF_001548015.1_ASM154801v1                    24.33%    passed     73.30%
  52  GCF_001548075.1_ASM154807v1                    21.10%    passed    100.00%
  53  GCF_001576595.1_ASM157659v1                    22.45%    passed    100.00%
  54  GCF_001632845.1_ASM163284v1                    22.85%    passed     94.83%
  55  GCF_001633145.1_ASM163314v1                    21.10%    passed    100.00%
  56  GCF_001633165.1_ASM163316v1                    21.10%    passed    100.00%
  57  GCF_001663155.1_ASM166315v1                    21.51%    passed     99.97%
  58  GCF_001663175.1_ASM166317v1                    22.58%    passed     99.87%
  59  GCF_001685625.1_ASM168562v1                    22.45%    passed    100.00%
  60  GCF_001713355.1_ASM171335v1                    23.12%    passed    100.00%
  61  GCF_001713375.1_ASM171337v1                    24.19%    passed     50.80%
  62  GCF_001713435.1_ASM171343v1                    22.18%    passed    100.00%
  63  GCF_001713455.1_ASM171345v1                    23.79%    passed     99.74%
  64  GCF_001713475.1_ASM171347v1                    23.25%    passed     99.36%
  65  GCF_001719165.1_ASM171916v1                    22.04%    passed    100.00%
  66  GCF_001720465.1_ASM172046v1                    22.31%    passed     99.44%
  67  GCF_001854385.1_ASM185438v1                    24.46%    passed     24.60%
  68  GCF_001870665.2_ASM187066v2                    21.91%    passed     99.94%
  69  GCF_001886735.1_ASM188673v1                    46.10%    passed     99.98%
  70  GCF_001936175.1_ASM193617v1                    24.46%    passed     13.16%
  71  GCF_001955735.1_ASM195573v1                    22.04%    passed     87.32%
  72  GCF_001969365.1_ASM196936v1                    21.64%    passed     97.75%
  73  GCF_001971665.1_ASM197166v1                    23.92%    passed     68.03%
  74  GCF_002002865.1_ASM200286v1                    23.66%    passed     98.54%
  75  GCF_002073975.1_ASM207397v1                    21.77%    passed     99.72%
  76  GCF_002079305.1_ASM207930v1                    21.37%    passed     99.99%
  77  GCF_002080415.1_ASM208041v1                    23.12%    passed    100.00%
  78  GCF_002117815.2_ASM211781v2                    26.21%    passed     99.40%
  79  GCF_002158905.1_ASM215890v1                    21.10%    passed     70.94%
  80  GCF_002266435.2_ASM226643v2                    22.18%    passed     99.99%
  81  GCF_002355515.1_ASM235551v1                    25.54%    passed     96.85%
  82  GCF_002407205.1_ASM240720v1                    22.31%    passed    100.00%
  83  GCF_002706325.1_ASM270632v1                    22.45%    passed    100.00%
  84  GCF_002813775.1_ASM281377v1                    27.96%    passed     99.51%
  85  GCF_002868735.1_ASM286873v1                    23.66%    passed     96.96%
  86  GCF_002952215.1_ASM295221v1                    22.18%    passed     90.09%
  87  GCF_002983865.1_ASM298386v1                    20.83%    passed     68.62%
  88  GCF_003031245.1_ASM303124v1                    21.91%    passed     23.35%
  89  GCF_003031265.1_ASM303126v1                    21.91%    passed     23.35%
  90  GCF_003065365.1_ASM306536v1                    19.22%    failed      0.00%
  91  GCF_003071405.1_ASM307140v1                    23.12%    passed    100.00%
  92  GCF_003173715.1_ASM317371v1                    23.79%    passed     69.45%
  93  GCF_003173735.1_ASM317373v1                    24.73%    passed     13.90%
  94  GCF_003173775.1_ASM317377v1                    24.33%    passed     63.68%
  95  GCF_003254375.1_ASM325437v1                    24.60%    passed      8.89%
  96  GCF_003264115.1_ASM326411v1                    21.77%    passed     99.99%
  97  GCF_003288315.1_ASM328831v1                    22.98%    passed    100.00%
  98  GCF_003324715.1_ASM332471v1                    22.45%    passed    100.00%
  99  GCF_003352165.1_ASM335216v1                    22.04%    passed     92.66%
 100  GCF_003429265.1_ASM342926v1                    21.64%    passed     99.62%
 101  GCF_003431825.1_ASM343182v1                    22.04%    passed    100.00%
 102  GCF_003855495.1_ASM385549v1                    23.66%    passed     99.96%
 103  GCF_003940805.1_ASM394080v1                    23.52%    passed    100.00%
 104  GCF_003952725.1_ASM395272v1                    22.98%    passed     99.92%
 105  GCF_003966715.1_ASM396671v1                    20.97%    passed     65.28%
 106  GCF_004114955.1_ASM411495v1                    22.31%    passed    100.00%
 107  GCF_004136295.1_ASM413629v1                    24.33%    passed     93.63%
 108  GCF_004216475.1_ASM421647v1                    22.18%    passed     99.99%
 109  GCF_004331955.1_ASM433195v1                    22.04%    passed    100.00%
 110  GCF_004354345.1_ASM435434v1                    24.46%    passed     80.51%
 111  GCF_005311585.1_ASM531158v1                    22.45%    passed     99.99%
 112  GCF_005860795.2_ASM586079v2                    21.64%    passed     96.89%
 113  GCF_006542605.1_ASM654260v1                    22.04%    passed     99.95%
 114  GCF_006740745.1_ASM674074v1                    26.08%    passed     94.00%
 115  GCF_007005445.1_ASM700544v1                    22.18%    passed    100.00%
 116  GCF_007290395.1_ASM729039v1                    21.77%    passed     99.59%
 117  GCF_007954425.1_ASM795442v1                    22.72%    passed    100.00%
 118  GCF_008000895.1_ASM800089v1                    23.92%    passed     56.01%
 119  GCF_008000915.1_ASM800091v1                    23.52%    passed     94.56%
 120  GCF_008728195.1_ASM872819v1                    22.58%    passed     96.79%
 121  GCF_008843145.1_ASM884314v1                    44.62%    passed     98.86%
 122  GCF_008932115.1_ASM893211v1                    22.18%    passed     99.99%
 123  GCF_009363255.1_ASM936325v1                    21.37%    passed     99.38%
 124  GCF_009363495.1_ASM936349v1                    21.37%    passed     99.38%
 125  GCF_009363575.1_ASM936357v1                    22.45%    passed     99.90%
 126  GCF_009363615.1_ASM936361v1                    20.97%    passed     57.45%
 127  GCF_009363635.1_ASM936363v1                    21.37%    passed     99.99%
 128  GCF_009363655.1_ASM936365v1                    21.91%    passed     99.98%
 129  GCF_009363715.1_ASM936371v1                    22.18%    passed     99.92%
 130  GCF_009363735.1_ASM936373v1                    22.04%    passed     99.98%
 131  GCF_009363795.1_ASM936379v1                    23.25%    passed     99.34%
 132  GCF_009650195.1_ASM965019v1                    23.12%    passed     99.55%
 133  GCF_009664085.1_ASM966408v1                    21.77%    passed     95.18%
 134  GCF_009685175.1_ASM968517v1                    23.52%    passed     99.87%
 135  GCF_009762325.1_ASM976232v1                    21.10%    passed     99.95%
 136  GCF_009797665.1_ASM979766v1                    22.31%    passed    100.00%
 137  GCF_009859815.1_ASM985981v1                    23.92%    passed     80.10%
 138  GCF_009913435.1_ASM991343v1                    44.35%    passed     41.45%
 139  GCF_010104355.1_ASM1010435v1                   23.92%    passed     80.10%
 140  GCF_011040475.1_ASM1104047v1                   22.98%    passed     99.83%
 141  GCF_011044255.1_ASM1104425v1                   22.18%    passed     99.89%
 142  GCF_011047315.1_ASM1104731v1                   23.79%    passed     98.96%
 143  GCF_011290485.1_ASM1129048v1                   22.58%    passed    100.00%
 144  GCF_011388215.1_ASM1138821v1                   25.27%    passed     45.38%
 145  GCF_012647365.1_ASM1264736v1                   22.45%    passed    100.00%
 146  GCF_012932215.1_ASM1293221v1                   21.91%    passed     99.85%
 147  GCF_013170845.1_ASM1317084v1                   22.85%    passed    100.00%
 148  GCF_013307245.1_ASM1330724v1                   19.49%    failed      0.00%
 149  GCF_013374095.1_ASM1337409v1                   22.98%    passed     99.89%
 150  GCF_013378075.1_ASM1337807v1                   22.72%    passed    100.00%
 151  GCF_013415845.1_ASM1341584v1                   22.04%    passed      9.30%
 152  GCF_014117445.1_ASM1411744v1                   24.60%    passed     98.78%
 153  GCF_014495845.1_ASM1449584v1                   24.60%    passed     99.74%
 154  GCF_014622665.1_ASM1462266v1                   21.51%    passed     96.51%
 155  GCF_014681765.1_ASM1468176v1                   23.79%    passed     87.95%
 156  GCF_015679265.1_ASM1567926v1                   25.13%    passed     58.62%
 157  GCF_016584445.1_ASM1658444v1                   22.04%    passed      9.30%
 158  GCF_016653635.2_ASM1665363v2                   24.19%    passed     83.49%
 159  GCF_016765655.2_ASM1676565v2                   24.33%    passed     95.60%
 160  GCF_016806065.1_ASM1680606v1                   22.72%    passed     99.14%
 161  GCF_016806835.2_ASM1680683v2                   24.46%    passed     92.90%
 162  GCF_016839165.1_ASM1683916v1                   22.31%    passed    100.00%
 163  GCF_017347565.1_ASM1734756v1                   24.60%    passed     46.38%
 164  GCF_017498565.1_ASM1749856v1                   18.82%    passed     12.30%
 165  GCF_017795885.1_ASM1779588v1                   23.12%    passed    100.00%
 166  GCF_018200035.1_ASM1820003v1                   21.10%    passed     99.61%
 167  GCF_018205975.1_ASM1820597v1                   21.64%    passed    100.00%
 168  GCF_018399035.1_ASM1839903v1                   28.09%    passed     98.08%
 169  GCF_018409545.1_ASM1840954v1                   22.45%    passed     96.75%
 170  GCF_018687415.1_ASM1868741v1                   22.04%    failed      2.39%
 171  GCF_018687475.1_ASM1868747v1                   20.56%    failed      0.02%
 172  GCF_018687675.1_ASM1868767v1                   19.35%    failed      0.00%
 173  GCF_018688155.1_ASM1868815v1                   21.51%    passed      8.46%
 174  GCF_018688255.1_ASM1868825v1                   19.22%    failed      0.00%
 175  GCF_018982885.2_ASM1898288v2                   23.52%    passed     99.96%
 176  GCF_019134555.1_ASM1913455v1                   22.58%    passed    100.00%
 177  GCF_019203965.1_ASM1920396v1                   24.73%    passed     95.81%
 178  GCF_019431245.1_ASM1943124v1                   23.66%    passed     99.65%
 179  GCF_019443285.1_ASM1944328v1                   23.25%    passed     99.99%
 180  GCF_019623905.1_ASM1962390v1                   24.73%    passed     44.53%
 181  GCF_019904235.1_ASM1990423v1                   21.37%    passed    100.00%
 182  GCF_019973775.1_ASM1997377v1                   24.87%    passed     96.76%
 183  GCF_020866845.1_ASM2086684v1                   23.92%    passed     46.90%
 184  GCF_021088345.1_ASM2108834v1                   22.31%    passed    100.00%
 185  GCF_021117295.1_ASM2111729v1                   25.81%    passed     99.69%
 186  GCF_021228015.1_ASM2122801v1                   24.46%    passed     86.82%
 187  GCF_021228795.1_ASM2122879v1                   27.82%    passed     94.60%
 188  GCF_021391315.1_ASM2139131v1                   21.64%    passed     99.62%
 189  GCF_021391535.1_ASM2139153v1                   23.92%    passed     96.07%
 190  GCF_021398735.1_ASM2139873v1                   24.33%    passed     30.76%
 191  GCF_021431965.1_ASM2143196v1                   22.72%    passed    100.00%
 192  GCF_021484845.1_ASM2148484v1                   24.46%    passed     21.34%
 193  GCF_022227035.1_ASM2222703v1                   21.64%    passed     99.52%
 194  GCF_022370455.1_ASM2237045v1                   23.66%    passed     99.94%
 195  GCF_022410435.1_ASM2241043v1                   22.31%    passed    100.00%
 196  GCF_022533465.1_ASM2253346v1                   24.06%    passed     88.28%
 197  GCF_022558965.1_ASM2255896v1                   25.27%    passed     64.39%
 198  GCF_022846615.1_ASM2284661v1                   24.73%    passed     42.58%
 199  GCF_023243115.1_ASM2324311v1                   23.39%    passed    100.00%
 200  GCF_023380025.1_ASM2338002v1                   22.45%    passed    100.00%
 201  GCF_023558335.1_ASM2355833v1                   22.45%    passed     99.66%
 202  GCF_023558355.1_ASM2355835v1                   22.45%    passed     99.66%
 203  GCF_023573145.1_ASM2357314v1                   26.08%    passed     10.80%
 204  GCF_023823125.1_ASM2382312v1                   21.51%    passed     95.01%
 205  GCF_024496245.1_ASM2449624v1                   22.98%    passed     98.08%
 206  GCF_024758705.1_ASM2475870v1                   23.52%    passed    100.00%
 207  GCF_024758725.1_ASM2475872v1                   22.85%    passed     96.51%
 208  GCF_025141175.1_ASM2514117v1                   24.06%    passed     99.91%
 209  GCF_025141935.1_ASM2514193v1                   20.56%    passed     98.08%
 210  GCF_025398155.2_ASM2539815v2                   27.96%    passed     76.64%
 211  GCF_025811215.1_ASM2581121v1                   21.91%    passed     23.35%
 212  GCF_025811355.1_ASM2581135v1                   21.91%    passed     10.84%
 213  GCF_025811435.1_ASM2581143v1                   21.91%    passed     23.35%
 214  GCF_025813715.1_ASM2581371v1                   24.46%    passed     67.19%
 215  GCF_025917005.1_ASM2591700v1                   21.91%    passed    100.00%
 216  GCF_026122595.1_ASM2612259v1                   26.08%    passed     99.86%
 217  GCF_026122615.1_ASM2612261v1                   23.92%    passed     75.00%
 218  GCF_026167525.1_ASM2616752v1                   23.79%    passed     94.88%
 219  GCF_026167545.1_ASM2616754v1                   22.98%    passed     90.42%
 220  GCF_026625025.1_ASM2662502v1                   22.04%    passed      9.30%
 221  GCF_026898155.1_ASM2689815v1                   22.72%    passed    100.00%
 222  GCF_027271155.1_ASM2727115v1                   23.92%    passed     99.44%
 223  GCF_027886585.1_ASM2788658v1                   22.98%    passed     70.06%
 224  GCF_027912195.1_ASM2791219v1                   22.04%    passed      9.30%
 225  GCF_027943985.1_ASM2794398v1                   18.15%    failed      0.00%
 226  GCF_027944005.1_ASM2794400v1                   18.15%    failed      0.00%
 227  GCF_028621955.1_ASM2862195v1                   22.72%    passed     95.58%
 228  GCF_028885395.1_ASM2888539v1                   22.04%    passed     99.97%
 229  GCF_029277405.1_ASM2927740v1                   21.64%    passed     95.95%
 230  GCF_029581395.1_ASM2958139v1                   21.64%    passed     99.81%
 231  GCF_029691625.1_ASM2969162v1                   24.60%    passed      8.89%
 232  GCF_029714205.1_ASM2971420v1                   24.60%    passed     33.60%
 233  GCF_029761955.1_ASM2976195v1                   24.46%    passed     72.38%
 234  GCF_030062705.1_ASM3006270v1                   25.94%    passed     99.85%
 235  GCF_030252425.1_ASM3025242v1                   23.39%    passed     97.92%
 236  GCF_030255395.1_ASM3025539v1                   25.81%    passed     99.84%
 237  GCF_030297555.1_ASM3029755v1                   20.70%    failed      0.08%
 238  GCF_030297575.1_ASM3029757v1                   20.83%    failed      0.01%
 239  GCF_030297595.1_ASM3029759v1                   20.56%    failed      0.01%
 240  GCF_030297615.1_ASM3029761v1                   20.30%    failed      0.01%
 241  GCF_030297635.1_ASM3029763v1                   21.10%    failed      0.02%
 242  GCF_030297655.1_ASM3029765v1                   20.70%    failed      0.07%
 243  GCF_030297675.1_ASM3029767v1                   20.70%    failed      0.07%
 244  GCF_900176205.1_BRAD285_PRJEB202261_v1         22.18%    passed     99.95%
 245  GCF_900234795.1_TK0001_PRJEB23178_v1           23.92%    passed     78.06%
 246  GCF_901457705.2_RHAL1_v2                       22.04%    passed     99.88%
 247  GCF_937425535.1_Rhodovastum_atsumiense_G2-11   24.73%    passed     99.29%
****  TOTAL                                          23.17%  17 sequences failed composition chi2 test (p-value<5%; df=19)
NOTE: GCF_000225955.1_ASM22595v1 is identical to GCF_000013085.1_ASM1308v1 but kept for subsequent analysis
NOTE: GCF_002983865.1_ASM298386v1 is identical to GCF_000014045.1_ASM1404v1 but kept for subsequent analysis
NOTE: GCF_023558335.1_ASM2355833v1 is identical to GCF_000018145.1_ASM1814v1 but kept for subsequent analysis
NOTE: GCF_030255395.1_ASM3025539v1 is identical to GCF_000018845.1_ASM1884v1 but kept for subsequent analysis
NOTE: GCF_029714205.1_ASM2971420v1 is identical to GCF_000019365.1_ASM1936v1 but kept for subsequent analysis
NOTE: GCF_021484845.1_ASM2148484v1 is identical to GCF_000019725.1_ASM1972v1 but kept for subsequent analysis
NOTE: GCF_000195775.2_ASM19577v2 is identical to GCF_000020445.1_ASM2044v1 but kept for subsequent analysis
NOTE: GCF_003254375.1_ASM325437v1 is identical to GCF_000757795.1_ASM75779v1 but kept for subsequent analysis
NOTE: GCF_001459775.1_Blastochloris_viridis_genome is identical to GCF_001402875.1_ASM140287v1 but kept for subsequent analysis
NOTE: GCF_001685625.1_ASM168562v1 is identical to GCF_001576595.1_ASM157659v1 but kept for subsequent analysis
NOTE: GCF_001633165.1_ASM163316v1 is identical to GCF_001633145.1_ASM163314v1 but kept for subsequent analysis
NOTE: GCF_003031265.1_ASM303126v1 is identical to GCF_003031245.1_ASM303124v1 but kept for subsequent analysis
NOTE: GCF_021391315.1_ASM2139131v1 is identical to GCF_003429265.1_ASM342926v1 but kept for subsequent analysis
NOTE: GCF_009363495.1_ASM936349v1 is identical to GCF_009363255.1_ASM936325v1 but kept for subsequent analysis
NOTE: GCF_010104355.1_ASM1010435v1 is identical to GCF_009859815.1_ASM985981v1 but kept for subsequent analysis
NOTE: GCF_027944005.1_ASM2794400v1 is identical to GCF_027943985.1_ASM2794398v1 but kept for subsequent analysis
NOTE: GCF_030297675.1_ASM3029767v1 is identical to GCF_030297655.1_ASM3029765v1 but kept for subsequent analysis
NOTE: 12 identical sequences (see below) will be ignored for subsequent analysis
NOTE: GCF_019134555.1_ASM1913455v1 (identical to GCF_000013085.1_ASM1308v1) is ignored but added at the end
NOTE: GCF_023558355.1_ASM2355835v1 (identical to GCF_000018145.1_ASM1814v1) is ignored but added at the end
NOTE: GCF_013415845.1_ASM1341584v1 (identical to GCF_000020445.1_ASM2044v1) is ignored but added at the end
NOTE: GCF_016584445.1_ASM1658444v1 (identical to GCF_000020445.1_ASM2044v1) is ignored but added at the end
NOTE: GCF_026625025.1_ASM2662502v1 (identical to GCF_000020445.1_ASM2044v1) is ignored but added at the end
NOTE: GCF_027912195.1_ASM2791219v1 (identical to GCF_000020445.1_ASM2044v1) is ignored but added at the end
NOTE: GCF_029691625.1_ASM2969162v1 (identical to GCF_000757795.1_ASM75779v1) is ignored but added at the end
NOTE: GCF_002706325.1_ASM270632v1 (identical to GCF_001576595.1_ASM157659v1) is ignored but added at the end
NOTE: GCF_003324715.1_ASM332471v1 (identical to GCF_001576595.1_ASM157659v1) is ignored but added at the end
NOTE: GCF_012647365.1_ASM1264736v1 (identical to GCF_001576595.1_ASM157659v1) is ignored but added at the end
NOTE: GCF_025811215.1_ASM2581121v1 (identical to GCF_003031245.1_ASM303124v1) is ignored but added at the end
NOTE: GCF_025811435.1_ASM2581143v1 (identical to GCF_003031245.1_ASM303124v1) is ignored but added at the end
Alignment was printed to results/tree/PGC_bchO/PGC_bchO.uniqueseq.phy

For your convenience alignment with unique sequences printed to results/tree/PGC_bchO/PGC_bchO.uniqueseq.phy


Create initial parsimony tree by phylogenetic likelihood library (PLL)... 0.253 seconds
Perform fast likelihood tree search using LG+I+G model...
Estimate model parameters (epsilon = 5.000)
Perform nearest neighbor interchange...
Estimate model parameters (epsilon = 1.000)
1. Initial log-likelihood: -97872.781
Optimal log-likelihood: -97872.754
Proportion of invariable sites: 0.026
Gamma shape alpha: 1.084
Parameters optimization took 1 rounds (2.910 sec)
Time for fast ML tree search: 30.076 seconds

NOTE: ModelFinder requires 271 MB RAM!
ModelFinder will test up to 702 protein models (sample size: 744) ...
 No. Model         -LnL         df  AIC          AICc         BIC
  1  LG            102946.551   467 206827.102   208410.841   208980.925
  2  LG+I          102413.783   468 205763.567   207359.872   207922.002
  3  LG+G4         97912.033    468 196760.067   198356.372   198918.502
  4  LG+I+G4       97872.755    469 196683.510   198292.488   198846.557
  5  LG+R2         98847.336    469 198632.671   200241.650   200795.719
  6  LG+R3         98033.779    471 197009.559   198644.206   199181.830
  7  LG+R4         97824.245    473 196594.490   198255.246   198775.986
  8  LG+R5         97770.507    475 196491.014   198178.328   198681.734
  9  LG+R6         97750.742    477 196455.483   198169.814   198655.427
 10  LG+R7         97733.551    479 196425.103   198166.921   198634.271
 11  LG+R8         97729.763    481 196421.526   198191.313   198639.918
 23  LG+F+R7       77063.723    498 155123.446   157152.034   157420.242
 24  LG+F+R8       77053.648    500 155107.297   157169.025   157413.317
 36  WAG+R7        96956.293    479 194870.586   196612.405   197079.754
 37  WAG+R8        96951.155    481 194864.310   196634.096   197082.702
 49  WAG+F+R7      76867.258    498 154730.517   156759.105   157027.313
 50  WAG+F+R8      76857.821    500 154715.643   156777.371   157021.663
 62  JTT+R7        98907.123    479 198772.246   200514.064   200981.414
 63  JTT+R8        98897.336    481 198756.671   200526.457   200975.063
 75  JTT+F+R7      80380.166    498 161756.331   163784.919   164053.127
 76  JTT+F+R8      80365.985    500 161731.970   163793.699   164037.991
 88  Q.pfam+R7     97502.607    479 195963.214   197705.032   198172.381
 89  Q.pfam+R8     97498.174    481 195958.349   197728.135   198176.740
101  Q.pfam+F+R7   77337.300    498 155670.600   157699.188   157967.396
102  Q.pfam+F+R8   77331.057    500 155662.115   157723.843   157968.135
114  Q.bird+R7     103900.993   479 208759.985   210501.804   210969.153
115  Q.bird+R8     103892.636   481 208747.273   210517.059   210965.664
127  Q.bird+F+R7   86143.941    498 173283.882   175312.469   175580.678
128  Q.bird+F+R8   86136.592    500 173273.184   175334.912   175579.204
140  Q.mammal+R7   102120.559   479 205199.118   206940.936   207408.286
141  Q.mammal+R8   102114.431   481 205190.863   206960.649   207409.255
153  Q.mammal+F+R7 83823.383    498 168642.765   170671.353   170939.562
154  Q.mammal+F+R8 83812.941    500 168625.881   170687.610   170931.902
166  Q.insect+R7   99520.705    479 199999.410   201741.229   202208.578
167  Q.insect+R8   99517.427    481 199996.853   201766.639   202215.245
179  Q.insect+F+R7 77766.199    498 156528.399   158556.987   158825.195
180  Q.insect+F+R8 77754.737    500 156509.474   158571.202   158815.495
192  Q.plant+R7    103963.234   479 208884.467   210626.286   211093.635
193  Q.plant+R8    103953.918   481 208869.836   210639.622   211088.228
205  Q.plant+F+R7  82765.526    498 166527.051   168555.639   168823.848
206  Q.plant+F+R8  82758.178    500 166516.356   168578.084   168822.376
218  Q.yeast+R7    101198.867   479 203355.734   205097.552   205564.901
219  Q.yeast+R8    101196.682   481 203355.364   205125.150   205573.756
231  Q.yeast+F+R7  77734.388    498 156464.775   158493.363   158761.572
232  Q.yeast+F+R8  77725.872    500 156451.745   158513.473   158757.765
244  JTTDCMut+R7   98721.754    479 198401.508   200143.326   200610.676
245  JTTDCMut+R8   98712.086    481 198386.172   200155.959   200604.564
257  JTTDCMut+F+R7 80245.471    498 161486.942   163515.530   163783.739
258  JTTDCMut+F+R8 80231.470    500 161462.941   163524.669   163768.961
270  DCMut+R7      103908.047   479 208774.094   210515.912   210983.262
271  DCMut+R8      103889.895   481 208741.790   210511.576   210960.181
283  DCMut+F+R7    84046.084    498 169088.167   171116.755   171384.964
284  DCMut+F+R8    84032.697    500 169065.393   171127.122   171371.414
296  VT+R7         97172.365    479 195302.731   197044.549   197511.898
297  VT+R8         97168.625    481 195299.250   197069.037   197517.642
309  VT+F+R7       76479.281    498 153954.561   155983.149   156251.358
310  VT+F+R8       76472.535    500 153945.070   156006.798   156251.091
322  PMB+R7        94791.510    479 190541.019   192282.837   192750.187
323  PMB+R8        94791.178    481 190544.355   192314.141   192762.747
335  PMB+F+R7      75681.931    498 152359.862   154388.450   154656.659
336  PMB+F+R8      75679.143    500 152358.286   154420.015   154664.307
348  Blosum62+R7   94826.179    479 190610.359   192352.177   192819.526
349  Blosum62+R8   94824.611    481 190611.222   192381.008   192829.613
361  Blosum62+F+R7 75215.461    498 151426.923   153455.510   153723.719
362  Blosum62+F+R8 75210.760    500 151421.519   153483.247   153727.540
374  Dayhoff+R7    103911.980   479 208781.960   210523.778   210991.128
375  Dayhoff+R8    103892.849   481 208747.698   210517.484   210966.090
387  Dayhoff+F+R7  84057.481    498 169110.963   171139.550   171407.759
388  Dayhoff+F+R8  84043.741    500 169087.482   171149.210   171393.502
400  mtREV+R7      104058.443   479 209074.886   210816.704   211284.053
401  mtREV+R8      104051.066   481 209064.132   210833.918   211282.524
413  mtREV+F+R7    82475.965    498 165947.930   167976.518   168244.726
414  mtREV+F+R8    82464.521    500 165929.042   167990.771   168235.063
426  mtART+R7      102785.224   479 206528.449   208270.267   208737.617
427  mtART+R8      102760.756   481 206483.513   208253.299   208701.905
439  mtART+F+R7    79021.456    498 159038.912   161067.499   161335.708
440  mtART+F+R8    79013.587    500 159027.174   161088.902   161333.194
452  mtZOA+R7      98039.734    479 197037.468   198779.287   199246.636
453  mtZOA+R8      98020.592    481 197003.183   198772.970   199221.575
465  mtZOA+F+R7    78018.565    498 157033.129   159061.717   159329.926
466  mtZOA+F+R8    77998.639    500 156997.278   159059.006   159303.298
478  mtMet+R7      102303.684   479 205565.367   207307.185   207774.535
479  mtMet+R8      102297.494   481 205556.988   207326.774   207775.380
491  mtMet+F+R7    81168.595    498 163333.190   165361.778   165629.987
492  mtMet+F+R8    81153.282    500 163306.564   165368.292   165612.585
504  mtVer+R7      104350.645   479 209659.290   211401.108   211868.458
505  mtVer+R8      104342.553   481 209647.105   211416.891   211865.497
517  mtVer+F+R7    85054.431    498 171104.862   173133.450   173401.659
518  mtVer+F+R8    85045.975    500 171091.950   173153.678   173397.971
530  mtInv+R7      101083.331   479 203124.662   204866.481   205333.830
531  mtInv+R8      101076.117   481 203114.234   204884.021   205332.626
543  mtInv+F+R7    78001.580    498 156999.161   159027.748   159295.957
544  mtInv+F+R8    77991.505    500 156983.009   159044.738   159289.030
556  mtMAM+R7      113481.955   479 227921.910   229663.728   230131.077
557  mtMAM+R8      113452.617   481 227867.233   229637.019   230085.625
569  mtMAM+F+R7    91710.611    498 184417.223   186445.810   186714.019
570  mtMAM+F+R8    91645.534    500 184291.069   186352.797   186597.089
582  HIVb+R7       108229.888   479 217417.777   219159.595   219626.944
583  HIVb+R8       108203.995   481 217369.990   219139.776   219588.381
595  HIVb+F+R7     87388.471    498 175772.942   177801.530   178069.738
596  HIVb+F+R8     87386.790    500 175773.580   177835.308   178079.601
608  HIVw+R7       120334.273   479 241626.546   243368.364   243835.714
609  HIVw+R8       120317.221   481 241596.442   243366.228   243814.834
621  HIVw+F+R7     93805.747    498 188607.495   190636.082   190904.291
622  HIVw+F+R8     93693.498    500 188386.997   190448.725   190693.017
634  FLU+R7        112029.994   479 225017.988   226759.806   227227.155
635  FLU+R8        112012.963   481 224987.925   226757.711   227206.317
647  FLU+F+R7      86977.278    498 174950.557   176979.144   177247.353
648  FLU+F+R8      86965.275    500 174930.550   176992.279   177236.571
660  rtREV+R7      96907.598    479 194773.197   196515.015   196982.365
661  rtREV+R8      96906.787    481 194775.574   196545.361   196993.966
673  rtREV+F+R7    77185.826    498 155367.652   157396.240   157664.449
674  rtREV+F+R8    77173.422    500 155346.845   157408.573   157652.865
686  cpREV+R7      99687.577    479 200333.153   202074.971   202542.321
687  cpREV+R8      99676.467    481 200314.934   202084.721   202533.326
699  cpREV+F+R7    78969.868    498 158935.736   160964.323   161232.532
700  cpREV+F+R8    78962.643    500 158925.286   160987.014   161231.307
Akaike Information Criterion:           Blosum62+F+R8
Corrected Akaike Information Criterion: Blosum62+F+R7
Bayesian Information Criterion:         Blosum62+F+R7
Best-fit model: Blosum62+F+R7 chosen according to BIC

All model information printed to results/tree/PGC_bchO/PGC_bchO.model.gz
CPU time for ModelFinder: 23225.326 seconds (6h:27m:5s)
Wall-clock time for ModelFinder: 23266.531 seconds (6h:27m:46s)
WARNING: States(s) N, D, Q, E, I, L, K, F, P, V rarely appear in alignment and may cause numerical problems

NOTE: 190 MB RAM (0 GB) is required!
Estimate model parameters (epsilon = 0.100)
1. Initial log-likelihood: -75215.461
Optimal log-likelihood: -75215.379
Site proportion and rates:  (0.110,0.053) (0.141,0.184) (0.138,0.474) (0.230,0.883) (0.221,1.409) (0.144,2.286) (0.016,3.693)
Parameters optimization took 1 rounds (22.311 sec)
Computing ML distances based on estimated model parameters...
Computing ML distances took 13.069897 sec (of wall-clock time) 13.065049 sec(of CPU time)
Computing RapidNJ tree took 0.013429 sec (of wall-clock time) 0.020156 sec (of CPU time)
Log-likelihood of RapidNJ tree: -75604.113
--------------------------------------------------------------------
|             INITIALIZING CANDIDATE TREE SET                      |
--------------------------------------------------------------------
Generating 98 parsimony trees... 26.778 second
Computing log-likelihood of 98 initial trees ... 142.467 seconds
Current best score: -75215.379

Do NNI search on 20 best initial trees
Estimate model parameters (epsilon = 0.100)
BETTER TREE FOUND at iteration 1: -75136.223
Estimate model parameters (epsilon = 0.100)
BETTER TREE FOUND at iteration 3: -75104.405
Iteration 10 / LogL: -75132.290 / Time: 0h:11m:26s
Estimate model parameters (epsilon = 0.100)
BETTER TREE FOUND at iteration 11: -75081.810
Iteration 20 / LogL: -75189.704 / Time: 0h:19m:15s
Finish initializing candidate tree set (20)
Current best tree score: -75081.810 / CPU time: 1109.946
Number of iterations: 20
--------------------------------------------------------------------
|               OPTIMIZING CANDIDATE TREE SET                      |
--------------------------------------------------------------------
Estimate model parameters (epsilon = 0.100)
BETTER TREE FOUND at iteration 30: -75070.352
Iteration 30 / LogL: -75070.352 / Time: 0h:26m:35s (1h:31m:40s left)
Estimate model parameters (epsilon = 0.100)
BETTER TREE FOUND at iteration 39: -75067.493
Iteration 40 / LogL: -75107.134 / Time: 0h:33m:46s (1h:25m:44s left)
Estimate model parameters (epsilon = 0.100)
BETTER TREE FOUND at iteration 42: -75065.251
Estimate model parameters (epsilon = 0.100)
BETTER TREE FOUND at iteration 49: -75062.674
Iteration 50 / LogL: -75067.640 / Time: 0h:41m:8s (1h:23m:7s left)
Iteration 60 / LogL: -75067.671 / Time: 0h:47m:5s (1h:11m:2s left)
Estimate model parameters (epsilon = 0.100)
BETTER TREE FOUND at iteration 61: -75059.032
Iteration 70 / LogL: -75088.835 / Time: 0h:54m:31s (1h:11m:54s left)
Estimate model parameters (epsilon = 0.100)
BETTER TREE FOUND at iteration 75: -75057.900
Estimate model parameters (epsilon = 0.100)
BETTER TREE FOUND at iteration 77: -75057.072
Estimate model parameters (epsilon = 0.100)
BETTER TREE FOUND at iteration 78: -75055.451
Iteration 80 / LogL: -75346.986 / Time: 1h:2m:10s (1h:17m:7s left)
Estimate model parameters (epsilon = 0.100)
BETTER TREE FOUND at iteration 84: -75055.016
Iteration 90 / LogL: -75131.667 / Time: 1h:9m:8s (1h:13m:1s left)
Estimate model parameters (epsilon = 0.100)
BETTER TREE FOUND at iteration 93: -75052.754
Estimate model parameters (epsilon = 0.100)
BETTER TREE FOUND at iteration 98: -75051.599
Estimate model parameters (epsilon = 0.100)
BETTER TREE FOUND at iteration 99: -75047.331
Iteration 100 / LogL: -75064.049 / Time: 1h:16m:51s (1h:16m:51s left)
Estimate model parameters (epsilon = 0.100)
BETTER TREE FOUND at iteration 102: -75044.231
Iteration 110 / LogL: -75058.624 / Time: 1h:23m:13s (1h:10m:14s left)
Iteration 120 / LogL: -75052.309 / Time: 1h:29m:22s (1h:1m:35s left)
Iteration 130 / LogL: -75048.856 / Time: 1h:35m:26s (0h:53m:16s left)
Iteration 140 / LogL: -75053.720 / Time: 1h:41m:45s (0h:45m:23s left)
Iteration 150 / LogL: -75113.007 / Time: 1h:48m:2s (0h:37m:42s left)
Estimate model parameters (epsilon = 0.100)
BETTER TREE FOUND at iteration 154: -75042.525
Iteration 160 / LogL: -75103.165 / Time: 1h:54m:20s (1h:7m:36s left)
Estimate model parameters (epsilon = 0.100)
BETTER TREE FOUND at iteration 162: -75041.944
Estimate model parameters (epsilon = 0.100)
BETTER TREE FOUND at iteration 167: -75040.336
Iteration 170 / LogL: -75043.305 / Time: 2h:1m:54s (1h:9m:58s left)
Iteration 180 / LogL: -75055.868 / Time: 2h:8m:11s (1h:2m:18s left)
Estimate model parameters (epsilon = 0.100)
BETTER TREE FOUND at iteration 184: -75039.420
Iteration 190 / LogL: -75060.066 / Time: 2h:14m:51s (1h:7m:4s left)
Iteration 200 / LogL: -75053.182 / Time: 2h:21m:5s (0h:59m:33s left)
Iteration 210 / LogL: -75051.096 / Time: 2h:27m:31s (0h:52m:13s left)
Iteration 220 / LogL: -75240.842 / Time: 2h:34m:4s (0h:45m:1s left)
Iteration 230 / LogL: -75142.168 / Time: 2h:40m:15s (0h:37m:47s left)
Iteration 240 / LogL: -75041.310 / Time: 2h:46m:24s (0h:30m:38s left)
Iteration 250 / LogL: -75046.412 / Time: 2h:52m:20s (0h:23m:31s left)
Iteration 260 / LogL: -75134.651 / Time: 2h:58m:56s (0h:16m:34s left)
Iteration 270 / LogL: -75148.627 / Time: 3h:5m:43s (0h:9m:39s left)
Iteration 280 / LogL: -75058.391 / Time: 3h:11m:56s (0h:2m:45s left)
TREE SEARCH COMPLETED AFTER 285 ITERATIONS / Time: 3h:15m:17s

--------------------------------------------------------------------
|                    FINALIZING TREE SEARCH                        |
--------------------------------------------------------------------
Performs final model parameters optimization
Estimate model parameters (epsilon = 0.010)
1. Initial log-likelihood: -75039.420
2. Current log-likelihood: -75039.398
3. Current log-likelihood: -75039.386
4. Current log-likelihood: -75039.375
5. Current log-likelihood: -75039.363
6. Current log-likelihood: -75039.352
7. Current log-likelihood: -75039.342
Optimal log-likelihood: -75039.327
Site proportion and rates:  (0.101,0.047) (0.142,0.173) (0.125,0.430) (0.221,0.828) (0.237,1.338) (0.153,2.219) (0.022,3.591)
Parameters optimization took 7 rounds (80.804 sec)
BEST SCORE FOUND : -75039.327
Total tree length: 40.474

Total number of iterations: 285
CPU time used for tree search: 11652.696 sec (3h:14m:12s)
Wall-clock time used for tree search: 11671.420 sec (3h:14m:31s)
Total CPU time used: 11779.359 sec (3h:16m:19s)
Total wall-clock time used: 11798.350 sec (3h:16m:38s)

Analysis results written to: 
  IQ-TREE report:                results/tree/PGC_bchO/PGC_bchO.iqtree
  Maximum-likelihood tree:       results/tree/PGC_bchO/PGC_bchO.treefile
  Likelihood distances:          results/tree/PGC_bchO/PGC_bchO.mldist
  Screen log file:               results/tree/PGC_bchO/PGC_bchO.log

Date and Time: Thu Jun 20 19:37:54 2024
