IQ-TREE multicore version 2.1.4-beta COVID-edition for Linux 64-bit built Jun 24 2021
Developed by Bui Quang Minh, James Barbetti, Nguyen Lam Tung,
Olga Chernomor, Heiko Schmidt, Dominik Schrempf, Michael Woodhams.

Host:    morrowind (AVX2, FMA3, 503 GB RAM)
Command: iqtree2 -s results/fasta_PGC/gene_trimmed/PGC_crtA_trim.phy -pre results/tree/PGC_crtA/PGC_crtA
Seed:    543378 (Using SPRNG - Scalable Parallel Random Number Generator)
Time:    Thu Jun 20 09:53:29 2024
Kernel:  AVX+FMA - 1 threads (128 CPU cores detected)

HINT: Use -nt option to specify number of threads because your CPU has 128 cores!
HINT: -nt AUTO will automatically determine the best number of threads to use.

Reading alignment file results/fasta_PGC/gene_trimmed/PGC_crtA_trim.phy ... Phylip format detected
Alignment most likely contains protein sequences
WARNING: 26 sites contain only gaps or ambiguous characters.
Alignment has 85 sequences with 651 columns, 555 distinct patterns
470 parsimony-informative, 45 singleton sites, 136 constant sites
                              Gap/Ambiguity  Composition  p-value
   1  GCA_015693905.1_ASM1569390v1   20.43%    passed     99.68%
   2  GCA_000013565.1_ASM1356v1      21.20%    passed     99.79%
   3  GCA_000014045.1_ASM1404v1      20.58%    passed     99.99%
   4  GCA_000018145.1_ASM1814v1      21.51%    passed     99.60%
   5  GCA_000021005.1_ASM2100v1      17.20%    passed     51.77%
   6  GCA_000021865.1_ASM2186v1      19.05%    passed    100.00%
   7  GCA_000154785.2_ASM15478v2     20.74%    passed     98.23%
   8  GCA_000284255.1_ASM28425v1     23.20%    passed     71.39%
   9  GCA_000590925.1_ASM59092v1     19.20%    passed     99.84%
  10  GCA_000738435.1_ASM73843v1     19.20%    passed     99.99%
  11  GCA_000973625.1_ASM97362v1     19.20%    passed     33.34%
  12  GCA_001412535.1_ASM141253v1    21.97%    passed     85.08%
  13  GCA_001412575.1_ASM141257v1    20.89%    passed     92.32%
  14  GCA_001548075.1_ASM154807v1    19.20%    passed     98.60%
  15  GCA_001576595.1_ASM157659v1    17.20%    passed     44.59%
  16  GCA_001633145.1_ASM163314v1    19.66%    passed     99.93%
  17  GCA_001633165.1_ASM163316v1    19.66%    passed     99.93%
  18  GCA_001685625.1_ASM168562v1    17.20%    passed     44.59%
  19  GCA_001713375.1_ASM171337v1    20.74%    passed     99.94%
  20  GCA_001870665.2_ASM187066v2    19.97%    passed     86.75%
  21  GCA_001886735.1_ASM188673v1    22.12%    passed     91.76%
  22  GCA_001955735.1_ASM195573v1    20.12%    passed     94.02%
  23  GCA_001969365.1_ASM196936v1    20.58%    passed     98.33%
  24  GCA_002073975.1_ASM207397v1    19.51%    passed     99.19%
  25  GCA_002079305.1_ASM207930v1    18.43%    passed     90.10%
  26  GCA_002080415.1_ASM208041v1    22.43%    passed     88.29%
  27  GCA_002158905.1_ASM215890v1    21.97%    passed     99.84%
  28  GCA_002407205.1_ASM240720v1    15.67%    passed      6.57%
  29  GCA_002706325.1_ASM270632v1    17.20%    passed     44.59%
  30  GCA_002983865.1_ASM298386v1    20.58%    passed     99.99%
  31  GCA_003065365.1_ASM306536v1    19.05%    passed     33.35%
  32  GCA_003071405.1_ASM307140v1    21.66%    passed     98.86%
  33  GCA_003288315.1_ASM328831v1    22.43%    passed     88.29%
  34  GCA_003324715.1_ASM332471v1    17.20%    passed     44.59%
  35  GCA_003429265.1_ASM342926v1    17.05%    passed     53.32%
  36  GCA_003940805.1_ASM394080v1    21.51%    passed     94.54%
  37  GCA_004216475.1_ASM421647v1    21.35%    passed     89.88%
  38  GCA_004331955.1_ASM433195v1    20.43%    passed     91.74%
  39  GCA_005311585.1_ASM531158v1    17.36%    passed     65.75%
  40  GCA_008728195.1_ASM872819v1    31.34%    passed     45.37%
  41  GCA_009363255.1_ASM936325v1    20.58%    passed     99.94%
  42  GCA_009363495.1_ASM936349v1    20.58%    passed     99.94%
  43  GCA_009363575.1_ASM936357v1    21.20%    passed     92.18%
  44  GCA_009363615.1_ASM936361v1    26.57%    passed    100.00%
  45  GCA_009363655.1_ASM936365v1    21.35%    passed     88.77%
  46  GCA_009363715.1_ASM936371v1    21.20%    passed     90.50%
  47  GCA_009363735.1_ASM936373v1    21.35%    passed     88.77%
  48  GCA_009363795.1_ASM936379v1    28.42%    passed     80.42%
  49  GCA_009762325.1_ASM976232v1    26.11%    passed     97.25%
  50  GCA_009797665.1_ASM979766v1    17.20%    passed     44.59%
  51  GCA_009859815.1_ASM985981v1    20.58%    passed     99.97%
  52  GCA_010104355.1_ASM1010435v1   20.58%    passed     99.97%
  53  GCA_011040475.1_ASM1104047v1   21.04%    passed    100.00%
  54  GCA_012647365.1_ASM1264736v1   17.20%    passed     44.59%
  55  GCA_012932215.1_ASM1293221v1   21.04%    passed     98.95%
  56  GCA_013307245.1_ASM1330724v1   19.51%    passed     94.00%
  57  GCA_014622665.1_ASM1462266v1   18.74%    passed    100.00%
  58  GCA_014681765.1_ASM1468176v1   22.12%    passed     80.34%
  59  GCA_015679265.1_ASM1567926v1   31.64%    failed      1.76%
  60  GCA_018200035.1_ASM1820003v1   21.81%    passed     86.10%
  61  GCA_018687415.1_ASM1868741v1   17.82%    passed     36.50%
  62  GCA_018687475.1_ASM1868747v1   22.27%    passed     58.91%
  63  GCA_018687675.1_ASM1868767v1   19.20%    passed     54.74%
  64  GCA_018688155.1_ASM1868815v1   18.13%    passed     45.22%
  65  GCA_018688255.1_ASM1868825v1   19.05%    passed     14.94%
  66  GCA_019623905.1_ASM1962390v1   22.27%    passed     70.74%
  67  GCA_021391315.1_ASM2139131v1   17.05%    passed     53.32%
  68  GCA_022227035.1_ASM2222703v1   17.05%    passed     53.32%
  69  GCA_022410435.1_ASM2241043v1   22.43%    passed     28.71%
  70  GCA_023558335.1_ASM2355833v1   21.51%    passed     99.60%
  71  GCA_023558355.1_ASM2355835v1   21.51%    passed     99.60%
  72  GCA_025141175.1_ASM2514117v1   23.20%    passed     34.83%
  73  GCA_025141935.1_ASM2514193v1   21.81%    passed     97.95%
  74  GCA_027943985.1_ASM2794398v1   18.89%    passed     33.63%
  75  GCA_027944005.1_ASM2794400v1   18.89%    passed     33.63%
  76  GCA_028885395.1_ASM2888539v1   28.42%    passed     44.96%
  77  GCA_029277405.1_ASM2927740v1   18.74%    passed    100.00%
  78  GCA_029581395.1_ASM2958139v1   22.27%    passed     61.63%
  79  GCA_030297555.1_ASM3029755v1   20.12%    passed     20.77%
  80  GCA_030297575.1_ASM3029757v1   20.43%    passed     11.15%
  81  GCA_030297595.1_ASM3029759v1   20.28%    passed     10.39%
  82  GCA_030297615.1_ASM3029761v1   22.27%    passed     57.34%
  83  GCA_030297635.1_ASM3029763v1   20.43%    passed     11.15%
  84  GCA_030297655.1_ASM3029765v1   20.28%    passed     19.69%
  85  GCA_030297675.1_ASM3029767v1   20.28%    passed     19.69%
****  TOTAL                          20.70%  1 sequences failed composition chi2 test (p-value<5%; df=19)
NOTE: GCA_002983865.1_ASM298386v1 is identical to GCA_000014045.1_ASM1404v1 but kept for subsequent analysis
NOTE: GCA_023558335.1_ASM2355833v1 is identical to GCA_000018145.1_ASM1814v1 but kept for subsequent analysis
NOTE: GCA_001685625.1_ASM168562v1 is identical to GCA_001576595.1_ASM157659v1 but kept for subsequent analysis
NOTE: GCA_001633165.1_ASM163316v1 is identical to GCA_001633145.1_ASM163314v1 but kept for subsequent analysis
NOTE: GCA_003288315.1_ASM328831v1 is identical to GCA_002080415.1_ASM208041v1 but kept for subsequent analysis
NOTE: GCA_021391315.1_ASM2139131v1 is identical to GCA_003429265.1_ASM342926v1 but kept for subsequent analysis
NOTE: GCA_009363495.1_ASM936349v1 is identical to GCA_009363255.1_ASM936325v1 but kept for subsequent analysis
NOTE: GCA_009363735.1_ASM936373v1 is identical to GCA_009363655.1_ASM936365v1 but kept for subsequent analysis
NOTE: GCA_010104355.1_ASM1010435v1 is identical to GCA_009859815.1_ASM985981v1 but kept for subsequent analysis
NOTE: GCA_029277405.1_ASM2927740v1 is identical to GCA_014622665.1_ASM1462266v1 but kept for subsequent analysis
NOTE: GCA_027944005.1_ASM2794400v1 is identical to GCA_027943985.1_ASM2794398v1 but kept for subsequent analysis
NOTE: GCA_030297635.1_ASM3029763v1 is identical to GCA_030297575.1_ASM3029757v1 but kept for subsequent analysis
NOTE: GCA_030297675.1_ASM3029767v1 is identical to GCA_030297655.1_ASM3029765v1 but kept for subsequent analysis
NOTE: 6 identical sequences (see below) will be ignored for subsequent analysis
NOTE: GCA_023558355.1_ASM2355835v1 (identical to GCA_000018145.1_ASM1814v1) is ignored but added at the end
NOTE: GCA_002706325.1_ASM270632v1 (identical to GCA_001576595.1_ASM157659v1) is ignored but added at the end
NOTE: GCA_003324715.1_ASM332471v1 (identical to GCA_001576595.1_ASM157659v1) is ignored but added at the end
NOTE: GCA_009797665.1_ASM979766v1 (identical to GCA_001576595.1_ASM157659v1) is ignored but added at the end
NOTE: GCA_012647365.1_ASM1264736v1 (identical to GCA_001576595.1_ASM157659v1) is ignored but added at the end
NOTE: GCA_022227035.1_ASM2222703v1 (identical to GCA_003429265.1_ASM342926v1) is ignored but added at the end
Alignment was printed to results/tree/PGC_crtA/PGC_crtA.uniqueseq.phy

For your convenience alignment with unique sequences printed to results/tree/PGC_crtA/PGC_crtA.uniqueseq.phy


Create initial parsimony tree by phylogenetic likelihood library (PLL)... 0.047 seconds
Perform fast likelihood tree search using LG+I+G model...
Estimate model parameters (epsilon = 5.000)
Perform nearest neighbor interchange...
Estimate model parameters (epsilon = 1.000)
1. Initial log-likelihood: -28075.578
Optimal log-likelihood: -28075.107
Proportion of invariable sites: 0.113
Gamma shape alpha: 1.189
Parameters optimization took 1 rounds (1.145 sec)
Time for fast ML tree search: 7.136 seconds

NOTE: ModelFinder requires 70 MB RAM!
ModelFinder will test up to 702 protein models (sample size: 651) ...
 No. Model         -LnL         df  AIC          AICc         BIC
  1  LG            29598.132    155 59506.263    59603.960    60200.432
  2  LG+I          28954.350    156 58220.700    58319.857    58919.347
  3  LG+G4         28096.755    156 56505.510    56604.668    57204.158
  4  LG+I+G4       28074.969    157 56463.938    56564.571    57167.064
  5  LG+R2         28272.380    157 56858.760    56959.393    57561.886
  6  LG+R3         28111.461    159 56540.922    56644.547    57253.005
  7  LG+R4         28073.073    161 56468.147    56574.821    57189.187
  8  LG+R5         28065.157    163 56456.315    56566.097    57186.312
  9  LG+R6         28064.953    165 56459.905    56572.854    57198.859
 17  LG+F+I+G4     22334.130    176 45020.260    45151.703    45808.478
 30  WAG+I+G4      27887.935    157 56089.871    56190.504    56792.997
 43  WAG+F+I+G4    22368.691    176 45089.382    45220.825    45877.600
 56  JTT+I+G4      28383.823    157 57081.646    57182.279    57784.772
 69  JTT+F+I+G4    23181.712    176 46715.423    46846.866    47503.641
 82  Q.pfam+I+G4   28021.258    157 56356.515    56457.148    57059.641
 95  Q.pfam+F+I+G4 22390.969    176 45133.938    45265.381    45922.155
108  Q.bird+I+G4   29679.067    157 59672.133    59772.766    60375.259
121  Q.bird+F+I+G4 24527.112    176 49406.224    49537.667    50194.442
134  Q.mammal+I+G4 29248.817    157 58811.634    58912.267    59514.760
147  Q.mammal+F+I+G4 23964.278    176 48280.555    48411.998    49068.773
160  Q.insect+I+G4 28629.169    157 57572.338    57672.971    58275.464
173  Q.insect+F+I+G4 22502.191    176 45356.382    45487.825    46144.600
186  Q.plant+I+G4  29691.100    157 59696.201    59796.834    60399.327
199  Q.plant+F+I+G4 23694.708    176 47741.416    47872.859    48529.633
212  Q.yeast+I+G4  29151.537    157 58617.074    58717.707    59320.200
225  Q.yeast+F+I+G4 22532.940    176 45417.880    45549.323    46206.098
238  JTTDCMut+I+G4 28335.086    157 56984.172    57084.805    57687.298
251  JTTDCMut+F+I+G4 23147.480    176 46646.961    46778.404    47435.179
264  DCMut+I+G4    29838.767    157 59991.535    60092.168    60694.661
277  DCMut+F+I+G4  24293.495    176 48938.989    49070.432    49727.207
290  VT+I+G4       28005.927    157 56325.855    56426.488    57028.981
303  VT+F+I+G4     22201.079    176 44754.159    44885.602    45542.377
316  PMB+I+G4      27398.367    157 55110.734    55211.366    55813.860
329  PMB+F+I+G4    22087.272    176 44526.545    44657.988    45314.762
342  Blosum62+I+G4 27430.035    157 55174.071    55274.703    55877.197
355  Blosum62+F+I+G4 21936.592    176 44225.184    44356.627    45013.401
368  Dayhoff+I+G4  29836.852    157 59987.703    60088.336    60690.829
381  Dayhoff+F+I+G4 24294.027    176 48940.054    49071.497    49728.272
394  mtREV+I+G4    29855.698    157 60025.397    60126.030    60728.523
407  mtREV+F+I+G4  23646.166    176 47644.333    47775.776    48432.551
420  mtART+I+G4    29478.392    157 59270.784    59371.417    59973.910
433  mtART+F+I+G4  22924.006    176 46200.013    46331.456    46988.231
446  mtZOA+I+G4    28055.667    157 56425.334    56525.967    57128.460
459  mtZOA+F+I+G4  22586.665    176 45525.329    45656.772    46313.547
472  mtMet+I+G4    29345.903    157 59005.807    59106.440    59708.933
485  mtMet+F+I+G4  23266.026    176 46884.052    47015.495    47672.270
498  mtVer+I+G4    29878.146    157 60070.292    60170.925    60773.418
511  mtVer+F+I+G4  24096.919    176 48545.839    48677.282    49334.056
524  mtInv+I+G4    29065.719    157 58445.438    58546.071    59148.564
537  mtInv+F+I+G4  22507.543    176 45367.087    45498.530    46155.305
550  mtMAM+I+G4    32168.973    157 64651.947    64752.580    65355.073
563  mtMAM+F+I+G4  25655.618    176 51663.235    51794.679    52451.453
576  HIVb+I+G4     30760.138    157 61834.276    61934.909    62537.402
589  HIVb+F+I+G4   24883.238    176 50118.477    50249.920    50906.694
602  HIVw+I+G4     34212.367    157 68738.734    68839.367    69441.860
615  HIVw+F+I+G4   26467.656    176 53287.312    53418.755    54075.530
628  FLU+I+G4      31962.037    157 64238.075    64338.708    64941.201
641  FLU+F+I+G4    24879.854    176 50111.708    50243.151    50899.926
654  rtREV+I+G4    28042.751    157 56399.503    56500.136    57102.629
667  rtREV+F+I+G4  22487.593    176 45327.186    45458.629    46115.403
680  cpREV+I+G4    28584.375    157 57482.751    57583.384    58185.877
693  cpREV+F+I+G4  22741.645    176 45835.291    45966.734    46623.509
Akaike Information Criterion:           Blosum62+F+I+G4
Corrected Akaike Information Criterion: Blosum62+F+I+G4
Bayesian Information Criterion:         Blosum62+F+I+G4
Best-fit model: Blosum62+F+I+G4 chosen according to BIC

All model information printed to results/tree/PGC_crtA/PGC_crtA.model.gz
CPU time for ModelFinder: 521.336 seconds (0h:8m:41s)
Wall-clock time for ModelFinder: 521.641 seconds (0h:8m:41s)
WARNING: States(s) N, D, Q, E, I, L, K, F, P, V rarely appear in alignment and may cause numerical problems

NOTE: 28 MB RAM (0 GB) is required!
Estimate model parameters (epsilon = 0.100)
Thoroughly optimizing +I+G parameters from 10 start values...
Init pinv, alpha: 0.000, 1.190 / Estimate: 0.000, 0.744 / LogL: -21956.520
Init pinv, alpha: 0.023, 1.190 / Estimate: 0.119, 1.181 / LogL: -21936.609
Init pinv, alpha: 0.046, 1.190 / Estimate: 0.119, 1.179 / LogL: -21936.617
Init pinv, alpha: 0.070, 1.190 / Estimate: 0.118, 1.176 / LogL: -21936.630
Init pinv, alpha: 0.093, 1.190 / Estimate: 0.119, 1.180 / LogL: -21936.612
Init pinv, alpha: 0.116, 1.190 / Estimate: 0.119, 1.182 / LogL: -21936.603
Init pinv, alpha: 0.139, 1.190 / Estimate: 0.122, 1.199 / LogL: -21936.604
Init pinv, alpha: 0.162, 1.190 / Estimate: 0.124, 1.205 / LogL: -21936.628
Init pinv, alpha: 0.186, 1.190 / Estimate: 0.123, 1.200 / LogL: -21936.611
Init pinv, alpha: 0.209, 1.190 / Estimate: 0.123, 1.201 / LogL: -21936.615
Optimal pinv,alpha: 0.119, 1.182 / LogL: -21936.603

Parameters optimization took 39.668 sec
Computing ML distances based on estimated model parameters...
Computing ML distances took 0.938001 sec (of wall-clock time) 0.937961 sec(of CPU time)
Computing RapidNJ tree took 0.001316 sec (of wall-clock time) 0.001315 sec (of CPU time)
Log-likelihood of RapidNJ tree: -22062.693
--------------------------------------------------------------------
|             INITIALIZING CANDIDATE TREE SET                      |
--------------------------------------------------------------------
Generating 98 parsimony trees... 4.190 second
Computing log-likelihood of 98 initial trees ... 18.478 seconds
Current best score: -21936.603

Do NNI search on 20 best initial trees
Estimate model parameters (epsilon = 0.100)
BETTER TREE FOUND at iteration 1: -21914.557
Estimate model parameters (epsilon = 0.100)
BETTER TREE FOUND at iteration 2: -21899.217
Estimate model parameters (epsilon = 0.100)
BETTER TREE FOUND at iteration 3: -21879.942
Iteration 10 / LogL: -21903.329 / Time: 0h:1m:38s
Iteration 20 / LogL: -21912.224 / Time: 0h:2m:10s
Finish initializing candidate tree set (18)
Current best tree score: -21879.942 / CPU time: 87.858
Number of iterations: 20
--------------------------------------------------------------------
|               OPTIMIZING CANDIDATE TREE SET                      |
--------------------------------------------------------------------
Estimate model parameters (epsilon = 0.100)
BETTER TREE FOUND at iteration 30: -21874.663
Iteration 30 / LogL: -21874.663 / Time: 0h:2m:58s (0h:10m:16s left)
Iteration 40 / LogL: -21876.245 / Time: 0h:3m:47s (0h:8m:46s left)
Estimate model parameters (epsilon = 0.100)
BETTER TREE FOUND at iteration 43: -21869.522
Iteration 50 / LogL: -21871.075 / Time: 0h:4m:41s (0h:8m:53s left)
Iteration 60 / LogL: -21879.950 / Time: 0h:5m:27s (0h:7m:40s left)
Estimate model parameters (epsilon = 0.100)
BETTER TREE FOUND at iteration 66: -21867.719
Iteration 70 / LogL: -21872.671 / Time: 0h:6m:16s (0h:8m:43s left)
Iteration 80 / LogL: -21871.864 / Time: 0h:7m:4s (0h:7m:41s left)
Iteration 90 / LogL: -21878.948 / Time: 0h:7m:53s (0h:6m:44s left)
Iteration 100 / LogL: -21879.238 / Time: 0h:8m:42s (0h:5m:48s left)
Iteration 110 / LogL: -21893.127 / Time: 0h:9m:34s (0h:4m:55s left)
Iteration 120 / LogL: -21877.568 / Time: 0h:10m:21s (0h:4m:0s left)
Iteration 130 / LogL: -21874.549 / Time: 0h:11m:8s (0h:3m:6s left)
Iteration 140 / LogL: -21873.296 / Time: 0h:11m:55s (0h:2m:13s left)
Iteration 150 / LogL: -21882.100 / Time: 0h:12m:38s (0h:1m:21s left)
Iteration 160 / LogL: -21882.893 / Time: 0h:13m:27s (0h:0m:30s left)
UPDATE BEST LOG-LIKELIHOOD: -21867.719
TREE SEARCH COMPLETED AFTER 167 ITERATIONS / Time: 0h:13m:59s

--------------------------------------------------------------------
|                    FINALIZING TREE SEARCH                        |
--------------------------------------------------------------------
Performs final model parameters optimization
Estimate model parameters (epsilon = 0.010)
1. Initial log-likelihood: -21867.719
Optimal log-likelihood: -21867.719
Proportion of invariable sites: 0.120
Gamma shape alpha: 1.163
Parameters optimization took 1 rounds (0.653 sec)
BEST SCORE FOUND : -21867.719
Total tree length: 12.098

Total number of iterations: 167
CPU time used for tree search: 795.569 sec (0h:13m:15s)
Wall-clock time used for tree search: 796.968 sec (0h:13m:16s)
Total CPU time used: 838.455 sec (0h:13m:58s)
Total wall-clock time used: 839.858 sec (0h:13m:59s)

Analysis results written to: 
  IQ-TREE report:                results/tree/PGC_crtA/PGC_crtA.iqtree
  Maximum-likelihood tree:       results/tree/PGC_crtA/PGC_crtA.treefile
  Likelihood distances:          results/tree/PGC_crtA/PGC_crtA.mldist
  Screen log file:               results/tree/PGC_crtA/PGC_crtA.log

Date and Time: Thu Jun 20 10:16:11 2024
