IQ-TREE multicore version 2.1.4-beta COVID-edition for Linux 64-bit built Jun 24 2021
Developed by Bui Quang Minh, James Barbetti, Nguyen Lam Tung,
Olga Chernomor, Heiko Schmidt, Dominik Schrempf, Michael Woodhams.

Host:    morrowind (AVX2, FMA3, 503 GB RAM)
Command: iqtree2 -s results/fasta_PGC/gene_trimmed/PGC_crtF_trim.phy -pre results/tree/PGC_crtF/PGC_crtF
Seed:    621254 (Using SPRNG - Scalable Parallel Random Number Generator)
Time:    Thu Jun 20 09:53:29 2024
Kernel:  AVX+FMA - 1 threads (128 CPU cores detected)

HINT: Use -nt option to specify number of threads because your CPU has 128 cores!
HINT: -nt AUTO will automatically determine the best number of threads to use.

Reading alignment file results/fasta_PGC/gene_trimmed/PGC_crtF_trim.phy ... Phylip format detected
Alignment most likely contains protein sequences
WARNING: 23 sites contain only gaps or ambiguous characters.
Alignment has 118 sequences with 1068 columns, 977 distinct patterns
822 parsimony-informative, 88 singleton sites, 158 constant sites
                                        Gap/Ambiguity  Composition  p-value
   1  GCA_019285715.1_ASM1928571v1             24.72%    passed     70.37%
   2  GCA_019739335.1_ASM1973933v1             23.88%    passed     91.98%
   3  GCA_000013085.1_ASM1308v1                23.03%    passed     99.87%
   4  GCA_000013565.1_ASM1356v1                22.19%    passed     99.91%
   5  GCA_000014045.1_ASM1404v1                21.82%    passed     99.87%
   6  GCA_000015165.1_ASM1516v1                23.22%    passed     99.46%
   7  GCA_000015585.1_ASM1558v1                23.03%    passed     98.15%
   8  GCA_000016185.1_ASM1618v1                24.44%    passed     99.14%
   9  GCA_000019365.1_ASM1936v1                25.37%    failed      0.42%
  10  GCA_000019725.1_ASM1972v1                24.53%    passed     51.32%
  11  GCA_000019945.1_ASM1994v1                24.44%    passed     99.99%
  12  GCA_000021005.1_ASM2100v1                24.06%    passed     97.38%
  13  GCA_000022685.1_ASM2268v1                24.25%    passed     90.21%
  14  GCA_000025485.1_ASM2548v1                22.28%    passed     99.94%
  15  GCA_000026145.1_ASM2614v1                23.69%    passed     99.95%
  16  GCA_000083545.1_ASM8354v1                24.16%    passed     77.47%
  17  GCA_000154785.2_ASM15478v2               21.91%    passed     99.99%
  18  GCA_000195775.2_ASM19577v2               22.66%    passed     99.99%
  19  GCA_000202835.1_ASM20283v1               25.00%    failed      2.51%
  20  GCA_000224005.2_ASM22400v3               19.85%    passed     14.86%
  21  GCA_000364445.2_ASM36444v2               26.22%    passed     93.91%
  22  GCA_000590925.1_ASM59092v1               21.72%    passed     98.63%
  23  GCA_000738435.1_ASM73843v1               21.54%    passed     23.37%
  24  GCA_000935025.1_ASM93502v1               24.34%    passed     99.33%
  25  GCA_001304795.1_ASM130479v1              26.03%    passed     99.96%
  26  GCA_001548015.1_ASM154801v1              25.47%    failed      2.97%
  27  GCA_001548075.1_ASM154807v1              22.47%    passed     96.43%
  28  GCA_001633165.1_ASM163316v1              22.66%    passed     93.85%
  29  GCA_001663175.1_ASM166317v1              22.38%    passed     99.88%
  30  GCA_001685625.1_ASM168562v1              23.88%    passed     99.04%
  31  GCA_001719165.1_ASM171916v1              21.72%    passed     99.78%
  32  GCA_001720465.1_ASM172046v1              22.47%    passed     99.92%
  33  GCA_001854385.1_ASM185438v1              24.53%    passed     51.87%
  34  GCA_001955735.1_ASM195573v1              29.21%    failed      1.67%
  35  GCA_001969365.1_ASM196936v1              23.03%    passed    100.00%
  36  GCA_001971665.1_ASM197166v1              24.34%    passed     96.70%
  37  GCA_002002865.1_ASM200286v1              25.75%    passed     85.51%
  38  GCA_002079305.1_ASM207930v1              21.35%    passed     94.39%
  39  GCA_002080415.1_ASM208041v1              23.69%    passed     99.99%
  40  GCA_002706325.1_ASM270632v1              23.88%    passed     99.04%
  41  GCA_002868735.1_ASM286873v1              23.22%    passed     96.49%
  42  GCA_002952215.1_ASM295221v1              36.89%    passed     99.62%
  43  GCA_002983865.1_ASM298386v1              21.82%    passed     99.87%
  44  GCA_003031245.1_ASM303124v1              22.19%    passed     99.98%
  45  GCA_003071405.1_ASM307140v1              23.69%    passed    100.00%
  46  GCA_003173715.1_ASM317371v1              24.16%    passed     77.61%
  47  GCA_003173735.1_ASM317373v1              24.91%    passed     22.45%
  48  GCA_003173775.1_ASM317377v1              25.47%    passed      6.16%
  49  GCA_003324715.1_ASM332471v1              23.88%    passed     99.04%
  50  GCA_003429265.1_ASM342926v1              23.97%    passed     99.75%
  51  GCA_003431825.1_ASM343182v1              22.75%    passed     99.12%
  52  GCA_003940805.1_ASM394080v1              25.56%    passed    100.00%
  53  GCA_004216475.1_ASM421647v1              22.47%    passed     95.18%
  54  GCA_004331955.1_ASM433195v1              22.94%    passed     98.69%
  55  GCA_004354345.1_ASM435434v1              25.37%    passed     87.39%
  56  GCA_006740745.1_ASM674074v1              24.25%    passed     99.92%
  57  GCA_007954425.1_ASM795442v1              24.63%    passed     99.95%
  58  GCA_008000915.1_ASM800091v1              21.54%    passed     98.09%
  59  GCA_008728195.1_ASM872819v1              24.06%    passed     43.06%
  60  GCA_009363255.1_ASM936325v1              24.81%    passed    100.00%
  61  GCA_009363655.1_ASM936365v1              23.13%    passed     99.72%
  62  GCA_009363715.1_ASM936371v1              22.66%    passed     99.58%
  63  GCA_009363735.1_ASM936373v1              23.13%    passed     99.65%
  64  GCA_009664085.1_ASM966408v1              21.82%    passed     99.68%
  65  GCA_009685175.1_ASM968517v1              23.60%    passed     99.83%
  66  GCA_009707465.1_ASM970746v1              26.12%    passed     87.34%
  67  GCA_010104355.1_ASM1010435v1             22.28%    passed     99.99%
  68  GCA_011044255.1_ASM1104425v1             24.25%    passed     99.99%
  69  GCA_011047315.1_ASM1104731v1             22.28%    passed     99.33%
  70  GCA_011290485.1_ASM1129048v1             22.47%    passed     99.99%
  71  GCA_012647365.1_ASM1264736v1             23.88%    passed     99.04%
  72  GCA_013374095.1_ASM1337409v1             24.63%    passed     98.79%
  73  GCA_014681765.1_ASM1468176v1             23.13%    passed    100.00%
  74  GCA_016806835.2_ASM1680683v2             23.88%    passed     66.35%
  75  GCA_016839165.1_ASM1683916v1             22.38%    passed     62.60%
  76  GCA_017498565.1_ASM1749856v1             19.19%    failed      0.00%
  77  GCA_018200035.1_ASM1820003v1             24.34%    passed     99.92%
  78  GCA_018205975.1_ASM1820597v1             21.82%    passed     95.50%
  79  GCA_018399035.1_ASM1839903v1             21.72%    passed     99.69%
  80  GCA_018409545.1_ASM1840954v1             22.19%    passed     99.70%
  81  GCA_018687415.1_ASM1868741v1             18.45%    failed      0.00%
  82  GCA_018687675.1_ASM1868767v1             17.79%    failed      0.00%
  83  GCA_018688255.1_ASM1868825v1             17.70%    failed      0.00%
  84  GCA_019134555.1_ASM1913455v1             23.03%    passed     99.87%
  85  GCA_019203965.1_ASM1920396v1             24.91%    passed     62.96%
  86  GCA_019431245.1_ASM1943124v1             26.87%    passed     98.12%
  87  GCA_019904235.1_ASM1990423v1             21.25%    passed     99.35%
  88  GCA_019973775.1_ASM1997377v1             23.41%    passed     99.90%
  89  GCA_021088345.1_ASM2108834v1             23.60%    passed     99.99%
  90  GCA_021398735.1_ASM2139873v1             23.88%    passed     61.09%
  91  GCA_022370455.1_ASM2237045v1             23.78%    passed     99.95%
  92  GCA_022533465.1_ASM2253346v1             23.78%    passed     98.38%
  93  GCA_022846615.1_ASM2284661v1             23.41%    passed     99.49%
  94  GCA_023546765.1_ASM2354676v1             26.03%    passed     99.99%
  95  GCA_023558335.1_ASM2355833v1             28.93%    passed     99.94%
  96  GCA_024496245.1_ASM2449624v1             24.06%    passed     99.67%
  97  GCA_024758705.1_ASM2475870v1             26.12%    passed     72.24%
  98  GCA_025141935.1_ASM2514193v1             23.03%    passed     99.96%
  99  GCA_025811215.1_ASM2581121v1             22.00%    passed     99.98%
 100  GCA_025813715.1_ASM2581371v1             24.72%    passed     95.50%
 101  GCA_025917005.1_ASM2591700v1             22.19%    passed     97.75%
 102  GCA_026122595.1_ASM2612259v1             24.25%    passed     88.85%
 103  GCA_026167525.1_ASM2616752v1             24.16%    passed     96.21%
 104  GCA_026625025.1_ASM2662502v1             22.66%    passed     99.99%
 105  GCA_026898155.1_ASM2689815v1             41.67%    passed     87.53%
 106  GCA_027271155.1_ASM2727115v1             25.09%    passed     93.72%
 107  GCA_027886585.1_ASM2788658v1             22.19%    passed    100.00%
 108  GCA_027943985.1_ASM2794398v1             18.16%    failed      0.00%
 109  GCA_029277405.1_ASM2927740v1             23.88%    passed     98.22%
 110  GCA_029581395.1_ASM2958139v1             26.59%    passed    100.00%
 111  GCA_029691625.1_ASM2969162v1             24.34%    passed     99.48%
 112  GCA_029714205.1_ASM2971420v1             27.43%    failed      0.81%
 113  GCA_030297555.1_ASM3029755v1             19.38%    failed      0.86%
 114  GCA_030297575.1_ASM3029757v1             19.29%    failed      0.25%
 115  GCA_030297595.1_ASM3029759v1             19.10%    failed      0.10%
 116  GCA_030297635.1_ASM3029763v1             19.10%    failed      0.08%
 117  GCA_030297655.1_ASM3029765v1             19.19%    failed      0.19%
 118  GCA_900176205.1_BRAD285_PRJEB202261_v1   23.60%    passed     99.99%
****  TOTAL                                    23.57%  15 sequences failed composition chi2 test (p-value<5%; df=19)
NOTE: GCA_019134555.1_ASM1913455v1 is identical to GCA_000013085.1_ASM1308v1 but kept for subsequent analysis
NOTE: GCA_002983865.1_ASM298386v1 is identical to GCA_000014045.1_ASM1404v1 but kept for subsequent analysis
NOTE: GCA_026625025.1_ASM2662502v1 is identical to GCA_000195775.2_ASM19577v2 but kept for subsequent analysis
NOTE: GCA_002706325.1_ASM270632v1 is identical to GCA_001685625.1_ASM168562v1 but kept for subsequent analysis
NOTE: 2 identical sequences (see below) will be ignored for subsequent analysis
NOTE: GCA_003324715.1_ASM332471v1 (identical to GCA_001685625.1_ASM168562v1) is ignored but added at the end
NOTE: GCA_012647365.1_ASM1264736v1 (identical to GCA_001685625.1_ASM168562v1) is ignored but added at the end
Alignment was printed to results/tree/PGC_crtF/PGC_crtF.uniqueseq.phy

For your convenience alignment with unique sequences printed to results/tree/PGC_crtF/PGC_crtF.uniqueseq.phy


Create initial parsimony tree by phylogenetic likelihood library (PLL)... 0.106 seconds
Perform fast likelihood tree search using LG+I+G model...
Estimate model parameters (epsilon = 5.000)
Perform nearest neighbor interchange...
Estimate model parameters (epsilon = 1.000)
1. Initial log-likelihood: -76465.254
Optimal log-likelihood: -76465.172
Proportion of invariable sites: 0.086
Gamma shape alpha: 1.129
Parameters optimization took 1 rounds (1.744 sec)
Time for fast ML tree search: 18.981 seconds

NOTE: ModelFinder requires 179 MB RAM!
ModelFinder will test up to 702 protein models (sample size: 1068) ...
 No. Model         -LnL         df  AIC          AICc         BIC
  1  LG            80714.128    229 161886.257   162011.961   163025.198
  2  LG+I          79258.239    230 158976.478   159103.431   160120.393
  3  LG+G4         76546.917    230 153553.835   153680.788   154697.750
  4  LG+I+G4       76465.168    231 153392.337   153520.547   154541.225
  5  LG+R2         77273.346    231 155008.693   155136.903   156157.581
  6  LG+R3         76579.528    233 153625.057   153755.805   154783.893
  7  LG+R4         76407.634    235 153285.267   153418.585   154454.050
  8  LG+R5         76361.956    237 153197.913   153333.831   154376.642
  9  LG+R6         76354.626    239 153187.252   153325.803   154375.929
 10  LG+R7         76351.661    241 153185.321   153326.537   154383.945
 21  LG+F+R5       60375.714    256 121263.427   121425.676   122536.654
 22  LG+F+R6       60354.295    258 121224.589   121389.786   122507.763
 23  LG+F+R7       60351.688    260 121223.376   121391.554   122516.497
 34  WAG+R5        75847.667    237 152169.333   152305.251   153348.063
 35  WAG+R6        75841.085    239 152160.170   152298.721   153348.847
 47  WAG+F+R5      60434.534    256 121381.068   121543.317   122654.295
 48  WAG+F+R6      60412.564    258 121341.128   121506.325   122624.302
 49  WAG+F+R7      60409.396    260 121338.791   121506.970   122631.913
 60  JTT+R5        77270.185    237 155014.370   155150.288   156193.100
 61  JTT+R6        77260.286    239 154998.572   155137.123   156187.249
 62  JTT+R7        77260.119    241 155002.239   155143.454   156200.863
 73  JTT+F+R5      63040.479    256 126592.958   126755.207   127866.185
 74  JTT+F+R6      63003.415    258 126522.831   126688.027   127806.005
 75  JTT+F+R7      62997.986    260 126515.972   126684.151   127809.093
 86  Q.pfam+R5     76236.881    237 152947.761   153083.679   154126.491
 87  Q.pfam+R6     76226.973    239 152931.945   153070.496   154120.622
WARNING: Log-likelihood -76228.3 of Q.pfam+R7 worse than Q.pfam+R6 -76227
 88  Q.pfam+R7     76228.279    241 152938.557   153079.773   154137.181
 99  Q.pfam+F+R5   60634.307    256 121780.614   121942.863   123053.841
100  Q.pfam+F+R6   60617.276    258 121750.553   121915.749   123033.727
101  Q.pfam+F+R7   60614.882    260 121749.763   121917.941   123042.884
112  Q.bird+R5     81099.279    237 162672.559   162808.477   163851.289
113  Q.bird+R6     81084.360    239 162646.719   162785.270   163835.396
114  Q.bird+R7     81084.192    241 162650.384   162791.599   163849.008
125  Q.bird+F+R5   67474.362    256 135460.724   135622.973   136733.951
126  Q.bird+F+R6   67444.524    258 135405.048   135570.245   136688.223
127  Q.bird+F+R7   67429.139    260 135378.278   135546.456   136671.399
138  Q.mammal+R5   79765.259    237 160004.519   160140.437   161183.249
139  Q.mammal+R6   79752.879    239 159983.757   160122.308   161172.434
WARNING: Log-likelihood -79754.3 of Q.mammal+R7 worse than Q.mammal+R6 -79752.9
140  Q.mammal+R7   79754.337    241 159990.674   160131.889   161189.298
151  Q.mammal+F+R5 65696.753    256 131905.506   132067.755   133178.733
152  Q.mammal+F+R6 65664.421    258 131844.842   132010.039   133128.016
153  Q.mammal+F+R7 65657.362    260 131834.723   132002.901   133127.844
164  Q.insect+R5   77852.455    237 156178.909   156314.827   157357.639
165  Q.insect+R6   77841.376    239 156160.752   156299.303   157349.429
WARNING: Log-likelihood -77844 of Q.insect+R7 worse than Q.insect+R6 -77841.4
166  Q.insect+R7   77843.971    241 156169.941   156311.157   157368.565
177  Q.insect+F+R5 60991.289    256 122494.578   122656.827   123767.805
178  Q.insect+F+R6 60946.928    258 122409.856   122575.052   123693.030
179  Q.insect+F+R7 60942.855    260 122405.710   122573.889   123698.831
190  Q.plant+R5    81044.541    237 162563.082   162699.000   163741.812
191  Q.plant+R6    81022.641    239 162523.281   162661.832   163711.958
192  Q.plant+R7    81017.541    241 162517.081   162658.297   163715.705
203  Q.plant+F+R5  64860.010    256 130232.019   130394.268   131505.246
204  Q.plant+F+R6  64797.559    258 130111.117   130276.314   131394.291
205  Q.plant+F+R7  64789.427    260 130098.854   130267.032   131391.975
216  Q.yeast+R5    79168.567    237 158811.133   158947.051   159989.863
217  Q.yeast+R6    79159.013    239 158796.026   158934.577   159984.703
218  Q.yeast+R7    79157.060    241 158796.119   158937.335   159994.743
229  Q.yeast+F+R5  60929.731    256 122371.461   122533.710   123644.688
230  Q.yeast+F+R6  60886.566    258 122289.132   122454.329   123572.306
231  Q.yeast+F+R7  60877.469    260 122274.938   122443.116   123568.059
242  JTTDCMut+R5   77108.632    237 154691.263   154827.181   155869.993
243  JTTDCMut+R6   77099.339    239 154676.678   154815.229   155865.355
244  JTTDCMut+R7   77092.039    241 154666.078   154807.294   155864.702
255  JTTDCMut+F+R5 62946.633    256 126405.265   126567.514   127678.492
256  JTTDCMut+F+R6 62899.907    258 126315.814   126481.011   127598.988
257  JTTDCMut+F+R7 62894.166    260 126308.331   126476.510   127601.453
268  DCMut+R5      81394.668    237 163263.335   163399.253   164442.065
269  DCMut+R6      81357.572    239 163193.145   163331.695   164381.821
270  DCMut+R7      81351.439    241 163184.878   163326.094   164383.502
281  DCMut+F+R5    66140.455    256 132792.911   132955.160   134066.138
282  DCMut+F+R6    66099.271    258 132714.542   132879.738   133997.716
283  DCMut+F+R7    66079.378    260 132678.757   132846.935   133971.878
294  VT+R5         76042.228    237 152558.456   152694.374   153737.186
295  VT+R6         76033.152    239 152544.304   152682.854   153732.981
WARNING: Log-likelihood -76035.3 of VT+R7 worse than VT+R6 -76033.2
296  VT+R7         76035.296    241 152552.591   152693.807   153751.215
307  VT+F+R5       60053.003    256 120618.006   120780.255   121891.233
308  VT+F+R6       60035.365    258 120586.731   120751.927   121869.905
309  VT+F+R7       60033.706    260 120587.413   120755.591   121880.534
320  PMB+R5        74360.584    237 149195.168   149331.086   150373.898
321  PMB+R6        74352.664    239 149183.329   149321.880   150372.006
WARNING: Log-likelihood -74354.9 of PMB+R7 worse than PMB+R6 -74352.7
322  PMB+R7        74354.912    241 149191.824   149333.039   150390.447
333  PMB+F+R5      59755.508    256 120023.015   120185.264   121296.242
334  PMB+F+R6      59746.349    258 120008.697   120173.894   121291.871
WARNING: Log-likelihood -59748.4 of PMB+F+R7 worse than PMB+F+R6 -59746.3
335  PMB+F+R7      59748.429    260 120016.857   120185.036   121309.978
346  Blosum62+R5   74358.055    237 149190.110   149326.028   150368.840
347  Blosum62+R6   74348.538    239 149175.076   149313.627   150363.753
WARNING: Log-likelihood -74351.5 of Blosum62+R7 worse than Blosum62+R6 -74348.5
348  Blosum62+R7   74351.541    241 149185.082   149326.298   150383.706
359  Blosum62+F+R5 59289.956    256 119091.911   119254.160   120365.138
360  Blosum62+F+R6 59278.930    258 119073.859   119239.056   120357.034
WARNING: Log-likelihood -59282.4 of Blosum62+F+R7 worse than Blosum62+F+R6 -59278.9
361  Blosum62+F+R7 59282.414    260 119084.828   119253.007   120377.950
372  Dayhoff+R5    81386.454    237 163246.907   163382.825   164425.637
373  Dayhoff+R6    81349.461    239 163176.921   163315.472   164365.598
374  Dayhoff+R7    81343.318    241 163168.636   163309.852   164367.260
385  Dayhoff+F+R5  66139.890    256 132791.780   132954.029   134065.007
386  Dayhoff+F+R6  66117.863    258 132751.725   132916.922   134034.900
387  Dayhoff+F+R7  66099.369    260 132718.738   132886.917   134011.859
398  mtREV+R5      81268.226    237 163010.453   163146.371   164189.183
399  mtREV+R6      81219.369    239 162916.738   163055.289   164105.415
400  mtREV+R7      81216.071    241 162914.142   163055.358   164112.766
411  mtREV+F+R5    64760.822    256 130033.644   130195.893   131306.871
412  mtREV+F+R6    64719.524    258 129955.047   130120.244   131238.221
413  mtREV+F+R7    64708.648    260 129937.296   130105.475   131230.417
424  mtART+R5      79705.290    237 159884.580   160020.499   161063.310
425  mtART+R6      79649.809    239 159777.617   159916.168   160966.294
426  mtART+R7      79638.869    241 159759.738   159900.953   160958.362
437  mtART+F+R5    61712.535    256 123937.070   124099.319   125210.297
438  mtART+F+R6    61657.155    258 123830.309   123995.506   125113.483
439  mtART+F+R7    61646.575    260 123813.151   123981.329   125106.272
450  mtZOA+R5      76024.091    237 152522.183   152658.101   153700.912
451  mtZOA+R6      75996.682    239 152471.363   152609.914   153660.040
452  mtZOA+R7      75986.181    241 152454.362   152595.577   153652.985
463  mtZOA+F+R5    60893.299    256 122298.597   122460.847   123571.824
464  mtZOA+F+R6    60855.351    258 122226.702   122391.898   123509.876
465  mtZOA+F+R7    60843.180    260 122206.361   122374.539   123499.482
476  mtMet+R5      79471.945    237 159417.890   159553.808   160596.620
477  mtMet+R6      79448.588    239 159375.176   159513.727   160563.853
478  mtMet+R7      79440.845    241 159363.690   159504.905   160562.314
489  mtMet+F+R5    63319.139    256 127150.279   127312.528   128423.506
490  mtMet+F+R6    63282.685    258 127081.370   127246.566   128364.544
491  mtMet+F+R7    63271.014    260 127062.028   127230.207   128355.149
502  mtVer+R5      81142.898    237 162759.796   162895.714   163938.525
503  mtVer+R6      81098.356    239 162674.712   162813.263   163863.389
504  mtVer+R7      81093.085    241 162668.170   162809.385   163866.794
515  mtVer+F+R5    66457.526    256 133427.052   133589.301   134700.279
516  mtVer+F+R6    66419.393    258 133354.786   133519.983   134637.960
517  mtVer+F+R7    66408.497    260 133336.993   133505.172   134630.115
528  mtInv+R5      78531.541    237 157537.082   157673.000   158715.812
529  mtInv+R6      78517.407    239 157512.814   157651.365   158701.491
530  mtInv+R7      78511.880    241 157505.760   157646.975   158704.384
541  mtInv+F+R5    60952.593    256 122417.185   122579.434   123690.412
542  mtInv+F+R6    60916.080    258 122348.160   122513.356   123631.334
543  mtInv+F+R7    60908.044    260 122336.089   122504.267   123629.210
554  mtMAM+R5      88986.773    237 178447.545   178583.463   179626.275
555  mtMAM+R6      88886.039    239 178250.077   178388.628   179438.754
556  mtMAM+R7      88854.822    241 178191.643   178332.859   179390.267
567  mtMAM+F+R5    72007.397    256 144526.795   144689.044   145800.022
568  mtMAM+F+R6    71935.263    258 144386.527   144551.723   145669.701
569  mtMAM+F+R7    71863.501    260 144247.001   144415.180   145540.122
580  HIVb+R5       84531.482    237 169536.965   169672.883   170715.695
581  HIVb+R6       84499.497    239 169476.994   169615.544   170665.670
582  HIVb+R7       84478.806    241 169439.613   169580.828   170638.237
593  HIVb+F+R5     68528.605    256 137569.211   137731.460   138842.438
594  HIVb+F+R6     68446.032    258 137408.063   137573.260   138691.237
595  HIVb+F+R7     68428.497    260 137376.994   137545.172   138670.115
606  HIVw+R5       94283.930    237 189041.860   189177.778   190220.590
607  HIVw+R6       94221.681    239 188921.362   189059.912   190110.039
608  HIVw+R7       94204.700    241 188891.401   189032.616   190090.025
619  HIVw+F+R5     73458.146    256 147428.292   147590.541   148701.519
620  HIVw+F+R6     73385.247    258 147286.494   147451.691   148569.668
621  HIVw+F+R7     73304.375    260 147128.749   147296.927   148421.870
632  FLU+R5        87737.545    237 175949.089   176085.007   177127.819
633  FLU+R6        87685.259    239 175848.518   175987.069   177037.195
634  FLU+R7        87670.285    241 175822.569   175963.785   177021.193
645  FLU+F+R5      68333.405    256 137178.810   137341.059   138452.037
646  FLU+F+R6      68279.713    258 137075.427   137240.623   138358.601
647  FLU+F+R7      68235.363    260 136990.727   137158.905   138283.848
658  rtREV+R5      76103.522    237 152681.044   152816.962   153859.773
659  rtREV+R6      76095.842    239 152669.684   152808.235   153858.361
WARNING: Log-likelihood -76099.7 of rtREV+R7 worse than rtREV+R6 -76095.8
660  rtREV+R7      76099.656    241 152681.312   152822.528   153879.936
671  rtREV+F+R5    60645.241    256 121802.482   121964.731   123075.709
672  rtREV+F+R6    60623.195    258 121762.391   121927.587   123045.565
673  rtREV+F+R7    60612.416    260 121744.831   121913.010   123037.953
684  cpREV+R5      77906.683    237 156287.366   156423.285   157466.096
685  cpREV+R6      77893.372    239 156264.745   156403.295   157453.422
686  cpREV+R7      77887.490    241 156256.980   156398.195   157455.604
697  cpREV+F+R5    61874.426    256 124260.852   124423.101   125534.079
698  cpREV+F+R6    61810.031    258 124136.061   124301.258   125419.236
699  cpREV+F+R7    61801.780    260 124123.561   124291.739   125416.682
Akaike Information Criterion:           Blosum62+F+R6
Corrected Akaike Information Criterion: Blosum62+F+R6
Bayesian Information Criterion:         Blosum62+F+R6
Best-fit model: Blosum62+F+R6 chosen according to BIC

All model information printed to results/tree/PGC_crtF/PGC_crtF.model.gz
CPU time for ModelFinder: 65019.146 seconds (18h:3m:39s)
Wall-clock time for ModelFinder: 65078.295 seconds (18h:4m:38s)
WARNING: States(s) N, D, Q, E, I, L, K, F, P, V rarely appear in alignment and may cause numerical problems

NOTE: 107 MB RAM (0 GB) is required!
Estimate model parameters (epsilon = 0.100)
1. Initial log-likelihood: -59278.930
Optimal log-likelihood: -59278.870
Site proportion and rates:  (0.183,0.039) (0.107,0.240) (0.267,0.666) (0.291,1.382) (0.117,2.224) (0.036,3.579)
Parameters optimization took 1 rounds (8.856 sec)
Computing ML distances based on estimated model parameters...
Computing ML distances took 2.222277 sec (of wall-clock time) 2.222193 sec(of CPU time)
Computing RapidNJ tree took 0.003362 sec (of wall-clock time) 0.003360 sec (of CPU time)
Log-likelihood of RapidNJ tree: -59539.342
--------------------------------------------------------------------
|             INITIALIZING CANDIDATE TREE SET                      |
--------------------------------------------------------------------
Generating 98 parsimony trees... 9.649 second
Computing log-likelihood of 98 initial trees ... 64.776 seconds
Current best score: -59278.870

Do NNI search on 20 best initial trees
Estimate model parameters (epsilon = 0.100)
BETTER TREE FOUND at iteration 1: -59267.350
Estimate model parameters (epsilon = 0.100)
BETTER TREE FOUND at iteration 3: -59263.641
Iteration 10 / LogL: -59279.299 / Time: 0h:3m:49s
Iteration 20 / LogL: -59312.456 / Time: 0h:5m:54s
Finish initializing candidate tree set (20)
Current best tree score: -59263.641 / CPU time: 338.217
Number of iterations: 20
--------------------------------------------------------------------
|               OPTIMIZING CANDIDATE TREE SET                      |
--------------------------------------------------------------------
Estimate model parameters (epsilon = 0.100)
BETTER TREE FOUND at iteration 23: -59262.244
Estimate model parameters (epsilon = 0.100)
BETTER TREE FOUND at iteration 25: -59260.514
Iteration 30 / LogL: -59284.348 / Time: 0h:9m:10s (0h:30m:2s left)
Estimate model parameters (epsilon = 0.100)
BETTER TREE FOUND at iteration 32: -59253.892
Iteration 40 / LogL: -59257.289 / Time: 0h:11m:54s (0h:28m:4s left)
Estimate model parameters (epsilon = 0.100)
BETTER TREE FOUND at iteration 42: -59251.650
BETTER TREE FOUND at iteration 43: -59251.647
Estimate model parameters (epsilon = 0.100)
BETTER TREE FOUND at iteration 47: -59247.877
Iteration 50 / LogL: -59252.046 / Time: 0h:14m:55s (0h:29m:33s left)
Estimate model parameters (epsilon = 0.100)
BETTER TREE FOUND at iteration 51: -59241.416
Iteration 60 / LogL: -59241.943 / Time: 0h:17m:27s (0h:26m:56s left)
Estimate model parameters (epsilon = 0.100)
BETTER TREE FOUND at iteration 61: -59240.620
Iteration 70 / LogL: -59249.106 / Time: 0h:20m:4s (0h:26m:28s left)
UPDATE BEST LOG-LIKELIHOOD: -59240.616
Iteration 80 / LogL: -59263.927 / Time: 0h:22m:30s (0h:23m:4s left)
Iteration 90 / LogL: -59283.684 / Time: 0h:25m:0s (0h:19m:57s left)
Estimate model parameters (epsilon = 0.100)
BETTER TREE FOUND at iteration 94: -59240.081
Iteration 100 / LogL: -59240.568 / Time: 0h:27m:31s (0h:26m:8s left)
Iteration 110 / LogL: -59248.161 / Time: 0h:29m:50s (0h:22m:59s left)
Iteration 120 / LogL: -59269.758 / Time: 0h:32m:13s (0h:20m:2s left)
Iteration 130 / LogL: -59243.378 / Time: 0h:34m:40s (0h:17m:12s left)
Iteration 140 / LogL: -59243.122 / Time: 0h:37m:18s (0h:14m:29s left)
Iteration 150 / LogL: -59255.041 / Time: 0h:39m:44s (0h:11m:44s left)
Estimate model parameters (epsilon = 0.100)
BETTER TREE FOUND at iteration 160: -59239.726
Iteration 160 / LogL: -59239.726 / Time: 0h:42m:10s (0h:26m:31s left)
Iteration 170 / LogL: -59254.591 / Time: 0h:44m:41s (0h:23m:47s left)
Iteration 180 / LogL: -59246.490 / Time: 0h:46m:59s (0h:21m:0s left)
Iteration 190 / LogL: -59240.061 / Time: 0h:49m:20s (0h:18m:16s left)
Iteration 200 / LogL: -59265.631 / Time: 0h:51m:45s (0h:15m:36s left)
Estimate model parameters (epsilon = 0.100)
BETTER TREE FOUND at iteration 208: -59239.662
Iteration 210 / LogL: -59244.000 / Time: 0h:54m:19s (0h:25m:28s left)
Iteration 220 / LogL: -59259.322 / Time: 0h:56m:50s (0h:22m:50s left)
Iteration 230 / LogL: -59245.787 / Time: 0h:59m:14s (0h:20m:10s left)
Iteration 240 / LogL: -59244.267 / Time: 1h:1m:35s (0h:17m:31s left)
Iteration 250 / LogL: -59246.001 / Time: 1h:3m:54s (0h:14m:53s left)
Iteration 260 / LogL: -59298.761 / Time: 1h:6m:24s (0h:12m:18s left)
Estimate model parameters (epsilon = 0.100)
BETTER TREE FOUND at iteration 266: -59239.551
Iteration 270 / LogL: -59250.233 / Time: 1h:8m:55s (0h:24m:35s left)
Iteration 280 / LogL: -59241.975 / Time: 1h:11m:21s (0h:21m:59s left)
UPDATE BEST LOG-LIKELIHOOD: -59239.548
Iteration 290 / LogL: -59245.281 / Time: 1h:13m:35s (0h:19m:21s left)
Iteration 300 / LogL: -59253.539 / Time: 1h:15m:57s (0h:16m:46s left)
Iteration 310 / LogL: -59251.136 / Time: 1h:18m:29s (0h:14m:13s left)
Iteration 320 / LogL: -59446.743 / Time: 1h:20m:55s (0h:11m:40s left)
Iteration 330 / LogL: -59264.960 / Time: 1h:23m:26s (0h:9m:7s left)
UPDATE BEST LOG-LIKELIHOOD: -59239.548
Iteration 340 / LogL: -59244.285 / Time: 1h:25m:52s (0h:6m:35s left)
Iteration 350 / LogL: -59246.366 / Time: 1h:28m:11s (0h:4m:2s left)
Iteration 360 / LogL: -59265.185 / Time: 1h:30m:35s (0h:1m:30s left)
TREE SEARCH COMPLETED AFTER 367 ITERATIONS / Time: 1h:32m:21s

--------------------------------------------------------------------
|                    FINALIZING TREE SEARCH                        |
--------------------------------------------------------------------
Performs final model parameters optimization
Estimate model parameters (epsilon = 0.010)
1. Initial log-likelihood: -59239.548
2. Current log-likelihood: -59239.525
3. Current log-likelihood: -59239.509
4. Current log-likelihood: -59239.494
5. Current log-likelihood: -59239.481
6. Current log-likelihood: -59239.469
7. Current log-likelihood: -59239.458
8. Current log-likelihood: -59239.447
9. Current log-likelihood: -59239.436
10. Current log-likelihood: -59239.425
11. Current log-likelihood: -59239.415
12. Current log-likelihood: -59239.404
13. Current log-likelihood: -59239.393
14. Current log-likelihood: -59239.383
Optimal log-likelihood: -59239.368
Site proportion and rates:  (0.179,0.036) (0.107,0.237) (0.274,0.662) (0.297,1.403) (0.113,2.300) (0.030,3.691)
Parameters optimization took 14 rounds (70.103 sec)
BEST SCORE FOUND : -59239.368
Total tree length: 20.586

Total number of iterations: 367
CPU time used for tree search: 5518.293 sec (1h:31m:58s)
Wall-clock time used for tree search: 5525.522 sec (1h:32m:5s)
Total CPU time used: 5604.894 sec (1h:33m:24s)
Total wall-clock time used: 5612.247 sec (1h:33m:32s)

Analysis results written to: 
  IQ-TREE report:                results/tree/PGC_crtF/PGC_crtF.iqtree
  Maximum-likelihood tree:       results/tree/PGC_crtF/PGC_crtF.treefile
  Likelihood distances:          results/tree/PGC_crtF/PGC_crtF.mldist
  Screen log file:               results/tree/PGC_crtF/PGC_crtF.log

Date and Time: Fri Jun 21 05:31:40 2024
