IQ-TREE multicore version 2.1.4-beta COVID-edition for Linux 64-bit built Jun 24 2021
Developed by Bui Quang Minh, James Barbetti, Nguyen Lam Tung,
Olga Chernomor, Heiko Schmidt, Dominik Schrempf, Michael Woodhams.

Host:    morrowind (AVX2, FMA3, 503 GB RAM)
Command: iqtree2 -s results/fasta_PGC/gene_trimmed/PGC_acsF_trim.phy -pre results/tree/PGC_acsF/PGC_acsF
Seed:    606914 (Using SPRNG - Scalable Parallel Random Number Generator)
Time:    Thu Jun 20 09:53:29 2024
Kernel:  AVX+FMA - 1 threads (128 CPU cores detected)

HINT: Use -nt option to specify number of threads because your CPU has 128 cores!
HINT: -nt AUTO will automatically determine the best number of threads to use.

Reading alignment file results/fasta_PGC/gene_trimmed/PGC_acsF_trim.phy ... Phylip format detected
Alignment most likely contains protein sequences
WARNING: 43 sites contain only gaps or ambiguous characters.
Alignment has 229 sequences with 1041 columns, 754 distinct patterns
647 parsimony-informative, 43 singleton sites, 351 constant sites
                                              Gap/Ambiguity  Composition  p-value
   1  GCA_011765465.1_ASM1176546v1                   16.81%    passed    100.00%
   2  GCA_015693905.1_ASM1569390v1                   16.43%    passed     99.75%
   3  GCA_019285715.1_ASM1928571v1                   19.02%    passed     99.35%
   4  GCA_019739335.1_ASM1973933v1                   17.20%    passed     99.95%
   5  GCA_000013365.1_ASM1336v1                      17.29%    passed     99.97%
   6  GCA_000013565.1_ASM1356v1                      16.14%    passed     99.97%
   7  GCA_000014045.1_ASM1404v1                      15.85%    passed     61.40%
   8  GCA_000015165.1_ASM1516v1                      16.52%    passed    100.00%
   9  GCA_000016185.1_ASM1618v1                      18.64%    passed     99.99%
  10  GCA_000018145.1_ASM1814v1                      16.14%    passed     99.43%
  11  GCA_000018845.1_ASM1884v1                      16.43%    passed    100.00%
  12  GCA_000019365.1_ASM1936v1                      18.64%    passed     92.50%
  13  GCA_000019725.1_ASM1972v1                      17.48%    passed     99.96%
  14  GCA_000019945.1_ASM1994v1                      16.33%    passed    100.00%
  15  GCA_000020445.1_ASM2044v1                      17.29%    passed     99.99%
  16  GCA_000021005.1_ASM2100v1                      16.62%    passed     99.60%
  17  GCA_000021745.1_ASM2174v1                      18.73%    passed     99.98%
  18  GCA_000021845.1_ASM2184v1                      16.43%    passed    100.00%
  19  GCA_000022685.1_ASM2268v1                      16.43%    passed    100.00%
  20  GCA_000026145.1_ASM2614v1                      16.14%    passed     99.98%
  21  GCA_000083545.1_ASM8354v1                      16.43%    passed    100.00%
  22  GCA_000144605.1_ASM14460v1                     16.81%    passed    100.00%
  23  GCA_000154785.2_ASM15478v2                     16.04%    passed     64.53%
  24  GCA_000195775.2_ASM19577v2                     17.29%    passed    100.00%
  25  GCA_000202835.1_ASM20283v1                     18.35%    passed     71.71%
  26  GCA_000284255.1_ASM28425v1                     18.25%    passed     99.96%
  27  GCA_000284275.1_ASM28427v1                     16.52%    passed     99.94%
  28  GCA_000344805.1_ASM34480v1                     16.71%    passed    100.00%
  29  GCA_000364445.2_ASM36444v2                     17.20%    passed    100.00%
  30  GCA_000512205.2_ASM51220v2                     18.16%    passed     91.61%
  31  GCA_000590925.1_ASM59092v1                     16.81%    passed     99.52%
  32  GCA_000738435.1_ASM73843v1                     16.43%    passed     99.95%
  33  GCA_000757795.1_ASM75779v1                     17.39%    passed    100.00%
  34  GCA_000935025.1_ASM93502v1                     18.35%    passed     96.45%
  35  GCA_000973625.1_ASM97362v1                     15.75%    passed     23.57%
  36  GCA_001304795.1_ASM130479v1                    16.81%    passed    100.00%
  37  GCA_001412535.1_ASM141253v1                    16.52%    passed    100.00%
  38  GCA_001412575.1_ASM141257v1                    15.75%    passed    100.00%
  39  GCA_001483865.1_ASM148386v1                    17.96%    passed     99.95%
  40  GCA_001542815.1_ASM154281v1                    16.43%    passed    100.00%
  41  GCA_001548015.1_ASM154801v1                    16.91%    passed    100.00%
  42  GCA_001548075.1_ASM154807v1                    17.58%    passed     99.45%
  43  GCA_001576595.1_ASM157659v1                    16.71%    passed     99.36%
  44  GCA_001633145.1_ASM163314v1                    17.58%    passed     99.41%
  45  GCA_001633165.1_ASM163316v1                    17.58%    passed     99.41%
  46  GCA_001663155.1_ASM166315v1                    16.43%    passed    100.00%
  47  GCA_001663175.1_ASM166317v1                    17.58%    passed    100.00%
  48  GCA_001685625.1_ASM168562v1                    16.71%    passed     99.36%
  49  GCA_001713355.1_ASM171335v1                    16.43%    passed    100.00%
  50  GCA_001713375.1_ASM171337v1                    16.14%    passed     99.28%
  51  GCA_001713435.1_ASM171343v1                    16.43%    passed    100.00%
  52  GCA_001713455.1_ASM171345v1                    16.43%    passed    100.00%
  53  GCA_001713475.1_ASM171347v1                    16.04%    passed     96.00%
  54  GCA_001719165.1_ASM171916v1                    16.43%    passed    100.00%
  55  GCA_001720465.1_ASM172046v1                    17.10%    passed    100.00%
  56  GCA_001854385.1_ASM185438v1                    17.48%    passed     99.98%
  57  GCA_001870665.2_ASM187066v2                    15.75%    passed     94.77%
  58  GCA_001886735.1_ASM188673v1                    16.04%    passed    100.00%
  59  GCA_001936175.1_ASM193617v1                    17.39%    passed    100.00%
  60  GCA_001955735.1_ASM195573v1                    16.04%    passed     99.81%
  61  GCA_001969365.1_ASM196936v1                    16.81%    passed     95.29%
  62  GCA_001971665.1_ASM197166v1                    16.52%    passed    100.00%
  63  GCA_002002865.1_ASM200286v1                    17.58%    passed     99.87%
  64  GCA_002073975.1_ASM207397v1                    17.29%    passed     99.96%
  65  GCA_002079305.1_ASM207930v1                    16.71%    passed     99.90%
  66  GCA_002080415.1_ASM208041v1                    16.04%    passed     98.48%
  67  GCA_002117815.2_ASM211781v2                    16.43%    passed    100.00%
  68  GCA_002158905.1_ASM215890v1                    16.33%    passed     99.99%
  69  GCA_002266435.2_ASM226643v2                    16.52%    passed     99.99%
  70  GCA_002355515.1_ASM235551v1                    16.52%    passed    100.00%
  71  GCA_002407205.1_ASM240720v1                    16.14%    passed    100.00%
  72  GCA_002706325.1_ASM270632v1                    16.71%    passed     99.36%
  73  GCA_002868735.1_ASM286873v1                    15.95%    passed     99.87%
  74  GCA_002952215.1_ASM295221v1                    17.29%    passed    100.00%
  75  GCA_002983865.1_ASM298386v1                    15.85%    passed     61.40%
  76  GCA_003031245.1_ASM303124v1                    17.20%    passed    100.00%
  77  GCA_003031265.1_ASM303126v1                    17.29%    passed    100.00%
  78  GCA_003065365.1_ASM306536v1                    15.56%    passed     99.53%
  79  GCA_003071405.1_ASM307140v1                    17.96%    passed    100.00%
  80  GCA_003173715.1_ASM317371v1                    17.29%    passed    100.00%
  81  GCA_003173735.1_ASM317373v1                    18.44%    passed     62.59%
  82  GCA_003173755.1_ASM317375v1                    17.00%    passed    100.00%
  83  GCA_003173775.1_ASM317377v1                    16.71%    passed    100.00%
  84  GCA_003254375.1_ASM325437v1                    17.39%    passed    100.00%
  85  GCA_003264115.1_ASM326411v1                    16.04%    passed    100.00%
  86  GCA_003288315.1_ASM328831v1                    16.04%    passed     98.48%
  87  GCA_003324715.1_ASM332471v1                    16.71%    passed     99.36%
  88  GCA_003352165.1_ASM335216v1                    19.02%    passed     99.70%
  89  GCA_003429265.1_ASM342926v1                    16.71%    passed     99.99%
  90  GCA_003431825.1_ASM343182v1                    16.52%    passed    100.00%
  91  GCA_003855495.1_ASM385549v1                    16.81%    passed    100.00%
  92  GCA_003940805.1_ASM394080v1                    16.62%    passed    100.00%
  93  GCA_003952725.1_ASM395272v1                    17.68%    passed    100.00%
  94  GCA_004114955.1_ASM411495v1                    17.00%    passed    100.00%
  95  GCA_004136295.1_ASM413629v1                    18.54%    passed     87.48%
  96  GCA_004216475.1_ASM421647v1                    15.56%    passed     81.87%
  97  GCA_004331955.1_ASM433195v1                    15.37%    passed     99.99%
  98  GCA_004354345.1_ASM435434v1                    18.06%    passed     74.82%
  99  GCA_005311585.1_ASM531158v1                    16.43%    passed     99.92%
 100  GCA_005860795.2_ASM586079v2                    18.25%    passed     99.32%
 101  GCA_006542605.1_ASM654260v1                    17.10%    passed    100.00%
 102  GCA_006740745.1_ASM674074v1                    16.43%    passed    100.00%
 103  GCA_007005445.1_ASM700544v1                    16.71%    passed     99.97%
 104  GCA_007290395.1_ASM729039v1                    16.62%    passed     99.95%
 105  GCA_007954425.1_ASM795442v1                    17.77%    passed     99.78%
 106  GCA_008000895.1_ASM800089v1                    17.39%    passed    100.00%
 107  GCA_008000915.1_ASM800091v1                    16.14%    passed     93.82%
 108  GCA_008728195.1_ASM872819v1                    16.43%    passed     98.98%
 109  GCA_008843145.1_ASM884314v1                    17.00%    passed    100.00%
 110  GCA_008932115.1_ASM893211v1                    16.91%    passed     99.92%
 111  GCA_009363255.1_ASM936325v1                    15.47%    passed     99.66%
 112  GCA_009363495.1_ASM936349v1                    15.47%    passed     99.66%
 113  GCA_009363575.1_ASM936357v1                    15.47%    passed     65.41%
 114  GCA_009363615.1_ASM936361v1                    15.18%    passed     99.87%
 115  GCA_009363635.1_ASM936363v1                    16.81%    passed    100.00%
 116  GCA_009363655.1_ASM936365v1                    15.66%    passed     99.43%
 117  GCA_009363715.1_ASM936371v1                    15.75%    passed     99.75%
 118  GCA_009363735.1_ASM936373v1                    15.75%    passed     99.51%
 119  GCA_009363795.1_ASM936379v1                    15.75%    passed     99.96%
 120  GCA_009650195.1_ASM965019v1                    16.04%    passed     96.14%
 121  GCA_009685175.1_ASM968517v1                    17.00%    passed    100.00%
 122  GCA_009707465.1_ASM970746v1                    18.64%    passed     97.32%
 123  GCA_009762325.1_ASM976232v1                    16.23%    passed     99.70%
 124  GCA_009797665.1_ASM979766v1                    16.71%    passed     99.36%
 125  GCA_009859815.1_ASM985981v1                    16.14%    passed    100.00%
 126  GCA_009913435.1_ASM991343v1                    18.25%    passed     98.57%
 127  GCA_010104355.1_ASM1010435v1                   16.14%    passed    100.00%
 128  GCA_011040475.1_ASM1104047v1                   16.81%    passed     99.94%
 129  GCA_011044255.1_ASM1104425v1                   17.00%    passed     97.00%
 130  GCA_011047315.1_ASM1104731v1                   16.52%    passed    100.00%
 131  GCA_011388215.1_ASM1138821v1                   19.12%    passed     68.56%
 132  GCA_012647365.1_ASM1264736v1                   16.71%    passed     99.36%
 133  GCA_012932215.1_ASM1293221v1                   15.85%    passed     67.43%
 134  GCA_013170845.1_ASM1317084v1                   16.91%    passed     99.98%
 135  GCA_013307245.1_ASM1330724v1                   15.75%    passed     42.40%
 136  GCA_013374095.1_ASM1337409v1                   16.91%    passed    100.00%
 137  GCA_013378075.1_ASM1337807v1                   17.00%    passed    100.00%
 138  GCA_013415845.1_ASM1341584v1                   17.29%    passed     99.99%
 139  GCA_014117445.1_ASM1411744v1                   18.83%    passed     83.90%
 140  GCA_014495845.1_ASM1449584v1                   17.68%    passed     99.98%
 141  GCA_014681765.1_ASM1468176v1                   16.14%    passed    100.00%
 142  GCA_015679265.1_ASM1567926v1                   16.14%    passed    100.00%
 143  GCA_016584445.1_ASM1658444v1                   17.29%    passed    100.00%
 144  GCA_016653635.2_ASM1665363v2                   17.39%    passed    100.00%
 145  GCA_016765655.2_ASM1676565v2                   17.29%    passed    100.00%
 146  GCA_016806065.1_ASM1680606v1                   15.95%    passed     96.63%
 147  GCA_016806835.2_ASM1680683v2                   17.10%    passed    100.00%
 148  GCA_016839165.1_ASM1683916v1                   16.81%    passed     99.84%
 149  GCA_017347565.1_ASM1734756v1                   16.81%    passed    100.00%
 150  GCA_017498565.1_ASM1749856v1                   15.47%    passed     99.78%
 151  GCA_017795885.1_ASM1779588v1                   17.20%    passed    100.00%
 152  GCA_018200035.1_ASM1820003v1                   16.04%    passed     99.70%
 153  GCA_018205975.1_ASM1820597v1                   16.62%    passed    100.00%
 154  GCA_018687415.1_ASM1868741v1                   14.51%    passed     67.10%
 155  GCA_018687475.1_ASM1868747v1                   15.27%    passed     96.77%
 156  GCA_018687675.1_ASM1868767v1                   15.75%    passed     22.62%
 157  GCA_018688155.1_ASM1868815v1                   14.51%    passed     85.46%
 158  GCA_018688255.1_ASM1868825v1                   15.85%    passed     21.00%
 159  GCA_018982885.2_ASM1898288v2                   20.08%    passed     97.22%
 160  GCA_019203965.1_ASM1920396v1                   17.68%    passed     99.88%
 161  GCA_019431245.1_ASM1943124v1                   19.98%    passed     97.79%
 162  GCA_019443285.1_ASM1944328v1                   17.68%    passed     99.38%
 163  GCA_019623905.1_ASM1962390v1                   16.52%    passed     99.99%
 164  GCA_019904235.1_ASM1990423v1                   16.91%    passed     99.91%
 165  GCA_019973775.1_ASM1997377v1                   18.44%    passed     99.96%
 166  GCA_020866845.1_ASM2086684v1                   18.06%    passed     93.19%
 167  GCA_021088345.1_ASM2108834v1                   16.52%    passed    100.00%
 168  GCA_021117295.1_ASM2111729v1                   16.33%    passed    100.00%
 169  GCA_021228015.1_ASM2122801v1                   17.00%    passed    100.00%
 170  GCA_021391315.1_ASM2139131v1                   16.71%    passed     99.99%
 171  GCA_021391535.1_ASM2139153v1                   17.10%    passed    100.00%
 172  GCA_021398735.1_ASM2139873v1                   17.29%    passed    100.00%
 173  GCA_021431965.1_ASM2143196v1                   16.81%    passed    100.00%
 174  GCA_021484845.1_ASM2148484v1                   17.48%    passed     99.98%
 175  GCA_022227035.1_ASM2222703v1                   16.62%    passed     99.99%
 176  GCA_022370455.1_ASM2237045v1                   17.00%    passed    100.00%
 177  GCA_022410435.1_ASM2241043v1                   16.52%    passed     98.48%
 178  GCA_022533465.1_ASM2253346v1                   17.68%    passed    100.00%
 179  GCA_022558965.1_ASM2255896v1                   18.25%    passed     84.76%
 180  GCA_022846615.1_ASM2284661v1                   18.06%    passed     95.85%
 181  GCA_023243115.1_ASM2324311v1                   18.06%    passed     99.98%
 182  GCA_023380025.1_ASM2338002v1                   19.12%    passed     99.98%
 183  GCA_023546765.1_ASM2354676v1                   17.39%    passed    100.00%
 184  GCA_023558335.1_ASM2355833v1                   16.14%    passed     99.43%
 185  GCA_023558355.1_ASM2355835v1                   16.14%    passed     99.43%
 186  GCA_023573145.1_ASM2357314v1                   19.31%    passed     90.80%
 187  GCA_023823125.1_ASM2382312v1                   15.95%    passed    100.00%
 188  GCA_024496245.1_ASM2449624v1                   17.96%    passed     95.95%
 189  GCA_024758705.1_ASM2475870v1                   18.54%    passed     91.49%
 190  GCA_024758725.1_ASM2475872v1                   18.64%    passed     99.92%
 191  GCA_025141175.1_ASM2514117v1                   16.23%    passed     99.90%
 192  GCA_025141935.1_ASM2514193v1                   16.23%    passed     99.67%
 193  GCA_025398155.2_ASM2539815v2                   17.87%    passed     99.91%
 194  GCA_025811215.1_ASM2581121v1                   17.20%    passed    100.00%
 195  GCA_025811355.1_ASM2581135v1                   17.20%    passed    100.00%
 196  GCA_025811435.1_ASM2581143v1                   17.29%    passed    100.00%
 197  GCA_025813715.1_ASM2581371v1                   17.39%    passed    100.00%
 198  GCA_025917005.1_ASM2591700v1                   16.71%    passed    100.00%
 199  GCA_026122595.1_ASM2612259v1                   16.43%    passed    100.00%
 200  GCA_026122615.1_ASM2612261v1                   16.43%    passed    100.00%
 201  GCA_026167525.1_ASM2616752v1                   17.87%    passed     98.02%
 202  GCA_026167545.1_ASM2616754v1                   17.87%    passed     93.62%
 203  GCA_026625025.1_ASM2662502v1                   17.29%    passed    100.00%
 204  GCA_026898155.1_ASM2689815v1                   15.85%    passed     99.87%
 205  GCA_027271155.1_ASM2727115v1                   17.20%    passed    100.00%
 206  GCA_027886585.1_ASM2788658v1                   17.39%    passed     99.86%
 207  GCA_027912195.1_ASM2791219v1                   17.29%    passed     99.99%
 208  GCA_027943985.1_ASM2794398v1                   15.08%    passed     86.80%
 209  GCA_027944005.1_ASM2794400v1                   15.08%    passed     86.80%
 210  GCA_028621955.1_ASM2862195v1                   17.10%    passed    100.00%
 211  GCA_028885395.1_ASM2888539v1                   15.85%    passed     88.43%
 212  GCA_029581395.1_ASM2958139v1                   15.95%    passed     96.65%
 213  GCA_029691625.1_ASM2969162v1                   17.39%    passed    100.00%
 214  GCA_029714205.1_ASM2971420v1                   18.64%    passed     92.50%
 215  GCA_029761955.1_ASM2976195v1                   17.00%    passed    100.00%
 216  GCA_030062705.1_ASM3006270v1                   16.33%    passed    100.00%
 217  GCA_030252425.1_ASM3025242v1                   17.29%    passed    100.00%
 218  GCA_030255395.1_ASM3025539v1                   16.43%    passed    100.00%
 219  GCA_030297555.1_ASM3029755v1                   15.66%    passed     99.40%
 220  GCA_030297575.1_ASM3029757v1                   15.27%    passed     96.93%
 221  GCA_030297595.1_ASM3029759v1                   15.27%    passed     96.93%
 222  GCA_030297615.1_ASM3029761v1                   15.27%    passed     97.72%
 223  GCA_030297635.1_ASM3029763v1                   15.27%    passed     96.93%
 224  GCA_030297655.1_ASM3029765v1                   15.27%    passed     96.93%
 225  GCA_030297675.1_ASM3029767v1                   15.27%    passed     96.93%
 226  GCA_900176205.1_BRAD285_PRJEB202261_v1         16.04%    passed    100.00%
 227  GCA_900234795.1_TK0001_PRJEB23178_v1           16.43%    passed    100.00%
 228  GCA_901457705.2_RHAL1_v2                       17.39%    passed     99.97%
 229  GCA_937425535.1_Rhodovastum_atsumiense_G2-11   18.54%    passed     92.24%
****  TOTAL                                          16.85%  0 sequences failed composition chi2 test (p-value<5%; df=19)
NOTE: GCA_002983865.1_ASM298386v1 is identical to GCA_000014045.1_ASM1404v1 but kept for subsequent analysis
NOTE: GCA_023558335.1_ASM2355833v1 is identical to GCA_000018145.1_ASM1814v1 but kept for subsequent analysis
NOTE: GCA_030255395.1_ASM3025539v1 is identical to GCA_000018845.1_ASM1884v1 but kept for subsequent analysis
NOTE: GCA_029714205.1_ASM2971420v1 is identical to GCA_000019365.1_ASM1936v1 but kept for subsequent analysis
NOTE: GCA_013415845.1_ASM1341584v1 is identical to GCA_000020445.1_ASM2044v1 but kept for subsequent analysis
NOTE: GCA_000083545.1_ASM8354v1 is identical to GCA_000022685.1_ASM2268v1 but kept for subsequent analysis
NOTE: GCA_016584445.1_ASM1658444v1 is identical to GCA_000195775.2_ASM19577v2 but kept for subsequent analysis
NOTE: GCA_001685625.1_ASM168562v1 is identical to GCA_001576595.1_ASM157659v1 but kept for subsequent analysis
NOTE: GCA_001633165.1_ASM163316v1 is identical to GCA_001633145.1_ASM163314v1 but kept for subsequent analysis
NOTE: GCA_021484845.1_ASM2148484v1 is identical to GCA_001854385.1_ASM185438v1 but kept for subsequent analysis
NOTE: GCA_003288315.1_ASM328831v1 is identical to GCA_002080415.1_ASM208041v1 but kept for subsequent analysis
NOTE: GCA_900234795.1_TK0001_PRJEB23178_v1 is identical to GCA_002117815.2_ASM211781v2 but kept for subsequent analysis
NOTE: GCA_025811215.1_ASM2581121v1 is identical to GCA_003031245.1_ASM303124v1 but kept for subsequent analysis
NOTE: GCA_029691625.1_ASM2969162v1 is identical to GCA_003254375.1_ASM325437v1 but kept for subsequent analysis
NOTE: GCA_021391315.1_ASM2139131v1 is identical to GCA_003429265.1_ASM342926v1 but kept for subsequent analysis
NOTE: GCA_009363495.1_ASM936349v1 is identical to GCA_009363255.1_ASM936325v1 but kept for subsequent analysis
NOTE: GCA_010104355.1_ASM1010435v1 is identical to GCA_009859815.1_ASM985981v1 but kept for subsequent analysis
NOTE: GCA_027944005.1_ASM2794400v1 is identical to GCA_027943985.1_ASM2794398v1 but kept for subsequent analysis
NOTE: GCA_030297595.1_ASM3029759v1 is identical to GCA_030297575.1_ASM3029757v1 but kept for subsequent analysis
NOTE: 13 identical sequences (see below) will be ignored for subsequent analysis
NOTE: GCA_023558355.1_ASM2355835v1 (identical to GCA_000018145.1_ASM1814v1) is ignored but added at the end
NOTE: GCA_027912195.1_ASM2791219v1 (identical to GCA_000020445.1_ASM2044v1) is ignored but added at the end
NOTE: GCA_026122595.1_ASM2612259v1 (identical to GCA_000022685.1_ASM2268v1) is ignored but added at the end
NOTE: GCA_026122615.1_ASM2612261v1 (identical to GCA_000022685.1_ASM2268v1) is ignored but added at the end
NOTE: GCA_026625025.1_ASM2662502v1 (identical to GCA_000195775.2_ASM19577v2) is ignored but added at the end
NOTE: GCA_002706325.1_ASM270632v1 (identical to GCA_001576595.1_ASM157659v1) is ignored but added at the end
NOTE: GCA_003324715.1_ASM332471v1 (identical to GCA_001576595.1_ASM157659v1) is ignored but added at the end
NOTE: GCA_009797665.1_ASM979766v1 (identical to GCA_001576595.1_ASM157659v1) is ignored but added at the end
NOTE: GCA_012647365.1_ASM1264736v1 (identical to GCA_001576595.1_ASM157659v1) is ignored but added at the end
NOTE: GCA_025811355.1_ASM2581135v1 (identical to GCA_003031245.1_ASM303124v1) is ignored but added at the end
NOTE: GCA_030297635.1_ASM3029763v1 (identical to GCA_030297575.1_ASM3029757v1) is ignored but added at the end
NOTE: GCA_030297655.1_ASM3029765v1 (identical to GCA_030297575.1_ASM3029757v1) is ignored but added at the end
NOTE: GCA_030297675.1_ASM3029767v1 (identical to GCA_030297575.1_ASM3029757v1) is ignored but added at the end
Alignment was printed to results/tree/PGC_acsF/PGC_acsF.uniqueseq.phy

For your convenience alignment with unique sequences printed to results/tree/PGC_acsF/PGC_acsF.uniqueseq.phy


Create initial parsimony tree by phylogenetic likelihood library (PLL)... 0.188 seconds
Perform fast likelihood tree search using LG+I+G model...
Estimate model parameters (epsilon = 5.000)
Perform nearest neighbor interchange...
Estimate model parameters (epsilon = 1.000)
1. Initial log-likelihood: -65863.919
Optimal log-likelihood: -65863.900
Proportion of invariable sites: 0.279
Gamma shape alpha: 0.910
Parameters optimization took 1 rounds (2.584 sec)
Time for fast ML tree search: 27.108 seconds

NOTE: ModelFinder requires 258 MB RAM!
ModelFinder will test up to 702 protein models (sample size: 1041) ...
 No. Model         -LnL         df  AIC          AICc         BIC
  1  LG            72749.276    429 146356.552   146960.381   148479.217
  2  LG+I          69173.797    430 139207.593   139815.233   141335.206
  3  LG+G4         66120.049    430 133100.097   133707.736   135227.710
  4  LG+I+G4       65863.900    431 132589.801   133201.269   134722.361
  5  LG+R2         67299.921    431 135461.843   136073.311   137594.404
  6  LG+R3         66282.314    433 133430.628   134049.811   135573.085
  7  LG+R4         65947.495    435 132764.989   133391.964   134917.342
  8  LG+R5         65868.635    437 132611.269   133246.115   134773.518
  9  LG+R6         65838.499    439 132554.998   133197.794   134727.143
 10  LG+R7         65781.390    441 132444.779   133095.604   134626.820
 11  LG+R8         65770.492    443 132426.983   133085.918   134618.919
 12  LG+R9         65766.824    445 132423.648   133090.775   134625.480
 23  LG+F+R7       53596.738    460 108113.477   108844.718   110389.528
 24  LG+F+R8       53585.121    462 108094.241   108834.400   110380.188
 25  LG+F+R9       53584.435    464 108096.871   108846.038   110392.714
 36  WAG+R7        65643.034    441 132168.067   132818.892   134350.107
 37  WAG+R8        65637.256    443 132160.513   132819.447   134352.449
 49  WAG+F+R7      53808.272    460 108536.543   109267.785   110812.594
 50  WAG+F+R8      53795.323    462 108514.647   109254.806   110800.594
WARNING: Log-likelihood -53807.3 of WAG+F+R9 worse than WAG+F+R8 -53795.3
 51  WAG+F+R9      53807.291    464 108542.583   109291.749   110838.425
 62  JTT+R7        67439.260    441 135760.520   136411.344   137942.560
 63  JTT+R8        67434.717    443 135755.433   136414.368   137947.369
 75  JTT+F+R7      56495.206    460 113910.412   114641.654   116186.463
 76  JTT+F+R8      56483.098    462 113890.195   114630.355   116176.142
 77  JTT+F+R9      56473.782    464 113875.564   114624.731   116171.407
 88  Q.pfam+R7     65746.079    441 132374.158   133024.982   134556.198
 89  Q.pfam+R8     65737.847    443 132361.695   133020.629   134553.631
 90  Q.pfam+R9     65737.487    445 132364.974   133032.100   134566.806
101  Q.pfam+F+R7   53752.028    460 108424.055   109155.297   110700.106
102  Q.pfam+F+R8   53744.919    462 108413.839   109153.998   110699.786
WARNING: Log-likelihood -53750 of Q.pfam+F+R9 worse than Q.pfam+F+R8 -53744.9
103  Q.pfam+F+R9   53750.049    464 108428.099   109177.265   110723.941
114  Q.bird+R7     71175.023    441 143232.045   143882.870   145414.085
115  Q.bird+R8     71164.568    443 143215.136   143874.071   145407.073
WARNING: Log-likelihood -71174.1 of Q.bird+R9 worse than Q.bird+R8 -71164.6
116  Q.bird+R9     71174.106    445 143238.213   143905.339   145440.045
127  Q.bird+F+R7   60739.070    460 122398.140   123129.382   124674.191
128  Q.bird+F+R8   60729.913    462 122383.826   123123.985   124669.773
129  Q.bird+F+R9   60701.999    464 122331.999   123081.165   124627.842
140  Q.mammal+R7   69788.787    441 140459.573   141110.398   142641.614
141  Q.mammal+R8   69780.394    443 140446.788   141105.722   142638.724
WARNING: Log-likelihood -69782.8 of Q.mammal+R9 worse than Q.mammal+R8 -69780.4
142  Q.mammal+R9   69782.829    445 140455.657   141122.783   142657.489
153  Q.mammal+F+R7 58852.349    460 118624.699   119355.940   120900.750
154  Q.mammal+F+R8 58833.945    462 118591.889   119332.048   120877.836
155  Q.mammal+F+R9 58818.129    464 118564.259   119313.426   120860.102
166  Q.insect+R7   67380.721    441 135643.441   136294.266   137825.482
167  Q.insect+R8   67378.360    443 135642.719   136301.654   137834.655
179  Q.insect+F+R7 54336.451    460 109592.902   110324.143   111868.953
180  Q.insect+F+R8 54328.535    462 109581.070   110321.229   111867.017
WARNING: Log-likelihood -54330.3 of Q.insect+F+R9 worse than Q.insect+F+R8 -54328.5
181  Q.insect+F+R9 54330.252    464 109588.504   110337.671   111884.347
192  Q.plant+R7    70726.535    441 142335.069   142985.894   144517.109
193  Q.plant+R8    70710.733    443 142307.467   142966.401   144499.403
WARNING: Log-likelihood -70718.4 of Q.plant+R9 worse than Q.plant+R8 -70710.7
194  Q.plant+R9    70718.399    445 142326.797   142993.923   144528.629
205  Q.plant+F+R7  58269.234    460 117458.468   118189.710   119734.519
206  Q.plant+F+R8  58254.021    462 117432.042   118172.201   119717.989
207  Q.plant+F+R9  58254.750    464 117437.501   118186.667   119733.343
218  Q.yeast+R7    68284.340    441 137450.679   138101.504   139632.720
219  Q.yeast+R8    68276.889    443 137439.778   138098.713   139631.715
220  Q.yeast+R9    68277.707    445 137445.414   138112.540   139647.246
231  Q.yeast+F+R7  54259.932    460 109439.864   110171.106   111715.915
232  Q.yeast+F+R8  54242.806    462 109409.612   110149.771   111695.559
233  Q.yeast+F+R9  54235.944    464 109399.888   110149.055   111695.731
244  JTTDCMut+R7   67281.716    441 135445.433   136096.257   137627.473
245  JTTDCMut+R8   67277.052    443 135440.104   136099.039   137632.041
257  JTTDCMut+F+R7 56369.302    460 113658.604   114389.846   115934.655
258  JTTDCMut+F+R8 56357.260    462 113638.520   114378.679   115924.467
WARNING: Log-likelihood -56383.2 of JTTDCMut+F+R9 worse than JTTDCMut+F+R8 -56357.3
259  JTTDCMut+F+R9 56383.214    464 113694.428   114443.594   115990.271
270  DCMut+R7      70568.402    441 142018.804   142669.628   144200.844
271  DCMut+R8      70561.339    443 142008.679   142667.614   144200.615
272  DCMut+R9      70555.489    445 142000.979   142668.105   144202.811
283  DCMut+F+R7    59401.835    460 119723.670   120454.911   121999.721
284  DCMut+F+R8    59387.305    462 119698.611   120438.770   121984.558
285  DCMut+F+R9    59370.534    464 119669.068   120418.235   121964.911
296  VT+R7         65853.724    441 132589.447   133240.272   134771.487
297  VT+R8         65852.619    443 132591.238   133250.173   134783.174
309  VT+F+R7       53440.569    460 107801.137   108532.379   110077.188
310  VT+F+R8       53428.505    462 107781.009   108521.169   110066.956
WARNING: Log-likelihood -53435.6 of VT+F+R9 worse than VT+F+R8 -53428.5
311  VT+F+R9       53435.597    464 107799.194   108548.361   110095.037
322  PMB+R7        64247.972    441 129377.944   130028.769   131559.984
323  PMB+R8        64246.232    443 129378.464   130037.399   131570.400
335  PMB+F+R7      52931.059    460 106782.118   107513.359   109058.169
336  PMB+F+R8      52928.395    462 106780.790   107520.950   109066.737
348  Blosum62+R7   64234.524    441 129351.048   130001.873   131533.088
349  Blosum62+R8   64229.528    443 129345.055   130003.990   131536.991
361  Blosum62+F+R7 52607.657    460 106135.314   106866.556   108411.365
362  Blosum62+F+R8 52602.163    462 106128.326   106868.485   108414.273
374  Dayhoff+R7    70568.883    441 142019.765   142670.590   144201.806
375  Dayhoff+R8    70563.107    443 142012.215   142671.150   144204.151
387  Dayhoff+F+R7  59400.746    460 119721.492   120452.733   121997.543
388  Dayhoff+F+R8  59391.277    462 119706.554   120446.713   121992.501
389  Dayhoff+F+R9  59378.970    464 119685.940   120435.107   121981.783
400  mtREV+R7      70357.105    441 141596.210   142247.035   143778.250
401  mtREV+R8      70331.924    443 141549.848   142208.783   143741.784
402  mtREV+R9      70332.135    445 141554.270   142221.396   143756.102
413  mtREV+F+R7    57723.788    460 116367.576   117098.818   118643.627
414  mtREV+F+R8    57711.310    462 116346.620   117086.779   118632.567
415  mtREV+F+R9    57705.012    464 116338.023   117087.190   118633.866
426  mtART+R7      69524.060    441 139930.120   140580.945   142112.161
427  mtART+R8      69512.041    443 139910.081   140569.016   142102.018
WARNING: Log-likelihood -69523.4 of mtART+R9 worse than mtART+R8 -69512
428  mtART+R9      69523.446    445 139936.891   140604.017   142138.723
439  mtART+F+R7    55389.251    460 111698.502   112429.744   113974.553
440  mtART+F+R8    55365.620    462 111655.240   112395.400   113941.187
441  mtART+F+R9    55362.058    464 111652.115   112401.282   113947.958
452  mtZOA+R7      66111.444    441 133104.887   133755.712   135286.928
453  mtZOA+R8      66101.775    443 133089.550   133748.485   135281.486
454  mtZOA+R9      66097.101    445 133084.203   133751.329   135286.035
465  mtZOA+F+R7    54510.030    460 109940.060   110671.301   112216.111
466  mtZOA+F+R8    54495.103    462 109914.205   110654.364   112200.152
WARNING: Log-likelihood -54500.7 of mtZOA+F+R9 worse than mtZOA+F+R8 -54495.1
467  mtZOA+F+R9    54500.702    464 109929.405   110678.571   112225.248
478  mtMet+R7      69589.740    441 140061.480   140712.304   142243.520
479  mtMet+R8      69582.556    443 140051.111   140710.046   142243.047
480  mtMet+R9      69575.539    445 140041.078   140708.204   142242.910
491  mtMet+F+R7    57136.214    460 115192.429   115923.670   117468.480
492  mtMet+F+R8    57127.669    462 115179.337   115919.496   117465.284
493  mtMet+F+R9    57121.501    464 115171.002   115920.168   117466.845
504  mtVer+R7      71245.839    441 143373.678   144024.502   145555.718
505  mtVer+R8      71223.774    443 143333.548   143992.482   145525.484
506  mtVer+R9      71220.888    445 143331.775   143998.901   145533.607
517  mtVer+F+R7    59523.624    460 119967.247   120698.489   122243.298
518  mtVer+F+R8    59509.364    462 119942.728   120682.887   122228.675
519  mtVer+F+R9    59499.007    464 119926.015   120675.181   122221.858
530  mtInv+R7      68462.405    441 137806.810   138457.635   139988.850
531  mtInv+R8      68452.927    443 137791.854   138450.788   139983.790
532  mtInv+R9      68448.770    445 137787.540   138454.667   139989.372
543  mtInv+F+R7    54646.367    460 110212.733   110943.975   112488.784
544  mtInv+F+R8    54642.114    462 110208.228   110948.387   112494.175
556  mtMAM+R7      77140.228    441 155162.455   155813.280   157344.496
557  mtMAM+R8      77074.715    443 155035.431   155694.365   157227.367
558  mtMAM+R9      77057.798    445 155005.595   155672.721   157207.427
569  mtMAM+F+R7    65041.914    460 131003.827   131735.069   133279.878
570  mtMAM+F+R8    65038.419    462 131000.837   131740.996   133286.784
582  HIVb+R7       74786.292    441 150454.584   151105.409   152636.625
583  HIVb+R8       74764.164    443 150414.327   151073.262   152606.263
584  HIVb+R9       74759.283    445 150408.566   151075.692   152610.398
595  HIVb+F+R7     62707.807    460 126335.614   127066.856   128611.665
596  HIVb+F+R8     62699.412    462 126322.823   127062.982   128608.770
597  HIVb+F+R9     62700.128    464 126328.255   127077.422   128624.098
608  HIVw+R7       82798.430    441 166478.860   167129.685   168660.900
609  HIVw+R8       82789.477    443 166464.955   167123.890   168656.891
WARNING: Log-likelihood -82795.5 of HIVw+R9 worse than HIVw+R8 -82789.5
610  HIVw+R9       82795.519    445 166481.038   167148.164   168682.870
621  HIVw+F+R7     66977.457    460 134874.913   135606.155   137150.964
622  HIVw+F+R8     66960.353    462 134844.706   135584.865   137130.653
WARNING: Log-likelihood -67009.1 of HIVw+F+R9 worse than HIVw+F+R8 -66960.4
623  HIVw+F+R9     67009.072    464 134946.144   135695.311   137241.987
634  FLU+R7        76535.659    441 153953.318   154604.142   156135.358
635  FLU+R8        76517.138    443 153920.276   154579.210   156112.212
WARNING: Log-likelihood -76535.6 of FLU+R9 worse than FLU+R8 -76517.1
636  FLU+R9        76535.642    445 153961.285   154628.411   156163.117
647  FLU+F+R7      62076.048    460 125072.095   125803.337   127348.146
648  FLU+F+R8      62072.615    462 125069.229   125809.388   127355.176
660  rtREV+R7      65198.697    441 131279.394   131930.219   133461.434
661  rtREV+R8      65197.051    443 131280.103   131939.037   133472.039
673  rtREV+F+R7    53660.372    460 108240.743   108971.985   110516.794
674  rtREV+F+R8    53655.583    462 108235.166   108975.325   110521.112
686  cpREV+R7      67337.679    441 135557.357   136208.182   137739.398
687  cpREV+R8      67329.911    443 135545.822   136204.757   137737.758
WARNING: Log-likelihood -67335.1 of cpREV+R9 worse than cpREV+R8 -67329.9
688  cpREV+R9      67335.090    445 135560.180   136227.306   137762.012
699  cpREV+F+R7    55011.283    460 110942.566   111673.807   113218.617
700  cpREV+F+R8    55001.032    462 110926.064   111666.224   113212.011
WARNING: Log-likelihood -55002.4 of cpREV+F+R9 worse than cpREV+F+R8 -55001
701  cpREV+F+R9    55002.361    464 110932.722   111681.889   113228.565
Akaike Information Criterion:           Blosum62+F+R8
Corrected Akaike Information Criterion: Blosum62+F+R7
Bayesian Information Criterion:         Blosum62+F+R7
Best-fit model: Blosum62+F+R7 chosen according to BIC

All model information printed to results/tree/PGC_acsF/PGC_acsF.model.gz
CPU time for ModelFinder: 128554.052 seconds (35h:42m:34s)
Wall-clock time for ModelFinder: 128706.864 seconds (35h:45m:6s)
WARNING: States(s) N, D, Q, E, I, L, K, F, P, V rarely appear in alignment and may cause numerical problems

NOTE: 181 MB RAM (0 GB) is required!
Estimate model parameters (epsilon = 0.100)
1. Initial log-likelihood: -52607.657
Optimal log-likelihood: -52607.573
Site proportion and rates:  (0.326,0.015) (0.151,0.234) (0.158,0.658) (0.148,1.255) (0.139,2.273) (0.073,4.216) (0.005,10.084)
Parameters optimization took 1 rounds (22.031 sec)
Computing ML distances based on estimated model parameters...
Computing ML distances took 12.282882 sec (of wall-clock time) 12.282274 sec(of CPU time)
Computing RapidNJ tree took 0.008771 sec (of wall-clock time) 0.014051 sec (of CPU time)
Log-likelihood of RapidNJ tree: -53297.978
--------------------------------------------------------------------
|             INITIALIZING CANDIDATE TREE SET                      |
--------------------------------------------------------------------
Generating 98 parsimony trees... 19.833 second
Computing log-likelihood of 98 initial trees ... 136.569 seconds
Current best score: -52607.573

Do NNI search on 20 best initial trees
Estimate model parameters (epsilon = 0.100)
BETTER TREE FOUND at iteration 1: -52579.513
Estimate model parameters (epsilon = 0.100)
BETTER TREE FOUND at iteration 2: -52537.170
Estimate model parameters (epsilon = 0.100)
BETTER TREE FOUND at iteration 3: -52532.172
Iteration 10 / LogL: -52552.387 / Time: 0h:11m:15s
Iteration 20 / LogL: -52570.536 / Time: 0h:17m:44s
Finish initializing candidate tree set (20)
Current best tree score: -52532.172 / CPU time: 1009.659
Number of iterations: 20
--------------------------------------------------------------------
|               OPTIMIZING CANDIDATE TREE SET                      |
--------------------------------------------------------------------
Estimate model parameters (epsilon = 0.100)
BETTER TREE FOUND at iteration 27: -52531.106
Iteration 30 / LogL: -52560.903 / Time: 0h:24m:51s (1h:23m:10s left)
Iteration 40 / LogL: -52537.485 / Time: 0h:31m:10s (1h:9m:33s left)
Iteration 50 / LogL: -52546.029 / Time: 0h:36m:52s (0h:57m:56s left)
Estimate model parameters (epsilon = 0.100)
BETTER TREE FOUND at iteration 56: -52515.571
Iteration 60 / LogL: -52668.552 / Time: 0h:43m:27s (1h:10m:42s left)
Iteration 70 / LogL: -52528.396 / Time: 0h:49m:40s (1h:1m:54s left)
Iteration 80 / LogL: -52556.864 / Time: 0h:56m:11s (0h:54m:3s left)
Iteration 90 / LogL: -52590.861 / Time: 1h:2m:49s (0h:46m:35s left)
Estimate model parameters (epsilon = 0.100)
BETTER TREE FOUND at iteration 98: -52513.934
Iteration 100 / LogL: -52593.785 / Time: 1h:9m:49s (1h:9m:7s left)
Iteration 110 / LogL: -52598.385 / Time: 1h:16m:2s (1h:1m:23s left)
Estimate model parameters (epsilon = 0.100)
BETTER TREE FOUND at iteration 111: -52513.544
Estimate model parameters (epsilon = 0.100)
BETTER TREE FOUND at iteration 116: -52510.299
Estimate model parameters (epsilon = 0.100)
BETTER TREE FOUND at iteration 120: -52508.292
Iteration 120 / LogL: -52508.292 / Time: 1h:23m:59s (1h:10m:34s left)
Iteration 130 / LogL: -52508.333 / Time: 1h:30m:17s (1h:2m:59s left)
Iteration 140 / LogL: -52509.408 / Time: 1h:36m:26s (0h:55m:30s left)
Iteration 150 / LogL: -52587.003 / Time: 1h:42m:46s (0h:48m:16s left)
Iteration 160 / LogL: -52540.907 / Time: 1h:48m:57s (0h:41m:6s left)
Estimate model parameters (epsilon = 0.100)
BETTER TREE FOUND at iteration 165: -52507.897
Iteration 170 / LogL: -52508.724 / Time: 1h:55m:32s (1h:4m:57s left)
Estimate model parameters (epsilon = 0.100)
BETTER TREE FOUND at iteration 173: -52507.789
Iteration 180 / LogL: -52581.715 / Time: 2h:2m:16s (1h:3m:31s left)
Iteration 190 / LogL: -52569.506 / Time: 2h:8m:16s (0h:56m:19s left)
Iteration 200 / LogL: -52527.937 / Time: 2h:14m:43s (0h:49m:25s left)
Iteration 210 / LogL: -52681.536 / Time: 2h:20m:51s (0h:42m:27s left)
Iteration 220 / LogL: -52554.504 / Time: 2h:27m:27s (0h:35m:41s left)
Iteration 230 / LogL: -52526.373 / Time: 2h:33m:43s (0h:28m:51s left)
Estimate model parameters (epsilon = 0.100)
UPDATE BEST LOG-LIKELIHOOD: -52507.688
Iteration 240 / LogL: -52512.185 / Time: 2h:39m:51s (0h:22m:4s left)
Iteration 250 / LogL: -52653.532 / Time: 2h:46m:3s (0h:15m:20s left)
Iteration 260 / LogL: -52538.419 / Time: 2h:52m:11s (0h:8m:38s left)
Iteration 270 / LogL: -52564.591 / Time: 2h:58m:19s (0h:1m:59s left)
TREE SEARCH COMPLETED AFTER 274 ITERATIONS / Time: 3h:0m:55s

--------------------------------------------------------------------
|                    FINALIZING TREE SEARCH                        |
--------------------------------------------------------------------
Performs final model parameters optimization
Estimate model parameters (epsilon = 0.010)
1. Initial log-likelihood: -52507.688
2. Current log-likelihood: -52507.634
3. Current log-likelihood: -52507.579
4. Current log-likelihood: -52507.510
5. Current log-likelihood: -52507.456
6. Current log-likelihood: -52507.389
7. Current log-likelihood: -52507.338
8. Current log-likelihood: -52507.272
9. Current log-likelihood: -52507.224
10. Current log-likelihood: -52507.171
11. Current log-likelihood: -52507.107
12. Current log-likelihood: -52507.061
13. Current log-likelihood: -52507.014
14. Current log-likelihood: -52506.967
15. Current log-likelihood: -52506.921
16. Current log-likelihood: -52506.875
17. Current log-likelihood: -52506.831
18. Current log-likelihood: -52506.788
19. Current log-likelihood: -52506.746
20. Current log-likelihood: -52506.704
21. Current log-likelihood: -52506.664
22. Current log-likelihood: -52506.625
23. Current log-likelihood: -52506.584
24. Current log-likelihood: -52506.544
25. Current log-likelihood: -52506.507
26. Current log-likelihood: -52506.470
27. Current log-likelihood: -52506.434
28. Current log-likelihood: -52506.397
29. Current log-likelihood: -52506.360
30. Current log-likelihood: -52506.325
31. Current log-likelihood: -52506.292
32. Current log-likelihood: -52506.258
33. Current log-likelihood: -52506.224
34. Current log-likelihood: -52506.191
35. Current log-likelihood: -52506.160
36. Current log-likelihood: -52506.127
37. Current log-likelihood: -52506.095
38. Current log-likelihood: -52506.061
39. Current log-likelihood: -52506.029
40. Current log-likelihood: -52506.000
41. Current log-likelihood: -52505.981
42. Current log-likelihood: -52505.948
43. Current log-likelihood: -52505.918
44. Current log-likelihood: -52505.900
45. Current log-likelihood: -52505.868
46. Current log-likelihood: -52505.840
47. Current log-likelihood: -52505.822
48. Current log-likelihood: -52505.807
49. Current log-likelihood: -52505.790
50. Current log-likelihood: -52505.759
51. Current log-likelihood: -52505.741
52. Current log-likelihood: -52505.710
53. Current log-likelihood: -52505.694
54. Current log-likelihood: -52505.680
55. Current log-likelihood: -52505.663
56. Current log-likelihood: -52505.648
57. Current log-likelihood: -52505.631
58. Current log-likelihood: -52505.616
59. Current log-likelihood: -52505.599
60. Current log-likelihood: -52505.585
61. Current log-likelihood: -52505.568
62. Current log-likelihood: -52505.551
63. Current log-likelihood: -52505.537
64. Current log-likelihood: -52505.524
65. Current log-likelihood: -52505.508
66. Current log-likelihood: -52505.494
67. Current log-likelihood: -52505.478
68. Current log-likelihood: -52505.464
69. Current log-likelihood: -52505.451
70. Current log-likelihood: -52505.436
71. Current log-likelihood: -52505.423
72. Current log-likelihood: -52505.410
73. Current log-likelihood: -52505.395
74. Current log-likelihood: -52505.381
75. Current log-likelihood: -52505.370
76. Current log-likelihood: -52505.355
77. Current log-likelihood: -52505.342
78. Current log-likelihood: -52505.330
79. Current log-likelihood: -52505.315
80. Current log-likelihood: -52505.301
81. Current log-likelihood: -52505.288
82. Current log-likelihood: -52505.276
83. Current log-likelihood: -52505.260
84. Current log-likelihood: -52505.248
85. Current log-likelihood: -52505.236
86. Current log-likelihood: -52505.222
87. Current log-likelihood: -52505.210
88. Current log-likelihood: -52505.198
89. Current log-likelihood: -52505.184
90. Current log-likelihood: -52505.172
91. Current log-likelihood: -52505.161
92. Current log-likelihood: -52505.150
93. Current log-likelihood: -52505.137
94. Current log-likelihood: -52505.125
95. Current log-likelihood: -52505.114
96. Current log-likelihood: -52505.101
97. Current log-likelihood: -52505.089
98. Current log-likelihood: -52505.076
99. Current log-likelihood: -52505.065
Optimal log-likelihood: -52505.065
Site proportion and rates:  (0.316,0.010) (0.157,0.216) (0.171,0.661) (0.149,1.300) (0.137,2.365) (0.066,4.302) (0.005,10.234)
Parameters optimization took 99 rounds (1550.362 sec)
BEST SCORE FOUND : -52505.065
Total tree length: 14.730

Total number of iterations: 274
CPU time used for tree search: 10782.102 sec (2h:59m:42s)
Wall-clock time used for tree search: 10801.355 sec (3h:0m:1s)
Total CPU time used: 12385.194 sec (3h:26m:25s)
Total wall-clock time used: 12406.588 sec (3h:26m:46s)

Analysis results written to: 
  IQ-TREE report:                results/tree/PGC_acsF/PGC_acsF.iqtree
  Maximum-likelihood tree:       results/tree/PGC_acsF/PGC_acsF.treefile
  Likelihood distances:          results/tree/PGC_acsF/PGC_acsF.mldist
  Screen log file:               results/tree/PGC_acsF/PGC_acsF.log

Date and Time: Sat Jun 22 01:05:23 2024
