IQ-TREE multicore version 2.1.4-beta COVID-edition for Linux 64-bit built Jun 24 2021
Developed by Bui Quang Minh, James Barbetti, Nguyen Lam Tung,
Olga Chernomor, Heiko Schmidt, Dominik Schrempf, Michael Woodhams.

Host:    morrowind (AVX2, FMA3, 503 GB RAM)
Command: iqtree2 -s results/fasta_PGC/gene_trimmed/PGC_bchL_trim.phy -pre results/tree/PGC_bchL/PGC_bchL
Seed:    582016 (Using SPRNG - Scalable Parallel Random Number Generator)
Time:    Thu Jun 20 09:53:29 2024
Kernel:  AVX+FMA - 1 threads (128 CPU cores detected)

HINT: Use -nt option to specify number of threads because your CPU has 128 cores!
HINT: -nt AUTO will automatically determine the best number of threads to use.

Reading alignment file results/fasta_PGC/gene_trimmed/PGC_bchL_trim.phy ... Phylip format detected
Alignment most likely contains protein sequences
WARNING: 88 sites contain only gaps or ambiguous characters.
Alignment has 253 sequences with 852 columns, 444 distinct patterns
330 parsimony-informative, 56 singleton sites, 466 constant sites
                                              Gap/Ambiguity  Composition  p-value
   1  GCA_011765465.1_ASM1176546v1                   17.84%    passed    100.00%
   2  GCA_015693905.1_ASM1569390v1                   18.66%    passed    100.00%
   3  GCA_016745215.1_scaff03                        19.84%    passed    100.00%
   4  GCA_019285715.1_ASM1928571v1                   18.66%    passed    100.00%
   5  GCA_019739335.1_ASM1973933v1                   17.96%    passed    100.00%
   6  GCA_000013085.1_ASM1308v1                      19.01%    passed    100.00%
   7  GCA_000013365.1_ASM1336v1                      17.96%    passed    100.00%
   8  GCA_000013565.1_ASM1356v1                      17.84%    passed    100.00%
   9  GCA_000014045.1_ASM1404v1                      18.31%    passed    100.00%
  10  GCA_000015165.1_ASM1516v1                      19.25%    passed    100.00%
  11  GCA_000015585.1_ASM1558v1                      19.25%    passed    100.00%
  12  GCA_000016185.1_ASM1618v1                      19.48%    passed    100.00%
  13  GCA_000018145.1_ASM1814v1                      18.43%    passed    100.00%
  14  GCA_000018845.1_ASM1884v1                      19.37%    passed    100.00%
  15  GCA_000019365.1_ASM1936v1                      19.95%    passed     99.93%
  16  GCA_000019725.1_ASM1972v1                      19.01%    passed    100.00%
  17  GCA_000019945.1_ASM1994v1                      19.37%    passed    100.00%
  18  GCA_000020445.1_ASM2044v1                      17.96%    passed    100.00%
  19  GCA_000021005.1_ASM2100v1                      18.78%    passed    100.00%
  20  GCA_000021745.1_ASM2174v1                      18.43%    passed    100.00%
  21  GCA_000021845.1_ASM2184v1                      19.25%    passed    100.00%
  22  GCA_000021865.1_ASM2186v1                      19.25%    passed    100.00%
  23  GCA_000022685.1_ASM2268v1                      19.37%    passed    100.00%
  24  GCA_000025485.1_ASM2548v1                      18.54%    passed    100.00%
  25  GCA_000026145.1_ASM2614v1                      19.01%    passed    100.00%
  26  GCA_000083545.1_ASM8354v1                      19.37%    passed    100.00%
  27  GCA_000144605.1_ASM14460v1                     18.78%    passed    100.00%
  28  GCA_000154785.2_ASM15478v2                     18.19%    passed    100.00%
  29  GCA_000166055.1_ASM16605v1                     20.42%    passed    100.00%
  30  GCA_000195775.2_ASM19577v2                     17.96%    passed    100.00%
  31  GCA_000202835.1_ASM20283v1                     20.54%    passed     98.15%
  32  GCA_000224005.2_ASM22400v3                     21.36%    passed    100.00%
  33  GCA_000225955.1_ASM22595v1                     19.01%    passed    100.00%
  34  GCA_000227745.2_ASM22774v3                     18.31%    passed    100.00%
  35  GCA_000284255.1_ASM28425v1                     18.54%    passed    100.00%
  36  GCA_000284275.1_ASM28427v1                     18.54%    passed    100.00%
  37  GCA_000284415.1_ASM28441v2                     19.01%    passed    100.00%
  38  GCA_000327045.1_ASM32704v1                     19.95%    passed    100.00%
  39  GCA_000344805.1_ASM34480v1                     19.25%    passed    100.00%
  40  GCA_000364445.2_ASM36444v2                     19.01%    passed    100.00%
  41  GCA_000512205.2_ASM51220v2                     19.13%    passed    100.00%
  42  GCA_000590925.1_ASM59092v1                     23.24%    passed    100.00%
  43  GCA_000738435.1_ASM73843v1                     18.78%    passed    100.00%
  44  GCA_000757795.1_ASM75779v1                     18.90%    passed    100.00%
  45  GCA_000935025.1_ASM93502v1                     18.66%    passed    100.00%
  46  GCA_000973625.1_ASM97362v1                     17.72%    passed     99.32%
  47  GCA_001304795.1_ASM130479v1                    18.43%    passed    100.00%
  48  GCA_001402875.1_ASM140287v1                    19.95%    passed    100.00%
  49  GCA_001412535.1_ASM141253v1                    18.08%    passed     99.98%
  50  GCA_001412575.1_ASM141257v1                    18.19%    passed     99.97%
  51  GCA_001459775.1_Blastochloris_viridis_genome   19.95%    passed    100.00%
  52  GCA_001483865.1_ASM148386v1                    18.66%    passed    100.00%
  53  GCA_001542815.1_ASM154281v1                    19.25%    passed    100.00%
  54  GCA_001548015.1_ASM154801v1                    19.37%    passed    100.00%
  55  GCA_001548075.1_ASM154807v1                    17.96%    passed    100.00%
  56  GCA_001576595.1_ASM157659v1                    18.78%    passed    100.00%
  57  GCA_001632845.1_ASM163284v1                    22.18%    passed    100.00%
  58  GCA_001633145.1_ASM163314v1                    17.96%    passed    100.00%
  59  GCA_001633165.1_ASM163316v1                    17.96%    passed    100.00%
  60  GCA_001663155.1_ASM166315v1                    18.08%    passed    100.00%
  61  GCA_001663175.1_ASM166317v1                    18.54%    passed    100.00%
  62  GCA_001685625.1_ASM168562v1                    18.78%    passed    100.00%
  63  GCA_001713355.1_ASM171335v1                    18.78%    passed    100.00%
  64  GCA_001713375.1_ASM171337v1                    18.31%    passed    100.00%
  65  GCA_001713435.1_ASM171343v1                    18.78%    passed    100.00%
  66  GCA_001713455.1_ASM171345v1                    22.18%    passed    100.00%
  67  GCA_001713475.1_ASM171347v1                    17.84%    passed    100.00%
  68  GCA_001719165.1_ASM171916v1                    17.49%    passed    100.00%
  69  GCA_001720465.1_ASM172046v1                    17.96%    passed    100.00%
  70  GCA_001854385.1_ASM185438v1                    19.01%    passed    100.00%
  71  GCA_001870665.2_ASM187066v2                    18.31%    passed    100.00%
  72  GCA_001886735.1_ASM188673v1                    18.66%    passed    100.00%
  73  GCA_001936175.1_ASM193617v1                    19.01%    passed    100.00%
  74  GCA_001955735.1_ASM195573v1                    18.31%    passed    100.00%
  75  GCA_001969365.1_ASM196936v1                    18.08%    passed    100.00%
  76  GCA_001971665.1_ASM197166v1                    19.25%    passed    100.00%
  77  GCA_002002865.1_ASM200286v1                    18.78%    passed    100.00%
  78  GCA_002073975.1_ASM207397v1                    18.08%    passed    100.00%
  79  GCA_002079305.1_ASM207930v1                    18.31%    passed    100.00%
  80  GCA_002080415.1_ASM208041v1                    18.08%    passed    100.00%
  81  GCA_002117815.2_ASM211781v2                    19.25%    passed    100.00%
  82  GCA_002158905.1_ASM215890v1                    18.66%    passed    100.00%
  83  GCA_002266435.2_ASM226643v2                    18.78%    passed    100.00%
  84  GCA_002355515.1_ASM235551v1                    19.48%    passed    100.00%
  85  GCA_002407205.1_ASM240720v1                    19.13%    passed    100.00%
  86  GCA_002706325.1_ASM270632v1                    18.78%    passed    100.00%
  87  GCA_002813775.1_ASM281377v1                    18.54%    passed    100.00%
  88  GCA_002868735.1_ASM286873v1                    23.12%    passed    100.00%
  89  GCA_002952215.1_ASM295221v1                    17.96%    passed    100.00%
  90  GCA_002983865.1_ASM298386v1                    18.31%    passed    100.00%
  91  GCA_003031245.1_ASM303124v1                    17.96%    passed    100.00%
  92  GCA_003031265.1_ASM303126v1                    17.96%    passed    100.00%
  93  GCA_003065365.1_ASM306536v1                    17.96%    passed     99.71%
  94  GCA_003071405.1_ASM307140v1                    19.13%    passed    100.00%
  95  GCA_003173715.1_ASM317371v1                    18.78%    passed    100.00%
  96  GCA_003173735.1_ASM317373v1                    19.48%    passed    100.00%
  97  GCA_003173755.1_ASM317375v1                    19.37%    passed    100.00%
  98  GCA_003173775.1_ASM317377v1                    19.25%    passed    100.00%
  99  GCA_003254375.1_ASM325437v1                    19.01%    passed    100.00%
 100  GCA_003264115.1_ASM326411v1                    17.96%    passed    100.00%
 101  GCA_003288315.1_ASM328831v1                    18.08%    passed    100.00%
 102  GCA_003324715.1_ASM332471v1                    18.78%    passed    100.00%
 103  GCA_003352165.1_ASM335216v1                    19.60%    passed    100.00%
 104  GCA_003429265.1_ASM342926v1                    19.01%    passed     99.99%
 105  GCA_003431825.1_ASM343182v1                    18.78%    passed    100.00%
 106  GCA_003855495.1_ASM385549v1                    19.13%    passed    100.00%
 107  GCA_003940805.1_ASM394080v1                    18.08%    passed    100.00%
 108  GCA_003952725.1_ASM395272v1                    18.31%    passed    100.00%
 109  GCA_003966715.1_ASM396671v1                    21.48%    passed    100.00%
 110  GCA_004114955.1_ASM411495v1                    19.01%    passed    100.00%
 111  GCA_004136295.1_ASM413629v1                    18.19%    passed    100.00%
 112  GCA_004216475.1_ASM421647v1                    18.43%    passed    100.00%
 113  GCA_004331955.1_ASM433195v1                    17.25%    passed     99.79%
 114  GCA_004354345.1_ASM435434v1                    18.54%    passed    100.00%
 115  GCA_005311585.1_ASM531158v1                    19.01%    passed    100.00%
 116  GCA_005860795.2_ASM586079v2                    17.72%    passed    100.00%
 117  GCA_006542605.1_ASM654260v1                    18.31%    passed    100.00%
 118  GCA_006740745.1_ASM674074v1                    19.48%    passed    100.00%
 119  GCA_007005445.1_ASM700544v1                    18.08%    passed     99.92%
 120  GCA_007290395.1_ASM729039v1                    18.66%    passed    100.00%
 121  GCA_007954425.1_ASM795442v1                    17.72%    passed    100.00%
 122  GCA_008000895.1_ASM800089v1                    19.13%    passed    100.00%
 123  GCA_008000915.1_ASM800091v1                    17.61%    passed     99.99%
 124  GCA_008728195.1_ASM872819v1                    18.19%    passed    100.00%
 125  GCA_008843145.1_ASM884314v1                    19.60%    passed    100.00%
 126  GCA_008932115.1_ASM893211v1                    18.66%    passed    100.00%
 127  GCA_009363255.1_ASM936325v1                    17.72%    passed    100.00%
 128  GCA_009363495.1_ASM936349v1                    17.72%    passed    100.00%
 129  GCA_009363575.1_ASM936357v1                    23.47%    passed    100.00%
 130  GCA_009363615.1_ASM936361v1                    18.90%    passed    100.00%
 131  GCA_009363635.1_ASM936363v1                    17.84%    passed    100.00%
 132  GCA_009363655.1_ASM936365v1                    18.08%    passed    100.00%
 133  GCA_009363715.1_ASM936371v1                    18.08%    passed    100.00%
 134  GCA_009363735.1_ASM936373v1                    18.08%    passed    100.00%
 135  GCA_009363795.1_ASM936379v1                    19.60%    passed    100.00%
 136  GCA_009650195.1_ASM965019v1                    17.84%    passed    100.00%
 137  GCA_009664085.1_ASM966408v1                    18.90%    passed    100.00%
 138  GCA_009685175.1_ASM968517v1                    19.01%    passed    100.00%
 139  GCA_009707465.1_ASM970746v1                    17.72%    passed    100.00%
 140  GCA_009762325.1_ASM976232v1                    18.19%    passed    100.00%
 141  GCA_009797665.1_ASM979766v1                    18.78%    passed    100.00%
 142  GCA_009859815.1_ASM985981v1                    18.31%    passed    100.00%
 143  GCA_009913435.1_ASM991343v1                    18.66%    passed    100.00%
 144  GCA_010104355.1_ASM1010435v1                   18.31%    passed    100.00%
 145  GCA_011040475.1_ASM1104047v1                   18.31%    passed    100.00%
 146  GCA_011044255.1_ASM1104425v1                   18.54%    passed    100.00%
 147  GCA_011047315.1_ASM1104731v1                   18.90%    passed    100.00%
 148  GCA_011290485.1_ASM1129048v1                   18.78%    passed    100.00%
 149  GCA_011388215.1_ASM1138821v1                   19.48%    passed     99.99%
 150  GCA_012647365.1_ASM1264736v1                   18.78%    passed    100.00%
 151  GCA_012932215.1_ASM1293221v1                   18.78%    passed    100.00%
 152  GCA_013170845.1_ASM1317084v1                   21.48%    passed     99.99%
 153  GCA_013307245.1_ASM1330724v1                   17.72%    passed     99.03%
 154  GCA_013374095.1_ASM1337409v1                   18.43%    passed    100.00%
 155  GCA_013378075.1_ASM1337807v1                   18.66%    passed    100.00%
 156  GCA_013415845.1_ASM1341584v1                   17.96%    passed    100.00%
 157  GCA_014117445.1_ASM1411744v1                   18.54%    passed    100.00%
 158  GCA_014495845.1_ASM1449584v1                   18.43%    passed    100.00%
 159  GCA_014622665.1_ASM1462266v1                   19.25%    passed    100.00%
 160  GCA_014681765.1_ASM1468176v1                   17.96%    passed    100.00%
 161  GCA_015679265.1_ASM1567926v1                   19.48%    passed     99.98%
 162  GCA_016584445.1_ASM1658444v1                   17.96%    passed    100.00%
 163  GCA_016653635.2_ASM1665363v2                   19.95%    passed    100.00%
 164  GCA_016765655.2_ASM1676565v2                   19.60%    passed    100.00%
 165  GCA_016806065.1_ASM1680606v1                   17.61%    passed    100.00%
 166  GCA_016806835.2_ASM1680683v2                   19.72%    passed    100.00%
 167  GCA_016839165.1_ASM1683916v1                   18.66%    passed    100.00%
 168  GCA_017347565.1_ASM1734756v1                   19.37%    passed    100.00%
 169  GCA_017498565.1_ASM1749856v1                   17.72%    passed    100.00%
 170  GCA_017795885.1_ASM1779588v1                   18.78%    passed    100.00%
 171  GCA_018200035.1_ASM1820003v1                   18.90%    passed    100.00%
 172  GCA_018205975.1_ASM1820597v1                   18.19%    passed    100.00%
 173  GCA_018399035.1_ASM1839903v1                   19.72%    passed    100.00%
 174  GCA_018409545.1_ASM1840954v1                   18.54%    passed    100.00%
 175  GCA_018687415.1_ASM1868741v1                   17.14%    passed     99.49%
 176  GCA_018687475.1_ASM1868747v1                   18.08%    passed    100.00%
 177  GCA_018687675.1_ASM1868767v1                   17.84%    passed     99.64%
 178  GCA_018688155.1_ASM1868815v1                   17.49%    passed     99.90%
 179  GCA_018688255.1_ASM1868825v1                   17.72%    passed     99.32%
 180  GCA_018982885.2_ASM1898288v2                   19.37%    passed    100.00%
 181  GCA_019134555.1_ASM1913455v1                   19.01%    passed    100.00%
 182  GCA_019203965.1_ASM1920396v1                   19.25%    passed    100.00%
 183  GCA_019431245.1_ASM1943124v1                   19.37%    passed    100.00%
 184  GCA_019443285.1_ASM1944328v1                   18.90%    passed    100.00%
 185  GCA_019623905.1_ASM1962390v1                   19.01%    passed     99.96%
 186  GCA_019904235.1_ASM1990423v1                   17.61%    passed    100.00%
 187  GCA_019973775.1_ASM1997377v1                   18.54%    passed    100.00%
 188  GCA_020866845.1_ASM2086684v1                   18.54%    passed    100.00%
 189  GCA_021088345.1_ASM2108834v1                   19.01%    passed    100.00%
 190  GCA_021117295.1_ASM2111729v1                   19.60%    passed     99.99%
 191  GCA_021228015.1_ASM2122801v1                   19.37%    passed    100.00%
 192  GCA_021228795.1_ASM2122879v1                   19.72%    passed    100.00%
 193  GCA_021391315.1_ASM2139131v1                   19.01%    passed     99.99%
 194  GCA_021391535.1_ASM2139153v1                   18.66%    passed    100.00%
 195  GCA_021398735.1_ASM2139873v1                   19.01%    passed    100.00%
 196  GCA_021431965.1_ASM2143196v1                   18.08%    passed    100.00%
 197  GCA_021484845.1_ASM2148484v1                   19.13%    passed    100.00%
 198  GCA_022227035.1_ASM2222703v1                   19.01%    passed     99.99%
 199  GCA_022370455.1_ASM2237045v1                   19.01%    passed    100.00%
 200  GCA_022410435.1_ASM2241043v1                   20.19%    passed    100.00%
 201  GCA_022533465.1_ASM2253346v1                   19.37%    passed    100.00%
 202  GCA_022558965.1_ASM2255896v1                   20.31%    passed     99.65%
 203  GCA_022846615.1_ASM2284661v1                   19.48%    passed    100.00%
 204  GCA_023243115.1_ASM2324311v1                   22.77%    passed    100.00%
 205  GCA_023380025.1_ASM2338002v1                   19.01%    passed    100.00%
 206  GCA_023546765.1_ASM2354676v1                   19.25%    passed    100.00%
 207  GCA_023558335.1_ASM2355833v1                   18.43%    passed    100.00%
 208  GCA_023558355.1_ASM2355835v1                   18.43%    passed    100.00%
 209  GCA_023573145.1_ASM2357314v1                   19.25%    passed    100.00%
 210  GCA_023823125.1_ASM2382312v1                   17.96%    passed    100.00%
 211  GCA_024496245.1_ASM2449624v1                   18.54%    passed    100.00%
 212  GCA_024758705.1_ASM2475870v1                   18.43%    passed    100.00%
 213  GCA_024758725.1_ASM2475872v1                   19.25%    passed    100.00%
 214  GCA_025141175.1_ASM2514117v1                   18.90%    passed    100.00%
 215  GCA_025141935.1_ASM2514193v1                   18.43%    passed    100.00%
 216  GCA_025398155.2_ASM2539815v2                   18.54%    passed    100.00%
 217  GCA_025811215.1_ASM2581121v1                   17.96%    passed    100.00%
 218  GCA_025811355.1_ASM2581135v1                   17.96%    passed    100.00%
 219  GCA_025811435.1_ASM2581143v1                   17.96%    passed    100.00%
 220  GCA_025813715.1_ASM2581371v1                   19.01%    passed    100.00%
 221  GCA_025917005.1_ASM2591700v1                   18.08%    passed    100.00%
 222  GCA_026122595.1_ASM2612259v1                   19.25%    passed    100.00%
 223  GCA_026122615.1_ASM2612261v1                   19.25%    passed    100.00%
 224  GCA_026167525.1_ASM2616752v1                   18.78%    passed    100.00%
 225  GCA_026167545.1_ASM2616754v1                   18.54%    passed    100.00%
 226  GCA_026625025.1_ASM2662502v1                   17.96%    passed    100.00%
 227  GCA_026898155.1_ASM2689815v1                   18.08%    passed    100.00%
 228  GCA_027271155.1_ASM2727115v1                   18.78%    passed    100.00%
 229  GCA_027886585.1_ASM2788658v1                   19.37%    passed     99.41%
 230  GCA_027912195.1_ASM2791219v1                   17.96%    passed    100.00%
 231  GCA_027943985.1_ASM2794398v1                   17.96%    passed     99.92%
 232  GCA_027944005.1_ASM2794400v1                   17.96%    passed     99.92%
 233  GCA_028621955.1_ASM2862195v1                   17.96%    passed    100.00%
 234  GCA_028885395.1_ASM2888539v1                   17.96%    passed    100.00%
 235  GCA_029277405.1_ASM2927740v1                   19.25%    passed    100.00%
 236  GCA_029581395.1_ASM2958139v1                   18.54%    passed    100.00%
 237  GCA_029691625.1_ASM2969162v1                   19.01%    passed    100.00%
 238  GCA_029714205.1_ASM2971420v1                   19.95%    passed     99.93%
 239  GCA_029761955.1_ASM2976195v1                   19.25%    passed    100.00%
 240  GCA_030062705.1_ASM3006270v1                   19.25%    passed    100.00%
 241  GCA_030252425.1_ASM3025242v1                   23.83%    passed     99.56%
 242  GCA_030255395.1_ASM3025539v1                   19.37%    passed    100.00%
 243  GCA_030297555.1_ASM3029755v1                   18.08%    passed    100.00%
 244  GCA_030297575.1_ASM3029757v1                   18.08%    passed    100.00%
 245  GCA_030297595.1_ASM3029759v1                   18.08%    passed    100.00%
 246  GCA_030297615.1_ASM3029761v1                   18.08%    passed    100.00%
 247  GCA_030297635.1_ASM3029763v1                   18.08%    passed    100.00%
 248  GCA_030297655.1_ASM3029765v1                   18.08%    passed    100.00%
 249  GCA_030297675.1_ASM3029767v1                   18.08%    passed    100.00%
 250  GCA_900176205.1_BRAD285_PRJEB202261_v1         18.90%    passed    100.00%
 251  GCA_900234795.1_TK0001_PRJEB23178_v1           19.25%    passed    100.00%
 252  GCA_901457705.2_RHAL1_v2                       18.43%    passed     99.87%
 253  GCA_937425535.1_Rhodovastum_atsumiense_G2-11   18.90%    passed     99.94%
****  TOTAL                                          18.82%  0 sequences failed composition chi2 test (p-value<5%; df=19)
NOTE: GCA_000225955.1_ASM22595v1 is identical to GCA_000013085.1_ASM1308v1 but kept for subsequent analysis
NOTE: GCA_002983865.1_ASM298386v1 is identical to GCA_000014045.1_ASM1404v1 but kept for subsequent analysis
NOTE: GCA_023558335.1_ASM2355833v1 is identical to GCA_000018145.1_ASM1814v1 but kept for subsequent analysis
NOTE: GCA_030255395.1_ASM3025539v1 is identical to GCA_000018845.1_ASM1884v1 but kept for subsequent analysis
NOTE: GCA_029714205.1_ASM2971420v1 is identical to GCA_000019365.1_ASM1936v1 but kept for subsequent analysis
NOTE: GCA_001854385.1_ASM185438v1 is identical to GCA_000019725.1_ASM1972v1 but kept for subsequent analysis
NOTE: GCA_000195775.2_ASM19577v2 is identical to GCA_000020445.1_ASM2044v1 but kept for subsequent analysis
NOTE: GCA_001576595.1_ASM157659v1 is identical to GCA_000021005.1_ASM2100v1 but kept for subsequent analysis
NOTE: GCA_002117815.2_ASM211781v2 is identical to GCA_000021845.1_ASM2184v1 but kept for subsequent analysis
NOTE: GCA_018688255.1_ASM1868825v1 is identical to GCA_000973625.1_ASM97362v1 but kept for subsequent analysis
NOTE: GCA_001459775.1_Blastochloris_viridis_genome is identical to GCA_001402875.1_ASM140287v1 but kept for subsequent analysis
NOTE: GCA_003173755.1_ASM317375v1 is identical to GCA_001548015.1_ASM154801v1 but kept for subsequent analysis
NOTE: GCA_001633165.1_ASM163316v1 is identical to GCA_001633145.1_ASM163314v1 but kept for subsequent analysis
NOTE: GCA_003431825.1_ASM343182v1 is identical to GCA_001713435.1_ASM171343v1 but kept for subsequent analysis
NOTE: GCA_009650195.1_ASM965019v1 is identical to GCA_001713475.1_ASM171347v1 but kept for subsequent analysis
NOTE: GCA_003254375.1_ASM325437v1 is identical to GCA_001936175.1_ASM193617v1 but kept for subsequent analysis
NOTE: GCA_003288315.1_ASM328831v1 is identical to GCA_002080415.1_ASM208041v1 but kept for subsequent analysis
NOTE: GCA_003031265.1_ASM303126v1 is identical to GCA_003031245.1_ASM303124v1 but kept for subsequent analysis
NOTE: GCA_029761955.1_ASM2976195v1 is identical to GCA_003173775.1_ASM317377v1 but kept for subsequent analysis
NOTE: GCA_021391315.1_ASM2139131v1 is identical to GCA_003429265.1_ASM342926v1 but kept for subsequent analysis
NOTE: GCA_009363495.1_ASM936349v1 is identical to GCA_009363255.1_ASM936325v1 but kept for subsequent analysis
NOTE: GCA_022370455.1_ASM2237045v1 is identical to GCA_009685175.1_ASM968517v1 but kept for subsequent analysis
NOTE: GCA_010104355.1_ASM1010435v1 is identical to GCA_009859815.1_ASM985981v1 but kept for subsequent analysis
NOTE: GCA_029277405.1_ASM2927740v1 is identical to GCA_014622665.1_ASM1462266v1 but kept for subsequent analysis
NOTE: GCA_030297615.1_ASM3029761v1 is identical to GCA_018687475.1_ASM1868747v1 but kept for subsequent analysis
NOTE: GCA_026167545.1_ASM2616754v1 is identical to GCA_024496245.1_ASM2449624v1 but kept for subsequent analysis
NOTE: GCA_026122615.1_ASM2612261v1 is identical to GCA_026122595.1_ASM2612259v1 but kept for subsequent analysis
NOTE: GCA_027944005.1_ASM2794400v1 is identical to GCA_027943985.1_ASM2794398v1 but kept for subsequent analysis
NOTE: GCA_030297575.1_ASM3029757v1 is identical to GCA_030297555.1_ASM3029755v1 but kept for subsequent analysis
NOTE: 21 identical sequences (see below) will be ignored for subsequent analysis
NOTE: GCA_019134555.1_ASM1913455v1 (identical to GCA_000013085.1_ASM1308v1) is ignored but added at the end
NOTE: GCA_023558355.1_ASM2355835v1 (identical to GCA_000018145.1_ASM1814v1) is ignored but added at the end
NOTE: GCA_013415845.1_ASM1341584v1 (identical to GCA_000020445.1_ASM2044v1) is ignored but added at the end
NOTE: GCA_016584445.1_ASM1658444v1 (identical to GCA_000020445.1_ASM2044v1) is ignored but added at the end
NOTE: GCA_026625025.1_ASM2662502v1 (identical to GCA_000020445.1_ASM2044v1) is ignored but added at the end
NOTE: GCA_027912195.1_ASM2791219v1 (identical to GCA_000020445.1_ASM2044v1) is ignored but added at the end
NOTE: GCA_001685625.1_ASM168562v1 (identical to GCA_000021005.1_ASM2100v1) is ignored but added at the end
NOTE: GCA_002706325.1_ASM270632v1 (identical to GCA_000021005.1_ASM2100v1) is ignored but added at the end
NOTE: GCA_003324715.1_ASM332471v1 (identical to GCA_000021005.1_ASM2100v1) is ignored but added at the end
NOTE: GCA_009797665.1_ASM979766v1 (identical to GCA_000021005.1_ASM2100v1) is ignored but added at the end
NOTE: GCA_012647365.1_ASM1264736v1 (identical to GCA_000021005.1_ASM2100v1) is ignored but added at the end
NOTE: GCA_900234795.1_TK0001_PRJEB23178_v1 (identical to GCA_000021845.1_ASM2184v1) is ignored but added at the end
NOTE: GCA_029691625.1_ASM2969162v1 (identical to GCA_001936175.1_ASM193617v1) is ignored but added at the end
NOTE: GCA_025811215.1_ASM2581121v1 (identical to GCA_003031245.1_ASM303124v1) is ignored but added at the end
NOTE: GCA_025811355.1_ASM2581135v1 (identical to GCA_003031245.1_ASM303124v1) is ignored but added at the end
NOTE: GCA_025811435.1_ASM2581143v1 (identical to GCA_003031245.1_ASM303124v1) is ignored but added at the end
NOTE: GCA_022227035.1_ASM2222703v1 (identical to GCA_003429265.1_ASM342926v1) is ignored but added at the end
NOTE: GCA_030297595.1_ASM3029759v1 (identical to GCA_030297555.1_ASM3029755v1) is ignored but added at the end
NOTE: GCA_030297635.1_ASM3029763v1 (identical to GCA_030297555.1_ASM3029755v1) is ignored but added at the end
NOTE: GCA_030297655.1_ASM3029765v1 (identical to GCA_030297555.1_ASM3029755v1) is ignored but added at the end
NOTE: GCA_030297675.1_ASM3029767v1 (identical to GCA_030297555.1_ASM3029755v1) is ignored but added at the end
Alignment was printed to results/tree/PGC_bchL/PGC_bchL.uniqueseq.phy

For your convenience alignment with unique sequences printed to results/tree/PGC_bchL/PGC_bchL.uniqueseq.phy


Create initial parsimony tree by phylogenetic likelihood library (PLL)... 0.149 seconds
Perform fast likelihood tree search using LG+I+G model...
Estimate model parameters (epsilon = 5.000)
Perform nearest neighbor interchange...
Estimate model parameters (epsilon = 1.000)
1. Initial log-likelihood: -31939.637
Optimal log-likelihood: -31939.308
Proportion of invariable sites: 0.440
Gamma shape alpha: 0.713
Parameters optimization took 1 rounds (1.639 sec)
Time for fast ML tree search: 16.695 seconds

NOTE: ModelFinder requires 166 MB RAM!
ModelFinder will test up to 702 protein models (sample size: 852) ...
 No. Model         -LnL         df  AIC          AICc         BIC
  1  LG            36520.892    461 73963.784    75056.000    76152.422
  2  LG+I          33718.023    462 68360.046    69459.819    70553.431
  3  LG+G4         32154.839    462 65233.677    66333.451    67427.062
  4  LG+I+G4       31939.261    463 64804.522    65911.904    67002.655
  5  LG+R2         32732.562    463 66391.125    67498.506    68589.257
  6  LG+R3         32158.400    465 65246.801    66369.547    67454.429
  7  LG+R4         31989.199    467 64912.398    66050.711    67129.521
  8  LG+R5         31961.521    469 64861.041    66015.125    67087.659
  9  LG+R6         31878.103    471 64698.206    65868.269    66934.319
 10  LG+R7         31865.281    473 64676.562    65862.816    66922.171
 11  LG+R8         31861.304    475 64672.608    65875.268    66927.712
 23  LG+F+R7       26096.641    492 53177.282    54528.569    55513.095
 24  LG+F+R8       26093.474    494 53174.947    54544.863    55520.255
 36  WAG+R7        31707.481    473 64360.962    65547.216    66606.570
WARNING: Log-likelihood -31720.7 of WAG+R8 worse than WAG+R7 -31707.5
 37  WAG+R8        31720.725    475 64391.450    65594.110    66646.554
 49  WAG+F+R7      26125.918    492 53235.835    54587.122    55571.648
 50  WAG+F+R8      26123.242    494 53234.484    54604.400    55579.792
 62  JTT+R7        32474.219    473 65894.438    67080.692    68140.047
 63  JTT+R8        32472.053    475 65894.106    67096.765    68149.209
 75  JTT+F+R7      27335.962    492 55655.923    57007.210    57991.736
WARNING: Log-likelihood -27346.7 of JTT+F+R8 worse than JTT+F+R7 -27336
 76  JTT+F+R8      27346.741    494 55681.482    57051.398    58026.790
 88  Q.pfam+R7     31849.109    473 64644.218    65830.472    66889.826
 89  Q.pfam+R8     31846.807    475 64643.614    65846.273    66898.717
101  Q.pfam+F+R7   26195.155    492 53374.310    54725.597    55710.123
102  Q.pfam+F+R8   26191.611    494 53371.221    54741.137    55716.529
114  Q.bird+R7     34079.206    473 69104.413    70290.667    71350.021
115  Q.bird+R8     34076.710    475 69103.421    70306.080    71358.524
127  Q.bird+F+R7   29202.861    492 59389.722    60741.009    61725.534
128  Q.bird+F+R8   29203.783    494 59395.566    60765.482    61740.874
140  Q.mammal+R7   33510.244    473 67966.489    69152.743    70212.097
141  Q.mammal+R8   33507.805    475 67965.610    69168.270    70220.714
153  Q.mammal+F+R7 28392.794    492 57769.588    59120.875    60105.400
154  Q.mammal+F+R8 28392.032    494 57772.064    59141.980    60117.371
166  Q.insect+R7   32664.402    473 66274.804    67461.058    68520.412
167  Q.insect+R8   32662.382    475 66274.764    67477.424    68529.868
179  Q.insect+F+R7 26422.456    492 53828.912    55180.199    56164.725
180  Q.insect+F+R8 26420.244    494 53828.489    55198.405    56173.797
192  Q.plant+R7    34054.454    473 69054.909    70241.163    71300.517
193  Q.plant+R8    34051.570    475 69053.140    70255.800    71308.244
205  Q.plant+F+R7  28099.900    492 57183.801    58535.087    59519.613
206  Q.plant+F+R8  28097.390    494 57182.780    58552.696    59528.088
218  Q.yeast+R7    33128.154    473 67202.308    68388.562    69447.916
WARNING: Log-likelihood -33131.8 of Q.yeast+R8 worse than Q.yeast+R7 -33128.2
219  Q.yeast+R8    33131.844    475 67213.687    68416.347    69468.791
231  Q.yeast+F+R7  26439.066    492 53862.132    55213.419    56197.944
232  Q.yeast+F+R8  26437.439    494 53862.877    55232.793    56208.185
244  JTTDCMut+R7   32380.034    473 65706.069    66892.323    67951.677
245  JTTDCMut+R8   32378.174    475 65706.349    66909.008    67961.452
257  JTTDCMut+F+R7 27263.479    492 55510.958    56862.245    57846.771
258  JTTDCMut+F+R8 27263.462    494 55514.925    56884.841    57860.233
270  DCMut+R7      34096.835    473 69139.669    70325.923    71385.278
271  DCMut+R8      34095.039    475 69140.078    70342.738    71395.182
283  DCMut+F+R7    28836.123    492 58656.245    60007.532    60992.058
284  DCMut+F+R8    28810.254    494 58608.509    59978.425    60953.817
296  VT+R7         31866.163    473 64678.326    65864.580    66923.935
297  VT+R8         31864.200    475 64678.400    65881.060    66933.504
309  VT+F+R7       25990.640    492 52965.280    54316.567    55301.093
310  VT+F+R8       25988.542    494 52965.085    54335.001    55310.392
322  PMB+R7        31175.869    473 63297.739    64483.993    65543.347
323  PMB+R8        31175.167    475 63300.334    64502.994    65555.438
335  PMB+F+R7      25794.136    492 52572.273    53923.560    54908.085
336  PMB+F+R8      25792.578    494 52573.155    53943.071    54918.463
348  Blosum62+R7   31207.421    473 63360.841    64547.095    65606.450
349  Blosum62+R8   31206.796    475 63363.592    64566.252    65618.696
361  Blosum62+F+R7 25674.893    492 52333.786    53685.072    54669.598
362  Blosum62+F+R8 25672.757    494 52333.514    53703.430    54678.822
374  Dayhoff+R7    34119.627    473 69185.253    70371.507    71430.862
375  Dayhoff+R8    34087.438    475 69124.876    70327.536    71379.980
387  Dayhoff+F+R7  28819.142    492 58622.284    59973.571    60958.096
388  Dayhoff+F+R8  28810.658    494 58609.315    59979.231    60954.623
400  mtREV+R7      34197.556    473 69341.111    70527.365    71586.720
401  mtREV+R8      34197.561    475 69345.121    70547.781    71600.225
413  mtREV+F+R7    27928.385    492 56840.771    58192.057    59176.583
414  mtREV+F+R8    27922.009    494 56832.018    58201.934    59177.325
426  mtART+R7      34094.072    473 69134.143    70320.397    71379.752
427  mtART+R8      34091.975    475 69133.950    70336.609    71389.053
439  mtART+F+R7    26997.494    492 54978.987    56330.274    57314.800
WARNING: Log-likelihood -27000.6 of mtART+F+R8 worse than mtART+F+R7 -26997.5
440  mtART+F+R8    27000.611    494 54989.223    56359.138    57334.530
452  mtZOA+R7      32293.846    473 65533.692    66719.946    67779.300
WARNING: Log-likelihood -32295.8 of mtZOA+R8 worse than mtZOA+R7 -32293.8
453  mtZOA+R8      32295.840    475 65541.680    66744.340    67796.784
465  mtZOA+F+R7    26493.428    492 53970.857    55322.143    56306.669
466  mtZOA+F+R8    26490.688    494 53969.376    55339.292    56314.684
478  mtMet+R7      33717.045    473 68380.089    69566.343    70625.698
479  mtMet+R8      33716.427    475 68382.854    69585.514    70637.958
491  mtMet+F+R7    27500.282    492 55984.564    57335.851    58320.376
WARNING: Log-likelihood -27523.8 of mtMet+F+R8 worse than mtMet+F+R7 -27500.3
492  mtMet+F+R8    27523.821    494 56035.642    57405.558    58380.950
504  mtVer+R7      34350.786    473 69647.572    70833.826    71893.180
WARNING: Log-likelihood -34359.6 of mtVer+R8 worse than mtVer+R7 -34350.8
505  mtVer+R8      34359.573    475 69669.146    70871.806    71924.250
517  mtVer+F+R7    28563.918    492 58111.835    59463.122    60447.648
WARNING: Log-likelihood -28581.1 of mtVer+F+R8 worse than mtVer+F+R7 -28563.9
518  mtVer+F+R8    28581.093    494 58150.186    59520.102    60495.494
530  mtInv+R7      33327.435    473 67600.871    68787.125    69846.479
531  mtInv+R8      33327.098    475 67604.195    68806.855    69859.299
543  mtInv+F+R7    26483.520    492 53951.039    55302.326    56286.852
544  mtInv+F+R8    26483.138    494 53954.275    55324.191    56299.583
556  mtMAM+R7      37491.362    473 75928.724    77114.978    78174.332
557  mtMAM+R8      37488.794    475 75927.587    77130.247    78182.691
569  mtMAM+F+R7    31598.705    492 64181.409    65532.696    66517.222
WARNING: Log-likelihood -31613.9 of mtMAM+F+R8 worse than mtMAM+F+R7 -31598.7
570  mtMAM+F+R8    31613.905    494 64215.811    65585.726    66561.118
582  HIVb+R7       35831.798    473 72609.595    73795.849    74855.204
WARNING: Log-likelihood -35833.2 of HIVb+R8 worse than HIVb+R7 -35831.8
583  HIVb+R8       35833.205    475 72616.410    73819.070    74871.514
595  HIVb+F+R7     30296.562    492 61577.124    62928.411    63912.937
596  HIVb+F+R8     30284.322    494 61556.644    62926.560    63901.952
608  HIVw+R7       39582.976    473 80111.952    81298.206    82357.560
WARNING: Log-likelihood -39585.1 of HIVw+R8 worse than HIVw+R7 -39583
609  HIVw+R8       39585.095    475 80120.190    81322.850    82375.294
621  HIVw+F+R7     32567.152    492 66118.304    67469.591    68454.116
WARNING: Log-likelihood -32578.1 of HIVw+F+R8 worse than HIVw+F+R7 -32567.2
622  HIVw+F+R8     32578.056    494 66144.112    67514.028    68489.420
634  FLU+R7        36513.755    473 73973.510    75159.764    76219.118
WARNING: Log-likelihood -36520 of FLU+R8 worse than FLU+R7 -36513.8
635  FLU+R8        36520.007    475 73990.014    75192.673    76245.117
647  FLU+F+R7      29867.822    492 60719.644    62070.931    63055.457
WARNING: Log-likelihood -29882.9 of FLU+F+R8 worse than FLU+F+R7 -29867.8
648  FLU+F+R8      29882.920    494 60753.840    62123.756    63099.147
660  rtREV+R7      31662.428    473 64270.855    65457.109    66516.464
661  rtREV+R8      31658.834    475 64267.668    65470.328    66522.772
673  rtREV+F+R7    26110.647    492 53205.293    54556.580    55541.106
WARNING: Log-likelihood -26140.1 of rtREV+F+R8 worse than rtREV+F+R7 -26110.6
674  rtREV+F+R8    26140.117    494 53268.235    54638.150    55613.542
686  cpREV+R7      32387.860    473 65721.720    66907.974    67967.328
687  cpREV+R8      32387.671    475 65725.341    66928.001    67980.445
699  cpREV+F+R7    26568.475    492 54120.951    55472.238    56456.763
700  cpREV+F+R8    26565.602    494 54119.203    55489.119    56464.511
Akaike Information Criterion:           Blosum62+F+R8
Corrected Akaike Information Criterion: Blosum62+F+R7
Bayesian Information Criterion:         Blosum62+F+R7
Best-fit model: Blosum62+F+R7 chosen according to BIC

All model information printed to results/tree/PGC_bchL/PGC_bchL.model.gz
CPU time for ModelFinder: 60078.403 seconds (16h:41m:18s)
Wall-clock time for ModelFinder: 60141.199 seconds (16h:42m:21s)
WARNING: States(s) N, D, Q, E, I, L, K, F, P, V rarely appear in alignment and may cause numerical problems

NOTE: 116 MB RAM (0 GB) is required!
Estimate model parameters (epsilon = 0.100)
1. Initial log-likelihood: -25674.893
Optimal log-likelihood: -25674.785
Site proportion and rates:  (0.543,0.020) (0.071,0.295) (0.121,0.633) (0.106,1.733) (0.078,2.877) (0.070,5.290) (0.011,10.278)
Parameters optimization took 1 rounds (11.623 sec)
Computing ML distances based on estimated model parameters...
Computing ML distances took 13.552900 sec (of wall-clock time) 13.552246 sec(of CPU time)
Computing RapidNJ tree took 0.013422 sec (of wall-clock time) 0.027052 sec (of CPU time)
Log-likelihood of RapidNJ tree: -26490.687
--------------------------------------------------------------------
|             INITIALIZING CANDIDATE TREE SET                      |
--------------------------------------------------------------------
Generating 98 parsimony trees... 13.897 second
Computing log-likelihood of 98 initial trees ... 74.888 seconds
Current best score: -25674.785

Do NNI search on 20 best initial trees
Estimate model parameters (epsilon = 0.100)
BETTER TREE FOUND at iteration 1: -25643.231
Estimate model parameters (epsilon = 0.100)
BETTER TREE FOUND at iteration 2: -25595.611
Estimate model parameters (epsilon = 0.100)
BETTER TREE FOUND at iteration 7: -25589.606
Estimate model parameters (epsilon = 0.100)
BETTER TREE FOUND at iteration 8: -25580.816
Estimate model parameters (epsilon = 0.100)
BETTER TREE FOUND at iteration 10: -25569.255
Iteration 10 / LogL: -25569.255 / Time: 0h:7m:29s
Iteration 20 / LogL: -25651.438 / Time: 0h:10m:53s
Finish initializing candidate tree set (20)
Current best tree score: -25569.255 / CPU time: 618.657
Number of iterations: 20
--------------------------------------------------------------------
|               OPTIMIZING CANDIDATE TREE SET                      |
--------------------------------------------------------------------
Estimate model parameters (epsilon = 0.100)
BETTER TREE FOUND at iteration 22: -25561.312
Estimate model parameters (epsilon = 0.100)
BETTER TREE FOUND at iteration 28: -25556.217
Iteration 30 / LogL: -25573.205 / Time: 0h:14m:55s (0h:50m:27s left)
Estimate model parameters (epsilon = 0.100)
BETTER TREE FOUND at iteration 31: -25550.429
Estimate model parameters (epsilon = 0.100)
BETTER TREE FOUND at iteration 37: -25549.487
Iteration 40 / LogL: -25559.556 / Time: 0h:19m:3s (0h:47m:24s left)
Estimate model parameters (epsilon = 0.100)
BETTER TREE FOUND at iteration 49: -25547.847
Iteration 50 / LogL: -25549.720 / Time: 0h:22m:41s (0h:45m:51s left)
Estimate model parameters (epsilon = 0.100)
BETTER TREE FOUND at iteration 51: -25546.255
Estimate model parameters (epsilon = 0.100)
BETTER TREE FOUND at iteration 57: -25541.307
Estimate model parameters (epsilon = 0.100)
BETTER TREE FOUND at iteration 59: -25539.424
Iteration 60 / LogL: -25551.127 / Time: 0h:27m:11s (0h:45m:37s left)
Iteration 70 / LogL: -25566.840 / Time: 0h:30m:24s (0h:39m:13s left)
Iteration 80 / LogL: -25594.369 / Time: 0h:33m:49s (0h:33m:49s left)
Estimate model parameters (epsilon = 0.100)
BETTER TREE FOUND at iteration 87: -25538.575
Iteration 90 / LogL: -25624.487 / Time: 0h:37m:4s (0h:40m:24s left)
Estimate model parameters (epsilon = 0.100)
BETTER TREE FOUND at iteration 91: -25535.493
Iteration 100 / LogL: -25561.956 / Time: 0h:40m:40s (0h:37m:22s left)
Iteration 110 / LogL: -25538.323 / Time: 0h:43m:49s (0h:32m:33s left)
Estimate model parameters (epsilon = 0.100)
BETTER TREE FOUND at iteration 119: -25533.786
Iteration 120 / LogL: -25550.037 / Time: 0h:47m:17s (0h:39m:20s left)
Iteration 130 / LogL: -25534.727 / Time: 0h:50m:23s (0h:34m:45s left)
Estimate model parameters (epsilon = 0.100)
BETTER TREE FOUND at iteration 139: -25532.777
Iteration 140 / LogL: -25585.453 / Time: 0h:53m:50s (0h:38m:21s left)
Estimate model parameters (epsilon = 0.100)
BETTER TREE FOUND at iteration 143: -25532.022
Iteration 150 / LogL: -25543.358 / Time: 0h:57m:17s (0h:35m:45s left)
Iteration 160 / LogL: -25536.295 / Time: 1h:0m:45s (0h:31m:42s left)
Iteration 170 / LogL: -25636.689 / Time: 1h:4m:4s (0h:27m:40s left)
Estimate model parameters (epsilon = 0.100)
BETTER TREE FOUND at iteration 172: -25527.308
Iteration 180 / LogL: -25531.112 / Time: 1h:7m:40s (0h:34m:46s left)
Iteration 190 / LogL: -25564.612 / Time: 1h:10m:46s (0h:30m:42s left)
Estimate model parameters (epsilon = 0.100)
BETTER TREE FOUND at iteration 192: -25527.180
Iteration 200 / LogL: -25572.020 / Time: 1h:13m:55s (0h:34m:10s left)
Iteration 210 / LogL: -25596.120 / Time: 1h:17m:19s (0h:30m:20s left)
Iteration 220 / LogL: -25549.898 / Time: 1h:20m:35s (0h:26m:29s left)
Iteration 230 / LogL: -25570.142 / Time: 1h:23m:55s (0h:22m:43s left)
Iteration 240 / LogL: -25533.085 / Time: 1h:27m:9s (0h:18m:57s left)
Iteration 250 / LogL: -25581.810 / Time: 1h:30m:33s (0h:15m:16s left)
Estimate model parameters (epsilon = 0.100)
BETTER TREE FOUND at iteration 258: -25524.953
Iteration 260 / LogL: -25545.801 / Time: 1h:34m:13s (0h:35m:39s left)
Iteration 270 / LogL: -25599.653 / Time: 1h:37m:32s (0h:31m:54s left)
Iteration 280 / LogL: -25549.170 / Time: 1h:40m:52s (0h:28m:12s left)
Estimate model parameters (epsilon = 0.100)
BETTER TREE FOUND at iteration 284: -25524.864
Iteration 290 / LogL: -25564.031 / Time: 1h:44m:28s (0h:33m:58s left)
Iteration 300 / LogL: -25528.764 / Time: 1h:47m:45s (0h:30m:16s left)
Iteration 310 / LogL: -25579.194 / Time: 1h:50m:55s (0h:26m:33s left)
Iteration 320 / LogL: -25530.939 / Time: 1h:54m:22s (0h:22m:56s left)
Iteration 330 / LogL: -25535.478 / Time: 1h:57m:31s (0h:19m:17s left)
Iteration 340 / LogL: -25599.295 / Time: 2h:0m:46s (0h:15m:40s left)
Iteration 350 / LogL: -25527.160 / Time: 2h:4m:4s (0h:12m:5s left)
Iteration 360 / LogL: -25557.220 / Time: 2h:7m:33s (0h:8m:31s left)
Iteration 370 / LogL: -25527.142 / Time: 2h:10m:44s (0h:4m:57s left)
Estimate model parameters (epsilon = 0.100)
BETTER TREE FOUND at iteration 372: -25524.062
Iteration 380 / LogL: -25540.569 / Time: 2h:14m:9s (0h:32m:33s left)
Iteration 390 / LogL: -25536.217 / Time: 2h:17m:34s (0h:29m:0s left)
Iteration 400 / LogL: -25540.353 / Time: 2h:20m:46s (0h:25m:24s left)
Iteration 410 / LogL: -25558.662 / Time: 2h:23m:59s (0h:21m:49s left)
Iteration 420 / LogL: -25551.731 / Time: 2h:27m:13s (0h:18m:16s left)
Iteration 430 / LogL: -25545.424 / Time: 2h:30m:42s (0h:14m:45s left)
Iteration 440 / LogL: -25538.837 / Time: 2h:34m:5s (0h:11m:13s left)
Iteration 450 / LogL: -25548.090 / Time: 2h:37m:30s (0h:7m:43s left)
Iteration 460 / LogL: -25568.247 / Time: 2h:40m:54s (0h:4m:12s left)
Iteration 470 / LogL: -25532.513 / Time: 2h:44m:7s (0h:0m:41s left)
TREE SEARCH COMPLETED AFTER 473 ITERATIONS / Time: 2h:45m:0s

--------------------------------------------------------------------
|                    FINALIZING TREE SEARCH                        |
--------------------------------------------------------------------
Performs final model parameters optimization
Estimate model parameters (epsilon = 0.010)
1. Initial log-likelihood: -25524.062
2. Current log-likelihood: -25523.994
3. Current log-likelihood: -25523.919
4. Current log-likelihood: -25523.834
5. Current log-likelihood: -25523.737
6. Current log-likelihood: -25523.629
7. Current log-likelihood: -25523.519
8. Current log-likelihood: -25523.417
9. Current log-likelihood: -25523.330
10. Current log-likelihood: -25523.261
11. Current log-likelihood: -25523.207
12. Current log-likelihood: -25523.166
13. Current log-likelihood: -25523.135
14. Current log-likelihood: -25523.111
15. Current log-likelihood: -25523.091
16. Current log-likelihood: -25523.074
17. Current log-likelihood: -25523.060
18. Current log-likelihood: -25523.047
19. Current log-likelihood: -25523.037
Optimal log-likelihood: -25523.025
Site proportion and rates:  (0.541,0.017) (0.160,0.398) (0.077,1.192) (0.112,2.165) (0.060,4.127) (0.039,5.818) (0.012,10.373)
Parameters optimization took 19 rounds (197.216 sec)
BEST SCORE FOUND : -25523.025
Total tree length: 8.707

Total number of iterations: 473
CPU time used for tree search: 9849.246 sec (2h:44m:9s)
Wall-clock time used for tree search: 9865.424 sec (2h:44m:25s)
Total CPU time used: 10081.691 sec (2h:48m:1s)
Total wall-clock time used: 10098.147 sec (2h:48m:18s)

Analysis results written to: 
  IQ-TREE report:                results/tree/PGC_bchL/PGC_bchL.iqtree
  Maximum-likelihood tree:       results/tree/PGC_bchL/PGC_bchL.treefile
  Likelihood distances:          results/tree/PGC_bchL/PGC_bchL.mldist
  Screen log file:               results/tree/PGC_bchL/PGC_bchL.log

Date and Time: Fri Jun 21 05:24:08 2024
