IQ-TREE multicore version 2.1.4-beta COVID-edition for Linux 64-bit built Jun 24 2021
Developed by Bui Quang Minh, James Barbetti, Nguyen Lam Tung,
Olga Chernomor, Heiko Schmidt, Dominik Schrempf, Michael Woodhams.

Host:    morrowind (AVX2, FMA3, 503 GB RAM)
Command: iqtree2 -s results/fasta_PGC/gene_trimmed/PGC_bchX_trim.phy -pre results/tree/PGC_bchX/PGC_bchX
Seed:    617733 (Using SPRNG - Scalable Parallel Random Number Generator)
Time:    Thu Jun 20 09:53:29 2024
Kernel:  AVX+FMA - 1 threads (128 CPU cores detected)

HINT: Use -nt option to specify number of threads because your CPU has 128 cores!
HINT: -nt AUTO will automatically determine the best number of threads to use.

Reading alignment file results/fasta_PGC/gene_trimmed/PGC_bchX_trim.phy ... Phylip format detected
Alignment most likely contains protein sequences
WARNING: 99 sites contain only gaps or ambiguous characters.
Alignment has 253 sequences with 975 columns, 504 distinct patterns
394 parsimony-informative, 35 singleton sites, 546 constant sites
                                              Gap/Ambiguity  Composition  p-value
   1  GCA_011765465.1_ASM1176546v1                   18.97%    passed    100.00%
   2  GCA_015693905.1_ASM1569390v1                   18.67%    passed    100.00%
   3  GCA_016745215.1_scaff03                        19.49%    passed    100.00%
   4  GCA_019285715.1_ASM1928571v1                   21.44%    passed     99.99%
   5  GCA_019739335.1_ASM1973933v1                   19.28%    passed    100.00%
   6  GCA_000013085.1_ASM1308v1                      22.36%    passed    100.00%
   7  GCA_000013365.1_ASM1336v1                      19.08%    passed    100.00%
   8  GCA_000013565.1_ASM1356v1                      19.28%    passed    100.00%
   9  GCA_000014045.1_ASM1404v1                      18.97%    passed    100.00%
  10  GCA_000015165.1_ASM1516v1                      18.77%    passed    100.00%
  11  GCA_000015585.1_ASM1558v1                      23.79%    passed     99.97%
  12  GCA_000016185.1_ASM1618v1                      19.18%    passed    100.00%
  13  GCA_000018145.1_ASM1814v1                      18.67%    passed    100.00%
  14  GCA_000018845.1_ASM1884v1                      19.28%    passed    100.00%
  15  GCA_000019365.1_ASM1936v1                      21.13%    passed     44.99%
  16  GCA_000019725.1_ASM1972v1                      19.38%    passed    100.00%
  17  GCA_000019945.1_ASM1994v1                      19.38%    passed    100.00%
  18  GCA_000020445.1_ASM2044v1                      19.38%    passed    100.00%
  19  GCA_000021005.1_ASM2100v1                      18.97%    passed     99.99%
  20  GCA_000021745.1_ASM2174v1                      20.10%    passed    100.00%
  21  GCA_000021845.1_ASM2184v1                      19.28%    passed    100.00%
  22  GCA_000021865.1_ASM2186v1                      19.28%    passed    100.00%
  23  GCA_000022685.1_ASM2268v1                      19.18%    passed    100.00%
  24  GCA_000025485.1_ASM2548v1                      22.97%    passed    100.00%
  25  GCA_000026145.1_ASM2614v1                      18.97%    passed    100.00%
  26  GCA_000083545.1_ASM8354v1                      19.18%    passed    100.00%
  27  GCA_000144605.1_ASM14460v1                     19.79%    passed    100.00%
  28  GCA_000154785.2_ASM15478v2                     18.97%    passed    100.00%
  29  GCA_000166055.1_ASM16605v1                     19.28%    passed    100.00%
  30  GCA_000195775.2_ASM19577v2                     19.38%    passed    100.00%
  31  GCA_000202835.1_ASM20283v1                     21.64%    passed     99.64%
  32  GCA_000224005.2_ASM22400v3                     21.85%    passed     99.99%
  33  GCA_000225955.1_ASM22595v1                     22.36%    passed    100.00%
  34  GCA_000227745.2_ASM22774v3                     22.87%    passed    100.00%
  35  GCA_000284255.1_ASM28425v1                     19.49%    passed    100.00%
  36  GCA_000284275.1_ASM28427v1                     19.49%    passed    100.00%
  37  GCA_000284415.1_ASM28441v2                     20.00%    passed     99.57%
  38  GCA_000327045.1_ASM32704v1                     25.03%    passed     99.76%
  39  GCA_000344805.1_ASM34480v1                     18.77%    passed    100.00%
  40  GCA_000364445.2_ASM36444v2                     19.18%    passed    100.00%
  41  GCA_000512205.2_ASM51220v2                     19.59%    passed    100.00%
  42  GCA_000590925.1_ASM59092v1                     18.97%    passed    100.00%
  43  GCA_000738435.1_ASM73843v1                     18.77%    passed    100.00%
  44  GCA_000757795.1_ASM75779v1                     19.49%    passed    100.00%
  45  GCA_000935025.1_ASM93502v1                     19.59%    passed    100.00%
  46  GCA_000973625.1_ASM97362v1                     18.15%    passed    100.00%
  47  GCA_001304795.1_ASM130479v1                    19.18%    passed    100.00%
  48  GCA_001402875.1_ASM140287v1                    19.28%    passed    100.00%
  49  GCA_001412535.1_ASM141253v1                    19.08%    passed    100.00%
  50  GCA_001412575.1_ASM141257v1                    18.67%    passed    100.00%
  51  GCA_001459775.1_Blastochloris_viridis_genome   19.28%    passed    100.00%
  52  GCA_001483865.1_ASM148386v1                    19.08%    passed     99.99%
  53  GCA_001542815.1_ASM154281v1                    19.08%    passed    100.00%
  54  GCA_001548015.1_ASM154801v1                    20.21%    passed     99.84%
  55  GCA_001548075.1_ASM154807v1                    19.08%    passed    100.00%
  56  GCA_001576595.1_ASM157659v1                    18.97%    passed     99.99%
  57  GCA_001632845.1_ASM163284v1                    20.72%    passed    100.00%
  58  GCA_001633145.1_ASM163314v1                    19.08%    passed    100.00%
  59  GCA_001633165.1_ASM163316v1                    19.08%    passed    100.00%
  60  GCA_001663155.1_ASM166315v1                    19.28%    passed    100.00%
  61  GCA_001663175.1_ASM166317v1                    19.79%    passed    100.00%
  62  GCA_001685625.1_ASM168562v1                    18.97%    passed     99.99%
  63  GCA_001713355.1_ASM171335v1                    19.18%    passed    100.00%
  64  GCA_001713375.1_ASM171337v1                    18.77%    passed    100.00%
  65  GCA_001713435.1_ASM171343v1                    19.18%    passed    100.00%
  66  GCA_001713455.1_ASM171345v1                    21.03%    passed    100.00%
  67  GCA_001713475.1_ASM171347v1                    18.67%    passed    100.00%
  68  GCA_001719165.1_ASM171916v1                    19.28%    passed    100.00%
  69  GCA_001720465.1_ASM172046v1                    19.49%    passed    100.00%
  70  GCA_001854385.1_ASM185438v1                    19.38%    passed    100.00%
  71  GCA_001870665.2_ASM187066v2                    19.08%    passed    100.00%
  72  GCA_001886735.1_ASM188673v1                    19.08%    passed    100.00%
  73  GCA_001936175.1_ASM193617v1                    19.49%    passed    100.00%
  74  GCA_001955735.1_ASM195573v1                    19.49%    passed    100.00%
  75  GCA_001969365.1_ASM196936v1                    18.97%    passed    100.00%
  76  GCA_001971665.1_ASM197166v1                    18.87%    passed    100.00%
  77  GCA_002002865.1_ASM200286v1                    20.10%    passed    100.00%
  78  GCA_002073975.1_ASM207397v1                    19.08%    passed    100.00%
  79  GCA_002079305.1_ASM207930v1                    18.87%    passed    100.00%
  80  GCA_002080415.1_ASM208041v1                    18.67%    passed    100.00%
  81  GCA_002117815.2_ASM211781v2                    19.08%    passed    100.00%
  82  GCA_002158905.1_ASM215890v1                    18.77%    passed    100.00%
  83  GCA_002266435.2_ASM226643v2                    19.38%    passed    100.00%
  84  GCA_002355515.1_ASM235551v1                    19.49%    passed    100.00%
  85  GCA_002407205.1_ASM240720v1                    18.87%    passed     99.93%
  86  GCA_002706325.1_ASM270632v1                    18.97%    passed     99.99%
  87  GCA_002813775.1_ASM281377v1                    19.69%    passed    100.00%
  88  GCA_002868735.1_ASM286873v1                    19.28%    passed     99.99%
  89  GCA_002952215.1_ASM295221v1                    19.69%    passed    100.00%
  90  GCA_002983865.1_ASM298386v1                    18.97%    passed    100.00%
  91  GCA_003031245.1_ASM303124v1                    19.28%    passed    100.00%
  92  GCA_003031265.1_ASM303126v1                    19.28%    passed    100.00%
  93  GCA_003065365.1_ASM306536v1                    18.15%    passed     99.90%
  94  GCA_003071405.1_ASM307140v1                    19.49%    passed    100.00%
  95  GCA_003173715.1_ASM317371v1                    20.62%    passed    100.00%
  96  GCA_003173735.1_ASM317373v1                    20.92%    passed     99.96%
  97  GCA_003173755.1_ASM317375v1                    20.41%    passed     96.13%
  98  GCA_003173775.1_ASM317377v1                    20.41%    passed     99.99%
  99  GCA_003254375.1_ASM325437v1                    19.49%    passed    100.00%
 100  GCA_003264115.1_ASM326411v1                    18.97%    passed    100.00%
 101  GCA_003288315.1_ASM328831v1                    18.67%    passed    100.00%
 102  GCA_003324715.1_ASM332471v1                    18.97%    passed     99.99%
 103  GCA_003352165.1_ASM335216v1                    23.38%    passed    100.00%
 104  GCA_003429265.1_ASM342926v1                    19.18%    passed     99.95%
 105  GCA_003431825.1_ASM343182v1                    19.18%    passed    100.00%
 106  GCA_003855495.1_ASM385549v1                    19.08%    passed    100.00%
 107  GCA_003940805.1_ASM394080v1                    19.08%    passed    100.00%
 108  GCA_003952725.1_ASM395272v1                    20.72%    passed    100.00%
 109  GCA_003966715.1_ASM396671v1                    19.38%    passed    100.00%
 110  GCA_004114955.1_ASM411495v1                    18.97%    passed    100.00%
 111  GCA_004136295.1_ASM413629v1                    18.77%    passed    100.00%
 112  GCA_004216475.1_ASM421647v1                    18.87%    passed    100.00%
 113  GCA_004331955.1_ASM433195v1                    18.26%    passed    100.00%
 114  GCA_004354345.1_ASM435434v1                    19.79%    passed    100.00%
 115  GCA_005311585.1_ASM531158v1                    19.28%    passed    100.00%
 116  GCA_005860795.2_ASM586079v2                    19.18%    passed     99.98%
 117  GCA_006542605.1_ASM654260v1                    19.79%    passed    100.00%
 118  GCA_006740745.1_ASM674074v1                    19.38%    passed    100.00%
 119  GCA_007005445.1_ASM700544v1                    19.38%    passed    100.00%
 120  GCA_007290395.1_ASM729039v1                    19.49%    passed    100.00%
 121  GCA_007954425.1_ASM795442v1                    19.38%    passed    100.00%
 122  GCA_008000895.1_ASM800089v1                    19.49%    passed    100.00%
 123  GCA_008000915.1_ASM800091v1                    18.87%    passed    100.00%
 124  GCA_008728195.1_ASM872819v1                    19.49%    passed    100.00%
 125  GCA_008843145.1_ASM884314v1                    20.72%    passed    100.00%
 126  GCA_008932115.1_ASM893211v1                    19.49%    passed    100.00%
 127  GCA_009363255.1_ASM936325v1                    18.97%    passed    100.00%
 128  GCA_009363495.1_ASM936349v1                    18.97%    passed    100.00%
 129  GCA_009363575.1_ASM936357v1                    18.77%    passed    100.00%
 130  GCA_009363615.1_ASM936361v1                    18.97%    passed     99.99%
 131  GCA_009363635.1_ASM936363v1                    18.97%    passed    100.00%
 132  GCA_009363655.1_ASM936365v1                    18.97%    passed    100.00%
 133  GCA_009363715.1_ASM936371v1                    18.87%    passed    100.00%
 134  GCA_009363735.1_ASM936373v1                    18.97%    passed    100.00%
 135  GCA_009363795.1_ASM936379v1                    19.59%    passed    100.00%
 136  GCA_009650195.1_ASM965019v1                    18.67%    passed    100.00%
 137  GCA_009664085.1_ASM966408v1                    22.97%    passed    100.00%
 138  GCA_009685175.1_ASM968517v1                    19.08%    passed    100.00%
 139  GCA_009707465.1_ASM970746v1                    19.08%    passed    100.00%
 140  GCA_009762325.1_ASM976232v1                    18.56%    passed    100.00%
 141  GCA_009797665.1_ASM979766v1                    18.97%    passed     99.99%
 142  GCA_009859815.1_ASM985981v1                    18.77%    passed    100.00%
 143  GCA_009913435.1_ASM991343v1                    19.90%    passed    100.00%
 144  GCA_010104355.1_ASM1010435v1                   18.77%    passed    100.00%
 145  GCA_011040475.1_ASM1104047v1                   19.08%    passed    100.00%
 146  GCA_011044255.1_ASM1104425v1                   19.59%    passed    100.00%
 147  GCA_011047315.1_ASM1104731v1                   19.28%    passed    100.00%
 148  GCA_011290485.1_ASM1129048v1                   22.56%    passed    100.00%
 149  GCA_011388215.1_ASM1138821v1                   19.38%    passed    100.00%
 150  GCA_012647365.1_ASM1264736v1                   18.97%    passed     99.99%
 151  GCA_012932215.1_ASM1293221v1                   19.18%    passed    100.00%
 152  GCA_013170845.1_ASM1317084v1                   18.77%    passed    100.00%
 153  GCA_013307245.1_ASM1330724v1                   18.36%    passed     99.97%
 154  GCA_013374095.1_ASM1337409v1                   19.18%    passed    100.00%
 155  GCA_013378075.1_ASM1337807v1                   18.36%    passed    100.00%
 156  GCA_013415845.1_ASM1341584v1                   19.38%    passed    100.00%
 157  GCA_014117445.1_ASM1411744v1                   19.49%    passed    100.00%
 158  GCA_014495845.1_ASM1449584v1                   19.08%    passed    100.00%
 159  GCA_014622665.1_ASM1462266v1                   19.28%    passed     99.99%
 160  GCA_014681765.1_ASM1468176v1                   18.46%    passed    100.00%
 161  GCA_015679265.1_ASM1567926v1                   19.38%    passed    100.00%
 162  GCA_016584445.1_ASM1658444v1                   19.38%    passed    100.00%
 163  GCA_016653635.2_ASM1665363v2                   20.72%    passed    100.00%
 164  GCA_016765655.2_ASM1676565v2                   20.92%    passed     99.97%
 165  GCA_016806065.1_ASM1680606v1                   18.67%    passed    100.00%
 166  GCA_016806835.2_ASM1680683v2                   20.82%    passed    100.00%
 167  GCA_016839165.1_ASM1683916v1                   19.49%    passed    100.00%
 168  GCA_017347565.1_ASM1734756v1                   20.31%    passed     99.96%
 169  GCA_017498565.1_ASM1749856v1                   18.46%    passed     99.96%
 170  GCA_017795885.1_ASM1779588v1                   20.00%    passed    100.00%
 171  GCA_018200035.1_ASM1820003v1                   18.56%    passed    100.00%
 172  GCA_018205975.1_ASM1820597v1                   19.08%    passed    100.00%
 173  GCA_018399035.1_ASM1839903v1                   23.69%    passed    100.00%
 174  GCA_018409545.1_ASM1840954v1                   22.87%    passed    100.00%
 175  GCA_018687415.1_ASM1868741v1                   18.77%    passed     99.68%
 176  GCA_018687475.1_ASM1868747v1                   18.67%    passed    100.00%
 177  GCA_018687675.1_ASM1868767v1                   18.05%    passed     99.99%
 178  GCA_018688155.1_ASM1868815v1                   18.67%    passed     99.77%
 179  GCA_018688255.1_ASM1868825v1                   17.95%    passed     99.99%
 180  GCA_018982885.2_ASM1898288v2                   20.10%    passed    100.00%
 181  GCA_019134555.1_ASM1913455v1                   22.36%    passed    100.00%
 182  GCA_019203965.1_ASM1920396v1                   20.10%    passed     99.97%
 183  GCA_019431245.1_ASM1943124v1                   20.10%    passed    100.00%
 184  GCA_019443285.1_ASM1944328v1                   19.49%    passed    100.00%
 185  GCA_019623905.1_ASM1962390v1                   19.69%    passed    100.00%
 186  GCA_019904235.1_ASM1990423v1                   18.97%    passed    100.00%
 187  GCA_019973775.1_ASM1997377v1                   19.38%    passed    100.00%
 188  GCA_020866845.1_ASM2086684v1                   19.28%    passed    100.00%
 189  GCA_021088345.1_ASM2108834v1                   19.08%    passed    100.00%
 190  GCA_021117295.1_ASM2111729v1                   19.38%    passed    100.00%
 191  GCA_021228015.1_ASM2122801v1                   20.51%    passed     99.52%
 192  GCA_021228795.1_ASM2122879v1                   23.69%    passed    100.00%
 193  GCA_021391315.1_ASM2139131v1                   19.18%    passed     99.95%
 194  GCA_021391535.1_ASM2139153v1                   21.64%    passed     99.98%
 195  GCA_021398735.1_ASM2139873v1                   19.38%    passed    100.00%
 196  GCA_021431965.1_ASM2143196v1                   18.97%    passed    100.00%
 197  GCA_021484845.1_ASM2148484v1                   19.38%    passed    100.00%
 198  GCA_022227035.1_ASM2222703v1                   19.18%    passed     99.94%
 199  GCA_022370455.1_ASM2237045v1                   18.97%    passed    100.00%
 200  GCA_022410435.1_ASM2241043v1                   19.08%    passed    100.00%
 201  GCA_022533465.1_ASM2253346v1                   19.49%    passed    100.00%
 202  GCA_022558965.1_ASM2255896v1                   21.64%    passed     99.25%
 203  GCA_022846615.1_ASM2284661v1                   19.38%    passed    100.00%
 204  GCA_023243115.1_ASM2324311v1                   24.00%    passed    100.00%
 205  GCA_023380025.1_ASM2338002v1                   19.59%    passed    100.00%
 206  GCA_023546765.1_ASM2354676v1                   19.18%    passed    100.00%
 207  GCA_023558335.1_ASM2355833v1                   18.67%    passed    100.00%
 208  GCA_023558355.1_ASM2355835v1                   18.67%    passed    100.00%
 209  GCA_023573145.1_ASM2357314v1                   23.69%    passed    100.00%
 210  GCA_023823125.1_ASM2382312v1                   18.97%    passed    100.00%
 211  GCA_024496245.1_ASM2449624v1                   19.49%    passed    100.00%
 212  GCA_024758705.1_ASM2475870v1                   20.10%    passed    100.00%
 213  GCA_024758725.1_ASM2475872v1                   19.38%    passed    100.00%
 214  GCA_025141175.1_ASM2514117v1                   19.69%    passed    100.00%
 215  GCA_025141935.1_ASM2514193v1                   19.08%    passed    100.00%
 216  GCA_025398155.2_ASM2539815v2                   19.18%    passed    100.00%
 217  GCA_025811215.1_ASM2581121v1                   19.28%    passed    100.00%
 218  GCA_025811355.1_ASM2581135v1                   19.28%    passed    100.00%
 219  GCA_025811435.1_ASM2581143v1                   19.28%    passed    100.00%
 220  GCA_025813715.1_ASM2581371v1                   19.38%    passed    100.00%
 221  GCA_025917005.1_ASM2591700v1                   19.49%    passed    100.00%
 222  GCA_026122595.1_ASM2612259v1                   19.28%    passed    100.00%
 223  GCA_026122615.1_ASM2612261v1                   19.28%    passed    100.00%
 224  GCA_026167525.1_ASM2616752v1                   19.28%    passed    100.00%
 225  GCA_026167545.1_ASM2616754v1                   19.49%    passed    100.00%
 226  GCA_026625025.1_ASM2662502v1                   19.38%    passed    100.00%
 227  GCA_026898155.1_ASM2689815v1                   21.54%    passed    100.00%
 228  GCA_027271155.1_ASM2727115v1                   20.00%    passed    100.00%
 229  GCA_027886585.1_ASM2788658v1                   18.97%    passed    100.00%
 230  GCA_027912195.1_ASM2791219v1                   19.38%    passed    100.00%
 231  GCA_027943985.1_ASM2794398v1                   18.26%    passed     99.99%
 232  GCA_027944005.1_ASM2794400v1                   18.26%    passed     99.99%
 233  GCA_028621955.1_ASM2862195v1                   19.69%    passed    100.00%
 234  GCA_028885395.1_ASM2888539v1                   18.67%    passed    100.00%
 235  GCA_029277405.1_ASM2927740v1                   19.28%    passed     99.99%
 236  GCA_029581395.1_ASM2958139v1                   19.08%    passed    100.00%
 237  GCA_029691625.1_ASM2969162v1                   19.49%    passed    100.00%
 238  GCA_029714205.1_ASM2971420v1                   21.13%    passed     44.99%
 239  GCA_029761955.1_ASM2976195v1                   20.21%    passed     99.95%
 240  GCA_030062705.1_ASM3006270v1                   18.97%    passed    100.00%
 241  GCA_030252425.1_ASM3025242v1                   26.15%    passed     99.99%
 242  GCA_030255395.1_ASM3025539v1                   19.28%    passed    100.00%
 243  GCA_030297555.1_ASM3029755v1                   18.56%    passed    100.00%
 244  GCA_030297575.1_ASM3029757v1                   18.46%    passed    100.00%
 245  GCA_030297595.1_ASM3029759v1                   18.46%    passed    100.00%
 246  GCA_030297615.1_ASM3029761v1                   18.67%    passed    100.00%
 247  GCA_030297635.1_ASM3029763v1                   18.46%    passed    100.00%
 248  GCA_030297655.1_ASM3029765v1                   18.46%    passed    100.00%
 249  GCA_030297675.1_ASM3029767v1                   18.46%    passed    100.00%
 250  GCA_900176205.1_BRAD285_PRJEB202261_v1         18.77%    passed    100.00%
 251  GCA_900234795.1_TK0001_PRJEB23178_v1           19.08%    passed    100.00%
 252  GCA_901457705.2_RHAL1_v2                       18.56%    passed    100.00%
 253  GCA_937425535.1_Rhodovastum_atsumiense_G2-11   19.38%    passed    100.00%
****  TOTAL                                          19.57%  0 sequences failed composition chi2 test (p-value<5%; df=19)
NOTE: GCA_000225955.1_ASM22595v1 is identical to GCA_000013085.1_ASM1308v1 but kept for subsequent analysis
NOTE: GCA_002983865.1_ASM298386v1 is identical to GCA_000014045.1_ASM1404v1 but kept for subsequent analysis
NOTE: GCA_023558335.1_ASM2355833v1 is identical to GCA_000018145.1_ASM1814v1 but kept for subsequent analysis
NOTE: GCA_030255395.1_ASM3025539v1 is identical to GCA_000018845.1_ASM1884v1 but kept for subsequent analysis
NOTE: GCA_029714205.1_ASM2971420v1 is identical to GCA_000019365.1_ASM1936v1 but kept for subsequent analysis
NOTE: GCA_000195775.2_ASM19577v2 is identical to GCA_000020445.1_ASM2044v1 but kept for subsequent analysis
NOTE: GCA_001576595.1_ASM157659v1 is identical to GCA_000021005.1_ASM2100v1 but kept for subsequent analysis
NOTE: GCA_001936175.1_ASM193617v1 is identical to GCA_000757795.1_ASM75779v1 but kept for subsequent analysis
NOTE: GCA_001459775.1_Blastochloris_viridis_genome is identical to GCA_001402875.1_ASM140287v1 but kept for subsequent analysis
NOTE: GCA_001633145.1_ASM163314v1 is identical to GCA_001548075.1_ASM154807v1 but kept for subsequent analysis
NOTE: GCA_009859815.1_ASM985981v1 is identical to GCA_001713375.1_ASM171337v1 but kept for subsequent analysis
NOTE: GCA_003431825.1_ASM343182v1 is identical to GCA_001713435.1_ASM171343v1 but kept for subsequent analysis
NOTE: GCA_009650195.1_ASM965019v1 is identical to GCA_001713475.1_ASM171347v1 but kept for subsequent analysis
NOTE: GCA_003288315.1_ASM328831v1 is identical to GCA_002080415.1_ASM208041v1 but kept for subsequent analysis
NOTE: GCA_003031265.1_ASM303126v1 is identical to GCA_003031245.1_ASM303124v1 but kept for subsequent analysis
NOTE: GCA_021391315.1_ASM2139131v1 is identical to GCA_003429265.1_ASM342926v1 but kept for subsequent analysis
NOTE: GCA_009363495.1_ASM936349v1 is identical to GCA_009363255.1_ASM936325v1 but kept for subsequent analysis
NOTE: GCA_029277405.1_ASM2927740v1 is identical to GCA_014622665.1_ASM1462266v1 but kept for subsequent analysis
NOTE: GCA_027271155.1_ASM2727115v1 is identical to GCA_017795885.1_ASM1779588v1 but kept for subsequent analysis
NOTE: GCA_030297615.1_ASM3029761v1 is identical to GCA_018687475.1_ASM1868747v1 but kept for subsequent analysis
NOTE: GCA_026167545.1_ASM2616754v1 is identical to GCA_024496245.1_ASM2449624v1 but kept for subsequent analysis
NOTE: GCA_026122615.1_ASM2612261v1 is identical to GCA_026122595.1_ASM2612259v1 but kept for subsequent analysis
NOTE: GCA_027944005.1_ASM2794400v1 is identical to GCA_027943985.1_ASM2794398v1 but kept for subsequent analysis
NOTE: GCA_030297595.1_ASM3029759v1 is identical to GCA_030297575.1_ASM3029757v1 but kept for subsequent analysis
NOTE: 21 identical sequences (see below) will be ignored for subsequent analysis
NOTE: GCA_019134555.1_ASM1913455v1 (identical to GCA_000013085.1_ASM1308v1) is ignored but added at the end
NOTE: GCA_023558355.1_ASM2355835v1 (identical to GCA_000018145.1_ASM1814v1) is ignored but added at the end
NOTE: GCA_013415845.1_ASM1341584v1 (identical to GCA_000020445.1_ASM2044v1) is ignored but added at the end
NOTE: GCA_016584445.1_ASM1658444v1 (identical to GCA_000020445.1_ASM2044v1) is ignored but added at the end
NOTE: GCA_026625025.1_ASM2662502v1 (identical to GCA_000020445.1_ASM2044v1) is ignored but added at the end
NOTE: GCA_027912195.1_ASM2791219v1 (identical to GCA_000020445.1_ASM2044v1) is ignored but added at the end
NOTE: GCA_001685625.1_ASM168562v1 (identical to GCA_000021005.1_ASM2100v1) is ignored but added at the end
NOTE: GCA_002706325.1_ASM270632v1 (identical to GCA_000021005.1_ASM2100v1) is ignored but added at the end
NOTE: GCA_003324715.1_ASM332471v1 (identical to GCA_000021005.1_ASM2100v1) is ignored but added at the end
NOTE: GCA_009797665.1_ASM979766v1 (identical to GCA_000021005.1_ASM2100v1) is ignored but added at the end
NOTE: GCA_012647365.1_ASM1264736v1 (identical to GCA_000021005.1_ASM2100v1) is ignored but added at the end
NOTE: GCA_003254375.1_ASM325437v1 (identical to GCA_000757795.1_ASM75779v1) is ignored but added at the end
NOTE: GCA_029691625.1_ASM2969162v1 (identical to GCA_000757795.1_ASM75779v1) is ignored but added at the end
NOTE: GCA_001633165.1_ASM163316v1 (identical to GCA_001548075.1_ASM154807v1) is ignored but added at the end
NOTE: GCA_010104355.1_ASM1010435v1 (identical to GCA_001713375.1_ASM171337v1) is ignored but added at the end
NOTE: GCA_025811215.1_ASM2581121v1 (identical to GCA_003031245.1_ASM303124v1) is ignored but added at the end
NOTE: GCA_025811355.1_ASM2581135v1 (identical to GCA_003031245.1_ASM303124v1) is ignored but added at the end
NOTE: GCA_025811435.1_ASM2581143v1 (identical to GCA_003031245.1_ASM303124v1) is ignored but added at the end
NOTE: GCA_030297635.1_ASM3029763v1 (identical to GCA_030297575.1_ASM3029757v1) is ignored but added at the end
NOTE: GCA_030297655.1_ASM3029765v1 (identical to GCA_030297575.1_ASM3029757v1) is ignored but added at the end
NOTE: GCA_030297675.1_ASM3029767v1 (identical to GCA_030297575.1_ASM3029757v1) is ignored but added at the end
Alignment was printed to results/tree/PGC_bchX/PGC_bchX.uniqueseq.phy

For your convenience alignment with unique sequences printed to results/tree/PGC_bchX/PGC_bchX.uniqueseq.phy


Create initial parsimony tree by phylogenetic likelihood library (PLL)... 0.155 seconds
Perform fast likelihood tree search using LG+I+G model...
Estimate model parameters (epsilon = 5.000)
Perform nearest neighbor interchange...
Estimate model parameters (epsilon = 1.000)
1. Initial log-likelihood: -39175.078
Optimal log-likelihood: -39174.862
Proportion of invariable sites: 0.473
Gamma shape alpha: 0.841
Parameters optimization took 1 rounds (1.859 sec)
Time for fast ML tree search: 20.060 seconds

NOTE: ModelFinder requires 187 MB RAM!
ModelFinder will test up to 702 protein models (sample size: 975) ...
 No. Model         -LnL         df  AIC          AICc         BIC
  1  LG            45144.241    461 91210.483    92040.822    93461.286
  2  LG+I          41328.325    462 83580.650    84416.221    85836.337
  3  LG+G4         39420.829    462 79765.659    80601.229    82021.345
  4  LG+I+G4       39174.845    463 79275.690    80116.520    81536.258
  5  LG+R2         40254.213    463 81434.426    82275.256    83694.994
  6  LG+R3         39511.313    465 79952.625    80804.059    82222.959
  7  LG+R4         39302.807    467 79539.613    80401.767    81819.712
  8  LG+R5         39206.670    469 79351.340    80224.330    81641.203
  9  LG+R6         39175.497    471 79292.993    80176.937    81592.621
 10  LG+R7         39155.800    473 79257.599    80152.617    81566.992
 11  LG+R8         39127.686    475 79205.372    80111.584    81524.529
WARNING: Log-likelihood -39134.6 of LG+R9 worse than LG+R8 -39127.7
 12  LG+R9         39134.635    477 79223.270    80140.799    81552.192
 24  LG+F+R8       32404.287    494 65796.573    66815.448    68208.498
 37  WAG+R8        39176.051    475 79302.102    80208.315    81621.260
 50  WAG+F+R8      32676.693    494 66341.386    67360.261    68753.310
 63  JTT+R8        39993.769    475 80937.537    81843.749    83256.695
 76  JTT+F+R8      34024.265    494 69036.530    70055.405    71448.454
 89  Q.pfam+R8     39213.699    475 79377.398    80283.611    81696.556
102  Q.pfam+F+R8   32583.798    494 66155.595    67174.470    68567.519
115  Q.bird+R8     41734.447    475 84418.894    85325.107    86738.052
128  Q.bird+F+R8   36100.713    494 73189.427    74208.302    75601.351
141  Q.mammal+R8   41093.362    475 83136.723    84042.936    85455.881
154  Q.mammal+F+R8 35205.827    494 71399.654    72418.529    73811.579
167  Q.insect+R8   40044.915    475 81039.830    81946.043    83358.988
180  Q.insect+F+R8 32916.025    494 66820.050    67838.925    69231.975
193  Q.plant+R8    41585.141    475 84120.282    85026.494    86439.439
206  Q.plant+F+R8  34760.364    494 70508.728    71527.603    72920.652
219  Q.yeast+R8    40664.314    475 82278.627    83184.840    84597.785
232  Q.yeast+F+R8  32935.350    494 66858.699    67877.574    69270.623
245  JTTDCMut+R8   39879.580    475 80709.159    81615.372    83028.317
258  JTTDCMut+F+R8 33939.574    494 68867.148    69886.023    71279.072
271  DCMut+R8      42460.452    475 85870.904    86777.116    88190.061
284  DCMut+F+R8    36489.093    494 73966.186    74985.061    76378.110
297  VT+R8         39415.875    475 79781.751    80687.963    82100.908
310  VT+F+R8       32473.404    494 65934.808    66953.683    68346.732
323  PMB+R8        38701.108    475 78352.216    79258.429    80671.374
336  PMB+F+R8      32470.345    494 65928.690    66947.565    68340.614
349  Blosum62+R8   38704.724    475 78359.448    79265.660    80678.606
362  Blosum62+F+R8 32253.497    494 65494.995    66513.870    67906.919
375  Dayhoff+R8    42449.586    475 85849.172    86755.385    88168.330
388  Dayhoff+F+R8  36486.713    494 73961.426    74980.301    76373.350
401  mtREV+R8      41742.578    475 84435.155    85341.368    86754.313
414  mtREV+F+R8    34624.660    494 70237.320    71256.195    72649.244
427  mtART+R8      41521.128    475 83992.255    84898.467    86311.413
440  mtART+F+R8    33603.592    494 68195.184    69214.059    70607.108
453  mtZOA+R8      39298.287    475 79546.575    80452.787    81865.733
466  mtZOA+F+R8    32864.568    494 66717.135    67736.010    69129.059
479  mtMet+R8      41000.892    475 82951.783    83857.996    85270.941
492  mtMet+F+R8    33993.246    494 68974.492    69993.367    71386.416
505  mtVer+R8      41736.122    475 84422.243    85328.456    86741.401
518  mtVer+F+R8    35170.661    494 71329.322    72348.197    73741.246
531  mtInv+R8      40491.833    475 81933.665    82839.878    84252.823
544  mtInv+F+R8    32816.623    494 66621.247    67640.122    69033.171
557  mtMAM+R8      45804.070    475 92558.141    93464.353    94877.298
570  mtMAM+F+R8    38971.815    494 78931.631    79950.506    81343.555
583  HIVb+R8       43576.836    475 88103.672    89009.884    90422.830
596  HIVb+F+R8     37201.083    494 75390.165    76409.040    77802.089
609  HIVw+R8       49136.351    475 99222.702    100128.914   101541.860
622  HIVw+F+R8     40353.705    494 81695.409    82714.284    84107.333
635  FLU+R8        45111.304    475 91172.607    92078.819    93491.765
648  FLU+F+R8      37402.892    494 75793.784    76812.659    78205.708
661  rtREV+R8      39310.414    475 79570.828    80477.040    81889.986
674  rtREV+F+R8    32844.329    494 66676.657    67695.532    69088.581
687  cpREV+R8      39899.152    475 80748.304    81654.517    83067.462
700  cpREV+F+R8    33005.100    494 66998.200    68017.075    69410.124
Akaike Information Criterion:           Blosum62+F+R8
Corrected Akaike Information Criterion: Blosum62+F+R8
Bayesian Information Criterion:         Blosum62+F+R8
Best-fit model: Blosum62+F+R8 chosen according to BIC

All model information printed to results/tree/PGC_bchX/PGC_bchX.model.gz
CPU time for ModelFinder: 17154.704 seconds (4h:45m:54s)
Wall-clock time for ModelFinder: 17173.331 seconds (4h:46m:13s)
WARNING: States(s) N, D, Q, E, I, L, K, F, P, V rarely appear in alignment and may cause numerical problems

NOTE: 150 MB RAM (0 GB) is required!
Estimate model parameters (epsilon = 0.100)
1. Initial log-likelihood: -32253.497
Optimal log-likelihood: -32253.379
Site proportion and rates:  (0.522,0.013) (0.095,0.213) (0.094,0.605) (0.105,1.429) (0.084,2.759) (0.070,4.483) (0.020,7.064) (0.009,8.212)
Parameters optimization took 1 rounds (19.797 sec)
Computing ML distances based on estimated model parameters...
Computing ML distances took 17.658375 sec (of wall-clock time) 17.653504 sec(of CPU time)
Computing RapidNJ tree took 0.010527 sec (of wall-clock time) 0.017552 sec (of CPU time)
Log-likelihood of RapidNJ tree: -33024.987
--------------------------------------------------------------------
|             INITIALIZING CANDIDATE TREE SET                      |
--------------------------------------------------------------------
Generating 98 parsimony trees... 17.511 second
Computing log-likelihood of 98 initial trees ... 109.919 seconds
Current best score: -32253.379

Do NNI search on 20 best initial trees
Estimate model parameters (epsilon = 0.100)
BETTER TREE FOUND at iteration 1: -32189.229
Estimate model parameters (epsilon = 0.100)
BETTER TREE FOUND at iteration 2: -32155.565
Estimate model parameters (epsilon = 0.100)
BETTER TREE FOUND at iteration 5: -32138.548
Estimate model parameters (epsilon = 0.100)
BETTER TREE FOUND at iteration 9: -32129.654
Iteration 10 / LogL: -32181.642 / Time: 0h:11m:58s
Iteration 20 / LogL: -32209.377 / Time: 0h:17m:28s
Finish initializing candidate tree set (20)
Current best tree score: -32129.654 / CPU time: 986.133
Number of iterations: 20
--------------------------------------------------------------------
|               OPTIMIZING CANDIDATE TREE SET                      |
--------------------------------------------------------------------
Estimate model parameters (epsilon = 0.100)
BETTER TREE FOUND at iteration 21: -32117.956
Estimate model parameters (epsilon = 0.100)
BETTER TREE FOUND at iteration 28: -32117.189
Estimate model parameters (epsilon = 0.100)
BETTER TREE FOUND at iteration 29: -32090.751
Iteration 30 / LogL: -32107.340 / Time: 0h:24m:18s (1h:22m:57s left)
Iteration 40 / LogL: -32118.111 / Time: 0h:28m:59s (1h:6m:9s left)
Estimate model parameters (epsilon = 0.100)
BETTER TREE FOUND at iteration 41: -32084.203
Estimate model parameters (epsilon = 0.100)
BETTER TREE FOUND at iteration 45: -32077.491
Estimate model parameters (epsilon = 0.100)
BETTER TREE FOUND at iteration 48: -32077.046
Iteration 50 / LogL: -32123.173 / Time: 0h:36m:35s (1h:13m:11s left)
Iteration 60 / LogL: -32097.636 / Time: 0h:41m:16s (1h:1m:33s left)
Iteration 70 / LogL: -32111.181 / Time: 0h:46m:24s (0h:52m:27s left)
Iteration 80 / LogL: -32092.795 / Time: 0h:51m:0s (0h:43m:54s left)
Iteration 90 / LogL: -32079.263 / Time: 0h:55m:50s (0h:36m:23s left)
Estimate model parameters (epsilon = 0.100)
BETTER TREE FOUND at iteration 94: -32068.121
Iteration 100 / LogL: -32070.122 / Time: 1h:1m:5s (0h:57m:59s left)
Estimate model parameters (epsilon = 0.100)
BETTER TREE FOUND at iteration 110: -32066.689
Iteration 110 / LogL: -32066.689 / Time: 1h:6m:16s (1h:0m:48s left)
Iteration 120 / LogL: -32082.871 / Time: 1h:11m:9s (0h:53m:49s left)
Iteration 130 / LogL: -32076.780 / Time: 1h:16m:9s (0h:47m:13s left)
Estimate model parameters (epsilon = 0.100)
BETTER TREE FOUND at iteration 132: -32062.943
Estimate model parameters (epsilon = 0.100)
BETTER TREE FOUND at iteration 137: -32051.698
Iteration 140 / LogL: -32078.922 / Time: 1h:22m:5s (0h:57m:17s left)
Iteration 150 / LogL: -32088.341 / Time: 1h:26m:56s (0h:50m:45s left)
Estimate model parameters (epsilon = 0.100)
BETTER TREE FOUND at iteration 160: -32033.753
Iteration 160 / LogL: -32033.753 / Time: 1h:33m:6s (0h:58m:33s left)
Iteration 170 / LogL: -32064.224 / Time: 1h:37m:54s (0h:52m:8s left)
Estimate model parameters (epsilon = 0.100)
BETTER TREE FOUND at iteration 174: -32030.045
Iteration 180 / LogL: -32089.099 / Time: 1h:43m:6s (0h:54m:8s left)
Iteration 190 / LogL: -32051.287 / Time: 1h:47m:54s (0h:47m:57s left)
Iteration 200 / LogL: -32034.084 / Time: 1h:52m:45s (0h:41m:55s left)
Iteration 210 / LogL: -32062.302 / Time: 1h:57m:32s (0h:35m:59s left)
Iteration 220 / LogL: -32108.599 / Time: 2h:2m:5s (0h:30m:6s left)
Iteration 230 / LogL: -32032.826 / Time: 2h:6m:44s (0h:24m:21s left)
Iteration 240 / LogL: -32065.088 / Time: 2h:11m:36s (0h:18m:43s left)
Iteration 250 / LogL: -32059.776 / Time: 2h:16m:3s (0h:13m:6s left)
Iteration 260 / LogL: -32062.795 / Time: 2h:20m:42s (0h:7m:36s left)
Iteration 270 / LogL: -32043.770 / Time: 2h:25m:30s (0h:2m:9s left)
TREE SEARCH COMPLETED AFTER 275 ITERATIONS / Time: 2h:27m:58s

--------------------------------------------------------------------
|                    FINALIZING TREE SEARCH                        |
--------------------------------------------------------------------
Performs final model parameters optimization
Estimate model parameters (epsilon = 0.010)
1. Initial log-likelihood: -32030.045
2. Current log-likelihood: -32030.016
3. Current log-likelihood: -32029.988
4. Current log-likelihood: -32029.963
5. Current log-likelihood: -32029.951
6. Current log-likelihood: -32029.935
7. Current log-likelihood: -32029.920
8. Current log-likelihood: -32029.893
9. Current log-likelihood: -32029.882
10. Current log-likelihood: -32029.868
11. Current log-likelihood: -32029.854
12. Current log-likelihood: -32029.839
13. Current log-likelihood: -32029.827
14. Current log-likelihood: -32029.813
15. Current log-likelihood: -32029.800
16. Current log-likelihood: -32029.786
17. Current log-likelihood: -32029.775
18. Current log-likelihood: -32029.763
19. Current log-likelihood: -32029.749
20. Current log-likelihood: -32029.736
21. Current log-likelihood: -32029.725
22. Current log-likelihood: -32029.712
23. Current log-likelihood: -32029.702
24. Current log-likelihood: -32029.688
25. Current log-likelihood: -32029.677
26. Current log-likelihood: -32029.664
27. Current log-likelihood: -32029.653
28. Current log-likelihood: -32029.643
Optimal log-likelihood: -32029.628
Site proportion and rates:  (0.506,0.009) (0.102,0.168) (0.083,0.520) (0.098,1.174) (0.073,2.206) (0.082,3.675) (0.048,5.793) (0.008,9.538)
Parameters optimization took 28 rounds (372.448 sec)
BEST SCORE FOUND : -32029.628
Total tree length: 9.951

Total number of iterations: 275
CPU time used for tree search: 8802.511 sec (2h:26m:42s)
Wall-clock time used for tree search: 8816.774 sec (2h:26m:56s)
Total CPU time used: 9236.924 sec (2h:33m:56s)
Total wall-clock time used: 9251.668 sec (2h:34m:11s)

Analysis results written to: 
  IQ-TREE report:                results/tree/PGC_bchX/PGC_bchX.iqtree
  Maximum-likelihood tree:       results/tree/PGC_bchX/PGC_bchX.treefile
  Likelihood distances:          results/tree/PGC_bchX/PGC_bchX.mldist
  Screen log file:               results/tree/PGC_bchX/PGC_bchX.log

Date and Time: Thu Jun 20 17:13:54 2024
