IQ-TREE multicore version 2.1.4-beta COVID-edition for Linux 64-bit built Jun 24 2021
Developed by Bui Quang Minh, James Barbetti, Nguyen Lam Tung,
Olga Chernomor, Heiko Schmidt, Dominik Schrempf, Michael Woodhams.

Host:    morrowind (AVX2, FMA3, 503 GB RAM)
Command: iqtree2 -s results/fasta_PGC/gene_trimmed/PGC_bchY_trim.phy -pre results/tree/PGC_bchY/PGC_bchY
Seed:    561477 (Using SPRNG - Scalable Parallel Random Number Generator)
Time:    Thu Jun 20 09:53:29 2024
Kernel:  AVX+FMA - 1 threads (128 CPU cores detected)

HINT: Use -nt option to specify number of threads because your CPU has 128 cores!
HINT: -nt AUTO will automatically determine the best number of threads to use.

Reading alignment file results/fasta_PGC/gene_trimmed/PGC_bchY_trim.phy ... Phylip format detected
Alignment most likely contains protein sequences
WARNING: 133 sites contain only gaps or ambiguous characters.
Alignment has 252 sequences with 1461 columns, 969 distinct patterns
761 parsimony-informative, 100 singleton sites, 600 constant sites
                                              Gap/Ambiguity  Composition  p-value
   1  GCA_011765465.1_ASM1176546v1                   21.42%    passed     99.85%
   2  GCA_015693905.1_ASM1569390v1                   20.74%    passed     99.98%
   3  GCA_016745215.1_scaff03                        22.38%    passed    100.00%
   4  GCA_019285715.1_ASM1928571v1                   22.59%    passed    100.00%
   5  GCA_019739335.1_ASM1973933v1                   23.82%    passed    100.00%
   6  GCF_000013085.1_ASM1308v1                      27.93%    passed     98.59%
   7  GCF_000013365.1_ASM1336v1                      20.12%    passed     96.19%
   8  GCF_000013565.1_ASM1356v1                      20.94%    passed     99.98%
   9  GCF_000014045.1_ASM1404v1                      21.01%    passed    100.00%
  10  GCF_000015165.1_ASM1516v1                      21.63%    passed    100.00%
  11  GCF_000015585.1_ASM1558v1                      28.88%    passed     90.28%
  12  GCF_000016185.1_ASM1618v1                      22.52%    passed    100.00%
  13  GCF_000018145.1_ASM1814v1                      20.81%    passed    100.00%
  14  GCF_000018845.1_ASM1884v1                      24.09%    passed     99.93%
  15  GCF_000019365.1_ASM1936v1                      24.57%    passed     13.63%
  16  GCF_000019725.1_ASM1972v1                      23.96%    passed     99.99%
  17  GCF_000019945.1_ASM1994v1                      23.68%    passed     99.99%
  18  GCF_000020445.1_ASM2044v1                      20.19%    passed     97.85%
  19  GCF_000021005.1_ASM2100v1                      21.70%    passed     99.99%
  20  GCF_000021745.1_ASM2174v1                      21.49%    passed    100.00%
  21  GCF_000021845.1_ASM2184v1                      24.23%    passed     99.71%
  22  GCF_000021865.1_ASM2186v1                      21.01%    passed    100.00%
  23  GCF_000022685.1_ASM2268v1                      24.16%    passed     99.57%
  24  GCF_000025485.1_ASM2548v1                      27.72%    passed     99.95%
  25  GCF_000026145.1_ASM2614v1                      21.70%    passed    100.00%
  26  GCF_000083545.1_ASM8354v1                      24.23%    passed     99.44%
  27  GCF_000144605.1_ASM14460v1                     22.04%    passed     99.98%
  28  GCF_000154785.2_ASM15478v2                     20.94%    passed     99.99%
  29  GCF_000166055.1_ASM16605v1                     21.77%    passed     99.94%
  30  GCF_000195775.2_ASM19577v2                     20.19%    passed     97.85%
  31  GCF_000202835.1_ASM20283v1                     27.93%    passed     44.95%
  32  GCF_000224005.2_ASM22400v3                     25.19%    passed     99.85%
  33  GCF_000225955.1_ASM22595v1                     27.93%    passed     98.59%
  34  GCF_000227745.2_ASM22774v3                     24.50%    passed    100.00%
  35  GCF_000284255.1_ASM28425v1                     21.36%    passed    100.00%
  36  GCF_000284275.1_ASM28427v1                     20.19%    passed     98.12%
  37  GCF_000284415.1_ASM28441v2                     27.24%    passed     99.13%
  38  GCF_000327045.1_ASM32704v1                     26.28%    passed     96.08%
  39  GCF_000344805.1_ASM34480v1                     21.70%    passed    100.00%
  40  GCF_000364445.2_ASM36444v2                     24.02%    passed     99.99%
  41  GCF_000512205.2_ASM51220v2                     23.96%    passed    100.00%
  42  GCF_000590925.1_ASM59092v1                     20.67%    passed    100.00%
  43  GCF_000738435.1_ASM73843v1                     20.74%    passed     98.56%
  44  GCF_000757795.1_ASM75779v1                     24.02%    passed    100.00%
  45  GCF_000935025.1_ASM93502v1                     22.31%    passed    100.00%
  46  GCF_000973625.1_ASM97362v1                     19.58%    failed      3.40%
  47  GCF_001304795.1_ASM130479v1                    22.25%    passed    100.00%
  48  GCF_001402875.1_ASM140287v1                    24.37%    passed     99.99%
  49  GCF_001412535.1_ASM141253v1                    20.19%    passed     99.55%
  50  GCF_001412575.1_ASM141257v1                    20.47%    passed     99.52%
  51  GCF_001459775.1_Blastochloris_viridis_genome   24.37%    passed     99.99%
  52  GCF_001483865.1_ASM148386v1                    23.34%    passed     99.78%
  53  GCF_001542815.1_ASM154281v1                    24.16%    passed     99.89%
  54  GCF_001548015.1_ASM154801v1                    23.55%    passed     95.29%
  55  GCF_001548075.1_ASM154807v1                    20.94%    passed    100.00%
  56  GCF_001576595.1_ASM157659v1                    21.77%    passed     99.99%
  57  GCF_001632845.1_ASM163284v1                    28.61%    passed    100.00%
  58  GCF_001633145.1_ASM163314v1                    20.94%    passed    100.00%
  59  GCF_001633165.1_ASM163316v1                    20.94%    passed    100.00%
  60  GCF_001663155.1_ASM166315v1                    23.27%    passed    100.00%
  61  GCF_001663175.1_ASM166317v1                    22.31%    passed    100.00%
  62  GCF_001685625.1_ASM168562v1                    21.77%    passed     99.99%
  63  GCF_001713355.1_ASM171335v1                    21.15%    passed    100.00%
  64  GCF_001713375.1_ASM171337v1                    20.12%    passed     93.51%
  65  GCF_001713435.1_ASM171343v1                    22.31%    passed    100.00%
  66  GCF_001713455.1_ASM171345v1                    22.72%    passed    100.00%
  67  GCF_001713475.1_ASM171347v1                    20.81%    passed     99.97%
  68  GCF_001719165.1_ASM171916v1                    22.86%    passed     99.27%
  69  GCF_001720465.1_ASM172046v1                    22.31%    passed    100.00%
  70  GCF_001854385.1_ASM185438v1                    23.96%    passed     99.99%
  71  GCF_001870665.2_ASM187066v2                    21.15%    passed    100.00%
  72  GCF_001886735.1_ASM188673v1                    21.63%    passed    100.00%
  73  GCF_001936175.1_ASM193617v1                    23.89%    passed    100.00%
  74  GCF_001955735.1_ASM195573v1                    21.49%    passed    100.00%
  75  GCF_001969365.1_ASM196936v1                    21.15%    passed    100.00%
  76  GCF_001971665.1_ASM197166v1                    24.23%    passed     99.45%
  77  GCF_002002865.1_ASM200286v1                    21.97%    passed    100.00%
  78  GCF_002073975.1_ASM207397v1                    21.08%    passed    100.00%
  79  GCF_002079305.1_ASM207930v1                    20.60%    passed    100.00%
  80  GCF_002080415.1_ASM208041v1                    21.08%    passed    100.00%
  81  GCF_002117815.2_ASM211781v2                    24.30%    passed     99.64%
  82  GCF_002158905.1_ASM215890v1                    21.56%    passed    100.00%
  83  GCF_002266435.2_ASM226643v2                    20.47%    passed     99.70%
  84  GCF_002355515.1_ASM235551v1                    24.09%    passed     96.82%
  85  GCF_002407205.1_ASM240720v1                    21.90%    passed     99.98%
  86  GCF_002706325.1_ASM270632v1                    21.77%    passed     99.99%
  87  GCF_002813775.1_ASM281377v1                    25.26%    passed     88.88%
  88  GCF_002868735.1_ASM286873v1                    21.08%    passed    100.00%
  89  GCF_002952215.1_ASM295221v1                    22.45%    passed    100.00%
  90  GCF_002983865.1_ASM298386v1                    21.01%    passed    100.00%
  91  GCF_003031245.1_ASM303124v1                    20.26%    passed     97.24%
  92  GCF_003031265.1_ASM303126v1                    20.26%    passed     97.24%
  93  GCF_003065365.1_ASM306536v1                    19.92%    passed     47.87%
  94  GCF_003071405.1_ASM307140v1                    21.42%    passed    100.00%
  95  GCF_003173715.1_ASM317371v1                    23.82%    passed     98.25%
  96  GCF_003173735.1_ASM317373v1                    24.78%    passed     67.33%
  97  GCF_003173755.1_ASM317375v1                    23.82%    passed     98.86%
  98  GCF_003173775.1_ASM317377v1                    24.16%    passed     81.08%
  99  GCF_003254375.1_ASM325437v1                    24.02%    passed    100.00%
 100  GCF_003264115.1_ASM326411v1                    21.90%    passed    100.00%
 101  GCF_003288315.1_ASM328831v1                    21.08%    passed    100.00%
 102  GCF_003324715.1_ASM332471v1                    21.77%    passed     99.99%
 103  GCF_003352165.1_ASM335216v1                    22.66%    passed    100.00%
 104  GCF_003429265.1_ASM342926v1                    21.42%    passed    100.00%
 105  GCF_003431825.1_ASM343182v1                    22.31%    passed    100.00%
 106  GCF_003855495.1_ASM385549v1                    21.83%    passed    100.00%
 107  GCF_003940805.1_ASM394080v1                    21.08%    passed    100.00%
 108  GCF_003952725.1_ASM395272v1                    26.35%    passed     98.31%
 109  GCF_003966715.1_ASM396671v1                    24.44%    passed     99.98%
 110  GCF_004114955.1_ASM411495v1                    21.77%    passed    100.00%
 111  GCF_004136295.1_ASM413629v1                    20.88%    passed    100.00%
 112  GCF_004216475.1_ASM421647v1                    20.74%    passed     99.92%
 113  GCF_004331955.1_ASM433195v1                    21.15%    passed    100.00%
 114  GCF_004354345.1_ASM435434v1                    23.00%    passed    100.00%
 115  GCF_005311585.1_ASM531158v1                    21.77%    passed     99.99%
 116  GCF_005860795.2_ASM586079v2                    21.01%    passed     99.99%
 117  GCF_006542605.1_ASM654260v1                    22.52%    passed    100.00%
 118  GCF_006740745.1_ASM674074v1                    23.48%    passed     99.99%
 119  GCF_007005445.1_ASM700544v1                    20.33%    passed     99.07%
 120  GCF_007290395.1_ASM729039v1                    20.26%    passed     98.85%
 121  GCF_007954425.1_ASM795442v1                    22.25%    passed    100.00%
 122  GCF_008000895.1_ASM800089v1                    23.82%    passed    100.00%
 123  GCF_008000915.1_ASM800091v1                    21.22%    passed    100.00%
 124  GCF_008728195.1_ASM872819v1                    21.15%    passed     99.99%
 125  GCF_008843145.1_ASM884314v1                    28.13%    passed     99.21%
 126  GCF_008932115.1_ASM893211v1                    20.33%    passed     98.88%
 127  GCF_009363255.1_ASM936325v1                    20.88%    passed    100.00%
 128  GCF_009363495.1_ASM936349v1                    20.88%    passed    100.00%
 129  GCF_009363575.1_ASM936357v1                    21.49%    passed    100.00%
 130  GCF_009363615.1_ASM936361v1                    21.15%    passed    100.00%
 131  GCF_009363635.1_ASM936363v1                    21.49%    passed     99.98%
 132  GCF_009363655.1_ASM936365v1                    21.08%    passed    100.00%
 133  GCF_009363715.1_ASM936371v1                    20.94%    passed    100.00%
 134  GCF_009363735.1_ASM936373v1                    21.01%    passed    100.00%
 135  GCF_009363795.1_ASM936379v1                    22.18%    passed    100.00%
 136  GCF_009650195.1_ASM965019v1                    20.81%    passed     99.99%
 137  GCF_009664085.1_ASM966408v1                    27.72%    passed     99.98%
 138  GCF_009685175.1_ASM968517v1                    21.97%    passed    100.00%
 139  GCF_009707465.1_ASM970746v1                    22.11%    passed    100.00%
 140  GCF_009762325.1_ASM976232v1                    21.22%    passed    100.00%
 141  GCF_009797665.1_ASM979766v1                    21.77%    passed     99.99%
 142  GCF_009859815.1_ASM985981v1                    20.26%    passed     97.21%
 143  GCF_009913435.1_ASM991343v1                    22.86%    passed     99.50%
 144  GCF_010104355.1_ASM1010435v1                   20.26%    passed     97.21%
 145  GCF_011040475.1_ASM1104047v1                   21.97%    passed     99.92%
 146  GCF_011044255.1_ASM1104425v1                   23.20%    passed    100.00%
 147  GCF_011047315.1_ASM1104731v1                   22.59%    passed    100.00%
 148  GCF_011290485.1_ASM1129048v1                   32.03%    passed     99.75%
 149  GCF_011388215.1_ASM1138821v1                   22.79%    passed     57.04%
 150  GCF_012647365.1_ASM1264736v1                   21.77%    passed     99.99%
 151  GCF_012932215.1_ASM1293221v1                   20.94%    passed    100.00%
 152  GCF_013170845.1_ASM1317084v1                   22.11%    passed    100.00%
 153  GCF_013307245.1_ASM1330724v1                   19.85%    passed     12.79%
 154  GCF_013374095.1_ASM1337409v1                   22.25%    passed    100.00%
 155  GCF_013378075.1_ASM1337807v1                   21.63%    passed     99.98%
 156  GCF_013415845.1_ASM1341584v1                   20.19%    passed     97.85%
 157  GCF_014117445.1_ASM1411744v1                   24.50%    passed    100.00%
 158  GCF_014495845.1_ASM1449584v1                   22.66%    passed     99.99%
 159  GCF_014622665.1_ASM1462266v1                   20.81%    passed    100.00%
 160  GCF_014681765.1_ASM1468176v1                   20.67%    passed    100.00%
 161  GCF_016584445.1_ASM1658444v1                   20.19%    passed     97.85%
 162  GCF_016653635.2_ASM1665363v2                   28.20%    passed     95.04%
 163  GCF_016765655.2_ASM1676565v2                   28.06%    passed     99.51%
 164  GCF_016806065.1_ASM1680606v1                   20.88%    passed     99.99%
 165  GCF_016806835.2_ASM1680683v2                   28.06%    passed     99.83%
 166  GCF_016839165.1_ASM1683916v1                   20.47%    passed     99.88%
 167  GCF_017347565.1_ASM1734756v1                   23.41%    passed     99.88%
 168  GCF_017498565.1_ASM1749856v1                   22.86%    passed     96.31%
 169  GCF_017795885.1_ASM1779588v1                   22.25%    passed    100.00%
 170  GCF_018200035.1_ASM1820003v1                   21.01%    passed    100.00%
 171  GCF_018205975.1_ASM1820597v1                   22.18%    passed    100.00%
 172  GCF_018399035.1_ASM1839903v1                   31.07%    passed     98.97%
 173  GCF_018409545.1_ASM1840954v1                   27.65%    passed     99.95%
 174  GCF_018687415.1_ASM1868741v1                   19.71%    passed     55.43%
 175  GCF_018687475.1_ASM1868747v1                   19.78%    passed     66.10%
 176  GCF_018687675.1_ASM1868767v1                   19.51%    failed      3.61%
 177  GCF_018688155.1_ASM1868815v1                   19.85%    passed     73.08%
 178  GCF_018688255.1_ASM1868825v1                   19.64%    failed      4.24%
 179  GCF_018982885.2_ASM1898288v2                   23.61%    passed     99.99%
 180  GCF_019134555.1_ASM1913455v1                   27.93%    passed     98.59%
 181  GCF_019203965.1_ASM1920396v1                   24.91%    passed     49.98%
 182  GCF_019431245.1_ASM1943124v1                   23.68%    passed     99.99%
 183  GCF_019443285.1_ASM1944328v1                   23.68%    passed    100.00%
 184  GCF_019623905.1_ASM1962390v1                   21.49%    passed    100.00%
 185  GCF_019904235.1_ASM1990423v1                   23.48%    passed    100.00%
 186  GCF_019973775.1_ASM1997377v1                   22.86%    passed     99.70%
 187  GCF_020866845.1_ASM2086684v1                   29.02%    passed    100.00%
 188  GCF_021088345.1_ASM2108834v1                   21.29%    passed    100.00%
 189  GCF_021117295.1_ASM2111729v1                   24.16%    passed     99.86%
 190  GCF_021228015.1_ASM2122801v1                   23.96%    passed     93.07%
 191  GCF_021228795.1_ASM2122879v1                   24.57%    passed     99.97%
 192  GCF_021391315.1_ASM2139131v1                   21.42%    passed    100.00%
 193  GCF_021391535.1_ASM2139153v1                   22.52%    passed     94.07%
 194  GCF_021398735.1_ASM2139873v1                   23.89%    passed     99.99%
 195  GCF_021431965.1_ASM2143196v1                   22.52%    passed    100.00%
 196  GCF_021484845.1_ASM2148484v1                   23.96%    passed     99.99%
 197  GCF_022227035.1_ASM2222703v1                   21.42%    passed    100.00%
 198  GCF_022370455.1_ASM2237045v1                   21.97%    passed    100.00%
 199  GCF_022410435.1_ASM2241043v1                   21.56%    passed     99.94%
 200  GCF_022533465.1_ASM2253346v1                   24.64%    passed     91.38%
 201  GCF_022558965.1_ASM2255896v1                   28.13%    passed     37.06%
 202  GCF_022846615.1_ASM2284661v1                   24.30%    passed     99.88%
 203  GCF_023243115.1_ASM2324311v1                   21.63%    passed    100.00%
 204  GCF_023380025.1_ASM2338002v1                   23.13%    passed     99.65%
 205  GCF_023546765.1_ASM2354676v1                   23.82%    passed    100.00%
 206  GCF_023558335.1_ASM2355833v1                   20.81%    passed    100.00%
 207  GCF_023558355.1_ASM2355835v1                   20.81%    passed    100.00%
 208  GCF_023573145.1_ASM2357314v1                   22.79%    passed    100.00%
 209  GCF_023823125.1_ASM2382312v1                   22.45%    passed    100.00%
 210  GCF_024496245.1_ASM2449624v1                   23.00%    passed     99.99%
 211  GCF_024758705.1_ASM2475870v1                   23.61%    passed     99.70%
 212  GCF_024758725.1_ASM2475872v1                   22.93%    passed    100.00%
 213  GCF_025141175.1_ASM2514117v1                   23.61%    passed    100.00%
 214  GCF_025141935.1_ASM2514193v1                   20.94%    passed    100.00%
 215  GCF_025398155.2_ASM2539815v2                   23.41%    passed     99.28%
 216  GCF_025811215.1_ASM2581121v1                   20.26%    passed     97.24%
 217  GCF_025811355.1_ASM2581135v1                   20.19%    passed     96.21%
 218  GCF_025811435.1_ASM2581143v1                   20.26%    passed     97.24%
 219  GCF_025813715.1_ASM2581371v1                   23.48%    passed     95.15%
 220  GCF_025917005.1_ASM2591700v1                   22.38%    passed    100.00%
 221  GCF_026122595.1_ASM2612259v1                   24.23%    passed     99.07%
 222  GCF_026122615.1_ASM2612261v1                   24.23%    passed     99.09%
 223  GCF_026167525.1_ASM2616752v1                   23.61%    passed    100.00%
 224  GCF_026167545.1_ASM2616754v1                   23.07%    passed    100.00%
 225  GCF_026625025.1_ASM2662502v1                   20.19%    passed     97.85%
 226  GCF_026898155.1_ASM2689815v1                   21.77%    passed     99.30%
 227  GCF_027271155.1_ASM2727115v1                   22.18%    passed    100.00%
 228  GCF_027886585.1_ASM2788658v1                   20.94%    passed    100.00%
 229  GCF_027912195.1_ASM2791219v1                   20.19%    passed     97.85%
 230  GCF_027943985.1_ASM2794398v1                   19.58%    passed     53.41%
 231  GCF_027944005.1_ASM2794400v1                   19.58%    passed     53.41%
 232  GCF_028621955.1_ASM2862195v1                   22.38%    passed    100.00%
 233  GCF_028885395.1_ASM2888539v1                   20.60%    passed     99.97%
 234  GCF_029277405.1_ASM2927740v1                   20.74%    passed    100.00%
 235  GCF_029581395.1_ASM2958139v1                   22.72%    passed    100.00%
 236  GCF_029691625.1_ASM2969162v1                   24.02%    passed    100.00%
 237  GCF_029714205.1_ASM2971420v1                   24.57%    passed     13.63%
 238  GCF_029761955.1_ASM2976195v1                   23.55%    passed     99.83%
 239  GCF_030062705.1_ASM3006270v1                   24.09%    passed     99.77%
 240  GCF_030252425.1_ASM3025242v1                   25.46%    passed     95.74%
 241  GCF_030255395.1_ASM3025539v1                   24.09%    passed     99.93%
 242  GCF_030297555.1_ASM3029755v1                   19.92%    passed     75.05%
 243  GCF_030297575.1_ASM3029757v1                   19.92%    passed     76.89%
 244  GCF_030297595.1_ASM3029759v1                   19.99%    passed     82.80%
 245  GCF_030297615.1_ASM3029761v1                   19.78%    passed     60.24%
 246  GCF_030297635.1_ASM3029763v1                   19.92%    passed     76.89%
 247  GCF_030297655.1_ASM3029765v1                   19.92%    passed     76.89%
 248  GCF_030297675.1_ASM3029767v1                   19.92%    passed     76.89%
 249  GCF_900176205.1_BRAD285_PRJEB202261_v1         21.90%    passed    100.00%
 250  GCF_900234795.1_TK0001_PRJEB23178_v1           24.30%    passed     99.64%
 251  GCF_901457705.2_RHAL1_v2                       21.83%    passed    100.00%
 252  GCF_937425535.1_Rhodovastum_atsumiense_G2-11   23.34%    passed     93.44%
****  TOTAL                                          22.54%  3 sequences failed composition chi2 test (p-value<5%; df=19)
NOTE: GCF_000225955.1_ASM22595v1 is identical to GCF_000013085.1_ASM1308v1 but kept for subsequent analysis
NOTE: GCF_002983865.1_ASM298386v1 is identical to GCF_000014045.1_ASM1404v1 but kept for subsequent analysis
NOTE: GCF_023558335.1_ASM2355833v1 is identical to GCF_000018145.1_ASM1814v1 but kept for subsequent analysis
NOTE: GCF_030255395.1_ASM3025539v1 is identical to GCF_000018845.1_ASM1884v1 but kept for subsequent analysis
NOTE: GCF_029714205.1_ASM2971420v1 is identical to GCF_000019365.1_ASM1936v1 but kept for subsequent analysis
NOTE: GCF_001854385.1_ASM185438v1 is identical to GCF_000019725.1_ASM1972v1 but kept for subsequent analysis
NOTE: GCF_000195775.2_ASM19577v2 is identical to GCF_000020445.1_ASM2044v1 but kept for subsequent analysis
NOTE: GCF_003254375.1_ASM325437v1 is identical to GCF_000757795.1_ASM75779v1 but kept for subsequent analysis
NOTE: GCF_001459775.1_Blastochloris_viridis_genome is identical to GCF_001402875.1_ASM140287v1 but kept for subsequent analysis
NOTE: GCF_001685625.1_ASM168562v1 is identical to GCF_001576595.1_ASM157659v1 but kept for subsequent analysis
NOTE: GCF_001633165.1_ASM163316v1 is identical to GCF_001633145.1_ASM163314v1 but kept for subsequent analysis
NOTE: GCF_003431825.1_ASM343182v1 is identical to GCF_001713435.1_ASM171343v1 but kept for subsequent analysis
NOTE: GCF_900234795.1_TK0001_PRJEB23178_v1 is identical to GCF_002117815.2_ASM211781v2 but kept for subsequent analysis
NOTE: GCF_003031265.1_ASM303126v1 is identical to GCF_003031245.1_ASM303124v1 but kept for subsequent analysis
NOTE: GCF_021391315.1_ASM2139131v1 is identical to GCF_003429265.1_ASM342926v1 but kept for subsequent analysis
NOTE: GCF_009363495.1_ASM936349v1 is identical to GCF_009363255.1_ASM936325v1 but kept for subsequent analysis
NOTE: GCF_010104355.1_ASM1010435v1 is identical to GCF_009859815.1_ASM985981v1 but kept for subsequent analysis
NOTE: GCF_027944005.1_ASM2794400v1 is identical to GCF_027943985.1_ASM2794398v1 but kept for subsequent analysis
NOTE: GCF_030297635.1_ASM3029763v1 is identical to GCF_030297575.1_ASM3029757v1 but kept for subsequent analysis
NOTE: 15 identical sequences (see below) will be ignored for subsequent analysis
NOTE: GCF_019134555.1_ASM1913455v1 (identical to GCF_000013085.1_ASM1308v1) is ignored but added at the end
NOTE: GCF_023558355.1_ASM2355835v1 (identical to GCF_000018145.1_ASM1814v1) is ignored but added at the end
NOTE: GCF_021484845.1_ASM2148484v1 (identical to GCF_000019725.1_ASM1972v1) is ignored but added at the end
NOTE: GCF_013415845.1_ASM1341584v1 (identical to GCF_000020445.1_ASM2044v1) is ignored but added at the end
NOTE: GCF_016584445.1_ASM1658444v1 (identical to GCF_000020445.1_ASM2044v1) is ignored but added at the end
NOTE: GCF_026625025.1_ASM2662502v1 (identical to GCF_000020445.1_ASM2044v1) is ignored but added at the end
NOTE: GCF_027912195.1_ASM2791219v1 (identical to GCF_000020445.1_ASM2044v1) is ignored but added at the end
NOTE: GCF_002706325.1_ASM270632v1 (identical to GCF_001576595.1_ASM157659v1) is ignored but added at the end
NOTE: GCF_003324715.1_ASM332471v1 (identical to GCF_001576595.1_ASM157659v1) is ignored but added at the end
NOTE: GCF_009797665.1_ASM979766v1 (identical to GCF_001576595.1_ASM157659v1) is ignored but added at the end
NOTE: GCF_012647365.1_ASM1264736v1 (identical to GCF_001576595.1_ASM157659v1) is ignored but added at the end
NOTE: GCF_025811215.1_ASM2581121v1 (identical to GCF_003031245.1_ASM303124v1) is ignored but added at the end
NOTE: GCF_025811435.1_ASM2581143v1 (identical to GCF_003031245.1_ASM303124v1) is ignored but added at the end
NOTE: GCF_030297655.1_ASM3029765v1 (identical to GCF_030297575.1_ASM3029757v1) is ignored but added at the end
NOTE: GCF_030297675.1_ASM3029767v1 (identical to GCF_030297575.1_ASM3029757v1) is ignored but added at the end
Alignment was printed to results/tree/PGC_bchY/PGC_bchY.uniqueseq.phy

For your convenience alignment with unique sequences printed to results/tree/PGC_bchY/PGC_bchY.uniqueseq.phy


Create initial parsimony tree by phylogenetic likelihood library (PLL)... 0.271 seconds
Perform fast likelihood tree search using LG+I+G model...
Estimate model parameters (epsilon = 5.000)
Perform nearest neighbor interchange...
Estimate model parameters (epsilon = 1.000)
1. Initial log-likelihood: -84356.432
Optimal log-likelihood: -84356.266
Proportion of invariable sites: 0.298
Gamma shape alpha: 0.877
Parameters optimization took 1 rounds (3.956 sec)
Time for fast ML tree search: 36.745 seconds

NOTE: ModelFinder requires 363 MB RAM!
ModelFinder will test up to 702 protein models (sample size: 1461) ...
 No. Model         -LnL         df  AIC          AICc         BIC
  1  LG            93677.308    471 188296.617   188746.186   190786.736
  2  LG+I          88688.796    472 178321.593   178773.528   180816.999
  3  LG+G4         84567.978    472 170079.955   170531.891   172575.361
  4  LG+I+G4       84356.259    473 169658.517   170112.828   172159.210
  5  LG+R2         85982.778    473 172911.557   173365.867   175412.249
  6  LG+R3         84807.009    475 170564.018   171023.104   173075.284
  7  LG+R4         84497.677    477 169949.353   170413.251   172471.193
  8  LG+R5         84296.046    479 169550.091   170018.837   172082.505
  9  LG+R6         84267.905    481 169497.810   169971.440   172040.798
 10  LG+R7         84256.916    483 169479.832   169958.382   172033.393
 11  LG+R8         84248.896    485 169467.793   169951.301   172031.928
 12  LG+R9         84243.160    487 169460.320   169948.822   172035.029
 22  LG+F+R6       68726.984    500 138453.968   138975.843   141097.406
 23  LG+F+R7       68699.891    502 138403.781   138930.934   141057.793
 24  LG+F+R8       68699.835    504 138407.670   138940.139   141072.256
 35  WAG+R6        84198.857    481 169359.713   169833.344   171902.701
 36  WAG+R7        84183.784    483 169333.567   169812.118   171887.128
WARNING: Log-likelihood -84190.7 of WAG+R8 worse than WAG+R7 -84183.8
 37  WAG+R8        84190.694    485 169351.388   169834.895   171915.523
 48  WAG+F+R6      68945.554    500 138891.109   139412.984   141534.547
 49  WAG+F+R7      68923.175    502 138850.349   139377.502   141504.361
 50  WAG+F+R8      68917.352    504 138842.703   139375.172   141507.289
 61  JTT+R6        86171.944    481 173305.889   173779.519   175848.876
 62  JTT+R7        86160.613    483 173287.226   173765.777   175840.787
 63  JTT+R8        86157.794    485 173285.588   173769.095   175849.723
 74  JTT+F+R6      72093.632    500 145187.265   145709.140   147830.703
 75  JTT+F+R7      72071.695    502 145147.391   145674.543   147801.403
 76  JTT+F+R8      72065.183    504 145138.366   145670.834   147802.951
 87  Q.pfam+R6     84362.070    481 169686.139   170159.770   172229.127
 88  Q.pfam+R7     84346.133    483 169658.266   170136.816   172211.827
 89  Q.pfam+R8     84343.815    485 169657.630   170141.137   172221.765
100  Q.pfam+F+R6   69091.956    500 139183.912   139705.787   141827.350
101  Q.pfam+F+R7   69063.688    502 139131.377   139658.529   141785.389
102  Q.pfam+F+R8   69058.165    504 139124.330   139656.799   141788.916
113  Q.bird+R6     90457.986    481 181877.972   182351.602   184420.959
114  Q.bird+R7     90442.526    483 181851.051   182329.602   184404.613
115  Q.bird+R8     90436.955    485 181843.911   182327.418   184408.046
126  Q.bird+F+R6   77061.314    500 155122.628   155644.503   157766.066
127  Q.bird+F+R7   77047.491    502 155098.983   155626.135   157752.995
128  Q.bird+F+R8   77047.375    504 155102.750   155635.219   157767.336
139  Q.mammal+R6   88889.434    481 178740.868   179214.498   181283.855
140  Q.mammal+R7   88882.058    483 178730.116   179208.667   181283.677
WARNING: Log-likelihood -88883.8 of Q.mammal+R8 worse than Q.mammal+R7 -88882.1
141  Q.mammal+R8   88883.804    485 178737.607   179221.115   181301.743
152  Q.mammal+F+R6 74917.262    500 150834.525   151356.400   153477.963
153  Q.mammal+F+R7 74900.186    502 150804.372   151331.525   153458.384
154  Q.mammal+F+R8 74900.205    504 150808.410   151340.879   153472.996
165  Q.insect+R6   86225.037    481 173412.074   173885.704   175955.062
166  Q.insect+R7   86213.707    483 173393.415   173871.966   175946.976
WARNING: Log-likelihood -86218.8 of Q.insect+R8 worse than Q.insect+R7 -86213.7
167  Q.insect+R8   86218.766    485 173407.532   173891.040   175971.667
178  Q.insect+F+R6 69752.887    500 140505.775   141027.650   143149.213
179  Q.insect+F+R7 69726.167    502 140456.335   140983.487   143110.347
180  Q.insect+F+R8 69720.431    504 140448.862   140981.330   143113.447
191  Q.plant+R6    89958.348    481 180878.696   181352.326   183421.684
192  Q.plant+R7    89943.211    483 180852.422   181330.973   183405.983
WARNING: Log-likelihood -89950.4 of Q.plant+R8 worse than Q.plant+R7 -89943.2
193  Q.plant+R8    89950.373    485 180870.745   181354.253   183434.880
204  Q.plant+F+R6  74052.447    500 149104.894   149626.769   151748.332
205  Q.plant+F+R7  74033.775    502 149071.551   149598.703   151725.562
206  Q.plant+F+R8  74033.842    504 149075.685   149608.153   151740.271
217  Q.yeast+R6    87510.208    481 175982.417   176456.047   178525.404
218  Q.yeast+R7    87496.034    483 175958.069   176436.619   178511.630
WARNING: Log-likelihood -87502.3 of Q.yeast+R8 worse than Q.yeast+R7 -87496
219  Q.yeast+R8    87502.271    485 175974.542   176458.050   178538.677
230  Q.yeast+F+R6  69838.812    500 140677.625   141199.500   143321.063
231  Q.yeast+F+R7  69815.633    502 140635.266   141162.418   143289.278
232  Q.yeast+F+R8  69809.540    504 140627.081   141159.549   143291.666
243  JTTDCMut+R6   85924.351    481 172810.701   173284.332   175353.689
244  JTTDCMut+R7   85912.775    483 172791.550   173270.100   175345.111
245  JTTDCMut+R8   85909.767    485 172789.535   173273.042   175353.670
256  JTTDCMut+F+R6 71906.611    500 144813.223   145335.098   147456.661
257  JTTDCMut+F+R7 71884.408    502 144772.816   145299.968   147426.828
258  JTTDCMut+F+R8 71884.287    504 144776.575   145309.043   147441.161
269  DCMut+R6      90967.009    481 182896.019   183369.649   185439.006
270  DCMut+R7      90926.700    483 182819.401   183297.952   185372.962
271  DCMut+R8      90914.725    485 182799.450   183282.958   185363.585
272  DCMut+R9      90910.393    487 182794.786   183283.288   185369.495
282  DCMut+F+R6    76543.953    500 154087.906   154609.781   156731.345
283  DCMut+F+R7    76504.265    502 154012.529   154539.682   156666.541
284  DCMut+F+R8    76501.773    504 154011.546   154544.015   156676.132
295  VT+R6         84601.930    481 170165.860   170639.490   172708.847
296  VT+R7         84595.341    483 170156.682   170635.233   172710.243
308  VT+F+R6       68576.027    500 138152.055   138673.930   140795.493
309  VT+F+R7       68555.790    502 138115.581   138642.733   140769.592
310  VT+F+R8       68551.357    504 138110.714   138643.182   140775.299
321  PMB+R6        82754.649    481 166471.299   166944.929   169014.286
322  PMB+R7        82744.145    483 166454.290   166932.840   169007.851
323  PMB+R8        82743.674    485 166457.347   166940.855   169021.482
334  PMB+F+R6      68135.684    500 137271.368   137793.243   139914.806
335  PMB+F+R7      68124.984    502 137253.968   137781.121   139907.980
336  PMB+F+R8      68121.537    504 137251.073   137783.542   139915.659
347  Blosum62+R6   82699.998    481 166361.997   166835.627   168904.984
348  Blosum62+R7   82692.226    483 166350.452   166829.003   168904.013
WARNING: Log-likelihood -82698 of Blosum62+R8 worse than Blosum62+R7 -82692.2
349  Blosum62+R8   82697.988    485 166365.977   166849.484   168930.112
360  Blosum62+F+R6 67682.952    500 136365.905   136887.780   139009.343
361  Blosum62+F+R7 67666.472    502 136336.943   136864.095   138990.955
WARNING: Log-likelihood -67677.9 of Blosum62+F+R8 worse than Blosum62+F+R7 -67666.5
362  Blosum62+F+R8 67677.909    504 136363.818   136896.287   139028.404
373  Dayhoff+R6    90953.407    481 182868.814   183342.444   185411.801
374  Dayhoff+R7    90912.672    483 182791.345   183269.895   185344.906
375  Dayhoff+R8    90901.390    485 182772.780   183256.287   185336.915
376  Dayhoff+R9    90896.270    487 182766.540   183255.041   185341.248
386  Dayhoff+F+R6  76537.917    500 154075.833   154597.708   156719.271
387  Dayhoff+F+R7  76512.008    502 154028.016   154555.169   156682.028
388  Dayhoff+F+R8  76500.726    504 154009.452   154541.921   156674.038
389  Dayhoff+F+R9  76480.604    506 153973.207   154511.031   156648.367
399  mtREV+R6      90335.759    481 181633.519   182107.149   184176.506
400  mtREV+R7      90293.430    483 181552.860   182031.411   184106.421
401  mtREV+R8      90275.357    485 181520.714   182004.222   184084.850
402  mtREV+R9      90271.551    487 181517.102   182005.603   184091.811
412  mtREV+F+R6    73483.773    500 147967.545   148489.420   150610.984
413  mtREV+F+R7    73452.820    502 147909.640   148436.793   150563.652
414  mtREV+F+R8    73426.514    504 147861.028   148393.496   150525.614
415  mtREV+F+R9    73423.441    506 147858.882   148396.706   150534.041
425  mtART+R6      89056.191    481 179074.381   179548.011   181617.369
426  mtART+R7      89005.173    483 178976.346   179454.897   181529.907
427  mtART+R8      88973.275    485 178916.550   179400.058   181480.685
428  mtART+R9      88968.359    487 178910.718   179399.220   181485.427
438  mtART+F+R6    71316.362    500 143632.725   144154.600   146276.163
439  mtART+F+R7    71276.165    502 143556.330   144083.482   146210.342
440  mtART+F+R8    71236.706    504 143481.412   144013.880   146145.997
WARNING: Log-likelihood -71239 of mtART+F+R9 worse than mtART+F+R8 -71236.7
441  mtART+F+R9    71239.038    506 143490.077   144027.900   146165.236
451  mtZOA+R6      84464.383    481 169890.767   170364.397   172433.754
452  mtZOA+R7      84434.368    483 169834.735   170313.286   172388.296
WARNING: Log-likelihood -84456 of mtZOA+R8 worse than mtZOA+R7 -84434.4
453  mtZOA+R8      84455.986    485 169881.973   170365.480   172446.108
464  mtZOA+F+R6    69843.366    500 140686.733   141208.608   143330.171
465  mtZOA+F+R7    69788.114    502 140580.229   141107.381   143234.241
466  mtZOA+F+R8    69774.160    504 140556.319   141088.788   143220.905
467  mtZOA+F+R9    69759.691    506 140531.382   141069.206   143206.542
477  mtMet+R6      88652.535    481 178267.070   178740.700   180810.057
478  mtMet+R7      88628.668    483 178223.337   178701.887   180776.898
WARNING: Log-likelihood -88644 of mtMet+R8 worse than mtMet+R7 -88628.7
479  mtMet+R8      88644.033    485 178258.066   178741.573   180822.201
490  mtMet+F+R6    72545.355    500 146090.709   146612.584   148734.148
491  mtMet+F+R7    72522.592    502 146049.183   146576.336   148703.195
492  mtMet+F+R8    72516.550    504 146041.100   146573.569   148705.686
503  mtVer+R6      90728.373    481 182418.746   182892.376   184961.734
504  mtVer+R7      90702.869    483 182371.738   182850.289   184925.300
505  mtVer+R8      90696.306    485 182362.612   182846.119   184926.747
516  mtVer+F+R6    75275.162    500 151550.323   152072.198   154193.761
517  mtVer+F+R7    75251.740    502 151507.479   152034.632   154161.491
518  mtVer+F+R8    75245.780    504 151499.559   152032.028   154164.145
529  mtInv+R6      87145.057    481 175252.114   175725.744   177795.101
530  mtInv+R7      87129.849    483 175225.698   175704.249   177779.260
WARNING: Log-likelihood -87137.5 of mtInv+R8 worse than mtInv+R7 -87129.8
531  mtInv+R8      87137.494    485 175244.989   175728.496   177809.124
542  mtInv+F+R6    69829.041    500 140658.083   141179.958   143301.521
543  mtInv+F+R7    69798.631    502 140601.261   141128.413   143255.273
544  mtInv+F+R8    69795.277    504 140598.554   141131.023   143263.140
555  mtMAM+R6      99868.452    481 200698.904   201172.534   203241.892
556  mtMAM+R7      99787.424    483 200540.847   201019.398   203094.409
557  mtMAM+R8      99766.059    485 200502.118   200985.626   203066.253
558  mtMAM+R9      99764.707    487 200503.415   200991.916   203078.124
568  mtMAM+F+R6    82897.322    500 166794.643   167316.518   169438.082
569  mtMAM+F+R7    82821.904    502 166647.808   167174.960   169301.820
570  mtMAM+F+R8    82747.020    504 166502.040   167034.508   169166.625
WARNING: Log-likelihood -82796.5 of mtMAM+F+R9 worse than mtMAM+F+R8 -82747
571  mtMAM+F+R9    82796.511    506 166605.022   167142.846   169280.182
581  HIVb+R6       94513.158    481 189988.317   190461.947   192531.304
582  HIVb+R7       94475.967    483 189917.934   190396.485   192471.496
583  HIVb+R8       94471.675    485 189913.350   190396.858   192477.485
594  HIVb+F+R6     79095.908    500 159191.816   159713.691   161835.254
595  HIVb+F+R7     79049.964    502 159103.928   159631.080   161757.940
596  HIVb+F+R8     79038.946    504 159085.892   159618.361   161750.478
597  HIVb+F+R9     79037.574    506 159087.148   159624.972   161762.308
607  HIVw+R6       106234.148   481 213430.297   213903.927   215973.285
608  HIVw+R7       106210.291   483 213386.583   213865.134   215940.144
609  HIVw+R8       106174.866   485 213319.732   213803.240   215883.867
610  HIVw+R9       106163.130   487 213300.261   213788.762   215874.969
620  HIVw+F+R6     85639.039    500 172278.077   172799.952   174921.516
621  HIVw+F+R7     85592.888    502 172189.776   172716.929   174843.788
622  HIVw+F+R8     85529.151    504 172066.302   172598.771   174730.888
WARNING: Log-likelihood -85577 of HIVw+F+R9 worse than HIVw+F+R8 -85529.2
623  HIVw+F+R9     85577.005    506 172166.011   172703.835   174841.170
633  FLU+R6        97787.976    481 196537.951   197011.581   199080.939
634  FLU+R7        97717.904    483 196401.809   196880.360   198955.370
635  FLU+R8        97714.255    485 196398.509   196882.017   198962.644
646  FLU+F+R6      79040.425    500 159080.850   159602.725   161724.288
647  FLU+F+R7      78995.221    502 158994.443   159521.595   161648.455
648  FLU+F+R8      78979.211    504 158966.422   159498.890   161631.007
WARNING: Log-likelihood -78984.3 of FLU+F+R9 worse than FLU+F+R8 -78979.2
649  FLU+F+R9      78984.301    506 158980.602   159518.426   161655.762
659  rtREV+R6      84210.534    481 169383.067   169856.697   171926.055
660  rtREV+R7      84180.651    483 169327.301   169805.852   171880.862
WARNING: Log-likelihood -84208.5 of rtREV+R8 worse than rtREV+R7 -84180.7
661  rtREV+R8      84208.491    485 169386.982   169870.489   171951.117
672  rtREV+F+R6    69468.181    500 139936.362   140458.237   142579.800
673  rtREV+F+R7    69449.026    502 139902.052   140429.205   142556.064
674  rtREV+F+R8    69444.190    504 139896.380   140428.849   142560.966
685  cpREV+R6      85975.420    481 172912.841   173386.471   175455.829
686  cpREV+R7      85961.595    483 172889.190   173367.741   175442.751
687  cpREV+R8      85958.531    485 172887.062   173370.569   175451.197
698  cpREV+F+R6    70138.767    500 141277.534   141799.409   143920.972
699  cpREV+F+R7    70116.634    502 141237.267   141764.420   143891.279
WARNING: Log-likelihood -70133 of cpREV+F+R8 worse than cpREV+F+R7 -70116.6
700  cpREV+F+R8    70132.963    504 141273.925   141806.394   143938.511
Akaike Information Criterion:           Blosum62+F+R7
Corrected Akaike Information Criterion: Blosum62+F+R7
Bayesian Information Criterion:         Blosum62+F+R7
Best-fit model: Blosum62+F+R7 chosen according to BIC

All model information printed to results/tree/PGC_bchY/PGC_bchY.model.gz
CPU time for ModelFinder: 234518.865 seconds (65h:8m:38s)
Wall-clock time for ModelFinder: 234983.319 seconds (65h:16m:23s)
WARNING: States(s) N, D, Q, E, I, L, K, F, P, V rarely appear in alignment and may cause numerical problems

NOTE: 254 MB RAM (0 GB) is required!
Estimate model parameters (epsilon = 0.100)
1. Initial log-likelihood: -67666.472
Optimal log-likelihood: -67666.398
Site proportion and rates:  (0.379,0.016) (0.140,0.219) (0.102,0.592) (0.141,1.215) (0.117,2.262) (0.101,3.436) (0.021,5.729)
Parameters optimization took 1 rounds (22.727 sec)
Computing ML distances based on estimated model parameters...
Computing ML distances took 10.654664 sec (of wall-clock time) 10.654155 sec(of CPU time)
Computing RapidNJ tree took 0.014907 sec (of wall-clock time) 0.029496 sec (of CPU time)
Log-likelihood of RapidNJ tree: -68080.264
--------------------------------------------------------------------
|             INITIALIZING CANDIDATE TREE SET                      |
--------------------------------------------------------------------
Generating 98 parsimony trees... 25.309 second
Computing log-likelihood of 98 initial trees ... 155.841 seconds
Current best score: -67666.398

Do NNI search on 20 best initial trees
Estimate model parameters (epsilon = 0.100)
BETTER TREE FOUND at iteration 1: -67571.491
Estimate model parameters (epsilon = 0.100)
BETTER TREE FOUND at iteration 2: -67524.900
Estimate model parameters (epsilon = 0.100)
BETTER TREE FOUND at iteration 3: -67512.510
Estimate model parameters (epsilon = 0.100)
BETTER TREE FOUND at iteration 4: -67502.668
Estimate model parameters (epsilon = 0.100)
BETTER TREE FOUND at iteration 5: -67473.956
Iteration 10 / LogL: -67482.272 / Time: 0h:14m:5s
Iteration 20 / LogL: -67539.836 / Time: 0h:19m:59s
Finish initializing candidate tree set (20)
Current best tree score: -67473.956 / CPU time: 1145.734
Number of iterations: 20
--------------------------------------------------------------------
|               OPTIMIZING CANDIDATE TREE SET                      |
--------------------------------------------------------------------
Iteration 30 / LogL: -67509.970 / Time: 0h:26m:11s (1h:7m:43s left)
Estimate model parameters (epsilon = 0.100)
BETTER TREE FOUND at iteration 38: -67459.242
Iteration 40 / LogL: -67462.842 / Time: 0h:33m:57s (1h:25m:19s left)
Estimate model parameters (epsilon = 0.100)
BETTER TREE FOUND at iteration 44: -67453.096
Iteration 50 / LogL: -67474.886 / Time: 0h:41m:5s (1h:18m:49s left)
Iteration 60 / LogL: -67470.316 / Time: 0h:47m:46s (1h:8m:1s left)
Iteration 70 / LogL: -67553.476 / Time: 0h:54m:24s (0h:58m:21s left)
Estimate model parameters (epsilon = 0.100)
BETTER TREE FOUND at iteration 72: -67447.448
Estimate model parameters (epsilon = 0.100)
BETTER TREE FOUND at iteration 77: -67445.325
Iteration 80 / LogL: -67481.342 / Time: 1h:2m:29s (1h:16m:43s left)
Estimate model parameters (epsilon = 0.100)
BETTER TREE FOUND at iteration 81: -67441.565
Iteration 90 / LogL: -67481.462 / Time: 1h:9m:33s (1h:11m:7s left)
Iteration 100 / LogL: -67443.133 / Time: 1h:15m:49s (1h:2m:2s left)
Estimate model parameters (epsilon = 0.100)
BETTER TREE FOUND at iteration 101: -67434.841
Estimate model parameters (epsilon = 0.100)
BETTER TREE FOUND at iteration 104: -67434.329
Iteration 110 / LogL: -67446.034 / Time: 1h:23m:21s (1h:11m:53s left)
Iteration 120 / LogL: -67536.037 / Time: 1h:30m:4s (1h:3m:34s left)
Estimate model parameters (epsilon = 0.100)
BETTER TREE FOUND at iteration 126: -67429.571
Iteration 130 / LogL: -67457.658 / Time: 1h:36m:49s (1h:12m:3s left)
Iteration 140 / LogL: -67446.976 / Time: 1h:43m:21s (1h:3m:56s left)
Iteration 150 / LogL: -67467.142 / Time: 1h:49m:45s (0h:55m:59s left)
Iteration 160 / LogL: -67469.066 / Time: 1h:56m:28s (0h:48m:20s left)
Iteration 170 / LogL: -67440.395 / Time: 2h:2m:54s (0h:40m:43s left)
Estimate model parameters (epsilon = 0.100)
BETTER TREE FOUND at iteration 172: -67426.544
Iteration 180 / LogL: -67462.227 / Time: 2h:10m:32s (1h:7m:5s left)
Iteration 190 / LogL: -67454.095 / Time: 2h:16m:53s (0h:59m:23s left)
Iteration 200 / LogL: -67462.455 / Time: 2h:23m:18s (0h:51m:50s left)
Iteration 210 / LogL: -67446.130 / Time: 2h:29m:47s (0h:44m:26s left)
Iteration 220 / LogL: -67449.284 / Time: 2h:36m:6s (0h:37m:3s left)
Iteration 230 / LogL: -67472.299 / Time: 2h:42m:39s (0h:29m:49s left)
Iteration 240 / LogL: -67434.987 / Time: 2h:49m:7s (0h:22m:38s left)
Iteration 250 / LogL: -67680.622 / Time: 2h:55m:39s (0h:15m:31s left)
Iteration 260 / LogL: -67455.226 / Time: 3h:2m:18s (0h:8m:26s left)
Iteration 270 / LogL: -67448.373 / Time: 3h:8m:48s (0h:1m:24s left)
TREE SEARCH COMPLETED AFTER 273 ITERATIONS / Time: 3h:10m:49s

--------------------------------------------------------------------
|                    FINALIZING TREE SEARCH                        |
--------------------------------------------------------------------
Performs final model parameters optimization
Estimate model parameters (epsilon = 0.010)
1. Initial log-likelihood: -67426.544
2. Current log-likelihood: -67426.532
3. Current log-likelihood: -67426.519
4. Current log-likelihood: -67426.507
5. Current log-likelihood: -67426.489
6. Current log-likelihood: -67426.476
7. Current log-likelihood: -67426.463
8. Current log-likelihood: -67426.450
9. Current log-likelihood: -67426.434
10. Current log-likelihood: -67426.421
11. Current log-likelihood: -67426.408
12. Current log-likelihood: -67426.392
13. Current log-likelihood: -67426.379
14. Current log-likelihood: -67426.366
15. Current log-likelihood: -67426.354
16. Current log-likelihood: -67426.340
17. Current log-likelihood: -67426.328
18. Current log-likelihood: -67426.316
19. Current log-likelihood: -67426.304
20. Current log-likelihood: -67426.293
21. Current log-likelihood: -67426.280
22. Current log-likelihood: -67426.269
23. Current log-likelihood: -67426.257
24. Current log-likelihood: -67426.247
25. Current log-likelihood: -67426.234
26. Current log-likelihood: -67426.223
27. Current log-likelihood: -67426.212
28. Current log-likelihood: -67426.202
29. Current log-likelihood: -67426.191
30. Current log-likelihood: -67426.181
31. Current log-likelihood: -67426.170
32. Current log-likelihood: -67426.160
33. Current log-likelihood: -67426.150
34. Current log-likelihood: -67426.139
Optimal log-likelihood: -67426.125
Site proportion and rates:  (0.372,0.014) (0.148,0.210) (0.097,0.584) (0.145,1.182) (0.110,2.203) (0.109,3.443) (0.020,5.901)
Parameters optimization took 34 rounds (414.970 sec)
BEST SCORE FOUND : -67426.125
Total tree length: 14.624

Total number of iterations: 273
CPU time used for tree search: 11380.383 sec (3h:9m:40s)
Wall-clock time used for tree search: 11395.864 sec (3h:9m:55s)
Total CPU time used: 11848.521 sec (3h:17m:28s)
Total wall-clock time used: 11865.059 sec (3h:17m:45s)

Analysis results written to: 
  IQ-TREE report:                results/tree/PGC_bchY/PGC_bchY.iqtree
  Maximum-likelihood tree:       results/tree/PGC_bchY/PGC_bchY.treefile
  Likelihood distances:          results/tree/PGC_bchY/PGC_bchY.mldist
  Screen log file:               results/tree/PGC_bchY/PGC_bchY.log

Date and Time: Sun Jun 23 06:27:38 2024
