IQ-TREE multicore version 2.1.4-beta COVID-edition for Linux 64-bit built Jun 24 2021
Developed by Bui Quang Minh, James Barbetti, Nguyen Lam Tung,
Olga Chernomor, Heiko Schmidt, Dominik Schrempf, Michael Woodhams.

Host:    morrowind (AVX2, FMA3, 503 GB RAM)
Command: iqtree2 -s results/fasta_PGC/gene_trimmed/PGC_bchG_trim.phy -pre results/tree/PGC_bchG/PGC_bchG
Seed:    554670 (Using SPRNG - Scalable Parallel Random Number Generator)
Time:    Thu Jun 20 09:53:29 2024
Kernel:  AVX+FMA - 1 threads (128 CPU cores detected)

HINT: Use -nt option to specify number of threads because your CPU has 128 cores!
HINT: -nt AUTO will automatically determine the best number of threads to use.

Reading alignment file results/fasta_PGC/gene_trimmed/PGC_bchG_trim.phy ... Phylip format detected
Alignment most likely contains protein sequences
WARNING: 50 sites contain only gaps or ambiguous characters.
Alignment has 252 sequences with 861 columns, 691 distinct patterns
634 parsimony-informative, 27 singleton sites, 200 constant sites
                                              Gap/Ambiguity  Composition  p-value
   1  GCA_011765465.1_ASM1176546v1                   23.34%    passed    100.00%
   2  GCA_015693905.1_ASM1569390v1                   21.72%    passed     98.84%
   3  GCA_016745215.1_scaff03                        21.95%    passed     99.96%
   4  GCA_019285715.1_ASM1928571v1                   23.93%    passed    100.00%
   5  GCA_019739335.1_ASM1973933v1                   24.51%    passed    100.00%
   6  GCF_000013085.1_ASM1308v1                      22.53%    passed    100.00%
   7  GCF_000013365.1_ASM1336v1                      22.42%    passed    100.00%
   8  GCF_000013565.1_ASM1356v1                      23.00%    passed    100.00%
   9  GCF_000014045.1_ASM1404v1                      22.76%    passed    100.00%
  10  GCF_000015165.1_ASM1516v1                      23.58%    passed    100.00%
  11  GCF_000015585.1_ASM1558v1                      22.30%    passed     99.52%
  12  GCF_000016185.1_ASM1618v1                      21.14%    passed    100.00%
  13  GCF_000018145.1_ASM1814v1                      21.95%    passed     99.99%
  14  GCF_000018845.1_ASM1884v1                      22.65%    passed    100.00%
  15  GCF_000019365.1_ASM1936v1                      24.97%    passed     51.59%
  16  GCF_000019725.1_ASM1972v1                      23.34%    passed     99.67%
  17  GCF_000019945.1_ASM1994v1                      23.23%    passed     99.99%
  18  GCF_000020445.1_ASM2044v1                      22.53%    passed     98.71%
  19  GCF_000021005.1_ASM2100v1                      22.07%    passed     99.86%
  20  GCF_000021745.1_ASM2174v1                      22.53%    passed     99.99%
  21  GCF_000021845.1_ASM2184v1                      22.65%    passed    100.00%
  22  GCF_000021865.1_ASM2186v1                      21.02%    passed     89.99%
  23  GCF_000022685.1_ASM2268v1                      22.65%    passed    100.00%
  24  GCF_000025485.1_ASM2548v1                      21.02%    passed     99.74%
  25  GCF_000026145.1_ASM2614v1                      23.69%    passed    100.00%
  26  GCF_000083545.1_ASM8354v1                      22.65%    passed    100.00%
  27  GCF_000144605.1_ASM14460v1                     22.88%    passed    100.00%
  28  GCF_000154785.2_ASM15478v2                     22.65%    passed    100.00%
  29  GCF_000166055.1_ASM16605v1                     20.67%    passed     95.24%
  30  GCF_000195775.2_ASM19577v2                     22.53%    passed     98.40%
  31  GCF_000202835.1_ASM20283v1                     23.58%    passed     91.56%
  32  GCF_000224005.2_ASM22400v3                     22.07%    passed    100.00%
  33  GCF_000225955.1_ASM22595v1                     22.53%    passed    100.00%
  34  GCF_000227745.2_ASM22774v3                     21.02%    passed     99.39%
  35  GCF_000284255.1_ASM28425v1                     26.83%    passed    100.00%
  36  GCF_000284275.1_ASM28427v1                     22.30%    passed    100.00%
  37  GCF_000284415.1_ASM28441v2                     21.95%    passed     99.92%
  38  GCF_000327045.1_ASM32704v1                     23.46%    passed     99.96%
  39  GCF_000344805.1_ASM34480v1                     23.58%    passed    100.00%
  40  GCF_000364445.2_ASM36444v2                     23.00%    passed     99.89%
  41  GCF_000512205.2_ASM51220v2                     23.46%    passed    100.00%
  42  GCF_000590925.1_ASM59092v1                     22.53%    passed    100.00%
  43  GCF_000738435.1_ASM73843v1                     21.72%    passed     99.70%
  44  GCF_000757795.1_ASM75779v1                     23.23%    passed     99.99%
  45  GCF_000935025.1_ASM93502v1                     23.81%    passed    100.00%
  46  GCF_000973625.1_ASM97362v1                     20.21%    passed      7.89%
  47  GCF_001304795.1_ASM130479v1                    25.09%    passed    100.00%
  48  GCF_001402875.1_ASM140287v1                    28.92%    passed     99.38%
  49  GCF_001412535.1_ASM141253v1                    22.53%    passed     99.99%
  50  GCF_001412575.1_ASM141257v1                    21.49%    passed     99.12%
  51  GCF_001459775.1_Blastochloris_viridis_genome   28.92%    passed     99.38%
  52  GCF_001483865.1_ASM148386v1                    23.11%    passed    100.00%
  53  GCF_001542815.1_ASM154281v1                    22.76%    passed    100.00%
  54  GCF_001548015.1_ASM154801v1                    24.16%    passed     91.23%
  55  GCF_001548075.1_ASM154807v1                    22.07%    passed     96.70%
  56  GCF_001576595.1_ASM157659v1                    21.84%    passed     99.82%
  57  GCF_001632845.1_ASM163284v1                    21.49%    passed     99.95%
  58  GCF_001633145.1_ASM163314v1                    21.84%    passed     93.91%
  59  GCF_001633165.1_ASM163316v1                    21.84%    passed     93.91%
  60  GCF_001663155.1_ASM166315v1                    22.88%    passed     99.99%
  61  GCF_001663175.1_ASM166317v1                    23.58%    passed    100.00%
  62  GCF_001685625.1_ASM168562v1                    21.84%    passed     99.82%
  63  GCF_001713355.1_ASM171335v1                    22.42%    passed    100.00%
  64  GCF_001713375.1_ASM171337v1                    23.23%    passed     99.91%
  65  GCF_001713435.1_ASM171343v1                    23.34%    passed     99.54%
  66  GCF_001713455.1_ASM171345v1                    22.65%    passed    100.00%
  67  GCF_001713475.1_ASM171347v1                    22.42%    passed     99.99%
  68  GCF_001719165.1_ASM171916v1                    24.04%    passed     99.99%
  69  GCF_001720465.1_ASM172046v1                    23.34%    passed    100.00%
  70  GCF_001854385.1_ASM185438v1                    23.34%    passed     99.67%
  71  GCF_001870665.2_ASM187066v2                    22.42%    passed     90.97%
  72  GCF_001886735.1_ASM188673v1                    23.46%    passed    100.00%
  73  GCF_001936175.1_ASM193617v1                    23.11%    passed     99.99%
  74  GCF_001955735.1_ASM195573v1                    21.95%    passed     97.92%
  75  GCF_001969365.1_ASM196936v1                    23.11%    passed    100.00%
  76  GCF_001971665.1_ASM197166v1                    22.76%    passed    100.00%
  77  GCF_002002865.1_ASM200286v1                    23.58%    passed     99.94%
  78  GCF_002073975.1_ASM207397v1                    21.72%    passed     98.40%
  79  GCF_002079305.1_ASM207930v1                    22.07%    passed     98.16%
  80  GCF_002080415.1_ASM208041v1                    22.53%    passed     99.98%
  81  GCF_002117815.2_ASM211781v2                    22.76%    passed    100.00%
  82  GCF_002158905.1_ASM215890v1                    23.11%    passed     99.85%
  83  GCF_002266435.2_ASM226643v2                    22.18%    passed    100.00%
  84  GCF_002355515.1_ASM235551v1                    23.00%    passed    100.00%
  85  GCF_002407205.1_ASM240720v1                    21.37%    passed    100.00%
  86  GCF_002706325.1_ASM270632v1                    21.84%    passed     99.76%
  87  GCF_002813775.1_ASM281377v1                    23.11%    passed    100.00%
  88  GCF_002868735.1_ASM286873v1                    22.88%    passed    100.00%
  89  GCF_002952215.1_ASM295221v1                    22.53%    passed    100.00%
  90  GCF_002983865.1_ASM298386v1                    22.76%    passed    100.00%
  91  GCF_003031245.1_ASM303124v1                    22.53%    passed     99.72%
  92  GCF_003031265.1_ASM303126v1                    22.53%    passed     99.72%
  93  GCF_003065365.1_ASM306536v1                    20.91%    passed     39.45%
  94  GCF_003071405.1_ASM307140v1                    23.58%    passed    100.00%
  95  GCF_003173715.1_ASM317371v1                    22.65%    passed    100.00%
  96  GCF_003173735.1_ASM317373v1                    23.93%    passed     90.55%
  97  GCF_003173755.1_ASM317375v1                    24.39%    passed     78.22%
  98  GCF_003173775.1_ASM317377v1                    23.81%    passed     98.57%
  99  GCF_003254375.1_ASM325437v1                    23.23%    passed     99.99%
 100  GCF_003264115.1_ASM326411v1                    23.81%    passed    100.00%
 101  GCF_003288315.1_ASM328831v1                    22.42%    passed     99.98%
 102  GCF_003324715.1_ASM332471v1                    21.84%    passed     99.82%
 103  GCF_003352165.1_ASM335216v1                    23.46%    passed    100.00%
 104  GCF_003429265.1_ASM342926v1                    21.02%    passed     99.98%
 105  GCF_003431825.1_ASM343182v1                    23.34%    passed     99.41%
 106  GCF_003855495.1_ASM385549v1                    23.46%    passed    100.00%
 107  GCF_003940805.1_ASM394080v1                    23.00%    passed     99.93%
 108  GCF_003952725.1_ASM395272v1                    23.00%    passed     99.91%
 109  GCF_003966715.1_ASM396671v1                    23.23%    passed    100.00%
 110  GCF_004114955.1_ASM411495v1                    22.88%    passed    100.00%
 111  GCF_004136295.1_ASM413629v1                    23.69%    passed     83.88%
 112  GCF_004216475.1_ASM421647v1                    21.60%    passed    100.00%
 113  GCF_004331955.1_ASM433195v1                    22.53%    passed     96.44%
 114  GCF_004354345.1_ASM435434v1                    23.34%    passed    100.00%
 115  GCF_005311585.1_ASM531158v1                    21.95%    passed     99.97%
 116  GCF_005860795.2_ASM586079v2                    22.53%    passed     98.93%
 117  GCF_006542605.1_ASM654260v1                    28.57%    passed     99.93%
 118  GCF_006740745.1_ASM674074v1                    23.23%    passed     99.99%
 119  GCF_007005445.1_ASM700544v1                    22.65%    passed     99.66%
 120  GCF_007290395.1_ASM729039v1                    22.30%    passed    100.00%
 121  GCF_007954425.1_ASM795442v1                    24.27%    passed     99.96%
 122  GCF_008000895.1_ASM800089v1                    23.23%    passed     99.99%
 123  GCF_008000915.1_ASM800091v1                    22.76%    passed    100.00%
 124  GCF_008728195.1_ASM872819v1                    22.88%    passed     99.98%
 125  GCF_008843145.1_ASM884314v1                    23.23%    passed     99.99%
 126  GCF_008932115.1_ASM893211v1                    22.18%    passed    100.00%
 127  GCF_009363255.1_ASM936325v1                    23.58%    passed    100.00%
 128  GCF_009363495.1_ASM936349v1                    23.58%    passed    100.00%
 129  GCF_009363575.1_ASM936357v1                    23.46%    passed    100.00%
 130  GCF_009363615.1_ASM936361v1                    21.72%    passed     99.76%
 131  GCF_009363635.1_ASM936363v1                    23.46%    passed    100.00%
 132  GCF_009363655.1_ASM936365v1                    24.04%    passed     99.95%
 133  GCF_009363715.1_ASM936371v1                    23.34%    passed     99.98%
 134  GCF_009363735.1_ASM936373v1                    24.04%    passed     99.86%
 135  GCF_009363795.1_ASM936379v1                    23.23%    passed     99.80%
 136  GCF_009650195.1_ASM965019v1                    22.42%    passed     99.99%
 137  GCF_009664085.1_ASM966408v1                    21.95%    passed    100.00%
 138  GCF_009685175.1_ASM968517v1                    23.46%    passed    100.00%
 139  GCF_009707465.1_ASM970746v1                    23.58%    passed    100.00%
 140  GCF_009762325.1_ASM976232v1                    22.42%    passed     99.94%
 141  GCF_009797665.1_ASM979766v1                    21.84%    passed     99.82%
 142  GCF_009859815.1_ASM985981v1                    22.76%    passed     99.68%
 143  GCF_010104355.1_ASM1010435v1                   22.76%    passed     99.68%
 144  GCF_011040475.1_ASM1104047v1                   23.00%    passed    100.00%
 145  GCF_011044255.1_ASM1104425v1                   23.58%    passed     99.99%
 146  GCF_011047315.1_ASM1104731v1                   23.46%    passed    100.00%
 147  GCF_011290485.1_ASM1129048v1                   21.60%    passed     99.57%
 148  GCF_011388215.1_ASM1138821v1                   24.16%    passed     99.21%
 149  GCF_012647365.1_ASM1264736v1                   21.84%    passed     99.82%
 150  GCF_012932215.1_ASM1293221v1                   23.46%    passed    100.00%
 151  GCF_013170845.1_ASM1317084v1                   22.53%    passed    100.00%
 152  GCF_013307245.1_ASM1330724v1                   20.21%    failed      1.12%
 153  GCF_013374095.1_ASM1337409v1                   22.88%    passed    100.00%
 154  GCF_013378075.1_ASM1337807v1                   23.00%    passed    100.00%
 155  GCF_013415845.1_ASM1341584v1                   22.53%    passed     98.40%
 156  GCF_014117445.1_ASM1411744v1                   24.04%    passed     90.91%
 157  GCF_014495845.1_ASM1449584v1                   24.04%    passed     99.91%
 158  GCF_014622665.1_ASM1462266v1                   21.14%    passed     97.52%
 159  GCF_014681765.1_ASM1468176v1                   21.37%    passed     99.96%
 160  GCF_015679265.1_ASM1567926v1                   24.39%    passed     99.45%
 161  GCF_016584445.1_ASM1658444v1                   22.53%    passed     98.40%
 162  GCF_016653635.2_ASM1665363v2                   23.00%    passed     99.99%
 163  GCF_016765655.2_ASM1676565v2                   23.11%    passed     99.97%
 164  GCF_016806065.1_ASM1680606v1                   21.95%    passed     99.74%
 165  GCF_016806835.2_ASM1680683v2                   22.76%    passed    100.00%
 166  GCF_016839165.1_ASM1683916v1                   21.72%    passed    100.00%
 167  GCF_017347565.1_ASM1734756v1                   24.04%    passed     80.09%
 168  GCF_017498565.1_ASM1749856v1                   21.95%    passed     97.98%
 169  GCF_017795885.1_ASM1779588v1                   22.88%    passed    100.00%
 170  GCF_018200035.1_ASM1820003v1                   23.69%    passed     99.99%
 171  GCF_018205975.1_ASM1820597v1                   23.93%    passed     99.96%
 172  GCF_018399035.1_ASM1839903v1                   22.07%    passed    100.00%
 173  GCF_018409545.1_ASM1840954v1                   21.14%    passed     99.29%
 174  GCF_018687415.1_ASM1868741v1                   20.44%    passed     96.72%
 175  GCF_018687475.1_ASM1868747v1                   21.02%    passed     82.57%
 176  GCF_018687675.1_ASM1868767v1                   20.79%    passed     21.54%
 177  GCF_018688155.1_ASM1868815v1                   20.79%    passed     99.19%
 178  GCF_018688255.1_ASM1868825v1                   21.02%    passed     18.99%
 179  GCF_018982885.2_ASM1898288v2                   23.34%    passed    100.00%
 180  GCF_019134555.1_ASM1913455v1                   22.53%    passed    100.00%
 181  GCF_019203965.1_ASM1920396v1                   24.39%    passed     99.82%
 182  GCF_019431245.1_ASM1943124v1                   23.23%    passed    100.00%
 183  GCF_019443285.1_ASM1944328v1                   22.53%    passed    100.00%
 184  GCF_019623905.1_ASM1962390v1                   23.69%    passed    100.00%
 185  GCF_019904235.1_ASM1990423v1                   24.16%    passed    100.00%
 186  GCF_019973775.1_ASM1997377v1                   22.76%    passed    100.00%
 187  GCF_020866845.1_ASM2086684v1                   23.69%    passed    100.00%
 188  GCF_021088345.1_ASM2108834v1                   23.58%    passed    100.00%
 189  GCF_021117295.1_ASM2111729v1                   23.00%    passed    100.00%
 190  GCF_021228015.1_ASM2122801v1                   24.04%    passed     89.27%
 191  GCF_021228795.1_ASM2122879v1                   22.07%    passed    100.00%
 192  GCF_021391315.1_ASM2139131v1                   21.02%    passed     99.98%
 193  GCF_021391535.1_ASM2139153v1                   23.81%    passed     99.97%
 194  GCF_021398735.1_ASM2139873v1                   23.00%    passed    100.00%
 195  GCF_021431965.1_ASM2143196v1                   24.85%    passed     99.41%
 196  GCF_021484845.1_ASM2148484v1                   23.34%    passed     99.67%
 197  GCF_022227035.1_ASM2222703v1                   21.02%    passed     99.98%
 198  GCF_022370455.1_ASM2237045v1                   23.58%    passed    100.00%
 199  GCF_022410435.1_ASM2241043v1                   24.51%    passed     93.41%
 200  GCF_022533465.1_ASM2253346v1                   23.11%    passed     99.99%
 201  GCF_022558965.1_ASM2255896v1                   23.58%    passed     91.56%
 202  GCF_022846615.1_ASM2284661v1                   22.65%    passed    100.00%
 203  GCF_023243115.1_ASM2324311v1                   22.88%    passed    100.00%
 204  GCF_023380025.1_ASM2338002v1                   25.20%    passed     99.99%
 205  GCF_023546765.1_ASM2354676v1                   23.00%    passed     99.77%
 206  GCF_023558335.1_ASM2355833v1                   21.95%    passed     99.99%
 207  GCF_023558355.1_ASM2355835v1                   21.95%    passed     99.99%
 208  GCF_023573145.1_ASM2357314v1                   23.93%    passed     99.94%
 209  GCF_023823125.1_ASM2382312v1                   23.69%    passed    100.00%
 210  GCF_024496245.1_ASM2449624v1                   23.93%    passed    100.00%
 211  GCF_024758705.1_ASM2475870v1                   24.27%    passed    100.00%
 212  GCF_024758725.1_ASM2475872v1                   24.51%    passed    100.00%
 213  GCF_025141175.1_ASM2514117v1                   24.04%    passed     99.94%
 214  GCF_025141935.1_ASM2514193v1                   23.23%    passed     99.89%
 215  GCF_025398155.2_ASM2539815v2                   22.53%    passed    100.00%
 216  GCF_025811215.1_ASM2581121v1                   22.53%    passed     99.72%
 217  GCF_025811355.1_ASM2581135v1                   22.53%    passed     99.72%
 218  GCF_025811435.1_ASM2581143v1                   22.53%    passed     99.72%
 219  GCF_025813715.1_ASM2581371v1                   23.81%    passed     99.98%
 220  GCF_025917005.1_ASM2591700v1                   23.81%    passed    100.00%
 221  GCF_026122595.1_ASM2612259v1                   22.65%    passed    100.00%
 222  GCF_026122615.1_ASM2612261v1                   22.65%    passed    100.00%
 223  GCF_026167525.1_ASM2616752v1                   23.46%    passed    100.00%
 224  GCF_026167545.1_ASM2616754v1                   23.93%    passed    100.00%
 225  GCF_026625025.1_ASM2662502v1                   22.53%    passed     98.40%
 226  GCF_026898155.1_ASM2689815v1                   22.42%    passed    100.00%
 227  GCF_027271155.1_ASM2727115v1                   22.76%    passed    100.00%
 228  GCF_027886585.1_ASM2788658v1                   22.76%    passed    100.00%
 229  GCF_027912195.1_ASM2791219v1                   22.53%    passed     98.71%
 230  GCF_027943985.1_ASM2794398v1                   20.67%    failed      0.00%
 231  GCF_027944005.1_ASM2794400v1                   20.67%    failed      0.00%
 232  GCF_028621955.1_ASM2862195v1                   23.58%    passed    100.00%
 233  GCF_028885395.1_ASM2888539v1                   23.11%    passed     99.99%
 234  GCF_029277405.1_ASM2927740v1                   21.14%    passed     97.52%
 235  GCF_029581395.1_ASM2958139v1                   23.34%    passed     94.29%
 236  GCF_029691625.1_ASM2969162v1                   23.23%    passed     99.99%
 237  GCF_029714205.1_ASM2971420v1                   24.97%    passed     51.59%
 238  GCF_029761955.1_ASM2976195v1                   24.04%    passed     66.17%
 239  GCF_030062705.1_ASM3006270v1                   22.76%    passed    100.00%
 240  GCF_030252425.1_ASM3025242v1                   25.20%    passed     99.58%
 241  GCF_030255395.1_ASM3025539v1                   22.65%    passed    100.00%
 242  GCF_030297555.1_ASM3029755v1                   21.25%    passed     79.61%
 243  GCF_030297575.1_ASM3029757v1                   21.25%    passed     82.11%
 244  GCF_030297595.1_ASM3029759v1                   21.14%    passed     78.49%
 245  GCF_030297615.1_ASM3029761v1                   21.02%    passed     81.72%
 246  GCF_030297635.1_ASM3029763v1                   21.37%    passed     92.53%
 247  GCF_030297655.1_ASM3029765v1                   21.25%    passed     82.11%
 248  GCF_030297675.1_ASM3029767v1                   21.25%    passed     82.11%
 249  GCF_900176205.1_BRAD285_PRJEB202261_v1         23.46%    passed     99.99%
 250  GCF_900234795.1_TK0001_PRJEB23178_v1           22.76%    passed    100.00%
 251  GCF_901457705.2_RHAL1_v2                       22.65%    passed    100.00%
 252  GCF_937425535.1_Rhodovastum_atsumiense_G2-11   22.07%    passed    100.00%
****  TOTAL                                          22.86%  3 sequences failed composition chi2 test (p-value<5%; df=19)
NOTE: GCF_000225955.1_ASM22595v1 is identical to GCF_000013085.1_ASM1308v1 but kept for subsequent analysis
NOTE: GCF_002983865.1_ASM298386v1 is identical to GCF_000014045.1_ASM1404v1 but kept for subsequent analysis
NOTE: GCF_023558335.1_ASM2355833v1 is identical to GCF_000018145.1_ASM1814v1 but kept for subsequent analysis
NOTE: GCF_030255395.1_ASM3025539v1 is identical to GCF_000018845.1_ASM1884v1 but kept for subsequent analysis
NOTE: GCF_029714205.1_ASM2971420v1 is identical to GCF_000019365.1_ASM1936v1 but kept for subsequent analysis
NOTE: GCF_001854385.1_ASM185438v1 is identical to GCF_000019725.1_ASM1972v1 but kept for subsequent analysis
NOTE: GCF_027912195.1_ASM2791219v1 is identical to GCF_000020445.1_ASM2044v1 but kept for subsequent analysis
NOTE: GCF_013415845.1_ASM1341584v1 is identical to GCF_000195775.2_ASM19577v2 but kept for subsequent analysis
NOTE: GCF_022558965.1_ASM2255896v1 is identical to GCF_000202835.1_ASM20283v1 but kept for subsequent analysis
NOTE: GCF_003254375.1_ASM325437v1 is identical to GCF_000757795.1_ASM75779v1 but kept for subsequent analysis
NOTE: GCF_001459775.1_Blastochloris_viridis_genome is identical to GCF_001402875.1_ASM140287v1 but kept for subsequent analysis
NOTE: GCF_001685625.1_ASM168562v1 is identical to GCF_001576595.1_ASM157659v1 but kept for subsequent analysis
NOTE: GCF_001633165.1_ASM163316v1 is identical to GCF_001633145.1_ASM163314v1 but kept for subsequent analysis
NOTE: GCF_009650195.1_ASM965019v1 is identical to GCF_001713475.1_ASM171347v1 but kept for subsequent analysis
NOTE: GCF_002117815.2_ASM211781v2 is identical to GCF_001971665.1_ASM197166v1 but kept for subsequent analysis
NOTE: GCF_003031265.1_ASM303126v1 is identical to GCF_003031245.1_ASM303124v1 but kept for subsequent analysis
NOTE: GCF_021391315.1_ASM2139131v1 is identical to GCF_003429265.1_ASM342926v1 but kept for subsequent analysis
NOTE: GCF_009363495.1_ASM936349v1 is identical to GCF_009363255.1_ASM936325v1 but kept for subsequent analysis
NOTE: GCF_010104355.1_ASM1010435v1 is identical to GCF_009859815.1_ASM985981v1 but kept for subsequent analysis
NOTE: GCF_029277405.1_ASM2927740v1 is identical to GCF_014622665.1_ASM1462266v1 but kept for subsequent analysis
NOTE: GCF_026122615.1_ASM2612261v1 is identical to GCF_026122595.1_ASM2612259v1 but kept for subsequent analysis
NOTE: GCF_027944005.1_ASM2794400v1 is identical to GCF_027943985.1_ASM2794398v1 but kept for subsequent analysis
NOTE: GCF_030297655.1_ASM3029765v1 is identical to GCF_030297575.1_ASM3029757v1 but kept for subsequent analysis
NOTE: 14 identical sequences (see below) will be ignored for subsequent analysis
NOTE: GCF_019134555.1_ASM1913455v1 (identical to GCF_000013085.1_ASM1308v1) is ignored but added at the end
NOTE: GCF_023558355.1_ASM2355835v1 (identical to GCF_000018145.1_ASM1814v1) is ignored but added at the end
NOTE: GCF_021484845.1_ASM2148484v1 (identical to GCF_000019725.1_ASM1972v1) is ignored but added at the end
NOTE: GCF_016584445.1_ASM1658444v1 (identical to GCF_000195775.2_ASM19577v2) is ignored but added at the end
NOTE: GCF_026625025.1_ASM2662502v1 (identical to GCF_000195775.2_ASM19577v2) is ignored but added at the end
NOTE: GCF_029691625.1_ASM2969162v1 (identical to GCF_000757795.1_ASM75779v1) is ignored but added at the end
NOTE: GCF_003324715.1_ASM332471v1 (identical to GCF_001576595.1_ASM157659v1) is ignored but added at the end
NOTE: GCF_009797665.1_ASM979766v1 (identical to GCF_001576595.1_ASM157659v1) is ignored but added at the end
NOTE: GCF_012647365.1_ASM1264736v1 (identical to GCF_001576595.1_ASM157659v1) is ignored but added at the end
NOTE: GCF_025811215.1_ASM2581121v1 (identical to GCF_003031245.1_ASM303124v1) is ignored but added at the end
NOTE: GCF_025811355.1_ASM2581135v1 (identical to GCF_003031245.1_ASM303124v1) is ignored but added at the end
NOTE: GCF_025811435.1_ASM2581143v1 (identical to GCF_003031245.1_ASM303124v1) is ignored but added at the end
NOTE: GCF_022227035.1_ASM2222703v1 (identical to GCF_003429265.1_ASM342926v1) is ignored but added at the end
NOTE: GCF_030297675.1_ASM3029767v1 (identical to GCF_030297575.1_ASM3029757v1) is ignored but added at the end
Alignment was printed to results/tree/PGC_bchG/PGC_bchG.uniqueseq.phy

For your convenience alignment with unique sequences printed to results/tree/PGC_bchG/PGC_bchG.uniqueseq.phy


Create initial parsimony tree by phylogenetic likelihood library (PLL)... 0.281 seconds
Perform fast likelihood tree search using LG+I+G model...
Estimate model parameters (epsilon = 5.000)
Perform nearest neighbor interchange...
Estimate model parameters (epsilon = 1.000)
1. Initial log-likelihood: -72548.646
Optimal log-likelihood: -72548.615
Proportion of invariable sites: 0.126
Gamma shape alpha: 0.679
Parameters optimization took 1 rounds (2.600 sec)
Time for fast ML tree search: 21.562 seconds

NOTE: ModelFinder requires 261 MB RAM!
ModelFinder will test up to 702 protein models (sample size: 861) ...
 No. Model         -LnL         df  AIC          AICc         BIC
  1  LG            79956.961    473 160859.923   162018.590   163110.502
  2  LG+I          78114.546    474 157177.091   158343.671   159432.428
  3  LG+G4         72617.047    474 146182.094   147348.674   148437.430
  4  LG+I+G4       72548.610    475 146047.221   147221.766   148307.316
  5  LG+R2         74009.231    475 148968.462   150143.008   151228.557
  6  LG+R3         72870.950    477 146695.899   147886.531   148965.510
  7  LG+R4         72598.991    479 146155.981   147362.910   148435.108
  8  LG+R5         72508.369    481 145978.737   147202.178   148267.381
  9  LG+R6         72470.245    483 145906.489   147146.659   148204.649
 10  LG+R7         72454.880    485 145879.759   147136.879   148187.435
 11  LG+R8         72441.414    487 145856.828   147131.123   148174.020
 12  LG+R9         72419.978    489 145817.956   147109.654   148144.664
 13  LG+R10        72399.475    491 145780.950   147090.283   148117.174
 26  LG+F+R10      56430.068    510 113880.137   115369.337   116306.765
 39  WAG+R10       71203.067    491 143388.133   144697.467   145724.358
 52  WAG+F+R10     56056.771    510 113133.543   114622.743   115560.171
 65  JTT+R10       72734.604    491 146451.209   147760.542   148787.433
 78  JTT+F+R10     58508.090    510 118036.180   119525.380   120462.808
 91  Q.pfam+R10    71935.386    491 144852.772   146162.105   147188.996
104  Q.pfam+F+R10  56339.304    510 113698.607   115187.807   116125.235
117  Q.bird+R10    77347.074    491 155676.148   156985.482   158012.373
130  Q.bird+F+R10  63186.858    510 127393.717   128882.917   129820.345
143  Q.mammal+R10  75628.914    491 152239.828   153549.162   154576.053
156  Q.mammal+F+R10 61153.603    510 123327.205   124816.405   125753.833
169  Q.insect+R10  73149.980    491 147281.960   148591.293   149618.184
182  Q.insect+F+R10 56565.558    510 114151.116   115640.316   116577.744
195  Q.plant+R10   77057.874    491 155097.749   156407.082   157433.973
208  Q.plant+F+R10 60492.433    510 122004.867   123494.067   124431.495
221  Q.yeast+R10   74450.377    491 149882.754   151192.088   152218.979
234  Q.yeast+F+R10 56732.399    510 114484.798   115973.998   116911.426
247  JTTDCMut+R10  72705.148    491 146392.297   147701.630   148728.521
260  JTTDCMut+F+R10 58494.569    510 118009.139   119498.339   120435.767
273  DCMut+R10     76045.586    491 153073.173   154382.506   155409.397
286  DCMut+F+R10   61411.734    510 123843.469   125332.669   126270.097
299  VT+R10        71357.004    491 143696.008   145005.341   146032.232
312  VT+F+R10      55574.727    510 112169.455   113658.655   114596.083
325  PMB+R10       69309.894    491 139601.787   140911.121   141938.012
338  PMB+F+R10     54762.378    510 110544.756   112033.956   112971.384
351  Blosum62+R10  69328.966    491 139639.931   140949.265   141976.156
364  Blosum62+F+R10 54415.109    510 109850.218   111339.418   112276.846
377  Dayhoff+R10   76076.062    491 153134.124   154443.457   155470.348
390  Dayhoff+F+R10 61447.068    510 123914.135   125403.335   126340.763
403  mtREV+R10     75591.206    491 152164.411   153473.745   154500.636
416  mtREV+F+R10   59743.369    510 120506.737   121995.937   122933.366
429  mtART+R10     75873.673    491 152729.345   154038.678   155065.570
442  mtART+F+R10   58035.471    510 117090.942   118580.142   119517.570
455  mtZOA+R10     72806.083    491 146594.165   147903.498   148930.389
468  mtZOA+F+R10   57557.590    510 116135.180   117624.380   118561.808
481  mtMet+R10     76108.069    491 153198.137   154507.471   155534.362
494  mtMet+F+R10   60027.789    510 121075.578   122564.778   123502.206
507  mtVer+R10     77538.093    491 156058.185   157367.519   158394.410
520  mtVer+F+R10   62575.977    510 126171.954   127661.154   128598.582
533  mtInv+R10     75140.061    491 151262.122   152571.456   153598.347
546  mtInv+F+R10   57356.100    510 115732.200   117221.400   118158.828
559  mtMAM+R10     82838.315    491 166658.630   167967.963   168994.854
572  mtMAM+F+R10   68002.877    510 137025.754   138514.954   139452.383
585  HIVb+R10      79426.339    491 159834.678   161144.011   162170.902
598  HIVb+F+R10    63731.088    510 128482.176   129971.376   130908.804
611  HIVw+R10      88540.595    491 178063.190   179372.524   180399.415
624  HIVw+F+R10    69887.497    510 140794.994   142284.194   143221.622
637  FLU+R10       81451.393    491 163884.786   165194.119   166221.010
650  FLU+F+R10     63746.285    510 128512.570   130001.770   130939.198
663  rtREV+R10     71597.307    491 144176.613   145485.947   146512.838
676  rtREV+F+R10   56410.175    510 113840.351   115329.551   116266.979
689  cpREV+R10     73476.947    491 147935.894   149245.227   150272.118
702  cpREV+F+R10   57631.753    510 116283.506   117772.706   118710.134
Akaike Information Criterion:           Blosum62+F+R10
Corrected Akaike Information Criterion: Blosum62+F+R10
Bayesian Information Criterion:         Blosum62+F+R10
Best-fit model: Blosum62+F+R10 chosen according to BIC

All model information printed to results/tree/PGC_bchG/PGC_bchG.model.gz
CPU time for ModelFinder: 18592.890 seconds (5h:9m:52s)
Wall-clock time for ModelFinder: 18627.388 seconds (5h:10m:27s)
WARNING: States(s) N, D, Q, E, I, L, K, F, P, V rarely appear in alignment and may cause numerical problems

NOTE: 261 MB RAM (0 GB) is required!
Estimate model parameters (epsilon = 0.100)
1. Initial log-likelihood: -54415.109
Optimal log-likelihood: -54415.035
Site proportion and rates:  (0.339,0.049) (0.150,0.284) (0.013,0.284) (0.122,0.651) (0.039,1.106) (0.038,1.182) (0.093,1.495) (0.056,2.121) (0.073,2.762) (0.077,4.028)
Parameters optimization took 1 rounds (42.357 sec)
Computing ML distances based on estimated model parameters...
Computing ML distances took 19.784869 sec (of wall-clock time) 19.783915 sec(of CPU time)
WARNING: Some pairwise ML distances are too long (saturated)
Computing RapidNJ tree took 0.012894 sec (of wall-clock time) 0.024893 sec (of CPU time)
Log-likelihood of RapidNJ tree: -54759.395
--------------------------------------------------------------------
|             INITIALIZING CANDIDATE TREE SET                      |
--------------------------------------------------------------------
Generating 98 parsimony trees... 25.647 second
Computing log-likelihood of 98 initial trees ... 193.962 seconds
Current best score: -54387.244

Do NNI search on 20 best initial trees
Estimate model parameters (epsilon = 0.100)
BETTER TREE FOUND at iteration 1: -54174.872
Iteration 10 / LogL: -54269.129 / Time: 0h:14m:8s
Iteration 20 / LogL: -54277.380 / Time: 0h:22m:28s
Finish initializing candidate tree set (20)
Current best tree score: -54174.872 / CPU time: 1270.241
Number of iterations: 20
--------------------------------------------------------------------
|               OPTIMIZING CANDIDATE TREE SET                      |
--------------------------------------------------------------------
Estimate model parameters (epsilon = 0.100)
BETTER TREE FOUND at iteration 30: -54168.027
Iteration 30 / LogL: -54168.027 / Time: 0h:33m:49s (1h:56m:38s left)
Estimate model parameters (epsilon = 0.100)
BETTER TREE FOUND at iteration 37: -54157.220
Iteration 40 / LogL: -54201.344 / Time: 0h:44m:27s (1h:50m:34s left)
Estimate model parameters (epsilon = 0.100)
BETTER TREE FOUND at iteration 49: -54155.175
Iteration 50 / LogL: -54227.163 / Time: 0h:55m:6s (1h:51m:20s left)
Estimate model parameters (epsilon = 0.100)
BETTER TREE FOUND at iteration 52: -54154.248
Iteration 60 / LogL: -54213.015 / Time: 1h:5m:44s (1h:42m:31s left)
Estimate model parameters (epsilon = 0.100)
BETTER TREE FOUND at iteration 68: -54146.008
Iteration 70 / LogL: -55237.674 / Time: 1h:16m:56s (1h:49m:17s left)
Estimate model parameters (epsilon = 0.100)
BETTER TREE FOUND at iteration 73: -54145.088
Iteration 80 / LogL: -54146.444 / Time: 1h:26m:46s (1h:42m:9s left)
Iteration 90 / LogL: -54202.905 / Time: 1h:35m:41s (1h:29m:14s left)
Estimate model parameters (epsilon = 0.100)
BETTER TREE FOUND at iteration 91: -54144.002
Estimate model parameters (epsilon = 0.100)
BETTER TREE FOUND at iteration 93: -54138.380
Iteration 100 / LogL: -54141.715 / Time: 1h:46m:42s (1h:40m:14s left)
Iteration 110 / LogL: -54148.834 / Time: 1h:55m:14s (1h:27m:44s left)
Iteration 120 / LogL: -54143.982 / Time: 2h:4m:13s (1h:16m:12s left)
Iteration 130 / LogL: -54181.843 / Time: 2h:13m:18s (1h:5m:6s left)
Estimate model parameters (epsilon = 0.100)
BETTER TREE FOUND at iteration 139: -54137.007
Iteration 140 / LogL: -54305.421 / Time: 2h:23m:16s (1h:42m:2s left)
Iteration 150 / LogL: -54138.150 / Time: 2h:31m:57s (1h:30m:46s left)
Iteration 160 / LogL: -54157.802 / Time: 2h:41m:13s (1h:20m:6s left)
Iteration 170 / LogL: -54189.490 / Time: 2h:50m:4s (1h:9m:26s left)
Iteration 180 / LogL: -54162.577 / Time: 2h:59m:30s (0h:59m:9s left)
Iteration 190 / LogL: -54161.104 / Time: 3h:8m:5s (0h:48m:45s left)
Iteration 200 / LogL: -54149.636 / Time: 3h:17m:3s (0h:38m:37s left)
Iteration 210 / LogL: -54164.617 / Time: 3h:25m:38s (0h:28m:32s left)
Iteration 220 / LogL: -54154.086 / Time: 3h:34m:49s (0h:18m:38s left)
Estimate model parameters (epsilon = 0.100)
BETTER TREE FOUND at iteration 221: -54131.005
Iteration 230 / LogL: -54146.473 / Time: 3h:44m:29s (1h:29m:12s left)
Iteration 240 / LogL: -54152.935 / Time: 3h:53m:15s (1h:19m:3s left)
Iteration 250 / LogL: -54159.693 / Time: 4h:1m:56s (1h:8m:59s left)
Estimate model parameters (epsilon = 0.100)
BETTER TREE FOUND at iteration 259: -54129.100
Iteration 260 / LogL: -54178.528 / Time: 4h:11m:8s (1h:35m:59s left)
Iteration 270 / LogL: -54162.971 / Time: 4h:20m:12s (1h:26m:5s left)
Iteration 280 / LogL: -54168.505 / Time: 4h:29m:8s (1h:16m:12s left)
Iteration 290 / LogL: -54136.121 / Time: 4h:37m:58s (1h:6m:22s left)
Iteration 300 / LogL: -54378.055 / Time: 4h:46m:59s (0h:56m:37s left)
Iteration 310 / LogL: -54136.493 / Time: 4h:55m:31s (0h:46m:51s left)
Iteration 320 / LogL: -54203.998 / Time: 5h:3m:55s (0h:37m:9s left)
Iteration 330 / LogL: -54137.601 / Time: 5h:12m:19s (0h:27m:31s left)
Iteration 340 / LogL: -54130.914 / Time: 5h:20m:45s (0h:17m:58s left)
Iteration 350 / LogL: -54161.893 / Time: 5h:29m:48s (0h:8m:30s left)
Iteration 360 / LogL: -54153.668 / Time: 5h:38m:20s (0h:0m:-57s left)
TREE SEARCH COMPLETED AFTER 360 ITERATIONS / Time: 5h:38m:20s

--------------------------------------------------------------------
|                    FINALIZING TREE SEARCH                        |
--------------------------------------------------------------------
Performs final model parameters optimization
Estimate model parameters (epsilon = 0.010)
1. Initial log-likelihood: -54129.100
Optimal log-likelihood: -54129.092
Site proportion and rates:  (0.337,0.049) (0.158,0.285) (0.014,0.285) (0.107,0.633) (0.039,1.078) (0.036,1.079) (0.101,1.466) (0.086,2.238) (0.043,2.972) (0.078,4.038)
Parameters optimization took 1 rounds (10.572 sec)
BEST SCORE FOUND : -54129.092
Total tree length: 32.817

Total number of iterations: 360
CPU time used for tree search: 20188.597 sec (5h:36m:28s)
Wall-clock time used for tree search: 20222.904 sec (5h:37m:2s)
Total CPU time used: 20277.173 sec (5h:37m:57s)
Total wall-clock time used: 20311.853 sec (5h:38m:31s)

Analysis results written to: 
  IQ-TREE report:                results/tree/PGC_bchG/PGC_bchG.iqtree
  Maximum-likelihood tree:       results/tree/PGC_bchG/PGC_bchG.treefile
  Likelihood distances:          results/tree/PGC_bchG/PGC_bchG.mldist
  Screen log file:               results/tree/PGC_bchG/PGC_bchG.log

Date and Time: Thu Jun 20 20:42:28 2024
