IQ-TREE multicore version 2.1.4-beta COVID-edition for Linux 64-bit built Jun 24 2021
Developed by Bui Quang Minh, James Barbetti, Nguyen Lam Tung,
Olga Chernomor, Heiko Schmidt, Dominik Schrempf, Michael Woodhams.

Host:    morrowind (AVX2, FMA3, 503 GB RAM)
Command: iqtree2 -s results/fasta_PGC/gene_trimmed/PGC_bchF_trim.phy -pre results/tree/PGC_bchF/PGC_bchF
Seed:    540077 (Using SPRNG - Scalable Parallel Random Number Generator)
Time:    Thu Jun 20 09:53:29 2024
Kernel:  AVX+FMA - 1 threads (128 CPU cores detected)

HINT: Use -nt option to specify number of threads because your CPU has 128 cores!
HINT: -nt AUTO will automatically determine the best number of threads to use.

Reading alignment file results/fasta_PGC/gene_trimmed/PGC_bchF_trim.phy ... Phylip format detected
Alignment most likely contains protein sequences
WARNING: 23 sites contain only gaps or ambiguous characters.
Alignment has 253 sequences with 432 columns, 310 distinct patterns
230 parsimony-informative, 31 singleton sites, 171 constant sites
                                              Gap/Ambiguity  Composition  p-value
   1  GCA_011765465.1_ASM1176546v1                   20.37%    passed    100.00%
   2  GCA_015693905.1_ASM1569390v1                   20.37%    passed     99.91%
   3  GCA_016745215.1_scaff03                        21.53%    passed    100.00%
   4  GCA_019285715.1_ASM1928571v1                   22.22%    passed    100.00%
   5  GCA_019739335.1_ASM1973933v1                   21.76%    passed     99.99%
   6  GCF_000013085.1_ASM1308v1                      22.69%    passed    100.00%
   7  GCF_000013365.1_ASM1336v1                      20.83%    passed    100.00%
   8  GCF_000013565.1_ASM1356v1                      21.30%    passed    100.00%
   9  GCF_000014045.1_ASM1404v1                      19.21%    passed     99.98%
  10  GCF_000015165.1_ASM1516v1                      21.30%    passed    100.00%
  11  GCF_000015585.1_ASM1558v1                      19.21%    passed    100.00%
  12  GCF_000016185.1_ASM1618v1                      21.99%    passed     99.49%
  13  GCF_000018145.1_ASM1814v1                      19.21%    passed     99.76%
  14  GCF_000018845.1_ASM1884v1                      23.38%    passed     99.99%
  15  GCF_000019365.1_ASM1936v1                      24.77%    passed     87.26%
  16  GCF_000019725.1_ASM1972v1                      24.31%    passed     98.96%
  17  GCF_000019945.1_ASM1994v1                      23.61%    passed     99.75%
  18  GCF_000020445.1_ASM2044v1                      20.83%    passed     99.99%
  19  GCF_000021005.1_ASM2100v1                      20.37%    passed    100.00%
  20  GCF_000021745.1_ASM2174v1                      20.60%    passed    100.00%
  21  GCF_000021845.1_ASM2184v1                      23.38%    passed     99.87%
  22  GCF_000021865.1_ASM2186v1                      20.14%    passed     99.90%
  23  GCF_000022685.1_ASM2268v1                      23.84%    passed     99.69%
  24  GCF_000025485.1_ASM2548v1                      20.37%    passed     97.40%
  25  GCF_000026145.1_ASM2614v1                      21.06%    passed    100.00%
  26  GCF_000083545.1_ASM8354v1                      23.84%    passed     99.90%
  27  GCF_000144605.1_ASM14460v1                     21.53%    passed    100.00%
  28  GCF_000154785.2_ASM15478v2                     19.21%    passed    100.00%
  29  GCF_000166055.1_ASM16605v1                     20.60%    passed    100.00%
  30  GCF_000195775.2_ASM19577v2                     20.83%    passed     99.99%
  31  GCF_000202835.1_ASM20283v1                     21.76%    passed    100.00%
  32  GCF_000224005.2_ASM22400v3                     20.83%    passed    100.00%
  33  GCF_000225955.1_ASM22595v1                     22.69%    passed    100.00%
  34  GCF_000227745.2_ASM22774v3                     21.53%    passed    100.00%
  35  GCF_000284255.1_ASM28425v1                     20.83%    passed    100.00%
  36  GCF_000284275.1_ASM28427v1                     20.83%    passed    100.00%
  37  GCF_000284415.1_ASM28441v2                     21.06%    passed    100.00%
  38  GCF_000327045.1_ASM32704v1                     21.53%    passed    100.00%
  39  GCF_000344805.1_ASM34480v1                     21.30%    passed    100.00%
  40  GCF_000364445.2_ASM36444v2                     23.38%    passed     99.68%
  41  GCF_000512205.2_ASM51220v2                     21.53%    passed    100.00%
  42  GCF_000590925.1_ASM59092v1                     21.30%    passed    100.00%
  43  GCF_000738435.1_ASM73843v1                     20.14%    passed     99.69%
  44  GCF_000757795.1_ASM75779v1                     23.38%    passed    100.00%
  45  GCF_000935025.1_ASM93502v1                     22.22%    passed    100.00%
  46  GCF_000973625.1_ASM97362v1                     17.82%    passed     14.42%
  47  GCF_001304795.1_ASM130479v1                    21.76%    passed     99.99%
  48  GCF_001402875.1_ASM140287v1                    21.06%    passed    100.00%
  49  GCF_001412535.1_ASM141253v1                    20.14%    passed    100.00%
  50  GCF_001412575.1_ASM141257v1                    19.91%    passed    100.00%
  51  GCF_001459775.1_Blastochloris_viridis_genome   21.06%    passed    100.00%
  52  GCF_001483865.1_ASM148386v1                    21.30%    passed    100.00%
  53  GCF_001542815.1_ASM154281v1                    23.61%    passed     99.99%
  54  GCF_001548015.1_ASM154801v1                    24.54%    passed     89.25%
  55  GCF_001548075.1_ASM154807v1                    21.06%    passed    100.00%
  56  GCF_001576595.1_ASM157659v1                    20.37%    passed    100.00%
  57  GCF_001632845.1_ASM163284v1                    18.98%    passed     99.98%
  58  GCF_001633145.1_ASM163314v1                    21.06%    passed    100.00%
  59  GCF_001633165.1_ASM163316v1                    21.06%    passed    100.00%
  60  GCF_001663155.1_ASM166315v1                    20.14%    passed     99.96%
  61  GCF_001663175.1_ASM166317v1                    22.22%    passed    100.00%
  62  GCF_001685625.1_ASM168562v1                    20.37%    passed    100.00%
  63  GCF_001713355.1_ASM171335v1                    20.83%    passed    100.00%
  64  GCF_001713375.1_ASM171337v1                    21.76%    passed    100.00%
  65  GCF_001713435.1_ASM171343v1                    21.06%    passed     99.94%
  66  GCF_001713455.1_ASM171345v1                    21.76%    passed    100.00%
  67  GCF_001713475.1_ASM171347v1                    21.06%    passed    100.00%
  68  GCF_001719165.1_ASM171916v1                    21.06%    passed    100.00%
  69  GCF_001720465.1_ASM172046v1                    21.06%    passed    100.00%
  70  GCF_001854385.1_ASM185438v1                    24.31%    passed     98.48%
  71  GCF_001870665.2_ASM187066v2                    19.44%    passed     99.93%
  72  GCF_001886735.1_ASM188673v1                    20.60%    passed    100.00%
  73  GCF_001936175.1_ASM193617v1                    23.61%    passed     99.98%
  74  GCF_001955735.1_ASM195573v1                    19.91%    passed    100.00%
  75  GCF_001969365.1_ASM196936v1                    21.76%    passed     99.93%
  76  GCF_001971665.1_ASM197166v1                    23.84%    passed     99.71%
  77  GCF_002002865.1_ASM200286v1                    21.53%    passed    100.00%
  78  GCF_002073975.1_ASM207397v1                    20.83%    passed    100.00%
  79  GCF_002079305.1_ASM207930v1                    19.91%    passed     99.97%
  80  GCF_002080415.1_ASM208041v1                    21.30%    passed     99.97%
  81  GCF_002117815.2_ASM211781v2                    23.38%    passed     99.98%
  82  GCF_002158905.1_ASM215890v1                    21.06%    passed    100.00%
  83  GCF_002266435.2_ASM226643v2                    20.37%    passed    100.00%
  84  GCF_002355515.1_ASM235551v1                    23.61%    passed     99.94%
  85  GCF_002407205.1_ASM240720v1                    20.37%    passed    100.00%
  86  GCF_002706325.1_ASM270632v1                    20.37%    passed    100.00%
  87  GCF_002813775.1_ASM281377v1                    21.06%    passed    100.00%
  88  GCF_002868735.1_ASM286873v1                    20.60%    passed    100.00%
  89  GCF_002952215.1_ASM295221v1                    21.06%    passed     99.85%
  90  GCF_002983865.1_ASM298386v1                    19.21%    passed     99.98%
  91  GCF_003031245.1_ASM303124v1                    20.60%    passed    100.00%
  92  GCF_003031265.1_ASM303126v1                    21.06%    passed     99.97%
  93  GCF_003065365.1_ASM306536v1                    18.06%    passed     88.71%
  94  GCF_003071405.1_ASM307140v1                    20.60%    passed    100.00%
  95  GCF_003173715.1_ASM317371v1                    23.61%    passed     99.96%
  96  GCF_003173735.1_ASM317373v1                    23.84%    passed     99.82%
  97  GCF_003173755.1_ASM317375v1                    23.84%    passed     96.45%
  98  GCF_003173775.1_ASM317377v1                    24.07%    passed     98.37%
  99  GCF_003254375.1_ASM325437v1                    23.38%    passed    100.00%
 100  GCF_003264115.1_ASM326411v1                    21.30%    passed    100.00%
 101  GCF_003288315.1_ASM328831v1                    21.30%    passed     99.97%
 102  GCF_003324715.1_ASM332471v1                    20.37%    passed    100.00%
 103  GCF_003352165.1_ASM335216v1                    22.22%    passed    100.00%
 104  GCF_003429265.1_ASM342926v1                    20.14%    passed     99.95%
 105  GCF_003431825.1_ASM343182v1                    20.83%    passed     99.88%
 106  GCF_003855495.1_ASM385549v1                    21.99%    passed    100.00%
 107  GCF_003940805.1_ASM394080v1                    20.83%    passed    100.00%
 108  GCF_003952725.1_ASM395272v1                    21.53%    passed    100.00%
 109  GCF_003966715.1_ASM396671v1                    22.45%    passed    100.00%
 110  GCF_004114955.1_ASM411495v1                    20.60%    passed     97.65%
 111  GCF_004136295.1_ASM413629v1                    22.92%    passed     99.98%
 112  GCF_004216475.1_ASM421647v1                    18.98%    passed     98.81%
 113  GCF_004331955.1_ASM433195v1                    21.06%    passed    100.00%
 114  GCF_004354345.1_ASM435434v1                    23.15%    passed     99.96%
 115  GCF_005311585.1_ASM531158v1                    20.37%    passed    100.00%
 116  GCF_005860795.2_ASM586079v2                    19.91%    passed    100.00%
 117  GCF_006542605.1_ASM654260v1                    20.83%    passed    100.00%
 118  GCF_006740745.1_ASM674074v1                    23.84%    passed     98.64%
 119  GCF_007005445.1_ASM700544v1                    20.83%    passed    100.00%
 120  GCF_007290395.1_ASM729039v1                    20.60%    passed    100.00%
 121  GCF_007954425.1_ASM795442v1                    21.53%    passed    100.00%
 122  GCF_008000895.1_ASM800089v1                    23.38%    passed    100.00%
 123  GCF_008000915.1_ASM800091v1                    21.06%    passed    100.00%
 124  GCF_008728195.1_ASM872819v1                    21.99%    passed    100.00%
 125  GCF_008843145.1_ASM884314v1                    21.99%    passed    100.00%
 126  GCF_008932115.1_ASM893211v1                    21.06%    passed    100.00%
 127  GCF_009363255.1_ASM936325v1                    21.99%    passed    100.00%
 128  GCF_009363495.1_ASM936349v1                    21.99%    passed    100.00%
 129  GCF_009363575.1_ASM936357v1                    21.30%    passed    100.00%
 130  GCF_009363615.1_ASM936361v1                    21.30%    passed    100.00%
 131  GCF_009363635.1_ASM936363v1                    21.30%    passed     99.98%
 132  GCF_009363655.1_ASM936365v1                    20.83%    passed     99.67%
 133  GCF_009363715.1_ASM936371v1                    20.83%    passed    100.00%
 134  GCF_009363735.1_ASM936373v1                    20.83%    passed     99.98%
 135  GCF_009363795.1_ASM936379v1                    21.76%    passed     99.89%
 136  GCF_009650195.1_ASM965019v1                    21.06%    passed    100.00%
 137  GCF_009664085.1_ASM966408v1                    21.06%    passed    100.00%
 138  GCF_009685175.1_ASM968517v1                    21.76%    passed    100.00%
 139  GCF_009707465.1_ASM970746v1                    21.53%    passed    100.00%
 140  GCF_009762325.1_ASM976232v1                    20.60%    passed    100.00%
 141  GCF_009797665.1_ASM979766v1                    20.37%    passed    100.00%
 142  GCF_009859815.1_ASM985981v1                    22.22%    passed    100.00%
 143  GCF_009913435.1_ASM991343v1                    21.53%    passed     99.77%
 144  GCF_010104355.1_ASM1010435v1                   22.22%    passed    100.00%
 145  GCF_011040475.1_ASM1104047v1                   21.06%    passed     99.97%
 146  GCF_011044255.1_ASM1104425v1                   21.30%    passed    100.00%
 147  GCF_011047315.1_ASM1104731v1                   23.15%    passed     99.82%
 148  GCF_011290485.1_ASM1129048v1                   21.76%    passed    100.00%
 149  GCF_011388215.1_ASM1138821v1                   23.15%    passed     93.60%
 150  GCF_012647365.1_ASM1264736v1                   20.37%    passed    100.00%
 151  GCF_012932215.1_ASM1293221v1                   21.53%    passed    100.00%
 152  GCF_013170845.1_ASM1317084v1                   20.83%    passed    100.00%
 153  GCF_013307245.1_ASM1330724v1                   18.52%    passed     67.60%
 154  GCF_013374095.1_ASM1337409v1                   20.14%    passed    100.00%
 155  GCF_013378075.1_ASM1337807v1                   21.06%    passed    100.00%
 156  GCF_013415845.1_ASM1341584v1                   20.83%    passed     99.99%
 157  GCF_014117445.1_ASM1411744v1                   21.30%    passed    100.00%
 158  GCF_014495845.1_ASM1449584v1                   22.45%    passed    100.00%
 159  GCF_014622665.1_ASM1462266v1                   20.14%    passed     99.82%
 160  GCF_014681765.1_ASM1468176v1                   20.83%    passed     99.93%
 161  GCF_015679265.1_ASM1567926v1                   21.99%    passed    100.00%
 162  GCF_016584445.1_ASM1658444v1                   20.83%    passed     99.99%
 163  GCF_016653635.2_ASM1665363v2                   21.99%    passed     99.99%
 164  GCF_016765655.2_ASM1676565v2                   21.99%    passed    100.00%
 165  GCF_016806065.1_ASM1680606v1                   21.30%    passed    100.00%
 166  GCF_016806835.2_ASM1680683v2                   21.99%    passed    100.00%
 167  GCF_016839165.1_ASM1683916v1                   20.37%    passed    100.00%
 168  GCF_017347565.1_ASM1734756v1                   24.07%    passed     86.37%
 169  GCF_017498565.1_ASM1749856v1                   30.56%    passed     98.29%
 170  GCF_017795885.1_ASM1779588v1                   20.83%    passed    100.00%
 171  GCF_018200035.1_ASM1820003v1                   21.76%    passed    100.00%
 172  GCF_018205975.1_ASM1820597v1                   22.22%    passed    100.00%
 173  GCF_018399035.1_ASM1839903v1                   21.76%    passed    100.00%
 174  GCF_018409545.1_ASM1840954v1                   20.60%    passed     99.60%
 175  GCF_018687415.1_ASM1868741v1                   19.21%    passed     98.40%
 176  GCF_018687475.1_ASM1868747v1                   18.52%    passed     96.15%
 177  GCF_018687675.1_ASM1868767v1                   17.82%    passed     17.03%
 178  GCF_018688155.1_ASM1868815v1                   19.68%    passed     99.85%
 179  GCF_018688255.1_ASM1868825v1                   17.82%    passed     12.00%
 180  GCF_018982885.2_ASM1898288v2                   21.99%    passed     99.92%
 181  GCF_019134555.1_ASM1913455v1                   22.69%    passed    100.00%
 182  GCF_019203965.1_ASM1920396v1                   21.99%    passed     99.68%
 183  GCF_019431245.1_ASM1943124v1                   21.99%    passed     99.93%
 184  GCF_019443285.1_ASM1944328v1                   21.30%    passed    100.00%
 185  GCF_019623905.1_ASM1962390v1                   21.76%    passed    100.00%
 186  GCF_019904235.1_ASM1990423v1                   21.06%    passed    100.00%
 187  GCF_019973775.1_ASM1997377v1                   21.99%    passed    100.00%
 188  GCF_020866845.1_ASM2086684v1                   21.30%    passed    100.00%
 189  GCF_021088345.1_ASM2108834v1                   21.06%    passed    100.00%
 190  GCF_021117295.1_ASM2111729v1                   23.61%    passed     99.97%
 191  GCF_021228015.1_ASM2122801v1                   24.31%    passed     96.92%
 192  GCF_021228795.1_ASM2122879v1                   21.76%    passed    100.00%
 193  GCF_021391315.1_ASM2139131v1                   20.14%    passed     99.95%
 194  GCF_021391535.1_ASM2139153v1                   23.84%    passed     99.44%
 195  GCF_021398735.1_ASM2139873v1                   23.84%    passed     99.87%
 196  GCF_021431965.1_ASM2143196v1                   27.55%    passed    100.00%
 197  GCF_021484845.1_ASM2148484v1                   24.31%    passed     99.54%
 198  GCF_022227035.1_ASM2222703v1                   20.14%    passed     99.95%
 199  GCF_022370455.1_ASM2237045v1                   21.76%    passed    100.00%
 200  GCF_022410435.1_ASM2241043v1                   22.92%    passed     99.99%
 201  GCF_022533465.1_ASM2253346v1                   23.61%    passed     99.39%
 202  GCF_022558965.1_ASM2255896v1                   21.99%    passed    100.00%
 203  GCF_022846615.1_ASM2284661v1                   22.45%    passed     99.73%
 204  GCF_023243115.1_ASM2324311v1                   19.91%    passed    100.00%
 205  GCF_023380025.1_ASM2338002v1                   21.53%    passed    100.00%
 206  GCF_023546765.1_ASM2354676v1                   23.38%    passed    100.00%
 207  GCF_023558335.1_ASM2355833v1                   19.21%    passed     99.76%
 208  GCF_023558355.1_ASM2355835v1                   19.21%    passed     99.76%
 209  GCF_023573145.1_ASM2357314v1                   22.69%    passed     99.93%
 210  GCF_023823125.1_ASM2382312v1                   20.83%    passed    100.00%
 211  GCF_024496245.1_ASM2449624v1                   21.30%    passed    100.00%
 212  GCF_024758705.1_ASM2475870v1                   21.76%    passed    100.00%
 213  GCF_024758725.1_ASM2475872v1                   19.91%    passed     98.01%
 214  GCF_025141175.1_ASM2514117v1                   22.22%    passed     99.76%
 215  GCF_025141935.1_ASM2514193v1                   21.53%    passed    100.00%
 216  GCF_025398155.2_ASM2539815v2                   21.76%    passed    100.00%
 217  GCF_025811215.1_ASM2581121v1                   20.60%    passed     99.99%
 218  GCF_025811355.1_ASM2581135v1                   20.60%    passed    100.00%
 219  GCF_025811435.1_ASM2581143v1                   20.60%    passed    100.00%
 220  GCF_025813715.1_ASM2581371v1                   24.07%    passed     94.08%
 221  GCF_025917005.1_ASM2591700v1                   20.60%    passed     99.99%
 222  GCF_026122595.1_ASM2612259v1                   23.84%    passed     99.94%
 223  GCF_026122615.1_ASM2612261v1                   23.84%    passed     99.94%
 224  GCF_026167525.1_ASM2616752v1                   21.99%    passed    100.00%
 225  GCF_026167545.1_ASM2616754v1                   21.30%    passed    100.00%
 226  GCF_026625025.1_ASM2662502v1                   20.83%    passed     99.99%
 227  GCF_026898155.1_ASM2689815v1                   21.30%    passed    100.00%
 228  GCF_027271155.1_ASM2727115v1                   21.06%    passed    100.00%
 229  GCF_027886585.1_ASM2788658v1                   21.53%    passed     99.99%
 230  GCF_027912195.1_ASM2791219v1                   20.83%    passed     99.99%
 231  GCF_027943985.1_ASM2794398v1                   16.44%    passed      5.70%
 232  GCF_027944005.1_ASM2794400v1                   16.44%    passed      5.70%
 233  GCF_028621955.1_ASM2862195v1                   21.30%    passed     99.99%
 234  GCF_028885395.1_ASM2888539v1                   21.76%    passed    100.00%
 235  GCF_029277405.1_ASM2927740v1                   20.14%    passed     99.82%
 236  GCF_029581395.1_ASM2958139v1                   19.91%    passed    100.00%
 237  GCF_029691625.1_ASM2969162v1                   23.38%    passed    100.00%
 238  GCF_029714205.1_ASM2971420v1                   24.77%    passed     87.26%
 239  GCF_029761955.1_ASM2976195v1                   23.84%    passed     87.12%
 240  GCF_030062705.1_ASM3006270v1                   23.38%    passed     99.98%
 241  GCF_030252425.1_ASM3025242v1                   21.99%    passed     99.99%
 242  GCF_030255395.1_ASM3025539v1                   23.38%    passed     99.99%
 243  GCF_030297555.1_ASM3029755v1                   19.21%    passed     99.34%
 244  GCF_030297575.1_ASM3029757v1                   18.29%    passed     91.41%
 245  GCF_030297595.1_ASM3029759v1                   18.75%    passed     95.31%
 246  GCF_030297615.1_ASM3029761v1                   18.29%    passed     94.50%
 247  GCF_030297635.1_ASM3029763v1                   18.52%    passed     93.47%
 248  GCF_030297655.1_ASM3029765v1                   18.29%    passed     91.41%
 249  GCF_030297675.1_ASM3029767v1                   18.29%    passed     91.41%
 250  GCF_900176205.1_BRAD285_PRJEB202261_v1         20.83%    passed    100.00%
 251  GCF_900234795.1_TK0001_PRJEB23178_v1           23.38%    passed     99.98%
 252  GCF_901457705.2_RHAL1_v2                       21.99%    passed    100.00%
 253  GCF_937425535.1_Rhodovastum_atsumiense_G2-11   21.99%    passed    100.00%
****  TOTAL                                          21.42%  0 sequences failed composition chi2 test (p-value<5%; df=19)
NOTE: GCF_000225955.1_ASM22595v1 is identical to GCF_000013085.1_ASM1308v1 but kept for subsequent analysis
NOTE: GCF_002983865.1_ASM298386v1 is identical to GCF_000014045.1_ASM1404v1 but kept for subsequent analysis
NOTE: GCF_023558335.1_ASM2355833v1 is identical to GCF_000018145.1_ASM1814v1 but kept for subsequent analysis
NOTE: GCF_030255395.1_ASM3025539v1 is identical to GCF_000018845.1_ASM1884v1 but kept for subsequent analysis
NOTE: GCF_029714205.1_ASM2971420v1 is identical to GCF_000019365.1_ASM1936v1 but kept for subsequent analysis
NOTE: GCF_000195775.2_ASM19577v2 is identical to GCF_000020445.1_ASM2044v1 but kept for subsequent analysis
NOTE: GCF_001576595.1_ASM157659v1 is identical to GCF_000021005.1_ASM2100v1 but kept for subsequent analysis
NOTE: GCF_003254375.1_ASM325437v1 is identical to GCF_000757795.1_ASM75779v1 but kept for subsequent analysis
NOTE: GCF_001459775.1_Blastochloris_viridis_genome is identical to GCF_001402875.1_ASM140287v1 but kept for subsequent analysis
NOTE: GCF_001633165.1_ASM163316v1 is identical to GCF_001633145.1_ASM163314v1 but kept for subsequent analysis
NOTE: GCF_009650195.1_ASM965019v1 is identical to GCF_001713475.1_ASM171347v1 but kept for subsequent analysis
NOTE: GCF_900234795.1_TK0001_PRJEB23178_v1 is identical to GCF_002117815.2_ASM211781v2 but kept for subsequent analysis
NOTE: GCF_025811355.1_ASM2581135v1 is identical to GCF_003031245.1_ASM303124v1 but kept for subsequent analysis
NOTE: GCF_021391315.1_ASM2139131v1 is identical to GCF_003429265.1_ASM342926v1 but kept for subsequent analysis
NOTE: GCF_009363495.1_ASM936349v1 is identical to GCF_009363255.1_ASM936325v1 but kept for subsequent analysis
NOTE: GCF_010104355.1_ASM1010435v1 is identical to GCF_009859815.1_ASM985981v1 but kept for subsequent analysis
NOTE: GCF_029277405.1_ASM2927740v1 is identical to GCF_014622665.1_ASM1462266v1 but kept for subsequent analysis
NOTE: GCF_016806835.2_ASM1680683v2 is identical to GCF_016765655.2_ASM1676565v2 but kept for subsequent analysis
NOTE: GCF_026122615.1_ASM2612261v1 is identical to GCF_026122595.1_ASM2612259v1 but kept for subsequent analysis
NOTE: GCF_027944005.1_ASM2794400v1 is identical to GCF_027943985.1_ASM2794398v1 but kept for subsequent analysis
NOTE: GCF_030297655.1_ASM3029765v1 is identical to GCF_030297575.1_ASM3029757v1 but kept for subsequent analysis
NOTE: 15 identical sequences (see below) will be ignored for subsequent analysis
NOTE: GCF_019134555.1_ASM1913455v1 (identical to GCF_000013085.1_ASM1308v1) is ignored but added at the end
NOTE: GCF_023558355.1_ASM2355835v1 (identical to GCF_000018145.1_ASM1814v1) is ignored but added at the end
NOTE: GCF_013415845.1_ASM1341584v1 (identical to GCF_000020445.1_ASM2044v1) is ignored but added at the end
NOTE: GCF_016584445.1_ASM1658444v1 (identical to GCF_000020445.1_ASM2044v1) is ignored but added at the end
NOTE: GCF_026625025.1_ASM2662502v1 (identical to GCF_000020445.1_ASM2044v1) is ignored but added at the end
NOTE: GCF_027912195.1_ASM2791219v1 (identical to GCF_000020445.1_ASM2044v1) is ignored but added at the end
NOTE: GCF_001685625.1_ASM168562v1 (identical to GCF_000021005.1_ASM2100v1) is ignored but added at the end
NOTE: GCF_002706325.1_ASM270632v1 (identical to GCF_000021005.1_ASM2100v1) is ignored but added at the end
NOTE: GCF_003324715.1_ASM332471v1 (identical to GCF_000021005.1_ASM2100v1) is ignored but added at the end
NOTE: GCF_009797665.1_ASM979766v1 (identical to GCF_000021005.1_ASM2100v1) is ignored but added at the end
NOTE: GCF_012647365.1_ASM1264736v1 (identical to GCF_000021005.1_ASM2100v1) is ignored but added at the end
NOTE: GCF_029691625.1_ASM2969162v1 (identical to GCF_000757795.1_ASM75779v1) is ignored but added at the end
NOTE: GCF_025811435.1_ASM2581143v1 (identical to GCF_003031245.1_ASM303124v1) is ignored but added at the end
NOTE: GCF_022227035.1_ASM2222703v1 (identical to GCF_003429265.1_ASM342926v1) is ignored but added at the end
NOTE: GCF_030297675.1_ASM3029767v1 (identical to GCF_030297575.1_ASM3029757v1) is ignored but added at the end
Alignment was printed to results/tree/PGC_bchF/PGC_bchF.uniqueseq.phy

For your convenience alignment with unique sequences printed to results/tree/PGC_bchF/PGC_bchF.uniqueseq.phy


Create initial parsimony tree by phylogenetic likelihood library (PLL)... 0.147 seconds
Perform fast likelihood tree search using LG+I+G model...
Estimate model parameters (epsilon = 5.000)
Perform nearest neighbor interchange...
Estimate model parameters (epsilon = 1.000)
1. Initial log-likelihood: -32446.685
Optimal log-likelihood: -32446.682
Proportion of invariable sites: 0.326
Gamma shape alpha: 0.829
Parameters optimization took 1 rounds (1.271 sec)
Time for fast ML tree search: 11.163 seconds

NOTE: ModelFinder requires 122 MB RAM!
ModelFinder will test up to 702 protein models (sample size: 432) ...
 No. Model         -LnL         df  AIC          AICc         BIC
  1  LG            36714.158    473 74374.315    522778.315   76298.681
  2  LG+I          34318.056    474 69584.111    519884.111   71512.545
  3  LG+G4         32552.287    474 66052.573    516352.573   67981.007
  4  LG+I+G4       32446.695    475 65843.390    518043.390   67775.892
  5  LG+R2         33406.318    475 67762.636    519962.636   69695.139
  6  LG+R3         32761.822    477 66477.644    522489.644   68418.283
  7  LG+R4         32586.399    479 66130.798    525970.798   68079.574
  8  LG+R5         32518.994    481 65999.988    529683.988   67956.900
  9  LG+R6         32416.001    483 65798.003    533342.003   67763.052
 10  LG+R7         32407.610    485 65785.220    537205.220   67758.407
 11  LG+R8         32400.464    487 65774.928    541086.928   67756.251
 12  LG+R9         32395.496    489 65768.991    544988.991   67758.451
 22  LG+F+R6       25694.539    502 52393.077    557405.077   54435.427
 23  LG+F+R7       25689.198    504 52386.395    561426.395   54436.882
 35  WAG+R6        31846.990    483 64659.979    532203.979   66625.029
 36  WAG+R7        31843.533    485 64657.065    536077.065   66630.252
 48  WAG+F+R6      25619.829    502 52243.659    557255.659   54286.008
 49  WAG+F+R7      25617.849    504 52243.699    561283.699   54294.185
 61  JTT+R6        32564.402    483 66094.805    533638.805   68059.854
 62  JTT+R7        32559.408    485 66088.816    537508.816   68062.002
 74  JTT+F+R6      26849.841    502 54703.681    559715.681   56746.031
 75  JTT+F+R7      26844.472    504 54696.944    563736.944   56747.431
 87  Q.pfam+R6     32167.188    483 65300.377    532844.377   67265.426
 88  Q.pfam+R7     32167.533    485 65305.066    536725.066   67278.252
100  Q.pfam+F+R6   25686.976    502 52377.953    557389.953   54420.303
101  Q.pfam+F+R7   25684.138    504 52376.275    561416.275   54426.762
113  Q.bird+R6     34619.502    483 70205.003    537749.003   72170.053
114  Q.bird+R7     34616.563    485 70203.126    541623.126   72176.313
126  Q.bird+F+R6   28970.645    502 58945.289    563957.289   60987.639
127  Q.bird+F+R7   28964.172    504 58936.344    567976.344   60986.830
128  Q.bird+F+R8   28962.545    506 58937.089    572021.089   60995.713
139  Q.mammal+R6   33841.503    483 68649.005    536193.005   70614.055
140  Q.mammal+R7   33840.945    485 68651.889    540071.889   70625.076
152  Q.mammal+F+R6 28078.714    502 57161.429    562173.429   59203.779
153  Q.mammal+F+R7 28068.026    504 57144.053    566184.053   59194.539
154  Q.mammal+F+R8 28067.396    506 57146.793    570230.793   59205.416
165  Q.insect+R6   32766.700    483 66499.400    534043.400   68464.450
166  Q.insect+R7   32763.834    485 66497.668    537917.668   68470.854
178  Q.insect+F+R6 25761.806    502 52527.613    557539.613   54569.963
179  Q.insect+F+R7 25757.479    504 52522.958    561562.958   54573.444
191  Q.plant+R6    34553.450    483 70072.900    537616.900   72037.949
192  Q.plant+R7    34552.597    485 70075.195    541495.195   72048.381
204  Q.plant+F+R6  27666.325    502 56336.651    561348.651   58379.001
205  Q.plant+F+R7  27661.003    504 56330.007    565370.007   58380.493
217  Q.yeast+R6    33327.450    483 67620.900    535164.900   69585.950
218  Q.yeast+R7    33327.557    485 67625.114    539045.114   69598.300
230  Q.yeast+F+R6  25815.782    502 52635.563    557647.563   54677.913
231  Q.yeast+F+R7  25812.310    504 52632.621    561672.621   54683.107
243  JTTDCMut+R6   32563.165    483 66092.331    533636.331   68057.380
244  JTTDCMut+R7   32558.874    485 66087.748    537507.748   68060.934
256  JTTDCMut+F+R6 26861.267    502 54726.535    559738.535   56768.884
257  JTTDCMut+F+R7 26852.419    504 54712.838    563752.838   56763.325
258  JTTDCMut+F+R8 26849.012    506 54710.023    567794.023   56768.646
269  DCMut+R6      33805.530    483 68577.061    536121.061   70542.111
270  DCMut+R7      33801.848    485 68573.696    539993.696   70546.882
282  DCMut+F+R6    28031.904    502 57067.807    562079.807   59110.157
283  DCMut+F+R7    28018.659    504 57045.318    566085.318   59095.804
WARNING: Log-likelihood -28030.4 of DCMut+F+R8 worse than DCMut+F+R7 -28018.7
284  DCMut+F+R8    28030.429    506 57072.858    570156.858   59131.481
295  VT+R6         31937.151    483 64840.303    532384.303   66805.353
WARNING: Log-likelihood -31938.5 of VT+R7 worse than VT+R6 -31937.2
296  VT+R7         31938.538    485 64847.075    536267.075   66820.262
308  VT+F+R6       25414.906    502 51833.812    556845.812   53876.161
309  VT+F+R7       25413.348    504 51834.697    560874.697   53885.183
321  PMB+R6        31061.980    483 63089.961    530633.961   65055.010
322  PMB+R7        31061.956    485 63093.912    534513.912   65067.099
334  PMB+F+R6      25070.211    502 51144.422    556156.422   53186.772
335  PMB+F+R7      25069.310    504 51146.621    560186.621   53197.107
347  Blosum62+R6   31051.862    483 63069.724    530613.724   65034.774
348  Blosum62+R7   31048.898    485 63067.796    534487.796   65040.982
360  Blosum62+F+R6 24890.953    502 50785.906    555797.906   52828.256
361  Blosum62+F+R7 24891.054    504 50790.108    559830.108   52840.594
373  Dayhoff+R6    33813.945    483 68593.891    536137.891   70558.941
374  Dayhoff+R7    33810.279    485 68590.558    540010.558   70563.744
386  Dayhoff+F+R6  28040.319    502 57084.637    562096.637   59126.987
387  Dayhoff+F+R7  28027.094    504 57062.189    566102.189   59112.675
WARNING: Log-likelihood -28038.8 of Dayhoff+F+R8 worse than Dayhoff+F+R7 -28027.1
388  Dayhoff+F+R8  28038.823    506 57089.645    570173.645   59148.269
399  mtREV+R6      33899.277    483 68764.554    536308.554   70729.603
400  mtREV+R7      33892.417    485 68754.834    540174.834   70728.020
401  mtREV+R8      33890.037    487 68754.073    544066.073   70735.397
412  mtREV+F+R6    27406.223    502 55816.447    560828.447   57858.796
413  mtREV+F+R7    27403.840    504 55815.681    564855.681   57866.167
425  mtART+R6      34034.107    483 69034.214    536578.214   70999.263
426  mtART+R7      34022.602    485 69015.203    540435.203   70988.390
427  mtART+R8      34022.684    487 69019.369    544331.369   71000.692
438  mtART+F+R6    26207.072    502 53418.144    558430.144   55460.494
WARNING: Log-likelihood -26247.8 of mtART+F+R7 worse than mtART+F+R6 -26207.1
439  mtART+F+R7    26247.837    504 53503.675    562543.675   55554.161
451  mtZOA+R6      32613.836    483 66193.673    533737.673   68158.722
452  mtZOA+R7      32610.665    485 66191.330    537611.330   68164.517
464  mtZOA+F+R6    26066.434    502 53136.867    558148.867   55179.217
WARNING: Log-likelihood -26097.7 of mtZOA+F+R7 worse than mtZOA+F+R6 -26066.4
465  mtZOA+F+R7    26097.655    504 53203.309    562243.309   55253.796
477  mtMet+R6      34184.860    483 69335.721    536879.721   71300.770
478  mtMet+R7      34181.840    485 69333.681    540753.681   71306.867
490  mtMet+F+R6    27315.507    502 55635.013    560647.013   57677.363
491  mtMet+F+R7    27312.428    504 55632.857    564672.857   57683.343
503  mtVer+R6      34805.764    483 70577.528    538121.528   72542.578
504  mtVer+R7      34802.374    485 70574.748    541994.748   72547.934
516  mtVer+F+R6    28594.122    502 58192.245    563204.245   60234.594
517  mtVer+F+R7    28590.334    504 58188.667    567228.667   60239.154
529  mtInv+R6      33766.765    483 68499.529    536043.529   70464.579
530  mtInv+R7      33765.855    485 68501.711    539921.711   70474.897
542  mtInv+F+R6    26066.189    502 53136.378    558148.378   55178.727
543  mtInv+F+R7    26059.314    504 53126.629    562166.629   55177.115
544  mtInv+F+R8    26058.403    506 53128.806    566212.806   55187.429
555  mtMAM+R6      37129.239    483 75224.479    542768.479   77189.528
556  mtMAM+R7      37116.526    485 75203.052    546623.052   77176.238
557  mtMAM+R8      37107.973    487 75189.946    550501.946   77171.269
558  mtMAM+R9      37092.079    489 75162.157    554382.157   77151.617
568  mtMAM+F+R6    30985.901    502 62975.803    567987.803   65018.152
569  mtMAM+F+R7    30962.033    504 62932.065    571972.065   64982.552
570  mtMAM+F+R8    30955.143    506 62922.286    576006.286   64980.910
WARNING: Log-likelihood -31001.4 of mtMAM+F+R9 worse than mtMAM+F+R8 -30955.1
571  mtMAM+F+R9    31001.368    508 63018.736    580162.736   65085.496
581  HIVb+R6       35850.281    483 72666.562    540210.562   74631.612
582  HIVb+R7       35833.294    485 72636.589    544056.589   74609.775
583  HIVb+R8       35830.836    487 72635.671    547947.671   74616.995
594  HIVb+F+R6     29508.264    502 60020.529    565032.529   62062.878
595  HIVb+F+R7     29502.641    504 60013.282    569053.282   62063.769
607  HIVw+R6       39827.942    483 80621.885    548165.885   82586.934
608  HIVw+R7       39821.119    485 80612.237    552032.237   82585.424
609  HIVw+R8       39805.880    487 80585.761    555897.761   82567.084
610  HIVw+R9       39793.718    489 80565.436    559785.436   82554.896
620  HIVw+F+R6     32177.428    502 65358.855    570370.855   67401.205
621  HIVw+F+R7     32154.448    504 65316.897    574356.897   67367.383
622  HIVw+F+R8     32141.158    506 65294.316    578378.316   67352.939
WARNING: Log-likelihood -32180.2 of HIVw+F+R9 worse than HIVw+F+R8 -32141.2
623  HIVw+F+R9     32180.196    508 65376.392    582520.392   67443.152
633  FLU+R6        36268.029    483 73502.057    541046.057   75467.107
634  FLU+R7        36266.744    485 73503.489    544923.489   75476.675
646  FLU+F+R6      29128.429    502 59260.858    564272.858   61303.208
WARNING: Log-likelihood -29138 of FLU+F+R7 worse than FLU+F+R6 -29128.4
647  FLU+F+R7      29137.986    504 59283.972    568323.972   61334.458
659  rtREV+R6      32111.242    483 65188.484    532732.484   67153.534
WARNING: Log-likelihood -32165.8 of rtREV+R7 worse than rtREV+R6 -32111.2
660  rtREV+R7      32165.829    485 65301.658    536721.658   67274.844
672  rtREV+F+R6    25843.683    502 52691.366    557703.366   54733.716
673  rtREV+F+R7    25838.283    504 52684.566    561724.566   54735.052
685  cpREV+R6      32933.157    483 66832.314    534376.314   68797.364
686  cpREV+R7      32932.565    485 66835.129    538255.129   68808.316
698  cpREV+F+R6    26403.092    502 53810.185    558822.185   55852.534
699  cpREV+F+R7    26399.626    504 53807.253    562847.253   55857.739
Akaike Information Criterion:           Blosum62+F+R6
Corrected Akaike Information Criterion: LG+G4
Bayesian Information Criterion:         Blosum62+F+R6
Best-fit model: Blosum62+F+R6 chosen according to BIC

All model information printed to results/tree/PGC_bchF/PGC_bchF.model.gz
CPU time for ModelFinder: 44740.340 seconds (12h:25m:40s)
Wall-clock time for ModelFinder: 44779.739 seconds (12h:26m:19s)
WARNING: States(s) N, D, Q, E, I, L, K, F, P, V rarely appear in alignment and may cause numerical problems

NOTE: 73 MB RAM (0 GB) is required!
Estimate model parameters (epsilon = 0.100)
1. Initial log-likelihood: -24890.953
Optimal log-likelihood: -24890.913
Site proportion and rates:  (0.408,0.012) (0.133,0.324) (0.123,0.768) (0.147,1.553) (0.097,2.491) (0.092,4.227)
Parameters optimization took 1 rounds (6.714 sec)
Computing ML distances based on estimated model parameters...
Computing ML distances took 11.533623 sec (of wall-clock time) 11.533068 sec(of CPU time)
Computing RapidNJ tree took 0.014116 sec (of wall-clock time) 0.025665 sec (of CPU time)
Log-likelihood of RapidNJ tree: -25115.617
--------------------------------------------------------------------
|             INITIALIZING CANDIDATE TREE SET                      |
--------------------------------------------------------------------
Generating 98 parsimony trees... 13.532 second
Computing log-likelihood of 98 initial trees ... 49.152 seconds
Current best score: -24890.913

Do NNI search on 20 best initial trees
Estimate model parameters (epsilon = 0.100)
BETTER TREE FOUND at iteration 1: -24865.813
Estimate model parameters (epsilon = 0.100)
BETTER TREE FOUND at iteration 2: -24817.809
Estimate model parameters (epsilon = 0.100)
BETTER TREE FOUND at iteration 4: -24787.279
Iteration 10 / LogL: -24836.930 / Time: 0h:4m:59s
Iteration 20 / LogL: -24908.770 / Time: 0h:7m:9s
Finish initializing candidate tree set (20)
Current best tree score: -24787.279 / CPU time: 405.588
Number of iterations: 20
--------------------------------------------------------------------
|               OPTIMIZING CANDIDATE TREE SET                      |
--------------------------------------------------------------------
Estimate model parameters (epsilon = 0.100)
BETTER TREE FOUND at iteration 22: -24763.462
Iteration 30 / LogL: -24774.336 / Time: 0h:10m:4s (0h:31m:58s left)
Estimate model parameters (epsilon = 0.100)
BETTER TREE FOUND at iteration 33: -24762.146
Estimate model parameters (epsilon = 0.100)
BETTER TREE FOUND at iteration 40: -24730.110
Iteration 40 / LogL: -24730.110 / Time: 0h:12m:57s (0h:33m:14s left)
Iteration 50 / LogL: -24773.287 / Time: 0h:15m:14s (0h:28m:0s left)
Estimate model parameters (epsilon = 0.100)
BETTER TREE FOUND at iteration 59: -24726.133
Estimate model parameters (epsilon = 0.100)
BETTER TREE FOUND at iteration 60: -24722.571
Iteration 60 / LogL: -24722.571 / Time: 0h:17m:50s (0h:30m:13s left)
Iteration 70 / LogL: -24807.694 / Time: 0h:20m:10s (0h:26m:18s left)
Estimate model parameters (epsilon = 0.100)
BETTER TREE FOUND at iteration 75: -24719.311
Iteration 80 / LogL: -24727.330 / Time: 0h:22m:41s (0h:27m:17s left)
Iteration 90 / LogL: -24734.544 / Time: 0h:24m:58s (0h:23m:51s left)
Estimate model parameters (epsilon = 0.100)
BETTER TREE FOUND at iteration 95: -24716.632
Estimate model parameters (epsilon = 0.100)
BETTER TREE FOUND at iteration 98: -24712.978
Iteration 100 / LogL: -24727.970 / Time: 0h:27m:35s (0h:27m:19s left)
Estimate model parameters (epsilon = 0.100)
BETTER TREE FOUND at iteration 103: -24711.342
Estimate model parameters (epsilon = 0.100)
BETTER TREE FOUND at iteration 104: -24709.005
Estimate model parameters (epsilon = 0.100)
BETTER TREE FOUND at iteration 107: -24706.143
Iteration 110 / LogL: -24720.297 / Time: 0h:30m:26s (0h:27m:5s left)
Estimate model parameters (epsilon = 0.100)
BETTER TREE FOUND at iteration 115: -24698.335
Iteration 120 / LogL: -24728.561 / Time: 0h:32m:50s (0h:26m:13s left)
Iteration 130 / LogL: -24761.149 / Time: 0h:35m:12s (0h:23m:11s left)
Iteration 140 / LogL: -24714.827 / Time: 0h:37m:31s (0h:20m:14s left)
Iteration 150 / LogL: -24718.365 / Time: 0h:39m:45s (0h:17m:20s left)
Iteration 160 / LogL: -24757.572 / Time: 0h:42m:0s (0h:14m:31s left)
Iteration 170 / LogL: -24754.633 / Time: 0h:44m:17s (0h:11m:47s left)
Iteration 180 / LogL: -24740.259 / Time: 0h:46m:26s (0h:9m:4s left)
Iteration 190 / LogL: -24727.410 / Time: 0h:48m:40s (0h:6m:26s left)
Iteration 200 / LogL: -24722.560 / Time: 0h:50m:58s (0h:3m:50s left)
Iteration 210 / LogL: -24716.531 / Time: 0h:53m:19s (0h:1m:16s left)
TREE SEARCH COMPLETED AFTER 216 ITERATIONS / Time: 0h:54m:40s

--------------------------------------------------------------------
|                    FINALIZING TREE SEARCH                        |
--------------------------------------------------------------------
Performs final model parameters optimization
Estimate model parameters (epsilon = 0.010)
1. Initial log-likelihood: -24698.335
Optimal log-likelihood: -24698.324
Site proportion and rates:  (0.411,0.011) (0.163,0.364) (0.139,0.942) (0.157,1.845) (0.094,3.452) (0.037,5.158)
Parameters optimization took 1 rounds (3.817 sec)
BEST SCORE FOUND : -24698.324
Total tree length: 20.687

Total number of iterations: 216
CPU time used for tree search: 3250.281 sec (0h:54m:10s)
Wall-clock time used for tree search: 3256.523 sec (0h:54m:16s)
Total CPU time used: 3278.352 sec (0h:54m:38s)
Total wall-clock time used: 3284.653 sec (0h:54m:44s)

Analysis results written to: 
  IQ-TREE report:                results/tree/PGC_bchF/PGC_bchF.iqtree
  Maximum-likelihood tree:       results/tree/PGC_bchF/PGC_bchF.treefile
  Likelihood distances:          results/tree/PGC_bchF/PGC_bchF.mldist
  Screen log file:               results/tree/PGC_bchF/PGC_bchF.log

Date and Time: Thu Jun 20 23:14:33 2024
