IQ-TREE multicore version 2.1.4-beta COVID-edition for Linux 64-bit built Jun 24 2021
Developed by Bui Quang Minh, James Barbetti, Nguyen Lam Tung,
Olga Chernomor, Heiko Schmidt, Dominik Schrempf, Michael Woodhams.

Host:    morrowind (AVX2, FMA3, 503 GB RAM)
Command: iqtree2 -s results/fasta_PGC/gene_trimmed/PGC_crtB_trim.phy -pre results/tree/PGC_crtB/PGC_crtB
Seed:    579055 (Using SPRNG - Scalable Parallel Random Number Generator)
Time:    Thu Jun 20 09:53:29 2024
Kernel:  AVX+FMA - 1 threads (128 CPU cores detected)

HINT: Use -nt option to specify number of threads because your CPU has 128 cores!
HINT: -nt AUTO will automatically determine the best number of threads to use.

Reading alignment file results/fasta_PGC/gene_trimmed/PGC_crtB_trim.phy ... Phylip format detected
Alignment most likely contains protein sequences
WARNING: 14 sites contain only gaps or ambiguous characters.
Alignment has 250 sequences with 888 columns, 822 distinct patterns
734 parsimony-informative, 47 singleton sites, 107 constant sites
                                              Gap/Ambiguity  Composition  p-value
   1  GCA_011765465.1_ASM1176546v1                   24.32%    passed     98.29%
   2  GCA_015693905.1_ASM1569390v1                   22.07%    passed     99.96%
   3  GCA_016745215.1_scaff03                        20.83%    passed     99.89%
   4  GCA_019739335.1_ASM1973933v1                   24.32%    passed     98.46%
   5  GCA_000013085.1_ASM1308v1                      21.96%    passed    100.00%
   6  GCA_000013365.1_ASM1336v1                      20.50%    passed     97.37%
   7  GCA_000013565.1_ASM1356v1                      21.28%    passed     95.55%
   8  GCA_000014045.1_ASM1404v1                      21.73%    passed    100.00%
   9  GCA_000015165.1_ASM1516v1                      21.40%    passed     99.93%
  10  GCA_000015585.1_ASM1558v1                      21.62%    passed     98.24%
  11  GCA_000016185.1_ASM1618v1                      22.97%    passed     99.24%
  12  GCA_000018145.1_ASM1814v1                      21.96%    passed     99.96%
  13  GCA_000018845.1_ASM1884v1                      23.99%    passed     99.37%
  14  GCA_000019365.1_ASM1936v1                      24.55%    passed     46.82%
  15  GCA_000019725.1_ASM1972v1                      22.86%    passed     99.75%
  16  GCA_000019945.1_ASM1994v1                      24.32%    passed     92.15%
  17  GCA_000020445.1_ASM2044v1                      20.50%    passed     97.23%
  18  GCA_000021005.1_ASM2100v1                      23.42%    passed     98.82%
  19  GCA_000021745.1_ASM2174v1                      25.79%    passed     95.38%
  20  GCA_000021845.1_ASM2184v1                      24.10%    passed     99.52%
  21  GCA_000021865.1_ASM2186v1                      21.51%    passed    100.00%
  22  GCA_000022685.1_ASM2268v1                      24.10%    passed     98.99%
  23  GCA_000025485.1_ASM2548v1                      20.16%    passed     97.93%
  24  GCA_000026145.1_ASM2614v1                      21.73%    passed     99.85%
  25  GCA_000083545.1_ASM8354v1                      24.21%    passed     97.61%
  26  GCA_000144605.1_ASM14460v1                     26.91%    passed     99.87%
  27  GCA_000154785.2_ASM15478v2                     21.62%    passed     99.99%
  28  GCA_000166055.1_ASM16605v1                     24.32%    passed     98.22%
  29  GCA_000195775.2_ASM19577v2                     20.50%    passed     97.07%
  30  GCA_000202835.1_ASM20283v1                     24.10%    passed     94.91%
  31  GCA_000224005.2_ASM22400v3                     21.62%    passed     99.70%
  32  GCA_000225955.1_ASM22595v1                     21.96%    passed    100.00%
  33  GCA_000227745.2_ASM22774v3                     20.27%    passed     99.48%
  34  GCA_000284255.1_ASM28425v1                     22.52%    passed    100.00%
  35  GCA_000284275.1_ASM28427v1                     21.73%    passed     99.84%
  36  GCA_000284415.1_ASM28441v2                     21.28%    passed     99.96%
  37  GCA_000327045.1_ASM32704v1                     21.96%    passed     99.98%
  38  GCA_000344805.1_ASM34480v1                     21.85%    passed     99.99%
  39  GCA_000364445.2_ASM36444v2                     23.20%    passed     97.77%
  40  GCA_000512205.2_ASM51220v2                     28.72%    passed     90.61%
  41  GCA_000590925.1_ASM59092v1                     21.85%    passed     99.93%
  42  GCA_000738435.1_ASM73843v1                     21.06%    passed     99.51%
  43  GCA_000757795.1_ASM75779v1                     22.64%    passed     99.87%
  44  GCA_000935025.1_ASM93502v1                     27.03%    passed     61.57%
  45  GCA_000973625.1_ASM97362v1                     18.69%    failed      0.00%
  46  GCA_001304795.1_ASM130479v1                    24.66%    passed     99.73%
  47  GCA_001402875.1_ASM140287v1                    22.52%    passed     99.99%
  48  GCA_001412535.1_ASM141253v1                    20.95%    passed     99.23%
  49  GCA_001412575.1_ASM141257v1                    19.82%    passed     48.29%
  50  GCA_001459775.1_Blastochloris_viridis_genome   22.52%    passed     99.99%
  51  GCA_001483865.1_ASM148386v1                    23.31%    passed     92.81%
  52  GCA_001542815.1_ASM154281v1                    24.32%    passed     92.62%
  53  GCA_001548015.1_ASM154801v1                    25.23%    passed      9.72%
  54  GCA_001548075.1_ASM154807v1                    20.83%    passed    100.00%
  55  GCA_001576595.1_ASM157659v1                    23.20%    passed     99.52%
  56  GCA_001632845.1_ASM163284v1                    34.57%    passed     98.52%
  57  GCA_001633145.1_ASM163314v1                    20.83%    passed    100.00%
  58  GCA_001633165.1_ASM163316v1                    20.83%    passed    100.00%
  59  GCA_001663155.1_ASM166315v1                    24.32%    passed     99.70%
  60  GCA_001663175.1_ASM166317v1                    25.11%    passed     99.47%
  61  GCA_001685625.1_ASM168562v1                    23.20%    passed     99.52%
  62  GCA_001713355.1_ASM171335v1                    21.06%    passed     99.79%
  63  GCA_001713375.1_ASM171337v1                    30.74%    passed     15.78%
  64  GCA_001713435.1_ASM171343v1                    29.05%    passed    100.00%
  65  GCA_001713455.1_ASM171345v1                    23.76%    passed     99.94%
  66  GCA_001713475.1_ASM171347v1                    22.30%    passed     99.84%
  67  GCA_001719165.1_ASM171916v1                    24.44%    passed     99.76%
  68  GCA_001720465.1_ASM172046v1                    24.66%    passed     83.93%
  69  GCA_001854385.1_ASM185438v1                    22.75%    passed     98.70%
  70  GCA_001870665.2_ASM187066v2                    21.96%    passed    100.00%
  71  GCA_001886735.1_ASM188673v1                    22.86%    passed     99.74%
  72  GCA_001936175.1_ASM193617v1                    22.75%    passed     99.77%
  73  GCA_001955735.1_ASM195573v1                    20.16%    passed     94.45%
  74  GCA_001969365.1_ASM196936v1                    22.52%    passed     99.22%
  75  GCA_001971665.1_ASM197166v1                    23.87%    passed     98.87%
  76  GCA_002002865.1_ASM200286v1                    26.69%    passed     99.99%
  77  GCA_002073975.1_ASM207397v1                    20.83%    passed    100.00%
  78  GCA_002079305.1_ASM207930v1                    20.50%    passed     99.96%
  79  GCA_002080415.1_ASM208041v1                    22.64%    passed    100.00%
  80  GCA_002158905.1_ASM215890v1                    22.41%    passed     99.96%
  81  GCA_002266435.2_ASM226643v2                    21.28%    passed     99.99%
  82  GCA_002355515.1_ASM235551v1                    24.10%    passed     97.43%
  83  GCA_002407205.1_ASM240720v1                    22.41%    passed    100.00%
  84  GCA_002706325.1_ASM270632v1                    23.20%    passed     99.52%
  85  GCA_002813775.1_ASM281377v1                    22.41%    passed     99.99%
  86  GCA_002868735.1_ASM286873v1                    21.85%    passed     88.16%
  87  GCA_002983865.1_ASM298386v1                    21.73%    passed    100.00%
  88  GCA_003031245.1_ASM303124v1                    20.50%    passed     97.61%
  89  GCA_003031265.1_ASM303126v1                    20.50%    passed     97.61%
  90  GCA_003065365.1_ASM306536v1                    19.48%    passed      8.15%
  91  GCA_003071405.1_ASM307140v1                    23.42%    passed     99.65%
  92  GCA_003173715.1_ASM317371v1                    23.65%    passed     97.52%
  93  GCA_003173735.1_ASM317373v1                    24.66%    failed      1.87%
  94  GCA_003173755.1_ASM317375v1                    25.00%    passed     11.51%
  95  GCA_003173775.1_ASM317377v1                    25.34%    passed     21.87%
  96  GCA_003254375.1_ASM325437v1                    22.64%    passed     99.87%
  97  GCA_003264115.1_ASM326411v1                    23.65%    passed     81.83%
  98  GCA_003288315.1_ASM328831v1                    22.64%    passed    100.00%
  99  GCA_003324715.1_ASM332471v1                    23.20%    passed     99.52%
 100  GCA_003352165.1_ASM335216v1                    24.21%    passed     68.74%
 101  GCA_003429265.1_ASM342926v1                    22.97%    passed    100.00%
 102  GCA_003431825.1_ASM343182v1                    26.58%    passed    100.00%
 103  GCA_003855495.1_ASM385549v1                    23.20%    passed     99.66%
 104  GCA_003940805.1_ASM394080v1                    24.66%    passed     75.38%
 105  GCA_003952725.1_ASM395272v1                    20.61%    passed     94.27%
 106  GCA_003966715.1_ASM396671v1                    22.64%    passed     99.82%
 107  GCA_004114955.1_ASM411495v1                    22.07%    passed     99.91%
 108  GCA_004136295.1_ASM413629v1                    23.87%    passed     83.57%
 109  GCA_004216475.1_ASM421647v1                    22.75%    passed    100.00%
 110  GCA_004331955.1_ASM433195v1                    22.30%    passed    100.00%
 111  GCA_004354345.1_ASM435434v1                    26.13%    passed     96.34%
 112  GCA_005311585.1_ASM531158v1                    23.65%    passed     99.77%
 113  GCA_005860795.2_ASM586079v2                    21.40%    passed     90.24%
 114  GCA_006542605.1_ASM654260v1                    24.89%    passed     96.92%
 115  GCA_006740745.1_ASM674074v1                    23.99%    passed     97.40%
 116  GCA_007005445.1_ASM700544v1                    20.61%    passed     98.23%
 117  GCA_007290395.1_ASM729039v1                    21.73%    passed     99.88%
 118  GCA_007954425.1_ASM795442v1                    28.27%    passed     99.82%
 119  GCA_008000895.1_ASM800089v1                    23.09%    passed     97.70%
 120  GCA_008000915.1_ASM800091v1                    21.40%    passed     99.18%
 121  GCA_008728195.1_ASM872819v1                    22.18%    passed     99.98%
 122  GCA_008843145.1_ASM884314v1                    26.46%    passed     87.88%
 123  GCA_008932115.1_ASM893211v1                    22.52%    passed    100.00%
 124  GCA_009363255.1_ASM936325v1                    22.07%    passed    100.00%
 125  GCA_009363495.1_ASM936349v1                    22.07%    passed    100.00%
 126  GCA_009363575.1_ASM936357v1                    23.42%    passed     98.05%
 127  GCA_009363615.1_ASM936361v1                    20.83%    passed     98.13%
 128  GCA_009363635.1_ASM936363v1                    24.44%    passed     98.89%
 129  GCA_009363655.1_ASM936365v1                    22.75%    passed     99.88%
 130  GCA_009363715.1_ASM936371v1                    22.64%    passed     99.94%
 131  GCA_009363735.1_ASM936373v1                    22.64%    passed     99.97%
 132  GCA_009363795.1_ASM936379v1                    22.64%    passed     99.98%
 133  GCA_009650195.1_ASM965019v1                    22.30%    passed     99.67%
 134  GCA_009664085.1_ASM966408v1                    20.83%    passed     99.76%
 135  GCA_009685175.1_ASM968517v1                    22.75%    passed    100.00%
 136  GCA_009707465.1_ASM970746v1                    25.00%    passed    100.00%
 137  GCA_009762325.1_ASM976232v1                    21.85%    passed    100.00%
 138  GCA_009797665.1_ASM979766v1                    23.20%    passed     99.52%
 139  GCA_009859815.1_ASM985981v1                    30.41%    passed     96.95%
 140  GCA_009913435.1_ASM991343v1                    32.32%    passed     62.14%
 141  GCA_010104355.1_ASM1010435v1                   30.41%    passed     96.95%
 142  GCA_011040475.1_ASM1104047v1                   23.31%    passed     97.61%
 143  GCA_011044255.1_ASM1104425v1                   30.41%    passed     97.05%
 144  GCA_011047315.1_ASM1104731v1                   24.55%    passed     99.93%
 145  GCA_011290485.1_ASM1129048v1                   21.28%    passed     99.62%
 146  GCA_011388215.1_ASM1138821v1                   24.89%    passed     20.16%
 147  GCA_012647365.1_ASM1264736v1                   23.20%    passed     99.52%
 148  GCA_012932215.1_ASM1293221v1                   21.96%    passed    100.00%
 149  GCA_013170845.1_ASM1317084v1                   21.62%    passed     96.71%
 150  GCA_013307245.1_ASM1330724v1                   25.56%    failed      0.00%
 151  GCA_013374095.1_ASM1337409v1                   26.01%    passed     99.02%
 152  GCA_013378075.1_ASM1337807v1                   28.83%    passed    100.00%
 153  GCA_013415845.1_ASM1341584v1                   20.50%    passed     98.95%
 154  GCA_014117445.1_ASM1411744v1                   28.15%    passed     99.92%
 155  GCA_014495845.1_ASM1449584v1                   23.31%    passed     99.73%
 156  GCA_014622665.1_ASM1462266v1                   21.51%    passed    100.00%
 157  GCA_014681765.1_ASM1468176v1                   22.97%    passed     98.99%
 158  GCA_015679265.1_ASM1567926v1                   22.97%    passed     98.61%
 159  GCA_016584445.1_ASM1658444v1                   20.50%    passed     97.07%
 160  GCA_016653635.2_ASM1665363v2                   22.97%    passed     81.33%
 161  GCA_016765655.2_ASM1676565v2                   26.13%    passed     87.12%
 162  GCA_016806065.1_ASM1680606v1                   22.30%    passed     99.94%
 163  GCA_016806835.2_ASM1680683v2                   23.09%    passed     85.00%
 164  GCA_016839165.1_ASM1683916v1                   21.62%    passed     99.79%
 165  GCA_017347565.1_ASM1734756v1                   25.23%    passed     12.19%
 166  GCA_017498565.1_ASM1749856v1                   24.21%    passed     81.38%
 167  GCA_017795885.1_ASM1779588v1                   26.91%    passed     99.67%
 168  GCA_018200035.1_ASM1820003v1                   22.97%    passed    100.00%
 169  GCA_018205975.1_ASM1820597v1                   23.99%    passed     96.57%
 170  GCA_018399035.1_ASM1839903v1                   20.95%    passed     99.93%
 171  GCA_018409545.1_ASM1840954v1                   20.27%    passed     99.42%
 172  GCA_018687415.1_ASM1868741v1                   18.81%    passed     10.17%
 173  GCA_018687475.1_ASM1868747v1                   19.03%    passed      6.83%
 174  GCA_018687675.1_ASM1868767v1                   18.81%    failed      0.00%
 175  GCA_018688155.1_ASM1868815v1                   18.92%    failed      3.52%
 176  GCA_018688255.1_ASM1868825v1                   18.47%    failed      0.00%
 177  GCA_018982885.2_ASM1898288v2                   27.36%    passed    100.00%
 178  GCA_019134555.1_ASM1913455v1                   21.96%    passed    100.00%
 179  GCA_019203965.1_ASM1920396v1                   24.66%    passed     68.78%
 180  GCA_019431245.1_ASM1943124v1                   27.25%    passed     99.98%
 181  GCA_019443285.1_ASM1944328v1                   28.83%    passed     99.60%
 182  GCA_019623905.1_ASM1962390v1                   23.76%    passed     84.94%
 183  GCA_019904235.1_ASM1990423v1                   23.87%    passed     94.39%
 184  GCA_019973775.1_ASM1997377v1                   26.91%    passed     99.99%
 185  GCA_020866845.1_ASM2086684v1                   26.91%    passed    100.00%
 186  GCA_021088345.1_ASM2108834v1                   21.73%    passed    100.00%
 187  GCA_021117295.1_ASM2111729v1                   23.99%    passed     95.15%
 188  GCA_021228015.1_ASM2122801v1                   25.11%    passed     23.54%
 189  GCA_021228795.1_ASM2122879v1                   21.06%    passed     99.98%
 190  GCA_021391315.1_ASM2139131v1                   22.97%    passed    100.00%
 191  GCA_021391535.1_ASM2139153v1                   25.56%    passed     99.95%
 192  GCA_021398735.1_ASM2139873v1                   22.86%    passed     91.55%
 193  GCA_021431965.1_ASM2143196v1                   25.11%    passed    100.00%
 194  GCA_021484845.1_ASM2148484v1                   22.75%    passed     98.70%
 195  GCA_022227035.1_ASM2222703v1                   22.97%    passed    100.00%
 196  GCA_022370455.1_ASM2237045v1                   22.97%    passed     99.39%
 197  GCA_022410435.1_ASM2241043v1                   22.97%    passed     98.12%
 198  GCA_022533465.1_ASM2253346v1                   24.21%    passed     35.36%
 199  GCA_022558965.1_ASM2255896v1                   24.32%    passed     90.37%
 200  GCA_022846615.1_ASM2284661v1                   22.41%    passed    100.00%
 201  GCA_023243115.1_ASM2324311v1                   22.52%    passed     99.91%
 202  GCA_023380025.1_ASM2338002v1                   27.25%    passed     96.37%
 203  GCA_023546765.1_ASM2354676v1                   22.97%    passed     96.31%
 204  GCA_023558335.1_ASM2355833v1                   21.96%    passed     99.96%
 205  GCA_023558355.1_ASM2355835v1                   21.96%    passed     99.96%
 206  GCA_023573145.1_ASM2357314v1                   23.99%    failed      3.31%
 207  GCA_023823125.1_ASM2382312v1                   24.10%    passed     95.97%
 208  GCA_024496245.1_ASM2449624v1                   26.01%    passed    100.00%
 209  GCA_024758705.1_ASM2475870v1                   27.14%    passed     99.34%
 210  GCA_024758725.1_ASM2475872v1                   26.01%    passed     99.98%
 211  GCA_025141175.1_ASM2514117v1                   23.54%    passed     93.02%
 212  GCA_025141935.1_ASM2514193v1                   21.73%    passed    100.00%
 213  GCA_025398155.2_ASM2539815v2                   24.10%    passed     85.82%
 214  GCA_025811215.1_ASM2581121v1                   20.50%    passed     97.61%
 215  GCA_025811355.1_ASM2581135v1                   20.50%    passed     97.61%
 216  GCA_025811435.1_ASM2581143v1                   20.50%    passed     97.61%
 217  GCA_025813715.1_ASM2581371v1                   24.21%    passed     82.40%
 218  GCA_025917005.1_ASM2591700v1                   25.00%    passed     97.63%
 219  GCA_026122595.1_ASM2612259v1                   24.10%    passed     97.27%
 220  GCA_026122615.1_ASM2612261v1                   24.10%    passed     97.27%
 221  GCA_026167525.1_ASM2616752v1                   29.17%    passed     99.60%
 222  GCA_026167545.1_ASM2616754v1                   26.01%    passed    100.00%
 223  GCA_026625025.1_ASM2662502v1                   20.50%    passed     97.07%
 224  GCA_026898155.1_ASM2689815v1                   26.13%    passed     99.96%
 225  GCA_027271155.1_ASM2727115v1                   26.91%    passed     99.88%
 226  GCA_027886585.1_ASM2788658v1                   21.62%    passed     99.79%
 227  GCA_027912195.1_ASM2791219v1                   20.50%    passed     98.95%
 228  GCA_027943985.1_ASM2794398v1                   18.58%    failed      0.00%
 229  GCA_027944005.1_ASM2794400v1                   18.58%    failed      0.00%
 230  GCA_028621955.1_ASM2862195v1                   24.21%    passed     79.53%
 231  GCA_028885395.1_ASM2888539v1                   22.18%    passed     99.94%
 232  GCA_029277405.1_ASM2927740v1                   21.51%    passed    100.00%
 233  GCA_029581395.1_ASM2958139v1                   22.41%    passed     99.27%
 234  GCA_029691625.1_ASM2969162v1                   22.64%    passed     99.94%
 235  GCA_029714205.1_ASM2971420v1                   24.55%    passed     46.82%
 236  GCA_029761955.1_ASM2976195v1                   25.34%    passed      9.99%
 237  GCA_030062705.1_ASM3006270v1                   24.21%    passed     97.82%
 238  GCA_030252425.1_ASM3025242v1                   23.87%    passed     82.96%
 239  GCA_030255395.1_ASM3025539v1                   23.99%    passed     99.37%
 240  GCA_030297555.1_ASM3029755v1                   19.03%    failed      3.35%
 241  GCA_030297575.1_ASM3029757v1                   18.92%    failed      0.88%
 242  GCA_030297595.1_ASM3029759v1                   18.92%    failed      0.89%
 243  GCA_030297615.1_ASM3029761v1                   19.03%    passed      5.99%
 244  GCA_030297635.1_ASM3029763v1                   18.92%    failed      1.15%
 245  GCA_030297655.1_ASM3029765v1                   18.69%    failed      0.47%
 246  GCA_030297675.1_ASM3029767v1                   18.69%    failed      0.47%
 247  GCA_900176205.1_BRAD285_PRJEB202261_v1         21.40%    passed    100.00%
 248  GCA_900234795.1_TK0001_PRJEB23178_v1           23.99%    passed     99.59%
 249  GCA_901457705.2_RHAL1_v2                       28.04%    passed     94.31%
 250  GCA_937425535.1_Rhodovastum_atsumiense_G2-11   21.96%    passed     99.08%
****  TOTAL                                          23.20%  15 sequences failed composition chi2 test (p-value<5%; df=19)
NOTE: GCA_000225955.1_ASM22595v1 is identical to GCA_000013085.1_ASM1308v1 but kept for subsequent analysis
NOTE: GCA_002983865.1_ASM298386v1 is identical to GCA_000014045.1_ASM1404v1 but kept for subsequent analysis
NOTE: GCA_023558335.1_ASM2355833v1 is identical to GCA_000018145.1_ASM1814v1 but kept for subsequent analysis
NOTE: GCA_030255395.1_ASM3025539v1 is identical to GCA_000018845.1_ASM1884v1 but kept for subsequent analysis
NOTE: GCA_029714205.1_ASM2971420v1 is identical to GCA_000019365.1_ASM1936v1 but kept for subsequent analysis
NOTE: GCA_016584445.1_ASM1658444v1 is identical to GCA_000195775.2_ASM19577v2 but kept for subsequent analysis
NOTE: GCA_003254375.1_ASM325437v1 is identical to GCA_000757795.1_ASM75779v1 but kept for subsequent analysis
NOTE: GCA_001459775.1_Blastochloris_viridis_genome is identical to GCA_001402875.1_ASM140287v1 but kept for subsequent analysis
NOTE: GCA_001633145.1_ASM163314v1 is identical to GCA_001548075.1_ASM154807v1 but kept for subsequent analysis
NOTE: GCA_001685625.1_ASM168562v1 is identical to GCA_001576595.1_ASM157659v1 but kept for subsequent analysis
NOTE: GCA_021484845.1_ASM2148484v1 is identical to GCA_001854385.1_ASM185438v1 but kept for subsequent analysis
NOTE: GCA_003031265.1_ASM303126v1 is identical to GCA_003031245.1_ASM303124v1 but kept for subsequent analysis
NOTE: GCA_021391315.1_ASM2139131v1 is identical to GCA_003429265.1_ASM342926v1 but kept for subsequent analysis
NOTE: GCA_009363495.1_ASM936349v1 is identical to GCA_009363255.1_ASM936325v1 but kept for subsequent analysis
NOTE: GCA_010104355.1_ASM1010435v1 is identical to GCA_009859815.1_ASM985981v1 but kept for subsequent analysis
NOTE: GCA_027912195.1_ASM2791219v1 is identical to GCA_013415845.1_ASM1341584v1 but kept for subsequent analysis
NOTE: GCA_029277405.1_ASM2927740v1 is identical to GCA_014622665.1_ASM1462266v1 but kept for subsequent analysis
NOTE: GCA_026122615.1_ASM2612261v1 is identical to GCA_026122595.1_ASM2612259v1 but kept for subsequent analysis
NOTE: GCA_027944005.1_ASM2794400v1 is identical to GCA_027943985.1_ASM2794398v1 but kept for subsequent analysis
NOTE: GCA_030297675.1_ASM3029767v1 is identical to GCA_030297655.1_ASM3029765v1 but kept for subsequent analysis
NOTE: 11 identical sequences (see below) will be ignored for subsequent analysis
NOTE: GCA_019134555.1_ASM1913455v1 (identical to GCA_000013085.1_ASM1308v1) is ignored but added at the end
NOTE: GCA_023558355.1_ASM2355835v1 (identical to GCA_000018145.1_ASM1814v1) is ignored but added at the end
NOTE: GCA_026625025.1_ASM2662502v1 (identical to GCA_000195775.2_ASM19577v2) is ignored but added at the end
NOTE: GCA_001633165.1_ASM163316v1 (identical to GCA_001548075.1_ASM154807v1) is ignored but added at the end
NOTE: GCA_002706325.1_ASM270632v1 (identical to GCA_001576595.1_ASM157659v1) is ignored but added at the end
NOTE: GCA_003324715.1_ASM332471v1 (identical to GCA_001576595.1_ASM157659v1) is ignored but added at the end
NOTE: GCA_009797665.1_ASM979766v1 (identical to GCA_001576595.1_ASM157659v1) is ignored but added at the end
NOTE: GCA_012647365.1_ASM1264736v1 (identical to GCA_001576595.1_ASM157659v1) is ignored but added at the end
NOTE: GCA_025811215.1_ASM2581121v1 (identical to GCA_003031245.1_ASM303124v1) is ignored but added at the end
NOTE: GCA_025811355.1_ASM2581135v1 (identical to GCA_003031245.1_ASM303124v1) is ignored but added at the end
NOTE: GCA_025811435.1_ASM2581143v1 (identical to GCA_003031245.1_ASM303124v1) is ignored but added at the end
Alignment was printed to results/tree/PGC_crtB/PGC_crtB.uniqueseq.phy

For your convenience alignment with unique sequences printed to results/tree/PGC_crtB/PGC_crtB.uniqueseq.phy


Create initial parsimony tree by phylogenetic likelihood library (PLL)... 0.254 seconds
Perform fast likelihood tree search using LG+I+G model...
Estimate model parameters (epsilon = 5.000)
Perform nearest neighbor interchange...
Estimate model parameters (epsilon = 1.000)
1. Initial log-likelihood: -95293.457
Optimal log-likelihood: -95293.393
Proportion of invariable sites: 0.080
Gamma shape alpha: 1.085
Parameters optimization took 1 rounds (3.303 sec)
Time for fast ML tree search: 24.646 seconds

NOTE: ModelFinder requires 311 MB RAM!
ModelFinder will test up to 702 protein models (sample size: 888) ...
 No. Model         -LnL         df  AIC          AICc         BIC
  1  LG            101153.549   475 203257.099   204354.672   205531.861
  2  LG+I          99504.382    476 199960.764   201065.640   202240.314
  3  LG+G4         95427.398    476 191806.795   192911.671   194086.346
  4  LG+I+G4       95292.983    477 191539.966   192652.190   193824.305
  5  LG+R2         96421.740    477 193797.479   194909.703   196081.819
  6  LG+R3         95540.369    479 192038.738   193165.797   194332.655
  7  LG+R4         95269.809    481 191501.619   192643.698   193805.114
  8  LG+R5         95206.999    483 191379.997   192537.284   193693.071
  9  LG+R6         95170.693    485 191311.387   192484.073   193634.038
 10  LG+R7         95165.626    487 191305.252   192493.532   193637.482
 22  LG+F+R6       75329.209    504 151666.417   152995.503   154080.059
 23  LG+F+R7       75320.259    506 151652.518   152999.195   154075.737
 35  WAG+R6        94518.851    485 190007.703   191180.389   192330.354
 36  WAG+R7        94512.832    487 189999.665   191187.945   192331.894
 48  WAG+F+R6      75333.583    504 151675.167   153004.253   154088.808
 49  WAG+F+R7      75326.991    506 151665.982   153012.659   154089.202
 61  JTT+R6        96498.216    485 193966.432   195139.119   196289.084
 62  JTT+R7        96488.502    487 193951.004   195139.284   196283.234
 74  JTT+F+R6      78744.440    504 158496.880   159825.966   160910.522
 75  JTT+F+R7      78720.992    506 158453.985   159800.662   160877.204
 87  Q.pfam+R6     95030.838    485 191031.676   192204.362   193354.327
 88  Q.pfam+R7     95028.005    487 191030.009   192218.289   193362.238
100  Q.pfam+F+R6   75696.130    504 152400.260   153729.346   154813.902
101  Q.pfam+F+R7   75687.741    506 152387.482   153734.159   154810.701
113  Q.bird+R6     101482.214   485 203934.428   205107.115   206257.080
114  Q.bird+R7     101462.873   487 203899.745   205088.025   206231.975
126  Q.bird+F+R6   84499.243    504 170006.487   171335.573   172420.128
127  Q.bird+F+R7   84482.979    506 169977.957   171324.634   172401.177
139  Q.mammal+R6   99636.483    485 200242.966   201415.653   202565.617
140  Q.mammal+R7   99615.202    487 200204.405   201392.685   202536.634
152  Q.mammal+F+R6 82068.712    504 165145.424   166474.511   167559.066
153  Q.mammal+F+R7 82051.322    506 165114.643   166461.321   167537.863
165  Q.insect+R6   96988.446    485 194946.893   196119.579   197269.544
166  Q.insect+R7   96984.663    487 194943.327   196131.607   197275.556
178  Q.insect+F+R6 76210.356    504 153428.711   154757.798   155842.353
179  Q.insect+F+R7 76196.666    506 153405.332   154752.009   155828.552
191  Q.plant+R6    101432.066   485 203834.131   205006.818   206156.782
192  Q.plant+R7    101422.000   487 203817.999   205006.279   206150.229
204  Q.plant+F+R6  81147.537    504 163303.074   164632.160   165716.716
205  Q.plant+F+R7  81125.134    506 163262.268   164608.945   165685.487
217  Q.yeast+R6    98534.688    485 198039.375   199212.062   200362.026
218  Q.yeast+R7    98532.311    487 198038.621   199226.901   200370.851
230  Q.yeast+F+R6  76116.833    504 153241.666   154570.752   155655.308
231  Q.yeast+F+R7  76107.579    506 153227.158   154573.835   155650.378
243  JTTDCMut+R6   96274.517    485 193519.033   194691.720   195841.685
244  JTTDCMut+R7   96264.431    487 193502.862   194691.142   195835.092
256  JTTDCMut+F+R6 78569.435    504 158146.870   159475.956   160560.512
257  JTTDCMut+F+R7 78546.262    506 158104.524   159451.201   160527.744
269  DCMut+R6      102052.114   485 205074.228   206246.914   207396.879
270  DCMut+R7      102019.485   487 205012.970   206201.250   207345.200
282  DCMut+F+R6    82850.644    504 166709.288   168038.374   169122.930
283  DCMut+F+R7    82830.313    506 166672.625   168019.303   169095.845
295  VT+R6         94624.911    485 190219.823   191392.509   192542.474
296  VT+R7         94622.513    487 190219.025   191407.305   192551.254
308  VT+F+R6       74896.597    504 150801.194   152130.280   153214.835
309  VT+F+R7       74885.896    506 150783.793   152130.470   153207.012
321  PMB+R6        92513.958    485 185997.916   187170.602   188320.567
322  PMB+R7        92509.326    487 185992.652   187180.932   188324.881
334  PMB+F+R6      74470.040    504 149948.080   151277.166   152361.722
335  PMB+F+R7      74463.713    506 149939.426   151286.103   152362.645
347  Blosum62+R6   92537.822    485 186045.645   187218.331   188368.296
348  Blosum62+R7   92533.261    487 186040.522   187228.802   188372.751
360  Blosum62+F+R6 73886.543    504 148781.086   150110.172   151194.728
361  Blosum62+F+R7 73881.358    506 148774.716   150121.393   151197.935
373  Dayhoff+R6    102044.349   485 205058.697   206231.384   207381.348
374  Dayhoff+R7    102012.899   487 204999.797   206188.077   207332.027
386  Dayhoff+F+R6  82847.720    504 166703.441   168032.527   169117.083
387  Dayhoff+F+R7  82828.856    506 166669.712   168016.389   169092.931
399  mtREV+R6      101553.947   485 204077.895   205250.581   206400.546
400  mtREV+R7      101521.961   487 204017.922   205206.202   206350.151
412  mtREV+F+R6    80675.158    504 162358.316   163687.402   164771.958
413  mtREV+F+R7    80634.308    506 162280.616   163627.293   164703.836
425  mtART+R6      99883.189    485 200736.379   201909.065   203059.030
426  mtART+R7      99834.916    487 200643.833   201832.113   202976.062
438  mtART+F+R6    77363.022    504 155734.045   157063.131   158147.686
439  mtART+F+R7    77322.151    506 155656.303   157002.980   158079.523
451  mtZOA+R6      95162.356    485 191294.711   192467.398   193617.362
452  mtZOA+R7      95131.571    487 191237.142   192425.422   193569.372
464  mtZOA+F+R6    76174.334    504 153356.667   154685.753   155770.309
465  mtZOA+F+R7    76143.453    506 153298.906   154645.583   155722.126
477  mtMet+R6      99155.317    485 199280.634   200453.320   201603.285
478  mtMet+R7      99139.533    487 199253.067   200441.347   201585.296
490  mtMet+F+R6    79030.602    504 159069.205   160398.291   161482.847
491  mtMet+F+R7    79000.493    506 159012.986   160359.663   161436.205
503  mtVer+R6      101378.223   485 203726.445   204899.132   206049.097
504  mtVer+R7      101361.826   487 203697.651   204885.931   206029.880
516  mtVer+F+R6    82826.018    504 166660.035   167989.121   169073.677
517  mtVer+F+R7    82801.293    506 166614.586   167961.263   169037.805
529  mtInv+R6      98009.437    485 196988.874   198161.561   199311.526
530  mtInv+R7      98001.418    487 196976.836   198165.116   199309.065
542  mtInv+F+R6    76113.224    504 153234.448   154563.534   155648.090
543  mtInv+F+R7    76098.126    506 153208.252   154554.929   155631.472
555  mtMAM+R6      111377.237   485 223724.474   224897.160   226047.125
556  mtMAM+R7      111340.163   487 223654.326   224842.606   225986.555
568  mtMAM+F+R6    90439.809    504 181887.618   183216.705   184301.260
569  mtMAM+F+R7    90387.794    506 181787.587   183134.264   184210.807
581  HIVb+R6       105912.885   485 212795.770   213968.456   215118.421
582  HIVb+R7       105880.994   487 212735.987   213924.267   215068.216
594  HIVb+F+R6     85876.531    504 172761.061   174090.147   175174.703
595  HIVb+F+R7     85855.259    506 172722.517   174069.194   175145.737
607  HIVw+R6       118006.602   485 236983.203   238155.890   239305.855
608  HIVw+R7       117966.550   487 236907.100   238095.380   239239.330
620  HIVw+F+R6     92416.334    504 185840.669   187169.755   188254.310
621  HIVw+F+R7     92408.550    506 185829.100   187175.778   188252.320
633  FLU+R6        109884.929   485 220739.858   221912.544   223062.509
634  FLU+R7        109839.579   487 220653.158   221841.438   222985.388
646  FLU+F+R6      85926.714    504 172861.429   174190.515   175275.070
647  FLU+F+R7      85911.466    506 172834.933   174181.610   175258.153
659  rtREV+R6      94403.917    485 189777.834   190950.521   192100.485
660  rtREV+R7      94401.832    487 189777.664   190965.944   192109.893
672  rtREV+F+R6    75432.148    504 151872.296   153201.382   154285.938
673  rtREV+F+R7    75417.257    506 151846.514   153193.191   154269.734
685  cpREV+R6      96852.018    485 194674.035   195846.722   196996.686
686  cpREV+R7      96842.324    487 194658.649   195846.929   196990.878
698  cpREV+F+R6    76798.188    504 154604.375   155933.461   157018.017
699  cpREV+F+R7    76778.574    506 154569.148   155915.825   156992.367
Akaike Information Criterion:           Blosum62+F+R7
Corrected Akaike Information Criterion: Blosum62+F+R6
Bayesian Information Criterion:         Blosum62+F+R6
Best-fit model: Blosum62+F+R6 chosen according to BIC

All model information printed to results/tree/PGC_crtB/PGC_crtB.model.gz
CPU time for ModelFinder: 44051.744 seconds (12h:14m:11s)
Wall-clock time for ModelFinder: 44094.219 seconds (12h:14m:54s)
WARNING: States(s) N, D, Q, E, I, L, K, F, P, V rarely appear in alignment and may cause numerical problems

NOTE: 186 MB RAM (0 GB) is required!
Estimate model parameters (epsilon = 0.100)
1. Initial log-likelihood: -73886.543
Optimal log-likelihood: -73886.483
Site proportion and rates:  (0.183,0.036) (0.140,0.237) (0.170,0.578) (0.228,1.079) (0.199,1.866) (0.080,3.037)
Parameters optimization took 1 rounds (16.630 sec)
Computing ML distances based on estimated model parameters...
Computing ML distances took 10.359828 sec (of wall-clock time) 10.359307 sec(of CPU time)
Computing RapidNJ tree took 0.010173 sec (of wall-clock time) 0.017987 sec (of CPU time)
Log-likelihood of RapidNJ tree: -74088.014
--------------------------------------------------------------------
|             INITIALIZING CANDIDATE TREE SET                      |
--------------------------------------------------------------------
Generating 98 parsimony trees... 26.604 second
Computing log-likelihood of 98 initial trees ... 124.634 seconds
Current best score: -73823.403

Do NNI search on 20 best initial trees
Estimate model parameters (epsilon = 0.100)
BETTER TREE FOUND at iteration 1: -73575.590
Estimate model parameters (epsilon = 0.100)
BETTER TREE FOUND at iteration 3: -73570.587
Estimate model parameters (epsilon = 0.100)
BETTER TREE FOUND at iteration 5: -73554.943
Iteration 10 / LogL: -73614.122 / Time: 0h:9m:16s
Iteration 20 / LogL: -73642.817 / Time: 0h:13m:41s
Finish initializing candidate tree set (20)
Current best tree score: -73554.943 / CPU time: 784.929
Number of iterations: 20
--------------------------------------------------------------------
|               OPTIMIZING CANDIDATE TREE SET                      |
--------------------------------------------------------------------
Estimate model parameters (epsilon = 0.100)
BETTER TREE FOUND at iteration 22: -73540.499
Iteration 30 / LogL: -73560.271 / Time: 0h:19m:20s (1h:1m:21s left)
Iteration 40 / LogL: -73544.148 / Time: 0h:24m:35s (0h:51m:43s left)
Estimate model parameters (epsilon = 0.100)
BETTER TREE FOUND at iteration 45: -73536.488
Iteration 50 / LogL: -73548.927 / Time: 0h:29m:49s (0h:57m:48s left)
Estimate model parameters (epsilon = 0.100)
BETTER TREE FOUND at iteration 55: -73535.788
Estimate model parameters (epsilon = 0.100)
BETTER TREE FOUND at iteration 60: -73535.521
Iteration 60 / LogL: -73535.521 / Time: 0h:35m:39s (1h:0m:25s left)
Estimate model parameters (epsilon = 0.100)
BETTER TREE FOUND at iteration 61: -73531.402
Estimate model parameters (epsilon = 0.100)
BETTER TREE FOUND at iteration 67: -73530.316
Iteration 70 / LogL: -73547.262 / Time: 0h:41m:32s (0h:58m:23s left)
Iteration 80 / LogL: -73547.633 / Time: 0h:46m:53s (0h:51m:38s left)
Iteration 90 / LogL: -73550.908 / Time: 0h:52m:4s (0h:45m:3s left)
Iteration 100 / LogL: -73530.869 / Time: 0h:57m:17s (0h:38m:46s left)
Estimate model parameters (epsilon = 0.100)
BETTER TREE FOUND at iteration 103: -73527.952
Iteration 110 / LogL: -73530.015 / Time: 1h:2m:37s (0h:53m:25s left)
Estimate model parameters (epsilon = 0.100)
BETTER TREE FOUND at iteration 117: -73527.678
Iteration 120 / LogL: -73528.546 / Time: 1h:8m:7s (0h:55m:32s left)
Estimate model parameters (epsilon = 0.100)
BETTER TREE FOUND at iteration 127: -73527.173
Iteration 130 / LogL: -73573.610 / Time: 1h:13m:13s (0h:55m:3s left)
Estimate model parameters (epsilon = 0.100)
BETTER TREE FOUND at iteration 131: -73526.950
Iteration 140 / LogL: -73554.405 / Time: 1h:18m:37s (0h:51m:28s left)
Iteration 150 / LogL: -73544.797 / Time: 1h:23m:31s (0h:45m:24s left)
Iteration 160 / LogL: -73527.777 / Time: 1h:28m:32s (0h:39m:32s left)
Estimate model parameters (epsilon = 0.100)
BETTER TREE FOUND at iteration 166: -73526.628
Iteration 170 / LogL: -73569.396 / Time: 1h:33m:53s (0h:53m:20s left)
Iteration 180 / LogL: -73560.957 / Time: 1h:38m:35s (0h:47m:22s left)
Iteration 190 / LogL: -73542.584 / Time: 1h:43m:37s (0h:41m:40s left)
Iteration 200 / LogL: -73543.478 / Time: 1h:48m:50s (0h:36m:5s left)
Iteration 210 / LogL: -73534.868 / Time: 1h:53m:55s (0h:30m:31s left)
Iteration 220 / LogL: -73558.943 / Time: 1h:58m:36s (0h:24m:54s left)
Estimate model parameters (epsilon = 0.100)
BETTER TREE FOUND at iteration 225: -73526.495
Estimate model parameters (epsilon = 0.100)
BETTER TREE FOUND at iteration 228: -73526.014
Estimate model parameters (epsilon = 0.100)
BETTER TREE FOUND at iteration 229: -73524.956
Iteration 230 / LogL: -73571.910 / Time: 2h:4m:54s (0h:53m:59s left)
Iteration 240 / LogL: -73539.184 / Time: 2h:9m:59s (0h:48m:24s left)
Iteration 250 / LogL: -73530.120 / Time: 2h:15m:19s (0h:42m:56s left)
Iteration 260 / LogL: -73796.460 / Time: 2h:20m:7s (0h:37m:19s left)
Iteration 270 / LogL: -73535.550 / Time: 2h:25m:9s (0h:31m:50s left)
Iteration 280 / LogL: -73528.538 / Time: 2h:30m:3s (0h:26m:21s left)
Iteration 290 / LogL: -73542.753 / Time: 2h:35m:0s (0h:20m:55s left)
Estimate model parameters (epsilon = 0.100)
BETTER TREE FOUND at iteration 297: -73524.804
Iteration 300 / LogL: -73531.300 / Time: 2h:40m:8s (0h:51m:56s left)
Estimate model parameters (epsilon = 0.100)
BETTER TREE FOUND at iteration 303: -73523.143
Iteration 310 / LogL: -73536.363 / Time: 2h:45m:37s (0h:49m:50s left)
Iteration 320 / LogL: -73524.898 / Time: 2h:50m:30s (0h:44m:21s left)
Iteration 330 / LogL: -73539.895 / Time: 2h:55m:38s (0h:38m:58s left)
Iteration 340 / LogL: -73530.112 / Time: 3h:0m:43s (0h:33m:35s left)
Iteration 350 / LogL: -73525.395 / Time: 3h:5m:49s (0h:28m:13s left)
Iteration 360 / LogL: -73533.953 / Time: 3h:10m:56s (0h:22m:52s left)
Iteration 370 / LogL: -73560.742 / Time: 3h:15m:57s (0h:17m:31s left)
Iteration 380 / LogL: -73529.080 / Time: 3h:20m:44s (0h:12m:10s left)
Estimate model parameters (epsilon = 0.100)
BETTER TREE FOUND at iteration 385: -73521.634
Iteration 390 / LogL: -73531.654 / Time: 3h:25m:46s (0h:50m:15s left)
Iteration 400 / LogL: -73551.828 / Time: 3h:30m:52s (0h:44m:55s left)
Iteration 410 / LogL: -73586.834 / Time: 3h:35m:37s (0h:39m:32s left)
Iteration 420 / LogL: -73530.675 / Time: 3h:40m:24s (0h:34m:11s left)
Iteration 430 / LogL: -73523.027 / Time: 3h:45m:17s (0h:28m:52s left)
Iteration 440 / LogL: -73678.428 / Time: 3h:50m:19s (0h:23m:36s left)
Iteration 450 / LogL: -73521.787 / Time: 3h:55m:32s (0h:18m:21s left)
Iteration 460 / LogL: -73549.444 / Time: 4h:0m:1s (0h:13m:4s left)
Iteration 470 / LogL: -73525.699 / Time: 4h:4m:44s (0h:7m:49s left)
Iteration 480 / LogL: -73707.123 / Time: 4h:9m:34s (0h:2m:36s left)
TREE SEARCH COMPLETED AFTER 486 ITERATIONS / Time: 4h:12m:34s

--------------------------------------------------------------------
|                    FINALIZING TREE SEARCH                        |
--------------------------------------------------------------------
Performs final model parameters optimization
Estimate model parameters (epsilon = 0.010)
1. Initial log-likelihood: -73521.634
Optimal log-likelihood: -73521.618
Site proportion and rates:  (0.181,0.035) (0.148,0.238) (0.195,0.616) (0.218,1.157) (0.191,1.953) (0.067,3.162)
Parameters optimization took 1 rounds (8.980 sec)
BEST SCORE FOUND : -73521.618
Total tree length: 31.913

Total number of iterations: 486
CPU time used for tree search: 15096.471 sec (4h:11m:36s)
Wall-clock time used for tree search: 15118.361 sec (4h:11m:58s)
Total CPU time used: 15141.909 sec (4h:12m:21s)
Total wall-clock time used: 15163.890 sec (4h:12m:43s)

Analysis results written to: 
  IQ-TREE report:                results/tree/PGC_crtB/PGC_crtB.iqtree
  Maximum-likelihood tree:       results/tree/PGC_crtB/PGC_crtB.treefile
  Likelihood distances:          results/tree/PGC_crtB/PGC_crtB.mldist
  Screen log file:               results/tree/PGC_crtB/PGC_crtB.log

Date and Time: Fri Jun 21 02:21:07 2024
