IQ-TREE multicore version 2.0.7 for Linux 64-bit built Jan 21 2022
Developed by Bui Quang Minh, Nguyen Lam Tung, Olga Chernomor,
Heiko Schmidt, Dominik Schrempf, Michael Woodhams.

Host:    timc-tree-36p (AVX2, FMA3, 30 GB RAM)
Command: iqtree2 -ntmax 50 -m Blosum62+F+R5 -s results/fasta_PGC/gene_trimmed/PGC_pufM_trim.phy -pre results/tree/PGC_pufM/PGC_pufM
Seed:    557076 (Using SPRNG - Scalable Parallel Random Number Generator)
Time:    Thu Jun 20 09:46:53 2024
Kernel:  AVX+FMA - 1 threads (12 CPU cores detected)

HINT: Use -nt option to specify number of threads because your CPU has 12 cores!
HINT: -nt AUTO will automatically determine the best number of threads to use.

Reading alignment file results/fasta_PGC/gene_trimmed/PGC_pufM_trim.phy ... Phylip format detected
Alignment most likely contains protein sequences
WARNING: 59 sites contain only gaps or ambiguous characters.
Alignment has 253 sequences with 945 columns, 727 distinct patterns
588 parsimony-informative, 73 singleton sites, 284 constant sites
                                              Gap/Ambiguity  Composition  p-value
   1  GCA_011765465.1_ASM1176546v1                   22.75%    passed    100.00%
   2  GCA_015693905.1_ASM1569390v1                   18.84%    passed     99.79%
   3  GCA_016745215.1_scaff03                        19.26%    passed     97.01%
   4  GCA_019285715.1_ASM1928571v1                   20.32%    passed    100.00%
   5  GCA_019739335.1_ASM1973933v1                   20.42%    passed     99.95%
   6  GCF_000013085.1_ASM1308v1                      23.49%    passed    100.00%
   7  GCF_000013365.1_ASM1336v1                      22.86%    passed    100.00%
   8  GCF_000013565.1_ASM1356v1                      18.62%    passed     99.97%
   9  GCF_000014045.1_ASM1404v1                      18.31%    passed    100.00%
  10  GCF_000015165.1_ASM1516v1                      22.54%    passed    100.00%
  11  GCF_000015585.1_ASM1558v1                      19.79%    passed    100.00%
  12  GCF_000016185.1_ASM1618v1                      19.89%    passed    100.00%
  13  GCF_000018145.1_ASM1814v1                      18.73%    passed    100.00%
  14  GCF_000018845.1_ASM1884v1                      19.79%    passed    100.00%
  15  GCF_000019365.1_ASM1936v1                      20.21%    passed    100.00%
  16  GCF_000019725.1_ASM1972v1                      19.68%    passed    100.00%
  17  GCF_000019945.1_ASM1994v1                      19.68%    passed    100.00%
  18  GCF_000020445.1_ASM2044v1                      22.96%    passed    100.00%
  19  GCF_000021005.1_ASM2100v1                      22.86%    passed     99.37%
  20  GCF_000021745.1_ASM2174v1                      19.47%    passed     99.99%
  21  GCF_000021845.1_ASM2184v1                      19.58%    passed    100.00%
  22  GCF_000021865.1_ASM2186v1                      22.33%    passed    100.00%
  23  GCF_000022685.1_ASM2268v1                      19.68%    passed    100.00%
  24  GCF_000025485.1_ASM2548v1                      18.84%    passed     99.88%
  25  GCF_000026145.1_ASM2614v1                      22.54%    passed    100.00%
  26  GCF_000083545.1_ASM8354v1                      19.68%    passed    100.00%
  27  GCF_000144605.1_ASM14460v1                     23.49%    passed    100.00%
  28  GCF_000154785.2_ASM15478v2                     18.20%    passed     99.97%
  29  GCF_000166055.1_ASM16605v1                     19.68%    passed    100.00%
  30  GCF_000195775.2_ASM19577v2                     22.96%    passed    100.00%
  31  GCF_000202835.1_ASM20283v1                     20.42%    passed    100.00%
  32  GCF_000224005.2_ASM22400v3                     19.58%    passed    100.00%
  33  GCF_000225955.1_ASM22595v1                     23.49%    passed    100.00%
  34  GCF_000227745.2_ASM22774v3                     19.58%    passed     93.39%
  35  GCF_000284255.1_ASM28425v1                     20.11%    passed    100.00%
  36  GCF_000284275.1_ASM28427v1                     23.07%    passed    100.00%
  37  GCF_000284415.1_ASM28441v2                     20.85%    passed     99.21%
  38  GCF_000327045.1_ASM32704v1                     19.15%    passed     99.56%
  39  GCF_000344805.1_ASM34480v1                     22.96%    passed     99.99%
  40  GCF_000364445.2_ASM36444v2                     20.00%    passed    100.00%
  41  GCF_000512205.2_ASM51220v2                     20.11%    passed     99.96%
  42  GCF_000590925.1_ASM59092v1                     18.94%    passed     99.99%
  43  GCF_000738435.1_ASM73843v1                     23.17%    passed     99.15%
  44  GCF_000757795.1_ASM75779v1                     19.58%    passed    100.00%
  45  GCF_000935025.1_ASM93502v1                     20.42%    passed    100.00%
  46  GCF_000973625.1_ASM97362v1                     20.21%    passed    100.00%
  47  GCF_001304795.1_ASM130479v1                    22.22%    passed    100.00%
  48  GCF_001402875.1_ASM140287v1                    18.84%    passed    100.00%
  49  GCF_001412535.1_ASM141253v1                    20.11%    passed    100.00%
  50  GCF_001412575.1_ASM141257v1                    20.11%    passed    100.00%
  51  GCF_001459775.1_Blastochloris_viridis_genome   18.84%    passed    100.00%
  52  GCF_001483865.1_ASM148386v1                    20.63%    passed    100.00%
  53  GCF_001542815.1_ASM154281v1                    19.47%    passed    100.00%
  54  GCF_001548015.1_ASM154801v1                    19.79%    passed    100.00%
  55  GCF_001548075.1_ASM154807v1                    20.32%    passed    100.00%
  56  GCF_001576595.1_ASM157659v1                    22.86%    passed     99.37%
  57  GCF_001632845.1_ASM163284v1                    18.84%    passed     99.98%
  58  GCF_001633145.1_ASM163314v1                    20.21%    passed    100.00%
  59  GCF_001633165.1_ASM163316v1                    20.21%    passed    100.00%
  60  GCF_001663155.1_ASM166315v1                    19.58%    passed    100.00%
  61  GCF_001663175.1_ASM166317v1                    19.79%    passed     99.98%
  62  GCF_001685625.1_ASM168562v1                    22.86%    passed     99.37%
  63  GCF_001713355.1_ASM171335v1                    19.47%    passed    100.00%
  64  GCF_001713375.1_ASM171337v1                    20.95%    passed     99.99%
  65  GCF_001713435.1_ASM171343v1                    20.21%    passed    100.00%
  66  GCF_001713455.1_ASM171345v1                    20.11%    passed    100.00%
  67  GCF_001713475.1_ASM171347v1                    25.71%    passed    100.00%
  68  GCF_001719165.1_ASM171916v1                    22.65%    passed    100.00%
  69  GCF_001720465.1_ASM172046v1                    20.11%    passed    100.00%
  70  GCF_001854385.1_ASM185438v1                    19.68%    passed    100.00%
  71  GCF_001870665.2_ASM187066v2                    23.28%    passed     99.94%
  72  GCF_001886735.1_ASM188673v1                    22.86%    passed     99.86%
  73  GCF_001936175.1_ASM193617v1                    19.58%    passed    100.00%
  74  GCF_001955735.1_ASM195573v1                    20.21%    passed     99.94%
  75  GCF_001969365.1_ASM196936v1                    18.84%    passed     99.98%
  76  GCF_001971665.1_ASM197166v1                    19.68%    passed    100.00%
  77  GCF_002002865.1_ASM200286v1                    23.49%    passed    100.00%
  78  GCF_002073975.1_ASM207397v1                    19.89%    passed    100.00%
  79  GCF_002079305.1_ASM207930v1                    19.47%    passed    100.00%
  80  GCF_002080415.1_ASM208041v1                    18.73%    passed     99.99%
  81  GCF_002117815.2_ASM211781v2                    19.58%    passed    100.00%
  82  GCF_002158905.1_ASM215890v1                    23.07%    passed    100.00%
  83  GCF_002266435.2_ASM226643v2                    23.07%    passed    100.00%
  84  GCF_002355515.1_ASM235551v1                    20.11%    passed    100.00%
  85  GCF_002407205.1_ASM240720v1                    22.65%    passed     97.93%
  86  GCF_002706325.1_ASM270632v1                    22.86%    passed     99.37%
  87  GCF_002813775.1_ASM281377v1                    19.37%    passed     99.74%
  88  GCF_002868735.1_ASM286873v1                    20.53%    passed    100.00%
  89  GCF_002952215.1_ASM295221v1                    20.00%    passed     99.99%
  90  GCF_002983865.1_ASM298386v1                    18.31%    passed    100.00%
  91  GCF_003031245.1_ASM303124v1                    23.07%    passed    100.00%
  92  GCF_003031265.1_ASM303126v1                    23.07%    passed    100.00%
  93  GCF_003065365.1_ASM306536v1                    19.58%    passed    100.00%
  94  GCF_003071405.1_ASM307140v1                    22.75%    passed     99.88%
  95  GCF_003173715.1_ASM317371v1                    20.21%    passed    100.00%
  96  GCF_003173735.1_ASM317373v1                    20.11%    passed    100.00%
  97  GCF_003173755.1_ASM317375v1                    19.58%    passed    100.00%
  98  GCF_003173775.1_ASM317377v1                    19.89%    passed    100.00%
  99  GCF_003254375.1_ASM325437v1                    19.58%    passed    100.00%
 100  GCF_003264115.1_ASM326411v1                    22.33%    passed    100.00%
 101  GCF_003288315.1_ASM328831v1                    18.73%    passed     99.99%
 102  GCF_003324715.1_ASM332471v1                    22.86%    passed     99.37%
 103  GCF_003352165.1_ASM335216v1                    20.21%    passed     99.96%
 104  GCF_003429265.1_ASM342926v1                    22.54%    passed     99.90%
 105  GCF_003431825.1_ASM343182v1                    20.21%    passed    100.00%
 106  GCF_003855495.1_ASM385549v1                    19.47%    passed    100.00%
 107  GCF_003940805.1_ASM394080v1                    23.49%    passed     99.96%
 108  GCF_003952725.1_ASM395272v1                    20.11%    passed    100.00%
 109  GCF_003966715.1_ASM396671v1                    18.73%    passed    100.00%
 110  GCF_004114955.1_ASM411495v1                    22.86%    passed    100.00%
 111  GCF_004136295.1_ASM413629v1                    19.58%    passed     99.98%
 112  GCF_004216475.1_ASM421647v1                    18.31%    passed     99.81%
 113  GCF_004331955.1_ASM433195v1                    18.73%    passed     99.96%
 114  GCF_004354345.1_ASM435434v1                    20.11%    passed    100.00%
 115  GCF_005311585.1_ASM531158v1                    22.86%    passed     99.88%
 116  GCF_005860795.2_ASM586079v2                    25.19%    passed    100.00%
 117  GCF_006542605.1_ASM654260v1                    19.68%    passed    100.00%
 118  GCF_006740745.1_ASM674074v1                    19.89%    passed    100.00%
 119  GCF_007005445.1_ASM700544v1                    22.86%    passed    100.00%
 120  GCF_007290395.1_ASM729039v1                    23.07%    passed    100.00%
 121  GCF_007954425.1_ASM795442v1                    20.42%    passed    100.00%
 122  GCF_008000895.1_ASM800089v1                    19.89%    passed    100.00%
 123  GCF_008000915.1_ASM800091v1                    20.74%    passed    100.00%
 124  GCF_008728195.1_ASM872819v1                    18.20%    passed     99.97%
 125  GCF_008843145.1_ASM884314v1                    20.53%    passed     98.72%
 126  GCF_008932115.1_ASM893211v1                    22.96%    passed    100.00%
 127  GCF_009363255.1_ASM936325v1                    18.62%    passed     99.88%
 128  GCF_009363495.1_ASM936349v1                    18.62%    passed     99.88%
 129  GCF_009363575.1_ASM936357v1                    18.41%    passed     99.74%
 130  GCF_009363615.1_ASM936361v1                    18.73%    passed     99.90%
 131  GCF_009363635.1_ASM936363v1                    22.33%    passed    100.00%
 132  GCF_009363655.1_ASM936365v1                    18.73%    passed     99.99%
 133  GCF_009363715.1_ASM936371v1                    18.52%    passed     99.92%
 134  GCF_009363735.1_ASM936373v1                    18.73%    passed     99.99%
 135  GCF_009363795.1_ASM936379v1                    19.68%    passed     99.96%
 136  GCF_009650195.1_ASM965019v1                    25.71%    passed    100.00%
 137  GCF_009664085.1_ASM966408v1                    19.68%    passed    100.00%
 138  GCF_009685175.1_ASM968517v1                    19.58%    passed    100.00%
 139  GCF_009707465.1_ASM970746v1                    20.53%    passed    100.00%
 140  GCF_009762325.1_ASM976232v1                    18.84%    passed    100.00%
 141  GCF_009797665.1_ASM979766v1                    22.86%    passed     99.37%
 142  GCF_009859815.1_ASM985981v1                    20.95%    passed     99.92%
 143  GCF_009913435.1_ASM991343v1                    20.11%    passed    100.00%
 144  GCF_010104355.1_ASM1010435v1                   20.95%    passed     99.92%
 145  GCF_011040475.1_ASM1104047v1                   18.31%    passed    100.00%
 146  GCF_011044255.1_ASM1104425v1                   20.63%    passed     99.97%
 147  GCF_011047315.1_ASM1104731v1                   19.26%    passed    100.00%
 148  GCF_011290485.1_ASM1129048v1                   19.47%    passed     99.94%
 149  GCF_011388215.1_ASM1138821v1                   20.53%    passed     99.04%
 150  GCF_012647365.1_ASM1264736v1                   22.86%    passed     99.37%
 151  GCF_012932215.1_ASM1293221v1                   18.31%    passed     99.95%
 152  GCF_013170845.1_ASM1317084v1                   22.22%    passed    100.00%
 153  GCF_013307245.1_ASM1330724v1                   19.79%    passed    100.00%
 154  GCF_013374095.1_ASM1337409v1                   20.32%    passed    100.00%
 155  GCF_013378075.1_ASM1337807v1                   20.32%    passed    100.00%
 156  GCF_013415845.1_ASM1341584v1                   22.96%    passed    100.00%
 157  GCF_014117445.1_ASM1411744v1                   21.48%    passed     99.99%
 158  GCF_014495845.1_ASM1449584v1                   22.86%    passed    100.00%
 159  GCF_014622665.1_ASM1462266v1                   22.65%    passed    100.00%
 160  GCF_014681765.1_ASM1468176v1                   20.00%    passed    100.00%
 161  GCF_015679265.1_ASM1567926v1                   18.41%    passed    100.00%
 162  GCF_016584445.1_ASM1658444v1                   22.96%    passed    100.00%
 163  GCF_016653635.2_ASM1665363v2                   20.74%    passed     98.32%
 164  GCF_016765655.2_ASM1676565v2                   20.63%    passed     99.52%
 165  GCF_016806065.1_ASM1680606v1                   25.61%    passed     99.98%
 166  GCF_016806835.2_ASM1680683v2                   20.53%    passed     98.74%
 167  GCF_016839165.1_ASM1683916v1                   23.07%    passed    100.00%
 168  GCF_017347565.1_ASM1734756v1                   19.79%    passed    100.00%
 169  GCF_017498565.1_ASM1749856v1                   21.80%    passed     99.99%
 170  GCF_017795885.1_ASM1779588v1                   23.60%    passed    100.00%
 171  GCF_018200035.1_ASM1820003v1                   22.54%    passed    100.00%
 172  GCF_018205975.1_ASM1820597v1                   22.65%    passed    100.00%
 173  GCF_018399035.1_ASM1839903v1                   19.89%    passed     99.16%
 174  GCF_018409545.1_ASM1840954v1                   18.84%    passed     99.57%
 175  GCF_018687415.1_ASM1868741v1                   19.47%    passed    100.00%
 176  GCF_018687475.1_ASM1868747v1                   19.79%    passed    100.00%
 177  GCF_018687675.1_ASM1868767v1                   20.32%    passed    100.00%
 178  GCF_018688155.1_ASM1868815v1                   19.79%    passed    100.00%
 179  GCF_018688255.1_ASM1868825v1                   20.32%    passed    100.00%
 180  GCF_018982885.2_ASM1898288v2                   21.06%    passed    100.00%
 181  GCF_019134555.1_ASM1913455v1                   23.49%    passed    100.00%
 182  GCF_019203965.1_ASM1920396v1                   20.63%    passed     98.15%
 183  GCF_019431245.1_ASM1943124v1                   21.06%    passed    100.00%
 184  GCF_019443285.1_ASM1944328v1                   20.11%    passed    100.00%
 185  GCF_019623905.1_ASM1962390v1                   23.07%    passed    100.00%
 186  GCF_019904235.1_ASM1990423v1                   22.01%    passed    100.00%
 187  GCF_019973775.1_ASM1997377v1                   22.33%    passed    100.00%
 188  GCF_020866845.1_ASM2086684v1                   19.89%    passed    100.00%
 189  GCF_021088345.1_ASM2108834v1                   22.86%    passed    100.00%
 190  GCF_021117295.1_ASM2111729v1                   19.89%    passed    100.00%
 191  GCF_021228015.1_ASM2122801v1                   19.89%    passed    100.00%
 192  GCF_021228795.1_ASM2122879v1                   20.00%    passed     99.85%
 193  GCF_021391315.1_ASM2139131v1                   22.54%    passed     99.90%
 194  GCF_021391535.1_ASM2139153v1                   20.74%    passed     56.73%
 195  GCF_021398735.1_ASM2139873v1                   19.68%    passed    100.00%
 196  GCF_021431965.1_ASM2143196v1                   22.12%    passed    100.00%
 197  GCF_021484845.1_ASM2148484v1                   19.68%    passed    100.00%
 198  GCF_022227035.1_ASM2222703v1                   22.54%    passed     99.90%
 199  GCF_022370455.1_ASM2237045v1                   19.37%    passed    100.00%
 200  GCF_022410435.1_ASM2241043v1                   18.20%    passed     99.96%
 201  GCF_022533465.1_ASM2253346v1                   20.11%    passed    100.00%
 202  GCF_022558965.1_ASM2255896v1                   20.32%    passed    100.00%
 203  GCF_022846615.1_ASM2284661v1                   20.21%    passed     98.53%
 204  GCF_023243115.1_ASM2324311v1                   21.27%    passed    100.00%
 205  GCF_023380025.1_ASM2338002v1                   20.21%    passed     99.97%
 206  GCF_023546765.1_ASM2354676v1                   19.47%    passed    100.00%
 207  GCF_023558335.1_ASM2355833v1                   18.73%    passed    100.00%
 208  GCF_023558355.1_ASM2355835v1                   18.73%    passed    100.00%
 209  GCF_023573145.1_ASM2357314v1                   20.63%    passed     99.97%
 210  GCF_023823125.1_ASM2382312v1                   22.22%    passed    100.00%
 211  GCF_024496245.1_ASM2449624v1                   20.53%    passed     99.97%
 212  GCF_024758705.1_ASM2475870v1                   20.53%    passed     99.95%
 213  GCF_024758725.1_ASM2475872v1                   19.47%    passed    100.00%
 214  GCF_025141175.1_ASM2514117v1                   19.79%    passed     99.99%
 215  GCF_025141935.1_ASM2514193v1                   22.86%    passed     99.97%
 216  GCF_025398155.2_ASM2539815v2                   20.63%    passed     99.98%
 217  GCF_025811215.1_ASM2581121v1                   23.07%    passed    100.00%
 218  GCF_025811355.1_ASM2581135v1                   23.07%    passed    100.00%
 219  GCF_025811435.1_ASM2581143v1                   23.07%    passed    100.00%
 220  GCF_025813715.1_ASM2581371v1                   20.11%    passed    100.00%
 221  GCF_025917005.1_ASM2591700v1                   19.47%    passed     99.92%
 222  GCF_026122595.1_ASM2612259v1                   19.58%    passed    100.00%
 223  GCF_026122615.1_ASM2612261v1                   19.58%    passed    100.00%
 224  GCF_026167525.1_ASM2616752v1                   20.53%    passed    100.00%
 225  GCF_026167545.1_ASM2616754v1                   20.53%    passed     99.97%
 226  GCF_026625025.1_ASM2662502v1                   22.96%    passed    100.00%
 227  GCF_026898155.1_ASM2689815v1                   20.42%    passed     20.98%
 228  GCF_027271155.1_ASM2727115v1                   23.49%    passed    100.00%
 229  GCF_027886585.1_ASM2788658v1                   21.59%    passed    100.00%
 230  GCF_027912195.1_ASM2791219v1                   22.96%    passed    100.00%
 231  GCF_027943985.1_ASM2794398v1                   20.00%    passed    100.00%
 232  GCF_027944005.1_ASM2794400v1                   20.00%    passed    100.00%
 233  GCF_028621955.1_ASM2862195v1                   20.00%    passed    100.00%
 234  GCF_028885395.1_ASM2888539v1                   19.26%    passed     99.73%
 235  GCF_029277405.1_ASM2927740v1                   22.65%    passed    100.00%
 236  GCF_029581395.1_ASM2958139v1                   23.07%    passed     99.67%
 237  GCF_029691625.1_ASM2969162v1                   19.58%    passed    100.00%
 238  GCF_029714205.1_ASM2971420v1                   20.21%    passed    100.00%
 239  GCF_029761955.1_ASM2976195v1                   19.79%    passed    100.00%
 240  GCF_030062705.1_ASM3006270v1                   19.47%    passed    100.00%
 241  GCF_030252425.1_ASM3025242v1                   20.00%    passed    100.00%
 242  GCF_030255395.1_ASM3025539v1                   19.79%    passed    100.00%
 243  GCF_030297555.1_ASM3029755v1                   19.79%    passed    100.00%
 244  GCF_030297575.1_ASM3029757v1                   19.58%    passed    100.00%
 245  GCF_030297595.1_ASM3029759v1                   19.58%    passed    100.00%
 246  GCF_030297615.1_ASM3029761v1                   19.79%    passed    100.00%
 247  GCF_030297635.1_ASM3029763v1                   19.58%    passed    100.00%
 248  GCF_030297655.1_ASM3029765v1                   19.58%    passed    100.00%
 249  GCF_030297675.1_ASM3029767v1                   19.58%    passed    100.00%
 250  GCF_900176205.1_BRAD285_PRJEB202261_v1         22.54%    passed     99.96%
 251  GCF_900234795.1_TK0001_PRJEB23178_v1           19.58%    passed    100.00%
 252  GCF_901457705.2_RHAL1_v2                       19.47%    passed    100.00%
 253  GCF_937425535.1_Rhodovastum_atsumiense_G2-11   20.95%    passed     99.99%
****  TOTAL                                          20.70%  0 sequences failed composition chi2 test (p-value<5%; df=19)
NOTE: GCF_000225955.1_ASM22595v1 is identical to GCF_000013085.1_ASM1308v1 but kept for subsequent analysis
NOTE: GCF_002983865.1_ASM298386v1 is identical to GCF_000014045.1_ASM1404v1 but kept for subsequent analysis
NOTE: GCF_023558335.1_ASM2355833v1 is identical to GCF_000018145.1_ASM1814v1 but kept for subsequent analysis
NOTE: GCF_030255395.1_ASM3025539v1 is identical to GCF_000018845.1_ASM1884v1 but kept for subsequent analysis
NOTE: GCF_029714205.1_ASM2971420v1 is identical to GCF_000019365.1_ASM1936v1 but kept for subsequent analysis
NOTE: GCF_001854385.1_ASM185438v1 is identical to GCF_000019725.1_ASM1972v1 but kept for subsequent analysis
NOTE: GCF_000195775.2_ASM19577v2 is identical to GCF_000020445.1_ASM2044v1 but kept for subsequent analysis
NOTE: GCF_001576595.1_ASM157659v1 is identical to GCF_000021005.1_ASM2100v1 but kept for subsequent analysis
NOTE: GCF_002117815.2_ASM211781v2 is identical to GCF_000021845.1_ASM2184v1 but kept for subsequent analysis
NOTE: GCF_000083545.1_ASM8354v1 is identical to GCF_000022685.1_ASM2268v1 but kept for subsequent analysis
NOTE: GCF_007290395.1_ASM729039v1 is identical to GCF_000284275.1_ASM28427v1 but kept for subsequent analysis
NOTE: GCF_001936175.1_ASM193617v1 is identical to GCF_000757795.1_ASM75779v1 but kept for subsequent analysis
NOTE: GCF_001459775.1_Blastochloris_viridis_genome is identical to GCF_001402875.1_ASM140287v1 but kept for subsequent analysis
NOTE: GCF_001633165.1_ASM163316v1 is identical to GCF_001633145.1_ASM163314v1 but kept for subsequent analysis
NOTE: GCF_003431825.1_ASM343182v1 is identical to GCF_001713435.1_ASM171343v1 but kept for subsequent analysis
NOTE: GCF_009650195.1_ASM965019v1 is identical to GCF_001713475.1_ASM171347v1 but kept for subsequent analysis
NOTE: GCF_003288315.1_ASM328831v1 is identical to GCF_002080415.1_ASM208041v1 but kept for subsequent analysis
NOTE: GCF_003031265.1_ASM303126v1 is identical to GCF_003031245.1_ASM303124v1 but kept for subsequent analysis
NOTE: GCF_021391315.1_ASM2139131v1 is identical to GCF_003429265.1_ASM342926v1 but kept for subsequent analysis
NOTE: GCF_009363495.1_ASM936349v1 is identical to GCF_009363255.1_ASM936325v1 but kept for subsequent analysis
NOTE: GCF_009363735.1_ASM936373v1 is identical to GCF_009363655.1_ASM936365v1 but kept for subsequent analysis
NOTE: GCF_010104355.1_ASM1010435v1 is identical to GCF_009859815.1_ASM985981v1 but kept for subsequent analysis
NOTE: GCF_029277405.1_ASM2927740v1 is identical to GCF_014622665.1_ASM1462266v1 but kept for subsequent analysis
NOTE: GCF_029761955.1_ASM2976195v1 is identical to GCF_017347565.1_ASM1734756v1 but kept for subsequent analysis
NOTE: GCF_030297615.1_ASM3029761v1 is identical to GCF_018687475.1_ASM1868747v1 but kept for subsequent analysis
NOTE: GCF_026167545.1_ASM2616754v1 is identical to GCF_024496245.1_ASM2449624v1 but kept for subsequent analysis
NOTE: GCF_027944005.1_ASM2794400v1 is identical to GCF_027943985.1_ASM2794398v1 but kept for subsequent analysis
NOTE: GCF_030297595.1_ASM3029759v1 is identical to GCF_030297575.1_ASM3029757v1 but kept for subsequent analysis
NOTE: 24 identical sequences (see below) will be ignored for subsequent analysis
NOTE: GCF_019134555.1_ASM1913455v1 (identical to GCF_000013085.1_ASM1308v1) is ignored but added at the end
NOTE: GCF_023558355.1_ASM2355835v1 (identical to GCF_000018145.1_ASM1814v1) is ignored but added at the end
NOTE: GCF_021484845.1_ASM2148484v1 (identical to GCF_000019725.1_ASM1972v1) is ignored but added at the end
NOTE: GCF_013415845.1_ASM1341584v1 (identical to GCF_000020445.1_ASM2044v1) is ignored but added at the end
NOTE: GCF_016584445.1_ASM1658444v1 (identical to GCF_000020445.1_ASM2044v1) is ignored but added at the end
NOTE: GCF_026625025.1_ASM2662502v1 (identical to GCF_000020445.1_ASM2044v1) is ignored but added at the end
NOTE: GCF_027912195.1_ASM2791219v1 (identical to GCF_000020445.1_ASM2044v1) is ignored but added at the end
NOTE: GCF_001685625.1_ASM168562v1 (identical to GCF_000021005.1_ASM2100v1) is ignored but added at the end
NOTE: GCF_002706325.1_ASM270632v1 (identical to GCF_000021005.1_ASM2100v1) is ignored but added at the end
NOTE: GCF_003324715.1_ASM332471v1 (identical to GCF_000021005.1_ASM2100v1) is ignored but added at the end
NOTE: GCF_009797665.1_ASM979766v1 (identical to GCF_000021005.1_ASM2100v1) is ignored but added at the end
NOTE: GCF_012647365.1_ASM1264736v1 (identical to GCF_000021005.1_ASM2100v1) is ignored but added at the end
NOTE: GCF_026122595.1_ASM2612259v1 (identical to GCF_000021845.1_ASM2184v1) is ignored but added at the end
NOTE: GCF_026122615.1_ASM2612261v1 (identical to GCF_000021845.1_ASM2184v1) is ignored but added at the end
NOTE: GCF_001971665.1_ASM197166v1 (identical to GCF_000022685.1_ASM2268v1) is ignored but added at the end
NOTE: GCF_003254375.1_ASM325437v1 (identical to GCF_000757795.1_ASM75779v1) is ignored but added at the end
NOTE: GCF_029691625.1_ASM2969162v1 (identical to GCF_000757795.1_ASM75779v1) is ignored but added at the end
NOTE: GCF_025811215.1_ASM2581121v1 (identical to GCF_003031245.1_ASM303124v1) is ignored but added at the end
NOTE: GCF_025811355.1_ASM2581135v1 (identical to GCF_003031245.1_ASM303124v1) is ignored but added at the end
NOTE: GCF_025811435.1_ASM2581143v1 (identical to GCF_003031245.1_ASM303124v1) is ignored but added at the end
NOTE: GCF_022227035.1_ASM2222703v1 (identical to GCF_003429265.1_ASM342926v1) is ignored but added at the end
NOTE: GCF_030297635.1_ASM3029763v1 (identical to GCF_030297575.1_ASM3029757v1) is ignored but added at the end
NOTE: GCF_030297655.1_ASM3029765v1 (identical to GCF_030297575.1_ASM3029757v1) is ignored but added at the end
NOTE: GCF_030297675.1_ASM3029767v1 (identical to GCF_030297575.1_ASM3029757v1) is ignored but added at the end
Alignment was printed to results/tree/PGC_pufM/PGC_pufM.uniqueseq.phy

For your convenience alignment with unique sequences printed to results/tree/PGC_pufM/PGC_pufM.uniqueseq.phy
WARNING: States(s) N, D, Q, E, I, L, K, F, P, V rarely appear in alignment and may cause numerical problems

Create initial parsimony tree by phylogenetic likelihood library (PLL)... 0.115 seconds

NOTE: 132 MB RAM (0 GB) is required!
Estimate model parameters (epsilon = 0.100)
1. Initial log-likelihood: -44844.592
2. Current log-likelihood: -43853.466
3. Current log-likelihood: -43834.026
4. Current log-likelihood: -43823.531
5. Current log-likelihood: -43814.929
