IQ-TREE multicore version 2.1.4-beta COVID-edition for Linux 64-bit built Jun 24 2021
Developed by Bui Quang Minh, James Barbetti, Nguyen Lam Tung,
Olga Chernomor, Heiko Schmidt, Dominik Schrempf, Michael Woodhams.

Host:    morrowind (AVX2, FMA3, 503 GB RAM)
Command: iqtree2 -s results/fasta_PGC/gene_trimmed/PGC_tspO_trim.phy -pre results/tree/PGC_tspO/PGC_tspO
Seed:    530161 (Using SPRNG - Scalable Parallel Random Number Generator)
Time:    Thu Jun 20 09:53:29 2024
Kernel:  AVX+FMA - 1 threads (128 CPU cores detected)

HINT: Use -nt option to specify number of threads because your CPU has 128 cores!
HINT: -nt AUTO will automatically determine the best number of threads to use.

Reading alignment file results/fasta_PGC/gene_trimmed/PGC_tspO_trim.phy ... Phylip format detected
Alignment most likely contains protein sequences
WARNING: 9 sites contain only gaps or ambiguous characters.
Alignment has 234 sequences with 426 columns, 406 distinct patterns
360 parsimony-informative, 29 singleton sites, 37 constant sites
                                              Gap/Ambiguity  Composition  p-value
   1  GCA_011765465.1_ASM1176546v1                   21.60%    passed    100.00%
   2  GCA_015693905.1_ASM1569390v1                   22.07%    passed    100.00%
   3  GCA_019285715.1_ASM1928571v1                   22.77%    passed     99.78%
   4  GCA_019739335.1_ASM1973933v1                   22.07%    passed    100.00%
   5  GCF_000013085.1_ASM1308v1                      19.01%    passed     61.66%
   6  GCF_000013365.1_ASM1336v1                      21.13%    passed     99.96%
   7  GCF_000013565.1_ASM1356v1                      22.07%    passed    100.00%
   8  GCF_000014045.1_ASM1404v1                      20.89%    passed     99.87%
   9  GCF_000015165.1_ASM1516v1                      26.06%    passed     99.77%
  10  GCF_000015585.1_ASM1558v1                      22.30%    passed     99.99%
  11  GCF_000018145.1_ASM1814v1                      20.42%    passed    100.00%
  12  GCF_000018845.1_ASM1884v1                      23.71%    passed     98.88%
  13  GCF_000019365.1_ASM1936v1                      25.12%    passed     93.91%
  14  GCF_000019725.1_ASM1972v1                      24.65%    passed     91.73%
  15  GCF_000019945.1_ASM1994v1                      23.94%    passed     98.06%
  16  GCF_000020445.1_ASM2044v1                      23.24%    passed     99.99%
  17  GCF_000021005.1_ASM2100v1                      20.19%    passed     60.63%
  18  GCF_000021745.1_ASM2174v1                      22.30%    passed    100.00%
  19  GCF_000021845.1_ASM2184v1                      23.47%    passed     99.38%
  20  GCF_000021865.1_ASM2186v1                      21.83%    passed     94.98%
  21  GCF_000022685.1_ASM2268v1                      24.18%    passed     99.50%
  22  GCF_000026145.1_ASM2614v1                      26.29%    passed     99.94%
  23  GCF_000083545.1_ASM8354v1                      23.94%    passed     99.01%
  24  GCF_000144605.1_ASM14460v1                     22.07%    passed     99.97%
  25  GCF_000154785.2_ASM15478v2                     21.36%    passed    100.00%
  26  GCF_000166055.1_ASM16605v1                     20.66%    passed     99.81%
  27  GCF_000195775.2_ASM19577v2                     23.24%    passed     99.99%
  28  GCF_000202835.1_ASM20283v1                     24.18%    passed     99.96%
  29  GCF_000225955.1_ASM22595v1                     19.01%    passed     61.66%
  30  GCF_000284275.1_ASM28427v1                     21.83%    passed     98.30%
  31  GCF_000284415.1_ASM28441v2                     24.65%    passed    100.00%
  32  GCF_000344805.1_ASM34480v1                     22.54%    passed     99.40%
  33  GCF_000364445.2_ASM36444v2                     25.12%    passed     79.25%
  34  GCF_000512205.2_ASM51220v2                     23.24%    passed    100.00%
  35  GCF_000590925.1_ASM59092v1                     21.83%    passed    100.00%
  36  GCF_000738435.1_ASM73843v1                     23.00%    passed     99.56%
  37  GCF_000757795.1_ASM75779v1                     24.88%    passed     81.86%
  38  GCF_000935025.1_ASM93502v1                     23.24%    passed     99.96%
  39  GCF_000973625.1_ASM97362v1                     18.54%    passed     49.77%
  40  GCF_001304795.1_ASM130479v1                    22.77%    passed    100.00%
  41  GCF_001402875.1_ASM140287v1                    20.66%    passed    100.00%
  42  GCF_001412535.1_ASM141253v1                    20.89%    passed     99.91%
  43  GCF_001412575.1_ASM141257v1                    20.66%    passed     49.90%
  44  GCF_001459775.1_Blastochloris_viridis_genome   20.66%    passed    100.00%
  45  GCF_001542815.1_ASM154281v1                    24.41%    passed     99.28%
  46  GCF_001548015.1_ASM154801v1                    25.82%    passed     98.00%
  47  GCF_001548075.1_ASM154807v1                    20.19%    passed    100.00%
  48  GCF_001576595.1_ASM157659v1                    20.19%    passed     60.63%
  49  GCF_001633145.1_ASM163314v1                    20.42%    passed    100.00%
  50  GCF_001633165.1_ASM163316v1                    20.42%    passed    100.00%
  51  GCF_001663155.1_ASM166315v1                    22.30%    passed     98.52%
  52  GCF_001663175.1_ASM166317v1                    22.30%    passed     99.99%
  53  GCF_001685625.1_ASM168562v1                    20.19%    passed     60.63%
  54  GCF_001713355.1_ASM171335v1                    23.71%    passed     81.39%
  55  GCF_001713435.1_ASM171343v1                    22.54%    passed    100.00%
  56  GCF_001713455.1_ASM171345v1                    21.36%    passed    100.00%
  57  GCF_001713475.1_ASM171347v1                    23.00%    passed     96.81%
  58  GCF_001719165.1_ASM171916v1                    21.83%    passed    100.00%
  59  GCF_001720465.1_ASM172046v1                    21.60%    passed    100.00%
  60  GCF_001854385.1_ASM185438v1                    24.65%    passed     91.73%
  61  GCF_001870665.2_ASM187066v2                    21.13%    passed    100.00%
  62  GCF_001886735.1_ASM188673v1                    22.54%    passed     98.63%
  63  GCF_001936175.1_ASM193617v1                    24.88%    passed     78.41%
  64  GCF_001969365.1_ASM196936v1                    20.89%    passed     99.09%
  65  GCF_001971665.1_ASM197166v1                    23.47%    passed     99.91%
  66  GCF_002002865.1_ASM200286v1                    21.83%    passed     99.22%
  67  GCF_002073975.1_ASM207397v1                    20.42%    passed    100.00%
  68  GCF_002079305.1_ASM207930v1                    20.42%    passed    100.00%
  69  GCF_002080415.1_ASM208041v1                    22.54%    passed    100.00%
  70  GCF_002117815.2_ASM211781v2                    24.18%    passed     99.39%
  71  GCF_002158905.1_ASM215890v1                    21.60%    passed    100.00%
  72  GCF_002266435.2_ASM226643v2                    23.00%    passed    100.00%
  73  GCF_002355515.1_ASM235551v1                    24.18%    passed     98.99%
  74  GCF_002407205.1_ASM240720v1                    20.42%    passed     92.60%
  75  GCF_002706325.1_ASM270632v1                    20.19%    passed     60.63%
  76  GCF_002813775.1_ASM281377v1                    24.65%    passed     87.00%
  77  GCF_002868735.1_ASM286873v1                    22.54%    passed     99.99%
  78  GCF_002952215.1_ASM295221v1                    22.07%    passed    100.00%
  79  GCF_002983865.1_ASM298386v1                    20.89%    passed     99.87%
  80  GCF_003031245.1_ASM303124v1                    23.24%    passed     99.99%
  81  GCF_003031265.1_ASM303126v1                    23.24%    passed     99.99%
  82  GCF_003065365.1_ASM306536v1                    20.19%    passed     99.80%
  83  GCF_003071405.1_ASM307140v1                    22.54%    passed     83.75%
  84  GCF_003173715.1_ASM317371v1                    24.88%    passed     76.00%
  85  GCF_003173735.1_ASM317373v1                    25.35%    passed     47.53%
  86  GCF_003173755.1_ASM317375v1                    24.41%    passed    100.00%
  87  GCF_003173775.1_ASM317377v1                    25.12%    passed    100.00%
  88  GCF_003254375.1_ASM325437v1                    24.88%    passed     81.86%
  89  GCF_003264115.1_ASM326411v1                    21.36%    passed     99.99%
  90  GCF_003288315.1_ASM328831v1                    22.54%    passed    100.00%
  91  GCF_003324715.1_ASM332471v1                    20.19%    passed     60.63%
  92  GCF_003352165.1_ASM335216v1                    22.30%    passed     99.99%
  93  GCF_003429265.1_ASM342926v1                    21.13%    passed     92.78%
  94  GCF_003431825.1_ASM343182v1                    22.54%    passed    100.00%
  95  GCF_003855495.1_ASM385549v1                    23.00%    passed     99.78%
  96  GCF_003940805.1_ASM394080v1                    22.30%    passed    100.00%
  97  GCF_003952725.1_ASM395272v1                    21.60%    passed     39.79%
  98  GCF_003966715.1_ASM396671v1                    20.66%    passed    100.00%
  99  GCF_004114955.1_ASM411495v1                    22.77%    passed     89.49%
 100  GCF_004136295.1_ASM413629v1                    23.24%    passed     97.87%
 101  GCF_004216475.1_ASM421647v1                    21.60%    passed     99.85%
 102  GCF_004331955.1_ASM433195v1                    20.89%    passed     99.94%
 103  GCF_004354345.1_ASM435434v1                    23.24%    passed     99.88%
 104  GCF_005311585.1_ASM531158v1                    20.19%    passed     65.61%
 105  GCF_005860795.2_ASM586079v2                    22.30%    passed     99.24%
 106  GCF_006542605.1_ASM654260v1                    21.83%    passed    100.00%
 107  GCF_006740745.1_ASM674074v1                    23.94%    passed     97.45%
 108  GCF_007005445.1_ASM700544v1                    23.47%    passed     99.88%
 109  GCF_007290395.1_ASM729039v1                    22.07%    passed     98.48%
 110  GCF_007954425.1_ASM795442v1                    22.77%    passed    100.00%
 111  GCF_008000895.1_ASM800089v1                    23.94%    passed     97.95%
 112  GCF_008000915.1_ASM800091v1                    22.54%    passed    100.00%
 113  GCF_008728195.1_ASM872819v1                    23.24%    passed    100.00%
 114  GCF_008843145.1_ASM884314v1                    24.18%    passed    100.00%
 115  GCF_008932115.1_ASM893211v1                    22.30%    passed     99.88%
 116  GCF_009363255.1_ASM936325v1                    22.07%    passed    100.00%
 117  GCF_009363495.1_ASM936349v1                    22.07%    passed    100.00%
 118  GCF_009363575.1_ASM936357v1                    22.30%    passed    100.00%
 119  GCF_009363615.1_ASM936361v1                    22.77%    passed     99.69%
 120  GCF_009363635.1_ASM936363v1                    22.30%    passed     99.90%
 121  GCF_009363655.1_ASM936365v1                    21.60%    passed     98.81%
 122  GCF_009363715.1_ASM936371v1                    22.54%    passed     99.88%
 123  GCF_009363735.1_ASM936373v1                    21.83%    passed     98.81%
 124  GCF_009363795.1_ASM936379v1                    19.95%    passed     78.69%
 125  GCF_009650195.1_ASM965019v1                    23.00%    passed     96.81%
 126  GCF_009685175.1_ASM968517v1                    23.24%    passed     98.57%
 127  GCF_009707465.1_ASM970746v1                    22.54%    passed    100.00%
 128  GCF_009762325.1_ASM976232v1                    21.60%    passed     93.68%
 129  GCF_009797665.1_ASM979766v1                    20.19%    passed     60.63%
 130  GCF_009913435.1_ASM991343v1                    22.07%    passed    100.00%
 131  GCF_011040475.1_ASM1104047v1                   22.77%    passed     99.95%
 132  GCF_011044255.1_ASM1104425v1                   21.83%    passed     99.89%
 133  GCF_011047315.1_ASM1104731v1                   23.00%    passed    100.00%
 134  GCF_011388215.1_ASM1138821v1                   24.18%    passed     78.04%
 135  GCF_012647365.1_ASM1264736v1                   20.19%    passed     60.63%
 136  GCF_012932215.1_ASM1293221v1                   21.60%    passed     98.15%
 137  GCF_013170845.1_ASM1317084v1                   21.36%    passed    100.00%
 138  GCF_013307245.1_ASM1330724v1                   19.72%    passed     74.22%
 139  GCF_013374095.1_ASM1337409v1                   21.83%    passed     99.61%
 140  GCF_013378075.1_ASM1337807v1                   22.30%    passed     99.95%
 141  GCF_013415845.1_ASM1341584v1                   23.24%    passed     99.99%
 142  GCF_014117445.1_ASM1411744v1                   19.72%    passed     87.12%
 143  GCF_014495845.1_ASM1449584v1                   23.00%    passed     76.39%
 144  GCF_014622665.1_ASM1462266v1                   21.83%    passed     96.59%
 145  GCF_014681765.1_ASM1468176v1                   23.00%    passed    100.00%
 146  GCF_015679265.1_ASM1567926v1                   22.54%    passed    100.00%
 147  GCF_016584445.1_ASM1658444v1                   23.24%    passed     99.99%
 148  GCF_016653635.2_ASM1665363v2                   23.71%    passed     99.98%
 149  GCF_016765655.2_ASM1676565v2                   24.18%    passed     99.98%
 150  GCF_016806065.1_ASM1680606v1                   22.54%    passed     99.99%
 151  GCF_016806835.2_ASM1680683v2                   24.18%    passed     99.99%
 152  GCF_016839165.1_ASM1683916v1                   22.54%    passed     99.77%
 153  GCF_017347565.1_ASM1734756v1                   25.59%    passed     99.31%
 154  GCF_017498565.1_ASM1749856v1                   20.19%    passed     99.40%
 155  GCF_017795885.1_ASM1779588v1                   22.30%    passed    100.00%
 156  GCF_018200035.1_ASM1820003v1                   22.54%    passed     93.74%
 157  GCF_018205975.1_ASM1820597v1                   20.42%    passed     99.10%
 158  GCF_018687415.1_ASM1868741v1                   19.01%    passed     15.73%
 159  GCF_018687475.1_ASM1868747v1                   19.72%    passed     99.11%
 160  GCF_018687675.1_ASM1868767v1                   18.08%    passed     40.83%
 161  GCF_018688155.1_ASM1868815v1                   20.66%    passed     49.34%
 162  GCF_018688255.1_ASM1868825v1                   20.42%    passed     87.23%
 163  GCF_018982885.2_ASM1898288v2                   22.77%    passed    100.00%
 164  GCF_019134555.1_ASM1913455v1                   19.01%    passed     61.66%
 165  GCF_019203965.1_ASM1920396v1                   24.65%    passed    100.00%
 166  GCF_019431245.1_ASM1943124v1                   22.77%    passed    100.00%
 167  GCF_019443285.1_ASM1944328v1                   20.42%    passed     63.03%
 168  GCF_019623905.1_ASM1962390v1                   24.41%    passed    100.00%
 169  GCF_019904235.1_ASM1990423v1                   22.07%    passed    100.00%
 170  GCF_019973775.1_ASM1997377v1                   19.25%    passed     95.66%
 171  GCF_020866845.1_ASM2086684v1                   22.30%    passed     99.70%
 172  GCF_021088345.1_ASM2108834v1                   23.24%    passed     99.35%
 173  GCF_021117295.1_ASM2111729v1                   23.47%    passed     99.95%
 174  GCF_021228015.1_ASM2122801v1                   25.35%    passed     99.97%
 175  GCF_021391315.1_ASM2139131v1                   21.13%    passed     92.78%
 176  GCF_021391535.1_ASM2139153v1                   20.89%    passed    100.00%
 177  GCF_021398735.1_ASM2139873v1                   25.12%    passed     82.67%
 178  GCF_021431965.1_ASM2143196v1                   21.13%    passed     99.98%
 179  GCF_021484845.1_ASM2148484v1                   24.65%    passed     91.73%
 180  GCF_022227035.1_ASM2222703v1                   21.13%    passed     96.02%
 181  GCF_022370455.1_ASM2237045v1                   24.18%    passed     97.00%
 182  GCF_022410435.1_ASM2241043v1                   23.00%    passed     95.81%
 183  GCF_022533465.1_ASM2253346v1                   24.41%    passed     93.16%
 184  GCF_022558965.1_ASM2255896v1                   24.18%    passed     99.96%
 185  GCF_022846615.1_ASM2284661v1                   22.54%    passed    100.00%
 186  GCF_023243115.1_ASM2324311v1                   19.48%    passed    100.00%
 187  GCF_023380025.1_ASM2338002v1                   23.00%    passed     99.97%
 188  GCF_023546765.1_ASM2354676v1                   24.18%    passed     98.43%
 189  GCF_023558335.1_ASM2355833v1                   20.42%    passed    100.00%
 190  GCF_023558355.1_ASM2355835v1                   20.42%    passed    100.00%
 191  GCF_023573145.1_ASM2357314v1                   23.71%    passed     99.91%
 192  GCF_023823125.1_ASM2382312v1                   20.89%    passed     99.50%
 193  GCF_024496245.1_ASM2449624v1                   23.24%    passed    100.00%
 194  GCF_024758705.1_ASM2475870v1                   22.77%    passed     99.99%
 195  GCF_024758725.1_ASM2475872v1                   20.42%    passed     99.87%
 196  GCF_025141175.1_ASM2514117v1                   25.12%    passed     99.99%
 197  GCF_025141935.1_ASM2514193v1                   22.07%    passed     92.37%
 198  GCF_025811215.1_ASM2581121v1                   23.24%    passed     99.99%
 199  GCF_025811355.1_ASM2581135v1                   23.24%    passed     99.99%
 200  GCF_025811435.1_ASM2581143v1                   23.24%    passed     99.99%
 201  GCF_025813715.1_ASM2581371v1                   25.35%    passed     87.79%
 202  GCF_025917005.1_ASM2591700v1                   21.36%    passed    100.00%
 203  GCF_026122595.1_ASM2612259v1                   23.71%    passed     99.32%
 204  GCF_026122615.1_ASM2612261v1                   23.71%    passed     99.32%
 205  GCF_026167525.1_ASM2616752v1                   22.77%    passed    100.00%
 206  GCF_026167545.1_ASM2616754v1                   23.24%    passed    100.00%
 207  GCF_026625025.1_ASM2662502v1                   23.24%    passed     99.99%
 208  GCF_026898155.1_ASM2689815v1                   22.07%    passed    100.00%
 209  GCF_027271155.1_ASM2727115v1                   21.83%    passed     99.85%
 210  GCF_027886585.1_ASM2788658v1                   22.77%    passed    100.00%
 211  GCF_027912195.1_ASM2791219v1                   23.24%    passed     99.99%
 212  GCF_027943985.1_ASM2794398v1                   18.08%    passed     20.22%
 213  GCF_027944005.1_ASM2794400v1                   18.08%    passed     20.22%
 214  GCF_028621955.1_ASM2862195v1                   21.83%    passed    100.00%
 215  GCF_028885395.1_ASM2888539v1                   22.07%    passed     99.80%
 216  GCF_029277405.1_ASM2927740v1                   21.83%    passed     96.59%
 217  GCF_029581395.1_ASM2958139v1                   22.77%    passed     99.95%
 218  GCF_029691625.1_ASM2969162v1                   24.88%    passed     81.86%
 219  GCF_029714205.1_ASM2971420v1                   25.12%    passed     93.91%
 220  GCF_029761955.1_ASM2976195v1                   25.59%    passed     98.84%
 221  GCF_030062705.1_ASM3006270v1                   23.94%    passed     99.51%
 222  GCF_030252425.1_ASM3025242v1                   21.13%    passed     99.18%
 223  GCF_030255395.1_ASM3025539v1                   23.71%    passed     98.88%
 224  GCF_030297555.1_ASM3029755v1                   19.95%    passed     97.74%
 225  GCF_030297575.1_ASM3029757v1                   19.95%    passed     93.74%
 226  GCF_030297595.1_ASM3029759v1                   19.95%    passed     93.74%
 227  GCF_030297615.1_ASM3029761v1                   19.48%    passed     97.91%
 228  GCF_030297635.1_ASM3029763v1                   19.95%    passed     93.74%
 229  GCF_030297655.1_ASM3029765v1                   19.95%    passed     93.74%
 230  GCF_030297675.1_ASM3029767v1                   19.95%    passed     93.74%
 231  GCF_900176205.1_BRAD285_PRJEB202261_v1         26.06%    passed     99.53%
 232  GCF_900234795.1_TK0001_PRJEB23178_v1           24.18%    passed     99.39%
 233  GCF_901457705.2_RHAL1_v2                       22.30%    passed    100.00%
 234  GCF_937425535.1_Rhodovastum_atsumiense_G2-11   23.71%    passed    100.00%
****  TOTAL                                          22.34%  0 sequences failed composition chi2 test (p-value<5%; df=19)
NOTE: GCF_000225955.1_ASM22595v1 is identical to GCF_000013085.1_ASM1308v1 but kept for subsequent analysis
NOTE: GCF_002983865.1_ASM298386v1 is identical to GCF_000014045.1_ASM1404v1 but kept for subsequent analysis
NOTE: GCF_023558335.1_ASM2355833v1 is identical to GCF_000018145.1_ASM1814v1 but kept for subsequent analysis
NOTE: GCF_030255395.1_ASM3025539v1 is identical to GCF_000018845.1_ASM1884v1 but kept for subsequent analysis
NOTE: GCF_029714205.1_ASM2971420v1 is identical to GCF_000019365.1_ASM1936v1 but kept for subsequent analysis
NOTE: GCF_001854385.1_ASM185438v1 is identical to GCF_000019725.1_ASM1972v1 but kept for subsequent analysis
NOTE: GCF_000195775.2_ASM19577v2 is identical to GCF_000020445.1_ASM2044v1 but kept for subsequent analysis
NOTE: GCF_001576595.1_ASM157659v1 is identical to GCF_000021005.1_ASM2100v1 but kept for subsequent analysis
NOTE: GCF_022558965.1_ASM2255896v1 is identical to GCF_000202835.1_ASM20283v1 but kept for subsequent analysis
NOTE: GCF_003254375.1_ASM325437v1 is identical to GCF_000757795.1_ASM75779v1 but kept for subsequent analysis
NOTE: GCF_001459775.1_Blastochloris_viridis_genome is identical to GCF_001402875.1_ASM140287v1 but kept for subsequent analysis
NOTE: GCF_001633165.1_ASM163316v1 is identical to GCF_001633145.1_ASM163314v1 but kept for subsequent analysis
NOTE: GCF_003431825.1_ASM343182v1 is identical to GCF_001713435.1_ASM171343v1 but kept for subsequent analysis
NOTE: GCF_009650195.1_ASM965019v1 is identical to GCF_001713475.1_ASM171347v1 but kept for subsequent analysis
NOTE: GCF_003288315.1_ASM328831v1 is identical to GCF_002080415.1_ASM208041v1 but kept for subsequent analysis
NOTE: GCF_900234795.1_TK0001_PRJEB23178_v1 is identical to GCF_002117815.2_ASM211781v2 but kept for subsequent analysis
NOTE: GCF_021391315.1_ASM2139131v1 is identical to GCF_003429265.1_ASM342926v1 but kept for subsequent analysis
NOTE: GCF_009363495.1_ASM936349v1 is identical to GCF_009363255.1_ASM936325v1 but kept for subsequent analysis
NOTE: GCF_029277405.1_ASM2927740v1 is identical to GCF_014622665.1_ASM1462266v1 but kept for subsequent analysis
NOTE: GCF_019431245.1_ASM1943124v1 is identical to GCF_018982885.2_ASM1898288v2 but kept for subsequent analysis
NOTE: GCF_026122615.1_ASM2612261v1 is identical to GCF_026122595.1_ASM2612259v1 but kept for subsequent analysis
NOTE: GCF_027944005.1_ASM2794400v1 is identical to GCF_027943985.1_ASM2794398v1 but kept for subsequent analysis
NOTE: GCF_030297595.1_ASM3029759v1 is identical to GCF_030297575.1_ASM3029757v1 but kept for subsequent analysis
NOTE: 21 identical sequences (see below) will be ignored for subsequent analysis
NOTE: GCF_019134555.1_ASM1913455v1 (identical to GCF_000013085.1_ASM1308v1) is ignored but added at the end
NOTE: GCF_023558355.1_ASM2355835v1 (identical to GCF_000018145.1_ASM1814v1) is ignored but added at the end
NOTE: GCF_021484845.1_ASM2148484v1 (identical to GCF_000019725.1_ASM1972v1) is ignored but added at the end
NOTE: GCF_003031245.1_ASM303124v1 (identical to GCF_000020445.1_ASM2044v1) is ignored but added at the end
NOTE: GCF_003031265.1_ASM303126v1 (identical to GCF_000020445.1_ASM2044v1) is ignored but added at the end
NOTE: GCF_013415845.1_ASM1341584v1 (identical to GCF_000020445.1_ASM2044v1) is ignored but added at the end
NOTE: GCF_016584445.1_ASM1658444v1 (identical to GCF_000020445.1_ASM2044v1) is ignored but added at the end
NOTE: GCF_025811215.1_ASM2581121v1 (identical to GCF_000020445.1_ASM2044v1) is ignored but added at the end
NOTE: GCF_025811355.1_ASM2581135v1 (identical to GCF_000020445.1_ASM2044v1) is ignored but added at the end
NOTE: GCF_025811435.1_ASM2581143v1 (identical to GCF_000020445.1_ASM2044v1) is ignored but added at the end
NOTE: GCF_026625025.1_ASM2662502v1 (identical to GCF_000020445.1_ASM2044v1) is ignored but added at the end
NOTE: GCF_027912195.1_ASM2791219v1 (identical to GCF_000020445.1_ASM2044v1) is ignored but added at the end
NOTE: GCF_001685625.1_ASM168562v1 (identical to GCF_000021005.1_ASM2100v1) is ignored but added at the end
NOTE: GCF_002706325.1_ASM270632v1 (identical to GCF_000021005.1_ASM2100v1) is ignored but added at the end
NOTE: GCF_003324715.1_ASM332471v1 (identical to GCF_000021005.1_ASM2100v1) is ignored but added at the end
NOTE: GCF_009797665.1_ASM979766v1 (identical to GCF_000021005.1_ASM2100v1) is ignored but added at the end
NOTE: GCF_012647365.1_ASM1264736v1 (identical to GCF_000021005.1_ASM2100v1) is ignored but added at the end
NOTE: GCF_029691625.1_ASM2969162v1 (identical to GCF_000757795.1_ASM75779v1) is ignored but added at the end
NOTE: GCF_030297635.1_ASM3029763v1 (identical to GCF_030297575.1_ASM3029757v1) is ignored but added at the end
NOTE: GCF_030297655.1_ASM3029765v1 (identical to GCF_030297575.1_ASM3029757v1) is ignored but added at the end
NOTE: GCF_030297675.1_ASM3029767v1 (identical to GCF_030297575.1_ASM3029757v1) is ignored but added at the end
Alignment was printed to results/tree/PGC_tspO/PGC_tspO.uniqueseq.phy

For your convenience alignment with unique sequences printed to results/tree/PGC_tspO/PGC_tspO.uniqueseq.phy


Create initial parsimony tree by phylogenetic likelihood library (PLL)... 0.132 seconds
Perform fast likelihood tree search using LG+I+G model...
Estimate model parameters (epsilon = 5.000)
Perform nearest neighbor interchange...
Estimate model parameters (epsilon = 1.000)
1. Initial log-likelihood: -46436.769
Optimal log-likelihood: -46435.845
Proportion of invariable sites: 0.045
Gamma shape alpha: 0.964
Parameters optimization took 1 rounds (2.640 sec)
Time for fast ML tree search: 14.971 seconds

NOTE: ModelFinder requires 140 MB RAM!
ModelFinder will test up to 702 protein models (sample size: 426) ...
 No. Model         -LnL         df  AIC          AICc         BIC
  1  LG            48916.635    423 98679.271    278031.271   100394.299
  2  LG+I          48504.640    424 97857.279    458257.279   99576.362
  3  LG+G4         46466.221    424 93780.441    454180.441   95499.524
  4  LG+I+G4       46435.765    425 93721.530    455821.530   95444.667
  5  LG+R2         47023.951    425 94897.902    456997.902   96621.039
  6  LG+R3         46534.229    427 93922.457    459434.457   95653.703
  7  LG+R4         46407.099    429 93672.199    462612.199   95411.553
  8  LG+R5         46375.205    431 93612.411    465996.411   95359.874
  9  LG+R6         46357.662    433 93581.324    469425.324   95336.897
 10  LG+R7         46355.721    435 93581.442    472901.442   95345.123
 22  LG+F+R6       36143.855    452 73191.709    482703.709   75024.316
 23  LG+F+R7       36137.970    454 73183.939    486323.939   75024.655
 35  WAG+R6        45565.069    433 91996.138    467840.138   93751.710
WARNING: Log-likelihood -45567.2 of WAG+R7 worse than WAG+R6 -45565.1
 36  WAG+R7        45567.208    435 92004.416    471324.416   93768.097
 48  WAG+F+R6      35907.582    452 72719.164    482231.164   74551.771
WARNING: Log-likelihood -35909.7 of WAG+F+R7 worse than WAG+F+R6 -35907.6
 49  WAG+F+R7      35909.670    454 72727.339    485867.339   74568.055
 61  JTT+R6        46481.710    433 93829.421    469673.421   95584.993
 62  JTT+R7        46481.243    435 93832.487    473152.487   95596.168
 74  JTT+F+R6      37459.950    452 75823.901    485335.901   77656.507
WARNING: Log-likelihood -37461.2 of JTT+F+R7 worse than JTT+F+R6 -37460
 75  JTT+F+R7      37461.219    454 75830.438    488970.438   77671.153
 87  Q.pfam+R6     46017.778    433 92901.555    468745.555   94657.127
 88  Q.pfam+R7     46018.383    435 92906.767    472226.767   94670.448
100  Q.pfam+F+R6   36099.279    452 73102.557    482614.557   74935.164
101  Q.pfam+F+R7   36097.116    454 73102.233    486242.233   74942.948
113  Q.bird+R6     49438.389    433 99742.779    475586.779   101498.351
114  Q.bird+R7     49428.872    435 99727.744    479047.744   101491.425
126  Q.bird+F+R6   40343.666    452 81591.333    491103.333   83423.939
WARNING: Log-likelihood -40356.3 of Q.bird+F+R7 worse than Q.bird+F+R6 -40343.7
127  Q.bird+F+R7   40356.315    454 81620.631    494760.631   83461.346
139  Q.mammal+R6   48264.749    433 97395.498    473239.498   99151.070
140  Q.mammal+R7   48262.178    435 97394.356    476714.356   99158.037
152  Q.mammal+F+R6 39084.370    452 79072.740    488584.740   80905.346
153  Q.mammal+F+R7 39078.855    454 79065.711    492205.711   80906.426
165  Q.insect+R6   46699.884    433 94265.769    470109.769   96021.341
WARNING: Log-likelihood -46701.3 of Q.insect+R7 worse than Q.insect+R6 -46699.9
166  Q.insect+R7   46701.316    435 94272.633    473592.633   96036.314
178  Q.insect+F+R6 36196.427    452 73296.855    482808.855   75129.461
179  Q.insect+F+R7 36194.924    454 73297.848    486437.848   75138.564
191  Q.plant+R6    49308.010    433 99482.020    475326.020   101237.592
192  Q.plant+R7    49302.942    435 99475.885    478795.885   101239.566
204  Q.plant+F+R6  38632.810    452 78169.621    487681.621   80002.227
205  Q.plant+F+R7  38629.486    454 78166.972    491306.972   80007.688
217  Q.yeast+R6    47569.867    433 96005.735    471849.735   97761.307
218  Q.yeast+R7    47569.949    435 96009.897    475329.897   97773.578
230  Q.yeast+F+R6  36319.367    452 73542.733    483054.733   75375.340
231  Q.yeast+F+R7  36317.298    454 73542.596    486682.596   75383.311
243  JTTDCMut+R6   46473.320    433 93812.640    469656.640   95568.212
244  JTTDCMut+R7   46472.936    435 93815.871    473135.871   95579.552
256  JTTDCMut+F+R6 37461.684    452 75827.367    485339.367   77659.974
257  JTTDCMut+F+R7 37452.960    454 75813.920    488953.920   77654.635
269  DCMut+R6      48825.023    433 98516.047    474360.047   100271.619
270  DCMut+R7      48816.646    435 98503.291    477823.291   100266.972
282  DCMut+F+R6    39534.573    452 79973.147    489485.147   81805.753
283  DCMut+F+R7    39527.299    454 79962.597    493102.597   81803.313
295  VT+R6         45602.223    433 92070.446    467914.446   93826.019
WARNING: Log-likelihood -45604.3 of VT+R7 worse than VT+R6 -45602.2
296  VT+R7         45604.307    435 92078.615    471398.615   93842.296
308  VT+F+R6       35623.561    452 72151.122    481663.122   73983.728
309  VT+F+R7       35623.314    454 72154.627    485294.627   73995.343
321  PMB+R6        44317.874    433 89501.749    465345.749   91257.321
WARNING: Log-likelihood -44319.8 of PMB+R7 worse than PMB+R6 -44317.9
322  PMB+R7        44319.792    435 89509.583    468829.583   91273.265
334  PMB+F+R6      35141.398    452 71186.796    480698.796   73019.403
WARNING: Log-likelihood -35143.4 of PMB+F+R7 worse than PMB+F+R6 -35141.4
335  PMB+F+R7      35143.432    454 71194.865    484334.865   73035.580
347  Blosum62+R6   44260.276    433 89386.552    465230.552   91142.124
WARNING: Log-likelihood -44262.2 of Blosum62+R7 worse than Blosum62+R6 -44260.3
348  Blosum62+R7   44262.213    435 89394.426    468714.426   91158.107
360  Blosum62+F+R6 34906.742    452 70717.484    480229.484   72550.090
WARNING: Log-likelihood -34908.7 of Blosum62+F+R7 worse than Blosum62+F+R6 -34906.7
361  Blosum62+F+R7 34908.701    454 70725.401    483865.401   72566.117
373  Dayhoff+R6    48846.359    433 98558.718    474402.718   100314.290
374  Dayhoff+R7    48835.272    435 98540.543    477860.543   100304.224
386  Dayhoff+F+R6  39554.076    452 80012.151    489524.151   81844.758
387  Dayhoff+F+R7  39541.459    454 79990.919    493130.919   81831.634
399  mtREV+R6      48364.252    433 97594.505    473438.505   99350.077
400  mtREV+R7      48350.979    435 97571.957    476891.957   99335.638
412  mtREV+F+R6    38433.459    452 77770.919    487282.919   79603.526
413  mtREV+F+R7    38412.558    454 77733.115    490873.115   79573.831
425  mtART+R6      48480.710    433 97827.421    473671.421   99582.993
426  mtART+R7      48458.928    435 97787.855    477107.855   99551.537
438  mtART+F+R6    37100.062    452 75104.124    484616.124   76936.731
439  mtART+F+R7    37085.476    454 75078.952    488218.952   76919.668
451  mtZOA+R6      46522.419    433 93910.839    469754.839   95666.411
452  mtZOA+R7      46516.690    435 93903.380    473223.380   95667.061
464  mtZOA+F+R6    36800.597    452 74505.193    484017.193   76337.800
465  mtZOA+F+R7    36788.039    454 74484.078    487624.078   76324.793
477  mtMet+R6      48566.726    433 97999.451    473843.451   99755.023
478  mtMet+R7      48556.468    435 97982.936    477302.936   99746.617
490  mtMet+F+R6    38369.322    452 77642.645    487154.645   79475.251
491  mtMet+F+R7    38365.631    454 77639.262    490779.262   79479.977
503  mtVer+R6      49510.856    433 99887.713    475731.713   101643.285
504  mtVer+R7      49499.679    435 99869.358    479189.358   101633.039
516  mtVer+F+R6    40000.037    452 80904.074    490416.074   82736.680
517  mtVer+F+R7    39980.888    454 80869.775    494009.775   82710.491
529  mtInv+R6      47953.119    433 96772.239    472616.239   98527.811
530  mtInv+R7      47951.190    435 96772.380    476092.380   98536.061
542  mtInv+F+R6    36652.417    452 74208.835    483720.835   76041.441
543  mtInv+F+R7    36645.615    454 74199.230    487339.230   76039.945
555  mtMAM+R6      53078.646    433 107023.293   482867.293   108778.865
556  mtMAM+R7      53071.118    435 107012.235   486332.235   108775.916
568  mtMAM+F+R6    43713.354    452 88330.709    497842.709   90163.315
569  mtMAM+F+R7    43575.852    454 88059.704    501199.704   89900.420
581  HIVb+R6       50714.926    433 102295.853   478139.853   104051.425
582  HIVb+R7       50698.356    435 102266.711   481586.711   104030.392
594  HIVb+F+R6     40776.745    452 82457.490    491969.490   84290.096
595  HIVb+F+R7     40758.238    454 82424.477    495564.477   84265.192
607  HIVw+R6       56457.469    433 113780.937   489624.937   115536.509
608  HIVw+R7       56444.281    435 113758.562   493078.562   115522.243
620  HIVw+F+R6     44579.507    452 90063.014    499575.014   91895.621
621  HIVw+F+R7     44448.427    454 89804.853    502944.853   91645.569
633  FLU+R6        52018.775    433 104903.550   480747.550   106659.122
634  FLU+R7        52001.061    435 104872.122   484192.122   106635.804
646  FLU+F+R6      40703.508    452 82311.016    491823.016   84143.622
647  FLU+F+R7      40669.453    454 82246.905    495386.905   84087.621
659  rtREV+R6      45866.719    433 92599.438    468443.438   94355.010
660  rtREV+R7      45866.728    435 92603.455    471923.455   94367.136
672  rtREV+F+R6    36192.032    452 73288.064    482800.064   75120.671
673  rtREV+F+R7    36190.009    454 73288.017    486428.017   75128.733
685  cpREV+R6      47015.237    433 94896.474    470740.474   96652.046
686  cpREV+R7      47014.574    435 94899.147    474219.147   96662.828
698  cpREV+F+R6    36971.341    452 74846.682    484358.682   76679.289
699  cpREV+F+R7    36961.433    454 74830.866    487970.866   76671.581
Akaike Information Criterion:           Blosum62+F+R6
Corrected Akaike Information Criterion: LG
Bayesian Information Criterion:         Blosum62+F+R6
Best-fit model: Blosum62+F+R6 chosen according to BIC

All model information printed to results/tree/PGC_tspO/PGC_tspO.model.gz
CPU time for ModelFinder: 27296.973 seconds (7h:34m:56s)
Wall-clock time for ModelFinder: 27306.586 seconds (7h:35m:6s)
WARNING: States(s) N, D, Q, E, I, L, K, F, P, V rarely appear in alignment and may cause numerical problems

NOTE: 84 MB RAM (0 GB) is required!
Estimate model parameters (epsilon = 0.100)
1. Initial log-likelihood: -34906.742
Optimal log-likelihood: -34906.740
Site proportion and rates:  (0.172,0.060) (0.145,0.311) (0.213,0.698) (0.223,1.111) (0.172,1.869) (0.074,3.049)
Parameters optimization took 1 rounds (4.433 sec)
Computing ML distances based on estimated model parameters...
Computing ML distances took 9.116162 sec (of wall-clock time) 9.115716 sec(of CPU time)
Computing RapidNJ tree took 0.014037 sec (of wall-clock time) 0.020610 sec (of CPU time)
Log-likelihood of RapidNJ tree: -35167.374
--------------------------------------------------------------------
|             INITIALIZING CANDIDATE TREE SET                      |
--------------------------------------------------------------------
Generating 98 parsimony trees... 14.191 second
Computing log-likelihood of 98 initial trees ... 58.661 seconds
Current best score: -34906.740

Do NNI search on 20 best initial trees
Estimate model parameters (epsilon = 0.100)
BETTER TREE FOUND at iteration 1: -34760.600
Estimate model parameters (epsilon = 0.100)
BETTER TREE FOUND at iteration 6: -34754.632
Iteration 10 / LogL: -34785.689 / Time: 0h:4m:12s
Estimate model parameters (epsilon = 0.100)
BETTER TREE FOUND at iteration 14: -34742.748
Estimate model parameters (epsilon = 0.100)
BETTER TREE FOUND at iteration 19: -34733.116
Iteration 20 / LogL: -34764.546 / Time: 0h:7m:1s
Finish initializing candidate tree set (20)
Current best tree score: -34733.116 / CPU time: 405.050
Number of iterations: 20
--------------------------------------------------------------------
|               OPTIMIZING CANDIDATE TREE SET                      |
--------------------------------------------------------------------
Estimate model parameters (epsilon = 0.100)
BETTER TREE FOUND at iteration 26: -34710.502
Estimate model parameters (epsilon = 0.100)
BETTER TREE FOUND at iteration 28: -34698.942
Iteration 30 / LogL: -34790.495 / Time: 0h:10m:10s (0h:34m:22s left)
Estimate model parameters (epsilon = 0.100)
BETTER TREE FOUND at iteration 36: -34696.709
Iteration 40 / LogL: -34711.664 / Time: 0h:13m:0s (0h:32m:0s left)
Iteration 50 / LogL: -34713.345 / Time: 0h:15m:39s (0h:27m:28s left)
Estimate model parameters (epsilon = 0.100)
BETTER TREE FOUND at iteration 53: -34695.831
Estimate model parameters (epsilon = 0.100)
BETTER TREE FOUND at iteration 54: -34695.408
Iteration 60 / LogL: -34707.856 / Time: 0h:18m:30s (0h:29m:29s left)
Iteration 70 / LogL: -34717.151 / Time: 0h:21m:2s (0h:25m:37s left)
Iteration 80 / LogL: -34806.810 / Time: 0h:23m:49s (0h:22m:18s left)
Iteration 90 / LogL: -34705.610 / Time: 0h:26m:31s (0h:19m:4s left)
Iteration 100 / LogL: -34773.820 / Time: 0h:29m:22s (0h:16m:1s left)
Iteration 110 / LogL: -34714.424 / Time: 0h:32m:3s (0h:12m:56s left)
Iteration 120 / LogL: -34709.366 / Time: 0h:34m:49s (0h:9m:56s left)
Iteration 130 / LogL: -34705.497 / Time: 0h:37m:31s (0h:6m:58s left)
Iteration 140 / LogL: -34702.296 / Time: 0h:40m:5s (0h:4m:2s left)
Iteration 150 / LogL: -34711.303 / Time: 0h:42m:44s (0h:1m:8s left)
TREE SEARCH COMPLETED AFTER 155 ITERATIONS / Time: 0h:43m:58s

--------------------------------------------------------------------
|                    FINALIZING TREE SEARCH                        |
--------------------------------------------------------------------
Performs final model parameters optimization
Estimate model parameters (epsilon = 0.010)
1. Initial log-likelihood: -34695.408
Optimal log-likelihood: -34695.401
Site proportion and rates:  (0.182,0.061) (0.155,0.334) (0.213,0.729) (0.200,1.113) (0.149,1.795) (0.100,2.896)
Parameters optimization took 1 rounds (7.926 sec)
BEST SCORE FOUND : -34695.401
Total tree length: 29.154

Total number of iterations: 155
CPU time used for tree search: 2618.820 sec (0h:43m:38s)
Wall-clock time used for tree search: 2622.224 sec (0h:43m:42s)
Total CPU time used: 2643.478 sec (0h:44m:3s)
Total wall-clock time used: 2646.913 sec (0h:44m:6s)

Analysis results written to: 
  IQ-TREE report:                results/tree/PGC_tspO/PGC_tspO.iqtree
  Maximum-likelihood tree:       results/tree/PGC_tspO/PGC_tspO.treefile
  Likelihood distances:          results/tree/PGC_tspO/PGC_tspO.mldist
  Screen log file:               results/tree/PGC_tspO/PGC_tspO.log

Date and Time: Thu Jun 20 18:12:43 2024
