IQ-TREE multicore version 2.0.7 for Linux 64-bit built Jan 21 2022
Developed by Bui Quang Minh, Nguyen Lam Tung, Olga Chernomor,
Heiko Schmidt, Dominik Schrempf, Michael Woodhams.

Host:    timc-tree-36p (AVX2, FMA3, 30 GB RAM)
Command: iqtree2 -nt 10 -s bchE_crtF_official_SiLiX.phy -bb 1000
Seed:    726418 (Using SPRNG - Scalable Parallel Random Number Generator)
Time:    Thu Jun 27 16:20:51 2024
Kernel:  AVX+FMA - 10 threads (12 CPU cores detected)

Reading alignment file bchE_crtF_official_SiLiX.phy ... Phylip format detected
Alignment most likely contains protein sequences
WARNING: 6 sites contain only gaps or ambiguous characters.
Alignment has 151 sequences with 1035 columns, 1012 distinct patterns
908 parsimony-informative, 57 singleton sites, 70 constant sites
WARNING: Some sequence names are changed as follows:
GCF_000344805.1_ASM34480v1_5829_WP_042340283.1_magnesium-protoporphyrin_IX_monomethyl_ester_anaerobic_oxidative_cyclase_[Bradyrhizobium_oligotrophicum] -> GCF_000344805.1_ASM34480v1_5829_WP_042340283.1_magnesium-protoporphyrin_IX_monomethyl_ester_anaerobic_oxidative_cyclase__Bradyrhizobium_oligotrophicum_
GCF_002706325.1_ASM270632v1_1920_WP_061350852.1_magnesium-protoporphyrin_IX_monomethyl_ester_anaerobic_oxidative_cyclase_[Cereibacter_sphaeroides] -> GCF_002706325.1_ASM270632v1_1920_WP_061350852.1_magnesium-protoporphyrin_IX_monomethyl_ester_anaerobic_oxidative_cyclase__Cereibacter_sphaeroides_
GCF_003429265.1_ASM342926v1_870_WP_108221399.1_MULTISPECIES__magnesium-protoporphyrin_IX_monomethyl_ester_anaerobic_oxidative_cyclase_[Cereibacter] -> GCF_003429265.1_ASM342926v1_870_WP_108221399.1_MULTISPECIES__magnesium-protoporphyrin_IX_monomethyl_ester_anaerobic_oxidative_cyclase__Cereibacter_
GCF_002813775.1_ASM281377v1_6314_WP_100923053.1_magnesium-protoporphyrin_IX_monomethyl_ester_anaerobic_oxidative_cyclase_[Candidatus_Thiodictyon_syntrophicum] -> GCF_002813775.1_ASM281377v1_6314_WP_100923053.1_magnesium-protoporphyrin_IX_monomethyl_ester_anaerobic_oxidative_cyclase__Candidatus_Thiodictyon_syntrophicum_
GCF_021228795.1_ASM2122879v1_1782_WP_232409820.1_magnesium-protoporphyrin_IX_monomethyl_ester_anaerobic_oxidative_cyclase_[Thiocapsa_bogorovii] -> GCF_021228795.1_ASM2122879v1_1782_WP_232409820.1_magnesium-protoporphyrin_IX_monomethyl_ester_anaerobic_oxidative_cyclase__Thiocapsa_bogorovii_
GCF_012647365.1_ASM1264736v1_796_WP_061350852.1_magnesium-protoporphyrin_IX_monomethyl_ester_anaerobic_oxidative_cyclase_[Cereibacter_sphaeroides] -> GCF_012647365.1_ASM1264736v1_796_WP_061350852.1_magnesium-protoporphyrin_IX_monomethyl_ester_anaerobic_oxidative_cyclase__Cereibacter_sphaeroides_
GCF_001685625.1_ASM168562v1_1918_WP_061350852.1_magnesium-protoporphyrin_IX_monomethyl_ester_anaerobic_oxidative_cyclase_[Cereibacter_sphaeroides] -> GCF_001685625.1_ASM168562v1_1918_WP_061350852.1_magnesium-protoporphyrin_IX_monomethyl_ester_anaerobic_oxidative_cyclase__Cereibacter_sphaeroides_
GCF_005311585.1_ASM531158v1_957_WP_112330330.1_MULTISPECIES__magnesium-protoporphyrin_IX_monomethyl_ester_anaerobic_oxidative_cyclase_[Cereibacter] -> GCF_005311585.1_ASM531158v1_957_WP_112330330.1_MULTISPECIES__magnesium-protoporphyrin_IX_monomethyl_ester_anaerobic_oxidative_cyclase__Cereibacter_
GCA_016745215.1_scaff03_2524_QQO54078.1_MAG__magnesium-protoporphyrin_IX_monomethyl_ester_anaerobic_oxidative_cyclase_[Thiohalocapsa_sp._PB-PSB1] -> GCA_016745215.1_scaff03_2524_QQO54078.1_MAG__magnesium-protoporphyrin_IX_monomethyl_ester_anaerobic_oxidative_cyclase__Thiohalocapsa_sp._PB-PSB1_
GCF_000026145.1_ASM2614v1_1554_WP_011924758.1_magnesium-protoporphyrin_IX_monomethyl_ester_anaerobic_oxidative_cyclase_[Bradyrhizobium_sp._ORS_278] -> GCF_000026145.1_ASM2614v1_1554_WP_011924758.1_magnesium-protoporphyrin_IX_monomethyl_ester_anaerobic_oxidative_cyclase__Bradyrhizobium_sp._ORS_278_
GCF_009363615.1_ASM936361v1_1948_WP_152458402.1_magnesium-protoporphyrin_IX_monomethyl_ester_anaerobic_oxidative_cyclase_[Ruegeria_sp._THAF33] -> GCF_009363615.1_ASM936361v1_1948_WP_152458402.1_magnesium-protoporphyrin_IX_monomethyl_ester_anaerobic_oxidative_cyclase__Ruegeria_sp._THAF33_
GCF_000015585.1_ASM1558v1_1649_WP_011814411.1_magnesium-protoporphyrin_IX_monomethyl_ester_anaerobic_oxidative_cyclase_[Halorhodospira_halophila] -> GCF_000015585.1_ASM1558v1_1649_WP_011814411.1_magnesium-protoporphyrin_IX_monomethyl_ester_anaerobic_oxidative_cyclase__Halorhodospira_halophila_
GCF_000021005.1_ASM2100v1_1547_WP_015920853.1_magnesium-protoporphyrin_IX_monomethyl_ester_anaerobic_oxidative_cyclase_[Cereibacter_sphaeroides] -> GCF_000021005.1_ASM2100v1_1547_WP_015920853.1_magnesium-protoporphyrin_IX_monomethyl_ester_anaerobic_oxidative_cyclase__Cereibacter_sphaeroides_
GCF_022846615.1_ASM2284661v1_2179_WP_244459497.1_magnesium-protoporphyrin_IX_monomethyl_ester_anaerobic_oxidative_cyclase_[Roseomonas_fluvialis] -> GCF_022846615.1_ASM2284661v1_2179_WP_244459497.1_magnesium-protoporphyrin_IX_monomethyl_ester_anaerobic_oxidative_cyclase__Roseomonas_fluvialis_
GCF_003324715.1_ASM332471v1_1920_WP_061350852.1_magnesium-protoporphyrin_IX_monomethyl_ester_anaerobic_oxidative_cyclase_[Cereibacter_sphaeroides] -> GCF_003324715.1_ASM332471v1_1920_WP_061350852.1_magnesium-protoporphyrin_IX_monomethyl_ester_anaerobic_oxidative_cyclase__Cereibacter_sphaeroides_
GCF_029277405.1_ASM2927740v1_671_WP_055209583.1_magnesium-protoporphyrin_IX_monomethyl_ester_anaerobic_oxidative_cyclase_[Rhodobacter_capsulatus] -> GCF_029277405.1_ASM2927740v1_671_WP_055209583.1_magnesium-protoporphyrin_IX_monomethyl_ester_anaerobic_oxidative_cyclase__Rhodobacter_capsulatus_
GCF_019203965.1_ASM1920396v1_613_WP_235692001.1_magnesium-protoporphyrin_IX_monomethyl_ester_anaerobic_oxidative_cyclase_[Elioraea_tepida] -> GCF_019203965.1_ASM1920396v1_613_WP_235692001.1_magnesium-protoporphyrin_IX_monomethyl_ester_anaerobic_oxidative_cyclase__Elioraea_tepida_
GCF_022227035.1_ASM2222703v1_975_WP_108221399.1_MULTISPECIES__magnesium-protoporphyrin_IX_monomethyl_ester_anaerobic_oxidative_cyclase_[Cereibacter] -> GCF_022227035.1_ASM2222703v1_975_WP_108221399.1_MULTISPECIES__magnesium-protoporphyrin_IX_monomethyl_ester_anaerobic_oxidative_cyclase__Cereibacter_
GCF_000015165.1_ASM1516v1_5767_WP_012046020.1_MULTISPECIES__isoprenylcysteine_carboxylmethyltransferase_family_protein_[Bradyrhizobium] -> GCF_000015165.1_ASM1516v1_5767_WP_012046020.1_MULTISPECIES__isoprenylcysteine_carboxylmethyltransferase_family_protein__Bradyrhizobium_
GCF_018399035.1_ASM1839903v1_2646_WP_213457989.1_magnesium-protoporphyrin_IX_monomethyl_ester_anaerobic_oxidative_cyclase_[Thiocapsa_sp.] -> GCF_018399035.1_ASM1839903v1_2646_WP_213457989.1_magnesium-protoporphyrin_IX_monomethyl_ester_anaerobic_oxidative_cyclase__Thiocapsa_sp._
GCF_029581395.1_ASM2958139v1_3374_WP_277807052.1_magnesium-protoporphyrin_IX_monomethyl_ester_anaerobic_oxidative_cyclase_[Roseinatronobacter_sp._S2] -> GCF_029581395.1_ASM2958139v1_3374_WP_277807052.1_magnesium-protoporphyrin_IX_monomethyl_ester_anaerobic_oxidative_cyclase__Roseinatronobacter_sp._S2_
GCF_022370455.1_ASM2237045v1_1588_WP_029648448.1_magnesium-protoporphyrin_IX_monomethyl_ester_anaerobic_oxidative_cyclase_[Methylocystis_sp._SB2] -> GCF_022370455.1_ASM2237045v1_1588_WP_029648448.1_magnesium-protoporphyrin_IX_monomethyl_ester_anaerobic_oxidative_cyclase__Methylocystis_sp._SB2_
GCF_001576595.1_ASM157659v1_1919_WP_061350852.1_magnesium-protoporphyrin_IX_monomethyl_ester_anaerobic_oxidative_cyclase_[Cereibacter_sphaeroides] -> GCF_001576595.1_ASM157659v1_1919_WP_061350852.1_magnesium-protoporphyrin_IX_monomethyl_ester_anaerobic_oxidative_cyclase__Cereibacter_sphaeroides_
GCF_000021865.1_ASM2186v1_669_WP_013066413.1_magnesium-protoporphyrin_IX_monomethyl_ester_anaerobic_oxidative_cyclase_[Rhodobacter_capsulatus] -> GCF_000021865.1_ASM2186v1_669_WP_013066413.1_magnesium-protoporphyrin_IX_monomethyl_ester_anaerobic_oxidative_cyclase__Rhodobacter_capsulatus_
GCF_021391315.1_ASM2139131v1_872_WP_108221399.1_MULTISPECIES__magnesium-protoporphyrin_IX_monomethyl_ester_anaerobic_oxidative_cyclase_[Cereibacter] -> GCF_021391315.1_ASM2139131v1_872_WP_108221399.1_MULTISPECIES__magnesium-protoporphyrin_IX_monomethyl_ester_anaerobic_oxidative_cyclase__Cereibacter_
GCF_008728195.1_ASM872819v1_1788_WP_057813946.1_magnesium-protoporphyrin_IX_monomethyl_ester_anaerobic_oxidative_cyclase_[Roseovarius_indicus] -> GCF_008728195.1_ASM872819v1_1788_WP_057813946.1_magnesium-protoporphyrin_IX_monomethyl_ester_anaerobic_oxidative_cyclase__Roseovarius_indicus_
GCF_019623905.1_ASM1962390v1_3241_WP_220661514.1_magnesium-protoporphyrin_IX_monomethyl_ester_anaerobic_oxidative_cyclase_[Rhodobacter_sp._N10] -> GCF_019623905.1_ASM1962390v1_3241_WP_220661514.1_magnesium-protoporphyrin_IX_monomethyl_ester_anaerobic_oxidative_cyclase__Rhodobacter_sp._N10_
GCF_009363715.1_ASM936371v1_1074_WP_152474127.1_magnesium-protoporphyrin_IX_monomethyl_ester_anaerobic_oxidative_cyclase_[Roseovarius_sp._THAF9] -> GCF_009363715.1_ASM936371v1_1074_WP_152474127.1_magnesium-protoporphyrin_IX_monomethyl_ester_anaerobic_oxidative_cyclase__Roseovarius_sp._THAF9_
GCF_014622665.1_ASM1462266v1_704_WP_055209583.1_magnesium-protoporphyrin_IX_monomethyl_ester_anaerobic_oxidative_cyclase_[Rhodobacter_capsulatus] -> GCF_014622665.1_ASM1462266v1_704_WP_055209583.1_magnesium-protoporphyrin_IX_monomethyl_ester_anaerobic_oxidative_cyclase__Rhodobacter_capsulatus_
GCF_002407205.1_ASM240720v1_2172_WP_096786189.1_magnesium-protoporphyrin_IX_monomethyl_ester_anaerobic_oxidative_cyclase_[Rhodobacter_sp._CZR27] -> GCF_002407205.1_ASM240720v1_2172_WP_096786189.1_magnesium-protoporphyrin_IX_monomethyl_ester_anaerobic_oxidative_cyclase__Rhodobacter_sp._CZR27_
GCF_003071405.1_ASM307140v1_689_WP_108642794.1_magnesium-protoporphyrin_IX_monomethyl_ester_anaerobic_oxidative_cyclase_[Fuscovulum_blasticum] -> GCF_003071405.1_ASM307140v1_689_WP_108642794.1_magnesium-protoporphyrin_IX_monomethyl_ester_anaerobic_oxidative_cyclase__Fuscovulum_blasticum_
GCF_001870665.2_ASM187066v2_583_WP_071479760.1_MULTISPECIES__magnesium-protoporphyrin_IX_monomethyl_ester_anaerobic_oxidative_cyclase_[Rhodobaca] -> GCF_001870665.2_ASM187066v2_583_WP_071479760.1_MULTISPECIES__magnesium-protoporphyrin_IX_monomethyl_ester_anaerobic_oxidative_cyclase__Rhodobaca_
GCF_003855495.1_ASM385549v1_3378_WP_124739857.1_magnesium-protoporphyrin_IX_monomethyl_ester_anaerobic_oxidative_cyclase_[Methylocystis_rosea] -> GCF_003855495.1_ASM385549v1_3378_WP_124739857.1_magnesium-protoporphyrin_IX_monomethyl_ester_anaerobic_oxidative_cyclase__Methylocystis_rosea_

                                                                                                                                                                Gap/Ambiguity  Composition  p-value
   1  GCF_000344805.1_ASM34480v1_5829_WP_042340283.1_magnesium-protoporphyrin_IX_monomethyl_ester_anaerobic_oxidative_cyclase__Bradyrhizobium_oligotrophicum_          25.80%    failed      0.00%
   2  GCF_002706325.1_ASM270632v1_1920_WP_061350852.1_magnesium-protoporphyrin_IX_monomethyl_ester_anaerobic_oxidative_cyclase__Cereibacter_sphaeroides_               24.44%    failed      0.00%
   3  GCF_003429265.1_ASM342926v1_870_WP_108221399.1_MULTISPECIES__magnesium-protoporphyrin_IX_monomethyl_ester_anaerobic_oxidative_cyclase__Cereibacter_              24.06%    failed      0.00%
   4  GCF_002813775.1_ASM281377v1_6314_WP_100923053.1_magnesium-protoporphyrin_IX_monomethyl_ester_anaerobic_oxidative_cyclase__Candidatus_Thiodictyon_syntrophicum_   24.73%    failed      0.00%
   5  GCF_021228795.1_ASM2122879v1_1782_WP_232409820.1_magnesium-protoporphyrin_IX_monomethyl_ester_anaerobic_oxidative_cyclase__Thiocapsa_bogorovii_                  25.02%    failed      0.00%
   6  GCF_012647365.1_ASM1264736v1_796_WP_061350852.1_magnesium-protoporphyrin_IX_monomethyl_ester_anaerobic_oxidative_cyclase__Cereibacter_sphaeroides_               24.44%    failed      0.00%
   7  GCF_001685625.1_ASM168562v1_1918_WP_061350852.1_magnesium-protoporphyrin_IX_monomethyl_ester_anaerobic_oxidative_cyclase__Cereibacter_sphaeroides_               24.44%    failed      0.00%
   8  GCF_005311585.1_ASM531158v1_957_WP_112330330.1_MULTISPECIES__magnesium-protoporphyrin_IX_monomethyl_ester_anaerobic_oxidative_cyclase__Cereibacter_              24.25%    failed      0.00%
   9  GCA_016745215.1_scaff03_2524_QQO54078.1_MAG__magnesium-protoporphyrin_IX_monomethyl_ester_anaerobic_oxidative_cyclase__Thiohalocapsa_sp._PB-PSB1_                25.51%    failed      0.00%
  10  GCF_000026145.1_ASM2614v1_1554_WP_011924758.1_magnesium-protoporphyrin_IX_monomethyl_ester_anaerobic_oxidative_cyclase__Bradyrhizobium_sp._ORS_278_              25.70%    failed      0.00%
  11  GCF_009363615.1_ASM936361v1_1948_WP_152458402.1_magnesium-protoporphyrin_IX_monomethyl_ester_anaerobic_oxidative_cyclase__Ruegeria_sp._THAF33_                   24.44%    failed      0.00%
  12  GCF_000015585.1_ASM1558v1_1649_WP_011814411.1_magnesium-protoporphyrin_IX_monomethyl_ester_anaerobic_oxidative_cyclase__Halorhodospira_halophila_                24.35%    failed      0.00%
  13  GCF_000021005.1_ASM2100v1_1547_WP_015920853.1_magnesium-protoporphyrin_IX_monomethyl_ester_anaerobic_oxidative_cyclase__Cereibacter_sphaeroides_                 24.44%    failed      0.00%
  14  GCF_022846615.1_ASM2284661v1_2179_WP_244459497.1_magnesium-protoporphyrin_IX_monomethyl_ester_anaerobic_oxidative_cyclase__Roseomonas_fluvialis_                 26.38%    failed      0.00%
  15  GCF_003324715.1_ASM332471v1_1920_WP_061350852.1_magnesium-protoporphyrin_IX_monomethyl_ester_anaerobic_oxidative_cyclase__Cereibacter_sphaeroides_               24.44%    failed      0.00%
  16  GCF_029277405.1_ASM2927740v1_671_WP_055209583.1_magnesium-protoporphyrin_IX_monomethyl_ester_anaerobic_oxidative_cyclase__Rhodobacter_capsulatus_                23.86%    failed      0.00%
  17  GCF_019203965.1_ASM1920396v1_613_WP_235692001.1_magnesium-protoporphyrin_IX_monomethyl_ester_anaerobic_oxidative_cyclase__Elioraea_tepida_                       39.61%    failed      0.25%
  18  GCF_022227035.1_ASM2222703v1_975_WP_108221399.1_MULTISPECIES__magnesium-protoporphyrin_IX_monomethyl_ester_anaerobic_oxidative_cyclase__Cereibacter_             24.06%    failed      0.00%
  19  GCF_000015165.1_ASM1516v1_5767_WP_012046020.1_MULTISPECIES__isoprenylcysteine_carboxylmethyltransferase_family_protein__Bradyrhizobium_                          61.64%    passed     42.14%
  20  GCF_018399035.1_ASM1839903v1_2646_WP_213457989.1_magnesium-protoporphyrin_IX_monomethyl_ester_anaerobic_oxidative_cyclase__Thiocapsa_sp._                        25.12%    failed      0.00%
  21  GCF_029581395.1_ASM2958139v1_3374_WP_277807052.1_magnesium-protoporphyrin_IX_monomethyl_ester_anaerobic_oxidative_cyclase__Roseinatronobacter_sp._S2_            26.57%    failed      0.13%
  22  GCF_022370455.1_ASM2237045v1_1588_WP_029648448.1_magnesium-protoporphyrin_IX_monomethyl_ester_anaerobic_oxidative_cyclase__Methylocystis_sp._SB2_                26.28%    failed      0.00%
  23  GCF_001576595.1_ASM157659v1_1919_WP_061350852.1_magnesium-protoporphyrin_IX_monomethyl_ester_anaerobic_oxidative_cyclase__Cereibacter_sphaeroides_               24.44%    failed      0.00%
  24  GCF_000021865.1_ASM2186v1_669_WP_013066413.1_magnesium-protoporphyrin_IX_monomethyl_ester_anaerobic_oxidative_cyclase__Rhodobacter_capsulatus_                   24.06%    failed      0.00%
  25  GCF_021391315.1_ASM2139131v1_872_WP_108221399.1_MULTISPECIES__magnesium-protoporphyrin_IX_monomethyl_ester_anaerobic_oxidative_cyclase__Cereibacter_             24.06%    failed      0.00%
  26  GCF_008728195.1_ASM872819v1_1788_WP_057813946.1_magnesium-protoporphyrin_IX_monomethyl_ester_anaerobic_oxidative_cyclase__Roseovarius_indicus_                   26.76%    failed      0.00%
  27  GCF_019623905.1_ASM1962390v1_3241_WP_220661514.1_magnesium-protoporphyrin_IX_monomethyl_ester_anaerobic_oxidative_cyclase__Rhodobacter_sp._N10_                  24.64%    failed      0.00%
  28  GCF_009363715.1_ASM936371v1_1074_WP_152474127.1_magnesium-protoporphyrin_IX_monomethyl_ester_anaerobic_oxidative_cyclase__Roseovarius_sp._THAF9_                 26.76%    failed      0.02%
  29  GCF_014622665.1_ASM1462266v1_704_WP_055209583.1_magnesium-protoporphyrin_IX_monomethyl_ester_anaerobic_oxidative_cyclase__Rhodobacter_capsulatus_                23.86%    failed      0.00%
  30  GCF_002407205.1_ASM240720v1_2172_WP_096786189.1_magnesium-protoporphyrin_IX_monomethyl_ester_anaerobic_oxidative_cyclase__Rhodobacter_sp._CZR27_                 24.15%    failed      0.00%
  31  GCF_003071405.1_ASM307140v1_689_WP_108642794.1_magnesium-protoporphyrin_IX_monomethyl_ester_anaerobic_oxidative_cyclase__Fuscovulum_blasticum_                   24.44%    failed      0.00%
  32  GCF_001870665.2_ASM187066v2_583_WP_071479760.1_MULTISPECIES__magnesium-protoporphyrin_IX_monomethyl_ester_anaerobic_oxidative_cyclase__Rhodobaca_                25.31%    failed      0.00%
  33  GCF_003855495.1_ASM385549v1_3378_WP_124739857.1_magnesium-protoporphyrin_IX_monomethyl_ester_anaerobic_oxidative_cyclase__Methylocystis_rosea_                   26.38%    failed      0.00%
  34  GCA_019285715.1_ASM1928571v1_crtF                                                                                                                                24.83%    passed      9.48%
  35  GCA_019739335.1_ASM1973933v1_crtF                                                                                                                                23.00%    passed     45.03%
  36  GCF_000013085.1_ASM1308v1_crtF                                                                                                                                   23.19%    passed     43.01%
  37  GCF_000013565.1_ASM1356v1_crtF                                                                                                                                   21.84%    passed     92.91%
  38  GCF_000014045.1_ASM1404v1_crtF                                                                                                                                   21.16%    passed    100.00%
  39  GCF_000015165.1_ASM1516v1_crtF                                                                                                                                   23.09%    passed     56.72%
  40  GCF_000015585.1_ASM1558v1_crtF                                                                                                                                   23.29%    passed     61.72%
  41  GCF_000016185.1_ASM1618v1_crtF                                                                                                                                   24.35%    passed     31.46%
  42  GCF_000019365.1_ASM1936v1_crtF                                                                                                                                   25.12%    failed      0.00%
  43  GCF_000019725.1_ASM1972v1_crtF                                                                                                                                   25.12%    failed      1.71%
  44  GCF_000019945.1_ASM1994v1_crtF                                                                                                                                   24.15%    passed     78.62%
  45  GCF_000021005.1_ASM2100v1_crtF                                                                                                                                   23.48%    passed     94.79%
  46  GCF_000022685.1_ASM2268v1_crtF                                                                                                                                   24.06%    passed     34.85%
  47  GCF_000025485.1_ASM2548v1_crtF                                                                                                                                   22.22%    passed     99.60%
  48  GCF_000026145.1_ASM2614v1_crtF                                                                                                                                   23.67%    passed     42.06%
  49  GCF_000083545.1_ASM8354v1_crtF                                                                                                                                   23.96%    passed     23.70%
  50  GCF_000154785.2_ASM15478v2_crtF                                                                                                                                  21.26%    passed    100.00%
  51  GCF_000195775.2_ASM19577v2_crtF                                                                                                                                  22.61%    passed     87.16%
  52  GCF_000202835.1_ASM20283v1_crtF                                                                                                                                  24.54%    failed      0.02%
  53  GCF_000224005.2_ASM22400v3_crtF                                                                                                                                  19.61%    passed     97.90%
  54  GCF_000364445.2_ASM36444v2_crtF                                                                                                                                  26.76%    passed     17.46%
  55  GCF_000590925.1_ASM59092v1_crtF                                                                                                                                  21.16%    passed    100.00%
  56  GCF_000738435.1_ASM73843v1_crtF                                                                                                                                  20.77%    passed     59.20%
  57  GCF_000935025.1_ASM93502v1_crtF                                                                                                                                  23.57%    passed     48.54%
  58  GCF_001304795.1_ASM130479v1_crtF                                                                                                                                 25.02%    passed     69.17%
  59  GCF_001548015.1_ASM154801v1_crtF                                                                                                                                 25.31%    failed      0.01%
  60  GCF_001548075.1_ASM154807v1_crtF                                                                                                                                 22.03%    passed     54.71%
  61  GCF_001633165.1_ASM163316v1_crtF                                                                                                                                 22.13%    passed     52.64%
  62  GCF_001663175.1_ASM166317v1_crtF                                                                                                                                 22.03%    passed     82.09%
  63  GCF_001685625.1_ASM168562v1_crtF                                                                                                                                 23.29%    passed     98.74%
  64  GCF_001719165.1_ASM171916v1_crtF                                                                                                                                 21.45%    passed     99.69%
  65  GCF_001720465.1_ASM172046v1_crtF                                                                                                                                 22.13%    passed     90.89%
  66  GCF_001854385.1_ASM185438v1_crtF                                                                                                                                 25.12%    failed      1.88%
  67  GCF_001955735.1_ASM195573v1_crtF                                                                                                                                 29.18%    passed     20.74%
  68  GCF_001969365.1_ASM196936v1_crtF                                                                                                                                 22.22%    passed     99.90%
  69  GCF_001971665.1_ASM197166v1_crtF                                                                                                                                 24.15%    passed     38.31%
  70  GCF_002002865.1_ASM200286v1_crtF                                                                                                                                 24.93%    passed      6.11%
  71  GCF_002079305.1_ASM207930v1_crtF                                                                                                                                 20.77%    passed     99.72%
  72  GCF_002080415.1_ASM208041v1_crtF                                                                                                                                 22.51%    passed     92.44%
  73  GCF_002706325.1_ASM270632v1_crtF                                                                                                                                 23.29%    passed     98.74%
  74  GCF_002868735.1_ASM286873v1_crtF                                                                                                                                 23.09%    passed     49.12%
  75  GCF_002952215.1_ASM295221v1_crtF                                                                                                                                 36.04%    passed     88.53%
  76  GCF_002983865.1_ASM298386v1_crtF                                                                                                                                 21.16%    passed    100.00%
  77  GCF_003031245.1_ASM303124v1_crtF                                                                                                                                 22.13%    passed     97.26%
  78  GCF_003071405.1_ASM307140v1_crtF                                                                                                                                 23.38%    passed     99.24%
  79  GCF_003173715.1_ASM317371v1_crtF                                                                                                                                 23.96%    passed      6.53%
  80  GCF_003173735.1_ASM317373v1_crtF                                                                                                                                 24.83%    failed      0.11%
  81  GCF_003173775.1_ASM317377v1_crtF                                                                                                                                 25.22%    failed      0.15%
  82  GCF_003324715.1_ASM332471v1_crtF                                                                                                                                 23.29%    passed     98.74%
  83  GCF_003429265.1_ASM342926v1_crtF                                                                                                                                 23.48%    passed     95.39%
  84  GCF_003431825.1_ASM343182v1_crtF                                                                                                                                 22.32%    passed     99.48%
  85  GCF_003940805.1_ASM394080v1_crtF                                                                                                                                 24.73%    passed     90.48%
  86  GCF_004216475.1_ASM421647v1_crtF                                                                                                                                 22.13%    passed     94.40%
  87  GCF_004331955.1_ASM433195v1_crtF                                                                                                                                 21.84%    passed     61.02%
  88  GCF_004354345.1_ASM435434v1_crtF                                                                                                                                 24.54%    passed     12.07%
  89  GCF_006740745.1_ASM674074v1_crtF                                                                                                                                 23.96%    passed     69.30%
  90  GCF_007954425.1_ASM795442v1_crtF                                                                                                                                 24.25%    passed     88.99%
  91  GCF_008000915.1_ASM800091v1_crtF                                                                                                                                 21.16%    passed     86.61%
  92  GCF_008728195.1_ASM872819v1_crtF                                                                                                                                 23.09%    passed      7.66%
  93  GCF_009363255.1_ASM936325v1_crtF                                                                                                                                 23.67%    passed    100.00%
  94  GCF_009363655.1_ASM936365v1_crtF                                                                                                                                 22.51%    passed     96.71%
  95  GCF_009363715.1_ASM936371v1_crtF                                                                                                                                 22.03%    passed     99.89%
  96  GCF_009363735.1_ASM936373v1_crtF                                                                                                                                 22.51%    passed     96.53%
  97  GCF_009664085.1_ASM966408v1_crtF                                                                                                                                 21.74%    passed     99.99%
  98  GCF_009685175.1_ASM968517v1_crtF                                                                                                                                 22.80%    passed     83.96%
  99  GCF_009707465.1_ASM970746v1_crtF                                                                                                                                 25.70%    passed     28.21%
 100  GCF_010104355.1_ASM1010435v1_crtF                                                                                                                                22.42%    passed     82.97%
 101  GCF_011044255.1_ASM1104425v1_crtF                                                                                                                                23.48%    passed     77.96%
 102  GCF_011047315.1_ASM1104731v1_crtF                                                                                                                                22.03%    passed     99.30%
 103  GCF_011290485.1_ASM1129048v1_crtF                                                                                                                                22.61%    passed     96.02%
 104  GCF_012647365.1_ASM1264736v1_crtF                                                                                                                                23.29%    passed     98.74%
 105  GCF_013374095.1_ASM1337409v1_crtF                                                                                                                                23.67%    passed     53.13%
 106  GCF_014681765.1_ASM1468176v1_crtF                                                                                                                                22.90%    passed     99.90%
 107  GCF_016806835.2_ASM1680683v2_crtF                                                                                                                                23.86%    failed      1.46%
 108  GCF_016839165.1_ASM1683916v1_crtF                                                                                                                                22.51%    passed      8.88%
 109  GCF_017498565.1_ASM1749856v1_crtF                                                                                                                                19.42%    failed      0.28%
 110  GCF_018200035.1_ASM1820003v1_crtF                                                                                                                                22.90%    passed     88.93%
 111  GCF_018205975.1_ASM1820597v1_crtF                                                                                                                                21.64%    passed     85.08%
 112  GCF_018399035.1_ASM1839903v1_crtF                                                                                                                                21.55%    passed     99.81%
 113  GCF_018409545.1_ASM1840954v1_crtF                                                                                                                                22.13%    passed     98.85%
 114  GCF_018687415.1_ASM1868741v1_crtF                                                                                                                                18.36%    failed      3.48%
 115  GCF_018687675.1_ASM1868767v1_crtF                                                                                                                                17.97%    failed      0.00%
 116  GCF_018688255.1_ASM1868825v1_crtF                                                                                                                                17.87%    failed      0.00%
 117  GCF_019134555.1_ASM1913455v1_crtF                                                                                                                                23.19%    passed     43.01%
 118  GCF_019203965.1_ASM1920396v1_crtF                                                                                                                                24.93%    failed      0.74%
 119  GCF_019431245.1_ASM1943124v1_crtF                                                                                                                                26.28%    passed     53.97%
 120  GCF_019904235.1_ASM1990423v1_crtF                                                                                                                                20.97%    passed     99.94%
 121  GCF_019973775.1_ASM1997377v1_crtF                                                                                                                                23.38%    passed     85.30%
 122  GCF_021088345.1_ASM2108834v1_crtF                                                                                                                                23.67%    passed     48.38%
 123  GCF_021398735.1_ASM2139873v1_crtF                                                                                                                                24.44%    passed      7.42%
 124  GCF_022370455.1_ASM2237045v1_crtF                                                                                                                                22.90%    passed     85.92%
 125  GCF_022533465.1_ASM2253346v1_crtF                                                                                                                                23.57%    passed     58.23%
 126  GCF_022846615.1_ASM2284661v1_crtF                                                                                                                                23.48%    passed     41.81%
 127  GCF_023546765.1_ASM2354676v1_crtF                                                                                                                                26.57%    passed     61.07%
 128  GCF_023558335.1_ASM2355833v1_crtF                                                                                                                                28.99%    passed     99.92%
 129  GCF_024496245.1_ASM2449624v1_crtF                                                                                                                                23.09%    passed     72.81%
 130  GCF_024758705.1_ASM2475870v1_crtF                                                                                                                                25.31%    passed      7.21%
 131  GCF_025141935.1_ASM2514193v1_crtF                                                                                                                                21.93%    passed     98.09%
 132  GCF_025811215.1_ASM2581121v1_crtF                                                                                                                                21.93%    passed     98.87%
 133  GCF_025813715.1_ASM2581371v1_crtF                                                                                                                                24.54%    passed     13.64%
 134  GCF_025917005.1_ASM2591700v1_crtF                                                                                                                                21.93%    passed     93.22%
 135  GCF_026122595.1_ASM2612259v1_crtF                                                                                                                                24.06%    passed     24.69%
 136  GCF_026167525.1_ASM2616752v1_crtF                                                                                                                                23.29%    passed     50.40%
 137  GCF_026625025.1_ASM2662502v1_crtF                                                                                                                                22.61%    passed     87.16%
 138  GCF_026898155.1_ASM2689815v1_crtF                                                                                                                                40.29%    passed     58.09%
 139  GCF_027271155.1_ASM2727115v1_crtF                                                                                                                                24.25%    passed     13.60%
 140  GCF_027886585.1_ASM2788658v1_crtF                                                                                                                                22.22%    passed    100.00%
 141  GCF_027943985.1_ASM2794398v1_crtF                                                                                                                                18.65%    failed      0.00%
 142  GCF_029277405.1_ASM2927740v1_crtF                                                                                                                                22.71%    passed     99.97%
 143  GCF_029581395.1_ASM2958139v1_crtF                                                                                                                                26.09%    passed     99.36%
 144  GCF_029691625.1_ASM2969162v1_crtF                                                                                                                                24.93%    passed     38.28%
 145  GCF_029714205.1_ASM2971420v1_crtF                                                                                                                                27.05%    failed      0.00%
 146  GCF_030297555.1_ASM3029755v1_crtF                                                                                                                                19.71%    passed     85.12%
 147  GCF_030297575.1_ASM3029757v1_crtF                                                                                                                                19.52%    passed     75.89%
 148  GCF_030297595.1_ASM3029759v1_crtF                                                                                                                                19.42%    passed     67.10%
 149  GCF_030297635.1_ASM3029763v1_crtF                                                                                                                                19.42%    passed     66.11%
 150  GCF_030297655.1_ASM3029765v1_crtF                                                                                                                                19.52%    passed     78.51%
 151  GCF_900176205.1_BRAD285_PRJEB202261_v1_crtF                                                                                                                      23.57%    passed     47.87%
WARNING: 1 sequences contain more than 50% gaps/ambiguity
****  TOTAL                                                                                                                                                            23.97%  47 sequences failed composition chi2 test (p-value<5%; df=19)
NOTE: GCF_012647365.1_ASM1264736v1_796_WP_061350852.1_magnesium-protoporphyrin_IX_monomethyl_ester_anaerobic_oxidative_cyclase__Cereibacter_sphaeroides_ is identical to GCF_002706325.1_ASM270632v1_1920_WP_061350852.1_magnesium-protoporphyrin_IX_monomethyl_ester_anaerobic_oxidative_cyclase__Cereibacter_sphaeroides_ but kept for subsequent analysis
NOTE: GCF_022227035.1_ASM2222703v1_975_WP_108221399.1_MULTISPECIES__magnesium-protoporphyrin_IX_monomethyl_ester_anaerobic_oxidative_cyclase__Cereibacter_ is identical to GCF_003429265.1_ASM342926v1_870_WP_108221399.1_MULTISPECIES__magnesium-protoporphyrin_IX_monomethyl_ester_anaerobic_oxidative_cyclase__Cereibacter_ but kept for subsequent analysis
NOTE: GCF_014622665.1_ASM1462266v1_704_WP_055209583.1_magnesium-protoporphyrin_IX_monomethyl_ester_anaerobic_oxidative_cyclase__Rhodobacter_capsulatus_ is identical to GCF_029277405.1_ASM2927740v1_671_WP_055209583.1_magnesium-protoporphyrin_IX_monomethyl_ester_anaerobic_oxidative_cyclase__Rhodobacter_capsulatus_ but kept for subsequent analysis
NOTE: GCF_019134555.1_ASM1913455v1_crtF is identical to GCF_000013085.1_ASM1308v1_crtF but kept for subsequent analysis
NOTE: GCF_002983865.1_ASM298386v1_crtF is identical to GCF_000014045.1_ASM1404v1_crtF but kept for subsequent analysis
NOTE: GCF_026625025.1_ASM2662502v1_crtF is identical to GCF_000195775.2_ASM19577v2_crtF but kept for subsequent analysis
NOTE: GCF_002706325.1_ASM270632v1_crtF is identical to GCF_001685625.1_ASM168562v1_crtF but kept for subsequent analysis
NOTE: 6 identical sequences (see below) will be ignored for subsequent analysis
NOTE: GCF_001685625.1_ASM168562v1_1918_WP_061350852.1_magnesium-protoporphyrin_IX_monomethyl_ester_anaerobic_oxidative_cyclase__Cereibacter_sphaeroides_ (identical to GCF_002706325.1_ASM270632v1_1920_WP_061350852.1_magnesium-protoporphyrin_IX_monomethyl_ester_anaerobic_oxidative_cyclase__Cereibacter_sphaeroides_) is ignored but added at the end
NOTE: GCF_003324715.1_ASM332471v1_1920_WP_061350852.1_magnesium-protoporphyrin_IX_monomethyl_ester_anaerobic_oxidative_cyclase__Cereibacter_sphaeroides_ (identical to GCF_002706325.1_ASM270632v1_1920_WP_061350852.1_magnesium-protoporphyrin_IX_monomethyl_ester_anaerobic_oxidative_cyclase__Cereibacter_sphaeroides_) is ignored but added at the end
NOTE: GCF_001576595.1_ASM157659v1_1919_WP_061350852.1_magnesium-protoporphyrin_IX_monomethyl_ester_anaerobic_oxidative_cyclase__Cereibacter_sphaeroides_ (identical to GCF_002706325.1_ASM270632v1_1920_WP_061350852.1_magnesium-protoporphyrin_IX_monomethyl_ester_anaerobic_oxidative_cyclase__Cereibacter_sphaeroides_) is ignored but added at the end
NOTE: GCF_021391315.1_ASM2139131v1_872_WP_108221399.1_MULTISPECIES__magnesium-protoporphyrin_IX_monomethyl_ester_anaerobic_oxidative_cyclase__Cereibacter_ (identical to GCF_003429265.1_ASM342926v1_870_WP_108221399.1_MULTISPECIES__magnesium-protoporphyrin_IX_monomethyl_ester_anaerobic_oxidative_cyclase__Cereibacter_) is ignored but added at the end
NOTE: GCF_003324715.1_ASM332471v1_crtF (identical to GCF_001685625.1_ASM168562v1_crtF) is ignored but added at the end
NOTE: GCF_012647365.1_ASM1264736v1_crtF (identical to GCF_001685625.1_ASM168562v1_crtF) is ignored but added at the end
Alignment was printed to bchE_crtF_official_SiLiX.phy.uniqueseq.phy

For your convenience alignment with unique sequences printed to bchE_crtF_official_SiLiX.phy.uniqueseq.phy


Create initial parsimony tree by phylogenetic likelihood library (PLL)... 0.074 seconds
Perform fast likelihood tree search using LG+I+G model...
Estimate model parameters (epsilon = 5.000)
Perform nearest neighbor interchange...
Estimate model parameters (epsilon = 1.000)
1. Initial log-likelihood: -85751.459
Optimal log-likelihood: -85751.452
Proportion of invariable sites: 0.024
Gamma shape alpha: 1.101
Parameters optimization took 1 rounds (0.367 sec)
Time for fast ML tree search: 3.626 seconds

NOTE: ModelFinder requires 235 MB RAM!
ModelFinder will test up to 546 protein models (sample size: 1035) ...
 No. Model         -LnL         df  AIC          AICc         BIC
  1  LG            89572.830    287 179719.661   179940.962   181138.060
  2  LG+I          89061.464    288 178698.928   178922.070   180122.269
  3  LG+G4         85772.247    288 172120.494   172343.636   173543.835
  4  LG+I+G4       85751.455    289 172080.909   172305.902   173509.192
  5  LG+R2         86402.039    289 173382.078   173607.071   174810.361
  6  LG+R3         85818.835    291 172219.671   172448.398   173657.839
  7  LG+R4         85666.027    293 171918.055   172150.557   173366.106
  8  LG+R5         85623.727    295 171837.455   172073.774   173295.391
  9  LG+R6         85617.723    297 171829.447   172069.626   173297.267
 21  LG+F+R5       68042.926    314 136713.853   136988.603   138265.690
 22  LG+F+R6       68021.733    316 136675.467   136954.498   138237.188
 34  WAG+R5        85173.902    295 170937.805   171174.124   172395.741
 35  WAG+R6        85168.096    297 170930.192   171170.371   172398.013
 47  WAG+F+R5      68198.226    314 137024.452   137299.202   138576.289
 48  WAG+F+R6      68177.486    316 136986.972   137266.003   138548.693
 60  JTT+R5        86860.239    295 174310.478   174546.797   175768.414
 61  JTT+R6        86848.721    297 174291.443   174531.622   175759.263
 73  JTT+F+R5      71235.768    314 143099.536   143374.286   144651.373
 74  JTT+F+R6      71200.707    316 143033.414   143312.445   144595.135
 86  JTTDCMut+R5   86674.192    295 173938.385   174174.704   175396.321
 87  JTTDCMut+R6   86662.123    297 173918.245   174158.424   175386.066
 99  JTTDCMut+F+R5 71106.486    314 142840.972   143115.722   144392.810
100  JTTDCMut+F+R6 71067.776    316 142767.552   143046.583   144329.273
112  DCMut+R5      91466.794    295 183523.587   183759.907   184981.523
113  DCMut+R6      91432.506    297 183459.011   183699.191   184926.832
125  DCMut+F+R5    74888.360    314 150404.720   150679.470   151956.557
126  DCMut+F+R6    74878.100    316 150388.199   150667.230   151949.921
138  VT+R5         85349.604    295 171289.208   171525.528   172747.145
139  VT+R6         85341.305    297 171276.610   171516.789   172744.431
151  VT+F+R5       67734.939    314 136097.878   136372.628   137649.715
152  VT+F+R6       67717.267    316 136066.534   136345.565   137628.256
164  PMB+R5        83498.398    295 167586.797   167823.116   169044.733
165  PMB+R6        83493.060    297 167580.121   167820.300   169047.941
177  PMB+F+R5      67376.779    314 135381.557   135656.307   136933.395
178  PMB+F+R6      67368.114    316 135368.229   135647.259   136929.950
190  Blosum62+R5   83460.459    295 167510.919   167747.238   168968.855
191  Blosum62+R6   83455.858    297 167505.716   167745.896   168973.537
203  Blosum62+F+R5 66855.781    314 134339.563   134614.313   135891.400
204  Blosum62+F+R6 66845.509    316 134323.017   134602.048   135884.739
216  Dayhoff+R5    91459.611    295 183509.221   183745.541   184967.158
217  Dayhoff+R6    91425.138    297 183444.275   183684.455   184912.096
229  Dayhoff+F+R5  74888.321    314 150404.643   150679.393   151956.480
230  Dayhoff+F+R6  74876.814    316 150385.628   150664.658   151947.349
242  mtREV+R5      91598.420    295 183786.841   184023.160   185244.777
243  mtREV+R6      91572.988    297 183739.977   183980.156   185207.797
255  mtREV+F+R5    73211.848    314 147051.696   147326.446   148603.534
256  mtREV+F+R6    73169.728    316 146971.457   147250.487   148533.178
268  mtART+R5      89764.163    295 180118.326   180354.645   181576.262
269  mtART+R6      89721.110    297 180036.220   180276.399   181504.041
281  mtART+F+R5    69647.316    314 139922.632   140197.382   141474.469
282  mtART+F+R6    69591.575    316 139815.150   140094.181   141376.872
294  mtZOA+R5      85451.038    295 171492.075   171728.394   172950.011
295  mtZOA+R6      85428.099    297 171450.198   171690.377   172918.018
307  mtZOA+F+R5    68687.540    314 138003.081   138277.831   139554.918
308  mtZOA+F+R6    68637.281    316 137906.563   138185.593   139468.284
320  mtMet+R5      89525.042    295 179640.084   179876.403   181098.020
321  mtMet+R6      89503.644    297 179601.288   179841.467   181069.108
333  mtMet+F+R5    71574.376    314 143776.753   144051.503   145328.590
334  mtMet+F+R6    71542.627    316 143717.254   143996.284   145278.975
346  mtVer+R5      91474.662    295 183539.323   183775.643   184997.260
347  mtVer+R6      91442.192    297 183478.384   183718.564   184946.205
359  mtVer+F+R5    75079.026    314 150786.052   151060.802   152337.890
360  mtVer+F+R6    75057.310    316 150746.620   151025.650   152308.341
372  mtInv+R5      88406.581    295 177403.163   177639.482   178861.099
373  mtInv+R6      88389.682    297 177373.365   177613.544   178841.185
385  mtInv+F+R5    68740.548    314 138109.095   138383.845   139660.933
386  mtInv+F+R6    68707.198    316 138046.397   138325.427   139608.118
398  mtMAM+R5      100521.499   295 201632.997   201869.317   203090.933
399  mtMAM+R6      100453.107   297 201500.214   201740.393   202968.035
411  mtMAM+F+R5    82212.063    314 165052.127   165326.877   166603.964
412  mtMAM+F+R6    82189.381    316 165010.763   165289.793   166572.484
424  HIVb+R5       95315.895    295 191221.790   191458.109   192679.726
425  HIVb+R6       95287.489    297 191168.977   191409.156   192636.798
437  HIVb+F+R5     77931.819    314 156491.638   156766.388   158043.475
438  HIVb+F+R6     77863.765    316 156359.530   156638.561   157921.252
450  HIVw+R5       106485.483   295 213560.966   213797.285   215018.902
451  HIVw+R6       106440.271   297 213474.542   213714.721   214942.363
463  HIVw+F+R5     83979.567    314 168587.133   168861.883   170138.970
464  HIVw+F+R6     83970.905    316 168573.811   168852.841   170135.532
476  FLU+R5        98982.816    295 198555.633   198791.952   200013.569
477  FLU+R6        98943.876    297 198481.751   198721.931   199949.572
489  FLU+F+R5      77887.449    314 156402.898   156677.648   157954.735
490  FLU+F+R6      77862.235    316 156356.470   156635.501   157918.192
502  rtREV+R5      85265.908    295 171121.816   171358.135   172579.752
503  rtREV+R6      85255.852    297 171105.705   171345.884   172573.525
515  rtREV+F+R5    68330.861    314 137289.722   137564.472   138841.559
516  rtREV+F+R6    68307.287    316 137246.573   137525.604   138808.295
528  cpREV+R5      87348.768    295 175287.536   175523.855   176745.472
529  cpREV+R6      87328.837    297 175251.673   175491.852   176719.494
541  cpREV+F+R5    69720.285    314 140068.571   140343.321   141620.408
542  cpREV+F+R6    69668.955    316 139969.910   140248.940   141531.631
Akaike Information Criterion:           Blosum62+F+R6
Corrected Akaike Information Criterion: Blosum62+F+R6
Bayesian Information Criterion:         Blosum62+F+R6
Best-fit model: Blosum62+F+R6 chosen according to BIC

All model information printed to bchE_crtF_official_SiLiX.phy.model.gz
CPU time for ModelFinder: 34101.835 seconds (9h:28m:21s)
Wall-clock time for ModelFinder: 3443.974 seconds (0h:57m:23s)
WARNING: States(s) N, D, Q, E, I, L, K, F, P, V rarely appear in alignment and may cause numerical problems
Generating 1000 samples for ultrafast bootstrap (seed: 726418)...

NOTE: 142 MB RAM (0 GB) is required!
Estimate model parameters (epsilon = 0.100)
1. Initial log-likelihood: -66845.509
Optimal log-likelihood: -66845.494
Site proportion and rates:  (0.176,0.076) (0.134,0.317) (0.249,0.729) (0.278,1.336) (0.132,2.147) (0.031,3.434)
Parameters optimization took 1 rounds (2.984 sec)
Computing ML distances based on estimated model parameters... 6.001 sec
Computing BIONJ tree...
0.014 seconds
Log-likelihood of BIONJ tree: -67342.670
--------------------------------------------------------------------
|             INITIALIZING CANDIDATE TREE SET                      |
--------------------------------------------------------------------
Generating 98 parsimony trees... 7.265 second
Computing log-likelihood of 98 initial trees ... 21.978 seconds
Current best score: -66845.494

Do NNI search on 20 best initial trees
Estimate model parameters (epsilon = 0.100)
BETTER TREE FOUND at iteration 1: -66771.183
Estimate model parameters (epsilon = 0.100)
BETTER TREE FOUND at iteration 2: -66753.706
Estimate model parameters (epsilon = 0.100)
BETTER TREE FOUND at iteration 5: -66750.916
Iteration 10 / LogL: -66806.633 / Time: 0h:1m:36s
Iteration 20 / LogL: -66766.080 / Time: 0h:2m:24s
Finish initializing candidate tree set (20)
Current best tree score: -66750.916 / CPU time: 138.922
Number of iterations: 20
--------------------------------------------------------------------
|               OPTIMIZING CANDIDATE TREE SET                      |
--------------------------------------------------------------------
Iteration 30 / LogL: -66760.227 / Time: 0h:3m:16s (0h:8m:29s left)
Estimate model parameters (epsilon = 0.100)
BETTER TREE FOUND at iteration 32: -66749.185
Estimate model parameters (epsilon = 0.100)
BETTER TREE FOUND at iteration 36: -66745.911
Iteration 40 / LogL: -66746.805 / Time: 0h:4m:13s (0h:10m:24s left)
Iteration 50 / LogL: -66758.862 / Time: 0h:5m:8s (0h:9m:1s left)
Log-likelihood cutoff on original alignment: -66830.097
Estimate model parameters (epsilon = 0.100)
BETTER TREE FOUND at iteration 58: -66738.708
Iteration 60 / LogL: -66749.803 / Time: 0h:6m:8s (0h:10m:12s left)
Estimate model parameters (epsilon = 0.100)
BETTER TREE FOUND at iteration 65: -66734.965
Iteration 70 / LogL: -66801.460 / Time: 0h:7m:6s (0h:9m:47s left)
Estimate model parameters (epsilon = 0.100)
BETTER TREE FOUND at iteration 79: -66732.037
Iteration 80 / LogL: -66738.693 / Time: 0h:8m:3s (0h:10m:6s left)
Iteration 90 / LogL: -66769.117 / Time: 0h:8m:54s (0h:8m:54s left)
Iteration 100 / LogL: -66733.000 / Time: 0h:9m:46s (0h:7m:48s left)
Log-likelihood cutoff on original alignment: -66829.423
NOTE: Bootstrap correlation coefficient of split occurrence frequencies: 0.967
NOTE: UFBoot does not converge, continue at least 100 more iterations
Estimate model parameters (epsilon = 0.100)
BETTER TREE FOUND at iteration 110: -66729.125
Iteration 110 / LogL: -66729.125 / Time: 0h:10m:43s (0h:9m:50s left)
Iteration 120 / LogL: -66746.092 / Time: 0h:11m:35s (0h:8m:46s left)
Iteration 130 / LogL: -66742.469 / Time: 0h:12m:29s (0h:7m:44s left)
Iteration 140 / LogL: -66760.109 / Time: 0h:13m:20s (0h:6m:43s left)
Iteration 150 / LogL: -66758.250 / Time: 0h:14m:13s (0h:5m:43s left)
Log-likelihood cutoff on original alignment: -66825.128
Iteration 160 / LogL: -66734.602 / Time: 0h:15m:4s (0h:4m:44s left)
Iteration 170 / LogL: -66731.401 / Time: 0h:15m:52s (0h:3m:45s left)
Iteration 180 / LogL: -66746.470 / Time: 0h:16m:43s (0h:2m:48s left)
Iteration 190 / LogL: -66754.483 / Time: 0h:17m:35s (0h:1m:51s left)
Iteration 200 / LogL: -66736.936 / Time: 0h:18m:30s (0h:0m:55s left)
Log-likelihood cutoff on original alignment: -66825.128
NOTE: Bootstrap correlation coefficient of split occurrence frequencies: 0.997
Iteration 210 / LogL: -66731.792 / Time: 0h:19m:20s (0h:8m:19s left)
TREE SEARCH COMPLETED AFTER 211 ITERATIONS / Time: 0h:19m:24s

--------------------------------------------------------------------
|                    FINALIZING TREE SEARCH                        |
--------------------------------------------------------------------
Performs final model parameters optimization
Estimate model parameters (epsilon = 0.010)
1. Initial log-likelihood: -66729.125
2. Current log-likelihood: -66729.108
3. Current log-likelihood: -66729.095
4. Current log-likelihood: -66729.082
5. Current log-likelihood: -66729.072
6. Current log-likelihood: -66729.061
Optimal log-likelihood: -66729.048
Site proportion and rates:  (0.173,0.074) (0.140,0.315) (0.255,0.735) (0.283,1.365) (0.121,2.224) (0.029,3.494)
Parameters optimization took 6 rounds (9.901 sec)
BEST SCORE FOUND : -66729.048
Creating bootstrap support values...
Split supports printed to NEXUS file bchE_crtF_official_SiLiX.phy.splits.nex
Total tree length: 24.656

Total number of iterations: 211
CPU time used for tree search: 11469.574 sec (3h:11m:9s)
Wall-clock time used for tree search: 1158.489 sec (0h:19m:18s)
Total CPU time used: 11627.649 sec (3h:13m:47s)
Total wall-clock time used: 1174.785 sec (0h:19m:34s)

Computing bootstrap consensus tree...
Reading input file bchE_crtF_official_SiLiX.phy.splits.nex...
145 taxa and 711 splits.
Consensus tree written to bchE_crtF_official_SiLiX.phy.contree
Reading input trees file bchE_crtF_official_SiLiX.phy.contree
Log-likelihood of consensus tree: -66733.882

Analysis results written to: 
  IQ-TREE report:                bchE_crtF_official_SiLiX.phy.iqtree
  Maximum-likelihood tree:       bchE_crtF_official_SiLiX.phy.treefile
  Likelihood distances:          bchE_crtF_official_SiLiX.phy.mldist

Ultrafast bootstrap approximation results written to:
  Split support values:          bchE_crtF_official_SiLiX.phy.splits.nex
  Consensus tree:                bchE_crtF_official_SiLiX.phy.contree
  Screen log file:               bchE_crtF_official_SiLiX.phy.log

Date and Time: Thu Jun 27 17:37:52 2024
