IQ-TREE multicore version 2.1.4-beta COVID-edition for Linux 64-bit built Jun 24 2021
Developed by Bui Quang Minh, James Barbetti, Nguyen Lam Tung,
Olga Chernomor, Heiko Schmidt, Dominik Schrempf, Michael Woodhams.

Host:    morrowind (AVX2, FMA3, 503 GB RAM)
Command: iqtree2 -s results/fasta_PGC/gene_trimmed/PGC_bchE_trim.phy -pre results/tree/PGC_bchE/PGC_bchE
Seed:    564580 (Using SPRNG - Scalable Parallel Random Number Generator)
Time:    Thu Jun 20 09:53:29 2024
Kernel:  AVX+FMA - 1 threads (128 CPU cores detected)

HINT: Use -nt option to specify number of threads because your CPU has 128 cores!
HINT: -nt AUTO will automatically determine the best number of threads to use.

Reading alignment file results/fasta_PGC/gene_trimmed/PGC_bchE_trim.phy ... Phylip format detected
Alignment most likely contains protein sequences
WARNING: 25 sites contain only gaps or ambiguous characters.
Alignment has 131 sequences with 1044 columns, 945 distinct patterns
812 parsimony-informative, 74 singleton sites, 158 constant sites
                                              Gap/Ambiguity  Composition  p-value
   1  GCA_011765465.1_ASM1176546v1                   21.93%    passed     99.89%
   2  GCA_015693905.1_ASM1569390v1                   21.17%    passed     98.32%
   3  GCA_016745215.1_scaff03                        21.36%    passed     93.13%
   4  GCA_000013365.1_ASM1336v1                      22.51%    passed    100.00%
   5  GCA_000018145.1_ASM1814v1                      29.02%    passed     99.58%
   6  GCA_000018845.1_ASM1884v1                      24.33%    passed     98.99%
   7  GCA_000020445.1_ASM2044v1                      22.80%    passed    100.00%
   8  GCA_000021745.1_ASM2174v1                      23.08%    passed     99.60%
   9  GCA_000021845.1_ASM2184v1                      24.14%    passed     95.52%
  10  GCA_000021865.1_ASM2186v1                      22.89%    passed     82.52%
  11  GCA_000144605.1_ASM14460v1                     24.52%    passed     92.01%
  12  GCA_000166055.1_ASM16605v1                     24.33%    passed     99.97%
  13  GCA_000225955.1_ASM22595v1                     23.08%    passed     99.09%
  14  GCA_000227745.2_ASM22774v3                     22.51%    passed    100.00%
  15  GCA_000284255.1_ASM28425v1                     22.32%    passed     97.35%
  16  GCA_000284275.1_ASM28427v1                     22.22%    passed     95.01%
  17  GCA_000284415.1_ASM28441v2                     51.92%    passed     99.89%
  18  GCA_000327045.1_ASM32704v1                     22.32%    passed    100.00%
  19  GCA_000344805.1_ASM34480v1                     23.37%    passed     99.46%
  20  GCA_000512205.2_ASM51220v2                     26.72%    passed     99.90%
  21  GCA_000757795.1_ASM75779v1                     24.33%    passed     96.75%
  22  GCA_000973625.1_ASM97362v1                     28.45%    failed      0.00%
  23  GCA_001412535.1_ASM141253v1                    20.50%    passed     40.93%
  24  GCA_001412575.1_ASM141257v1                    19.64%    passed     13.78%
  25  GCA_001483865.1_ASM148386v1                    24.33%    passed     54.69%
  26  GCA_001542815.1_ASM154281v1                    24.23%    passed     96.23%
  27  GCA_001576595.1_ASM157659v1                    23.47%    passed     98.65%
  28  GCA_001632845.1_ASM163284v1                    21.17%    passed     73.76%
  29  GCA_001633145.1_ASM163314v1                    22.22%    passed     87.44%
  30  GCA_001663155.1_ASM166315v1                    21.46%    passed     22.03%
  31  GCA_001713355.1_ASM171335v1                    22.41%    passed    100.00%
  32  GCA_001713375.1_ASM171337v1                    22.13%    passed     99.99%
  33  GCA_001713435.1_ASM171343v1                    22.80%    passed     98.36%
  34  GCA_001713455.1_ASM171345v1                    23.37%    passed     99.99%
  35  GCA_001713475.1_ASM171347v1                    22.13%    passed     99.91%
  36  GCA_001870665.2_ASM187066v2                    25.48%    passed     98.62%
  37  GCA_001886735.1_ASM188673v1                    23.75%    passed     99.06%
  38  GCA_001936175.1_ASM193617v1                    24.43%    passed     99.06%
  39  GCA_002073975.1_ASM207397v1                    22.61%    passed     86.59%
  40  GCA_002117815.2_ASM211781v2                    24.23%    passed     67.33%
  41  GCA_002158905.1_ASM215890v1                    23.18%    passed     99.99%
  42  GCA_002266435.2_ASM226643v2                    22.22%    passed     90.70%
  43  GCA_002355515.1_ASM235551v1                    24.33%    passed     92.00%
  44  GCA_002407205.1_ASM240720v1                    23.18%    passed    100.00%
  45  GCA_002813775.1_ASM281377v1                    22.99%    passed     98.20%
  46  GCA_003031265.1_ASM303126v1                    22.32%    passed     99.95%
  47  GCA_003065365.1_ASM306536v1                    20.79%    failed      0.55%
  48  GCA_003173755.1_ASM317375v1                    24.90%    passed     70.90%
  49  GCA_003254375.1_ASM325437v1                    24.33%    passed     96.75%
  50  GCA_003264115.1_ASM326411v1                    21.55%    passed     23.37%
  51  GCA_003288315.1_ASM328831v1                    22.51%    passed     99.95%
  52  GCA_003352165.1_ASM335216v1                    24.71%    passed     97.95%
  53  GCA_003855495.1_ASM385549v1                    23.18%    passed    100.00%
  54  GCA_003952725.1_ASM395272v1                    22.13%    passed     32.09%
  55  GCA_004114955.1_ASM411495v1                    23.08%    passed     94.17%
  56  GCA_004136295.1_ASM413629v1                    23.85%    passed     73.30%
  57  GCA_005311585.1_ASM531158v1                    23.37%    passed     97.68%
  58  GCA_005860795.2_ASM586079v2                    28.54%    failed      4.52%
  59  GCA_006542605.1_ASM654260v1                    22.70%    passed    100.00%
  60  GCA_007005445.1_ASM700544v1                    22.13%    passed    100.00%
  61  GCA_007290395.1_ASM729039v1                    22.03%    passed     98.62%
  62  GCA_008000895.1_ASM800089v1                    26.15%    passed     99.63%
  63  GCA_008843145.1_ASM884314v1                    23.28%    passed     98.68%
  64  GCA_008932115.1_ASM893211v1                    21.93%    passed     68.72%
  65  GCA_009363495.1_ASM936349v1                    24.23%    passed    100.00%
  66  GCA_009363575.1_ASM936357v1                    23.85%    passed     95.77%
  67  GCA_009363615.1_ASM936361v1                    20.98%    passed      5.80%
  68  GCA_009363635.1_ASM936363v1                    20.59%    passed     48.00%
  69  GCA_009363795.1_ASM936379v1                    24.71%    passed     98.70%
  70  GCA_009650195.1_ASM965019v1                    21.93%    passed     99.65%
  71  GCA_009762325.1_ASM976232v1                    22.22%    passed     97.23%
  72  GCA_009859815.1_ASM985981v1                    22.32%    passed    100.00%
  73  GCA_009913435.1_ASM991343v1                    25.48%    passed     41.74%
  74  GCA_011040475.1_ASM1104047v1                   23.08%    passed    100.00%
  75  GCA_011388215.1_ASM1138821v1                   24.71%    passed     11.61%
  76  GCA_012932215.1_ASM1293221v1                   23.37%    passed    100.00%
  77  GCA_013170845.1_ASM1317084v1                   21.74%    passed     70.83%
  78  GCA_013307245.1_ASM1330724v1                   18.87%    failed      0.00%
  79  GCA_013378075.1_ASM1337807v1                   31.42%    passed     99.76%
  80  GCA_013415845.1_ASM1341584v1                   22.80%    passed    100.00%
  81  GCA_014117445.1_ASM1411744v1                   25.19%    failed      4.32%
  82  GCA_014495845.1_ASM1449584v1                   24.33%    passed     80.18%
  83  GCA_014622665.1_ASM1462266v1                   22.89%    passed     93.36%
  84  GCA_015679265.1_ASM1567926v1                   36.59%    passed     99.99%
  85  GCA_016584445.1_ASM1658444v1                   22.70%    passed    100.00%
  86  GCA_016653635.2_ASM1665363v2                   23.47%    passed     97.33%
  87  GCA_016765655.2_ASM1676565v2                   23.28%    passed     98.84%
  88  GCA_016806065.1_ASM1680606v1                   22.32%    passed     76.27%
  89  GCA_017347565.1_ASM1734756v1                   24.90%    passed     31.95%
  90  GCA_017795885.1_ASM1779588v1                   24.14%    passed     99.22%
  91  GCA_018687475.1_ASM1868747v1                   19.64%    failed      4.85%
  92  GCA_018688155.1_ASM1868815v1                   19.25%    failed      0.02%
  93  GCA_018982885.2_ASM1898288v2                   25.57%    passed     98.34%
  94  GCA_019443285.1_ASM1944328v1                   23.28%    passed     89.96%
  95  GCA_019623905.1_ASM1962390v1                   25.00%    passed     46.32%
  96  GCA_020866845.1_ASM2086684v1                   25.29%    passed    100.00%
  97  GCA_021117295.1_ASM2111729v1                   24.23%    passed     92.28%
  98  GCA_021228015.1_ASM2122801v1                   25.57%    passed      5.47%
  99  GCA_021228795.1_ASM2122879v1                   21.93%    passed     99.62%
 100  GCA_021391315.1_ASM2139131v1                   23.47%    passed     99.54%
 101  GCA_021391535.1_ASM2139153v1                   22.80%    passed     99.99%
 102  GCA_021431965.1_ASM2143196v1                   22.41%    passed     99.93%
 103  GCA_021484845.1_ASM2148484v1                   24.71%    passed     43.74%
 104  GCA_022227035.1_ASM2222703v1                   23.47%    passed     99.54%
 105  GCA_022410435.1_ASM2241043v1                   27.87%    passed     90.75%
 106  GCA_022558965.1_ASM2255896v1                   24.04%    failed      3.46%
 107  GCA_023243115.1_ASM2324311v1                   23.75%    passed     99.98%
 108  GCA_023380025.1_ASM2338002v1                   26.25%    passed     84.12%
 109  GCA_023558355.1_ASM2355835v1                   29.02%    passed     99.58%
 110  GCA_023573145.1_ASM2357314v1                   25.00%    passed     46.47%
 111  GCA_023823125.1_ASM2382312v1                   21.74%    passed    100.00%
 112  GCA_024758725.1_ASM2475872v1                   24.90%    passed     99.87%
 113  GCA_025141175.1_ASM2514117v1                   25.67%    passed     99.99%
 114  GCA_025398155.2_ASM2539815v2                   24.33%    passed     34.94%
 115  GCA_025811355.1_ASM2581135v1                   21.93%    passed     99.97%
 116  GCA_025811435.1_ASM2581143v1                   22.13%    passed     99.98%
 117  GCA_026122615.1_ASM2612261v1                   24.23%    passed     91.92%
 118  GCA_026167545.1_ASM2616754v1                   23.75%    passed     98.34%
 119  GCA_027912195.1_ASM2791219v1                   22.70%    passed    100.00%
 120  GCA_027944005.1_ASM2794400v1                   18.49%    failed      0.00%
 121  GCA_028621955.1_ASM2862195v1                   22.70%    passed    100.00%
 122  GCA_028885395.1_ASM2888539v1                   22.89%    passed     99.94%
 123  GCA_029761955.1_ASM2976195v1                   25.00%    passed     25.81%
 124  GCA_030062705.1_ASM3006270v1                   24.23%    passed     90.50%
 125  GCA_030252425.1_ASM3025242v1                   23.75%    passed     99.89%
 126  GCA_030255395.1_ASM3025539v1                   24.33%    passed     98.99%
 127  GCA_030297615.1_ASM3029761v1                   19.44%    failed      1.13%
 128  GCA_030297675.1_ASM3029767v1                   19.35%    failed      0.16%
 129  GCA_900234795.1_TK0001_PRJEB23178_v1           24.23%    passed     70.74%
 130  GCA_901457705.2_RHAL1_v2                       25.00%    passed     98.87%
 131  GCA_937425535.1_Rhodovastum_atsumiense_G2-11   24.23%    passed     94.75%
WARNING: 1 sequences contain more than 50% gaps/ambiguity
****  TOTAL                                          23.73%  11 sequences failed composition chi2 test (p-value<5%; df=19)
NOTE: GCA_023558355.1_ASM2355835v1 is identical to GCA_000018145.1_ASM1814v1 but kept for subsequent analysis
NOTE: GCA_030255395.1_ASM3025539v1 is identical to GCA_000018845.1_ASM1884v1 but kept for subsequent analysis
NOTE: GCA_003254375.1_ASM325437v1 is identical to GCA_000757795.1_ASM75779v1 but kept for subsequent analysis
NOTE: GCA_022227035.1_ASM2222703v1 is identical to GCA_021391315.1_ASM2139131v1 but kept for subsequent analysis


Create initial parsimony tree by phylogenetic likelihood library (PLL)... 0.094 seconds
Perform fast likelihood tree search using LG+I+G model...
Estimate model parameters (epsilon = 5.000)
Perform nearest neighbor interchange...
Estimate model parameters (epsilon = 1.000)
1. Initial log-likelihood: -87424.064
Optimal log-likelihood: -87423.696
Proportion of invariable sites: 0.103
Gamma shape alpha: 1.214
Parameters optimization took 1 rounds (3.336 sec)
Time for fast ML tree search: 24.223 seconds

NOTE: ModelFinder requires 195 MB RAM!
ModelFinder will test up to 702 protein models (sample size: 1044) ...
 No. Model         -LnL         df  AIC          AICc         BIC
  1  LG            92448.950    259 185415.900   185587.686   186698.161
  2  LG+I          90416.003    260 181352.006   181525.340   182639.218
  3  LG+G4         87559.166    260 175638.331   175811.664   176925.543
  4  LG+I+G4       87423.679    261 175369.359   175544.249   176661.521
  5  LG+R2         88443.825    261 177409.650   177584.540   178701.812
  6  LG+R3         87616.134    263 175758.267   175936.298   177060.331
  7  LG+R4         87392.468    265 175314.935   175496.143   176626.901
  8  LG+R5         87305.250    267 175144.499   175328.922   176466.367
  9  LG+R6         87280.086    269 175098.173   175285.847   176429.942
 10  LG+R7         87270.164    271 175082.327   175273.291   176423.998
 11  LG+R8         87254.946    273 175055.893   175250.184   176407.465
 12  LG+R9         87254.511    275 175059.023   175256.679   176420.497
 24  LG+F+R8       68834.749    292 138253.498   138481.344   139699.136
 37  WAG+R8        86587.752    273 173721.505   173915.796   175073.077
 50  WAG+F+R8      68865.828    292 138315.656   138543.502   139761.294
 63  JTT+R8        88256.058    273 177058.116   177252.406   178409.688
 76  JTT+F+R8      71858.046    292 144300.092   144527.937   145745.729
 89  Q.pfam+R8     87086.522    273 174719.044   174913.335   176070.617
102  Q.pfam+F+R8   69144.094    292 138872.187   139100.033   140317.825
115  Q.bird+R8     92705.002    273 185956.003   186150.294   187307.576
128  Q.bird+F+R8   76978.659    292 154541.318   154769.163   155986.956
141  Q.mammal+R8   91182.754    273 182911.507   183105.798   184263.079
154  Q.mammal+F+R8 74953.748    292 150491.496   150719.342   151937.134
167  Q.insect+R8   88947.398    273 178440.795   178635.086   179792.367
180  Q.insect+F+R8 69529.453    292 139642.905   139870.751   141088.543
193  Q.plant+R8    92682.357    273 185910.713   186105.004   187262.286
206  Q.plant+F+R8  73954.520    292 148493.041   148720.886   149938.679
219  Q.yeast+R8    90441.308    273 181428.617   181622.907   182780.189
232  Q.yeast+F+R8  69441.869    292 139467.738   139695.584   140913.376
245  JTTDCMut+R8   88070.571    273 176687.143   176881.434   178038.715
258  JTTDCMut+F+R8 71733.748    292 144051.495   144279.341   145497.133
271  DCMut+R8      92826.776    273 186199.552   186393.842   187551.124
284  DCMut+F+R8    75218.337    292 151020.673   151248.519   152466.311
297  VT+R8         86788.914    273 174123.828   174318.119   175475.400
310  VT+F+R8       68438.411    292 137460.822   137688.667   138906.460
323  PMB+R8        84789.118    273 170124.236   170318.527   171475.808
336  PMB+F+R8      68032.527    292 136649.053   136876.899   138094.691
349  Blosum62+R8   84823.878    273 170193.756   170388.047   171545.329
362  Blosum62+F+R8 67512.083    292 135608.166   135836.012   137053.804
375  Dayhoff+R8    92821.594    273 186189.187   186383.478   187540.760
388  Dayhoff+F+R8  75219.745    292 151023.490   151251.335   152469.128
401  mtREV+R8      92511.212    273 185568.423   185762.714   186919.996
414  mtREV+F+R8    73748.233    292 148080.466   148308.311   149526.104
427  mtART+R8      90760.571    273 182067.141   182261.432   183418.714
440  mtART+F+R8    70247.545    292 141079.089   141306.935   142524.727
453  mtZOA+R8      86717.422    273 173980.843   174175.134   175332.416
466  mtZOA+F+R8    69368.434    292 139320.867   139548.713   140766.505
479  mtMet+R8      90660.140    273 181866.280   182060.571   183217.852
492  mtMet+F+R8    72212.710    292 145009.420   145237.266   146455.058
505  mtVer+R8      92584.592    273 185715.183   185909.474   187066.756
518  mtVer+F+R8    75773.720    292 152131.441   152359.286   153577.079
531  mtInv+R8      89591.899    273 179729.798   179924.089   181081.371
544  mtInv+F+R8    69496.059    292 139576.119   139803.964   141021.757
557  mtMAM+R8      100878.464   273 202302.927   202497.218   203654.499
570  mtMAM+F+R8    81654.432    292 163892.864   164120.709   165338.501
583  HIVb+R8       96480.006    273 193506.012   193700.303   194857.585
596  HIVb+F+R8     77996.986    292 156577.972   156805.818   158023.610
609  HIVw+R8       107198.807   273 214943.615   215137.906   216295.187
622  HIVw+F+R8     83446.905    292 167477.810   167705.655   168923.448
635  FLU+R8        99970.800    273 200487.600   200681.891   201839.173
648  FLU+F+R8      77718.732    292 156021.463   156249.309   157467.101
661  rtREV+R8      86844.805    273 174235.610   174429.901   175587.182
674  rtREV+F+R8    69039.207    292 138662.415   138890.260   140108.053
687  cpREV+R8      89028.679    273 178603.359   178797.650   179954.931
700  cpREV+F+R8    70526.506    292 141637.013   141864.858   143082.651
Akaike Information Criterion:           Blosum62+F+R8
Corrected Akaike Information Criterion: Blosum62+F+R8
Bayesian Information Criterion:         Blosum62+F+R8
Best-fit model: Blosum62+F+R8 chosen according to BIC

All model information printed to results/tree/PGC_bchE/PGC_bchE.model.gz
CPU time for ModelFinder: 28782.914 seconds (7h:59m:42s)
Wall-clock time for ModelFinder: 28805.178 seconds (8h:0m:5s)
WARNING: States(s) N, D, Q, E, I, L, K, F, P, V rarely appear in alignment and may cause numerical problems

NOTE: 156 MB RAM (0 GB) is required!
Estimate model parameters (epsilon = 0.100)
1. Initial log-likelihood: -67512.083
Optimal log-likelihood: -67511.987
Site proportion and rates:  (0.162,0.024) (0.045,0.192) (0.048,0.192) (0.088,0.429) (0.206,0.747) (0.282,1.358) (0.137,2.116) (0.033,3.503)
Parameters optimization took 1 rounds (17.050 sec)
Computing ML distances based on estimated model parameters...
Computing ML distances took 4.189853 sec (of wall-clock time) 4.189640 sec(of CPU time)
Computing RapidNJ tree took 0.004036 sec (of wall-clock time) 0.007963 sec (of CPU time)
Log-likelihood of RapidNJ tree: -67642.619
--------------------------------------------------------------------
|             INITIALIZING CANDIDATE TREE SET                      |
--------------------------------------------------------------------
Generating 98 parsimony trees... 13.634 second
Computing log-likelihood of 98 initial trees ... 112.700 seconds
Current best score: -67511.987

Do NNI search on 20 best initial trees
Estimate model parameters (epsilon = 0.100)
BETTER TREE FOUND at iteration 1: -67428.081
Estimate model parameters (epsilon = 0.100)
BETTER TREE FOUND at iteration 2: -67350.841
Estimate model parameters (epsilon = 0.100)
BETTER TREE FOUND at iteration 6: -67341.664
Estimate model parameters (epsilon = 0.100)
BETTER TREE FOUND at iteration 7: -67336.189
Iteration 10 / LogL: -67408.478 / Time: 0h:11m:41s
Iteration 20 / LogL: -67385.279 / Time: 0h:15m:19s
Finish initializing candidate tree set (20)
Current best tree score: -67336.189 / CPU time: 892.602
Number of iterations: 20
--------------------------------------------------------------------
|               OPTIMIZING CANDIDATE TREE SET                      |
--------------------------------------------------------------------
Estimate model parameters (epsilon = 0.100)
BETTER TREE FOUND at iteration 22: -67328.938
Estimate model parameters (epsilon = 0.100)
BETTER TREE FOUND at iteration 25: -67319.685
Iteration 30 / LogL: -67362.763 / Time: 0h:21m:18s (1h:9m:47s left)
Estimate model parameters (epsilon = 0.100)
BETTER TREE FOUND at iteration 31: -67315.746
Estimate model parameters (epsilon = 0.100)
BETTER TREE FOUND at iteration 40: -67313.605
Iteration 40 / LogL: -67313.605 / Time: 0h:26m:43s (1h:8m:31s left)
Estimate model parameters (epsilon = 0.100)
BETTER TREE FOUND at iteration 41: -67303.220
Iteration 50 / LogL: -67314.362 / Time: 0h:31m:47s (0h:59m:2s left)
Estimate model parameters (epsilon = 0.100)
BETTER TREE FOUND at iteration 56: -67302.509
Estimate model parameters (epsilon = 0.100)
BETTER TREE FOUND at iteration 60: -67300.196
Iteration 60 / LogL: -67300.196 / Time: 0h:37m:33s (1h:3m:38s left)
Estimate model parameters (epsilon = 0.100)
BETTER TREE FOUND at iteration 63: -67292.288
Iteration 70 / LogL: -67307.724 / Time: 0h:42m:32s (0h:57m:20s left)
Iteration 80 / LogL: -67328.087 / Time: 0h:46m:49s (0h:49m:11s left)
Estimate model parameters (epsilon = 0.100)
BETTER TREE FOUND at iteration 85: -67291.532
Iteration 90 / LogL: -67309.441 / Time: 0h:51m:56s (0h:55m:26s left)
Estimate model parameters (epsilon = 0.100)
BETTER TREE FOUND at iteration 96: -67289.527
Iteration 100 / LogL: -67300.166 / Time: 0h:56m:28s (0h:54m:45s left)
Estimate model parameters (epsilon = 0.100)
UPDATE BEST LOG-LIKELIHOOD: -67289.476
Iteration 110 / LogL: -67323.466 / Time: 1h:0m:54s (0h:48m:3s left)
UPDATE BEST LOG-LIKELIHOOD: -67289.468
Iteration 120 / LogL: -67289.715 / Time: 1h:5m:18s (0h:41m:42s left)
Iteration 130 / LogL: -67293.417 / Time: 1h:9m:40s (0h:35m:39s left)
Estimate model parameters (epsilon = 0.100)
BETTER TREE FOUND at iteration 132: -67288.205
Iteration 140 / LogL: -67323.956 / Time: 1h:14m:16s (0h:49m:9s left)
UPDATE BEST LOG-LIKELIHOOD: -67288.200
Iteration 150 / LogL: -67300.122 / Time: 1h:18m:52s (0h:43m:24s left)
UPDATE BEST LOG-LIKELIHOOD: -67288.200
Iteration 160 / LogL: -67290.095 / Time: 1h:23m:14s (0h:37m:41s left)
Iteration 170 / LogL: -67290.429 / Time: 1h:27m:26s (0h:32m:4s left)
Iteration 180 / LogL: -67309.530 / Time: 1h:31m:45s (0h:26m:39s left)
Iteration 190 / LogL: -67306.455 / Time: 1h:35m:56s (0h:21m:19s left)
Estimate model parameters (epsilon = 0.100)
BETTER TREE FOUND at iteration 191: -67287.958
Iteration 200 / LogL: -67291.470 / Time: 1h:40m:30s (0h:45m:57s left)
Iteration 210 / LogL: -67293.962 / Time: 1h:44m:57s (0h:40m:40s left)
Iteration 220 / LogL: -67292.913 / Time: 1h:49m:12s (0h:35m:24s left)
Estimate model parameters (epsilon = 0.100)
BETTER TREE FOUND at iteration 224: -67287.761
Iteration 230 / LogL: -67308.155 / Time: 1h:54m:10s (0h:46m:51s left)
Iteration 240 / LogL: -67290.947 / Time: 1h:58m:32s (0h:41m:39s left)
Iteration 250 / LogL: -67288.306 / Time: 2h:2m:52s (0h:36m:30s left)
UPDATE BEST LOG-LIKELIHOOD: -67287.755
Iteration 260 / LogL: -67300.334 / Time: 2h:7m:1s (0h:31m:23s left)
Iteration 270 / LogL: -67288.317 / Time: 2h:11m:30s (0h:26m:23s left)
Iteration 280 / LogL: -67330.786 / Time: 2h:15m:42s (0h:21m:24s left)
Estimate model parameters (epsilon = 0.100)
BETTER TREE FOUND at iteration 285: -67287.309
Iteration 290 / LogL: -67322.512 / Time: 2h:20m:25s (0h:46m:9s left)
Iteration 300 / LogL: -67312.065 / Time: 2h:24m:47s (0h:41m:9s left)
Estimate model parameters (epsilon = 0.100)
BETTER TREE FOUND at iteration 310: -67285.994
Iteration 310 / LogL: -67285.994 / Time: 2h:29m:42s (0h:48m:27s left)
Iteration 320 / LogL: -67293.597 / Time: 2h:34m:2s (0h:43m:27s left)
Iteration 330 / LogL: -67304.152 / Time: 2h:38m:18s (0h:38m:29s left)
Estimate model parameters (epsilon = 0.100)
BETTER TREE FOUND at iteration 339: -67283.837
Iteration 340 / LogL: -67306.890 / Time: 2h:42m:34s (0h:47m:28s left)
Iteration 350 / LogL: -67301.434 / Time: 2h:46m:54s (0h:42m:33s left)
Iteration 360 / LogL: -67290.035 / Time: 2h:50m:52s (0h:37m:36s left)
Iteration 370 / LogL: -67290.156 / Time: 2h:55m:7s (0h:32m:44s left)
Iteration 380 / LogL: -67294.993 / Time: 2h:59m:11s (0h:27m:53s left)
Iteration 390 / LogL: -67285.548 / Time: 3h:3m:37s (0h:23m:7s left)
Iteration 400 / LogL: -67287.732 / Time: 3h:7m:45s (0h:18m:21s left)
Iteration 410 / LogL: -67295.333 / Time: 3h:12m:1s (0h:13m:36s left)
UPDATE BEST LOG-LIKELIHOOD: -67283.831
Iteration 420 / LogL: -67285.581 / Time: 3h:16m:20s (0h:8m:54s left)
Iteration 430 / LogL: -67284.467 / Time: 3h:20m:36s (0h:4m:12s left)
UPDATE BEST LOG-LIKELIHOOD: -67283.830
Iteration 440 / LogL: -67289.074 / Time: 3h:24m:53s (0h:0m:-29s left)
TREE SEARCH COMPLETED AFTER 440 ITERATIONS / Time: 3h:24m:53s

--------------------------------------------------------------------
|                    FINALIZING TREE SEARCH                        |
--------------------------------------------------------------------
Performs final model parameters optimization
Estimate model parameters (epsilon = 0.010)
1. Initial log-likelihood: -67283.830
2. Current log-likelihood: -67283.799
3. Current log-likelihood: -67283.776
4. Current log-likelihood: -67283.759
5. Current log-likelihood: -67283.739
6. Current log-likelihood: -67283.724
7. Current log-likelihood: -67283.710
8. Current log-likelihood: -67283.697
9. Current log-likelihood: -67283.683
10. Current log-likelihood: -67283.665
11. Current log-likelihood: -67283.649
12. Current log-likelihood: -67283.635
13. Current log-likelihood: -67283.621
14. Current log-likelihood: -67283.607
15. Current log-likelihood: -67283.594
16. Current log-likelihood: -67283.581
17. Current log-likelihood: -67283.568
18. Current log-likelihood: -67283.555
19. Current log-likelihood: -67283.543
20. Current log-likelihood: -67283.531
21. Current log-likelihood: -67283.518
22. Current log-likelihood: -67283.506
23. Current log-likelihood: -67283.494
24. Current log-likelihood: -67283.482
25. Current log-likelihood: -67283.470
26. Current log-likelihood: -67283.459
27. Current log-likelihood: -67283.447
28. Current log-likelihood: -67283.435
29. Current log-likelihood: -67283.424
30. Current log-likelihood: -67283.413
31. Current log-likelihood: -67283.402
32. Current log-likelihood: -67283.390
33. Current log-likelihood: -67283.379
34. Current log-likelihood: -67283.368
35. Current log-likelihood: -67283.357
36. Current log-likelihood: -67283.346
37. Current log-likelihood: -67283.335
38. Current log-likelihood: -67283.324
39. Current log-likelihood: -67283.313
40. Current log-likelihood: -67283.303
41. Current log-likelihood: -67283.292
42. Current log-likelihood: -67283.281
43. Current log-likelihood: -67283.271
44. Current log-likelihood: -67283.261
45. Current log-likelihood: -67283.250
46. Current log-likelihood: -67283.240
47. Current log-likelihood: -67283.230
48. Current log-likelihood: -67283.219
49. Current log-likelihood: -67283.209
50. Current log-likelihood: -67283.199
51. Current log-likelihood: -67283.189
52. Current log-likelihood: -67283.178
53. Current log-likelihood: -67283.168
54. Current log-likelihood: -67283.158
55. Current log-likelihood: -67283.148
Optimal log-likelihood: -67283.134
Site proportion and rates:  (0.153,0.018) (0.046,0.167) (0.049,0.167) (0.087,0.398) (0.200,0.723) (0.253,1.290) (0.169,1.971) (0.043,3.336)
Parameters optimization took 55 rounds (475.907 sec)
BEST SCORE FOUND : -67283.134
Total tree length: 24.523

Total number of iterations: 440
CPU time used for tree search: 12249.811 sec (3h:24m:9s)
Wall-clock time used for tree search: 12266.861 sec (3h:24m:26s)
Total CPU time used: 12752.428 sec (3h:32m:32s)
Total wall-clock time used: 12769.924 sec (3h:32m:49s)

Analysis results written to: 
  IQ-TREE report:                results/tree/PGC_bchE/PGC_bchE.iqtree
  Maximum-likelihood tree:       results/tree/PGC_bchE/PGC_bchE.treefile
  Likelihood distances:          results/tree/PGC_bchE/PGC_bchE.mldist
  Screen log file:               results/tree/PGC_bchE/PGC_bchE.log

Date and Time: Thu Jun 20 21:26:24 2024
