IQ-TREE multicore version 2.1.4-beta COVID-edition for Linux 64-bit built Jun 24 2021
Developed by Bui Quang Minh, James Barbetti, Nguyen Lam Tung,
Olga Chernomor, Heiko Schmidt, Dominik Schrempf, Michael Woodhams.

Host:    morrowind (AVX2, FMA3, 503 GB RAM)
Command: iqtree2 -s results/fasta_PGC/gene_trimmed/PGC_bchB_trim.phy -pre results/tree/PGC_bchB/PGC_bchB
Seed:    552872 (Using SPRNG - Scalable Parallel Random Number Generator)
Time:    Thu Jun 20 09:53:29 2024
Kernel:  AVX+FMA - 1 threads (128 CPU cores detected)

HINT: Use -nt option to specify number of threads because your CPU has 128 cores!
HINT: -nt AUTO will automatically determine the best number of threads to use.

Reading alignment file results/fasta_PGC/gene_trimmed/PGC_bchB_trim.phy ... Phylip format detected
Alignment most likely contains protein sequences
WARNING: 112 sites contain only gaps or ambiguous characters.
Alignment has 250 sequences with 1482 columns, 997 distinct patterns
784 parsimony-informative, 107 singleton sites, 591 constant sites
                                              Gap/Ambiguity  Composition  p-value
   1  GCA_011765465.1_ASM1176546v1                   19.30%    passed    100.00%
   2  GCA_015693905.1_ASM1569390v1                   20.18%    passed     99.93%
   3  GCA_016745215.1_scaff03                        20.04%    passed    100.00%
   4  GCA_019285715.1_ASM1928571v1                   20.72%    passed    100.00%
   5  GCA_019739335.1_ASM1973933v1                   20.65%    passed    100.00%
   6  GCA_000013085.1_ASM1308v1                      22.00%    passed     30.59%
   7  GCA_000013365.1_ASM1336v1                      19.57%    passed    100.00%
   8  GCA_000013565.1_ASM1356v1                      19.30%    passed     97.72%
   9  GCA_000014045.1_ASM1404v1                      20.65%    passed     99.99%
  10  GCA_000015165.1_ASM1516v1                      21.32%    passed     99.95%
  11  GCA_000015585.1_ASM1558v1                      21.66%    passed     95.56%
  12  GCA_000016185.1_ASM1618v1                      20.72%    passed     99.98%
  13  GCA_000018145.1_ASM1814v1                      19.97%    passed     99.95%
  14  GCA_000018845.1_ASM1884v1                      21.05%    passed     99.89%
  15  GCA_000019365.1_ASM1936v1                      23.21%    passed     83.41%
  16  GCA_000019725.1_ASM1972v1                      21.12%    passed     99.63%
  17  GCA_000019945.1_ASM1994v1                      21.05%    passed     99.96%
  18  GCA_000020445.1_ASM2044v1                      19.77%    passed    100.00%
  19  GCA_000021005.1_ASM2100v1                      20.92%    passed    100.00%
  20  GCA_000021745.1_ASM2174v1                      21.73%    passed     99.32%
  21  GCA_000021845.1_ASM2184v1                      21.19%    passed     99.42%
  22  GCA_000021865.1_ASM2186v1                      21.26%    passed    100.00%
  23  GCA_000022685.1_ASM2268v1                      21.12%    passed     99.31%
  24  GCA_000025485.1_ASM2548v1                      19.97%    passed    100.00%
  25  GCA_000026145.1_ASM2614v1                      20.85%    passed    100.00%
  26  GCA_000083545.1_ASM8354v1                      21.12%    passed     99.39%
  27  GCA_000144605.1_ASM14460v1                     20.65%    passed    100.00%
  28  GCA_000154785.2_ASM15478v2                     20.51%    passed     99.94%
  29  GCA_000166055.1_ASM16605v1                     20.85%    passed    100.00%
  30  GCA_000195775.2_ASM19577v2                     19.77%    passed    100.00%
  31  GCA_000202835.1_ASM20283v1                     21.66%    passed     89.22%
  32  GCA_000224005.2_ASM22400v3                     19.97%    passed    100.00%
  33  GCA_000225955.1_ASM22595v1                     22.00%    passed     30.59%
  34  GCA_000227745.2_ASM22774v3                     20.24%    passed     99.41%
  35  GCA_000284255.1_ASM28425v1                     20.65%    passed    100.00%
  36  GCA_000284275.1_ASM28427v1                     20.92%    passed    100.00%
  37  GCA_000284415.1_ASM28441v2                     21.52%    passed     92.85%
  38  GCA_000327045.1_ASM32704v1                     21.73%    passed     97.70%
  39  GCA_000344805.1_ASM34480v1                     21.32%    passed     99.94%
  40  GCA_000364445.2_ASM36444v2                     20.99%    passed    100.00%
  41  GCA_000512205.2_ASM51220v2                     20.31%    passed    100.00%
  42  GCA_000590925.1_ASM59092v1                     19.43%    passed     97.92%
  43  GCA_000738435.1_ASM73843v1                     19.77%    passed     81.82%
  44  GCA_000757795.1_ASM75779v1                     20.99%    passed    100.00%
  45  GCA_000935025.1_ASM93502v1                     20.58%    passed     99.98%
  46  GCA_000973625.1_ASM97362v1                     18.08%    passed     13.70%
  47  GCA_001304795.1_ASM130479v1                    20.45%    passed     99.99%
  48  GCA_001402875.1_ASM140287v1                    21.05%    passed    100.00%
  49  GCA_001412535.1_ASM141253v1                    19.77%    passed     99.63%
  50  GCA_001412575.1_ASM141257v1                    20.38%    passed     98.31%
  51  GCA_001459775.1_Blastochloris_viridis_genome   21.05%    passed    100.00%
  52  GCA_001483865.1_ASM148386v1                    20.85%    passed    100.00%
  53  GCA_001542815.1_ASM154281v1                    21.12%    passed     99.76%
  54  GCA_001548015.1_ASM154801v1                    22.87%    passed     99.82%
  55  GCA_001548075.1_ASM154807v1                    20.11%    passed     99.90%
  56  GCA_001576595.1_ASM157659v1                    20.99%    passed    100.00%
  57  GCA_001632845.1_ASM163284v1                    19.91%    passed    100.00%
  58  GCA_001633145.1_ASM163314v1                    20.11%    passed     99.92%
  59  GCA_001633165.1_ASM163316v1                    20.11%    passed     99.92%
  60  GCA_001663155.1_ASM166315v1                    19.77%    passed     99.90%
  61  GCA_001663175.1_ASM166317v1                    19.64%    passed     99.99%
  62  GCA_001685625.1_ASM168562v1                    20.99%    passed    100.00%
  63  GCA_001713355.1_ASM171335v1                    19.97%    passed    100.00%
  64  GCA_001713375.1_ASM171337v1                    20.18%    passed    100.00%
  65  GCA_001713435.1_ASM171343v1                    19.84%    passed     99.59%
  66  GCA_001713455.1_ASM171345v1                    20.92%    passed     99.98%
  67  GCA_001713475.1_ASM171347v1                    19.91%    passed    100.00%
  68  GCA_001719165.1_ASM171916v1                    19.43%    passed     99.98%
  69  GCA_001720465.1_ASM172046v1                    19.70%    passed    100.00%
  70  GCA_001854385.1_ASM185438v1                    21.19%    passed     99.58%
  71  GCA_001870665.2_ASM187066v2                    20.31%    passed    100.00%
  72  GCA_001886735.1_ASM188673v1                    20.31%    passed    100.00%
  73  GCA_001936175.1_ASM193617v1                    20.99%    passed    100.00%
  74  GCA_001955735.1_ASM195573v1                    19.50%    passed     99.77%
  75  GCA_001969365.1_ASM196936v1                    20.31%    passed     99.51%
  76  GCA_001971665.1_ASM197166v1                    21.12%    passed     99.46%
  77  GCA_002002865.1_ASM200286v1                    20.85%    passed    100.00%
  78  GCA_002073975.1_ASM207397v1                    19.97%    passed     98.37%
  79  GCA_002079305.1_ASM207930v1                    20.11%    passed     99.01%
  80  GCA_002080415.1_ASM208041v1                    20.58%    passed     99.99%
  81  GCA_002117815.2_ASM211781v2                    21.19%    passed     99.59%
  82  GCA_002158905.1_ASM215890v1                    20.58%    passed     95.01%
  83  GCA_002266435.2_ASM226643v2                    20.78%    passed    100.00%
  84  GCA_002355515.1_ASM235551v1                    21.26%    passed     99.95%
  85  GCA_002407205.1_ASM240720v1                    20.85%    passed     99.97%
  86  GCA_002706325.1_ASM270632v1                    20.99%    passed    100.00%
  87  GCA_002813775.1_ASM281377v1                    20.72%    passed    100.00%
  88  GCA_002868735.1_ASM286873v1                    20.72%    passed    100.00%
  89  GCA_002952215.1_ASM295221v1                    20.31%    passed     99.23%
  90  GCA_002983865.1_ASM298386v1                    20.65%    passed     99.99%
  91  GCA_003031245.1_ASM303124v1                    19.77%    passed    100.00%
  92  GCA_003031265.1_ASM303126v1                    19.70%    passed    100.00%
  93  GCA_003065365.1_ASM306536v1                    19.37%    passed     99.76%
  94  GCA_003071405.1_ASM307140v1                    20.85%    passed    100.00%
  95  GCA_003173735.1_ASM317373v1                    22.81%    passed     94.60%
  96  GCA_003173755.1_ASM317375v1                    22.94%    passed     99.40%
  97  GCA_003173775.1_ASM317377v1                    22.74%    passed     99.99%
  98  GCA_003254375.1_ASM325437v1                    20.99%    passed    100.00%
  99  GCA_003264115.1_ASM326411v1                    19.43%    passed    100.00%
 100  GCA_003288315.1_ASM328831v1                    20.65%    passed    100.00%
 101  GCA_003324715.1_ASM332471v1                    20.99%    passed    100.00%
 102  GCA_003352165.1_ASM335216v1                    21.12%    passed     99.94%
 103  GCA_003429265.1_ASM342926v1                    20.85%    passed     99.98%
 104  GCA_003431825.1_ASM343182v1                    19.84%    passed     99.66%
 105  GCA_003855495.1_ASM385549v1                    21.93%    passed    100.00%
 106  GCA_003940805.1_ASM394080v1                    20.78%    passed     85.46%
 107  GCA_003952725.1_ASM395272v1                    21.59%    passed     99.98%
 108  GCA_003966715.1_ASM396671v1                    20.99%    passed    100.00%
 109  GCA_004114955.1_ASM411495v1                    21.59%    passed    100.00%
 110  GCA_004136295.1_ASM413629v1                    20.58%    passed    100.00%
 111  GCA_004216475.1_ASM421647v1                    19.84%    passed     98.39%
 112  GCA_004331955.1_ASM433195v1                    19.43%    passed     99.94%
 113  GCA_004354345.1_ASM435434v1                    20.38%    passed     99.99%
 114  GCA_005311585.1_ASM531158v1                    20.92%    passed    100.00%
 115  GCA_005860795.2_ASM586079v2                    20.38%    failed      3.35%
 116  GCA_006542605.1_ASM654260v1                    19.70%    passed    100.00%
 117  GCA_006740745.1_ASM674074v1                    21.05%    passed     99.79%
 118  GCA_007005445.1_ASM700544v1                    19.77%    passed    100.00%
 119  GCA_007290395.1_ASM729039v1                    20.92%    passed    100.00%
 120  GCA_007954425.1_ASM795442v1                    20.51%    passed    100.00%
 121  GCA_008000895.1_ASM800089v1                    20.99%    passed    100.00%
 122  GCA_008000915.1_ASM800091v1                    20.04%    passed    100.00%
 123  GCA_008728195.1_ASM872819v1                    20.58%    passed     99.94%
 124  GCA_008843145.1_ASM884314v1                    22.00%    passed     99.97%
 125  GCA_008932115.1_ASM893211v1                    21.05%    passed    100.00%
 126  GCA_009363255.1_ASM936325v1                    20.72%    passed    100.00%
 127  GCA_009363495.1_ASM936349v1                    20.72%    passed    100.00%
 128  GCA_009363575.1_ASM936357v1                    21.12%    passed    100.00%
 129  GCA_009363615.1_ASM936361v1                    21.46%    passed    100.00%
 130  GCA_009363635.1_ASM936363v1                    19.77%    passed    100.00%
 131  GCA_009363655.1_ASM936365v1                    20.18%    passed     99.82%
 132  GCA_009363715.1_ASM936371v1                    20.11%    passed     99.45%
 133  GCA_009363735.1_ASM936373v1                    20.24%    passed     99.69%
 134  GCA_009363795.1_ASM936379v1                    21.12%    passed     99.64%
 135  GCA_009650195.1_ASM965019v1                    19.91%    passed    100.00%
 136  GCA_009664085.1_ASM966408v1                    20.92%    passed    100.00%
 137  GCA_009685175.1_ASM968517v1                    21.66%    passed    100.00%
 138  GCA_009707465.1_ASM970746v1                    21.26%    passed     99.98%
 139  GCA_009762325.1_ASM976232v1                    20.72%    passed     99.99%
 140  GCA_009859815.1_ASM985981v1                    20.04%    passed    100.00%
 141  GCA_009913435.1_ASM991343v1                    21.32%    passed     98.87%
 142  GCA_010104355.1_ASM1010435v1                   20.04%    passed    100.00%
 143  GCA_011040475.1_ASM1104047v1                   20.65%    passed     99.96%
 144  GCA_011044255.1_ASM1104425v1                   20.78%    passed    100.00%
 145  GCA_011047315.1_ASM1104731v1                   19.91%    passed     99.95%
 146  GCA_011290485.1_ASM1129048v1                   21.05%    passed    100.00%
 147  GCA_011388215.1_ASM1138821v1                   21.73%    passed     86.40%
 148  GCA_012647365.1_ASM1264736v1                   20.99%    passed    100.00%
 149  GCA_012932215.1_ASM1293221v1                   20.45%    passed     99.17%
 150  GCA_013170845.1_ASM1317084v1                   21.52%    passed     99.73%
 151  GCA_013307245.1_ASM1330724v1                   18.69%    passed     31.53%
 152  GCA_013374095.1_ASM1337409v1                   20.11%    passed    100.00%
 153  GCA_013378075.1_ASM1337807v1                   20.38%    passed    100.00%
 154  GCA_013415845.1_ASM1341584v1                   19.77%    passed    100.00%
 155  GCA_014117445.1_ASM1411744v1                   22.27%    passed     96.75%
 156  GCA_014495845.1_ASM1449584v1                   21.66%    passed    100.00%
 157  GCA_014622665.1_ASM1462266v1                   21.32%    passed    100.00%
 158  GCA_014681765.1_ASM1468176v1                   20.11%    passed     99.63%
 159  GCA_015679265.1_ASM1567926v1                   22.06%    passed     99.80%
 160  GCA_016584445.1_ASM1658444v1                   19.77%    passed    100.00%
 161  GCA_016653635.2_ASM1665363v2                   22.40%    passed     99.37%
 162  GCA_016765655.2_ASM1676565v2                   22.13%    passed     99.83%
 163  GCA_016806065.1_ASM1680606v1                   19.97%    passed    100.00%
 164  GCA_016806835.2_ASM1680683v2                   22.00%    passed     99.89%
 165  GCA_016839165.1_ASM1683916v1                   21.19%    passed    100.00%
 166  GCA_017347565.1_ASM1734756v1                   22.60%    passed    100.00%
 167  GCA_017498565.1_ASM1749856v1                   19.97%    passed     99.82%
 168  GCA_017795885.1_ASM1779588v1                   20.92%    passed    100.00%
 169  GCA_018205975.1_ASM1820597v1                   19.43%    passed    100.00%
 170  GCA_018399035.1_ASM1839903v1                   20.04%    passed    100.00%
 171  GCA_018409545.1_ASM1840954v1                   19.97%    passed    100.00%
 172  GCA_018687415.1_ASM1868741v1                   19.10%    passed     43.30%
 173  GCA_018687475.1_ASM1868747v1                   18.89%    passed     96.19%
 174  GCA_018687675.1_ASM1868767v1                   18.29%    passed     38.15%
 175  GCA_018688155.1_ASM1868815v1                   19.10%    passed     71.43%
 176  GCA_018688255.1_ASM1868825v1                   18.15%    passed     25.18%
 177  GCA_018982885.2_ASM1898288v2                   19.91%    passed    100.00%
 178  GCA_019134555.1_ASM1913455v1                   22.00%    passed     30.59%
 179  GCA_019203965.1_ASM1920396v1                   21.05%    passed     99.95%
 180  GCA_019431245.1_ASM1943124v1                   19.91%    passed    100.00%
 181  GCA_019443285.1_ASM1944328v1                   20.24%    passed    100.00%
 182  GCA_019623905.1_ASM1962390v1                   22.74%    passed    100.00%
 183  GCA_019904235.1_ASM1990423v1                   18.89%    passed    100.00%
 184  GCA_019973775.1_ASM1997377v1                   21.73%    passed     99.10%
 185  GCA_020866845.1_ASM2086684v1                   19.91%    passed    100.00%
 186  GCA_021088345.1_ASM2108834v1                   21.19%    passed     99.99%
 187  GCA_021117295.1_ASM2111729v1                   21.05%    passed     95.26%
 188  GCA_021228015.1_ASM2122801v1                   22.87%    passed     99.95%
 189  GCA_021228795.1_ASM2122879v1                   19.84%    passed    100.00%
 190  GCA_021391315.1_ASM2139131v1                   20.85%    passed     99.98%
 191  GCA_021391535.1_ASM2139153v1                   21.59%    passed     99.87%
 192  GCA_021398735.1_ASM2139873v1                   20.92%    passed    100.00%
 193  GCA_021431965.1_ASM2143196v1                   20.72%    passed    100.00%
 194  GCA_021484845.1_ASM2148484v1                   21.12%    passed     99.52%
 195  GCA_022227035.1_ASM2222703v1                   20.85%    passed     99.98%
 196  GCA_022370455.1_ASM2237045v1                   21.79%    passed    100.00%
 197  GCA_022410435.1_ASM2241043v1                   21.59%    passed     99.90%
 198  GCA_022533465.1_ASM2253346v1                   20.99%    passed     99.72%
 199  GCA_022558965.1_ASM2255896v1                   21.86%    passed     90.80%
 200  GCA_022846615.1_ASM2284661v1                   22.27%    passed    100.00%
 201  GCA_023243115.1_ASM2324311v1                   20.65%    passed    100.00%
 202  GCA_023380025.1_ASM2338002v1                   21.93%    passed    100.00%
 203  GCA_023546765.1_ASM2354676v1                   20.85%    passed    100.00%
 204  GCA_023558335.1_ASM2355833v1                   19.97%    passed     99.95%
 205  GCA_023558355.1_ASM2355835v1                   19.97%    passed     99.95%
 206  GCA_023573145.1_ASM2357314v1                   22.54%    passed     66.00%
 207  GCA_023823125.1_ASM2382312v1                   18.96%    passed     99.85%
 208  GCA_024496245.1_ASM2449624v1                   21.12%    passed    100.00%
 209  GCA_024758705.1_ASM2475870v1                   21.12%    passed     99.73%
 210  GCA_024758725.1_ASM2475872v1                   20.11%    passed    100.00%
 211  GCA_025141175.1_ASM2514117v1                   21.05%    passed    100.00%
 212  GCA_025141935.1_ASM2514193v1                   20.04%    passed    100.00%
 213  GCA_025398155.2_ASM2539815v2                   21.05%    passed     98.98%
 214  GCA_025811215.1_ASM2581121v1                   19.64%    passed    100.00%
 215  GCA_025811355.1_ASM2581135v1                   19.77%    passed    100.00%
 216  GCA_025811435.1_ASM2581143v1                   19.70%    passed    100.00%
 217  GCA_025813715.1_ASM2581371v1                   22.60%    passed     98.40%
 218  GCA_025917005.1_ASM2591700v1                   19.64%    passed     99.99%
 219  GCA_026122595.1_ASM2612259v1                   21.05%    passed     99.92%
 220  GCA_026122615.1_ASM2612261v1                   21.05%    passed     99.92%
 221  GCA_026167525.1_ASM2616752v1                   20.18%    passed    100.00%
 222  GCA_026167545.1_ASM2616754v1                   21.19%    passed    100.00%
 223  GCA_026625025.1_ASM2662502v1                   19.77%    passed    100.00%
 224  GCA_026898155.1_ASM2689815v1                   20.31%    passed    100.00%
 225  GCA_027271155.1_ASM2727115v1                   20.85%    passed    100.00%
 226  GCA_027886585.1_ASM2788658v1                   21.79%    passed    100.00%
 227  GCA_027912195.1_ASM2791219v1                   19.77%    passed    100.00%
 228  GCA_027943985.1_ASM2794398v1                   18.22%    failed      0.74%
 229  GCA_027944005.1_ASM2794400v1                   18.22%    failed      0.74%
 230  GCA_028621955.1_ASM2862195v1                   19.70%    passed     99.99%
 231  GCA_028885395.1_ASM2888539v1                   20.31%    passed     99.81%
 232  GCA_029277405.1_ASM2927740v1                   21.32%    passed    100.00%
 233  GCA_029581395.1_ASM2958139v1                   20.65%    passed    100.00%
 234  GCA_029691625.1_ASM2969162v1                   20.99%    passed    100.00%
 235  GCA_029714205.1_ASM2971420v1                   23.21%    passed     83.41%
 236  GCA_029761955.1_ASM2976195v1                   22.47%    passed    100.00%
 237  GCA_030062705.1_ASM3006270v1                   21.26%    passed     98.93%
 238  GCA_030252425.1_ASM3025242v1                   22.54%    passed     99.97%
 239  GCA_030255395.1_ASM3025539v1                   21.05%    passed     99.89%
 240  GCA_030297555.1_ASM3029755v1                   18.96%    passed     97.71%
 241  GCA_030297575.1_ASM3029757v1                   18.89%    passed     97.08%
 242  GCA_030297595.1_ASM3029759v1                   18.89%    passed     94.16%
 243  GCA_030297615.1_ASM3029761v1                   18.89%    passed     97.18%
 244  GCA_030297635.1_ASM3029763v1                   18.89%    passed     94.78%
 245  GCA_030297655.1_ASM3029765v1                   18.89%    passed     97.08%
 246  GCA_030297675.1_ASM3029767v1                   18.89%    passed     97.08%
 247  GCA_900176205.1_BRAD285_PRJEB202261_v1         20.78%    passed    100.00%
 248  GCA_900234795.1_TK0001_PRJEB23178_v1           21.19%    passed     99.59%
 249  GCA_901457705.2_RHAL1_v2                       20.99%    passed    100.00%
 250  GCA_937425535.1_Rhodovastum_atsumiense_G2-11   21.19%    passed     99.31%
****  TOTAL                                          20.64%  3 sequences failed composition chi2 test (p-value<5%; df=19)
NOTE: GCA_000225955.1_ASM22595v1 is identical to GCA_000013085.1_ASM1308v1 but kept for subsequent analysis
NOTE: GCA_002983865.1_ASM298386v1 is identical to GCA_000014045.1_ASM1404v1 but kept for subsequent analysis
NOTE: GCA_023558335.1_ASM2355833v1 is identical to GCA_000018145.1_ASM1814v1 but kept for subsequent analysis
NOTE: GCA_030255395.1_ASM3025539v1 is identical to GCA_000018845.1_ASM1884v1 but kept for subsequent analysis
NOTE: GCA_029714205.1_ASM2971420v1 is identical to GCA_000019365.1_ASM1936v1 but kept for subsequent analysis
NOTE: GCA_000195775.2_ASM19577v2 is identical to GCA_000020445.1_ASM2044v1 but kept for subsequent analysis
NOTE: GCA_001459775.1_Blastochloris_viridis_genome is identical to GCA_001402875.1_ASM140287v1 but kept for subsequent analysis
NOTE: GCA_001685625.1_ASM168562v1 is identical to GCA_001576595.1_ASM157659v1 but kept for subsequent analysis
NOTE: GCA_001633165.1_ASM163316v1 is identical to GCA_001633145.1_ASM163314v1 but kept for subsequent analysis
NOTE: GCA_009650195.1_ASM965019v1 is identical to GCA_001713475.1_ASM171347v1 but kept for subsequent analysis
NOTE: GCA_900234795.1_TK0001_PRJEB23178_v1 is identical to GCA_002117815.2_ASM211781v2 but kept for subsequent analysis
NOTE: GCA_025811355.1_ASM2581135v1 is identical to GCA_003031245.1_ASM303124v1 but kept for subsequent analysis
NOTE: GCA_029691625.1_ASM2969162v1 is identical to GCA_003254375.1_ASM325437v1 but kept for subsequent analysis
NOTE: GCA_021391315.1_ASM2139131v1 is identical to GCA_003429265.1_ASM342926v1 but kept for subsequent analysis
NOTE: GCA_009363495.1_ASM936349v1 is identical to GCA_009363255.1_ASM936325v1 but kept for subsequent analysis
NOTE: GCA_010104355.1_ASM1010435v1 is identical to GCA_009859815.1_ASM985981v1 but kept for subsequent analysis
NOTE: GCA_027912195.1_ASM2791219v1 is identical to GCA_013415845.1_ASM1341584v1 but kept for subsequent analysis
NOTE: GCA_026122615.1_ASM2612261v1 is identical to GCA_026122595.1_ASM2612259v1 but kept for subsequent analysis
NOTE: GCA_027944005.1_ASM2794400v1 is identical to GCA_027943985.1_ASM2794398v1 but kept for subsequent analysis
NOTE: GCA_030297655.1_ASM3029765v1 is identical to GCA_030297575.1_ASM3029757v1 but kept for subsequent analysis
NOTE: 9 identical sequences (see below) will be ignored for subsequent analysis
NOTE: GCA_019134555.1_ASM1913455v1 (identical to GCA_000013085.1_ASM1308v1) is ignored but added at the end
NOTE: GCA_023558355.1_ASM2355835v1 (identical to GCA_000018145.1_ASM1814v1) is ignored but added at the end
NOTE: GCA_016584445.1_ASM1658444v1 (identical to GCA_000020445.1_ASM2044v1) is ignored but added at the end
NOTE: GCA_026625025.1_ASM2662502v1 (identical to GCA_000020445.1_ASM2044v1) is ignored but added at the end
NOTE: GCA_002706325.1_ASM270632v1 (identical to GCA_001576595.1_ASM157659v1) is ignored but added at the end
NOTE: GCA_003324715.1_ASM332471v1 (identical to GCA_001576595.1_ASM157659v1) is ignored but added at the end
NOTE: GCA_012647365.1_ASM1264736v1 (identical to GCA_001576595.1_ASM157659v1) is ignored but added at the end
NOTE: GCA_022227035.1_ASM2222703v1 (identical to GCA_003429265.1_ASM342926v1) is ignored but added at the end
NOTE: GCA_030297675.1_ASM3029767v1 (identical to GCA_030297575.1_ASM3029757v1) is ignored but added at the end
Alignment was printed to results/tree/PGC_bchB/PGC_bchB.uniqueseq.phy

For your convenience alignment with unique sequences printed to results/tree/PGC_bchB/PGC_bchB.uniqueseq.phy


Create initial parsimony tree by phylogenetic likelihood library (PLL)... 0.212 seconds
Perform fast likelihood tree search using LG+I+G model...
Estimate model parameters (epsilon = 5.000)
Perform nearest neighbor interchange...
Estimate model parameters (epsilon = 1.000)
1. Initial log-likelihood: -87752.553
Optimal log-likelihood: -87752.526
Proportion of invariable sites: 0.312
Gamma shape alpha: 0.869
Parameters optimization took 1 rounds (4.128 sec)
Time for fast ML tree search: 46.714 seconds

NOTE: ModelFinder requires 379 MB RAM!
ModelFinder will test up to 702 protein models (sample size: 1482) ...
 No. Model         -LnL         df  AIC          AICc         BIC
  1  LG            98384.577    479 197727.154   198186.076   200266.403
  2  LG+I          93024.279    480 187008.558   187469.856   189553.108
  3  LG+G4         88007.405    480 176974.810   177436.109   179519.361
  4  LG+I+G4       87752.526    481 176467.052   176930.736   179016.904
  5  LG+R2         89730.583    481 180423.165   180886.849   182973.017
  6  LG+R3         88386.046    483 177738.092   178206.573   180298.547
  7  LG+R4         87838.985    485 176647.970   177121.283   179219.026
  8  LG+R5         87718.705    487 176411.411   176889.592   178993.070
  9  LG+R6         87689.503    489 176357.006   176840.091   178949.268
 10  LG+R7         87658.027    491 176298.055   176786.079   178900.918
 11  LG+R8         87644.743    493 176275.486   176768.486   178888.952
 12  LG+R9         87607.262    495 176204.523   176702.536   178828.592
 13  LG+R10        87603.878    497 176201.756   176704.817   178836.426
 25  LG+F+R9       72088.606    514 145205.212   145752.699   147930.002
 26  LG+F+R10      72083.399    516 145198.798   145751.694   147934.191
 38  WAG+R9        87355.949    495 175701.897   176199.909   178325.965
 39  WAG+R10       87353.069    497 175700.137   176203.198   178334.808
 51  WAG+F+R9      72137.144    514 145302.288   145849.775   148027.078
 52  WAG+F+R10     72131.783    516 145295.566   145848.461   148030.958
 64  JTT+R9        89535.063    495 180060.127   180558.139   182684.195
 65  JTT+R10       89531.035    497 180056.069   180559.130   182690.740
 77  JTT+F+R9      75411.091    514 151850.182   152397.669   154574.972
WARNING: Log-likelihood -75418 of JTT+F+R10 worse than JTT+F+R9 -75411.1
 78  JTT+F+R10     75417.983    516 151867.966   152420.861   154603.358
 90  Q.pfam+R9     87575.498    495 176140.995   176639.007   178765.063
WARNING: Log-likelihood -87578 of Q.pfam+R10 worse than Q.pfam+R9 -87575.5
 91  Q.pfam+R10    87577.952    497 176149.905   176652.966   178784.575
103  Q.pfam+F+R9   72413.705    514 145855.410   146402.897   148580.200
104  Q.pfam+F+R10  72414.305    516 145860.611   146413.506   148596.003
116  Q.bird+R9     94185.340    495 189360.680   189858.692   191984.748
117  Q.bird+R10    94180.937    497 189355.874   189858.935   191990.545
129  Q.bird+F+R9   80651.962    514 162331.924   162879.411   165056.714
130  Q.bird+F+R10  80641.828    516 162315.655   162868.551   165051.048
142  Q.mammal+R9   92486.795    495 185963.591   186461.603   188587.659
143  Q.mammal+R10  92481.383    497 185956.766   186459.827   188591.437
155  Q.mammal+F+R9 78449.845    514 157927.690   158475.177   160652.480
156  Q.mammal+F+R10 78448.320    516 157928.641   158481.536   160664.033
168  Q.insect+R9   89648.850    495 180287.699   180785.711   182911.767
169  Q.insect+R10  89644.540    497 180283.081   180786.142   182917.751
181  Q.insect+F+R9 72971.483    514 146970.966   147518.453   149695.756
182  Q.insect+F+R10 72965.993    516 146963.987   147516.882   149699.379
194  Q.plant+R9    93648.109    495 188286.219   188784.231   190910.287
195  Q.plant+R10   93641.894    497 188277.788   188780.849   190912.458
207  Q.plant+F+R9  77589.428    514 156206.856   156754.343   158931.646
WARNING: Log-likelihood -77598.2 of Q.plant+F+R10 worse than Q.plant+F+R9 -77589.4
208  Q.plant+F+R10 77598.246    516 156228.493   156781.388   158963.885
220  Q.yeast+R9    90912.129    495 182814.259   183312.271   185438.327
221  Q.yeast+R10   90907.419    497 182808.839   183311.900   185443.509
233  Q.yeast+F+R9  73167.500    514 147363.000   147910.488   150087.790
WARNING: Log-likelihood -73171.4 of Q.yeast+F+R10 worse than Q.yeast+F+R9 -73167.5
234  Q.yeast+F+R10 73171.436    516 147374.872   147927.768   150110.265
246  JTTDCMut+R9   89303.605    495 179597.210   180095.222   182221.278
247  JTTDCMut+R10  89299.814    497 179593.628   180096.689   182228.299
259  JTTDCMut+F+R9 75249.609    514 151527.219   152074.706   154252.009
WARNING: Log-likelihood -75256.2 of JTTDCMut+F+R10 worse than JTTDCMut+F+R9 -75249.6
260  JTTDCMut+F+R10 75256.187    516 151544.374   152097.269   154279.766
272  DCMut+R9      94440.627    495 189871.254   190369.267   192495.323
273  DCMut+R10     94441.561    497 189877.121   190380.182   192511.792
285  DCMut+F+R9    79997.689    514 161023.378   161570.865   163748.168
286  DCMut+F+R10   79982.678    516 160997.356   161550.252   163732.749
298  VT+R9         87717.637    495 176425.274   176923.286   179049.342
299  VT+R10        87714.316    497 176422.632   176925.693   179057.303
311  VT+F+R9       71724.497    514 144476.993   145024.481   147201.783
312  VT+F+R10      71719.144    516 144470.288   145023.184   147205.680
324  PMB+R9        85860.720    495 172711.439   173209.451   175335.507
WARNING: Log-likelihood -85870.3 of PMB+R10 worse than PMB+R9 -85860.7
325  PMB+R10       85870.254    497 172734.508   173237.569   175369.179
337  PMB+F+R9      71199.611    514 143427.222   143974.709   146152.012
338  PMB+F+R10     71195.506    516 143423.013   143975.908   146158.405
350  Blosum62+R9   85822.800    495 172635.601   173133.613   175259.669
WARNING: Log-likelihood -85832.8 of Blosum62+R10 worse than Blosum62+R9 -85822.8
351  Blosum62+R10  85832.756    497 172659.513   173162.574   175294.183
363  Blosum62+F+R9 70688.200    514 142404.400   142951.887   145129.190
364  Blosum62+F+R10 70683.915    516 142399.830   142952.725   145135.222
376  Dayhoff+R9    94433.955    495 189857.910   190355.922   192481.978
377  Dayhoff+R10   94434.853    497 189863.706   190366.767   192498.377
389  Dayhoff+F+R9  80004.104    514 161036.208   161583.695   163760.998
390  Dayhoff+F+R10 79984.824    516 161001.648   161554.543   163737.040
402  mtREV+R9      93690.090    495 188370.181   188868.193   190994.249
WARNING: Log-likelihood -93717.2 of mtREV+R10 worse than mtREV+R9 -93690.1
403  mtREV+R10     93717.193    497 188428.386   188931.447   191063.056
415  mtREV+F+R9    77189.199    514 155406.398   155953.885   158131.188
416  mtREV+F+R10   77189.208    516 155410.417   155963.312   158145.809
428  mtART+R9      92822.257    495 186634.514   187132.526   189258.582
429  mtART+R10     92813.557    497 186621.115   187124.175   189255.785
441  mtART+F+R9    74695.066    514 150418.131   150965.618   153142.921
442  mtART+F+R10   74690.555    516 150413.111   150966.006   153148.503
454  mtZOA+R9      88163.005    495 177316.011   177814.023   179940.079
WARNING: Log-likelihood -88173.7 of mtZOA+R10 worse than mtZOA+R9 -88163
455  mtZOA+R10     88173.716    497 177341.431   177844.492   179976.101
467  mtZOA+F+R9    73335.721    514 147699.442   148246.929   150424.232
468  mtZOA+F+R10   73334.623    516 147701.246   148254.141   150436.638
480  mtMet+R9      92488.008    495 185966.016   186464.028   188590.084
WARNING: Log-likelihood -92492.2 of mtMet+R10 worse than mtMet+R9 -92488
481  mtMet+R10     92492.183    497 185978.367   186481.428   188613.037
493  mtMet+F+R9    76094.607    514 153217.214   153764.701   155942.004
494  mtMet+F+R10   76092.406    516 153216.812   153769.708   155952.205
506  mtVer+R9      94351.837    495 189693.674   190191.687   192317.743
507  mtVer+R10     94345.656    497 189685.312   190188.373   192319.983
519  mtVer+F+R9    79183.598    514 159395.197   159942.684   162119.987
520  mtVer+F+R10   79179.690    516 159391.380   159944.275   162126.772
532  mtInv+R9      91140.960    495 183271.919   183769.931   185895.987
533  mtInv+R10     91134.512    497 183263.023   183766.084   185897.693
545  mtInv+F+R9    73278.922    514 147585.844   148133.332   150310.634
WARNING: Log-likelihood -73290.9 of mtInv+F+R10 worse than mtInv+F+R9 -73278.9
546  mtInv+F+R10   73290.918    516 147613.836   148166.731   150349.228
558  mtMAM+R9      103329.364   495 207648.729   208146.741   210272.797
559  mtMAM+R10     103326.180   497 207646.359   208149.420   210281.030
571  mtMAM+F+R9    87257.227    514 175542.454   176089.941   178267.244
572  mtMAM+F+R10   87193.070    516 175418.140   175971.035   178153.532
584  HIVb+R9       98661.460    495 198312.920   198810.932   200936.988
585  HIVb+R10      98660.266    497 198314.532   198817.593   200949.202
597  HIVb+F+R9     82744.946    514 166517.892   167065.379   169242.682
WARNING: Log-likelihood -82758.2 of HIVb+F+R10 worse than HIVb+F+R9 -82744.9
598  HIVb+F+R10    82758.174    516 166548.348   167101.244   169283.740
610  HIVw+R9       110628.749   495 222247.497   222745.509   224871.565
611  HIVw+R10      110625.803   497 222245.607   222748.668   224880.277
623  HIVw+F+R9     89308.760    514 179645.520   180193.007   182370.310
624  HIVw+F+R10    89273.137    516 179578.273   180131.169   182313.666
636  FLU+R9        101332.822   495 203655.645   204153.657   206279.713
WARNING: Log-likelihood -101371 of FLU+R10 worse than FLU+R9 -101333
637  FLU+R10       101371.468   497 203736.936   204239.997   206371.607
649  FLU+F+R9      82308.206    514 165644.413   166191.900   168369.203
650  FLU+F+R10     82304.301    516 165640.601   166193.496   168375.993
662  rtREV+R9      87607.247    495 176204.493   176702.505   178828.561
663  rtREV+R10     87602.585    497 176199.171   176702.232   178833.841
675  rtREV+F+R9    72945.938    514 146919.877   147467.364   149644.667
WARNING: Log-likelihood -72956.5 of rtREV+F+R10 worse than rtREV+F+R9 -72945.9
676  rtREV+F+R10   72956.454    516 146944.908   147497.803   149680.300
688  cpREV+R9      89489.704    495 179969.408   180467.420   182593.476
689  cpREV+R10     89486.004    497 179966.008   180469.069   182600.678
701  cpREV+F+R9    73678.015    514 148384.030   148931.517   151108.820
702  cpREV+F+R10   73677.010    516 148386.020   148938.915   151121.412
Akaike Information Criterion:           Blosum62+F+R10
Corrected Akaike Information Criterion: Blosum62+F+R9
Bayesian Information Criterion:         Blosum62+F+R9
Best-fit model: Blosum62+F+R9 chosen according to BIC

All model information printed to results/tree/PGC_bchB/PGC_bchB.model.gz
CPU time for ModelFinder: 293746.786 seconds (81h:35m:46s)
Wall-clock time for ModelFinder: 294222.710 seconds (81h:43m:42s)
WARNING: States(s) N, D, Q, E, I, L, K, F, P, V rarely appear in alignment and may cause numerical problems

NOTE: 341 MB RAM (0 GB) is required!
Estimate model parameters (epsilon = 0.100)
1. Initial log-likelihood: -70688.200
Optimal log-likelihood: -70688.092
Site proportion and rates:  (0.390,0.017) (0.050,0.181) (0.050,0.181) (0.133,0.490) (0.096,1.099) (0.044,1.302) (0.106,2.150) (0.103,3.558) (0.027,5.647)
Parameters optimization took 1 rounds (37.100 sec)
Computing ML distances based on estimated model parameters...
Computing ML distances took 14.587154 sec (of wall-clock time) 14.582497 sec(of CPU time)
Computing RapidNJ tree took 0.012509 sec (of wall-clock time) 0.020512 sec (of CPU time)
Log-likelihood of RapidNJ tree: -71008.067
--------------------------------------------------------------------
|             INITIALIZING CANDIDATE TREE SET                      |
--------------------------------------------------------------------
Generating 98 parsimony trees... 24.623 second
Computing log-likelihood of 98 initial trees ... 195.893 seconds
Current best score: -70688.092

Do NNI search on 20 best initial trees
Estimate model parameters (epsilon = 0.100)
BETTER TREE FOUND at iteration 1: -70597.459
Estimate model parameters (epsilon = 0.100)
BETTER TREE FOUND at iteration 2: -70484.677
Estimate model parameters (epsilon = 0.100)
BETTER TREE FOUND at iteration 5: -70471.563
Estimate model parameters (epsilon = 0.100)
BETTER TREE FOUND at iteration 9: -70455.972
Iteration 10 / LogL: -70476.375 / Time: 0h:20m:45s
Iteration 20 / LogL: -70515.216 / Time: 0h:29m:52s
Finish initializing candidate tree set (20)
Current best tree score: -70455.972 / CPU time: 1714.657
Number of iterations: 20
--------------------------------------------------------------------
|               OPTIMIZING CANDIDATE TREE SET                      |
--------------------------------------------------------------------
Estimate model parameters (epsilon = 0.100)
BETTER TREE FOUND at iteration 23: -70454.027
Estimate model parameters (epsilon = 0.100)
BETTER TREE FOUND at iteration 24: -70419.619
Iteration 30 / LogL: -70432.853 / Time: 0h:41m:49s (2h:15m:34s left)
Estimate model parameters (epsilon = 0.100)
BETTER TREE FOUND at iteration 37: -70415.028
Iteration 40 / LogL: -70455.131 / Time: 0h:51m:6s (2h:7m:5s left)
Estimate model parameters (epsilon = 0.100)
BETTER TREE FOUND at iteration 46: -70413.218
Estimate model parameters (epsilon = 0.100)
BETTER TREE FOUND at iteration 48: -70408.737
Iteration 50 / LogL: -70587.317 / Time: 1h:1m:36s (2h:3m:13s left)
Estimate model parameters (epsilon = 0.100)
BETTER TREE FOUND at iteration 55: -70404.040
Estimate model parameters (epsilon = 0.100)
BETTER TREE FOUND at iteration 56: -70401.586
Estimate model parameters (epsilon = 0.100)
BETTER TREE FOUND at iteration 59: -70397.373
Iteration 60 / LogL: -70521.911 / Time: 1h:12m:10s (2h:1m:6s left)
Estimate model parameters (epsilon = 0.100)
BETTER TREE FOUND at iteration 62: -70394.314
Iteration 70 / LogL: -70410.824 / Time: 1h:21m:24s (1h:48m:32s left)
Iteration 80 / LogL: -70596.200 / Time: 1h:30m:9s (1h:33m:35s left)
Estimate model parameters (epsilon = 0.100)
BETTER TREE FOUND at iteration 82: -70393.652
Iteration 90 / LogL: -70511.297 / Time: 1h:40m:32s (1h:43m:55s left)
Iteration 100 / LogL: -70399.036 / Time: 1h:48m:55s (1h:30m:13s left)
Iteration 110 / LogL: -70434.472 / Time: 1h:57m:30s (1h:17m:37s left)
Iteration 120 / LogL: -70417.528 / Time: 2h:6m:28s (1h:5m:53s left)
Iteration 130 / LogL: -70408.610 / Time: 2h:15m:32s (0h:54m:38s left)
Iteration 140 / LogL: -70411.017 / Time: 2h:24m:25s (0h:43m:38s left)
Iteration 150 / LogL: -70418.912 / Time: 2h:33m:2s (0h:32m:51s left)
Estimate model parameters (epsilon = 0.100)
BETTER TREE FOUND at iteration 157: -70389.847
Iteration 160 / LogL: -70523.411 / Time: 2h:42m:41s (1h:39m:15s left)
Iteration 170 / LogL: -70422.684 / Time: 2h:51m:57s (1h:28m:31s left)
Iteration 180 / LogL: -70430.986 / Time: 3h:0m:31s (1h:17m:39s left)
Iteration 190 / LogL: -70426.784 / Time: 3h:9m:19s (1h:7m:6s left)
Estimate model parameters (epsilon = 0.100)
BETTER TREE FOUND at iteration 196: -70389.431
Iteration 200 / LogL: -70395.211 / Time: 3h:18m:29s (1h:35m:45s left)
Iteration 210 / LogL: -70495.600 / Time: 3h:27m:6s (1h:25m:13s left)
Iteration 220 / LogL: -70392.240 / Time: 3h:35m:47s (1h:14m:53s left)
Iteration 230 / LogL: -70595.394 / Time: 3h:44m:48s (1h:4m:47s left)
Iteration 240 / LogL: -70397.717 / Time: 3h:53m:16s (0h:54m:39s left)
Iteration 250 / LogL: -70395.004 / Time: 4h:2m:8s (0h:44m:44s left)
Iteration 260 / LogL: -70446.971 / Time: 4h:10m:56s (0h:34m:52s left)
Iteration 270 / LogL: -70389.782 / Time: 4h:19m:8s (0h:25m:2s left)
Iteration 280 / LogL: -70448.143 / Time: 4h:28m:25s (0h:15m:23s left)
Iteration 290 / LogL: -70396.496 / Time: 4h:37m:8s (0h:5m:45s left)
Estimate model parameters (epsilon = 0.100)
BETTER TREE FOUND at iteration 292: -70387.827
Iteration 300 / LogL: -70559.976 / Time: 4h:47m:25s (1h:28m:26s left)
Iteration 310 / LogL: -70534.499 / Time: 4h:56m:17s (1h:18m:37s left)
Iteration 320 / LogL: -70429.998 / Time: 5h:5m:5s (1h:8m:51s left)
Iteration 330 / LogL: -70396.274 / Time: 5h:13m:53s (0h:59m:9s left)
Iteration 340 / LogL: -70410.768 / Time: 5h:22m:37s (0h:49m:29s left)
Iteration 350 / LogL: -70391.534 / Time: 5h:31m:4s (0h:39m:50s left)
Iteration 360 / LogL: -70416.598 / Time: 5h:39m:45s (0h:30m:17s left)
Estimate model parameters (epsilon = 0.100)
BETTER TREE FOUND at iteration 365: -70383.759
Iteration 370 / LogL: -70407.202 / Time: 5h:49m:2s (1h:29m:51s left)
Iteration 380 / LogL: -70386.660 / Time: 5h:58m:9s (1h:20m:19s left)
Iteration 390 / LogL: -70404.005 / Time: 6h:7m:9s (1h:10m:47s left)
BETTER TREE FOUND at iteration 399: -70383.749
Iteration 400 / LogL: -70447.479 / Time: 6h:16m:22s (1h:33m:23s left)
Iteration 410 / LogL: -70400.303 / Time: 6h:24m:54s (1h:23m:45s left)
Iteration 420 / LogL: -70408.827 / Time: 6h:33m:38s (1h:14m:13s left)
Estimate model parameters (epsilon = 0.100)
BETTER TREE FOUND at iteration 429: -70381.104
Iteration 430 / LogL: -70382.018 / Time: 6h:43m:30s (1h:33m:7s left)
Iteration 440 / LogL: -70399.610 / Time: 6h:52m:18s (1h:23m:35s left)
Estimate model parameters (epsilon = 0.100)
BETTER TREE FOUND at iteration 442: -70378.906
Iteration 450 / LogL: -70384.660 / Time: 7h:2m:18s (1h:26m:31s left)
Iteration 460 / LogL: -70423.090 / Time: 7h:10m:56s (1h:16m:59s left)
Estimate model parameters (epsilon = 0.100)
BETTER TREE FOUND at iteration 469: -70377.431
Iteration 470 / LogL: -70384.041 / Time: 7h:21m:17s (1h:33m:9s left)
Estimate model parameters (epsilon = 0.100)
BETTER TREE FOUND at iteration 477: -70376.725
Iteration 480 / LogL: -70555.844 / Time: 7h:31m:19s (1h:31m:23s left)
Estimate model parameters (epsilon = 0.100)
BETTER TREE FOUND at iteration 481: -70373.682
Iteration 490 / LogL: -70399.482 / Time: 7h:40m:54s (1h:25m:46s left)
Iteration 500 / LogL: -70401.006 / Time: 7h:49m:43s (1h:16m:14s left)
Iteration 510 / LogL: -70487.313 / Time: 7h:58m:48s (1h:6m:47s left)
Iteration 520 / LogL: -70403.956 / Time: 8h:8m:0s (0h:57m:21s left)
Iteration 530 / LogL: -70464.088 / Time: 8h:16m:28s (0h:47m:51s left)
Iteration 540 / LogL: -70415.129 / Time: 8h:25m:40s (0h:38m:27s left)
Iteration 550 / LogL: -70390.080 / Time: 8h:34m:21s (0h:29m:2s left)
Iteration 560 / LogL: -70375.308 / Time: 8h:43m:25s (0h:19m:39s left)
Iteration 570 / LogL: -70405.444 / Time: 8h:52m:15s (0h:10m:17s left)
Iteration 580 / LogL: -70434.738 / Time: 9h:1m:4s (0h:0m:56s left)
TREE SEARCH COMPLETED AFTER 582 ITERATIONS / Time: 9h:2m:53s

--------------------------------------------------------------------
|                    FINALIZING TREE SEARCH                        |
--------------------------------------------------------------------
Performs final model parameters optimization
Estimate model parameters (epsilon = 0.010)
1. Initial log-likelihood: -70373.682
2. Current log-likelihood: -70373.662
3. Current log-likelihood: -70373.645
4. Current log-likelihood: -70373.631
5. Current log-likelihood: -70373.614
6. Current log-likelihood: -70373.600
7. Current log-likelihood: -70373.584
8. Current log-likelihood: -70373.571
9. Current log-likelihood: -70373.557
10. Current log-likelihood: -70373.544
11. Current log-likelihood: -70373.531
12. Current log-likelihood: -70373.519
13. Current log-likelihood: -70373.507
14. Current log-likelihood: -70373.489
15. Current log-likelihood: -70373.476
16. Current log-likelihood: -70373.463
17. Current log-likelihood: -70373.451
18. Current log-likelihood: -70373.438
19. Current log-likelihood: -70373.426
20. Current log-likelihood: -70373.415
21. Current log-likelihood: -70373.403
22. Current log-likelihood: -70373.392
23. Current log-likelihood: -70373.377
24. Current log-likelihood: -70373.365
25. Current log-likelihood: -70373.354
26. Current log-likelihood: -70373.342
27. Current log-likelihood: -70373.331
28. Current log-likelihood: -70373.319
29. Current log-likelihood: -70373.308
30. Current log-likelihood: -70373.297
31. Current log-likelihood: -70373.286
32. Current log-likelihood: -70373.276
33. Current log-likelihood: -70373.265
34. Current log-likelihood: -70373.255
35. Current log-likelihood: -70373.245
Optimal log-likelihood: -70373.230
Site proportion and rates:  (0.379,0.014) (0.054,0.164) (0.054,0.164) (0.128,0.466) (0.105,1.013) (0.056,1.461) (0.097,2.227) (0.100,3.609) (0.026,5.773)
Parameters optimization took 35 rounds (589.819 sec)
BEST SCORE FOUND : -70373.230
Total tree length: 15.249

Total number of iterations: 582
CPU time used for tree search: 32442.846 sec (9h:0m:42s)
Wall-clock time used for tree search: 32495.556 sec (9h:1m:35s)
Total CPU time used: 33109.160 sec (9h:11m:49s)
Total wall-clock time used: 33163.274 sec (9h:12m:43s)

Analysis results written to: 
  IQ-TREE report:                results/tree/PGC_bchB/PGC_bchB.iqtree
  Maximum-likelihood tree:       results/tree/PGC_bchB/PGC_bchB.treefile
  Likelihood distances:          results/tree/PGC_bchB/PGC_bchB.mldist
  Screen log file:               results/tree/PGC_bchB/PGC_bchB.log

Date and Time: Mon Jun 24 04:49:55 2024
