IQ-TREE multicore version 2.1.4-beta COVID-edition for Linux 64-bit built Jun 24 2021
Developed by Bui Quang Minh, James Barbetti, Nguyen Lam Tung,
Olga Chernomor, Heiko Schmidt, Dominik Schrempf, Michael Woodhams.

Host:    morrowind (AVX2, FMA3, 503 GB RAM)
Command: iqtree2 -s results/fasta_PGC/gene_trimmed/PGC_bchC_trim.phy -pre results/tree/PGC_bchC/PGC_bchC
Seed:    599755 (Using SPRNG - Scalable Parallel Random Number Generator)
Time:    Thu Jun 20 09:53:29 2024
Kernel:  AVX+FMA - 1 threads (128 CPU cores detected)

HINT: Use -nt option to specify number of threads because your CPU has 128 cores!
HINT: -nt AUTO will automatically determine the best number of threads to use.

Reading alignment file results/fasta_PGC/gene_trimmed/PGC_bchC_trim.phy ... Phylip format detected
Alignment most likely contains protein sequences
WARNING: 40 sites contain only gaps or ambiguous characters.
Alignment has 250 sequences with 921 columns, 756 distinct patterns
636 parsimony-informative, 97 singleton sites, 188 constant sites
                                              Gap/Ambiguity  Composition  p-value
   1  GCA_011765465.1_ASM1176546v1                   21.17%    passed    100.00%
   2  GCA_015693905.1_ASM1569390v1                   21.93%    passed    100.00%
   3  GCA_016745215.1_scaff03                        21.93%    passed    100.00%
   4  GCA_019285715.1_ASM1928571v1                   25.08%    passed     99.29%
   5  GCA_019739335.1_ASM1973933v1                   21.39%    passed    100.00%
   6  GCF_000013085.1_ASM1308v1                      22.80%    passed     99.96%
   7  GCF_000013365.1_ASM1336v1                      21.50%    passed     98.79%
   8  GCF_000013565.1_ASM1356v1                      20.74%    passed     99.54%
   9  GCF_000014045.1_ASM1404v1                      21.39%    passed     99.96%
  10  GCF_000015165.1_ASM1516v1                      22.37%    passed    100.00%
  11  GCF_000015585.1_ASM1558v1                      23.13%    passed     99.43%
  12  GCF_000016185.1_ASM1618v1                      23.56%    passed     98.42%
  13  GCF_000018145.1_ASM1814v1                      21.06%    passed     97.35%
  14  GCF_000018845.1_ASM1884v1                      24.43%    passed     98.55%
  15  GCF_000019365.1_ASM1936v1                      25.08%    passed     13.26%
  16  GCF_000019725.1_ASM1972v1                      24.32%    passed     83.52%
  17  GCF_000019945.1_ASM1994v1                      24.10%    passed     99.77%
  18  GCF_000020445.1_ASM2044v1                      21.82%    passed     87.00%
  19  GCF_000021005.1_ASM2100v1                      21.82%    passed     96.39%
  20  GCF_000021745.1_ASM2174v1                      22.69%    passed     99.99%
  21  GCF_000021845.1_ASM2184v1                      24.21%    passed     97.33%
  22  GCF_000021865.1_ASM2186v1                      22.04%    passed    100.00%
  23  GCF_000022685.1_ASM2268v1                      24.43%    passed     99.19%
  24  GCF_000025485.1_ASM2548v1                      23.24%    passed     99.14%
  25  GCF_000026145.1_ASM2614v1                      22.15%    passed    100.00%
  26  GCF_000083545.1_ASM8354v1                      24.21%    passed     99.62%
  27  GCF_000144605.1_ASM14460v1                     22.15%    passed     99.26%
  28  GCF_000154785.2_ASM15478v2                     21.28%    passed     99.85%
  29  GCF_000166055.1_ASM16605v1                     21.61%    passed     96.14%
  30  GCF_000195775.2_ASM19577v2                     21.82%    passed     86.54%
  31  GCF_000202835.1_ASM20283v1                     23.56%    passed     84.58%
  32  GCF_000224005.2_ASM22400v3                     22.37%    passed    100.00%
  33  GCF_000225955.1_ASM22595v1                     22.80%    passed     99.96%
  34  GCF_000227745.2_ASM22774v3                     22.37%    passed     99.99%
  35  GCF_000284255.1_ASM28425v1                     21.93%    passed    100.00%
  36  GCF_000284275.1_ASM28427v1                     21.61%    passed     99.95%
  37  GCF_000284415.1_ASM28441v2                     23.56%    passed     99.99%
  38  GCF_000327045.1_ASM32704v1                     22.04%    passed    100.00%
  39  GCF_000344805.1_ASM34480v1                     22.15%    passed     99.96%
  40  GCF_000364445.2_ASM36444v2                     23.78%    passed     98.95%
  41  GCF_000512205.2_ASM51220v2                     22.69%    passed     96.70%
  42  GCF_000590925.1_ASM59092v1                     21.61%    passed     99.98%
  43  GCF_000738435.1_ASM73843v1                     21.39%    passed     86.40%
  44  GCF_000757795.1_ASM75779v1                     24.10%    passed     97.26%
  45  GCF_000935025.1_ASM93502v1                     22.80%    passed     99.49%
  46  GCF_000973625.1_ASM97362v1                     19.11%    failed      0.29%
  47  GCF_001304795.1_ASM130479v1                    21.82%    passed    100.00%
  48  GCF_001402875.1_ASM140287v1                    22.37%    passed     99.80%
  49  GCF_001412535.1_ASM141253v1                    22.48%    passed     94.88%
  50  GCF_001412575.1_ASM141257v1                    20.85%    passed     30.46%
  51  GCF_001459775.1_Blastochloris_viridis_genome   22.37%    passed     99.80%
  52  GCF_001483865.1_ASM148386v1                    22.04%    passed    100.00%
  53  GCF_001542815.1_ASM154281v1                    24.21%    passed     99.92%
  54  GCF_001548015.1_ASM154801v1                    24.86%    passed     25.60%
  55  GCF_001548075.1_ASM154807v1                    21.72%    passed     99.97%
  56  GCF_001576595.1_ASM157659v1                    21.82%    passed     96.39%
  57  GCF_001632845.1_ASM163284v1                    21.50%    passed     97.86%
  58  GCF_001633145.1_ASM163314v1                    21.72%    passed     99.97%
  59  GCF_001633165.1_ASM163316v1                    21.72%    passed     99.97%
  60  GCF_001663155.1_ASM166315v1                    20.96%    passed     83.73%
  61  GCF_001663175.1_ASM166317v1                    21.82%    passed     99.98%
  62  GCF_001713355.1_ASM171335v1                    22.15%    passed    100.00%
  63  GCF_001713375.1_ASM171337v1                    21.50%    passed     99.89%
  64  GCF_001713435.1_ASM171343v1                    22.48%    passed     42.81%
  65  GCF_001713455.1_ASM171345v1                    23.56%    passed     95.12%
  66  GCF_001713475.1_ASM171347v1                    22.26%    passed    100.00%
  67  GCF_001719165.1_ASM171916v1                    21.17%    passed    100.00%
  68  GCF_001720465.1_ASM172046v1                    21.72%    passed     99.99%
  69  GCF_001854385.1_ASM185438v1                    24.32%    passed     77.57%
  70  GCF_001870665.2_ASM187066v2                    20.74%    passed     99.35%
  71  GCF_001886735.1_ASM188673v1                    22.69%    passed     99.96%
  72  GCF_001936175.1_ASM193617v1                    24.21%    passed     96.35%
  73  GCF_001955735.1_ASM195573v1                    21.06%    passed     91.74%
  74  GCF_001969365.1_ASM196936v1                    23.34%    passed     85.64%
  75  GCF_001971665.1_ASM197166v1                    24.32%    passed     97.90%
  76  GCF_002002865.1_ASM200286v1                    22.37%    passed     99.75%
  77  GCF_002073975.1_ASM207397v1                    21.50%    passed     99.99%
  78  GCF_002079305.1_ASM207930v1                    21.28%    passed     98.92%
  79  GCF_002080415.1_ASM208041v1                    22.48%    passed     99.99%
  80  GCF_002117815.2_ASM211781v2                    24.32%    passed     97.68%
  81  GCF_002158905.1_ASM215890v1                    21.82%    passed     94.91%
  82  GCF_002266435.2_ASM226643v2                    22.04%    passed    100.00%
  83  GCF_002355515.1_ASM235551v1                    24.21%    passed     99.81%
  84  GCF_002407205.1_ASM240720v1                    21.61%    passed     85.26%
  85  GCF_002706325.1_ASM270632v1                    21.82%    passed     96.39%
  86  GCF_002813775.1_ASM281377v1                    23.34%    passed     99.65%
  87  GCF_002868735.1_ASM286873v1                    22.80%    passed    100.00%
  88  GCF_002952215.1_ASM295221v1                    21.72%    passed     99.43%
  89  GCF_002983865.1_ASM298386v1                    21.39%    passed     99.96%
  90  GCF_003031245.1_ASM303124v1                    21.82%    passed     86.54%
  91  GCF_003031265.1_ASM303126v1                    21.72%    passed     83.12%
  92  GCF_003065365.1_ASM306536v1                    19.33%    passed     15.24%
  93  GCF_003071405.1_ASM307140v1                    22.91%    passed     99.90%
  94  GCF_003173715.1_ASM317371v1                    24.54%    passed     99.40%
  95  GCF_003173735.1_ASM317373v1                    25.30%    passed     13.56%
  96  GCF_003173755.1_ASM317375v1                    24.32%    passed     90.58%
  97  GCF_003173775.1_ASM317377v1                    24.65%    passed     67.80%
  98  GCF_003254375.1_ASM325437v1                    24.10%    passed     96.63%
  99  GCF_003264115.1_ASM326411v1                    21.28%    passed     99.98%
 100  GCF_003288315.1_ASM328831v1                    22.48%    passed     99.99%
 101  GCF_003324715.1_ASM332471v1                    21.82%    passed     96.39%
 102  GCF_003352165.1_ASM335216v1                    23.67%    passed     99.36%
 103  GCF_003429265.1_ASM342926v1                    21.28%    passed     56.07%
 104  GCF_003431825.1_ASM343182v1                    22.48%    passed     42.69%
 105  GCF_003855495.1_ASM385549v1                    23.34%    passed     96.29%
 106  GCF_003940805.1_ASM394080v1                    22.48%    passed     99.97%
 107  GCF_003952725.1_ASM395272v1                    21.50%    passed    100.00%
 108  GCF_003966715.1_ASM396671v1                    22.04%    passed    100.00%
 109  GCF_004114955.1_ASM411495v1                    21.93%    passed     99.77%
 110  GCF_004136295.1_ASM413629v1                    23.56%    passed     99.10%
 111  GCF_004216475.1_ASM421647v1                    21.72%    passed     95.64%
 112  GCF_004331955.1_ASM433195v1                    21.61%    passed     98.47%
 113  GCF_004354345.1_ASM435434v1                    23.56%    passed     99.94%
 114  GCF_005311585.1_ASM531158v1                    21.82%    passed     97.13%
 115  GCF_005860795.2_ASM586079v2                    21.72%    passed     99.39%
 116  GCF_006542605.1_ASM654260v1                    22.04%    passed     99.99%
 117  GCF_006740745.1_ASM674074v1                    24.00%    passed     99.86%
 118  GCF_007005445.1_ASM700544v1                    21.72%    passed     90.31%
 119  GCF_007290395.1_ASM729039v1                    21.72%    passed     99.97%
 120  GCF_007954425.1_ASM795442v1                    21.82%    passed    100.00%
 121  GCF_008000895.1_ASM800089v1                    24.43%    passed     84.62%
 122  GCF_008000915.1_ASM800091v1                    22.37%    passed     99.99%
 123  GCF_008728195.1_ASM872819v1                    21.82%    passed    100.00%
 124  GCF_008843145.1_ASM884314v1                    23.24%    passed     68.13%
 125  GCF_008932115.1_ASM893211v1                    21.82%    passed     99.20%
 126  GCF_009363255.1_ASM936325v1                    22.58%    passed    100.00%
 127  GCF_009363495.1_ASM936349v1                    22.58%    passed    100.00%
 128  GCF_009363575.1_ASM936357v1                    22.37%    passed    100.00%
 129  GCF_009363615.1_ASM936361v1                    22.48%    passed     91.03%
 130  GCF_009363635.1_ASM936363v1                    20.96%    passed     99.99%
 131  GCF_009363655.1_ASM936365v1                    22.15%    passed    100.00%
 132  GCF_009363715.1_ASM936371v1                    21.93%    passed     99.99%
 133  GCF_009363735.1_ASM936373v1                    22.15%    passed    100.00%
 134  GCF_009363795.1_ASM936379v1                    22.69%    passed    100.00%
 135  GCF_009650195.1_ASM965019v1                    22.26%    passed    100.00%
 136  GCF_009664085.1_ASM966408v1                    23.34%    passed     98.87%
 137  GCF_009685175.1_ASM968517v1                    23.45%    passed     97.85%
 138  GCF_009762325.1_ASM976232v1                    21.82%    passed    100.00%
 139  GCF_009797665.1_ASM979766v1                    21.82%    passed     96.39%
 140  GCF_009859815.1_ASM985981v1                    21.28%    passed     99.24%
 141  GCF_009913435.1_ASM991343v1                    22.37%    passed     76.75%
 142  GCF_010104355.1_ASM1010435v1                   21.28%    passed     99.24%
 143  GCF_011040475.1_ASM1104047v1                   22.37%    passed     99.56%
 144  GCF_011044255.1_ASM1104425v1                   22.26%    passed     99.93%
 145  GCF_011047315.1_ASM1104731v1                   21.50%    passed     99.60%
 146  GCF_011290485.1_ASM1129048v1                   22.04%    passed     99.68%
 147  GCF_011388215.1_ASM1138821v1                   24.43%    passed     29.55%
 148  GCF_012647365.1_ASM1264736v1                   21.82%    passed     96.39%
 149  GCF_012932215.1_ASM1293221v1                   22.48%    passed     99.98%
 150  GCF_013170845.1_ASM1317084v1                   21.28%    passed    100.00%
 151  GCF_013307245.1_ASM1330724v1                   19.44%    failed      2.43%
 152  GCF_013374095.1_ASM1337409v1                   23.89%    passed    100.00%
 153  GCF_013378075.1_ASM1337807v1                   21.82%    passed    100.00%
 154  GCF_013415845.1_ASM1341584v1                   21.82%    passed     86.54%
 155  GCF_014117445.1_ASM1411744v1                   23.34%    passed     78.90%
 156  GCF_014622665.1_ASM1462266v1                   22.26%    passed    100.00%
 157  GCF_014681765.1_ASM1468176v1                   21.93%    passed     99.13%
 158  GCF_015679265.1_ASM1567926v1                   22.48%    passed    100.00%
 159  GCF_016584445.1_ASM1658444v1                   21.82%    passed     86.54%
 160  GCF_016653635.2_ASM1665363v2                   23.78%    passed     29.41%
 161  GCF_016765655.2_ASM1676565v2                   23.13%    passed     89.12%
 162  GCF_016806065.1_ASM1680606v1                   22.26%    passed    100.00%
 163  GCF_016806835.2_ASM1680683v2                   23.45%    passed     60.61%
 164  GCF_016839165.1_ASM1683916v1                   22.04%    passed    100.00%
 165  GCF_017347565.1_ASM1734756v1                   24.54%    passed     87.85%
 166  GCF_017498565.1_ASM1749856v1                   19.65%    passed     63.83%
 167  GCF_017795885.1_ASM1779588v1                   22.26%    passed     99.88%
 168  GCF_018200035.1_ASM1820003v1                   22.80%    passed    100.00%
 169  GCF_018205975.1_ASM1820597v1                   21.82%    passed    100.00%
 170  GCF_018399035.1_ASM1839903v1                   22.69%    passed    100.00%
 171  GCF_018409545.1_ASM1840954v1                   23.24%    passed     99.29%
 172  GCF_018687415.1_ASM1868741v1                   19.76%    failed      1.20%
 173  GCF_018687475.1_ASM1868747v1                   20.63%    passed     62.14%
 174  GCF_018687675.1_ASM1868767v1                   19.11%    failed      0.29%
 175  GCF_018688155.1_ASM1868815v1                   20.20%    passed     19.71%
 176  GCF_018688255.1_ASM1868825v1                   19.11%    failed      0.10%
 177  GCF_018982885.2_ASM1898288v2                   24.00%    passed     99.21%
 178  GCF_019134555.1_ASM1913455v1                   22.80%    passed     99.96%
 179  GCF_019203965.1_ASM1920396v1                   23.67%    passed     94.83%
 180  GCF_019431245.1_ASM1943124v1                   24.00%    passed     99.81%
 181  GCF_019443285.1_ASM1944328v1                   22.48%    passed    100.00%
 182  GCF_019623905.1_ASM1962390v1                   22.91%    passed     97.62%
 183  GCF_019904235.1_ASM1990423v1                   21.39%    passed     99.75%
 184  GCF_019973775.1_ASM1997377v1                   22.26%    passed     99.99%
 185  GCF_020866845.1_ASM2086684v1                   22.04%    passed     89.49%
 186  GCF_021088345.1_ASM2108834v1                   22.04%    passed    100.00%
 187  GCF_021117295.1_ASM2111729v1                   24.21%    passed     98.23%
 188  GCF_021228015.1_ASM2122801v1                   24.76%    passed     44.65%
 189  GCF_021228795.1_ASM2122879v1                   22.26%    passed    100.00%
 190  GCF_021391315.1_ASM2139131v1                   21.28%    passed     56.07%
 191  GCF_021391535.1_ASM2139153v1                   23.24%    passed     99.98%
 192  GCF_021398735.1_ASM2139873v1                   24.10%    passed     94.83%
 193  GCF_021431965.1_ASM2143196v1                   21.17%    passed     99.86%
 194  GCF_021484845.1_ASM2148484v1                   24.32%    passed     83.99%
 195  GCF_022227035.1_ASM2222703v1                   21.17%    passed     56.48%
 196  GCF_022370455.1_ASM2237045v1                   23.45%    passed     99.11%
 197  GCF_022410435.1_ASM2241043v1                   22.91%    passed     94.02%
 198  GCF_022533465.1_ASM2253346v1                   24.76%    passed     85.40%
 199  GCF_022558965.1_ASM2255896v1                   23.45%    passed     82.38%
 200  GCF_022846615.1_ASM2284661v1                   22.37%    passed     99.14%
 201  GCF_023243115.1_ASM2324311v1                   25.52%    passed    100.00%
 202  GCF_023380025.1_ASM2338002v1                   22.69%    passed    100.00%
 203  GCF_023546765.1_ASM2354676v1                   24.21%    passed     99.27%
 204  GCF_023558335.1_ASM2355833v1                   21.06%    passed     97.35%
 205  GCF_023558355.1_ASM2355835v1                   21.06%    passed     97.35%
 206  GCF_023573145.1_ASM2357314v1                   22.80%    passed     89.85%
 207  GCF_023823125.1_ASM2382312v1                   21.39%    passed    100.00%
 208  GCF_024496245.1_ASM2449624v1                   23.67%    passed     99.61%
 209  GCF_024758705.1_ASM2475870v1                   25.08%    passed     96.28%
 210  GCF_024758725.1_ASM2475872v1                   23.02%    passed     94.90%
 211  GCF_025141175.1_ASM2514117v1                   21.82%    passed     99.67%
 212  GCF_025141935.1_ASM2514193v1                   21.93%    passed     99.94%
 213  GCF_025398155.2_ASM2539815v2                   22.26%    passed     99.39%
 214  GCF_025811215.1_ASM2581121v1                   21.82%    passed     86.54%
 215  GCF_025811355.1_ASM2581135v1                   21.82%    passed     86.54%
 216  GCF_025811435.1_ASM2581143v1                   21.82%    passed     86.54%
 217  GCF_025813715.1_ASM2581371v1                   24.21%    passed     75.81%
 218  GCF_025917005.1_ASM2591700v1                   21.93%    passed     99.89%
 219  GCF_026122595.1_ASM2612259v1                   24.65%    passed     97.59%
 220  GCF_026122615.1_ASM2612261v1                   24.65%    passed     97.59%
 221  GCF_026167525.1_ASM2616752v1                   22.37%    passed     93.26%
 222  GCF_026167545.1_ASM2616754v1                   23.45%    passed     99.96%
 223  GCF_026625025.1_ASM2662502v1                   21.82%    passed     86.54%
 224  GCF_026898155.1_ASM2689815v1                   22.69%    passed     96.39%
 225  GCF_027271155.1_ASM2727115v1                   22.48%    passed     99.84%
 226  GCF_027886585.1_ASM2788658v1                   22.04%    passed     98.76%
 227  GCF_027912195.1_ASM2791219v1                   21.82%    passed     86.54%
 228  GCF_027943985.1_ASM2794398v1                   18.68%    failed      0.02%
 229  GCF_027944005.1_ASM2794400v1                   18.68%    failed      0.02%
 230  GCF_028621955.1_ASM2862195v1                   21.72%    passed    100.00%
 231  GCF_028885395.1_ASM2888539v1                   21.82%    passed    100.00%
 232  GCF_029277405.1_ASM2927740v1                   22.26%    passed    100.00%
 233  GCF_029581395.1_ASM2958139v1                   22.91%    passed    100.00%
 234  GCF_029691625.1_ASM2969162v1                   24.10%    passed     96.65%
 235  GCF_029714205.1_ASM2971420v1                   25.08%    passed     13.26%
 236  GCF_029761955.1_ASM2976195v1                   24.32%    passed     91.22%
 237  GCF_030062705.1_ASM3006270v1                   24.32%    passed     99.81%
 238  GCF_030252425.1_ASM3025242v1                   23.56%    passed     99.97%
 239  GCF_030255395.1_ASM3025539v1                   24.43%    passed     98.55%
 240  GCF_030297555.1_ASM3029755v1                   20.74%    passed     78.16%
 241  GCF_030297575.1_ASM3029757v1                   20.74%    passed     72.36%
 242  GCF_030297595.1_ASM3029759v1                   20.74%    passed     72.36%
 243  GCF_030297615.1_ASM3029761v1                   20.63%    passed     62.14%
 244  GCF_030297635.1_ASM3029763v1                   20.74%    passed     76.67%
 245  GCF_030297655.1_ASM3029765v1                   20.74%    passed     72.36%
 246  GCF_030297675.1_ASM3029767v1                   20.74%    passed     72.36%
 247  GCF_900176205.1_BRAD285_PRJEB202261_v1         22.48%    passed    100.00%
 248  GCF_900234795.1_TK0001_PRJEB23178_v1           24.32%    passed     98.38%
 249  GCF_901457705.2_RHAL1_v2                       23.45%    passed     99.75%
 250  GCF_937425535.1_Rhodovastum_atsumiense_G2-11   23.13%    passed    100.00%
****  TOTAL                                          22.44%  7 sequences failed composition chi2 test (p-value<5%; df=19)
NOTE: GCF_000225955.1_ASM22595v1 is identical to GCF_000013085.1_ASM1308v1 but kept for subsequent analysis
NOTE: GCF_002983865.1_ASM298386v1 is identical to GCF_000014045.1_ASM1404v1 but kept for subsequent analysis
NOTE: GCF_023558335.1_ASM2355833v1 is identical to GCF_000018145.1_ASM1814v1 but kept for subsequent analysis
NOTE: GCF_030255395.1_ASM3025539v1 is identical to GCF_000018845.1_ASM1884v1 but kept for subsequent analysis
NOTE: GCF_029714205.1_ASM2971420v1 is identical to GCF_000019365.1_ASM1936v1 but kept for subsequent analysis
NOTE: GCF_001576595.1_ASM157659v1 is identical to GCF_000021005.1_ASM2100v1 but kept for subsequent analysis
NOTE: GCF_003031245.1_ASM303124v1 is identical to GCF_000195775.2_ASM19577v2 but kept for subsequent analysis
NOTE: GCF_018687675.1_ASM1868767v1 is identical to GCF_000973625.1_ASM97362v1 but kept for subsequent analysis
NOTE: GCF_001459775.1_Blastochloris_viridis_genome is identical to GCF_001402875.1_ASM140287v1 but kept for subsequent analysis
NOTE: GCF_001633145.1_ASM163314v1 is identical to GCF_001548075.1_ASM154807v1 but kept for subsequent analysis
NOTE: GCF_021391315.1_ASM2139131v1 is identical to GCF_003429265.1_ASM342926v1 but kept for subsequent analysis
NOTE: GCF_009363495.1_ASM936349v1 is identical to GCF_009363255.1_ASM936325v1 but kept for subsequent analysis
NOTE: GCF_010104355.1_ASM1010435v1 is identical to GCF_009859815.1_ASM985981v1 but kept for subsequent analysis
NOTE: GCF_029277405.1_ASM2927740v1 is identical to GCF_014622665.1_ASM1462266v1 but kept for subsequent analysis
NOTE: GCF_030297615.1_ASM3029761v1 is identical to GCF_018687475.1_ASM1868747v1 but kept for subsequent analysis
NOTE: GCF_026122615.1_ASM2612261v1 is identical to GCF_026122595.1_ASM2612259v1 but kept for subsequent analysis
NOTE: GCF_027944005.1_ASM2794400v1 is identical to GCF_027943985.1_ASM2794398v1 but kept for subsequent analysis
NOTE: GCF_030297595.1_ASM3029759v1 is identical to GCF_030297575.1_ASM3029757v1 but kept for subsequent analysis
NOTE: 16 identical sequences (see below) will be ignored for subsequent analysis
NOTE: GCF_019134555.1_ASM1913455v1 (identical to GCF_000013085.1_ASM1308v1) is ignored but added at the end
NOTE: GCF_023558355.1_ASM2355835v1 (identical to GCF_000018145.1_ASM1814v1) is ignored but added at the end
NOTE: GCF_002706325.1_ASM270632v1 (identical to GCF_000021005.1_ASM2100v1) is ignored but added at the end
NOTE: GCF_003324715.1_ASM332471v1 (identical to GCF_000021005.1_ASM2100v1) is ignored but added at the end
NOTE: GCF_009797665.1_ASM979766v1 (identical to GCF_000021005.1_ASM2100v1) is ignored but added at the end
NOTE: GCF_012647365.1_ASM1264736v1 (identical to GCF_000021005.1_ASM2100v1) is ignored but added at the end
NOTE: GCF_013415845.1_ASM1341584v1 (identical to GCF_000195775.2_ASM19577v2) is ignored but added at the end
NOTE: GCF_016584445.1_ASM1658444v1 (identical to GCF_000195775.2_ASM19577v2) is ignored but added at the end
NOTE: GCF_025811215.1_ASM2581121v1 (identical to GCF_000195775.2_ASM19577v2) is ignored but added at the end
NOTE: GCF_025811355.1_ASM2581135v1 (identical to GCF_000195775.2_ASM19577v2) is ignored but added at the end
NOTE: GCF_025811435.1_ASM2581143v1 (identical to GCF_000195775.2_ASM19577v2) is ignored but added at the end
NOTE: GCF_026625025.1_ASM2662502v1 (identical to GCF_000195775.2_ASM19577v2) is ignored but added at the end
NOTE: GCF_027912195.1_ASM2791219v1 (identical to GCF_000195775.2_ASM19577v2) is ignored but added at the end
NOTE: GCF_001633165.1_ASM163316v1 (identical to GCF_001548075.1_ASM154807v1) is ignored but added at the end
NOTE: GCF_030297655.1_ASM3029765v1 (identical to GCF_030297575.1_ASM3029757v1) is ignored but added at the end
NOTE: GCF_030297675.1_ASM3029767v1 (identical to GCF_030297575.1_ASM3029757v1) is ignored but added at the end
Alignment was printed to results/tree/PGC_bchC/PGC_bchC.uniqueseq.phy

For your convenience alignment with unique sequences printed to results/tree/PGC_bchC/PGC_bchC.uniqueseq.phy


Create initial parsimony tree by phylogenetic likelihood library (PLL)... 0.254 seconds
Perform fast likelihood tree search using LG+I+G model...
Estimate model parameters (epsilon = 5.000)
Perform nearest neighbor interchange...
Estimate model parameters (epsilon = 1.000)
1. Initial log-likelihood: -85439.872
Optimal log-likelihood: -85439.832
Proportion of invariable sites: 0.117
Gamma shape alpha: 0.854
Parameters optimization took 1 rounds (2.625 sec)
Time for fast ML tree search: 28.397 seconds

NOTE: ModelFinder requires 280 MB RAM!
ModelFinder will test up to 702 protein models (sample size: 921) ...
 No. Model         -LnL         df  AIC          AICc         BIC
  1  LG            92777.458    465 186484.916   187437.399   188728.755
  2  LG+I          90676.716    466 182285.431   183244.118   184534.096
  3  LG+G4         85538.530    466 172009.059   172967.747   174257.724
  4  LG+I+G4       85439.855    467 171813.709   172778.636   174067.199
  5  LG+R2         86645.007    467 174224.015   175188.942   176477.504
  6  LG+R3         85740.801    469 172419.602   173397.118   174682.743
  7  LG+R4         85348.735    471 171639.470   172629.724   173912.262
  8  LG+R5         85270.869    473 171487.738   172490.879   173770.181
  9  LG+R6         85228.316    475 171406.632   172422.812   173698.726
 10  LG+R7         85218.286    477 171390.572   172419.945   173692.317
 11  LG+R8         85218.189    479 171394.377   172437.098   173705.773
 22  LG+F+R6       69048.616    494 139085.232   140233.260   141469.009
 23  LG+F+R7       69038.960    496 139069.920   140232.712   141463.348
 35  WAG+R6        85050.221    475 171050.443   172066.622   173342.536
 36  WAG+R7        85048.835    477 171051.669   172081.042   173353.414
 48  WAG+F+R6      69246.365    494 139480.729   140628.757   141864.506
 49  WAG+F+R7      69242.234    496 139476.469   140639.261   141869.897
 61  JTT+R6        86919.353    475 174788.706   175804.886   177080.800
 62  JTT+R7        86901.281    477 174756.562   175785.935   177058.307
 74  JTT+F+R6      72309.371    494 145606.741   146754.770   147990.519
 75  JTT+F+R7      72300.518    496 145593.036   146755.829   147986.464
 87  Q.pfam+R6     85294.354    475 171538.707   172554.887   173830.801
 88  Q.pfam+R7     85284.537    477 171523.074   172552.446   173824.818
100  Q.pfam+F+R6   69439.299    494 139866.598   141014.626   142250.376
101  Q.pfam+F+R7   69429.726    496 139851.451   141014.244   142244.879
113  Q.bird+R6     91126.893    475 183203.787   184219.967   185495.880
114  Q.bird+R7     91116.823    477 183187.645   184217.018   185489.390
126  Q.bird+F+R6   77179.322    494 155346.644   156494.672   157730.421
127  Q.bird+F+R7   77160.784    496 155313.568   156476.360   157706.996
139  Q.mammal+R6   89716.505    475 180383.009   181399.189   182675.103
140  Q.mammal+R7   89701.522    477 180357.043   181386.416   182658.788
152  Q.mammal+F+R6 75243.892    494 151475.784   152623.812   153859.562
153  Q.mammal+F+R7 75234.261    496 151460.522   152623.314   153853.950
165  Q.insect+R6   87247.123    475 175444.247   176460.427   177736.341
166  Q.insect+R7   87235.545    477 175425.089   176454.462   177726.834
178  Q.insect+F+R6 70074.625    494 141137.250   142285.278   143521.027
179  Q.insect+F+R7 70068.836    496 141129.671   142292.464   143523.100
191  Q.plant+R6    90819.297    475 182588.595   183604.774   184880.688
192  Q.plant+R7    90796.103    477 182546.206   183575.579   184847.951
204  Q.plant+F+R6  74206.779    494 149401.558   150549.586   151785.335
205  Q.plant+F+R7  74194.663    496 149381.326   150544.118   151774.754
217  Q.yeast+R6    88620.609    475 178191.217   179207.397   180483.311
218  Q.yeast+R7    88613.650    477 178181.300   179210.673   180483.045
230  Q.yeast+F+R6  70082.310    494 141152.620   142300.648   143536.397
231  Q.yeast+F+R7  70064.840    496 141121.680   142284.472   143515.108
243  JTTDCMut+R6   86669.140    475 174288.280   175304.459   176580.373
244  JTTDCMut+R7   86651.209    477 174256.419   175285.791   176558.163
256  JTTDCMut+F+R6 72136.621    494 145261.242   146409.270   147645.019
257  JTTDCMut+F+R7 72127.668    496 145247.336   146410.128   147640.764
269  DCMut+R6      92347.823    475 185645.646   186661.825   187937.739
270  DCMut+R7      92323.050    477 185600.100   186629.472   187901.844
282  DCMut+F+R6    77061.892    494 155111.785   156259.813   157495.562
283  DCMut+F+R7    77025.936    496 155043.872   156206.665   157437.301
295  VT+R6         85395.296    475 171740.592   172756.772   174032.685
296  VT+R7         85384.749    477 171723.497   172752.870   174025.242
308  VT+F+R6       68861.884    494 138711.768   139859.796   141095.545
309  VT+F+R7       68854.774    496 138701.548   139864.340   141094.976
321  PMB+R6        83631.195    475 168212.391   169228.570   170504.484
322  PMB+R7        83629.580    477 168213.160   169242.532   170514.904
334  PMB+F+R6      68542.044    494 138072.089   139220.117   140455.866
335  PMB+F+R7      68535.943    496 138063.887   139226.679   140457.315
347  Blosum62+R6   83556.026    475 168062.051   169078.231   170354.145
348  Blosum62+R7   83554.206    477 168062.413   169091.785   170364.157
360  Blosum62+F+R6 68010.034    494 137008.068   138156.096   139391.845
361  Blosum62+F+R7 68004.456    496 137000.912   138163.704   139394.340
373  Dayhoff+R6    92335.127    475 185620.254   186636.434   187912.347
374  Dayhoff+R7    92308.134    477 185570.269   186599.641   187872.013
386  Dayhoff+F+R6  77063.344    494 155114.688   156262.716   157498.465
387  Dayhoff+F+R7  77024.473    496 155040.946   156203.738   157434.374
399  mtREV+R6      91460.249    475 183870.499   184886.679   186162.592
400  mtREV+R7      91415.410    477 183784.819   184814.192   186086.564
412  mtREV+F+R6    74040.049    494 149068.098   150216.126   151451.875
413  mtREV+F+R7    74010.294    496 149012.587   150175.380   151406.015
425  mtART+R6      90298.664    475 181547.327   182563.507   183839.421
426  mtART+R7      90264.355    477 181482.710   182512.082   183784.454
438  mtART+F+R6    71577.938    494 144143.876   145291.905   146527.654
439  mtART+F+R7    71547.237    496 144086.474   145249.266   146479.902
451  mtZOA+R6      85626.886    475 172203.772   173219.952   174495.866
452  mtZOA+R7      85610.211    477 172174.422   173203.794   174476.166
464  mtZOA+F+R6    70095.980    494 141179.961   142327.989   143563.738
465  mtZOA+F+R7    70065.680    496 141123.361   142286.153   143516.789
477  mtMet+R6      89645.003    475 180240.007   181256.186   182532.100
478  mtMet+R7      89633.198    477 180220.395   181249.768   182522.140
490  mtMet+F+R6    72709.986    494 146407.971   147555.999   148791.749
491  mtMet+F+R7    72691.891    496 146375.783   147538.575   148769.211
503  mtVer+R6      91431.590    475 183813.180   184829.359   186105.273
504  mtVer+R7      91411.569    477 183777.137   184806.510   186078.882
516  mtVer+F+R6    75759.412    494 152506.824   153654.852   154890.601
517  mtVer+F+R7    75739.795    496 152471.590   153634.383   154865.018
529  mtInv+R6      88354.744    475 177659.488   178675.667   179951.581
530  mtInv+R7      88345.187    477 177644.375   178673.747   179946.119
542  mtInv+F+R6    70032.308    494 141052.616   142200.644   143436.394
543  mtInv+F+R7    70017.722    496 141027.444   142190.236   143420.872
555  mtMAM+R6      100208.228   475 201366.455   202382.635   203658.549
556  mtMAM+R7      100171.364   477 201296.728   202326.101   203598.473
568  mtMAM+F+R6    82714.716    494 166417.432   167565.460   168801.209
569  mtMAM+F+R7    82644.653    496 166281.306   167444.098   168674.734
581  HIVb+R6       95016.812    475 190983.624   191999.803   193275.717
582  HIVb+R7       94994.347    477 190942.693   191972.066   193244.438
594  HIVb+F+R6     78695.069    494 158378.138   159526.166   160761.915
595  HIVb+F+R7     78671.733    496 158335.466   159498.259   160728.895
607  HIVw+R6       107118.743   475 215187.485   216203.665   217479.579
608  HIVw+R7       107083.164   477 215120.328   216149.701   217422.073
620  HIVw+F+R6     85087.599    494 171163.198   172311.226   173546.975
621  HIVw+F+R7     85050.630    496 171093.261   172256.053   173486.689
633  FLU+R6        98800.948    475 198551.895   199568.075   200843.989
634  FLU+R7        98772.147    477 198498.294   199527.666   200800.038
646  FLU+F+R6      78876.159    494 158740.318   159888.346   161124.095
647  FLU+F+R7      78848.351    496 158688.701   159851.494   161082.129
659  rtREV+R6      85234.813    475 171419.626   172435.806   173711.720
660  rtREV+R7      85220.453    477 171394.905   172424.277   173696.649
672  rtREV+F+R6    69587.033    494 140162.065   141310.094   142545.843
673  rtREV+F+R7    69571.430    496 140134.860   141297.653   142528.288
685  cpREV+R6      86882.420    475 174714.839   175731.019   177006.933
686  cpREV+R7      86864.271    477 174682.542   175711.915   176984.287
698  cpREV+F+R6    70488.574    494 141965.149   143113.177   144348.926
699  cpREV+F+R7    70462.247    496 141916.494   143079.286   144309.922
Akaike Information Criterion:           Blosum62+F+R7
Corrected Akaike Information Criterion: Blosum62+F+R6
Bayesian Information Criterion:         Blosum62+F+R6
Best-fit model: Blosum62+F+R6 chosen according to BIC

All model information printed to results/tree/PGC_bchC/PGC_bchC.model.gz
CPU time for ModelFinder: 24620.503 seconds (6h:50m:20s)
Wall-clock time for ModelFinder: 24661.139 seconds (6h:51m:1s)
WARNING: States(s) N, D, Q, E, I, L, K, F, P, V rarely appear in alignment and may cause numerical problems

NOTE: 168 MB RAM (0 GB) is required!
Estimate model parameters (epsilon = 0.100)
1. Initial log-likelihood: -68010.034
Optimal log-likelihood: -68009.970
Site proportion and rates:  (0.310,0.035) (0.142,0.283) (0.143,0.779) (0.172,1.385) (0.167,2.219) (0.066,3.493)
Parameters optimization took 1 rounds (17.391 sec)
Computing ML distances based on estimated model parameters...
Computing ML distances took 11.006966 sec (of wall-clock time) 11.002269 sec(of CPU time)
WARNING: Some pairwise ML distances are too long (saturated)
Computing RapidNJ tree took 0.010090 sec (of wall-clock time) 0.020556 sec (of CPU time)
Log-likelihood of RapidNJ tree: -68295.310
--------------------------------------------------------------------
|             INITIALIZING CANDIDATE TREE SET                      |
--------------------------------------------------------------------
Generating 98 parsimony trees... 25.508 second
Computing log-likelihood of 98 initial trees ... 125.454 seconds
Current best score: -68009.970

Do NNI search on 20 best initial trees
Estimate model parameters (epsilon = 0.100)
BETTER TREE FOUND at iteration 1: -67863.252
Estimate model parameters (epsilon = 0.100)
BETTER TREE FOUND at iteration 2: -67775.314
Iteration 10 / LogL: -67795.193 / Time: 0h:8m:43s
Iteration 20 / LogL: -67858.080 / Time: 0h:12m:48s
Finish initializing candidate tree set (20)
Current best tree score: -67775.314 / CPU time: 730.058
Number of iterations: 20
--------------------------------------------------------------------
|               OPTIMIZING CANDIDATE TREE SET                      |
--------------------------------------------------------------------
Estimate model parameters (epsilon = 0.100)
BETTER TREE FOUND at iteration 21: -67765.050
Iteration 30 / LogL: -67867.321 / Time: 0h:18m:17s (0h:57m:22s left)
Estimate model parameters (epsilon = 0.100)
BETTER TREE FOUND at iteration 34: -67754.739
Estimate model parameters (epsilon = 0.100)
BETTER TREE FOUND at iteration 37: -67747.562
Iteration 40 / LogL: -67771.694 / Time: 0h:24m:12s (1h:0m:11s left)
Iteration 50 / LogL: -67774.757 / Time: 0h:29m:26s (0h:52m:16s left)
Estimate model parameters (epsilon = 0.100)
BETTER TREE FOUND at iteration 54: -67746.572
Iteration 60 / LogL: -67748.143 / Time: 0h:34m:50s (0h:55m:31s left)
Estimate model parameters (epsilon = 0.100)
BETTER TREE FOUND at iteration 70: -67746.015
Iteration 70 / LogL: -67746.015 / Time: 0h:40m:5s (0h:58m:6s left)
Estimate model parameters (epsilon = 0.100)
BETTER TREE FOUND at iteration 80: -67745.544
Iteration 80 / LogL: -67745.544 / Time: 0h:45m:53s (0h:58m:5s left)
Estimate model parameters (epsilon = 0.100)
BETTER TREE FOUND at iteration 88: -67743.342
Estimate model parameters (epsilon = 0.100)
BETTER TREE FOUND at iteration 90: -67742.774
Iteration 90 / LogL: -67742.774 / Time: 0h:52m:10s (0h:58m:37s left)
Estimate model parameters (epsilon = 0.100)
BETTER TREE FOUND at iteration 98: -67739.872
Iteration 100 / LogL: -67752.564 / Time: 0h:57m:29s (0h:56m:54s left)
Iteration 110 / LogL: -67773.456 / Time: 1h:2m:36s (0h:50m:32s left)
Estimate model parameters (epsilon = 0.100)
BETTER TREE FOUND at iteration 113: -67733.011
Iteration 120 / LogL: -67790.535 / Time: 1h:7m:47s (0h:52m:58s left)
Estimate model parameters (epsilon = 0.100)
BETTER TREE FOUND at iteration 128: -67729.458
Iteration 130 / LogL: -67732.479 / Time: 1h:13m:25s (0h:55m:46s left)
Estimate model parameters (epsilon = 0.100)
BETTER TREE FOUND at iteration 138: -67725.979
Iteration 140 / LogL: -67782.131 / Time: 1h:18m:55s (0h:55m:38s left)
Estimate model parameters (epsilon = 0.100)
BETTER TREE FOUND at iteration 148: -67724.556
Iteration 150 / LogL: -67739.443 / Time: 1h:24m:14s (0h:55m:24s left)
Iteration 160 / LogL: -67736.261 / Time: 1h:29m:10s (0h:49m:21s left)
Iteration 170 / LogL: -67730.500 / Time: 1h:33m:59s (0h:43m:23s left)
Estimate model parameters (epsilon = 0.100)
BETTER TREE FOUND at iteration 179: -67723.990
Iteration 180 / LogL: -67737.300 / Time: 1h:39m:28s (0h:55m:1s left)
Estimate model parameters (epsilon = 0.100)
BETTER TREE FOUND at iteration 182: -67722.516
Iteration 190 / LogL: -67756.791 / Time: 1h:44m:51s (0h:51m:2s left)
Iteration 200 / LogL: -67758.332 / Time: 1h:49m:35s (0h:45m:9s left)
Estimate model parameters (epsilon = 0.100)
BETTER TREE FOUND at iteration 208: -67721.263
Iteration 210 / LogL: -67729.518 / Time: 1h:54m:47s (0h:53m:49s left)
Estimate model parameters (epsilon = 0.100)
BETTER TREE FOUND at iteration 215: -67716.022
Iteration 220 / LogL: -67739.214 / Time: 2h:0m:21s (0h:52m:12s left)
Iteration 230 / LogL: -67729.446 / Time: 2h:5m:2s (0h:46m:24s left)
Iteration 240 / LogL: -67823.160 / Time: 2h:9m:55s (0h:40m:46s left)
Iteration 250 / LogL: -67784.128 / Time: 2h:14m:34s (0h:35m:7s left)
Iteration 260 / LogL: -67768.357 / Time: 2h:19m:20s (0h:29m:35s left)
Iteration 270 / LogL: -67735.277 / Time: 2h:24m:2s (0h:24m:5s left)
Iteration 280 / LogL: -67797.671 / Time: 2h:28m:42s (0h:18m:39s left)
Iteration 290 / LogL: -67734.619 / Time: 2h:33m:21s (0h:13m:15s left)
Iteration 300 / LogL: -67733.627 / Time: 2h:38m:10s (0h:7m:56s left)
Iteration 310 / LogL: -67857.161 / Time: 2h:42m:58s (0h:2m:38s left)
TREE SEARCH COMPLETED AFTER 316 ITERATIONS / Time: 2h:45m:51s

--------------------------------------------------------------------
|                    FINALIZING TREE SEARCH                        |
--------------------------------------------------------------------
Performs final model parameters optimization
Estimate model parameters (epsilon = 0.010)
1. Initial log-likelihood: -67716.022
Optimal log-likelihood: -67716.005
Site proportion and rates:  (0.314,0.035) (0.150,0.295) (0.149,0.835) (0.169,1.446) (0.162,2.309) (0.056,3.582)
Parameters optimization took 1 rounds (6.835 sec)
BEST SCORE FOUND : -67716.005
Total tree length: 35.160

Total number of iterations: 316
CPU time used for tree search: 9895.648 sec (2h:44m:55s)
Wall-clock time used for tree search: 9912.910 sec (2h:45m:12s)
Total CPU time used: 9941.175 sec (2h:45m:41s)
Total wall-clock time used: 9958.645 sec (2h:45m:58s)

Analysis results written to: 
  IQ-TREE report:                results/tree/PGC_bchC/PGC_bchC.iqtree
  Maximum-likelihood tree:       results/tree/PGC_bchC/PGC_bchC.treefile
  Likelihood distances:          results/tree/PGC_bchC/PGC_bchC.mldist
  Screen log file:               results/tree/PGC_bchC/PGC_bchC.log

Date and Time: Thu Jun 20 19:30:29 2024
