Building DAG of jobs...
Using shell: /usr/bin/bash
Provided cores: 1 (use --cores to define parallelism)
Rules claiming more threads will be scaled down.
Job stats:
job             count
------------  -------
rename_files        1
total               1

Select jobs to execute...
Execute 1 jobs...

[Wed Apr 17 12:54:12 2024]
localrule rename_files:
    input: Files
    output: Renamed_Files
    jobid: 0
    reason: Missing output files: Renamed_Files
    resources: tmpdir=/tmp

[Wed Apr 17 12:54:12 2024]
Finished job 0.
1 of 1 steps (100%) done
Complete log: .snakemake/log/2024-04-17T125412.692705.snakemake.log
