Building DAG of jobs...
Using shell: /usr/bin/bash
Provided cores: 1 (use --cores to define parallelism)
Rules claiming more threads will be scaled down.
Job stats:
job           count
----------  -------
move_files        1
total             1

Select jobs to execute...
Execute 1 jobs...

[Wed Apr 17 11:33:19 2024]
localrule move_files:
    input: Output/5.txt, Output/3.txt, Output/.test, Output/1.txt, Output/2.txt, Output/4.txt
    output: Files
    jobid: 0
    reason: Updated input files: Output/.test
    resources: tmpdir=/tmp

Skipped removing non-empty directory Files
ImproperOutputException in rule move_files in file /home/salzatht/Documents/Projet_test/snakefile, line 1:
Outputs of incorrect type (directories when expecting files or vice versa). Output directories must be flagged with directory(). for rule move_files:
    output: Files
    affected files:
        Files
Removing output files of failed job move_files since they might be corrupted:
Files
Skipped removing non-empty directory Files
Shutting down, this might take some time.
Exiting because a job execution failed. Look above for error message
Complete log: .snakemake/log/2024-04-17T113319.684279.snakemake.log
WorkflowError:
At least one job did not complete successfully.
