Building DAG of jobs...
Using shell: /usr/bin/bash
Provided cores: 1 (use --cores to define parallelism)
Rules claiming more threads will be scaled down.
Job stats:
job           count
----------  -------
move_files        1
total             1

Select jobs to execute...
Execute 1 jobs...

[Wed Apr 17 11:36:44 2024]
localrule move_files:
    input: Files/5.txt, Files/3.txt, Files/.test, Files/1.txt, Files/2.txt, Files/4.txt
    output: Output
    jobid: 0
    reason: Updated input files: Files/.test
    resources: tmpdir=/tmp

[Wed Apr 17 11:36:44 2024]
Error in rule move_files:
    jobid: 0
    input: Files/5.txt, Files/3.txt, Files/.test, Files/1.txt, Files/2.txt, Files/4.txt
    output: Output
    shell:
        mv Files/*.txt Output/
        (one of the commands exited with non-zero exit code; note that snakemake uses bash strict mode!)

Shutting down, this might take some time.
Exiting because a job execution failed. Look above for error message
Complete log: .snakemake/log/2024-04-17T113644.473053.snakemake.log
WorkflowError:
At least one job did not complete successfully.
