Building DAG of jobs...
Using shell: /usr/bin/bash
Provided cores: 1 (use --cores to define parallelism)
Rules claiming more threads will be scaled down.
Job stats:
job           count
----------  -------
move_files        1
total             1

Select jobs to execute...
Execute 1 jobs...

[Wed Apr 17 11:24:47 2024]
localrule move_files:
    input: Files/5.txt, Files/3.txt, Files/1.txt, Files/2.txt, Files/4.txt
    output: Output
    jobid: 0
    reason: Updated input files: Files/3.txt, Files/2.txt, Files/5.txt, Files/4.txt, Files/1.txt
    resources: tmpdir=/tmp

ImproperOutputException in rule move_files in file /home/salzatht/Documents/Projet_test/snakefile, line 1:
Outputs of incorrect type (directories when expecting files or vice versa). Output directories must be flagged with directory(). for rule move_files:
    output: Output
    affected files:
        Output
Removing output files of failed job move_files since they might be corrupted:
Output
Skipped removing non-empty directory Output
Shutting down, this might take some time.
Exiting because a job execution failed. Look above for error message
Complete log: .snakemake/log/2024-04-17T112447.260123.snakemake.log
WorkflowError:
At least one job did not complete successfully.
