IQ-TREE multicore version 2.0.7 for Linux 64-bit built Jan 21 2022
Developed by Bui Quang Minh, Nguyen Lam Tung, Olga Chernomor,
Heiko Schmidt, Dominik Schrempf, Michael Woodhams.

Host:    timc-tree-36p (AVX2, FMA3, 30 GB RAM)
Command: iqtree2 -p ../fasta_species_tree -bb 1000
Seed:    878676 (Using SPRNG - Scalable Parallel Random Number Generator)
Time:    Fri Jul  5 14:47:42 2024
Kernel:  AVX+FMA - 1 threads (12 CPU cores detected)

HINT: Use -nt option to specify number of threads because your CPU has 12 cores!
HINT: -nt AUTO will automatically determine the best number of threads to use.

Reading 2 alignment files in directory ../fasta_species_tree
Reading alignment file ../fasta_species_tree/pufL.phy ... Phylip format detected
Alignment most likely contains protein sequences
WARNING: 72 sites contain only gaps or ambiguous characters.
Alignment has 57 sequences with 798 columns, 486 distinct patterns
339 parsimony-informative, 74 singleton sites, 385 constant sites
                                              Gap/Ambiguity  Composition  p-value
   1  GCA_019285715.1_ASM1928571v1                   19.05%    passed    100.00%
   2  GCF_001483865.1_ASM148386v1                    19.55%    passed    100.00%
   3  GCF_011044255.1_ASM1104425v1                   19.80%    passed    100.00%
   4  GCF_000014045.1_ASM1404v1                      18.80%    passed    100.00%
   5  GCF_001548015.1_ASM154801v1                    19.80%    passed    100.00%
   6  GCF_011290485.1_ASM1129048v1                   18.92%    passed    100.00%
   7  GCF_000015165.1_ASM1516v1                      18.55%    passed    100.00%
   8  GCF_001632845.1_ASM163284v1                    19.30%    passed    100.00%
   9  GCF_011388215.1_ASM1138821v1                   19.92%    passed    100.00%
  10  GCF_000015585.1_ASM1558v1                      19.42%    passed    100.00%
  11  GCF_001713355.1_ASM171335v1                    20.30%    passed    100.00%
  12  GCF_013170845.1_ASM1317084v1                   18.30%    passed     99.73%
  13  GCF_000016185.1_ASM1618v1                      18.92%    passed    100.00%
  14  GCF_001713375.1_ASM171337v1                    19.42%    passed    100.00%
  15  GCF_014495845.1_ASM1449584v1                   18.80%    passed     99.99%
  16  GCF_000018145.1_ASM1814v1                      18.80%    passed    100.00%
  17  GCF_001713455.1_ASM171345v1                    19.05%    passed    100.00%
  18  GCF_019134555.1_ASM1913455v1                   19.17%    passed    100.00%
  19  GCF_000019725.1_ASM1972v1                      19.42%    passed    100.00%
  20  GCF_001713475.1_ASM171347v1                    19.55%    passed    100.00%
  21  GCF_019203965.1_ASM1920396v1                   19.05%    passed    100.00%
  22  GCF_000021005.1_ASM2100v1                      19.17%    passed    100.00%
  23  GCF_001719165.1_ASM171916v1                    18.80%    passed    100.00%
  24  GCF_021088345.1_ASM2108834v1                   18.42%    passed    100.00%
  25  GCF_000021745.1_ASM2174v1                      18.67%    passed    100.00%
  26  GCF_001720465.1_ASM172046v1                    19.55%    passed    100.00%
  27  GCF_021228015.1_ASM2122801v1                   20.05%    passed    100.00%
  28  GCF_000166055.1_ASM16605v1                     19.05%    passed    100.00%
  29  GCF_002002865.1_ASM200286v1                    19.05%    passed    100.00%
  30  GCF_021391535.1_ASM2139153v1                   18.42%    passed    100.00%
  31  GCF_000202835.1_ASM20283v1                     20.05%    passed    100.00%
  32  GCF_002073975.1_ASM207397v1                    18.42%    passed    100.00%
  33  GCF_022227035.1_ASM2222703v1                   19.67%    passed    100.00%
  34  GCF_000225955.1_ASM22595v1                     19.17%    passed    100.00%
  35  GCF_002813775.1_ASM281377v1                    18.92%    passed    100.00%
  36  GCF_022370455.1_ASM2237045v1                   18.55%    passed    100.00%
  37  GCF_000227745.2_ASM22774v3                     19.17%    passed    100.00%
  38  GCF_002868735.1_ASM286873v1                    19.17%    passed    100.00%
  39  GCF_023573145.1_ASM2357314v1                   19.67%    passed    100.00%
  40  GCF_000284255.1_ASM28425v1                     19.42%    passed    100.00%
  41  GCF_003288315.1_ASM328831v1                    18.67%    passed    100.00%
  42  GCF_026898155.1_ASM2689815v1                   18.30%    passed     99.99%
  43  GCF_000284415.1_ASM28441v2                     18.80%    passed    100.00%
  44  GCF_003855495.1_ASM385549v1                    18.67%    passed    100.00%
  45  GCF_027271155.1_ASM2727115v1                   19.55%    passed    100.00%
  46  GCF_000512205.2_ASM51220v2                     19.55%    passed    100.00%
  47  GCF_003966715.1_ASM396671v1                    18.55%    passed    100.00%
  48  GCF_027886585.1_ASM2788658v1                   18.92%    passed     99.99%
  49  GCF_000935025.1_ASM93502v1                     19.42%    passed    100.00%
  50  GCF_004331955.1_ASM433195v1                    19.05%    passed     99.98%
  51  GCF_030297575.1_ASM3029757v1                   19.30%    passed    100.00%
  52  GCF_001402875.1_ASM140287v1                    18.67%    passed    100.00%
  53  GCF_006542605.1_ASM654260v1                    19.17%    passed    100.00%
  54  GCF_030297595.1_ASM3029759v1                   19.30%    passed    100.00%
  55  GCF_001459775.1_Blastochloris_viridis_genome   18.67%    passed    100.00%
  56  GCF_008843145.1_ASM884314v1                    19.42%    passed    100.00%
  57  GCF_937425535.1_Rhodovastum_atsumiense_G2-11   19.05%    passed    100.00%
****  TOTAL                                          19.13%  0 sequences failed composition chi2 test (p-value<5%; df=19)
Reading alignment file ../fasta_species_tree/pufM.phy ... Phylip format detected
Alignment most likely contains protein sequences
WARNING: 78 sites contain only gaps or ambiguous characters.
Alignment has 57 sequences with 945 columns, 635 distinct patterns
492 parsimony-informative, 81 singleton sites, 372 constant sites
                                              Gap/Ambiguity  Composition  p-value
   1  GCA_019285715.1_ASM1928571v1                   19.79%    passed    100.00%
   2  GCF_001483865.1_ASM148386v1                    20.63%    passed    100.00%
   3  GCF_011044255.1_ASM1104425v1                   20.11%    passed     99.97%
   4  GCF_000014045.1_ASM1404v1                      17.88%    passed     99.88%
   5  GCF_001548015.1_ASM154801v1                    19.89%    passed    100.00%
   6  GCF_011290485.1_ASM1129048v1                   19.37%    passed     99.99%
   7  GCF_000015165.1_ASM1516v1                      21.59%    passed    100.00%
   8  GCF_001632845.1_ASM163284v1                    19.26%    passed    100.00%
   9  GCF_011388215.1_ASM1138821v1                   20.42%    passed     99.99%
  10  GCF_000015585.1_ASM1558v1                      20.00%    passed    100.00%
  11  GCF_001713355.1_ASM171335v1                    19.26%    passed    100.00%
  12  GCF_013170845.1_ASM1317084v1                   21.48%    passed     99.99%
  13  GCF_000016185.1_ASM1618v1                      20.00%    passed    100.00%
  14  GCF_001713375.1_ASM171337v1                    21.27%    passed    100.00%
  15  GCF_014495845.1_ASM1449584v1                   22.12%    passed    100.00%
  16  GCF_000018145.1_ASM1814v1                      18.52%    passed     99.96%
  17  GCF_001713455.1_ASM171345v1                    20.74%    passed    100.00%
  18  GCF_019134555.1_ASM1913455v1                   22.96%    passed    100.00%
  19  GCF_000019725.1_ASM1972v1                      19.68%    passed    100.00%
  20  GCF_001713475.1_ASM171347v1                    26.24%    passed    100.00%
  21  GCF_019203965.1_ASM1920396v1                   20.85%    passed     99.35%
  22  GCF_000021005.1_ASM2100v1                      22.01%    passed     98.76%
  23  GCF_001719165.1_ASM171916v1                    22.01%    passed    100.00%
  24  GCF_021088345.1_ASM2108834v1                   21.90%    passed    100.00%
  25  GCF_000021745.1_ASM2174v1                      20.11%    passed    100.00%
  26  GCF_001720465.1_ASM172046v1                    19.89%    passed    100.00%
  27  GCF_021228015.1_ASM2122801v1                   20.11%    passed    100.00%
  28  GCF_000166055.1_ASM16605v1                     19.58%    passed    100.00%
  29  GCF_002002865.1_ASM200286v1                    22.75%    passed    100.00%
  30  GCF_021391535.1_ASM2139153v1                   20.63%    passed     75.16%
  31  GCF_000202835.1_ASM20283v1                     20.63%    passed    100.00%
  32  GCF_002073975.1_ASM207397v1                    19.47%    passed     99.98%
  33  GCF_022227035.1_ASM2222703v1                   21.69%    passed     99.75%
  34  GCF_000225955.1_ASM22595v1                     22.96%    passed    100.00%
  35  GCF_002813775.1_ASM281377v1                    19.37%    passed     99.98%
  36  GCF_022370455.1_ASM2237045v1                   19.58%    passed    100.00%
  37  GCF_000227745.2_ASM22774v3                     19.47%    passed     80.15%
  38  GCF_002868735.1_ASM286873v1                    21.16%    passed    100.00%
  39  GCF_023573145.1_ASM2357314v1                   20.74%    passed    100.00%
  40  GCF_000284255.1_ASM28425v1                     20.32%    passed    100.00%
  41  GCF_003288315.1_ASM328831v1                    18.52%    passed     99.98%
  42  GCF_026898155.1_ASM2689815v1                   20.11%    passed     37.11%
  43  GCF_000284415.1_ASM28441v2                     21.48%    passed     99.32%
  44  GCF_003855495.1_ASM385549v1                    19.68%    passed    100.00%
  45  GCF_027271155.1_ASM2727115v1                   22.75%    passed    100.00%
  46  GCF_000512205.2_ASM51220v2                     19.68%    passed     99.99%
  47  GCF_003966715.1_ASM396671v1                    18.52%    passed    100.00%
  48  GCF_027886585.1_ASM2788658v1                   21.69%    passed    100.00%
  49  GCF_000935025.1_ASM93502v1                     19.89%    passed    100.00%
  50  GCF_004331955.1_ASM433195v1                    18.52%    passed     99.94%
  51  GCF_030297575.1_ASM3029757v1                   19.79%    passed    100.00%
  52  GCF_001402875.1_ASM140287v1                    18.94%    passed    100.00%
  53  GCF_006542605.1_ASM654260v1                    19.58%    passed    100.00%
  54  GCF_030297595.1_ASM3029759v1                   19.79%    passed    100.00%
  55  GCF_001459775.1_Blastochloris_viridis_genome   18.94%    passed    100.00%
  56  GCF_008843145.1_ASM884314v1                    20.85%    passed     99.74%
  57  GCF_937425535.1_Rhodovastum_atsumiense_G2-11   21.59%    passed    100.00%
****  TOTAL                                          20.47%  0 sequences failed composition chi2 test (p-value<5%; df=19)
Subset	Type	Seqs	Sites	Infor	Invar	Model	Name
1		57	798	339	385		pufL.phy
2		57	945	492	372		pufM.phy
Degree of missing data: 0.000
Info: multi-threading strategy over partitions

NOTE: GCF_000225955.1_ASM22595v1 is identical to GCF_019134555.1_ASM1913455v1 but kept for subsequent analysis
NOTE: GCF_030297595.1_ASM3029759v1 is identical to GCF_030297575.1_ASM3029757v1 but kept for subsequent analysis
NOTE: GCF_001459775.1_Blastochloris_viridis_genome is identical to GCF_001402875.1_ASM140287v1 but kept for subsequent analysis


Create initial parsimony tree by phylogenetic likelihood library (PLL)... 0.013 seconds
Perform fast likelihood tree search using LG+I+G model...
Estimate model parameters (epsilon = 5.000)
Initial log-likelihood: -42800.401
Current log-likelihood at step 1: -42113.805
Current log-likelihood at step 2: -42049.929
Current log-likelihood at step 3: -42043.936
Current log-likelihood at step 4: -42041.056
Parameters optimization took 3 rounds (5.776 sec)

Perform nearest neighbor interchange...
Estimate model parameters (epsilon = 1.000)
Initial log-likelihood: -42006.595
Current log-likelihood at step 1: -42004.373
Current log-likelihood at step 2: -42002.468
Current log-likelihood at step 3: -42001.048
Current log-likelihood at step 4: -42000.078
Partition-specific rates:  0.830 1.143
Parameters optimization took 3 rounds (4.651 sec)

Time for fast ML tree search: 12.360 seconds

NOTE: ModelFinder requires 60 MB RAM!
Selecting individual models for 2 charsets using BIC...
 No. Model        Score       TreeLen     Charset
   1 Blosum62+F+R4 26478.340   4.362       pufL.phy
   2 Blosum62+F+R4 38767.222   6.409       pufM.phy
Full partition model BIC score: 66102.760 (LnL: -32446.848  df:162)
Partition information was printed to ../fasta_species_tree.best_scheme.nex
Partition information in Raxml format was printed to ../fasta_species_tree.best_scheme

All model information printed to ../fasta_species_tree.model.gz
CPU time for ModelFinder: 845.030 seconds (0h:14m:5s)
Wall-clock time for ModelFinder: 851.374 seconds (0h:14m:11s)
WARNING: States(s) N, D, Q, E, I, L, K, F, P, V rarely appear in partition pufL.phy and may cause numerical problems
WARNING: States(s) N, D, Q, E, I, L, K, F, P, V rarely appear in partition pufM.phy and may cause numerical problems
Generating 1000 samples for ultrafast bootstrap (seed: 878676)...

NOTE: 45 MB RAM (0 GB) is required!
Estimate model parameters (epsilon = 0.100)
Initial log-likelihood: -32446.848
Current log-likelihood at step 1: -32434.620
Current log-likelihood at step 2: -32434.572
Partition-specific rates:  0.795 1.173
Parameters optimization took 1 rounds (3.218 sec)

Computing ML distances based on estimated model parameters... 0.403 sec
Computing BIONJ tree...
0.001 seconds
Log-likelihood of BIONJ tree: -32460.184
--------------------------------------------------------------------
|             INITIALIZING CANDIDATE TREE SET                      |
--------------------------------------------------------------------
Generating 98 parsimony trees... 2.211 second
Computing log-likelihood of 98 initial trees ... 16.411 seconds
Current best score: -32434.572

Do NNI search on 20 best initial trees
Estimate model parameters (epsilon = 0.100)
Initial log-likelihood: -32410.324
Current log-likelihood at step 1: -32410.195
Current log-likelihood at step 2: -32410.126
Parameters optimization took 1 rounds (3.231 sec)

BETTER TREE FOUND at iteration 1: -32410.126
Estimate model parameters (epsilon = 0.100)
Initial log-likelihood: -32394.892
Current log-likelihood at step 1: -32391.023
Current log-likelihood at step 2: -32389.970
Current log-likelihood at step 3: -32388.683
Current log-likelihood at step 4: -32387.658
Current log-likelihood at step 5: -32387.023
Current log-likelihood at step 6: -32386.665
Current log-likelihood at step 7: -32386.456
Current log-likelihood at step 8: -32386.314
Current log-likelihood at step 9: -32386.200
Current log-likelihood at step 10: -32386.104
Parameters optimization took 9 rounds (15.601 sec)

BETTER TREE FOUND at iteration 2: -32386.104
Estimate model parameters (epsilon = 0.100)
Initial log-likelihood: -32377.774
Current log-likelihood at step 1: -32375.968
Current log-likelihood at step 2: -32375.277
Current log-likelihood at step 3: -32374.750
Current log-likelihood at step 4: -32374.273
Current log-likelihood at step 5: -32373.870
Current log-likelihood at step 6: -32373.570
Current log-likelihood at step 7: -32373.366
Current log-likelihood at step 8: -32373.230
Current log-likelihood at step 9: -32373.139
Parameters optimization took 8 rounds (14.956 sec)

BETTER TREE FOUND at iteration 3: -32373.139
Iteration 10 / LogL: -32387.680 / Time: 0h:1m:22s
Iteration 20 / LogL: -32393.576 / Time: 0h:1m:42s
Finish initializing candidate tree set (18)
Current best tree score: -32373.139 / CPU time: 97.280
Number of iterations: 20
--------------------------------------------------------------------
|               OPTIMIZING CANDIDATE TREE SET                      |
--------------------------------------------------------------------
Estimate model parameters (epsilon = 0.100)
Initial log-likelihood: -32368.370
Current log-likelihood at step 1: -32368.210
Current log-likelihood at step 2: -32368.166
Parameters optimization took 1 rounds (3.295 sec)

BETTER TREE FOUND at iteration 27: -32368.166
Iteration 30 / LogL: -32385.142 / Time: 0h:2m:25s (0h:8m:6s left)
Iteration 40 / LogL: -32369.262 / Time: 0h:3m:11s (0h:7m:6s left)
Iteration 50 / LogL: -32372.832 / Time: 0h:3m:54s (0h:6m:8s left)
Log-likelihood cutoff on original alignment: -32459.659
Iteration 60 / LogL: -32368.240 / Time: 0h:4m:41s (0h:5m:19s left)
Iteration 70 / LogL: -32368.295 / Time: 0h:5m:26s (0h:4m:30s left)
Iteration 80 / LogL: -32380.841 / Time: 0h:6m:7s (0h:3m:38s left)
Iteration 90 / LogL: -32373.796 / Time: 0h:6m:45s (0h:2m:48s left)
Iteration 100 / LogL: -32372.883 / Time: 0h:7m:23s (0h:2m:1s left)
Log-likelihood cutoff on original alignment: -32452.319
NOTE: Bootstrap correlation coefficient of split occurrence frequencies: 0.997
Iteration 110 / LogL: -32368.360 / Time: 0h:8m:1s (0h:6m:37s left)
Iteration 120 / LogL: -32371.536 / Time: 0h:8m:37s (0h:5m:47s left)
TREE SEARCH COMPLETED AFTER 128 ITERATIONS / Time: 0h:9m:7s

--------------------------------------------------------------------
|                    FINALIZING TREE SEARCH                        |
--------------------------------------------------------------------
Performs final model parameters optimization
Estimate model parameters (epsilon = 0.010)
Initial log-likelihood: -32368.166
Current log-likelihood at step 1: -32368.125
Current log-likelihood at step 2: -32368.090
Current log-likelihood at step 3: -32368.056
Current log-likelihood at step 4: -32368.026
Current log-likelihood at step 5: -32367.995
Current log-likelihood at step 6: -32367.966
Current log-likelihood at step 7: -32367.938
Current log-likelihood at step 8: -32367.915
Current log-likelihood at step 9: -32367.893
Current log-likelihood at step 10: -32367.870
Current log-likelihood at step 11: -32367.851
Current log-likelihood at step 12: -32367.833
Current log-likelihood at step 13: -32367.817
Current log-likelihood at step 14: -32367.801
Current log-likelihood at step 15: -32367.786
Current log-likelihood at step 16: -32367.772
Current log-likelihood at step 17: -32367.758
Current log-likelihood at step 18: -32367.745
Current log-likelihood at step 19: -32367.733
Current log-likelihood at step 20: -32367.721
Current log-likelihood at step 21: -32367.710
Current log-likelihood at step 22: -32367.700
Current log-likelihood at step 23: -32367.690
Partition-specific rates:  0.770 1.194
Parameters optimization took 22 rounds (32.034 sec)

Partition information was printed to ../fasta_species_tree.best_model.nex
BEST SCORE FOUND : -32367.690
Creating bootstrap support values...
Split supports printed to NEXUS file ../fasta_species_tree.splits.nex
Total tree length: 5.520

Total number of iterations: 128
CPU time used for tree search: 536.313 sec (0h:8m:56s)
Wall-clock time used for tree search: 541.685 sec (0h:9m:1s)
Total CPU time used: 573.761 sec (0h:9m:33s)
Total wall-clock time used: 579.470 sec (0h:9m:39s)

Computing bootstrap consensus tree...
Reading input file ../fasta_species_tree.splits.nex...
57 taxa and 382 splits.
Consensus tree written to ../fasta_species_tree.contree
Reading input trees file ../fasta_species_tree.contree
Log-likelihood of consensus tree: -32371.519

Analysis results written to: 
  IQ-TREE report:                ../fasta_species_tree.iqtree
  Maximum-likelihood tree:       ../fasta_species_tree.treefile
  Likelihood distances:          ../fasta_species_tree.mldist

Ultrafast bootstrap approximation results written to:
  Split support values:          ../fasta_species_tree.splits.nex
  Consensus tree:                ../fasta_species_tree.contree
  Screen log file:               ../fasta_species_tree.log

Date and Time: Fri Jul  5 15:11:34 2024
