IQ-TREE multicore version 2.1.4-beta COVID-edition for Linux 64-bit built Jun 24 2021
Developed by Bui Quang Minh, James Barbetti, Nguyen Lam Tung,
Olga Chernomor, Heiko Schmidt, Dominik Schrempf, Michael Woodhams.

Host:    morrowind (AVX2, FMA3, 503 GB RAM)
Command: iqtree2 -s results/fasta_PGC/gene_trimmed/PGC_crtI_trim.phy -pre results/tree/PGC_crtI/PGC_crtI
Seed:    537264 (Using SPRNG - Scalable Parallel Random Number Generator)
Time:    Thu Jun 20 09:53:29 2024
Kernel:  AVX+FMA - 1 threads (128 CPU cores detected)

HINT: Use -nt option to specify number of threads because your CPU has 128 cores!
HINT: -nt AUTO will automatically determine the best number of threads to use.

Reading alignment file results/fasta_PGC/gene_trimmed/PGC_crtI_trim.phy ... Phylip format detected
Alignment most likely contains protein sequences
WARNING: 63 sites contain only gaps or ambiguous characters.
Alignment has 245 sequences with 1455 columns, 1219 distinct patterns
1103 parsimony-informative, 52 singleton sites, 300 constant sites
                                              Gap/Ambiguity  Composition  p-value
   1  GCA_011765465.1_ASM1176546v1                   18.97%    passed     36.35%
   2  GCA_015693905.1_ASM1569390v1                   19.66%    passed    100.00%
   3  GCA_016745215.1_scaff03                        19.52%    passed    100.00%
   4  GCA_019739335.1_ASM1973933v1                   19.24%    passed     96.66%
   5  GCA_000013085.1_ASM1308v1                      20.62%    passed    100.00%
   6  GCA_000013365.1_ASM1336v1                      19.52%    passed     97.79%
   7  GCA_000013565.1_ASM1356v1                      20.21%    passed     98.27%
   8  GCA_000014045.1_ASM1404v1                      20.00%    passed     81.00%
   9  GCA_000015165.1_ASM1516v1                      21.03%    passed    100.00%
  10  GCA_000015585.1_ASM1558v1                      20.00%    passed    100.00%
  11  GCA_000016185.1_ASM1618v1                      21.03%    passed     99.92%
  12  GCA_000018145.1_ASM1814v1                      20.00%    passed     99.24%
  13  GCA_000018845.1_ASM1884v1                      22.20%    passed     13.48%
  14  GCA_000019365.1_ASM1936v1                      23.23%    failed      0.41%
  15  GCA_000019725.1_ASM1972v1                      23.02%    passed      5.45%
  16  GCA_000019945.1_ASM1994v1                      22.06%    passed     53.23%
  17  GCA_000020445.1_ASM2044v1                      18.97%    passed     68.93%
  18  GCA_000021005.1_ASM2100v1                      20.48%    passed     99.94%
  19  GCA_000021745.1_ASM2174v1                      20.76%    passed     99.49%
  20  GCA_000021845.1_ASM2184v1                      21.99%    passed     29.57%
  21  GCA_000021865.1_ASM2186v1                      19.66%    passed     39.14%
  22  GCA_000022685.1_ASM2268v1                      22.06%    passed     25.91%
  23  GCA_000025485.1_ASM2548v1                      19.86%    passed     99.98%
  24  GCA_000026145.1_ASM2614v1                      21.03%    passed    100.00%
  25  GCA_000083545.1_ASM8354v1                      22.13%    passed     14.08%
  26  GCA_000144605.1_ASM14460v1                     25.43%    passed     80.66%
  27  GCA_000154785.2_ASM15478v2                     20.00%    passed     79.87%
  28  GCA_000166055.1_ASM16605v1                     18.97%    passed     39.79%
  29  GCA_000195775.2_ASM19577v2                     18.97%    passed     68.93%
  30  GCA_000202835.1_ASM20283v1                     21.37%    failed      3.09%
  31  GCA_000224005.2_ASM22400v3                     20.14%    passed     99.90%
  32  GCA_000225955.1_ASM22595v1                     20.62%    passed    100.00%
  33  GCA_000227745.2_ASM22774v3                     20.27%    passed     99.96%
  34  GCA_000284255.1_ASM28425v1                     20.00%    passed    100.00%
  35  GCA_000284275.1_ASM28427v1                     20.89%    passed     81.64%
  36  GCA_000284415.1_ASM28441v2                     20.82%    passed     99.97%
  37  GCA_000327045.1_ASM32704v1                     21.10%    passed     96.00%
  38  GCA_000344805.1_ASM34480v1                     20.89%    passed    100.00%
  39  GCA_000364445.2_ASM36444v2                     22.82%    passed     15.54%
  40  GCA_000512205.2_ASM51220v2                     20.14%    passed     99.98%
  41  GCA_000590925.1_ASM59092v1                     19.31%    passed     99.52%
  42  GCA_000738435.1_ASM73843v1                     20.27%    passed    100.00%
  43  GCA_000757795.1_ASM75779v1                     22.82%    passed     34.00%
  44  GCA_000935025.1_ASM93502v1                     21.03%    passed     98.94%
  45  GCA_000973625.1_ASM97362v1                     17.94%    failed      0.08%
  46  GCA_001304795.1_ASM130479v1                    19.52%    passed     93.06%
  47  GCA_001402875.1_ASM140287v1                    20.27%    passed    100.00%
  48  GCA_001412535.1_ASM141253v1                    19.45%    passed     99.77%
  49  GCA_001412575.1_ASM141257v1                    19.52%    passed     97.39%
  50  GCA_001459775.1_Blastochloris_viridis_genome   20.27%    passed    100.00%
  51  GCA_001483865.1_ASM148386v1                    21.79%    passed     89.99%
  52  GCA_001542815.1_ASM154281v1                    22.20%    passed     12.34%
  53  GCA_001548015.1_ASM154801v1                    23.78%    failed      0.20%
  54  GCA_001548075.1_ASM154807v1                    19.86%    passed     99.51%
  55  GCA_001576595.1_ASM157659v1                    20.48%    passed     99.91%
  56  GCA_001632845.1_ASM163284v1                    18.90%    passed     95.37%
  57  GCA_001633145.1_ASM163314v1                    19.86%    passed     99.64%
  58  GCA_001633165.1_ASM163316v1                    19.86%    passed     99.64%
  59  GCA_001663155.1_ASM166315v1                    18.83%    passed     49.65%
  60  GCA_001663175.1_ASM166317v1                    21.03%    passed     32.00%
  61  GCA_001685625.1_ASM168562v1                    20.48%    passed     99.91%
  62  GCA_001713355.1_ASM171335v1                    20.82%    passed    100.00%
  63  GCA_001713375.1_ASM171337v1                    20.27%    passed    100.00%
  64  GCA_001713435.1_ASM171343v1                    19.04%    passed      6.26%
  65  GCA_001713455.1_ASM171345v1                    21.51%    passed     95.94%
  66  GCA_001713475.1_ASM171347v1                    20.62%    passed     99.54%
  67  GCA_001719165.1_ASM171916v1                    18.63%    passed     13.81%
  68  GCA_001720465.1_ASM172046v1                    18.90%    passed     92.09%
  69  GCA_001854385.1_ASM185438v1                    22.96%    passed      7.62%
  70  GCA_001870665.2_ASM187066v2                    20.21%    passed     99.97%
  71  GCA_001886735.1_ASM188673v1                    21.10%    passed     87.10%
  72  GCA_001936175.1_ASM193617v1                    22.82%    passed     30.10%
  73  GCA_001971665.1_ASM197166v1                    21.99%    passed     22.41%
  74  GCA_002002865.1_ASM200286v1                    19.04%    passed     95.35%
  75  GCA_002073975.1_ASM207397v1                    20.41%    passed     99.92%
  76  GCA_002079305.1_ASM207930v1                    18.49%    passed     82.67%
  77  GCA_002080415.1_ASM208041v1                    21.37%    passed     98.51%
  78  GCA_002117815.2_ASM211781v2                    22.06%    passed     20.43%
  79  GCA_002158905.1_ASM215890v1                    20.41%    passed     96.60%
  80  GCA_002266435.2_ASM226643v2                    21.03%    passed     81.75%
  81  GCA_002355515.1_ASM235551v1                    22.27%    passed     21.34%
  82  GCA_002407205.1_ASM240720v1                    20.00%    passed     91.46%
  83  GCA_002706325.1_ASM270632v1                    20.48%    passed     99.91%
  84  GCA_002813775.1_ASM281377v1                    19.86%    passed     99.97%
  85  GCA_002868735.1_ASM286873v1                    20.41%    passed     99.83%
  86  GCA_002983865.1_ASM298386v1                    20.00%    passed     81.00%
  87  GCA_003031245.1_ASM303124v1                    19.11%    passed     84.78%
  88  GCA_003031265.1_ASM303126v1                    19.11%    passed     85.26%
  89  GCA_003065365.1_ASM306536v1                    18.21%    passed      6.43%
  90  GCA_003071405.1_ASM307140v1                    19.86%    passed     96.39%
  91  GCA_003173715.1_ASM317371v1                    21.58%    passed     16.64%
  92  GCA_003173735.1_ASM317373v1                    22.68%    passed     15.30%
  93  GCA_003173755.1_ASM317375v1                    23.85%    failed      0.88%
  94  GCA_003173775.1_ASM317377v1                    23.23%    failed      4.70%
  95  GCA_003254375.1_ASM325437v1                    22.82%    passed     31.78%
  96  GCA_003264115.1_ASM326411v1                    18.90%    passed     28.64%
  97  GCA_003288315.1_ASM328831v1                    21.37%    passed     97.44%
  98  GCA_003324715.1_ASM332471v1                    20.48%    passed     99.91%
  99  GCA_003352165.1_ASM335216v1                    22.06%    failed      3.41%
 100  GCA_003429265.1_ASM342926v1                    20.07%    passed     98.72%
 101  GCA_003431825.1_ASM343182v1                    18.97%    passed      5.89%
 102  GCA_003855495.1_ASM385549v1                    20.62%    passed     99.23%
 103  GCA_003940805.1_ASM394080v1                    20.89%    passed     98.01%
 104  GCA_003952725.1_ASM395272v1                    21.72%    passed     99.99%
 105  GCA_003966715.1_ASM396671v1                    20.14%    passed    100.00%
 106  GCA_004114955.1_ASM411495v1                    20.96%    passed    100.00%
 107  GCA_004136295.1_ASM413629v1                    21.79%    passed     89.53%
 108  GCA_004216475.1_ASM421647v1                    19.93%    passed     99.90%
 109  GCA_004331955.1_ASM433195v1                    19.38%    passed     99.54%
 110  GCA_004354345.1_ASM435434v1                    19.59%    passed     71.77%
 111  GCA_005311585.1_ASM531158v1                    20.62%    passed     99.97%
 112  GCA_005860795.2_ASM586079v2                    19.38%    passed     99.42%
 113  GCA_006542605.1_ASM654260v1                    18.83%    passed     63.33%
 114  GCA_006740745.1_ASM674074v1                    22.13%    passed     32.78%
 115  GCA_007005445.1_ASM700544v1                    19.24%    passed     92.06%
 116  GCA_007290395.1_ASM729039v1                    20.62%    passed     95.77%
 117  GCA_007954425.1_ASM795442v1                    19.52%    passed     98.99%
 118  GCA_008000895.1_ASM800089v1                    22.68%    passed     24.98%
 119  GCA_008000915.1_ASM800091v1                    20.69%    passed     99.10%
 120  GCA_008728195.1_ASM872819v1                    21.86%    passed     54.60%
 121  GCA_008932115.1_ASM893211v1                    20.89%    passed     81.97%
 122  GCA_009363255.1_ASM936325v1                    20.07%    passed     99.99%
 123  GCA_009363495.1_ASM936349v1                    20.07%    passed     99.99%
 124  GCA_009363575.1_ASM936357v1                    19.93%    passed     99.87%
 125  GCA_009363615.1_ASM936361v1                    20.55%    passed    100.00%
 126  GCA_009363635.1_ASM936363v1                    17.87%    failed      3.39%
 127  GCA_009363655.1_ASM936365v1                    21.44%    passed     76.03%
 128  GCA_009363715.1_ASM936371v1                    21.24%    passed     96.99%
 129  GCA_009363735.1_ASM936373v1                    21.44%    passed     76.03%
 130  GCA_009363795.1_ASM936379v1                    20.21%    passed    100.00%
 131  GCA_009650195.1_ASM965019v1                    20.62%    passed     99.69%
 132  GCA_009664085.1_ASM966408v1                    20.21%    passed    100.00%
 133  GCA_009685175.1_ASM968517v1                    20.41%    passed     99.75%
 134  GCA_009707465.1_ASM970746v1                    20.14%    passed     99.70%
 135  GCA_009762325.1_ASM976232v1                    21.03%    passed     99.85%
 136  GCA_009859815.1_ASM985981v1                    20.14%    passed    100.00%
 137  GCA_009913435.1_ASM991343v1                    20.96%    passed    100.00%
 138  GCA_010104355.1_ASM1010435v1                   20.14%    passed    100.00%
 139  GCA_011040475.1_ASM1104047v1                   20.69%    passed    100.00%
 140  GCA_011044255.1_ASM1104425v1                   21.17%    passed    100.00%
 141  GCA_011047315.1_ASM1104731v1                   19.24%    passed     90.38%
 142  GCA_011290485.1_ASM1129048v1                   20.34%    passed    100.00%
 143  GCA_011388215.1_ASM1138821v1                   22.47%    passed      5.67%
 144  GCA_012647365.1_ASM1264736v1                   20.48%    passed     99.91%
 145  GCA_012932215.1_ASM1293221v1                   20.69%    passed     99.99%
 146  GCA_013170845.1_ASM1317084v1                   20.89%    passed     99.69%
 147  GCA_013307245.1_ASM1330724v1                   18.08%    failed      0.37%
 148  GCA_013374095.1_ASM1337409v1                   19.79%    passed     34.65%
 149  GCA_013378075.1_ASM1337807v1                   19.66%    passed     94.82%
 150  GCA_013415845.1_ASM1341584v1                   19.04%    passed     77.47%
 151  GCA_014117445.1_ASM1411744v1                   20.41%    passed     89.02%
 152  GCA_014495845.1_ASM1449584v1                   22.41%    failed      1.16%
 153  GCA_014622665.1_ASM1462266v1                   19.66%    passed     38.65%
 154  GCA_014681765.1_ASM1468176v1                   20.96%    passed     98.66%
 155  GCA_015679265.1_ASM1567926v1                   21.03%    passed     99.41%
 156  GCA_016584445.1_ASM1658444v1                   18.97%    passed     68.93%
 157  GCA_016653635.2_ASM1665363v2                   22.06%    passed     24.78%
 158  GCA_016765655.2_ASM1676565v2                   21.99%    passed     61.33%
 159  GCA_016806065.1_ASM1680606v1                   20.41%    passed     99.91%
 160  GCA_016806835.2_ASM1680683v2                   21.92%    passed     65.59%
 161  GCA_016839165.1_ASM1683916v1                   20.96%    passed     92.70%
 162  GCA_017347565.1_ASM1734756v1                   23.78%    failed      0.18%
 163  GCA_017498565.1_ASM1749856v1                   17.94%    failed      1.79%
 164  GCA_017795885.1_ASM1779588v1                   24.95%    passed     84.22%
 165  GCA_018200035.1_ASM1820003v1                   20.76%    passed     86.19%
 166  GCA_018205975.1_ASM1820597v1                   18.21%    passed     38.27%
 167  GCA_018399035.1_ASM1839903v1                   19.52%    passed     97.88%
 168  GCA_018409545.1_ASM1840954v1                   19.79%    passed     99.99%
 169  GCA_018687415.1_ASM1868741v1                   19.04%    passed     40.91%
 170  GCA_018687475.1_ASM1868747v1                   18.97%    passed     37.32%
 171  GCA_018687675.1_ASM1868767v1                   18.01%    failed      0.14%
 172  GCA_018688155.1_ASM1868815v1                   18.83%    passed     51.06%
 173  GCA_018688255.1_ASM1868825v1                   17.87%    failed      0.03%
 174  GCA_018982885.2_ASM1898288v2                   18.90%    passed     51.29%
 175  GCA_019134555.1_ASM1913455v1                   20.62%    passed    100.00%
 176  GCA_019203965.1_ASM1920396v1                   22.54%    passed     28.87%
 177  GCA_019431245.1_ASM1943124v1                   18.97%    passed     63.06%
 178  GCA_019443285.1_ASM1944328v1                   20.00%    passed     98.99%
 179  GCA_019623905.1_ASM1962390v1                   21.17%    passed     99.90%
 180  GCA_019904235.1_ASM1990423v1                   18.08%    passed     36.37%
 181  GCA_019973775.1_ASM1997377v1                   20.00%    passed     99.97%
 182  GCA_020866845.1_ASM2086684v1                   20.07%    passed     99.23%
 183  GCA_021088345.1_ASM2108834v1                   21.03%    passed    100.00%
 184  GCA_021117295.1_ASM2111729v1                   22.27%    passed     12.21%
 185  GCA_021228015.1_ASM2122801v1                   23.23%    failed      3.58%
 186  GCA_021228795.1_ASM2122879v1                   19.45%    passed     93.63%
 187  GCA_021391315.1_ASM2139131v1                   20.07%    passed     98.72%
 188  GCA_021391535.1_ASM2139153v1                   20.55%    passed    100.00%
 189  GCA_021398735.1_ASM2139873v1                   23.09%    passed      7.07%
 190  GCA_021431965.1_ASM2143196v1                   18.97%    passed     81.02%
 191  GCA_021484845.1_ASM2148484v1                   23.02%    passed      5.45%
 192  GCA_022227035.1_ASM2222703v1                   20.07%    passed     98.81%
 193  GCA_022410435.1_ASM2241043v1                   21.10%    passed     84.13%
 194  GCA_022533465.1_ASM2253346v1                   22.61%    passed     13.10%
 195  GCA_022558965.1_ASM2255896v1                   21.31%    failed      1.30%
 196  GCA_022846615.1_ASM2284661v1                   21.44%    passed     99.99%
 197  GCA_023380025.1_ASM2338002v1                   20.69%    passed     98.73%
 198  GCA_023546765.1_ASM2354676v1                   22.61%    passed     15.29%
 199  GCA_023558335.1_ASM2355833v1                   20.00%    passed     99.24%
 200  GCA_023558355.1_ASM2355835v1                   20.00%    passed     99.24%
 201  GCA_023573145.1_ASM2357314v1                   22.20%    passed     47.61%
 202  GCA_023823125.1_ASM2382312v1                   18.97%    passed     33.43%
 203  GCA_024496245.1_ASM2449624v1                   19.45%    passed     36.09%
 204  GCA_024758705.1_ASM2475870v1                   20.00%    passed     91.36%
 205  GCA_024758725.1_ASM2475872v1                   19.59%    passed     76.62%
 206  GCA_025141175.1_ASM2514117v1                   21.51%    passed     97.83%
 207  GCA_025141935.1_ASM2514193v1                   20.76%    passed     99.85%
 208  GCA_025398155.2_ASM2539815v2                   21.99%    passed     79.05%
 209  GCA_025811215.1_ASM2581121v1                   19.11%    passed     81.37%
 210  GCA_025811355.1_ASM2581135v1                   19.04%    passed     83.45%
 211  GCA_025811435.1_ASM2581143v1                   19.11%    passed     85.26%
 212  GCA_025813715.1_ASM2581371v1                   22.41%    passed     35.48%
 213  GCA_025917005.1_ASM2591700v1                   18.35%    passed     22.17%
 214  GCA_026122595.1_ASM2612259v1                   22.27%    passed      7.26%
 215  GCA_026122615.1_ASM2612261v1                   22.27%    passed      7.26%
 216  GCA_026167525.1_ASM2616752v1                   20.21%    passed     97.34%
 217  GCA_026167545.1_ASM2616754v1                   19.52%    passed     40.81%
 218  GCA_026625025.1_ASM2662502v1                   18.97%    passed     68.93%
 219  GCA_026898155.1_ASM2689815v1                   19.93%    passed    100.00%
 220  GCA_027271155.1_ASM2727115v1                   25.09%    passed     90.51%
 221  GCA_027886585.1_ASM2788658v1                   21.17%    passed     97.59%
 222  GCA_027912195.1_ASM2791219v1                   19.04%    passed     79.39%
 223  GCA_027943985.1_ASM2794398v1                   18.90%    failed      1.24%
 224  GCA_027944005.1_ASM2794400v1                   18.90%    failed      1.24%
 225  GCA_028621955.1_ASM2862195v1                   18.90%    passed     78.82%
 226  GCA_028885395.1_ASM2888539v1                   21.03%    passed     98.98%
 227  GCA_029277405.1_ASM2927740v1                   19.66%    passed     33.41%
 228  GCA_029581395.1_ASM2958139v1                   20.96%    passed     99.96%
 229  GCA_029691625.1_ASM2969162v1                   22.75%    passed     39.61%
 230  GCA_029714205.1_ASM2971420v1                   23.23%    failed      0.41%
 231  GCA_029761955.1_ASM2976195v1                   23.64%    failed      0.48%
 232  GCA_030062705.1_ASM3006270v1                   22.20%    passed      9.76%
 233  GCA_030252425.1_ASM3025242v1                   21.92%    passed     82.08%
 234  GCA_030255395.1_ASM3025539v1                   22.20%    passed     13.48%
 235  GCA_030297555.1_ASM3029755v1                   18.69%    passed     19.41%
 236  GCA_030297575.1_ASM3029757v1                   18.83%    passed     24.74%
 237  GCA_030297595.1_ASM3029759v1                   18.83%    passed     28.18%
 238  GCA_030297615.1_ASM3029761v1                   18.97%    passed     36.06%
 239  GCA_030297635.1_ASM3029763v1                   18.76%    passed     21.95%
 240  GCA_030297655.1_ASM3029765v1                   18.83%    passed     32.24%
 241  GCA_030297675.1_ASM3029767v1                   18.83%    passed     32.24%
 242  GCA_900176205.1_BRAD285_PRJEB202261_v1         21.10%    passed     99.90%
 243  GCA_900234795.1_TK0001_PRJEB23178_v1           22.06%    passed     20.43%
 244  GCA_901457705.2_RHAL1_v2                       21.37%    passed     99.98%
 245  GCA_937425535.1_Rhodovastum_atsumiense_G2-11   20.76%    passed    100.00%
****  TOTAL                                          20.56%  20 sequences failed composition chi2 test (p-value<5%; df=19)
NOTE: GCA_000225955.1_ASM22595v1 is identical to GCA_000013085.1_ASM1308v1 but kept for subsequent analysis
NOTE: GCA_002983865.1_ASM298386v1 is identical to GCA_000014045.1_ASM1404v1 but kept for subsequent analysis
NOTE: GCA_023558335.1_ASM2355833v1 is identical to GCA_000018145.1_ASM1814v1 but kept for subsequent analysis
NOTE: GCA_030255395.1_ASM3025539v1 is identical to GCA_000018845.1_ASM1884v1 but kept for subsequent analysis
NOTE: GCA_029714205.1_ASM2971420v1 is identical to GCA_000019365.1_ASM1936v1 but kept for subsequent analysis
NOTE: GCA_021484845.1_ASM2148484v1 is identical to GCA_000019725.1_ASM1972v1 but kept for subsequent analysis
NOTE: GCA_000195775.2_ASM19577v2 is identical to GCA_000020445.1_ASM2044v1 but kept for subsequent analysis
NOTE: GCA_001459775.1_Blastochloris_viridis_genome is identical to GCA_001402875.1_ASM140287v1 but kept for subsequent analysis
NOTE: GCA_001685625.1_ASM168562v1 is identical to GCA_001576595.1_ASM157659v1 but kept for subsequent analysis
NOTE: GCA_001633165.1_ASM163316v1 is identical to GCA_001633145.1_ASM163314v1 but kept for subsequent analysis
NOTE: GCA_900234795.1_TK0001_PRJEB23178_v1 is identical to GCA_002117815.2_ASM211781v2 but kept for subsequent analysis
NOTE: GCA_025811435.1_ASM2581143v1 is identical to GCA_003031265.1_ASM303126v1 but kept for subsequent analysis
NOTE: GCA_021391315.1_ASM2139131v1 is identical to GCA_003429265.1_ASM342926v1 but kept for subsequent analysis
NOTE: GCA_009363495.1_ASM936349v1 is identical to GCA_009363255.1_ASM936325v1 but kept for subsequent analysis
NOTE: GCA_009363735.1_ASM936373v1 is identical to GCA_009363655.1_ASM936365v1 but kept for subsequent analysis
NOTE: GCA_010104355.1_ASM1010435v1 is identical to GCA_009859815.1_ASM985981v1 but kept for subsequent analysis
NOTE: GCA_026122615.1_ASM2612261v1 is identical to GCA_026122595.1_ASM2612259v1 but kept for subsequent analysis
NOTE: GCA_027944005.1_ASM2794400v1 is identical to GCA_027943985.1_ASM2794398v1 but kept for subsequent analysis
NOTE: GCA_030297675.1_ASM3029767v1 is identical to GCA_030297655.1_ASM3029765v1 but kept for subsequent analysis
NOTE: 7 identical sequences (see below) will be ignored for subsequent analysis
NOTE: GCA_019134555.1_ASM1913455v1 (identical to GCA_000013085.1_ASM1308v1) is ignored but added at the end
NOTE: GCA_023558355.1_ASM2355835v1 (identical to GCA_000018145.1_ASM1814v1) is ignored but added at the end
NOTE: GCA_016584445.1_ASM1658444v1 (identical to GCA_000020445.1_ASM2044v1) is ignored but added at the end
NOTE: GCA_026625025.1_ASM2662502v1 (identical to GCA_000020445.1_ASM2044v1) is ignored but added at the end
NOTE: GCA_002706325.1_ASM270632v1 (identical to GCA_001576595.1_ASM157659v1) is ignored but added at the end
NOTE: GCA_003324715.1_ASM332471v1 (identical to GCA_001576595.1_ASM157659v1) is ignored but added at the end
NOTE: GCA_012647365.1_ASM1264736v1 (identical to GCA_001576595.1_ASM157659v1) is ignored but added at the end
Alignment was printed to results/tree/PGC_crtI/PGC_crtI.uniqueseq.phy

For your convenience alignment with unique sequences printed to results/tree/PGC_crtI/PGC_crtI.uniqueseq.phy


Create initial parsimony tree by phylogenetic likelihood library (PLL)... 0.334 seconds
Perform fast likelihood tree search using LG+I+G model...
Estimate model parameters (epsilon = 5.000)
Perform nearest neighbor interchange...
Estimate model parameters (epsilon = 1.000)
1. Initial log-likelihood: -118616.285
Optimal log-likelihood: -118616.055
Proportion of invariable sites: 0.116
Gamma shape alpha: 0.951
Parameters optimization took 1 rounds (4.961 sec)
Time for fast ML tree search: 53.407 seconds

NOTE: ModelFinder requires 455 MB RAM!
ModelFinder will test up to 702 protein models (sample size: 1455) ...
 No. Model         -LnL         df  AIC          AICc         BIC
  1  LG            126934.915   473 254815.830   255272.918   257314.576
  2  LG+I          124442.039   474 249832.077   250291.567   252336.106
  3  LG+G4         118737.186   474 238422.372   238881.862   240926.401
  4  LG+I+G4       118616.042   475 238182.085   238643.985   240691.396
  5  LG+R2         120048.136   475 241046.272   241508.172   243555.584
  6  LG+R3         118912.449   477 238778.898   239245.646   241298.775
  7  LG+R4         118555.227   479 238068.453   238540.084   240598.896
  8  LG+R5         118453.118   481 237868.236   238344.787   240409.244
  9  LG+R6         118411.873   483 237789.746   238271.254   240341.320
 10  LG+R7         118410.112   485 237790.224   238276.726   240352.363
 22  LG+F+R6       96131.690    502 193267.380   193797.855   195919.326
 35  WAG+R6        118044.041   483 237054.082   237535.590   239605.656
 48  WAG+F+R6      96292.545    502 193589.090   194119.565   196241.037
 61  JTT+R6        120585.162   483 242136.324   242617.832   244687.898
 74  JTT+F+R6      100489.638   502 201983.275   202513.750   204635.221
 87  Q.pfam+R6     118268.687   483 237503.374   237984.882   240054.948
100  Q.pfam+F+R6   96442.662    502 193889.323   194419.798   196541.270
113  Q.bird+R6     126573.864   483 254113.728   254595.236   256665.302
126  Q.bird+F+R6   107522.463   502 216048.927   216579.401   218700.873
139  Q.mammal+R6   124368.924   483 249703.848   250185.356   252255.422
152  Q.mammal+F+R6 104396.015   502 209796.031   210326.506   212447.977
165  Q.insect+R6   120955.326   483 242876.651   243358.159   245428.225
178  Q.insect+F+R6 97162.067    502 195328.135   195858.609   197980.081
191  Q.plant+R6    126356.124   483 253678.248   254159.756   256229.822
204  Q.plant+F+R6  103590.073   502 208184.146   208714.621   210836.093
217  Q.yeast+R6    122860.765   483 246687.530   247169.038   249239.104
230  Q.yeast+F+R6  97256.639    502 195517.279   196047.754   198169.225
243  JTTDCMut+R6   120400.057   483 241766.113   242247.621   244317.687
256  JTTDCMut+F+R6 100340.975   502 201685.950   202216.425   204337.896
269  DCMut+R6      127070.702   483 255107.403   255588.911   257658.977
282  DCMut+F+R6    106213.031   502 213430.062   213960.537   216082.008
295  VT+R6         118231.370   483 237428.740   237910.248   239980.314
308  VT+F+R6       95567.055    502 192138.111   192668.586   194790.057
321  PMB+R6        115690.974   483 232347.948   232829.455   234899.521
334  PMB+F+R6      94929.164    502 190862.327   191392.802   193514.273
347  Blosum62+R6   115707.191   483 232380.383   232861.891   234931.956
360  Blosum62+F+R6 94423.291    502 189850.583   190381.058   192502.529
373  Dayhoff+R6    127066.555   483 255099.109   255580.617   257650.683
386  Dayhoff+F+R6  106214.586   502 213433.173   213963.647   216085.119
399  mtREV+R6      126868.040   483 254702.080   255183.587   257253.653
412  mtREV+F+R6    103175.048   502 207354.095   207884.570   210006.041
425  mtART+R6      125164.157   483 251294.313   251775.821   253845.887
438  mtART+F+R6    99516.494    502 200036.988   200567.463   202688.934
451  mtZOA+R6      118648.406   483 238262.812   238744.319   240814.385
464  mtZOA+F+R6    97606.148    502 196216.296   196746.771   198868.242
477  mtMet+R6      124553.748   483 250073.497   250555.004   252625.070
490  mtMet+F+R6    101764.155   502 204532.309   205062.784   207184.255
503  mtVer+R6      127508.408   483 255982.816   256464.324   258534.390
516  mtVer+F+R6    105843.831   502 212691.663   213222.137   215343.609
529  mtInv+R6      122722.195   483 246410.391   246891.899   248961.965
542  mtInv+F+R6    97583.571    502 196171.142   196701.617   198823.088
555  mtMAM+R6      139418.373   483 279802.746   280284.254   282354.320
568  mtMAM+F+R6    115870.415   502 232744.831   233275.306   235396.777
581  HIVb+R6       132887.022   483 266740.044   267221.551   269291.617
594  HIVb+F+R6     110809.275   502 222622.551   223153.026   225274.497
607  HIVw+R6       147934.925   483 296835.850   297317.357   299387.423
620  HIVw+F+R6     119026.776   502 239057.552   239588.027   241709.498
633  FLU+R6        136799.864   483 274565.727   275047.235   277117.301
646  FLU+F+R6      109924.723   502 220853.445   221383.920   223505.391
659  rtREV+R6      117778.814   483 236523.628   237005.136   239075.202
672  rtREV+F+R6    96465.378    502 193934.757   194465.232   196586.703
685  cpREV+R6      120970.876   483 242907.752   243389.259   245459.325
698  cpREV+F+R6    98438.657    502 197881.315   198411.790   200533.261
Akaike Information Criterion:           Blosum62+F+R6
Corrected Akaike Information Criterion: Blosum62+F+R6
Bayesian Information Criterion:         Blosum62+F+R6
Best-fit model: Blosum62+F+R6 chosen according to BIC

All model information printed to results/tree/PGC_crtI/PGC_crtI.model.gz
CPU time for ModelFinder: 19964.003 seconds (5h:32m:44s)
Wall-clock time for ModelFinder: 20003.646 seconds (5h:33m:23s)
WARNING: States(s) N, D, Q, E, I, L, K, F, P, V rarely appear in alignment and may cause numerical problems

NOTE: 273 MB RAM (0 GB) is required!
Estimate model parameters (epsilon = 0.100)
1. Initial log-likelihood: -94423.291
Optimal log-likelihood: -94423.253
Site proportion and rates:  (0.262,0.044) (0.168,0.277) (0.188,0.704) (0.187,1.392) (0.159,2.457) (0.035,4.436)
Parameters optimization took 1 rounds (14.442 sec)
Computing ML distances based on estimated model parameters...
Computing ML distances took 11.286816 sec (of wall-clock time) 11.286268 sec(of CPU time)
Computing RapidNJ tree took 0.012256 sec (of wall-clock time) 0.017420 sec (of CPU time)
Log-likelihood of RapidNJ tree: -95377.853
--------------------------------------------------------------------
|             INITIALIZING CANDIDATE TREE SET                      |
--------------------------------------------------------------------
Generating 98 parsimony trees... 34.918 second
Computing log-likelihood of 98 initial trees ... 195.915 seconds
Current best score: -94370.967

Do NNI search on 20 best initial trees
Estimate model parameters (epsilon = 0.100)
BETTER TREE FOUND at iteration 1: -94169.076
Estimate model parameters (epsilon = 0.100)
BETTER TREE FOUND at iteration 2: -94159.379
Estimate model parameters (epsilon = 0.100)
BETTER TREE FOUND at iteration 3: -94140.809
Iteration 10 / LogL: -94175.834 / Time: 0h:17m:52s
Iteration 20 / LogL: -94221.385 / Time: 0h:26m:16s
Finish initializing candidate tree set (20)
Current best tree score: -94140.809 / CPU time: 1524.772
Number of iterations: 20
--------------------------------------------------------------------
|               OPTIMIZING CANDIDATE TREE SET                      |
--------------------------------------------------------------------
Estimate model parameters (epsilon = 0.100)
BETTER TREE FOUND at iteration 22: -94134.621
Estimate model parameters (epsilon = 0.100)
BETTER TREE FOUND at iteration 25: -94119.573
Iteration 30 / LogL: -94157.675 / Time: 0h:36m:38s (2h:0m:1s left)
Estimate model parameters (epsilon = 0.100)
BETTER TREE FOUND at iteration 33: -94116.921
Iteration 40 / LogL: -94177.241 / Time: 0h:45m:59s (1h:49m:40s left)
Estimate model parameters (epsilon = 0.100)
BETTER TREE FOUND at iteration 47: -94114.151
Iteration 50 / LogL: -94124.540 / Time: 0h:55m:11s (1h:49m:14s left)
Estimate model parameters (epsilon = 0.100)
BETTER TREE FOUND at iteration 51: -94111.448
Iteration 60 / LogL: -94335.880 / Time: 1h:4m:51s (1h:40m:1s left)
Iteration 70 / LogL: -94142.355 / Time: 1h:14m:15s (1h:27m:10s left)
Iteration 80 / LogL: -94211.361 / Time: 1h:23m:20s (1h:14m:54s left)
Iteration 90 / LogL: -94179.229 / Time: 1h:32m:52s (1h:3m:39s left)
Estimate model parameters (epsilon = 0.100)
BETTER TREE FOUND at iteration 94: -94109.851
Iteration 100 / LogL: -94122.645 / Time: 1h:42m:18s (1h:37m:8s left)
Iteration 110 / LogL: -94134.031 / Time: 1h:51m:17s (1h:25m:46s left)
Estimate model parameters (epsilon = 0.100)
BETTER TREE FOUND at iteration 112: -94105.353
Iteration 120 / LogL: -94124.438 / Time: 2h:0m:34s (1h:33m:12s left)
Iteration 130 / LogL: -94141.264 / Time: 2h:9m:40s (1h:22m:25s left)
Iteration 140 / LogL: -94130.673 / Time: 2h:18m:13s (1h:11m:35s left)
Estimate model parameters (epsilon = 0.100)
BETTER TREE FOUND at iteration 149: -94103.862
Iteration 150 / LogL: -94116.145 / Time: 2h:27m:39s (1h:38m:6s left)
Iteration 160 / LogL: -94213.010 / Time: 2h:36m:7s (1h:27m:23s left)
Iteration 170 / LogL: -94115.692 / Time: 2h:44m:58s (1h:17m:7s left)
Iteration 180 / LogL: -94115.114 / Time: 2h:53m:26s (1h:6m:51s left)
Estimate model parameters (epsilon = 0.100)
BETTER TREE FOUND at iteration 187: -94103.678
Iteration 190 / LogL: -94120.314 / Time: 3h:2m:48s (1h:33m:49s left)
Estimate model parameters (epsilon = 0.100)
BETTER TREE FOUND at iteration 194: -94099.652
Iteration 200 / LogL: -94137.964 / Time: 3h:13m:9s (1h:31m:14s left)
Estimate model parameters (epsilon = 0.100)
BETTER TREE FOUND at iteration 201: -94099.067
Estimate model parameters (epsilon = 0.100)
BETTER TREE FOUND at iteration 209: -94096.504
Iteration 210 / LogL: -94114.770 / Time: 3h:22m:41s (1h:36m:0s left)
Iteration 220 / LogL: -94560.463 / Time: 3h:31m:0s (1h:25m:45s left)
Estimate model parameters (epsilon = 0.100)
BETTER TREE FOUND at iteration 223: -94089.803
Estimate model parameters (epsilon = 0.100)
BETTER TREE FOUND at iteration 230: -94088.286
Iteration 230 / LogL: -94088.286 / Time: 3h:40m:55s (1h:36m:28s left)
Iteration 240 / LogL: -94118.119 / Time: 3h:50m:0s (1h:26m:36s left)
Estimate model parameters (epsilon = 0.100)
BETTER TREE FOUND at iteration 245: -94085.279
Iteration 250 / LogL: -94117.025 / Time: 3h:59m:32s (1h:31m:23s left)
Estimate model parameters (epsilon = 0.100)
BETTER TREE FOUND at iteration 254: -94081.689
Iteration 260 / LogL: -94091.265 / Time: 4h:9m:26s (1h:30m:32s left)
Estimate model parameters (epsilon = 0.100)
BETTER TREE FOUND at iteration 264: -94078.606
Iteration 270 / LogL: -94101.806 / Time: 4h:19m:15s (1h:30m:35s left)
Iteration 280 / LogL: -94134.224 / Time: 4h:27m:49s (1h:20m:38s left)
Estimate model parameters (epsilon = 0.100)
BETTER TREE FOUND at iteration 287: -94077.930
Estimate model parameters (epsilon = 0.100)
BETTER TREE FOUND at iteration 290: -94072.930
Iteration 290 / LogL: -94072.930 / Time: 4h:37m:34s (1h:36m:2s left)
Iteration 300 / LogL: -94081.538 / Time: 4h:46m:8s (1h:26m:7s left)
Iteration 310 / LogL: -94085.919 / Time: 4h:55m:14s (1h:16m:26s left)
Iteration 320 / LogL: -94122.520 / Time: 5h:4m:32s (1h:6m:49s left)
Estimate model parameters (epsilon = 0.100)
BETTER TREE FOUND at iteration 327: -94072.885
Iteration 330 / LogL: -94087.606 / Time: 5h:13m:51s (1h:32m:32s left)
Iteration 340 / LogL: -94081.796 / Time: 5h:22m:24s (1h:22m:44s left)
Iteration 350 / LogL: -94083.631 / Time: 5h:30m:47s (1h:12m:59s left)
Iteration 360 / LogL: -94082.010 / Time: 5h:39m:56s (1h:3m:26s left)
Iteration 370 / LogL: -94086.531 / Time: 5h:48m:48s (0h:53m:52s left)
Iteration 380 / LogL: -94103.517 / Time: 5h:57m:9s (0h:44m:17s left)
Iteration 390 / LogL: -94123.162 / Time: 6h:5m:39s (0h:34m:46s left)
Iteration 400 / LogL: -94087.431 / Time: 6h:14m:30s (0h:25m:20s left)
Iteration 410 / LogL: -94121.617 / Time: 6h:22m:27s (0h:15m:53s left)
Iteration 420 / LogL: -94093.106 / Time: 6h:30m:40s (0h:6m:31s left)
Estimate model parameters (epsilon = 0.100)
BETTER TREE FOUND at iteration 427: -94072.016
Iteration 430 / LogL: -94089.639 / Time: 6h:39m:56s (1h:30m:25s left)
Iteration 440 / LogL: -94103.431 / Time: 6h:48m:39s (1h:20m:59s left)
Iteration 450 / LogL: -94081.101 / Time: 6h:56m:38s (1h:11m:26s left)
Iteration 460 / LogL: -94175.031 / Time: 7h:5m:8s (1h:2m:3s left)
Iteration 470 / LogL: -94120.088 / Time: 7h:13m:17s (0h:52m:39s left)
Iteration 480 / LogL: -94095.170 / Time: 7h:21m:22s (0h:43m:18s left)
Iteration 490 / LogL: -94115.574 / Time: 7h:29m:46s (0h:34m:1s left)
Iteration 500 / LogL: -94077.624 / Time: 7h:37m:58s (0h:24m:46s left)
Iteration 510 / LogL: -94089.659 / Time: 7h:46m:54s (0h:15m:35s left)
Iteration 520 / LogL: -94096.001 / Time: 7h:55m:25s (0h:6m:24s left)
TREE SEARCH COMPLETED AFTER 528 ITERATIONS / Time: 8h:1m:36s

--------------------------------------------------------------------
|                    FINALIZING TREE SEARCH                        |
--------------------------------------------------------------------
Performs final model parameters optimization
Estimate model parameters (epsilon = 0.010)
1. Initial log-likelihood: -94072.016
Optimal log-likelihood: -94072.007
Site proportion and rates:  (0.264,0.043) (0.184,0.300) (0.195,0.770) (0.183,1.512) (0.141,2.544) (0.033,4.475)
Parameters optimization took 1 rounds (9.886 sec)
BEST SCORE FOUND : -94072.007
Total tree length: 21.176

Total number of iterations: 528
CPU time used for tree search: 28801.843 sec (8h:0m:1s)
Wall-clock time used for tree search: 28845.265 sec (8h:0m:45s)
Total CPU time used: 28863.423 sec (8h:1m:3s)
Total wall-clock time used: 28907.127 sec (8h:1m:47s)

Analysis results written to: 
  IQ-TREE report:                results/tree/PGC_crtI/PGC_crtI.iqtree
  Maximum-likelihood tree:       results/tree/PGC_crtI/PGC_crtI.treefile
  Likelihood distances:          results/tree/PGC_crtI/PGC_crtI.mldist
  Screen log file:               results/tree/PGC_crtI/PGC_crtI.log

Date and Time: Thu Jun 20 23:28:40 2024
