IQ-TREE multicore version 2.1.4-beta COVID-edition for Linux 64-bit built Jun 24 2021
Developed by Bui Quang Minh, James Barbetti, Nguyen Lam Tung,
Olga Chernomor, Heiko Schmidt, Dominik Schrempf, Michael Woodhams.

Host:    morrowind (AVX2, FMA3, 503 GB RAM)
Command: iqtree2 -s results/fasta_PGC/gene_trimmed/PGC_puhE_trim.phy -pre results/tree/PGC_puhE/PGC_puhE
Seed:    524921 (Using SPRNG - Scalable Parallel Random Number Generator)
Time:    Thu Jun 20 09:53:29 2024
Kernel:  AVX+FMA - 1 threads (128 CPU cores detected)

HINT: Use -nt option to specify number of threads because your CPU has 128 cores!
HINT: -nt AUTO will automatically determine the best number of threads to use.

Reading alignment file results/fasta_PGC/gene_trimmed/PGC_puhE_trim.phy ... Phylip format detected
Alignment most likely contains protein sequences
WARNING: 14 sites contain only gaps or ambiguous characters.
Alignment has 250 sequences with 690 columns, 650 distinct patterns
577 parsimony-informative, 33 singleton sites, 80 constant sites
                                              Gap/Ambiguity  Composition  p-value
   1  GCA_011765465.1_ASM1176546v1                   23.33%    passed     99.99%
   2  GCA_015693905.1_ASM1569390v1                   20.58%    passed     99.00%
   3  GCA_016745215.1_scaff03                        21.01%    passed     95.25%
   4  GCA_019285715.1_ASM1928571v1                   26.09%    passed     70.65%
   5  GCA_019739335.1_ASM1973933v1                   22.75%    passed     99.76%
   6  GCF_000013085.1_ASM1308v1                      20.58%    passed     99.83%
   7  GCF_000013365.1_ASM1336v1                      21.74%    passed     99.94%
   8  GCF_000013565.1_ASM1356v1                      21.88%    passed    100.00%
   9  GCF_000014045.1_ASM1404v1                      20.87%    passed    100.00%
  10  GCF_000015165.1_ASM1516v1                      23.04%    passed     99.98%
  11  GCF_000015585.1_ASM1558v1                      21.74%    passed     99.92%
  12  GCF_000016185.1_ASM1618v1                      22.75%    passed     99.57%
  13  GCF_000018145.1_ASM1814v1                      20.00%    passed     99.54%
  14  GCF_000018845.1_ASM1884v1                      23.48%    passed     99.93%
  15  GCF_000019365.1_ASM1936v1                      23.04%    passed     99.63%
  16  GCF_000019725.1_ASM1972v1                      24.20%    passed     98.40%
  17  GCF_000019945.1_ASM1994v1                      23.91%    passed     99.04%
  18  GCF_000020445.1_ASM2044v1                      21.88%    passed     99.96%
  19  GCF_000021005.1_ASM2100v1                      21.74%    passed    100.00%
  20  GCF_000021745.1_ASM2174v1                      21.01%    passed     99.53%
  21  GCF_000021845.1_ASM2184v1                      23.77%    passed     99.02%
  22  GCF_000021865.1_ASM2186v1                      22.17%    passed    100.00%
  23  GCF_000022685.1_ASM2268v1                      23.48%    passed     99.89%
  24  GCF_000025485.1_ASM2548v1                      22.03%    passed     99.91%
  25  GCF_000026145.1_ASM2614v1                      23.33%    passed     99.98%
  26  GCF_000083545.1_ASM8354v1                      23.77%    passed     99.70%
  27  GCF_000144605.1_ASM14460v1                     23.33%    passed    100.00%
  28  GCF_000154785.2_ASM15478v2                     21.30%    passed    100.00%
  29  GCF_000166055.1_ASM16605v1                     21.59%    passed     99.67%
  30  GCF_000195775.2_ASM19577v2                     21.88%    passed     99.96%
  31  GCF_000202835.1_ASM20283v1                     20.43%    passed    100.00%
  32  GCF_000224005.2_ASM22400v3                     22.03%    passed     99.55%
  33  GCF_000225955.1_ASM22595v1                     20.58%    passed     99.83%
  34  GCF_000227745.2_ASM22774v3                     21.74%    passed     99.92%
  35  GCF_000284255.1_ASM28425v1                     22.03%    passed     99.99%
  36  GCF_000284275.1_ASM28427v1                     23.62%    passed     99.99%
  37  GCF_000284415.1_ASM28441v2                     21.01%    passed     95.96%
  38  GCF_000327045.1_ASM32704v1                     22.17%    passed     95.60%
  39  GCF_000344805.1_ASM34480v1                     23.33%    passed     99.59%
  40  GCF_000364445.2_ASM36444v2                     24.06%    passed     99.74%
  41  GCF_000512205.2_ASM51220v2                     22.17%    passed    100.00%
  42  GCF_000590925.1_ASM59092v1                     21.01%    passed     99.91%
  43  GCF_000738435.1_ASM73843v1                     22.03%    passed     98.86%
  44  GCF_000757795.1_ASM75779v1                     24.06%    passed     99.71%
  45  GCF_000935025.1_ASM93502v1                     21.45%    passed     99.99%
  46  GCF_000973625.1_ASM97362v1                     18.99%    failed      0.16%
  47  GCF_001304795.1_ASM130479v1                    23.48%    passed     79.53%
  48  GCF_001402875.1_ASM140287v1                    23.33%    passed     99.99%
  49  GCF_001412535.1_ASM141253v1                    21.01%    passed     99.83%
  50  GCF_001412575.1_ASM141257v1                    19.86%    passed     95.08%
  51  GCF_001459775.1_Blastochloris_viridis_genome   23.33%    passed     99.99%
  52  GCF_001483865.1_ASM148386v1                    23.04%    passed     92.43%
  53  GCF_001542815.1_ASM154281v1                    23.77%    passed     99.45%
  54  GCF_001548015.1_ASM154801v1                    22.32%    passed     98.06%
  55  GCF_001548075.1_ASM154807v1                    21.45%    passed     99.99%
  56  GCF_001576595.1_ASM157659v1                    21.74%    passed    100.00%
  57  GCF_001633145.1_ASM163314v1                    21.30%    passed     99.95%
  58  GCF_001633165.1_ASM163316v1                    21.30%    passed     99.95%
  59  GCF_001663155.1_ASM166315v1                    23.19%    passed     99.92%
  60  GCF_001663175.1_ASM166317v1                    22.75%    passed    100.00%
  61  GCF_001685625.1_ASM168562v1                    21.74%    passed    100.00%
  62  GCF_001713355.1_ASM171335v1                    20.29%    passed     99.91%
  63  GCF_001713375.1_ASM171337v1                    22.32%    passed     99.87%
  64  GCF_001713435.1_ASM171343v1                    23.04%    passed     99.99%
  65  GCF_001713455.1_ASM171345v1                    24.35%    passed     99.99%
  66  GCF_001713475.1_ASM171347v1                    23.48%    passed     99.92%
  67  GCF_001719165.1_ASM171916v1                    23.48%    passed    100.00%
  68  GCF_001720465.1_ASM172046v1                    22.61%    passed     99.62%
  69  GCF_001854385.1_ASM185438v1                    24.20%    passed     98.40%
  70  GCF_001870665.2_ASM187066v2                    21.74%    passed    100.00%
  71  GCF_001886735.1_ASM188673v1                    22.61%    passed     87.26%
  72  GCF_001936175.1_ASM193617v1                    23.91%    passed     99.92%
  73  GCF_001955735.1_ASM195573v1                    21.59%    passed     98.97%
  74  GCF_001969365.1_ASM196936v1                    21.45%    passed     70.40%
  75  GCF_001971665.1_ASM197166v1                    23.48%    passed     99.75%
  76  GCF_002002865.1_ASM200286v1                    23.62%    passed     99.94%
  77  GCF_002073975.1_ASM207397v1                    21.01%    passed     99.08%
  78  GCF_002079305.1_ASM207930v1                    21.16%    passed     99.68%
  79  GCF_002080415.1_ASM208041v1                    22.17%    passed     99.99%
  80  GCF_002117815.2_ASM211781v2                    23.48%    passed     99.44%
  81  GCF_002158905.1_ASM215890v1                    23.62%    passed     95.64%
  82  GCF_002266435.2_ASM226643v2                    23.19%    passed    100.00%
  83  GCF_002355515.1_ASM235551v1                    24.06%    passed     94.09%
  84  GCF_002407205.1_ASM240720v1                    21.16%    passed    100.00%
  85  GCF_002706325.1_ASM270632v1                    21.74%    passed    100.00%
  86  GCF_002813775.1_ASM281377v1                    21.59%    passed    100.00%
  87  GCF_002868735.1_ASM286873v1                    22.75%    passed     99.68%
  88  GCF_002952215.1_ASM295221v1                    23.48%    passed    100.00%
  89  GCF_002983865.1_ASM298386v1                    20.87%    passed    100.00%
  90  GCF_003031245.1_ASM303124v1                    21.88%    passed    100.00%
  91  GCF_003031265.1_ASM303126v1                    21.88%    passed    100.00%
  92  GCF_003065365.1_ASM306536v1                    19.42%    passed     53.95%
  93  GCF_003071405.1_ASM307140v1                    21.45%    passed     99.37%
  94  GCF_003173715.1_ASM317371v1                    22.90%    passed    100.00%
  95  GCF_003173735.1_ASM317373v1                    25.07%    passed     73.85%
  96  GCF_003173755.1_ASM317375v1                    22.61%    passed     99.61%
  97  GCF_003173775.1_ASM317377v1                    22.61%    passed     98.06%
  98  GCF_003254375.1_ASM325437v1                    24.06%    passed     99.71%
  99  GCF_003264115.1_ASM326411v1                    22.61%    passed     99.86%
 100  GCF_003288315.1_ASM328831v1                    22.17%    passed     99.83%
 101  GCF_003324715.1_ASM332471v1                    21.74%    passed    100.00%
 102  GCF_003352165.1_ASM335216v1                    19.57%    passed     99.82%
 103  GCF_003429265.1_ASM342926v1                    21.45%    passed    100.00%
 104  GCF_003431825.1_ASM343182v1                    23.04%    passed     99.99%
 105  GCF_003855495.1_ASM385549v1                    22.17%    passed    100.00%
 106  GCF_003940805.1_ASM394080v1                    22.75%    passed     99.80%
 107  GCF_003952725.1_ASM395272v1                    21.88%    passed     99.83%
 108  GCF_003966715.1_ASM396671v1                    22.90%    passed     99.98%
 109  GCF_004114955.1_ASM411495v1                    23.04%    passed     99.90%
 110  GCF_004136295.1_ASM413629v1                    23.33%    passed     61.82%
 111  GCF_004216475.1_ASM421647v1                    20.14%    passed     58.10%
 112  GCF_004331955.1_ASM433195v1                    23.62%    passed     83.35%
 113  GCF_004354345.1_ASM435434v1                    23.77%    passed     94.24%
 114  GCF_005311585.1_ASM531158v1                    21.74%    passed    100.00%
 115  GCF_005860795.2_ASM586079v2                    22.46%    passed    100.00%
 116  GCF_006542605.1_ASM654260v1                    22.90%    passed    100.00%
 117  GCF_006740745.1_ASM674074v1                    23.91%    passed     97.98%
 118  GCF_007005445.1_ASM700544v1                    22.03%    passed     99.97%
 119  GCF_007290395.1_ASM729039v1                    23.48%    passed    100.00%
 120  GCF_007954425.1_ASM795442v1                    23.91%    passed     98.44%
 121  GCF_008000895.1_ASM800089v1                    23.48%    passed     99.99%
 122  GCF_008000915.1_ASM800091v1                    23.48%    passed     99.39%
 123  GCF_008728195.1_ASM872819v1                    22.17%    passed    100.00%
 124  GCF_008843145.1_ASM884314v1                    23.48%    passed    100.00%
 125  GCF_008932115.1_ASM893211v1                    22.75%    passed     99.84%
 126  GCF_009363255.1_ASM936325v1                    23.33%    passed     99.97%
 127  GCF_009363495.1_ASM936349v1                    23.33%    passed     99.97%
 128  GCF_009363575.1_ASM936357v1                    22.61%    passed     99.92%
 129  GCF_009363615.1_ASM936361v1                    20.87%    passed     99.90%
 130  GCF_009363635.1_ASM936363v1                    22.75%    passed     99.95%
 131  GCF_009363655.1_ASM936365v1                    22.03%    passed    100.00%
 132  GCF_009363715.1_ASM936371v1                    21.88%    passed    100.00%
 133  GCF_009363735.1_ASM936373v1                    22.17%    passed    100.00%
 134  GCF_009363795.1_ASM936379v1                    22.32%    passed     98.49%
 135  GCF_009650195.1_ASM965019v1                    23.48%    passed     99.92%
 136  GCF_009664085.1_ASM966408v1                    21.59%    passed     98.66%
 137  GCF_009685175.1_ASM968517v1                    22.32%    passed    100.00%
 138  GCF_009707465.1_ASM970746v1                    23.91%    passed     97.74%
 139  GCF_009762325.1_ASM976232v1                    22.03%    passed    100.00%
 140  GCF_009797665.1_ASM979766v1                    21.74%    passed    100.00%
 141  GCF_009859815.1_ASM985981v1                    21.88%    passed     99.86%
 142  GCF_009913435.1_ASM991343v1                    24.06%    passed     88.09%
 143  GCF_010104355.1_ASM1010435v1                   21.88%    passed     99.86%
 144  GCF_011040475.1_ASM1104047v1                   22.61%    passed    100.00%
 145  GCF_011044255.1_ASM1104425v1                   23.19%    passed     99.96%
 146  GCF_011047315.1_ASM1104731v1                   23.04%    passed     99.96%
 147  GCF_011290485.1_ASM1129048v1                   21.30%    passed     99.70%
 148  GCF_011388215.1_ASM1138821v1                   23.19%    passed     96.51%
 149  GCF_012647365.1_ASM1264736v1                   21.74%    passed    100.00%
 150  GCF_012932215.1_ASM1293221v1                   21.01%    passed     99.89%
 151  GCF_013170845.1_ASM1317084v1                   19.57%    passed     97.86%
 152  GCF_013307245.1_ASM1330724v1                   20.00%    failed      1.30%
 153  GCF_013374095.1_ASM1337409v1                   21.59%    passed    100.00%
 154  GCF_013378075.1_ASM1337807v1                   24.20%    passed     99.55%
 155  GCF_013415845.1_ASM1341584v1                   21.88%    passed     99.96%
 156  GCF_014117445.1_ASM1411744v1                   23.04%    passed     98.82%
 157  GCF_014495845.1_ASM1449584v1                   19.71%    passed     99.95%
 158  GCF_014622665.1_ASM1462266v1                   21.74%    passed    100.00%
 159  GCF_014681765.1_ASM1468176v1                   22.32%    passed     99.57%
 160  GCF_015679265.1_ASM1567926v1                   22.46%    passed    100.00%
 161  GCF_016584445.1_ASM1658444v1                   21.88%    passed     99.96%
 162  GCF_016653635.2_ASM1665363v2                   23.48%    passed    100.00%
 163  GCF_016765655.2_ASM1676565v2                   23.62%    passed     99.99%
 164  GCF_016806065.1_ASM1680606v1                   23.33%    passed    100.00%
 165  GCF_016806835.2_ASM1680683v2                   23.48%    passed    100.00%
 166  GCF_016839165.1_ASM1683916v1                   23.19%    passed    100.00%
 167  GCF_017347565.1_ASM1734756v1                   22.61%    passed     97.16%
 168  GCF_017498565.1_ASM1749856v1                   21.59%    passed     99.48%
 169  GCF_017795885.1_ASM1779588v1                   23.62%    passed    100.00%
 170  GCF_018200035.1_ASM1820003v1                   23.04%    passed    100.00%
 171  GCF_018205975.1_ASM1820597v1                   22.75%    passed    100.00%
 172  GCF_018399035.1_ASM1839903v1                   23.33%    passed     99.11%
 173  GCF_018409545.1_ASM1840954v1                   21.88%    passed     99.69%
 174  GCF_018687415.1_ASM1868741v1                   18.84%    passed     45.64%
 175  GCF_018687475.1_ASM1868747v1                   20.14%    passed     95.94%
 176  GCF_018687675.1_ASM1868767v1                   18.99%    failed      0.13%
 177  GCF_018688155.1_ASM1868815v1                   18.84%    passed     35.59%
 178  GCF_018688255.1_ASM1868825v1                   19.13%    failed      0.21%
 179  GCF_018982885.2_ASM1898288v2                   22.32%    passed    100.00%
 180  GCF_019134555.1_ASM1913455v1                   20.58%    passed     99.83%
 181  GCF_019203965.1_ASM1920396v1                   22.61%    passed    100.00%
 182  GCF_019431245.1_ASM1943124v1                   22.46%    passed    100.00%
 183  GCF_019443285.1_ASM1944328v1                   21.45%    passed     99.25%
 184  GCF_019623905.1_ASM1962390v1                   21.88%    passed     99.75%
 185  GCF_019904235.1_ASM1990423v1                   21.88%    passed     99.98%
 186  GCF_019973775.1_ASM1997377v1                   20.14%    passed     99.98%
 187  GCF_020866845.1_ASM2086684v1                   22.75%    passed    100.00%
 188  GCF_021088345.1_ASM2108834v1                   22.90%    passed    100.00%
 189  GCF_021117295.1_ASM2111729v1                   23.48%    passed     99.38%
 190  GCF_021228015.1_ASM2122801v1                   22.61%    passed     99.87%
 191  GCF_021228795.1_ASM2122879v1                   23.33%    passed     98.32%
 192  GCF_021391315.1_ASM2139131v1                   21.45%    passed    100.00%
 193  GCF_021391535.1_ASM2139153v1                   19.13%    passed     71.80%
 194  GCF_021398735.1_ASM2139873v1                   24.06%    passed     98.47%
 195  GCF_021431965.1_ASM2143196v1                   29.13%    passed     99.93%
 196  GCF_021484845.1_ASM2148484v1                   24.20%    passed     98.40%
 197  GCF_022227035.1_ASM2222703v1                   21.45%    passed    100.00%
 198  GCF_022370455.1_ASM2237045v1                   22.32%    passed    100.00%
 199  GCF_022410435.1_ASM2241043v1                   24.06%    passed     94.84%
 200  GCF_022533465.1_ASM2253346v1                   23.19%    passed     99.39%
 201  GCF_022558965.1_ASM2255896v1                   20.43%    passed    100.00%
 202  GCF_022846615.1_ASM2284661v1                   21.88%    passed     99.99%
 203  GCF_023243115.1_ASM2324311v1                   24.64%    passed     99.63%
 204  GCF_023380025.1_ASM2338002v1                   25.65%    passed     44.40%
 205  GCF_023558335.1_ASM2355833v1                   20.00%    passed     99.54%
 206  GCF_023558355.1_ASM2355835v1                   20.00%    passed     99.54%
 207  GCF_023573145.1_ASM2357314v1                   23.77%    passed     70.61%
 208  GCF_023823125.1_ASM2382312v1                   21.45%    passed     99.88%
 209  GCF_024496245.1_ASM2449624v1                   23.19%    passed     97.21%
 210  GCF_024758705.1_ASM2475870v1                   23.48%    passed     80.41%
 211  GCF_024758725.1_ASM2475872v1                   24.93%    passed     99.64%
 212  GCF_025141175.1_ASM2514117v1                   23.48%    passed     99.84%
 213  GCF_025141935.1_ASM2514193v1                   22.75%    passed     99.99%
 214  GCF_025398155.2_ASM2539815v2                   22.90%    passed     99.74%
 215  GCF_025811215.1_ASM2581121v1                   21.88%    passed    100.00%
 216  GCF_025811355.1_ASM2581135v1                   21.88%    passed    100.00%
 217  GCF_025811435.1_ASM2581143v1                   21.88%    passed    100.00%
 218  GCF_025813715.1_ASM2581371v1                   23.62%    passed     98.51%
 219  GCF_025917005.1_ASM2591700v1                   23.04%    passed     99.98%
 220  GCF_026122595.1_ASM2612259v1                   23.48%    passed     99.66%
 221  GCF_026122615.1_ASM2612261v1                   23.48%    passed     99.66%
 222  GCF_026167525.1_ASM2616752v1                   21.45%    passed     99.99%
 223  GCF_026167545.1_ASM2616754v1                   23.33%    passed     95.32%
 224  GCF_026625025.1_ASM2662502v1                   21.88%    passed     99.96%
 225  GCF_027271155.1_ASM2727115v1                   23.77%    passed    100.00%
 226  GCF_027886585.1_ASM2788658v1                   22.75%    passed    100.00%
 227  GCF_027912195.1_ASM2791219v1                   21.88%    passed     99.96%
 228  GCF_027943985.1_ASM2794398v1                   17.39%    failed      0.48%
 229  GCF_027944005.1_ASM2794400v1                   17.39%    failed      0.48%
 230  GCF_028621955.1_ASM2862195v1                   22.90%    passed     99.99%
 231  GCF_028885395.1_ASM2888539v1                   22.90%    passed     99.98%
 232  GCF_029277405.1_ASM2927740v1                   21.74%    passed    100.00%
 233  GCF_029581395.1_ASM2958139v1                   21.59%    passed     99.98%
 234  GCF_029691625.1_ASM2969162v1                   24.06%    passed     99.71%
 235  GCF_029714205.1_ASM2971420v1                   23.04%    passed     99.63%
 236  GCF_029761955.1_ASM2976195v1                   22.46%    passed     98.48%
 237  GCF_030062705.1_ASM3006270v1                   23.48%    passed     99.87%
 238  GCF_030252425.1_ASM3025242v1                   18.84%    passed     22.62%
 239  GCF_030255395.1_ASM3025539v1                   23.48%    passed     99.93%
 240  GCF_030297555.1_ASM3029755v1                   20.43%    passed     97.98%
 241  GCF_030297575.1_ASM3029757v1                   20.29%    passed     72.36%
 242  GCF_030297595.1_ASM3029759v1                   20.29%    passed     76.98%
 243  GCF_030297615.1_ASM3029761v1                   20.14%    passed     95.07%
 244  GCF_030297635.1_ASM3029763v1                   20.29%    passed     81.46%
 245  GCF_030297655.1_ASM3029765v1                   20.14%    passed     73.09%
 246  GCF_030297675.1_ASM3029767v1                   20.14%    passed     73.09%
 247  GCF_900176205.1_BRAD285_PRJEB202261_v1         23.33%    passed     99.97%
 248  GCF_900234795.1_TK0001_PRJEB23178_v1           23.62%    passed     99.60%
 249  GCF_901457705.2_RHAL1_v2                       24.49%    passed     90.82%
 250  GCF_937425535.1_Rhodovastum_atsumiense_G2-11   21.01%    passed     99.45%
****  TOTAL                                          22.30%  6 sequences failed composition chi2 test (p-value<5%; df=19)
NOTE: GCF_000225955.1_ASM22595v1 is identical to GCF_000013085.1_ASM1308v1 but kept for subsequent analysis
NOTE: GCF_002983865.1_ASM298386v1 is identical to GCF_000014045.1_ASM1404v1 but kept for subsequent analysis
NOTE: GCF_023558335.1_ASM2355833v1 is identical to GCF_000018145.1_ASM1814v1 but kept for subsequent analysis
NOTE: GCF_030255395.1_ASM3025539v1 is identical to GCF_000018845.1_ASM1884v1 but kept for subsequent analysis
NOTE: GCF_029714205.1_ASM2971420v1 is identical to GCF_000019365.1_ASM1936v1 but kept for subsequent analysis
NOTE: GCF_001854385.1_ASM185438v1 is identical to GCF_000019725.1_ASM1972v1 but kept for subsequent analysis
NOTE: GCF_000195775.2_ASM19577v2 is identical to GCF_000020445.1_ASM2044v1 but kept for subsequent analysis
NOTE: GCF_022558965.1_ASM2255896v1 is identical to GCF_000202835.1_ASM20283v1 but kept for subsequent analysis
NOTE: GCF_003254375.1_ASM325437v1 is identical to GCF_000757795.1_ASM75779v1 but kept for subsequent analysis
NOTE: GCF_001459775.1_Blastochloris_viridis_genome is identical to GCF_001402875.1_ASM140287v1 but kept for subsequent analysis
NOTE: GCF_001685625.1_ASM168562v1 is identical to GCF_001576595.1_ASM157659v1 but kept for subsequent analysis
NOTE: GCF_001633165.1_ASM163316v1 is identical to GCF_001633145.1_ASM163314v1 but kept for subsequent analysis
NOTE: GCF_003431825.1_ASM343182v1 is identical to GCF_001713435.1_ASM171343v1 but kept for subsequent analysis
NOTE: GCF_009650195.1_ASM965019v1 is identical to GCF_001713475.1_ASM171347v1 but kept for subsequent analysis
NOTE: GCF_003031265.1_ASM303126v1 is identical to GCF_003031245.1_ASM303124v1 but kept for subsequent analysis
NOTE: GCF_021391315.1_ASM2139131v1 is identical to GCF_003429265.1_ASM342926v1 but kept for subsequent analysis
NOTE: GCF_009363495.1_ASM936349v1 is identical to GCF_009363255.1_ASM936325v1 but kept for subsequent analysis
NOTE: GCF_022370455.1_ASM2237045v1 is identical to GCF_009685175.1_ASM968517v1 but kept for subsequent analysis
NOTE: GCF_010104355.1_ASM1010435v1 is identical to GCF_009859815.1_ASM985981v1 but kept for subsequent analysis
NOTE: GCF_029277405.1_ASM2927740v1 is identical to GCF_014622665.1_ASM1462266v1 but kept for subsequent analysis
NOTE: GCF_026122615.1_ASM2612261v1 is identical to GCF_026122595.1_ASM2612259v1 but kept for subsequent analysis
NOTE: GCF_027944005.1_ASM2794400v1 is identical to GCF_027943985.1_ASM2794398v1 but kept for subsequent analysis
NOTE: GCF_030297675.1_ASM3029767v1 is identical to GCF_030297655.1_ASM3029765v1 but kept for subsequent analysis
NOTE: 16 identical sequences (see below) will be ignored for subsequent analysis
NOTE: GCF_019134555.1_ASM1913455v1 (identical to GCF_000013085.1_ASM1308v1) is ignored but added at the end
NOTE: GCF_023558355.1_ASM2355835v1 (identical to GCF_000018145.1_ASM1814v1) is ignored but added at the end
NOTE: GCF_021484845.1_ASM2148484v1 (identical to GCF_000019725.1_ASM1972v1) is ignored but added at the end
NOTE: GCF_013415845.1_ASM1341584v1 (identical to GCF_000020445.1_ASM2044v1) is ignored but added at the end
NOTE: GCF_016584445.1_ASM1658444v1 (identical to GCF_000020445.1_ASM2044v1) is ignored but added at the end
NOTE: GCF_026625025.1_ASM2662502v1 (identical to GCF_000020445.1_ASM2044v1) is ignored but added at the end
NOTE: GCF_027912195.1_ASM2791219v1 (identical to GCF_000020445.1_ASM2044v1) is ignored but added at the end
NOTE: GCF_029691625.1_ASM2969162v1 (identical to GCF_000757795.1_ASM75779v1) is ignored but added at the end
NOTE: GCF_002706325.1_ASM270632v1 (identical to GCF_001576595.1_ASM157659v1) is ignored but added at the end
NOTE: GCF_003324715.1_ASM332471v1 (identical to GCF_001576595.1_ASM157659v1) is ignored but added at the end
NOTE: GCF_009797665.1_ASM979766v1 (identical to GCF_001576595.1_ASM157659v1) is ignored but added at the end
NOTE: GCF_012647365.1_ASM1264736v1 (identical to GCF_001576595.1_ASM157659v1) is ignored but added at the end
NOTE: GCF_025811215.1_ASM2581121v1 (identical to GCF_003031245.1_ASM303124v1) is ignored but added at the end
NOTE: GCF_025811355.1_ASM2581135v1 (identical to GCF_003031245.1_ASM303124v1) is ignored but added at the end
NOTE: GCF_025811435.1_ASM2581143v1 (identical to GCF_003031245.1_ASM303124v1) is ignored but added at the end
NOTE: GCF_022227035.1_ASM2222703v1 (identical to GCF_003429265.1_ASM342926v1) is ignored but added at the end
Alignment was printed to results/tree/PGC_puhE/PGC_puhE.uniqueseq.phy

For your convenience alignment with unique sequences printed to results/tree/PGC_puhE/PGC_puhE.uniqueseq.phy


Create initial parsimony tree by phylogenetic likelihood library (PLL)... 0.236 seconds
Perform fast likelihood tree search using LG+I+G model...
Estimate model parameters (epsilon = 5.000)
Perform nearest neighbor interchange...
Estimate model parameters (epsilon = 1.000)
1. Initial log-likelihood: -78283.758
Optimal log-likelihood: -78283.724
Proportion of invariable sites: 0.073
Gamma shape alpha: 1.052
Parameters optimization took 1 rounds (2.429 sec)
Time for fast ML tree search: 21.999 seconds

NOTE: ModelFinder requires 242 MB RAM!
ModelFinder will test up to 702 protein models (sample size: 690) ...
 No. Model         -LnL         df  AIC          AICc         BIC
  1  LG            82813.401    465 166556.801   168491.533   168666.363
  2  LG+I          81736.873    466 164405.746   166357.513   166519.844
  3  LG+G4         78367.211    466 157666.422   159618.189   159780.520
  4  LG+I+G4       78283.728    467 157501.457   159470.430   159620.092
  5  LG+R2         79131.301    467 159196.602   161165.575   161315.237
  6  LG+R3         78512.021    469 157962.041   159965.950   160089.750
  7  LG+R4         78241.254    471 157424.509   159464.069   159561.291
  8  LG+R5         78171.471    473 157288.942   159364.887   159434.797
  9  LG+R6         78147.812    475 157245.625   159358.709   159400.553
 10  LG+R7         78136.256    477 157226.512   159377.512   159390.514
 11  LG+R8         78130.811    479 157219.622   159409.336   159392.697
 23  LG+F+R7       61821.844    496 124635.687   127190.216   126885.886
 24  LG+F+R8       61810.735    498 124617.469   127219.584   126876.741
 36  WAG+R7        76976.231    477 154906.463   157057.463   157070.464
 37  WAG+R8        76974.123    479 154906.247   157095.961   157079.322
 49  WAG+F+R7      61506.885    496 124005.770   126560.299   126255.969
 50  WAG+F+R8      61496.746    498 123989.493   126591.608   126248.765
 62  JTT+R7        78572.216    477 158098.432   160249.432   160262.434
 63  JTT+R8        78564.880    479 158087.761   160277.475   160260.836
 75  JTT+F+R7      64302.489    496 129596.978   132151.506   131847.177
 76  JTT+F+R8      64278.818    498 129553.637   132155.752   131812.909
 88  Q.pfam+R7     77635.751    477 156225.501   158376.501   158389.503
 89  Q.pfam+R8     77630.288    479 156218.577   158408.291   158391.652
101  Q.pfam+F+R7   61780.158    496 124552.317   127106.845   126802.516
102  Q.pfam+F+R8   61769.372    498 124534.744   127136.859   126794.016
114  Q.bird+R7     83423.772    477 167801.543   169952.543   169965.545
115  Q.bird+R8     83416.209    479 167790.417   169980.132   169963.493
127  Q.bird+F+R7   69360.346    496 139712.692   142267.221   141962.891
128  Q.bird+F+R8   69340.423    498 139676.846   142278.961   141936.118
140  Q.mammal+R7   81547.166    477 164048.331   166199.331   166212.333
141  Q.mammal+R8   81540.031    479 164038.062   166227.776   166211.137
153  Q.mammal+F+R7 67221.591    496 135435.182   137989.711   137685.381
154  Q.mammal+F+R8 67214.628    498 135425.257   138027.372   137684.529
166  Q.insect+R7   78935.718    477 158825.437   160976.437   160989.439
167  Q.insect+R8   78934.378    479 158826.757   161016.471   160999.832
179  Q.insect+F+R7 62021.586    496 125035.172   127589.700   127285.371
180  Q.insect+F+R8 62005.259    498 125006.519   127608.634   127265.791
192  Q.plant+R7    83237.170    477 167428.341   169579.341   169592.343
193  Q.plant+R8    83220.600    479 167399.201   169588.915   169572.276
205  Q.plant+F+R7  66376.620    496 133745.239   136299.768   135995.438
206  Q.plant+F+R8  66354.089    498 133704.178   136306.293   135963.450
218  Q.yeast+R7    80335.714    477 161625.429   163776.429   163789.431
219  Q.yeast+R8    80328.058    479 161614.116   163803.830   163787.191
231  Q.yeast+F+R7  62241.193    496 125474.385   128028.914   127724.585
232  Q.yeast+F+R8  62222.772    498 125441.544   128043.660   127700.817
244  JTTDCMut+R7   78547.366    477 158048.733   160199.733   160212.735
245  JTTDCMut+R8   78539.957    479 158037.914   160227.628   160210.989
257  JTTDCMut+F+R7 64308.229    496 129608.458   132162.987   131858.657
258  JTTDCMut+F+R8 64284.158    498 129564.316   132166.431   131823.589
270  DCMut+R7      82593.769    477 166141.538   168292.538   168305.540
271  DCMut+R8      82582.758    479 166123.516   168313.230   168296.591
283  DCMut+F+R7    67898.775    496 136789.550   139344.079   139039.749
284  DCMut+F+R8    67882.087    498 136760.173   139362.288   139019.445
296  VT+R7         77044.027    477 155042.054   157193.054   157206.056
297  VT+R8         77037.862    479 155033.724   157223.438   157206.799
309  VT+F+R7       60954.504    496 122901.007   125455.536   125151.206
310  VT+F+R8       60944.641    498 122885.282   125487.398   125144.555
322  PMB+R7        75000.146    477 150954.293   153105.293   153118.295
323  PMB+R8        74999.102    479 150956.205   153145.919   153129.280
335  PMB+F+R7      60138.151    496 121268.302   123822.830   123518.501
336  PMB+F+R8      60135.082    498 121266.164   123868.279   123525.436
348  Blosum62+R7   74960.013    477 150874.027   153025.027   153038.029
349  Blosum62+R8   74958.980    479 150875.960   153065.674   153049.035
361  Blosum62+F+R7 59728.615    496 120449.230   123003.759   122699.429
362  Blosum62+F+R8 59723.275    498 120442.549   123044.665   122701.822
374  Dayhoff+R7    82617.186    477 166188.373   168339.373   168352.375
375  Dayhoff+R8    82605.979    479 166169.958   168359.672   168343.033
387  Dayhoff+F+R7  67922.618    496 136837.236   139391.765   139087.435
388  Dayhoff+F+R8  67905.982    498 136807.964   139410.079   139067.236
400  mtREV+R7      81672.472    477 164298.944   166449.944   166462.946
401  mtREV+R8      81653.643    479 164265.285   166455.000   166438.361
413  mtREV+F+R7    65951.016    496 132894.032   135448.560   135144.231
414  mtREV+F+R8    65937.219    498 132870.439   135472.554   135129.711
426  mtART+R7      82001.309    477 164956.618   167107.618   167120.620
427  mtART+R8      81975.558    479 164909.116   167098.830   167082.191
439  mtART+F+R7    63529.458    496 128050.915   130605.444   130301.114
440  mtART+F+R8    63513.561    498 128023.123   130625.238   130282.395
452  mtZOA+R7      78544.562    477 158043.124   160194.124   160207.125
453  mtZOA+R8      78524.936    479 158007.873   160197.587   160180.948
465  mtZOA+F+R7    63036.566    496 127065.131   129619.660   129315.330
466  mtZOA+F+R8    63010.937    498 127017.873   129619.989   129277.146
478  mtMet+R7      81991.194    477 164936.388   167087.388   167100.390
479  mtMet+R8      81973.900    479 164905.801   167095.515   167078.876
491  mtMet+F+R7    65825.441    496 132642.882   135197.411   134893.081
492  mtMet+F+R8    65809.139    498 132614.279   135216.394   134873.551
504  mtVer+R7      83445.525    477 167845.049   169996.049   170009.051
505  mtVer+R8      83422.453    479 167802.906   169992.620   169975.981
517  mtVer+F+R7    68671.806    496 138335.612   140890.140   140585.811
518  mtVer+F+R8    68664.281    498 138324.561   140926.676   140583.834
530  mtInv+R7      80948.864    477 162851.728   165002.728   165015.730
531  mtInv+R8      80935.969    479 162829.937   165019.652   165003.013
543  mtInv+F+R7    62814.148    496 126620.296   129174.825   128870.496
544  mtInv+F+R8    62799.643    498 126595.285   129197.400   128854.557
556  mtMAM+R7      89729.164    477 180412.328   182563.328   182576.330
557  mtMAM+R8      89690.696    479 180339.393   182529.107   182512.468
569  mtMAM+F+R7    74523.127    496 150038.255   152592.783   152288.454
570  mtMAM+F+R8    74489.050    498 149974.101   152576.216   152233.373
582  HIVb+R7       85877.913    477 172709.826   174860.826   174873.828
583  HIVb+R8       85862.714    479 172683.427   174873.141   174856.502
595  HIVb+F+R7     70179.866    496 141351.732   143906.261   143601.931
596  HIVb+F+R8     70162.584    498 141321.168   143923.283   143580.440
608  HIVw+R7       95736.147    477 192426.293   194577.293   194590.295
609  HIVw+R8       95723.283    479 192404.565   194594.279   194577.640
621  HIVw+F+R7     76213.112    496 153418.223   155972.752   155668.422
622  HIVw+F+R8     76183.182    498 153362.364   155964.479   155621.636
634  FLU+R7        88027.800    477 177009.599   179160.599   179173.601
635  FLU+R8        87998.847    479 176955.694   179145.409   179128.770
647  FLU+F+R7      69948.502    496 140889.003   143443.532   143139.202
648  FLU+F+R8      69937.653    498 140871.306   143473.421   143130.579
660  rtREV+R7      77380.982    477 155715.963   157866.963   157879.965
661  rtREV+R8      77374.977    479 155707.954   157897.669   157881.030
673  rtREV+F+R7    61939.011    496 124870.022   127424.550   127120.221
674  rtREV+F+R8    61932.423    498 124860.846   127462.961   127120.118
686  cpREV+R7      79495.137    477 159944.274   162095.274   162108.276
687  cpREV+R8      79484.571    479 159927.143   162116.857   162100.218
699  cpREV+F+R7    63419.812    496 127831.624   130386.153   130081.823
700  cpREV+F+R8    63410.737    498 127817.474   130419.589   130076.746
Akaike Information Criterion:           Blosum62+F+R8
Corrected Akaike Information Criterion: Blosum62+F+R7
Bayesian Information Criterion:         Blosum62+F+R7
Best-fit model: Blosum62+F+R7 chosen according to BIC

All model information printed to results/tree/PGC_puhE/PGC_puhE.model.gz
CPU time for ModelFinder: 46761.568 seconds (12h:59m:21s)
Wall-clock time for ModelFinder: 46781.549 seconds (12h:59m:41s)
WARNING: States(s) N, D, Q, E, I, L, K, F, P, V rarely appear in alignment and may cause numerical problems

NOTE: 170 MB RAM (0 GB) is required!
Estimate model parameters (epsilon = 0.100)
1. Initial log-likelihood: -59728.615
2. Current log-likelihood: -59728.512
3. Current log-likelihood: -59728.391
4. Current log-likelihood: -59728.225
5. Current log-likelihood: -59728.008
6. Current log-likelihood: -59727.736
7. Current log-likelihood: -59727.442
8. Current log-likelihood: -59727.075
9. Current log-likelihood: -59726.868
10. Current log-likelihood: -59726.710
11. Current log-likelihood: -59726.596
Optimal log-likelihood: -59726.458
Site proportion and rates:  (0.158,0.041) (0.117,0.213) (0.134,0.452) (0.206,0.893) (0.212,1.423) (0.110,2.112) (0.063,3.010)
Parameters optimization took 11 rounds (174.612 sec)
Computing ML distances based on estimated model parameters...
Computing ML distances took 11.949663 sec (of wall-clock time) 11.949090 sec(of CPU time)
Computing RapidNJ tree took 0.012259 sec (of wall-clock time) 0.023888 sec (of CPU time)
Log-likelihood of RapidNJ tree: -60267.394
--------------------------------------------------------------------
|             INITIALIZING CANDIDATE TREE SET                      |
--------------------------------------------------------------------
Generating 98 parsimony trees... 18.388 second
Computing log-likelihood of 98 initial trees ... 111.236 seconds
Current best score: -59726.458

Do NNI search on 20 best initial trees
Estimate model parameters (epsilon = 0.100)
BETTER TREE FOUND at iteration 1: -59615.553
Estimate model parameters (epsilon = 0.100)
BETTER TREE FOUND at iteration 2: -59570.137
Estimate model parameters (epsilon = 0.100)
BETTER TREE FOUND at iteration 3: -59546.204
Estimate model parameters (epsilon = 0.100)
BETTER TREE FOUND at iteration 6: -59539.774
Estimate model parameters (epsilon = 0.100)
BETTER TREE FOUND at iteration 8: -59532.840
Iteration 10 / LogL: -59576.667 / Time: 0h:13m:31s
Iteration 20 / LogL: -59603.817 / Time: 0h:18m:9s
Finish initializing candidate tree set (20)
Current best tree score: -59532.840 / CPU time: 894.456
Number of iterations: 20
--------------------------------------------------------------------
|               OPTIMIZING CANDIDATE TREE SET                      |
--------------------------------------------------------------------
Estimate model parameters (epsilon = 0.100)
BETTER TREE FOUND at iteration 21: -59529.430
Estimate model parameters (epsilon = 0.100)
BETTER TREE FOUND at iteration 24: -59524.388
Estimate model parameters (epsilon = 0.100)
BETTER TREE FOUND at iteration 30: -59508.622
Iteration 30 / LogL: -59508.622 / Time: 0h:25m:10s (1h:26m:50s left)
Estimate model parameters (epsilon = 0.100)
BETTER TREE FOUND at iteration 38: -59499.428
Iteration 40 / LogL: -59540.470 / Time: 0h:30m:34s (1h:16m:49s left)
Iteration 50 / LogL: -59513.008 / Time: 0h:35m:48s (1h:4m:17s left)
Estimate model parameters (epsilon = 0.100)
BETTER TREE FOUND at iteration 51: -59498.764
Iteration 60 / LogL: -59521.966 / Time: 0h:41m:21s (1h:3m:47s left)
Estimate model parameters (epsilon = 0.100)
BETTER TREE FOUND at iteration 62: -59498.005
Iteration 70 / LogL: -59514.153 / Time: 0h:47m:11s (1h:2m:55s left)
Iteration 80 / LogL: -59535.375 / Time: 0h:52m:27s (0h:54m:26s left)
Iteration 90 / LogL: -59506.266 / Time: 0h:57m:55s (0h:46m:51s left)
Iteration 100 / LogL: -59521.575 / Time: 1h:3m:17s (0h:39m:37s left)
Estimate model parameters (epsilon = 0.100)
BETTER TREE FOUND at iteration 106: -59497.814
Iteration 110 / LogL: -59503.277 / Time: 1h:8m:36s (1h:0m:25s left)
Iteration 120 / LogL: -59517.812 / Time: 1h:13m:44s (0h:53m:17s left)
Iteration 130 / LogL: -59550.557 / Time: 1h:19m:15s (0h:46m:41s left)
Estimate model parameters (epsilon = 0.100)
BETTER TREE FOUND at iteration 140: -59495.611
Iteration 140 / LogL: -59495.611 / Time: 1h:24m:55s (1h:1m:6s left)
Iteration 150 / LogL: -59500.692 / Time: 1h:29m:55s (0h:54m:18s left)
Iteration 160 / LogL: -59509.345 / Time: 1h:34m:51s (0h:47m:43s left)
Estimate model parameters (epsilon = 0.100)
BETTER TREE FOUND at iteration 167: -59494.943
Iteration 170 / LogL: -59509.443 / Time: 1h:40m:47s (0h:57m:51s left)
Iteration 180 / LogL: -59507.319 / Time: 1h:46m:3s (0h:51m:33s left)
Iteration 190 / LogL: -59578.870 / Time: 1h:51m:9s (0h:45m:17s left)
Iteration 200 / LogL: -59506.225 / Time: 1h:56m:7s (0h:39m:5s left)
Iteration 210 / LogL: -59530.037 / Time: 2h:0m:58s (0h:32m:59s left)
Iteration 220 / LogL: -59508.015 / Time: 2h:5m:48s (0h:27m:0s left)
Iteration 230 / LogL: -59544.891 / Time: 2h:10m:56s (0h:21m:9s left)
Iteration 240 / LogL: -59497.332 / Time: 2h:16m:6s (0h:15m:22s left)
Estimate model parameters (epsilon = 0.100)
BETTER TREE FOUND at iteration 248: -59491.835
Iteration 250 / LogL: -59538.282 / Time: 2h:21m:22s (0h:55m:38s left)
Iteration 260 / LogL: -59512.020 / Time: 2h:26m:22s (0h:49m:44s left)
Iteration 270 / LogL: -60003.926 / Time: 2h:31m:25s (0h:43m:54s left)
Estimate model parameters (epsilon = 0.100)
BETTER TREE FOUND at iteration 274: -59488.510
Iteration 280 / LogL: -59520.362 / Time: 2h:36m:41s (0h:52m:47s left)
Iteration 290 / LogL: -59492.683 / Time: 2h:41m:57s (0h:47m:4s left)
Iteration 300 / LogL: -59500.093 / Time: 2h:46m:45s (0h:41m:16s left)
Estimate model parameters (epsilon = 0.100)
BETTER TREE FOUND at iteration 304: -59485.460
Iteration 310 / LogL: -59502.988 / Time: 2h:52m:2s (0h:52m:20s left)
Iteration 320 / LogL: -59587.224 / Time: 2h:57m:4s (0h:46m:37s left)
Iteration 330 / LogL: -59498.397 / Time: 3h:2m:15s (0h:40m:59s left)
Estimate model parameters (epsilon = 0.100)
BETTER TREE FOUND at iteration 331: -59485.406
Estimate model parameters (epsilon = 0.100)
BETTER TREE FOUND at iteration 333: -59483.777
Iteration 340 / LogL: -59707.922 / Time: 3h:7m:40s (0h:51m:29s left)
Iteration 350 / LogL: -59507.093 / Time: 3h:12m:32s (0h:45m:47s left)
Iteration 360 / LogL: -59506.164 / Time: 3h:17m:31s (0h:40m:9s left)
Iteration 370 / LogL: -59536.924 / Time: 3h:22m:32s (0h:34m:34s left)
Iteration 380 / LogL: -59489.849 / Time: 3h:27m:29s (0h:29m:0s left)
Iteration 390 / LogL: -59486.780 / Time: 3h:32m:32s (0h:23m:29s left)
Iteration 400 / LogL: -59489.894 / Time: 3h:37m:18s (0h:17m:58s left)
Iteration 410 / LogL: -59500.567 / Time: 3h:42m:9s (0h:12m:29s left)
Iteration 420 / LogL: -59518.485 / Time: 3h:47m:9s (0h:7m:2s left)
Estimate model parameters (epsilon = 0.100)
BETTER TREE FOUND at iteration 422: -59483.178
Estimate model parameters (epsilon = 0.100)
BETTER TREE FOUND at iteration 425: -59482.821
Iteration 430 / LogL: -59495.332 / Time: 3h:52m:31s (0h:51m:29s left)
Iteration 440 / LogL: -59491.472 / Time: 3h:57m:34s (0h:45m:59s left)
Iteration 450 / LogL: -59530.153 / Time: 4h:2m:18s (0h:40m:28s left)
Iteration 460 / LogL: -59501.402 / Time: 4h:7m:22s (0h:35m:1s left)
Iteration 470 / LogL: -59497.747 / Time: 4h:12m:31s (0h:29m:36s left)
Iteration 480 / LogL: -59507.228 / Time: 4h:17m:29s (0h:24m:11s left)
Iteration 490 / LogL: -59601.452 / Time: 4h:22m:20s (0h:18m:46s left)
Iteration 500 / LogL: -59487.727 / Time: 4h:27m:22s (0h:13m:23s left)
Iteration 510 / LogL: -59513.951 / Time: 4h:32m:24s (0h:8m:1s left)
Iteration 520 / LogL: -59529.374 / Time: 4h:37m:31s (0h:2m:40s left)
TREE SEARCH COMPLETED AFTER 526 ITERATIONS / Time: 4h:40m:40s

--------------------------------------------------------------------
|                    FINALIZING TREE SEARCH                        |
--------------------------------------------------------------------
Performs final model parameters optimization
Estimate model parameters (epsilon = 0.010)
1. Initial log-likelihood: -59482.821
2. Current log-likelihood: -59482.798
3. Current log-likelihood: -59482.765
4. Current log-likelihood: -59482.731
5. Current log-likelihood: -59482.698
6. Current log-likelihood: -59482.668
7. Current log-likelihood: -59482.652
8. Current log-likelihood: -59482.633
9. Current log-likelihood: -59482.618
10. Current log-likelihood: -59482.599
11. Current log-likelihood: -59482.584
12. Current log-likelihood: -59482.570
13. Current log-likelihood: -59482.552
14. Current log-likelihood: -59482.538
15. Current log-likelihood: -59482.524
16. Current log-likelihood: -59482.507
17. Current log-likelihood: -59482.493
18. Current log-likelihood: -59482.480
19. Current log-likelihood: -59482.464
20. Current log-likelihood: -59482.451
21. Current log-likelihood: -59482.435
22. Current log-likelihood: -59482.422
23. Current log-likelihood: -59482.409
24. Current log-likelihood: -59482.397
25. Current log-likelihood: -59482.382
26. Current log-likelihood: -59482.369
27. Current log-likelihood: -59482.355
28. Current log-likelihood: -59482.343
29. Current log-likelihood: -59482.331
30. Current log-likelihood: -59482.319
31. Current log-likelihood: -59482.305
32. Current log-likelihood: -59482.293
33. Current log-likelihood: -59482.282
34. Current log-likelihood: -59482.270
35. Current log-likelihood: -59482.259
36. Current log-likelihood: -59482.248
37. Current log-likelihood: -59482.238
38. Current log-likelihood: -59482.224
Optimal log-likelihood: -59482.209
Site proportion and rates:  (0.151,0.034) (0.109,0.193) (0.160,0.444) (0.194,0.908) (0.181,1.373) (0.129,1.964) (0.075,2.983)
Parameters optimization took 38 rounds (380.034 sec)
BEST SCORE FOUND : -59482.209
Total tree length: 29.598

Total number of iterations: 526
CPU time used for tree search: 16631.300 sec (4h:37m:11s)
Wall-clock time used for tree search: 16645.223 sec (4h:37m:25s)
Total CPU time used: 17206.316 sec (4h:46m:46s)
Total wall-clock time used: 17220.388 sec (4h:47m:0s)

Analysis results written to: 
  IQ-TREE report:                results/tree/PGC_puhE/PGC_puhE.iqtree
  Maximum-likelihood tree:       results/tree/PGC_puhE/PGC_puhE.treefile
  Likelihood distances:          results/tree/PGC_puhE/PGC_puhE.mldist
  Screen log file:               results/tree/PGC_puhE/PGC_puhE.log

Date and Time: Fri Jun 21 03:40:11 2024
