IQ-TREE multicore version 2.1.4-beta COVID-edition for Linux 64-bit built Jun 24 2021
Developed by Bui Quang Minh, James Barbetti, Nguyen Lam Tung,
Olga Chernomor, Heiko Schmidt, Dominik Schrempf, Michael Woodhams.

Host:    morrowind (AVX2, FMA3, 503 GB RAM)
Command: iqtree2 -s results/fasta_PGC/gene_trimmed/PGC_bchD_trim.phy -pre results/tree/PGC_bchD/PGC_bchD
Seed:    575475 (Using SPRNG - Scalable Parallel Random Number Generator)
Time:    Thu Jun 20 09:53:29 2024
Kernel:  AVX+FMA - 1 threads (128 CPU cores detected)

HINT: Use -nt option to specify number of threads because your CPU has 128 cores!
HINT: -nt AUTO will automatically determine the best number of threads to use.

Reading alignment file results/fasta_PGC/gene_trimmed/PGC_bchD_trim.phy ... Phylip format detected
Alignment most likely contains protein sequences
WARNING: 50 sites contain only gaps or ambiguous characters.
Alignment has 245 sequences with 1515 columns, 1410 distinct patterns
1228 parsimony-informative, 99 singleton sites, 188 constant sites
                                              Gap/Ambiguity  Composition  p-value
   1  GCA_011765465.1_ASM1176546v1                   25.61%    passed     95.20%
   2  GCA_015693905.1_ASM1569390v1                   25.68%    passed     13.25%
   3  GCA_016745215.1_scaff03                        24.88%    passed    100.00%
   4  GCA_019285715.1_ASM1928571v1                   27.92%    failed      2.01%
   5  GCA_019739335.1_ASM1973933v1                   27.52%    passed     99.96%
   6  GCA_000013085.1_ASM1308v1                      25.61%    passed     92.55%
   7  GCA_000013365.1_ASM1336v1                      23.89%    passed     99.96%
   8  GCA_000013565.1_ASM1356v1                      27.72%    passed    100.00%
   9  GCA_000014045.1_ASM1404v1                      27.52%    passed     67.53%
  10  GCA_000015165.1_ASM1516v1                      24.75%    passed     99.78%
  11  GCA_000015585.1_ASM1558v1                      24.69%    passed     97.63%
  12  GCA_000016185.1_ASM1618v1                      25.08%    passed     97.87%
  13  GCA_000018145.1_ASM1814v1                      27.92%    passed     99.91%
  14  GCA_000018845.1_ASM1884v1                      28.25%    passed     44.10%
  15  GCA_000019365.1_ASM1936v1                      27.99%    failed      0.00%
  16  GCA_000019725.1_ASM1972v1                      30.03%    passed     14.54%
  17  GCA_000019945.1_ASM1994v1                      27.19%    passed     63.70%
  18  GCA_000020445.1_ASM2044v1                      23.43%    passed     92.22%
  19  GCA_000021005.1_ASM2100v1                      28.45%    passed    100.00%
  20  GCA_000021745.1_ASM2174v1                      25.48%    passed     99.96%
  21  GCA_000021865.1_ASM2186v1                      26.34%    passed     69.02%
  22  GCA_000022685.1_ASM2268v1                      28.05%    passed     45.92%
  23  GCA_000025485.1_ASM2548v1                      23.89%    passed     99.78%
  24  GCA_000026145.1_ASM2614v1                      24.88%    passed     99.69%
  25  GCA_000083545.1_ASM8354v1                      27.92%    passed     47.22%
  26  GCA_000144605.1_ASM14460v1                     25.08%    passed     93.47%
  27  GCA_000154785.2_ASM15478v2                     27.46%    passed     28.78%
  28  GCA_000166055.1_ASM16605v1                     23.30%    passed     74.75%
  29  GCA_000195775.2_ASM19577v2                     23.37%    passed     91.35%
  30  GCA_000202835.1_ASM20283v1                     28.58%    failed      3.13%
  31  GCA_000224005.2_ASM22400v3                     24.03%    passed    100.00%
  32  GCA_000225955.1_ASM22595v1                     25.61%    passed     92.55%
  33  GCA_000227745.2_ASM22774v3                     24.36%    passed     99.96%
  34  GCA_000284255.1_ASM28425v1                     24.55%    passed     99.63%
  35  GCA_000284275.1_ASM28427v1                     24.82%    passed     99.99%
  36  GCA_000327045.1_ASM32704v1                     26.01%    passed     99.24%
  37  GCA_000344805.1_ASM34480v1                     24.95%    passed     99.99%
  38  GCA_000364445.2_ASM36444v2                     29.31%    passed     26.66%
  39  GCA_000512205.2_ASM51220v2                     26.40%    passed     26.73%
  40  GCA_000590925.1_ASM59092v1                     27.66%    passed     99.72%
  41  GCA_000738435.1_ASM73843v1                     26.27%    passed      9.22%
  42  GCA_000757795.1_ASM75779v1                     29.57%    passed     40.35%
  43  GCA_000935025.1_ASM93502v1                     25.87%    passed     67.98%
  44  GCA_000973625.1_ASM97362v1                     22.18%    failed      0.00%
  45  GCA_001304795.1_ASM130479v1                    29.17%    passed    100.00%
  46  GCA_001402875.1_ASM140287v1                    24.36%    passed     99.92%
  47  GCA_001412535.1_ASM141253v1                    24.09%    passed     15.22%
  48  GCA_001412575.1_ASM141257v1                    22.05%    failed      0.00%
  49  GCA_001459775.1_Blastochloris_viridis_genome   24.36%    passed     99.92%
  50  GCA_001483865.1_ASM148386v1                    26.07%    passed     64.22%
  51  GCA_001542815.1_ASM154281v1                    28.32%    passed     17.53%
  52  GCA_001548015.1_ASM154801v1                    27.72%    failed      0.01%
  53  GCA_001548075.1_ASM154807v1                    26.73%    passed     53.94%
  54  GCA_001576595.1_ASM157659v1                    28.51%    passed    100.00%
  55  GCA_001632845.1_ASM163284v1                    24.09%    passed    100.00%
  56  GCA_001633145.1_ASM163314v1                    26.73%    passed     58.25%
  57  GCA_001633165.1_ASM163316v1                    26.73%    passed     58.25%
  58  GCA_001663155.1_ASM166315v1                    27.13%    passed     95.22%
  59  GCA_001663175.1_ASM166317v1                    28.25%    passed     99.94%
  60  GCA_001685625.1_ASM168562v1                    28.51%    passed    100.00%
  61  GCA_001713355.1_ASM171335v1                    25.94%    passed     79.73%
  62  GCA_001713375.1_ASM171337v1                    25.35%    passed     86.43%
  63  GCA_001713435.1_ASM171343v1                    26.40%    passed     89.57%
  64  GCA_001713455.1_ASM171345v1                    25.81%    passed     98.87%
  65  GCA_001713475.1_ASM171347v1                    26.73%    passed     11.86%
  66  GCA_001719165.1_ASM171916v1                    26.01%    passed     95.11%
  67  GCA_001720465.1_ASM172046v1                    28.25%    passed     95.16%
  68  GCA_001854385.1_ASM185438v1                    30.03%    passed     15.40%
  69  GCA_001870665.2_ASM187066v2                    27.13%    passed     93.50%
  70  GCA_001886735.1_ASM188673v1                    28.78%    passed     99.96%
  71  GCA_001936175.1_ASM193617v1                    29.57%    passed     39.55%
  72  GCA_001955735.1_ASM195573v1                    23.23%    passed      5.54%
  73  GCA_001969365.1_ASM196936v1                    26.53%    failed      0.16%
  74  GCA_001971665.1_ASM197166v1                    28.12%    passed     29.38%
  75  GCA_002002865.1_ASM200286v1                    25.08%    passed     98.91%
  76  GCA_002073975.1_ASM207397v1                    26.86%    passed     77.91%
  77  GCA_002080415.1_ASM208041v1                    27.59%    passed     87.31%
  78  GCA_002117815.2_ASM211781v2                    27.85%    passed     23.36%
  79  GCA_002158905.1_ASM215890v1                    27.52%    passed     88.58%
  80  GCA_002266435.2_ASM226643v2                    25.48%    passed     99.79%
  81  GCA_002355515.1_ASM235551v1                    27.99%    passed     57.33%
  82  GCA_002407205.1_ASM240720v1                    29.31%    passed    100.00%
  83  GCA_002706325.1_ASM270632v1                    28.51%    passed    100.00%
  84  GCA_002813775.1_ASM281377v1                    23.83%    passed     94.68%
  85  GCA_002868735.1_ASM286873v1                    23.96%    passed     80.12%
  86  GCA_002952215.1_ASM295221v1                    27.52%    passed     99.53%
  87  GCA_002983865.1_ASM298386v1                    27.52%    passed     67.53%
  88  GCA_003031245.1_ASM303124v1                    23.63%    passed     95.43%
  89  GCA_003031265.1_ASM303126v1                    23.63%    passed     93.28%
  90  GCA_003065365.1_ASM306536v1                    20.66%    failed      0.00%
  91  GCA_003071405.1_ASM307140v1                    30.63%    passed     95.13%
  92  GCA_003173735.1_ASM317373v1                    28.71%    failed      0.00%
  93  GCA_003173755.1_ASM317375v1                    27.46%    failed      1.63%
  94  GCA_003173775.1_ASM317377v1                    27.66%    failed      2.02%
  95  GCA_003254375.1_ASM325437v1                    29.57%    passed     47.77%
  96  GCA_003264115.1_ASM326411v1                    27.33%    passed     90.94%
  97  GCA_003288315.1_ASM328831v1                    27.39%    passed     83.39%
  98  GCA_003324715.1_ASM332471v1                    28.51%    passed    100.00%
  99  GCA_003352165.1_ASM335216v1                    26.07%    passed     94.69%
 100  GCA_003431825.1_ASM343182v1                    26.47%    passed     96.78%
 101  GCA_003855495.1_ASM385549v1                    25.87%    passed     91.75%
 102  GCA_003940805.1_ASM394080v1                    29.24%    passed     92.65%
 103  GCA_003952725.1_ASM395272v1                    27.19%    passed     82.84%
 104  GCA_003966715.1_ASM396671v1                    24.36%    passed     99.97%
 105  GCA_004114955.1_ASM411495v1                    24.09%    passed     98.96%
 106  GCA_004136295.1_ASM413629v1                    26.47%    passed     40.41%
 107  GCA_004216475.1_ASM421647v1                    28.98%    passed     68.81%
 108  GCA_004331955.1_ASM433195v1                    26.80%    passed     98.51%
 109  GCA_004354345.1_ASM435434v1                    27.19%    passed     10.33%
 110  GCA_005311585.1_ASM531158v1                    28.58%    passed    100.00%
 111  GCA_005860795.2_ASM586079v2                    24.75%    passed     43.54%
 112  GCA_006542605.1_ASM654260v1                    27.92%    passed     95.02%
 113  GCA_006740745.1_ASM674074v1                    27.19%    passed     76.96%
 114  GCA_007005445.1_ASM700544v1                    23.70%    passed     99.66%
 115  GCA_007290395.1_ASM729039v1                    24.82%    passed     96.18%
 116  GCA_007954425.1_ASM795442v1                    28.51%    passed     97.62%
 117  GCA_008000895.1_ASM800089v1                    49.11%    failed      0.10%
 118  GCA_008000915.1_ASM800091v1                    26.01%    passed     52.25%
 119  GCA_008728195.1_ASM872819v1                    27.66%    passed     98.30%
 120  GCA_008843145.1_ASM884314v1                    25.87%    passed     93.98%
 121  GCA_008932115.1_ASM893211v1                    24.62%    passed     99.96%
 122  GCA_009363255.1_ASM936325v1                    26.67%    passed     99.65%
 123  GCA_009363495.1_ASM936349v1                    26.67%    passed     99.65%
 124  GCA_009363575.1_ASM936357v1                    27.13%    passed     50.30%
 125  GCA_009363615.1_ASM936361v1                    26.73%    passed     72.84%
 126  GCA_009363635.1_ASM936363v1                    27.46%    passed     99.97%
 127  GCA_009363655.1_ASM936365v1                    28.05%    passed     66.73%
 128  GCA_009363715.1_ASM936371v1                    27.72%    passed     80.41%
 129  GCA_009363735.1_ASM936373v1                    28.05%    passed     76.78%
 130  GCA_009363795.1_ASM936379v1                    30.63%    passed     91.71%
 131  GCA_009650195.1_ASM965019v1                    26.80%    passed      9.61%
 132  GCA_009664085.1_ASM966408v1                    24.29%    passed     99.70%
 133  GCA_009685175.1_ASM968517v1                    25.68%    passed     96.73%
 134  GCA_009707465.1_ASM970746v1                    28.78%    passed     95.27%
 135  GCA_009762325.1_ASM976232v1                    27.79%    passed     99.97%
 136  GCA_009797665.1_ASM979766v1                    28.51%    passed    100.00%
 137  GCA_009859815.1_ASM985981v1                    25.61%    passed     94.79%
 138  GCA_009913435.1_ASM991343v1                    55.18%    failed      1.95%
 139  GCA_010104355.1_ASM1010435v1                   25.61%    passed     94.79%
 140  GCA_011040475.1_ASM1104047v1                   28.51%    passed     83.83%
 141  GCA_011044255.1_ASM1104425v1                   28.32%    passed     87.77%
 142  GCA_011047315.1_ASM1104731v1                   27.13%    passed    100.00%
 143  GCA_011290485.1_ASM1129048v1                   23.89%    passed     99.96%
 144  GCA_011388215.1_ASM1138821v1                   26.60%    failed      3.15%
 145  GCA_012647365.1_ASM1264736v1                   28.51%    passed    100.00%
 146  GCA_012932215.1_ASM1293221v1                   28.98%    passed     99.95%
 147  GCA_013170845.1_ASM1317084v1                   23.83%    passed     97.03%
 148  GCA_013307245.1_ASM1330724v1                   20.86%    failed      0.00%
 149  GCA_013374095.1_ASM1337409v1                   27.00%    passed     98.48%
 150  GCA_013378075.1_ASM1337807v1                   25.21%    passed     99.26%
 151  GCA_013415845.1_ASM1341584v1                   23.43%    passed     92.22%
 152  GCA_014117445.1_ASM1411744v1                   31.09%    failed      0.14%
 153  GCA_014495845.1_ASM1449584v1                   27.13%    passed     24.45%
 154  GCA_014622665.1_ASM1462266v1                   26.34%    passed     80.33%
 155  GCA_014681765.1_ASM1468176v1                   28.38%    passed     84.70%
 156  GCA_015679265.1_ASM1567926v1                   30.03%    passed     95.50%
 157  GCA_016584445.1_ASM1658444v1                   23.37%    passed     91.35%
 158  GCA_016653635.2_ASM1665363v2                   26.60%    passed     18.18%
 159  GCA_016765655.2_ASM1676565v2                   26.07%    passed     39.29%
 160  GCA_016806065.1_ASM1680606v1                   26.40%    passed     36.02%
 161  GCA_016806835.2_ASM1680683v2                   26.40%    passed     43.09%
 162  GCA_016839165.1_ASM1683916v1                   24.88%    passed     97.80%
 163  GCA_017347565.1_ASM1734756v1                   27.59%    failed      0.02%
 164  GCA_017498565.1_ASM1749856v1                   25.48%    failed      0.00%
 165  GCA_017795885.1_ASM1779588v1                   25.28%    passed     97.71%
 166  GCA_018200035.1_ASM1820003v1                   29.24%    passed     76.30%
 167  GCA_018205975.1_ASM1820597v1                   28.32%    passed    100.00%
 168  GCA_018399035.1_ASM1839903v1                   24.62%    passed    100.00%
 169  GCA_018409545.1_ASM1840954v1                   23.83%    passed     99.84%
 170  GCA_018687415.1_ASM1868741v1                   20.99%    failed      0.00%
 171  GCA_018687475.1_ASM1868747v1                   21.06%    failed      0.00%
 172  GCA_018687675.1_ASM1868767v1                   22.31%    failed      0.00%
 173  GCA_018688155.1_ASM1868815v1                   21.12%    failed      0.00%
 174  GCA_018688255.1_ASM1868825v1                   22.38%    failed      0.00%
 175  GCA_018982885.2_ASM1898288v2                   26.67%    passed     69.40%
 176  GCA_019134555.1_ASM1913455v1                   25.61%    passed     92.55%
 177  GCA_019203965.1_ASM1920396v1                   27.13%    passed     26.17%
 178  GCA_019431245.1_ASM1943124v1                   26.27%    passed     75.90%
 179  GCA_019443285.1_ASM1944328v1                   24.09%    passed     98.97%
 180  GCA_019623905.1_ASM1962390v1                   28.58%    passed     87.27%
 181  GCA_019904235.1_ASM1990423v1                   27.46%    passed     94.58%
 182  GCA_019973775.1_ASM1997377v1                   25.35%    passed     99.40%
 183  GCA_020866845.1_ASM2086684v1                   26.86%    passed     99.73%
 184  GCA_021088345.1_ASM2108834v1                   24.55%    passed     99.51%
 185  GCA_021117295.1_ASM2111729v1                   26.60%    passed     47.74%
 186  GCA_021228015.1_ASM2122801v1                   27.46%    passed     16.75%
 187  GCA_021228795.1_ASM2122879v1                   24.49%    passed    100.00%
 188  GCA_021391315.1_ASM2139131v1                   29.24%    passed    100.00%
 189  GCA_021391535.1_ASM2139153v1                   26.73%    passed     33.45%
 190  GCA_021398735.1_ASM2139873v1                   30.17%    passed      5.78%
 191  GCA_021431965.1_ASM2143196v1                   27.85%    passed    100.00%
 192  GCA_021484845.1_ASM2148484v1                   29.97%    passed     25.12%
 193  GCA_022227035.1_ASM2222703v1                   28.18%    passed    100.00%
 194  GCA_022370455.1_ASM2237045v1                   25.74%    passed     96.04%
 195  GCA_022533465.1_ASM2253346v1                   27.79%    passed     72.76%
 196  GCA_022558965.1_ASM2255896v1                   28.58%    failed      4.21%
 197  GCA_022846615.1_ASM2284661v1                   26.27%    failed      4.59%
 198  GCA_023243115.1_ASM2324311v1                   27.79%    passed     99.63%
 199  GCA_023380025.1_ASM2338002v1                   30.69%    passed     99.91%
 200  GCA_023546765.1_ASM2354676v1                   29.57%    passed     55.19%
 201  GCA_023558335.1_ASM2355833v1                   27.92%    passed     99.91%
 202  GCA_023558355.1_ASM2355835v1                   27.92%    passed     99.91%
 203  GCA_023573145.1_ASM2357314v1                   27.99%    passed      9.45%
 204  GCA_023823125.1_ASM2382312v1                   27.26%    passed     86.54%
 205  GCA_024496245.1_ASM2449624v1                   27.00%    passed     65.23%
 206  GCA_024758705.1_ASM2475870v1                   27.72%    passed     52.11%
 207  GCA_024758725.1_ASM2475872v1                   27.85%    passed     96.85%
 208  GCA_025141175.1_ASM2514117v1                   30.30%    passed     95.17%
 209  GCA_025141935.1_ASM2514193v1                   27.19%    passed     49.82%
 210  GCA_025398155.2_ASM2539815v2                   28.71%    passed     28.47%
 211  GCA_025811215.1_ASM2581121v1                   23.63%    passed     95.43%
 212  GCA_025811355.1_ASM2581135v1                   23.63%    passed     95.43%
 213  GCA_025811435.1_ASM2581143v1                   23.63%    passed     94.12%
 214  GCA_025813715.1_ASM2581371v1                   27.19%    passed     68.43%
 215  GCA_025917005.1_ASM2591700v1                   28.18%    passed     99.99%
 216  GCA_026122595.1_ASM2612259v1                   28.05%    passed     47.47%
 217  GCA_026122615.1_ASM2612261v1                   28.12%    passed     47.08%
 218  GCA_026167525.1_ASM2616752v1                   25.87%    passed     58.03%
 219  GCA_026167545.1_ASM2616754v1                   27.19%    passed     56.89%
 220  GCA_026625025.1_ASM2662502v1                   23.37%    passed     91.35%
 221  GCA_027271155.1_ASM2727115v1                   25.41%    passed     98.82%
 222  GCA_027886585.1_ASM2788658v1                   24.36%    passed     23.00%
 223  GCA_027912195.1_ASM2791219v1                   23.43%    passed     92.22%
 224  GCA_027943985.1_ASM2794398v1                   21.72%    failed      0.00%
 225  GCA_027944005.1_ASM2794400v1                   21.72%    failed      0.00%
 226  GCA_028621955.1_ASM2862195v1                   28.25%    passed     99.50%
 227  GCA_028885395.1_ASM2888539v1                   27.52%    passed     96.73%
 228  GCA_029277405.1_ASM2927740v1                   26.40%    passed     83.16%
 229  GCA_029581395.1_ASM2958139v1                   28.12%    passed     99.43%
 230  GCA_029691625.1_ASM2969162v1                   29.57%    passed     26.55%
 231  GCA_029714205.1_ASM2971420v1                   27.99%    failed      0.00%
 232  GCA_029761955.1_ASM2976195v1                   27.59%    failed      0.02%
 233  GCA_030062705.1_ASM3006270v1                   27.99%    passed     60.55%
 234  GCA_030252425.1_ASM3025242v1                   26.34%    passed     61.68%
 235  GCA_030255395.1_ASM3025539v1                   28.25%    passed     44.10%
 236  GCA_030297555.1_ASM3029755v1                   21.32%    failed      0.00%
 237  GCA_030297575.1_ASM3029757v1                   21.32%    failed      0.00%
 238  GCA_030297595.1_ASM3029759v1                   21.19%    failed      0.00%
 239  GCA_030297615.1_ASM3029761v1                   21.19%    failed      0.00%
 240  GCA_030297635.1_ASM3029763v1                   21.39%    failed      0.00%
 241  GCA_030297655.1_ASM3029765v1                   21.39%    failed      0.00%
 242  GCA_030297675.1_ASM3029767v1                   21.39%    failed      0.00%
 243  GCA_900176205.1_BRAD285_PRJEB202261_v1         25.21%    passed    100.00%
 244  GCA_900234795.1_TK0001_PRJEB23178_v1           27.85%    passed     23.36%
 245  GCA_937425535.1_Rhodovastum_atsumiense_G2-11   25.21%    passed    100.00%
WARNING: 1 sequences contain more than 50% gaps/ambiguity
****  TOTAL                                          26.59%  36 sequences failed composition chi2 test (p-value<5%; df=19)
NOTE: GCA_000225955.1_ASM22595v1 is identical to GCA_000013085.1_ASM1308v1 but kept for subsequent analysis
NOTE: GCA_002983865.1_ASM298386v1 is identical to GCA_000014045.1_ASM1404v1 but kept for subsequent analysis
NOTE: GCA_023558335.1_ASM2355833v1 is identical to GCA_000018145.1_ASM1814v1 but kept for subsequent analysis
NOTE: GCA_030255395.1_ASM3025539v1 is identical to GCA_000018845.1_ASM1884v1 but kept for subsequent analysis
NOTE: GCA_029714205.1_ASM2971420v1 is identical to GCA_000019365.1_ASM1936v1 but kept for subsequent analysis
NOTE: GCA_013415845.1_ASM1341584v1 is identical to GCA_000020445.1_ASM2044v1 but kept for subsequent analysis
NOTE: GCA_016584445.1_ASM1658444v1 is identical to GCA_000195775.2_ASM19577v2 but kept for subsequent analysis
NOTE: GCA_001459775.1_Blastochloris_viridis_genome is identical to GCA_001402875.1_ASM140287v1 but kept for subsequent analysis
NOTE: GCA_001685625.1_ASM168562v1 is identical to GCA_001576595.1_ASM157659v1 but kept for subsequent analysis
NOTE: GCA_001633165.1_ASM163316v1 is identical to GCA_001633145.1_ASM163314v1 but kept for subsequent analysis
NOTE: GCA_900234795.1_TK0001_PRJEB23178_v1 is identical to GCA_002117815.2_ASM211781v2 but kept for subsequent analysis
NOTE: GCA_025811215.1_ASM2581121v1 is identical to GCA_003031245.1_ASM303124v1 but kept for subsequent analysis
NOTE: GCA_009363495.1_ASM936349v1 is identical to GCA_009363255.1_ASM936325v1 but kept for subsequent analysis
NOTE: GCA_010104355.1_ASM1010435v1 is identical to GCA_009859815.1_ASM985981v1 but kept for subsequent analysis
NOTE: GCA_027944005.1_ASM2794400v1 is identical to GCA_027943985.1_ASM2794398v1 but kept for subsequent analysis
NOTE: GCA_030297655.1_ASM3029765v1 is identical to GCA_030297635.1_ASM3029763v1 but kept for subsequent analysis
NOTE: 10 identical sequences (see below) will be ignored for subsequent analysis
NOTE: GCA_019134555.1_ASM1913455v1 (identical to GCA_000013085.1_ASM1308v1) is ignored but added at the end
NOTE: GCA_023558355.1_ASM2355835v1 (identical to GCA_000018145.1_ASM1814v1) is ignored but added at the end
NOTE: GCA_027912195.1_ASM2791219v1 (identical to GCA_000020445.1_ASM2044v1) is ignored but added at the end
NOTE: GCA_026625025.1_ASM2662502v1 (identical to GCA_000195775.2_ASM19577v2) is ignored but added at the end
NOTE: GCA_002706325.1_ASM270632v1 (identical to GCA_001576595.1_ASM157659v1) is ignored but added at the end
NOTE: GCA_003324715.1_ASM332471v1 (identical to GCA_001576595.1_ASM157659v1) is ignored but added at the end
NOTE: GCA_009797665.1_ASM979766v1 (identical to GCA_001576595.1_ASM157659v1) is ignored but added at the end
NOTE: GCA_012647365.1_ASM1264736v1 (identical to GCA_001576595.1_ASM157659v1) is ignored but added at the end
NOTE: GCA_025811355.1_ASM2581135v1 (identical to GCA_003031245.1_ASM303124v1) is ignored but added at the end
NOTE: GCA_030297675.1_ASM3029767v1 (identical to GCA_030297635.1_ASM3029763v1) is ignored but added at the end
Alignment was printed to results/tree/PGC_bchD/PGC_bchD.uniqueseq.phy

For your convenience alignment with unique sequences printed to results/tree/PGC_bchD/PGC_bchD.uniqueseq.phy


Create initial parsimony tree by phylogenetic likelihood library (PLL)... 0.413 seconds
Perform fast likelihood tree search using LG+I+G model...
Estimate model parameters (epsilon = 5.000)
Perform nearest neighbor interchange...
Estimate model parameters (epsilon = 1.000)
1. Initial log-likelihood: -171763.540
Optimal log-likelihood: -171763.069
Proportion of invariable sites: 0.057
Gamma shape alpha: 1.069
Parameters optimization took 1 rounds (5.821 sec)
Time for fast ML tree search: 67.336 seconds

NOTE: ModelFinder requires 519 MB RAM!
ModelFinder will test up to 702 protein models (sample size: 1515) ...
 No. Model         -LnL         df  AIC          AICc         BIC
  1  LG            182257.614   467 365449.228   365866.718   367935.148
  2  LG+I          180121.320   468 361178.640   361598.319   363669.884
  3  LG+G4         171898.668   468 344733.336   345153.015   347224.580
  4  LG+I+G4       171763.070   469 344464.139   344886.015   346960.706
  5  LG+R2         173745.646   469 348429.293   348851.168   350925.860
  6  LG+R3         172114.179   471 345170.358   345596.652   347677.572
  7  LG+R4         171728.267   473 344402.534   344833.278   346920.394
  8  LG+R5         171523.883   475 343997.766   344432.992   346526.272
  9  LG+R6         171479.913   477 343913.826   344353.568   346452.978
 10  LG+R7         171460.849   479 343879.698   344323.988   346429.497
 11  LG+R8         171449.892   481 343861.784   344310.656   346422.229
 12  LG+R9         171447.847   483 343861.694   344315.180   346432.786
 23  LG+F+R7       136075.724   498 273147.447   273636.624   275798.386
 24  LG+F+R8       136071.535   500 273143.070   273637.153   275804.655
 36  WAG+R7        170235.643   479 341429.287   341873.577   343979.086
 37  WAG+R8        170233.246   481 341428.491   341877.363   343988.937
 49  WAG+F+R7      135923.468   498 272842.937   273332.114   275493.876
 50  WAG+F+R8      135917.579   500 272835.159   273329.242   275496.744
 62  JTT+R7        173587.512   479 348133.024   348577.314   350682.823
 63  JTT+R8        173583.795   481 348129.590   348578.461   350690.035
 75  JTT+F+R7      141667.557   498 284331.115   284820.292   286982.054
 76  JTT+F+R8      141656.589   500 284313.178   284807.261   286974.764
 88  Q.pfam+R7     171195.407   479 343348.813   343793.103   345898.612
 89  Q.pfam+R8     171190.175   481 343342.351   343791.222   345902.796
101  Q.pfam+F+R7   136864.203   498 274724.407   275213.584   277375.346
102  Q.pfam+F+R8   136856.420   500 274712.840   275206.923   277374.425
114  Q.bird+R7     182555.280   479 366068.560   366512.850   368618.359
115  Q.bird+R8     182539.789   481 366041.579   366490.450   368602.024
127  Q.bird+F+R7   151800.008   498 304596.016   305085.193   307246.955
128  Q.bird+F+R8   151784.672   500 304569.344   305063.427   307230.930
140  Q.mammal+R7   179506.673   479 359971.345   360415.635   362521.144
141  Q.mammal+R8   179498.356   481 359958.711   360407.582   362519.156
153  Q.mammal+F+R7 147949.841   498 296895.683   297384.860   299546.622
154  Q.mammal+F+R8 147933.613   500 296867.226   297361.309   299528.812
166  Q.insect+R7   174934.788   479 350827.575   351271.865   353377.374
167  Q.insect+R8   174931.243   481 350824.487   351273.358   353384.932
179  Q.insect+F+R7 137616.572   498 276229.143   276718.321   278880.082
180  Q.insect+F+R8 137612.460   500 276224.921   276719.004   278886.506
192  Q.plant+R7    182187.119   479 365332.238   365776.528   367882.037
193  Q.plant+R8    182179.221   481 365320.443   365769.314   367880.888
205  Q.plant+F+R7  146023.457   498 293042.915   293532.092   295693.854
206  Q.plant+F+R8  146009.738   500 293019.477   293513.560   295681.062
218  Q.yeast+R7    177661.769   479 356281.538   356725.828   358831.336
219  Q.yeast+R8    177660.964   481 356283.928   356732.799   358844.373
231  Q.yeast+F+R7  137687.326   498 276370.652   276859.829   279021.591
232  Q.yeast+F+R8  137678.188   500 276356.376   276850.459   279017.961
244  JTTDCMut+R7   173172.126   479 347302.253   347746.543   349852.052
245  JTTDCMut+R8   173168.053   481 347298.106   347746.978   349858.551
257  JTTDCMut+F+R7 141366.329   498 283728.658   284217.835   286379.597
258  JTTDCMut+F+R8 141355.747   500 283711.495   284205.578   286373.080
270  DCMut+R7      184006.892   479 368971.785   369416.074   371521.583
271  DCMut+R8      183996.103   481 368954.207   369403.078   371514.652
283  DCMut+F+R7    149167.762   498 299331.524   299820.701   301982.463
284  DCMut+F+R8    149136.482   500 299272.963   299767.046   301934.548
296  VT+R7         170744.778   479 342447.555   342891.845   344997.354
297  VT+R8         170743.871   481 342449.743   342898.614   345010.188
309  VT+F+R7       135270.543   498 271537.085   272026.263   274188.024
310  VT+F+R8       135268.606   500 271537.212   272031.295   274198.797
322  PMB+R7        167085.988   479 335129.976   335574.266   337679.775
323  PMB+R8        167085.563   481 335133.126   335581.997   337693.571
335  PMB+F+R7      134370.200   498 269736.400   270225.577   272387.339
336  PMB+F+R8      134368.791   500 269737.582   270231.665   272399.168
348  Blosum62+R7   167180.162   479 335318.323   335762.613   337868.122
349  Blosum62+R8   167179.199   481 335320.397   335769.269   337880.843
361  Blosum62+F+R7 133312.441   498 267620.883   268110.060   270271.822
362  Blosum62+F+R8 133311.429   500 267622.859   268116.942   270284.444
374  Dayhoff+R7    183998.684   479 368955.367   369399.657   371505.166
375  Dayhoff+R8    183986.881   481 368935.761   369384.633   371496.206
387  Dayhoff+F+R7  149179.266   498 299354.532   299843.709   302005.471
388  Dayhoff+F+R8  149148.419   500 299296.837   299790.920   301958.422
400  mtREV+R7      181599.588   479 364157.176   364601.466   366706.975
401  mtREV+R8      181591.025   481 364144.050   364592.921   366704.495
413  mtREV+F+R7    144793.066   498 290582.131   291071.309   293233.070
414  mtREV+F+R8    144777.637   500 290555.274   291049.357   293216.859
426  mtART+R7      180045.730   479 361049.460   361493.750   363599.259
427  mtART+R8      179991.316   481 360944.632   361393.503   363505.077
439  mtART+F+R7    140149.209   498 281294.419   281783.596   283945.358
440  mtART+F+R8    140108.202   500 281216.403   281710.486   283877.989
452  mtZOA+R7      171482.190   479 343922.380   344366.670   346472.179
453  mtZOA+R8      171442.883   481 343847.766   344296.637   346408.211
465  mtZOA+F+R7    137896.520   498 276789.040   277278.217   279439.979
466  mtZOA+F+R8    137878.419   500 276756.837   277250.920   279418.423
478  mtMet+R7      178701.345   479 358360.690   358804.980   360910.489
479  mtMet+R8      178690.140   481 358342.281   358791.152   360902.726
491  mtMet+F+R7    142615.716   498 286227.432   286716.610   288878.372
492  mtMet+F+R8    142603.768   500 286207.536   286701.618   288869.121
504  mtVer+R7      181895.509   479 364749.019   365193.309   367298.818
505  mtVer+R8      181876.339   481 364714.678   365163.549   367275.123
517  mtVer+F+R7    149327.666   498 299651.332   300140.509   302302.271
518  mtVer+F+R8    149300.680   500 299601.360   300095.443   302262.946
530  mtInv+R7      176835.304   479 354628.607   355072.897   357178.406
531  mtInv+R8      176829.102   481 354620.204   355069.075   357180.649
543  mtInv+F+R7    137696.378   498 276388.755   276877.932   279039.694
544  mtInv+F+R8    137689.393   500 276378.786   276872.869   279040.371
556  mtMAM+R7      199545.958   479 400049.916   400494.206   402599.715
557  mtMAM+R8      199509.005   481 399980.009   400428.881   402540.455
569  mtMAM+F+R7    161645.495   498 324286.990   324776.167   326937.929
570  mtMAM+F+R8    161594.753   500 324189.505   324683.588   326851.090
582  HIVb+R7       189579.409   479 380116.817   380561.107   382666.616
583  HIVb+R8       189547.259   481 380056.517   380505.389   382616.963
595  HIVb+F+R7     153084.489   498 307164.979   307654.156   309815.918
596  HIVb+F+R8     153070.121   500 307140.241   307634.324   309801.826
608  HIVw+R7       212181.209   479 425320.419   425764.708   427870.217
609  HIVw+R8       212133.572   481 425229.145   425678.016   427789.590
621  HIVw+F+R7     165124.816   498 331245.632   331734.809   333896.571
622  HIVw+F+R8     165114.877   500 331229.754   331723.836   333891.339
634  FLU+R7        196942.643   479 394843.286   395287.576   397393.085
635  FLU+R8        196924.278   481 394810.555   395259.427   397371.001
647  FLU+F+R7      153352.966   498 307701.933   308191.110   310352.872
648  FLU+F+R8      153339.563   500 307679.126   308173.208   310340.711
660  rtREV+R7      170608.323   479 342174.646   342618.936   344724.445
661  rtREV+R8      170599.879   481 342161.758   342610.630   344722.204
673  rtREV+F+R7    136931.068   498 274858.137   275347.314   277509.076
674  rtREV+F+R8    136928.176   500 274856.352   275350.435   277517.937
686  cpREV+R7      174600.543   479 350159.085   350603.375   352708.884
687  cpREV+R8      174591.119   481 350144.239   350593.110   352704.684
699  cpREV+F+R7    139006.819   498 279009.638   279498.815   281660.577
700  cpREV+F+R8    138961.817   500 278923.634   279417.717   281585.220
Akaike Information Criterion:           Blosum62+F+R7
Corrected Akaike Information Criterion: Blosum62+F+R7
Bayesian Information Criterion:         Blosum62+F+R7
Best-fit model: Blosum62+F+R7 chosen according to BIC

All model information printed to results/tree/PGC_bchD/PGC_bchD.model.gz
CPU time for ModelFinder: 136409.672 seconds (37h:53m:29s)
Wall-clock time for ModelFinder: 136567.003 seconds (37h:56m:7s)
WARNING: States(s) N, D, Q, E, I, L, K, F, P, V rarely appear in alignment and may cause numerical problems

NOTE: 363 MB RAM (0 GB) is required!
Estimate model parameters (epsilon = 0.100)
1. Initial log-likelihood: -133312.441
Optimal log-likelihood: -133312.358
Site proportion and rates:  (0.146,0.034) (0.124,0.196) (0.106,0.406) (0.168,0.717) (0.216,1.252) (0.169,1.932) (0.071,2.963)
Parameters optimization took 1 rounds (24.645 sec)
Computing ML distances based on estimated model parameters...
Computing ML distances took 11.852341 sec (of wall-clock time) 11.851772 sec(of CPU time)
Computing RapidNJ tree took 0.014093 sec (of wall-clock time) 0.022091 sec (of CPU time)
Log-likelihood of RapidNJ tree: -133662.787
--------------------------------------------------------------------
|             INITIALIZING CANDIDATE TREE SET                      |
--------------------------------------------------------------------
Generating 98 parsimony trees... 41.745 second
Computing log-likelihood of 98 initial trees ... 263.956 seconds
Current best score: -133312.358

Do NNI search on 20 best initial trees
Estimate model parameters (epsilon = 0.100)
BETTER TREE FOUND at iteration 1: -133183.349
Estimate model parameters (epsilon = 0.100)
BETTER TREE FOUND at iteration 2: -133133.610
Estimate model parameters (epsilon = 0.100)
BETTER TREE FOUND at iteration 5: -133115.938
Iteration 10 / LogL: -133142.615 / Time: 0h:20m:14s
Iteration 20 / LogL: -133159.365 / Time: 0h:30m:45s
Finish initializing candidate tree set (20)
Current best tree score: -133115.938 / CPU time: 1781.053
Number of iterations: 20
--------------------------------------------------------------------
|               OPTIMIZING CANDIDATE TREE SET                      |
--------------------------------------------------------------------
Estimate model parameters (epsilon = 0.100)
BETTER TREE FOUND at iteration 27: -133111.215
Estimate model parameters (epsilon = 0.100)
BETTER TREE FOUND at iteration 28: -133104.789
Iteration 30 / LogL: -133116.237 / Time: 0h:45m:26s (2h:33m:33s left)
Estimate model parameters (epsilon = 0.100)
BETTER TREE FOUND at iteration 39: -133104.336
Estimate model parameters (epsilon = 0.100)
BETTER TREE FOUND at iteration 40: -133086.795
Iteration 40 / LogL: -133086.795 / Time: 0h:59m:17s (2h:32m:1s left)
Iteration 50 / LogL: -133122.306 / Time: 1h:11m:27s (2h:11m:15s left)
Iteration 60 / LogL: -133106.434 / Time: 1h:22m:56s (1h:52m:27s left)
Iteration 70 / LogL: -133120.364 / Time: 1h:34m:38s (1h:36m:1s left)
Iteration 80 / LogL: -133123.562 / Time: 1h:46m:27s (1h:20m:51s left)
Iteration 90 / LogL: -133140.996 / Time: 1h:57m:31s (1h:6m:1s left)
Iteration 100 / LogL: -133127.909 / Time: 2h:8m:51s (0h:52m:3s left)
Iteration 110 / LogL: -133090.583 / Time: 2h:20m:47s (0h:38m:45s left)
Iteration 120 / LogL: -133092.755 / Time: 2h:32m:29s (0h:25m:37s left)
Iteration 130 / LogL: -133105.176 / Time: 2h:43m:36s (0h:12m:40s left)
Iteration 140 / LogL: -133095.042 / Time: 2h:54m:43s (0h:0m:0s left)
TREE SEARCH COMPLETED AFTER 141 ITERATIONS / Time: 2h:55m:49s

--------------------------------------------------------------------
|                    FINALIZING TREE SEARCH                        |
--------------------------------------------------------------------
Performs final model parameters optimization
Estimate model parameters (epsilon = 0.010)
1. Initial log-likelihood: -133086.795
2. Current log-likelihood: -133086.716
3. Current log-likelihood: -133086.621
4. Current log-likelihood: -133086.524
5. Current log-likelihood: -133086.430
6. Current log-likelihood: -133086.335
7. Current log-likelihood: -133086.238
8. Current log-likelihood: -133086.140
9. Current log-likelihood: -133086.049
10. Current log-likelihood: -133085.959
11. Current log-likelihood: -133085.869
12. Current log-likelihood: -133085.780
13. Current log-likelihood: -133085.691
14. Current log-likelihood: -133085.602
15. Current log-likelihood: -133085.515
16. Current log-likelihood: -133085.426
17. Current log-likelihood: -133085.337
18. Current log-likelihood: -133085.255
19. Current log-likelihood: -133085.170
20. Current log-likelihood: -133085.085
21. Current log-likelihood: -133085.001
22. Current log-likelihood: -133084.917
23. Current log-likelihood: -133084.831
24. Current log-likelihood: -133084.746
25. Current log-likelihood: -133084.662
26. Current log-likelihood: -133084.579
27. Current log-likelihood: -133084.495
28. Current log-likelihood: -133084.411
29. Current log-likelihood: -133084.330
30. Current log-likelihood: -133084.245
31. Current log-likelihood: -133084.165
32. Current log-likelihood: -133084.081
33. Current log-likelihood: -133084.002
34. Current log-likelihood: -133083.920
35. Current log-likelihood: -133083.841
36. Current log-likelihood: -133083.760
37. Current log-likelihood: -133083.683
38. Current log-likelihood: -133083.603
39. Current log-likelihood: -133083.525
40. Current log-likelihood: -133083.446
41. Current log-likelihood: -133083.373
42. Current log-likelihood: -133083.312
43. Current log-likelihood: -133083.232
44. Current log-likelihood: -133083.158
45. Current log-likelihood: -133083.082
46. Current log-likelihood: -133083.037
47. Current log-likelihood: -133082.983
48. Current log-likelihood: -133082.925
49. Current log-likelihood: -133082.848
50. Current log-likelihood: -133082.779
51. Current log-likelihood: -133082.727
52. Current log-likelihood: -133082.675
53. Current log-likelihood: -133082.624
54. Current log-likelihood: -133082.574
55. Current log-likelihood: -133082.523
56. Current log-likelihood: -133082.472
57. Current log-likelihood: -133082.433
58. Current log-likelihood: -133082.378
59. Current log-likelihood: -133082.337
60. Current log-likelihood: -133082.284
61. Current log-likelihood: -133082.231
62. Current log-likelihood: -133082.189
63. Current log-likelihood: -133082.137
64. Current log-likelihood: -133082.096
65. Current log-likelihood: -133082.043
66. Current log-likelihood: -133081.991
67. Current log-likelihood: -133081.950
68. Current log-likelihood: -133081.899
69. Current log-likelihood: -133081.858
70. Current log-likelihood: -133081.812
71. Current log-likelihood: -133081.767
72. Current log-likelihood: -133081.722
73. Current log-likelihood: -133081.676
74. Current log-likelihood: -133081.638
75. Current log-likelihood: -133081.589
76. Current log-likelihood: -133081.548
77. Current log-likelihood: -133081.505
78. Current log-likelihood: -133081.459
79. Current log-likelihood: -133081.415
80. Current log-likelihood: -133081.369
81. Current log-likelihood: -133081.325
82. Current log-likelihood: -133081.282
83. Current log-likelihood: -133081.246
84. Current log-likelihood: -133081.199
85. Current log-likelihood: -133081.160
86. Current log-likelihood: -133081.119
87. Current log-likelihood: -133081.085
88. Current log-likelihood: -133081.064
89. Current log-likelihood: -133081.042
90. Current log-likelihood: -133081.002
91. Current log-likelihood: -133080.961
92. Current log-likelihood: -133080.930
93. Current log-likelihood: -133080.909
94. Current log-likelihood: -133080.888
95. Current log-likelihood: -133080.867
96. Current log-likelihood: -133080.846
97. Current log-likelihood: -133080.825
98. Current log-likelihood: -133080.803
99. Current log-likelihood: -133080.782
Optimal log-likelihood: -133080.782
Site proportion and rates:  (0.124,0.025) (0.102,0.143) (0.126,0.332) (0.183,0.676) (0.217,1.228) (0.172,1.896) (0.076,2.957)
Parameters optimization took 99 rounds (3332.571 sec)
BEST SCORE FOUND : -133080.782
Total tree length: 35.674

Total number of iterations: 141
CPU time used for tree search: 10477.733 sec (2h:54m:37s)
Wall-clock time used for tree search: 10485.229 sec (2h:54m:45s)
Total CPU time used: 13871.410 sec (3h:51m:11s)
Total wall-clock time used: 13882.977 sec (3h:51m:22s)

Analysis results written to: 
  IQ-TREE report:                results/tree/PGC_bchD/PGC_bchD.iqtree
  Maximum-likelihood tree:       results/tree/PGC_bchD/PGC_bchD.treefile
  Likelihood distances:          results/tree/PGC_bchD/PGC_bchD.mldist
  Screen log file:               results/tree/PGC_bchD/PGC_bchD.log

Date and Time: Sat Jun 22 03:40:59 2024
