IQ-TREE multicore version 2.1.4-beta COVID-edition for Linux 64-bit built Jun 24 2021
Developed by Bui Quang Minh, James Barbetti, Nguyen Lam Tung,
Olga Chernomor, Heiko Schmidt, Dominik Schrempf, Michael Woodhams.

Host:    morrowind (AVX2, FMA3, 503 GB RAM)
Command: iqtree2 -s results/fasta_PGC/gene_trimmed/PGC_pucC2_trim.phy -pre results/tree/PGC_pucC2/PGC_pucC2
Seed:    589254 (Using SPRNG - Scalable Parallel Random Number Generator)
Time:    Thu Jun 20 09:53:29 2024
Kernel:  AVX+FMA - 1 threads (128 CPU cores detected)

HINT: Use -nt option to specify number of threads because your CPU has 128 cores!
HINT: -nt AUTO will automatically determine the best number of threads to use.

Reading alignment file results/fasta_PGC/gene_trimmed/PGC_pucC2_trim.phy ... Phylip format detected
Alignment most likely contains protein sequences
WARNING: 69 sites contain only gaps or ambiguous characters.
Alignment has 228 sequences with 1212 columns, 998 distinct patterns
871 parsimony-informative, 58 singleton sites, 283 constant sites
                                              Gap/Ambiguity  Composition  p-value
   1  GCA_011765465.1_ASM1176546v1                   24.83%    passed     99.65%
   2  GCA_015693905.1_ASM1569390v1                   24.42%    passed     99.61%
   3  GCA_019285715.1_ASM1928571v1                   25.41%    passed     99.97%
   4  GCA_019739335.1_ASM1973933v1                   24.67%    passed    100.00%
   5  GCF_000013085.1_ASM1308v1                      24.83%    passed    100.00%
   6  GCF_000013365.1_ASM1336v1                      23.93%    passed    100.00%
   7  GCF_000013565.1_ASM1356v1                      25.99%    passed     97.71%
   8  GCF_000014045.1_ASM1404v1                      23.76%    passed     99.99%
   9  GCF_000015165.1_ASM1516v1                      23.18%    passed     94.54%
  10  GCF_000015585.1_ASM1558v1                      25.33%    passed    100.00%
  11  GCF_000016185.1_ASM1618v1                      24.75%    passed     99.96%
  12  GCF_000018145.1_ASM1814v1                      24.75%    passed    100.00%
  13  GCF_000018845.1_ASM1884v1                      25.91%    passed     95.81%
  14  GCF_000019365.1_ASM1936v1                      26.16%    passed     74.70%
  15  GCF_000019725.1_ASM1972v1                      26.82%    passed      9.54%
  16  GCF_000019945.1_ASM1994v1                      25.83%    passed     96.83%
  17  GCF_000020445.1_ASM2044v1                      23.43%    passed     99.95%
  18  GCF_000021005.1_ASM2100v1                      25.25%    passed    100.00%
  19  GCF_000021745.1_ASM2174v1                      24.17%    passed     95.97%
  20  GCF_000021845.1_ASM2184v1                      25.91%    passed     92.04%
  21  GCF_000021865.1_ASM2186v1                      25.17%    passed     98.73%
  22  GCF_000022685.1_ASM2268v1                      26.07%    passed     91.65%
  23  GCF_000026145.1_ASM2614v1                      22.85%    passed     90.99%
  24  GCF_000083545.1_ASM8354v1                      25.83%    passed     96.85%
  25  GCF_000144605.1_ASM14460v1                     25.08%    passed     99.98%
  26  GCF_000154785.2_ASM15478v2                     23.60%    passed     99.82%
  27  GCF_000166055.1_ASM16605v1                     23.68%    passed     54.24%
  28  GCF_000195775.2_ASM19577v2                     23.43%    passed     99.95%
  29  GCF_000225955.1_ASM22595v1                     24.83%    passed    100.00%
  30  GCF_000284255.1_ASM28425v1                     25.25%    passed     99.99%
  31  GCF_000284275.1_ASM28427v1                     23.84%    passed    100.00%
  32  GCF_000284415.1_ASM28441v2                     24.17%    passed     99.98%
  33  GCF_000344805.1_ASM34480v1                     23.18%    passed     98.06%
  34  GCF_000364445.2_ASM36444v2                     26.24%    passed     52.80%
  35  GCF_000512205.2_ASM51220v2                     25.99%    passed     99.88%
  36  GCF_000590925.1_ASM59092v1                     24.09%    passed     99.14%
  37  GCF_000738435.1_ASM73843v1                     23.51%    passed     75.30%
  38  GCF_000757795.1_ASM75779v1                     26.24%    passed     57.02%
  39  GCF_000935025.1_ASM93502v1                     25.74%    passed     99.98%
  40  GCF_000973625.1_ASM97362v1                     22.52%    failed      0.00%
  41  GCF_001304795.1_ASM130479v1                    24.92%    passed     99.97%
  42  GCF_001402875.1_ASM140287v1                    24.67%    passed     99.97%
  43  GCF_001412535.1_ASM141253v1                    23.43%    passed     91.43%
  44  GCF_001412575.1_ASM141257v1                    22.52%    passed     21.84%
  45  GCF_001459775.1_Blastochloris_viridis_genome   24.67%    passed     99.97%
  46  GCF_001483865.1_ASM148386v1                    25.91%    passed     42.46%
  47  GCF_001542815.1_ASM154281v1                    25.91%    passed     99.08%
  48  GCF_001548015.1_ASM154801v1                    25.91%    passed     96.90%
  49  GCF_001548075.1_ASM154807v1                    24.26%    passed     99.60%
  50  GCF_001576595.1_ASM157659v1                    25.33%    passed     99.97%
  51  GCF_001633145.1_ASM163314v1                    24.26%    passed     99.64%
  52  GCF_001633165.1_ASM163316v1                    24.26%    passed     99.64%
  53  GCF_001663155.1_ASM166315v1                    23.84%    passed     99.31%
  54  GCF_001663175.1_ASM166317v1                    25.50%    passed     82.96%
  55  GCF_001685625.1_ASM168562v1                    25.33%    passed     99.97%
  56  GCF_001713355.1_ASM171335v1                    24.42%    passed    100.00%
  57  GCF_001713375.1_ASM171337v1                    25.41%    passed     99.84%
  58  GCF_001713435.1_ASM171343v1                    24.01%    passed     98.95%
  59  GCF_001713455.1_ASM171345v1                    25.66%    passed     99.60%
  60  GCF_001713475.1_ASM171347v1                    22.94%    passed     71.21%
  61  GCF_001719165.1_ASM171916v1                    24.01%    passed     99.58%
  62  GCF_001720465.1_ASM172046v1                    24.59%    passed     98.32%
  63  GCF_001854385.1_ASM185438v1                    26.73%    passed     11.05%
  64  GCF_001870665.2_ASM187066v2                    24.42%    passed     99.70%
  65  GCF_001886735.1_ASM188673v1                    25.33%    passed    100.00%
  66  GCF_001936175.1_ASM193617v1                    26.24%    passed     57.02%
  67  GCF_001955735.1_ASM195573v1                    22.52%    passed     91.28%
  68  GCF_001969365.1_ASM196936v1                    27.31%    passed     99.38%
  69  GCF_001971665.1_ASM197166v1                    25.83%    passed     95.50%
  70  GCF_002002865.1_ASM200286v1                    25.41%    passed     99.99%
  71  GCF_002073975.1_ASM207397v1                    24.17%    passed     99.07%
  72  GCF_002079305.1_ASM207930v1                    24.01%    passed     99.90%
  73  GCF_002080415.1_ASM208041v1                    24.50%    passed    100.00%
  74  GCF_002117815.2_ASM211781v2                    25.83%    passed     97.40%
  75  GCF_002158905.1_ASM215890v1                    23.93%    passed     34.63%
  76  GCF_002266435.2_ASM226643v2                    24.01%    passed    100.00%
  77  GCF_002355515.1_ASM235551v1                    25.99%    passed     94.14%
  78  GCF_002407205.1_ASM240720v1                    24.92%    passed     99.99%
  79  GCF_002706325.1_ASM270632v1                    25.33%    passed     99.97%
  80  GCF_002813775.1_ASM281377v1                    24.92%    passed     99.78%
  81  GCF_002868735.1_ASM286873v1                    23.18%    passed     77.62%
  82  GCF_002952215.1_ASM295221v1                    24.75%    passed     99.80%
  83  GCF_002983865.1_ASM298386v1                    23.76%    passed     99.99%
  84  GCF_003031245.1_ASM303124v1                    23.60%    passed    100.00%
  85  GCF_003031265.1_ASM303126v1                    23.51%    passed    100.00%
  86  GCF_003065365.1_ASM306536v1                    22.85%    failed      0.82%
  87  GCF_003071405.1_ASM307140v1                    25.74%    passed    100.00%
  88  GCF_003173735.1_ASM317373v1                    26.16%    passed     55.36%
  89  GCF_003173755.1_ASM317375v1                    26.07%    passed     85.03%
  90  GCF_003173775.1_ASM317377v1                    26.32%    passed     96.46%
  91  GCF_003254375.1_ASM325437v1                    26.24%    passed     57.02%
  92  GCF_003264115.1_ASM326411v1                    23.18%    passed     94.35%
  93  GCF_003288315.1_ASM328831v1                    24.59%    passed    100.00%
  94  GCF_003324715.1_ASM332471v1                    25.33%    passed     99.97%
  95  GCF_003429265.1_ASM342926v1                    25.25%    passed     99.91%
  96  GCF_003431825.1_ASM343182v1                    23.93%    passed     99.10%
  97  GCF_003855495.1_ASM385549v1                    25.33%    passed     97.00%
  98  GCF_003940805.1_ASM394080v1                    24.92%    passed     92.96%
  99  GCF_003952725.1_ASM395272v1                    24.67%    passed     99.99%
 100  GCF_003966715.1_ASM396671v1                    25.00%    passed     99.93%
 101  GCF_004114955.1_ASM411495v1                    24.09%    passed     82.87%
 102  GCF_004136295.1_ASM413629v1                    25.83%    passed     96.93%
 103  GCF_004216475.1_ASM421647v1                    24.42%    passed     99.99%
 104  GCF_004331955.1_ASM433195v1                    23.84%    passed     99.99%
 105  GCF_004354345.1_ASM435434v1                    25.83%    passed     99.60%
 106  GCF_005311585.1_ASM531158v1                    25.41%    passed     99.98%
 107  GCF_005860795.2_ASM586079v2                    23.35%    passed     59.72%
 108  GCF_006542605.1_ASM654260v1                    24.83%    passed     99.83%
 109  GCF_006740745.1_ASM674074v1                    25.99%    passed     88.35%
 110  GCF_007005445.1_ASM700544v1                    24.09%    passed    100.00%
 111  GCF_007290395.1_ASM729039v1                    23.93%    passed    100.00%
 112  GCF_007954425.1_ASM795442v1                    24.42%    passed    100.00%
 113  GCF_008000915.1_ASM800091v1                    23.02%    passed     46.65%
 114  GCF_008728195.1_ASM872819v1                    25.08%    passed    100.00%
 115  GCF_008932115.1_ASM893211v1                    23.60%    passed     99.94%
 116  GCF_009363255.1_ASM936325v1                    24.50%    passed     99.99%
 117  GCF_009363495.1_ASM936349v1                    24.50%    passed     99.99%
 118  GCF_009363575.1_ASM936357v1                    25.08%    passed    100.00%
 119  GCF_009363615.1_ASM936361v1                    24.59%    passed    100.00%
 120  GCF_009363635.1_ASM936363v1                    23.76%    passed     99.45%
 121  GCF_009363655.1_ASM936365v1                    26.57%    passed     99.83%
 122  GCF_009363715.1_ASM936371v1                    26.57%    passed     98.05%
 123  GCF_009363735.1_ASM936373v1                    26.57%    passed     99.94%
 124  GCF_009363795.1_ASM936379v1                    25.58%    passed     99.92%
 125  GCF_009650195.1_ASM965019v1                    22.94%    passed     71.21%
 126  GCF_009685175.1_ASM968517v1                    25.00%    passed     99.89%
 127  GCF_009707465.1_ASM970746v1                    25.41%    passed     99.78%
 128  GCF_009762325.1_ASM976232v1                    25.00%    passed    100.00%
 129  GCF_009797665.1_ASM979766v1                    25.33%    passed     99.97%
 130  GCF_009859815.1_ASM985981v1                    25.25%    passed     99.99%
 131  GCF_010104355.1_ASM1010435v1                   25.25%    passed     99.99%
 132  GCF_011040475.1_ASM1104047v1                   25.17%    passed     99.96%
 133  GCF_011044255.1_ASM1104425v1                   25.83%    passed     99.96%
 134  GCF_011047315.1_ASM1104731v1                   24.09%    passed     99.94%
 135  GCF_011388215.1_ASM1138821v1                   26.07%    passed     31.42%
 136  GCF_012647365.1_ASM1264736v1                   25.33%    passed     99.97%
 137  GCF_012932215.1_ASM1293221v1                   23.84%    passed    100.00%
 138  GCF_013170845.1_ASM1317084v1                   23.93%    passed     99.24%
 139  GCF_013307245.1_ASM1330724v1                   22.44%    failed      0.05%
 140  GCF_013374095.1_ASM1337409v1                   25.00%    passed     99.99%
 141  GCF_013378075.1_ASM1337807v1                   25.08%    passed    100.00%
 142  GCF_013415845.1_ASM1341584v1                   23.51%    passed     99.99%
 143  GCF_014117445.1_ASM1411744v1                   24.92%    passed     99.96%
 144  GCF_014495845.1_ASM1449584v1                   25.91%    passed     87.86%
 145  GCF_014622665.1_ASM1462266v1                   25.33%    passed     98.64%
 146  GCF_014681765.1_ASM1468176v1                   23.68%    passed     99.18%
 147  GCF_015679265.1_ASM1567926v1                   25.83%    passed    100.00%
 148  GCF_016584445.1_ASM1658444v1                   23.43%    passed     99.95%
 149  GCF_016806065.1_ASM1680606v1                   23.02%    passed     50.91%
 150  GCF_016839165.1_ASM1683916v1                   23.10%    passed     99.72%
 151  GCF_017347565.1_ASM1734756v1                   25.99%    passed     97.92%
 152  GCF_017498565.1_ASM1749856v1                   23.60%    passed     33.30%
 153  GCF_017795885.1_ASM1779588v1                   25.00%    passed    100.00%
 154  GCF_018200035.1_ASM1820003v1                   25.08%    passed    100.00%
 155  GCF_018205975.1_ASM1820597v1                   24.83%    passed     99.62%
 156  GCF_018687415.1_ASM1868741v1                   22.61%    failed      0.01%
 157  GCF_018687475.1_ASM1868747v1                   22.19%    failed      0.02%
 158  GCF_018687675.1_ASM1868767v1                   22.94%    failed      0.04%
 159  GCF_018688155.1_ASM1868815v1                   22.77%    failed      0.01%
 160  GCF_018688255.1_ASM1868825v1                   22.69%    failed      0.02%
 161  GCF_018982885.2_ASM1898288v2                   25.08%    passed     95.73%
 162  GCF_019134555.1_ASM1913455v1                   24.83%    passed    100.00%
 163  GCF_019203965.1_ASM1920396v1                   25.08%    passed     99.85%
 164  GCF_019431245.1_ASM1943124v1                   25.08%    passed     95.53%
 165  GCF_019443285.1_ASM1944328v1                   23.43%    passed     99.00%
 166  GCF_019623905.1_ASM1962390v1                   25.74%    passed    100.00%
 167  GCF_019904235.1_ASM1990423v1                   24.01%    passed    100.00%
 168  GCF_020866845.1_ASM2086684v1                   25.91%    passed     98.51%
 169  GCF_021088345.1_ASM2108834v1                   23.27%    passed     94.95%
 170  GCF_021117295.1_ASM2111729v1                   25.99%    passed     88.78%
 171  GCF_021228015.1_ASM2122801v1                   26.16%    passed     94.25%
 172  GCF_021391315.1_ASM2139131v1                   25.25%    passed     99.91%
 173  GCF_021391535.1_ASM2139153v1                   25.74%    passed     87.62%
 174  GCF_021398735.1_ASM2139873v1                   26.57%    passed     20.55%
 175  GCF_021431965.1_ASM2143196v1                   25.17%    passed     99.98%
 176  GCF_022227035.1_ASM2222703v1                   25.25%    passed     99.91%
 177  GCF_022370455.1_ASM2237045v1                   25.33%    passed     97.77%
 178  GCF_022410435.1_ASM2241043v1                   25.91%    passed     99.77%
 179  GCF_022533465.1_ASM2253346v1                   25.50%    passed     98.68%
 180  GCF_022846615.1_ASM2284661v1                   24.26%    passed    100.00%
 181  GCF_023243115.1_ASM2324311v1                   24.42%    passed    100.00%
 182  GCF_023380025.1_ASM2338002v1                   25.83%    passed     21.19%
 183  GCF_023558335.1_ASM2355833v1                   24.75%    passed    100.00%
 184  GCF_023558355.1_ASM2355835v1                   24.75%    passed    100.00%
 185  GCF_023573145.1_ASM2357314v1                   25.33%    passed     94.39%
 186  GCF_023823125.1_ASM2382312v1                   23.76%    passed     97.21%
 187  GCF_024496245.1_ASM2449624v1                   25.66%    passed     87.26%
 188  GCF_024758705.1_ASM2475870v1                   26.24%    passed     48.04%
 189  GCF_024758725.1_ASM2475872v1                   25.33%    passed     99.77%
 190  GCF_025141175.1_ASM2514117v1                   27.48%    passed     99.95%
 191  GCF_025141935.1_ASM2514193v1                   25.00%    passed    100.00%
 192  GCF_025398155.2_ASM2539815v2                   25.83%    passed     36.83%
 193  GCF_025811215.1_ASM2581121v1                   23.60%    passed    100.00%
 194  GCF_025811355.1_ASM2581135v1                   23.51%    passed    100.00%
 195  GCF_025811435.1_ASM2581143v1                   23.51%    passed    100.00%
 196  GCF_025813715.1_ASM2581371v1                   25.66%    passed     88.17%
 197  GCF_025917005.1_ASM2591700v1                   24.50%    passed     96.66%
 198  GCF_026122595.1_ASM2612259v1                   25.99%    passed     92.96%
 199  GCF_026122615.1_ASM2612261v1                   25.99%    passed     92.96%
 200  GCF_026167525.1_ASM2616752v1                   25.58%    passed     99.94%
 201  GCF_026167545.1_ASM2616754v1                   25.66%    passed     91.33%
 202  GCF_026625025.1_ASM2662502v1                   23.43%    passed     99.95%
 203  GCF_026898155.1_ASM2689815v1                   25.17%    passed     99.95%
 204  GCF_027271155.1_ASM2727115v1                   24.83%    passed     99.98%
 205  GCF_027886585.1_ASM2788658v1                   24.34%    passed     99.99%
 206  GCF_027912195.1_ASM2791219v1                   23.43%    passed     99.95%
 207  GCF_027943985.1_ASM2794398v1                   21.95%    failed      0.00%
 208  GCF_027944005.1_ASM2794400v1                   21.95%    failed      0.00%
 209  GCF_028621955.1_ASM2862195v1                   24.75%    passed     95.74%
 210  GCF_028885395.1_ASM2888539v1                   24.59%    passed    100.00%
 211  GCF_029277405.1_ASM2927740v1                   25.25%    passed     98.74%
 212  GCF_029581395.1_ASM2958139v1                   25.08%    passed    100.00%
 213  GCF_029691625.1_ASM2969162v1                   26.24%    passed     57.02%
 214  GCF_029714205.1_ASM2971420v1                   26.16%    passed     74.70%
 215  GCF_029761955.1_ASM2976195v1                   25.74%    passed     99.50%
 216  GCF_030062705.1_ASM3006270v1                   25.83%    passed     97.03%
 217  GCF_030255395.1_ASM3025539v1                   25.91%    passed     95.81%
 218  GCF_030297555.1_ASM3029755v1                   22.52%    failed      0.01%
 219  GCF_030297575.1_ASM3029757v1                   22.36%    failed      0.03%
 220  GCF_030297595.1_ASM3029759v1                   22.36%    failed      0.03%
 221  GCF_030297615.1_ASM3029761v1                   22.36%    failed      0.04%
 222  GCF_030297635.1_ASM3029763v1                   22.36%    failed      0.03%
 223  GCF_030297655.1_ASM3029765v1                   22.36%    failed      0.03%
 224  GCF_030297675.1_ASM3029767v1                   22.36%    failed      0.03%
 225  GCF_900176205.1_BRAD285_PRJEB202261_v1         23.02%    passed     93.59%
 226  GCF_900234795.1_TK0001_PRJEB23178_v1           25.83%    passed     97.40%
 227  GCF_901457705.2_RHAL1_v2                       25.08%    passed     96.29%
 228  GCF_937425535.1_Rhodovastum_atsumiense_G2-11   24.50%    passed    100.00%
****  TOTAL                                          24.71%  17 sequences failed composition chi2 test (p-value<5%; df=19)
NOTE: GCF_000225955.1_ASM22595v1 is identical to GCF_000013085.1_ASM1308v1 but kept for subsequent analysis
NOTE: GCF_002983865.1_ASM298386v1 is identical to GCF_000014045.1_ASM1404v1 but kept for subsequent analysis
NOTE: GCF_023558335.1_ASM2355833v1 is identical to GCF_000018145.1_ASM1814v1 but kept for subsequent analysis
NOTE: GCF_030255395.1_ASM3025539v1 is identical to GCF_000018845.1_ASM1884v1 but kept for subsequent analysis
NOTE: GCF_029714205.1_ASM2971420v1 is identical to GCF_000019365.1_ASM1936v1 but kept for subsequent analysis
NOTE: GCF_000195775.2_ASM19577v2 is identical to GCF_000020445.1_ASM2044v1 but kept for subsequent analysis
NOTE: GCF_001936175.1_ASM193617v1 is identical to GCF_000757795.1_ASM75779v1 but kept for subsequent analysis
NOTE: GCF_001459775.1_Blastochloris_viridis_genome is identical to GCF_001402875.1_ASM140287v1 but kept for subsequent analysis
NOTE: GCF_001685625.1_ASM168562v1 is identical to GCF_001576595.1_ASM157659v1 but kept for subsequent analysis
NOTE: GCF_001633165.1_ASM163316v1 is identical to GCF_001633145.1_ASM163314v1 but kept for subsequent analysis
NOTE: GCF_009650195.1_ASM965019v1 is identical to GCF_001713475.1_ASM171347v1 but kept for subsequent analysis
NOTE: GCF_900234795.1_TK0001_PRJEB23178_v1 is identical to GCF_002117815.2_ASM211781v2 but kept for subsequent analysis
NOTE: GCF_025811435.1_ASM2581143v1 is identical to GCF_003031265.1_ASM303126v1 but kept for subsequent analysis
NOTE: GCF_021391315.1_ASM2139131v1 is identical to GCF_003429265.1_ASM342926v1 but kept for subsequent analysis
NOTE: GCF_009363495.1_ASM936349v1 is identical to GCF_009363255.1_ASM936325v1 but kept for subsequent analysis
NOTE: GCF_010104355.1_ASM1010435v1 is identical to GCF_009859815.1_ASM985981v1 but kept for subsequent analysis
NOTE: GCF_026122615.1_ASM2612261v1 is identical to GCF_026122595.1_ASM2612259v1 but kept for subsequent analysis
NOTE: GCF_027944005.1_ASM2794400v1 is identical to GCF_027943985.1_ASM2794398v1 but kept for subsequent analysis
NOTE: GCF_030297595.1_ASM3029759v1 is identical to GCF_030297575.1_ASM3029757v1 but kept for subsequent analysis
NOTE: 15 identical sequences (see below) will be ignored for subsequent analysis
NOTE: GCF_019134555.1_ASM1913455v1 (identical to GCF_000013085.1_ASM1308v1) is ignored but added at the end
NOTE: GCF_023558355.1_ASM2355835v1 (identical to GCF_000018145.1_ASM1814v1) is ignored but added at the end
NOTE: GCF_016584445.1_ASM1658444v1 (identical to GCF_000020445.1_ASM2044v1) is ignored but added at the end
NOTE: GCF_026625025.1_ASM2662502v1 (identical to GCF_000020445.1_ASM2044v1) is ignored but added at the end
NOTE: GCF_027912195.1_ASM2791219v1 (identical to GCF_000020445.1_ASM2044v1) is ignored but added at the end
NOTE: GCF_003254375.1_ASM325437v1 (identical to GCF_000757795.1_ASM75779v1) is ignored but added at the end
NOTE: GCF_029691625.1_ASM2969162v1 (identical to GCF_000757795.1_ASM75779v1) is ignored but added at the end
NOTE: GCF_002706325.1_ASM270632v1 (identical to GCF_001576595.1_ASM157659v1) is ignored but added at the end
NOTE: GCF_003324715.1_ASM332471v1 (identical to GCF_001576595.1_ASM157659v1) is ignored but added at the end
NOTE: GCF_009797665.1_ASM979766v1 (identical to GCF_001576595.1_ASM157659v1) is ignored but added at the end
NOTE: GCF_012647365.1_ASM1264736v1 (identical to GCF_001576595.1_ASM157659v1) is ignored but added at the end
NOTE: GCF_022227035.1_ASM2222703v1 (identical to GCF_003429265.1_ASM342926v1) is ignored but added at the end
NOTE: GCF_030297635.1_ASM3029763v1 (identical to GCF_030297575.1_ASM3029757v1) is ignored but added at the end
NOTE: GCF_030297655.1_ASM3029765v1 (identical to GCF_030297575.1_ASM3029757v1) is ignored but added at the end
NOTE: GCF_030297675.1_ASM3029767v1 (identical to GCF_030297575.1_ASM3029757v1) is ignored but added at the end
Alignment was printed to results/tree/PGC_pucC2/PGC_pucC2.uniqueseq.phy

For your convenience alignment with unique sequences printed to results/tree/PGC_pucC2/PGC_pucC2.uniqueseq.phy


Create initial parsimony tree by phylogenetic likelihood library (PLL)... 0.272 seconds
Perform fast likelihood tree search using LG+I+G model...
Estimate model parameters (epsilon = 5.000)
Perform nearest neighbor interchange...
Estimate model parameters (epsilon = 1.000)
1. Initial log-likelihood: -101559.681
Optimal log-likelihood: -101559.652
Proportion of invariable sites: 0.148
Gamma shape alpha: 0.890
Parameters optimization took 1 rounds (3.609 sec)
Time for fast ML tree search: 36.160 seconds

NOTE: ModelFinder requires 335 MB RAM!
ModelFinder will test up to 702 protein models (sample size: 1212) ...
 No. Model         -LnL         df  AIC          AICc         BIC
  1  LG            110391.167   423 221628.335   222083.543   223785.646
  2  LG+I          107327.763   424 215503.525   215961.467   217665.937
  3  LG+G4         101774.196   424 204396.392   204854.333   206558.803
  4  LG+I+G4       101559.653   425 203969.305   204429.992   206136.817
  5  LG+R2         103343.545   425 207537.090   207997.777   209704.601
  6  LG+R3         102125.899   427 205105.799   205572.013   207283.510
  7  LG+R4         101618.718   429 204095.437   204567.227   206283.348
  8  LG+R5         101466.589   431 203795.178   204272.594   205993.290
  9  LG+R6         101394.093   433 203654.185   204137.275   205862.497
 10  LG+R7         101366.719   435 203603.438   204092.252   205821.950
 11  LG+R8         101365.022   437 203604.044   204098.634   205832.756
 23  LG+F+R7       80287.926    454 161483.851   162029.611   163799.264
 36  WAG+R7        99949.895    435 200769.790   201258.605   202988.302
 49  WAG+F+R7      80058.482    454 161024.964   161570.724   163340.376
 62  JTT+R7        101943.525   435 204757.051   205245.865   206975.563
 75  JTT+F+R7      83231.353    454 167370.705   167916.465   169686.118
 88  Q.pfam+R7     100874.590   435 202619.179   203107.994   204837.691
101  Q.pfam+F+R7   80352.173    454 161612.345   162158.105   163927.758
114  Q.bird+R7     107836.450   435 216542.901   217031.715   218761.413
127  Q.bird+F+R7   89109.627    454 179127.253   179673.013   181442.665
140  Q.mammal+R7   105652.777   435 212175.554   212664.369   214394.066
153  Q.mammal+F+R7 86638.710    454 174185.421   174731.180   176500.833
166  Q.insect+R7   102595.073   435 206060.146   206548.961   208278.658
179  Q.insect+F+R7 80765.349    454 162438.699   162984.458   164754.111
192  Q.plant+R7    107426.649   435 215723.298   216212.112   217941.809
205  Q.plant+F+R7  85730.070    454 172368.140   172913.899   174683.552
218  Q.yeast+R7    104449.558   435 209769.116   210257.931   211987.628
231  Q.yeast+F+R7  80968.320    454 162844.640   163390.399   165160.052
244  JTTDCMut+R7   101857.766   435 204585.532   205074.346   206804.043
257  JTTDCMut+F+R7 83175.772    454 167259.544   167805.304   169574.956
270  DCMut+R7      107626.980   435 216123.960   216612.775   218342.472
283  DCMut+F+R7    88315.893    454 177539.785   178085.545   179855.197
296  VT+R7         100198.686   435 201267.373   201756.187   203485.885
309  VT+F+R7       79425.051    454 159758.102   160303.862   162073.515
322  PMB+R7        97645.225    435 196160.451   196649.265   198378.963
335  PMB+F+R7      78652.485    454 158212.971   158758.731   160528.383
348  Blosum62+R7   97614.899    435 196099.798   196588.613   198318.310
361  Blosum62+F+R7 78096.543    454 157101.086   157646.846   159416.499
374  Dayhoff+R7    107648.640   435 216167.279   216656.094   218385.791
387  Dayhoff+F+R7  88336.134    454 177580.268   178126.028   179895.681
400  mtREV+R7      105612.309   435 212094.618   212583.432   214313.129
413  mtREV+F+R7    85103.872    454 171115.745   171661.504   173431.157
426  mtART+R7      105969.741   435 212809.483   213298.297   215027.994
439  mtART+F+R7    82636.287    454 166180.575   166726.335   168495.987
452  mtZOA+R7      101512.614   435 203895.228   204384.043   206113.740
465  mtZOA+F+R7    81675.481    454 164258.962   164804.722   166574.375
478  mtMet+R7      105786.169   435 212442.339   212931.153   214660.850
491  mtMet+F+R7    84867.948    454 170643.895   171189.655   172959.308
504  mtVer+R7      107536.254   435 215942.508   216431.322   218161.020
517  mtVer+F+R7    88222.488    454 177352.976   177898.736   179668.389
530  mtInv+R7      104505.570   435 209881.139   210369.954   212099.651
543  mtInv+F+R7    81448.070    454 163804.141   164349.900   166119.553
556  mtMAM+R7      116151.577   435 233173.153   233661.968   235391.665
569  mtMAM+F+R7    96116.367    454 193140.734   193686.494   195456.147
582  HIVb+R7       110674.218   435 222218.436   222707.251   224436.948
595  HIVb+F+R7     89788.987    454 180485.974   181031.734   182801.387
608  HIVw+R7       123988.061   435 248846.121   249334.936   251064.633
621  HIVw+F+R7     97688.367    454 196284.733   196830.493   198600.146
634  FLU+R7        114156.625   435 229183.251   229672.065   231401.763
647  FLU+F+R7      90342.614    454 181593.228   182138.988   183908.641
660  rtREV+R7      100558.266   435 201986.533   202475.347   204205.045
673  rtREV+F+R7    80525.913    454 161959.826   162505.586   164275.239
686  cpREV+R7      102926.430   435 206722.860   207211.675   208941.372
699  cpREV+F+R7    82014.448    454 164936.896   165482.656   167252.309
Akaike Information Criterion:           Blosum62+F+R7
Corrected Akaike Information Criterion: Blosum62+F+R7
Bayesian Information Criterion:         Blosum62+F+R7
Best-fit model: Blosum62+F+R7 chosen according to BIC

All model information printed to results/tree/PGC_pucC2/PGC_pucC2.model.gz
CPU time for ModelFinder: 32260.450 seconds (8h:57m:40s)
Wall-clock time for ModelFinder: 32335.312 seconds (8h:58m:55s)
WARNING: States(s) N, D, Q, E, I, L, K, F, P, V rarely appear in alignment and may cause numerical problems

NOTE: 234 MB RAM (0 GB) is required!
Estimate model parameters (epsilon = 0.100)
1. Initial log-likelihood: -78096.543
Optimal log-likelihood: -78096.502
Site proportion and rates:  (0.209,0.018) (0.164,0.195) (0.180,0.518) (0.203,1.140) (0.139,1.966) (0.080,3.135) (0.024,4.697)
Parameters optimization took 1 rounds (26.130 sec)
Computing ML distances based on estimated model parameters...
Computing ML distances took 10.849870 sec (of wall-clock time) 10.849334 sec(of CPU time)
Computing RapidNJ tree took 0.010691 sec (of wall-clock time) 0.015446 sec (of CPU time)
Log-likelihood of RapidNJ tree: -78387.282
--------------------------------------------------------------------
|             INITIALIZING CANDIDATE TREE SET                      |
--------------------------------------------------------------------
Generating 98 parsimony trees... 24.298 second
Computing log-likelihood of 98 initial trees ... 166.341 seconds
Current best score: -78096.502

Do NNI search on 20 best initial trees
Estimate model parameters (epsilon = 0.100)
BETTER TREE FOUND at iteration 1: -78013.639
Estimate model parameters (epsilon = 0.100)
BETTER TREE FOUND at iteration 2: -77961.657
Estimate model parameters (epsilon = 0.100)
BETTER TREE FOUND at iteration 3: -77954.863
Estimate model parameters (epsilon = 0.100)
BETTER TREE FOUND at iteration 5: -77951.212
Iteration 10 / LogL: -77996.347 / Time: 0h:15m:52s
Estimate model parameters (epsilon = 0.100)
BETTER TREE FOUND at iteration 15: -77942.175
Estimate model parameters (epsilon = 0.100)
BETTER TREE FOUND at iteration 18: -77916.023
Iteration 20 / LogL: -77954.955 / Time: 0h:28m:7s
Finish initializing candidate tree set (20)
Current best tree score: -77916.023 / CPU time: 1631.633
Number of iterations: 20
--------------------------------------------------------------------
|               OPTIMIZING CANDIDATE TREE SET                      |
--------------------------------------------------------------------
Iteration 30 / LogL: -77919.649 / Time: 0h:35m:44s (1h:48m:27s left)
Estimate model parameters (epsilon = 0.100)
BETTER TREE FOUND at iteration 31: -77905.458
Estimate model parameters (epsilon = 0.100)
BETTER TREE FOUND at iteration 32: -77902.871
Estimate model parameters (epsilon = 0.100)
BETTER TREE FOUND at iteration 33: -77888.815
Iteration 40 / LogL: -77894.144 / Time: 0h:45m:40s (1h:48m:54s left)
Iteration 50 / LogL: -77904.143 / Time: 0h:52m:30s (1h:28m:55s left)
Iteration 60 / LogL: -77898.157 / Time: 0h:59m:38s (1h:13m:48s left)
Estimate model parameters (epsilon = 0.100)
BETTER TREE FOUND at iteration 68: -77887.718
Estimate model parameters (epsilon = 0.100)
BETTER TREE FOUND at iteration 70: -77882.660
Iteration 70 / LogL: -77882.660 / Time: 1h:8m:24s (1h:39m:8s left)
Estimate model parameters (epsilon = 0.100)
BETTER TREE FOUND at iteration 79: -77880.477
Iteration 80 / LogL: -77898.995 / Time: 1h:16m:12s (1h:35m:29s left)
Iteration 90 / LogL: -77881.170 / Time: 1h:23m:53s (1h:23m:53s left)
Estimate model parameters (epsilon = 0.100)
BETTER TREE FOUND at iteration 94: -77879.796
Iteration 100 / LogL: -77968.635 / Time: 1h:31m:55s (1h:27m:16s left)
Iteration 110 / LogL: -77908.394 / Time: 1h:39m:36s (1h:16m:45s left)
Iteration 120 / LogL: -77943.873 / Time: 1h:46m:40s (1h:6m:20s left)
Iteration 130 / LogL: -78067.830 / Time: 1h:54m:24s (0h:56m:45s left)
Iteration 140 / LogL: -77890.639 / Time: 2h:1m:30s (0h:47m:12s left)
Iteration 150 / LogL: -77881.869 / Time: 2h:8m:32s (0h:37m:57s left)
Iteration 160 / LogL: -77913.614 / Time: 2h:15m:47s (0h:29m:2s left)
Iteration 170 / LogL: -77938.747 / Time: 2h:22m:51s (0h:20m:17s left)
Estimate model parameters (epsilon = 0.100)
BETTER TREE FOUND at iteration 174: -77879.145
Iteration 180 / LogL: -77882.771 / Time: 2h:30m:44s (1h:19m:9s left)
Iteration 190 / LogL: -77937.155 / Time: 2h:37m:18s (1h:9m:54s left)
Estimate model parameters (epsilon = 0.100)
BETTER TREE FOUND at iteration 196: -77878.851
Iteration 200 / LogL: -77898.945 / Time: 2h:44m:55s (1h:19m:33s left)
Iteration 210 / LogL: -77879.481 / Time: 2h:52m:16s (1h:10m:53s left)
Iteration 220 / LogL: -77898.126 / Time: 2h:59m:20s (1h:2m:14s left)
Iteration 230 / LogL: -77885.516 / Time: 3h:6m:41s (0h:53m:48s left)
Estimate model parameters (epsilon = 0.100)
BETTER TREE FOUND at iteration 231: -77878.531
Iteration 240 / LogL: -77882.069 / Time: 3h:14m:23s (1h:14m:0s left)
Iteration 250 / LogL: -77897.539 / Time: 3h:21m:32s (1h:5m:33s left)
Iteration 260 / LogL: -78180.038 / Time: 3h:28m:22s (0h:57m:7s left)
Iteration 270 / LogL: -77881.481 / Time: 3h:35m:23s (0h:48m:50s left)
Iteration 280 / LogL: -77894.292 / Time: 3h:42m:47s (0h:40m:43s left)
Iteration 290 / LogL: -77972.627 / Time: 3h:49m:20s (0h:32m:32s left)
Iteration 300 / LogL: -77905.937 / Time: 3h:56m:26s (0h:24m:30s left)
Iteration 310 / LogL: -77893.081 / Time: 4h:3m:14s (0h:16m:31s left)
Iteration 320 / LogL: -77880.841 / Time: 4h:10m:26s (0h:8m:38s left)
Iteration 330 / LogL: -77882.138 / Time: 4h:18m:18s (0h:0m:47s left)
TREE SEARCH COMPLETED AFTER 332 ITERATIONS / Time: 4h:19m:42s

--------------------------------------------------------------------
|                    FINALIZING TREE SEARCH                        |
--------------------------------------------------------------------
Performs final model parameters optimization
Estimate model parameters (epsilon = 0.010)
1. Initial log-likelihood: -77878.531
2. Current log-likelihood: -77878.494
3. Current log-likelihood: -77878.463
4. Current log-likelihood: -77878.437
5. Current log-likelihood: -77878.424
6. Current log-likelihood: -77878.410
7. Current log-likelihood: -77878.399
8. Current log-likelihood: -77878.386
Optimal log-likelihood: -77878.369
Site proportion and rates:  (0.195,0.014) (0.133,0.157) (0.169,0.405) (0.143,0.847) (0.168,1.392) (0.124,2.309) (0.068,3.926)
Parameters optimization took 8 rounds (105.151 sec)
BEST SCORE FOUND : -77878.369
Total tree length: 24.354

Total number of iterations: 332
CPU time used for tree search: 15499.685 sec (4h:18m:19s)
Wall-clock time used for tree search: 15526.461 sec (4h:18m:46s)
Total CPU time used: 15660.707 sec (4h:21m:0s)
Total wall-clock time used: 15688.044 sec (4h:21m:28s)

Analysis results written to: 
  IQ-TREE report:                results/tree/PGC_pucC2/PGC_pucC2.iqtree
  Maximum-likelihood tree:       results/tree/PGC_pucC2/PGC_pucC2.treefile
  Likelihood distances:          results/tree/PGC_pucC2/PGC_pucC2.mldist
  Screen log file:               results/tree/PGC_pucC2/PGC_pucC2.log

Date and Time: Thu Jun 20 23:13:53 2024
