IQ-TREE multicore version 2.1.4-beta COVID-edition for Linux 64-bit built Jun 24 2021
Developed by Bui Quang Minh, James Barbetti, Nguyen Lam Tung,
Olga Chernomor, Heiko Schmidt, Dominik Schrempf, Michael Woodhams.

Host:    morrowind (AVX2, FMA3, 503 GB RAM)
Command: iqtree2 -s results/fasta_PGC/gene_trimmed/PGC_ppsR_trim.phy -pre results/tree/PGC_ppsR/PGC_ppsR
Seed:    519561 (Using SPRNG - Scalable Parallel Random Number Generator)
Time:    Thu Jun 20 09:53:29 2024
Kernel:  AVX+FMA - 1 threads (128 CPU cores detected)

HINT: Use -nt option to specify number of threads because your CPU has 128 cores!
HINT: -nt AUTO will automatically determine the best number of threads to use.

Reading alignment file results/fasta_PGC/gene_trimmed/PGC_ppsR_trim.phy ... Phylip format detected
Alignment most likely contains protein sequences
WARNING: 14 sites contain only gaps or ambiguous characters.
Alignment has 248 sequences with 1119 columns, 1082 distinct patterns
983 parsimony-informative, 53 singleton sites, 83 constant sites
                                              Gap/Ambiguity  Composition  p-value
   1  GCA_011765465.1_ASM1176546v1                   21.63%    passed    100.00%
   2  GCA_015693905.1_ASM1569390v1                   18.95%    passed     86.08%
   3  GCA_016745215.1_scaff03                        21.27%    passed    100.00%
   4  GCA_019285715.1_ASM1928571v1                   22.34%    passed     99.71%
   5  GCA_019739335.1_ASM1973933v1                   21.89%    passed     99.95%
   6  GCF_000013085.1_ASM1308v1                      21.18%    passed     99.95%
   7  GCF_000013365.1_ASM1336v1                      22.79%    passed    100.00%
   8  GCF_000013565.1_ASM1356v1                      19.39%    passed     98.74%
   9  GCF_000014045.1_ASM1404v1                      19.93%    passed     99.79%
  10  GCF_000015165.1_ASM1516v1                      22.16%    passed     97.64%
  11  GCF_000016185.1_ASM1618v1                      22.25%    passed     99.76%
  12  GCF_000018145.1_ASM1814v1                      19.84%    passed     92.07%
  13  GCF_000018845.1_ASM1884v1                      22.25%    passed     84.90%
  14  GCF_000019365.1_ASM1936v1                      22.43%    passed     93.48%
  15  GCF_000019725.1_ASM1972v1                      23.06%    passed      7.35%
  16  GCF_000019945.1_ASM1994v1                      22.34%    passed     92.33%
  17  GCF_000020445.1_ASM2044v1                      21.45%    passed    100.00%
  18  GCF_000021005.1_ASM2100v1                      21.27%    passed    100.00%
  19  GCF_000021745.1_ASM2174v1                      21.63%    passed     99.53%
  20  GCF_000021845.1_ASM2184v1                      22.25%    passed     86.50%
  21  GCF_000021865.1_ASM2186v1                      22.52%    passed     99.86%
  22  GCF_000022685.1_ASM2268v1                      22.25%    passed     87.78%
  23  GCF_000025485.1_ASM2548v1                      21.72%    passed     93.44%
  24  GCF_000026145.1_ASM2614v1                      22.61%    passed    100.00%
  25  GCF_000083545.1_ASM8354v1                      22.25%    passed     87.78%
  26  GCF_000144605.1_ASM14460v1                     22.25%    passed     95.37%
  27  GCF_000154785.2_ASM15478v2                     19.93%    passed     99.92%
  28  GCF_000166055.1_ASM16605v1                     21.63%    passed     97.89%
  29  GCF_000195775.2_ASM19577v2                     21.54%    passed    100.00%
  30  GCF_000202835.1_ASM20283v1                     21.54%    passed     99.75%
  31  GCF_000224005.2_ASM22400v3                     21.27%    passed     93.50%
  32  GCF_000225955.1_ASM22595v1                     21.18%    passed     99.95%
  33  GCF_000227745.2_ASM22774v3                     21.09%    passed    100.00%
  34  GCF_000284255.1_ASM28425v1                     22.52%    passed     95.29%
  35  GCF_000284275.1_ASM28427v1                     22.34%    passed    100.00%
  36  GCF_000344805.1_ASM34480v1                     22.16%    passed     98.08%
  37  GCF_000364445.2_ASM36444v2                     22.88%    failed      4.25%
  38  GCF_000512205.2_ASM51220v2                     22.07%    passed     99.24%
  39  GCF_000590925.1_ASM59092v1                     19.39%    passed     75.28%
  40  GCF_000738435.1_ASM73843v1                     20.02%    failed      3.54%
  41  GCF_000757795.1_ASM75779v1                     22.97%    passed     22.32%
  42  GCF_000935025.1_ASM93502v1                     22.16%    passed     99.43%
  43  GCF_000973625.1_ASM97362v1                     18.05%    failed      0.00%
  44  GCF_001304795.1_ASM130479v1                    21.72%    passed    100.00%
  45  GCF_001402875.1_ASM140287v1                    21.45%    passed     99.99%
  46  GCF_001412535.1_ASM141253v1                    21.81%    passed     73.36%
  47  GCF_001412575.1_ASM141257v1                    20.55%    passed     99.93%
  48  GCF_001459775.1_Blastochloris_viridis_genome   21.45%    passed     99.99%
  49  GCF_001483865.1_ASM148386v1                    23.32%    passed     95.77%
  50  GCF_001542815.1_ASM154281v1                    22.16%    passed     94.04%
  51  GCF_001548015.1_ASM154801v1                    24.04%    passed     30.64%
  52  GCF_001548075.1_ASM154807v1                    20.11%    passed    100.00%
  53  GCF_001576595.1_ASM157659v1                    21.18%    passed    100.00%
  54  GCF_001632845.1_ASM163284v1                    21.98%    passed     94.26%
  55  GCF_001633145.1_ASM163314v1                    20.11%    passed    100.00%
  56  GCF_001633165.1_ASM163316v1                    20.02%    passed    100.00%
  57  GCF_001663155.1_ASM166315v1                    20.64%    passed    100.00%
  58  GCF_001663175.1_ASM166317v1                    21.27%    passed    100.00%
  59  GCF_001685625.1_ASM168562v1                    21.18%    passed    100.00%
  60  GCF_001713355.1_ASM171335v1                    22.07%    passed     98.98%
  61  GCF_001713375.1_ASM171337v1                    21.18%    passed     99.90%
  62  GCF_001713435.1_ASM171343v1                    20.91%    passed     99.73%
  63  GCF_001713455.1_ASM171345v1                    22.25%    passed     92.12%
  64  GCF_001713475.1_ASM171347v1                    20.73%    passed     17.50%
  65  GCF_001719165.1_ASM171916v1                    21.72%    passed    100.00%
  66  GCF_001720465.1_ASM172046v1                    21.09%    passed    100.00%
  67  GCF_001854385.1_ASM185438v1                    23.06%    passed      7.35%
  68  GCF_001870665.2_ASM187066v2                    22.52%    passed     81.53%
  69  GCF_001886735.1_ASM188673v1                    20.82%    passed     99.86%
  70  GCF_001936175.1_ASM193617v1                    22.97%    passed     22.32%
  71  GCF_001955735.1_ASM195573v1                    20.20%    passed     93.07%
  72  GCF_001969365.1_ASM196936v1                    20.91%    passed     98.90%
  73  GCF_001971665.1_ASM197166v1                    22.25%    passed     87.78%
  74  GCF_002002865.1_ASM200286v1                    22.34%    passed     99.74%
  75  GCF_002073975.1_ASM207397v1                    20.02%    passed    100.00%
  76  GCF_002079305.1_ASM207930v1                    19.21%    passed     95.27%
  77  GCF_002080415.1_ASM208041v1                    20.64%    passed     98.73%
  78  GCF_002117815.2_ASM211781v2                    22.25%    passed     87.78%
  79  GCF_002158905.1_ASM215890v1                    19.30%    passed     99.10%
  80  GCF_002266435.2_ASM226643v2                    21.98%    passed     93.23%
  81  GCF_002355515.1_ASM235551v1                    22.34%    passed     92.45%
  82  GCF_002407205.1_ASM240720v1                    21.27%    passed    100.00%
  83  GCF_002706325.1_ASM270632v1                    21.18%    passed    100.00%
  84  GCF_002813775.1_ASM281377v1                    22.16%    passed     97.34%
  85  GCF_002868735.1_ASM286873v1                    20.46%    passed     99.59%
  86  GCF_002952215.1_ASM295221v1                    21.18%    passed    100.00%
  87  GCF_002983865.1_ASM298386v1                    19.93%    passed     99.79%
  88  GCF_003031245.1_ASM303124v1                    21.54%    passed    100.00%
  89  GCF_003031265.1_ASM303126v1                    21.54%    passed    100.00%
  90  GCF_003065365.1_ASM306536v1                    17.96%    failed      0.00%
  91  GCF_003071405.1_ASM307140v1                    21.54%    passed    100.00%
  92  GCF_003173715.1_ASM317371v1                    25.02%    passed     99.24%
  93  GCF_003173735.1_ASM317373v1                    23.68%    failed      4.29%
  94  GCF_003173755.1_ASM317375v1                    22.52%    passed     52.97%
  95  GCF_003173775.1_ASM317377v1                    22.61%    passed     67.02%
  96  GCF_003254375.1_ASM325437v1                    22.97%    passed     22.32%
  97  GCF_003264115.1_ASM326411v1                    21.09%    passed    100.00%
  98  GCF_003288315.1_ASM328831v1                    20.64%    passed     98.72%
  99  GCF_003324715.1_ASM332471v1                    21.18%    passed    100.00%
 100  GCF_003352165.1_ASM335216v1                    21.45%    passed     99.89%
 101  GCF_003429265.1_ASM342926v1                    21.45%    passed    100.00%
 102  GCF_003431825.1_ASM343182v1                    20.91%    passed     99.73%
 103  GCF_003855495.1_ASM385549v1                    22.70%    passed     99.96%
 104  GCF_003940805.1_ASM394080v1                    21.00%    passed    100.00%
 105  GCF_003952725.1_ASM395272v1                    21.36%    passed    100.00%
 106  GCF_003966715.1_ASM396671v1                    21.45%    passed    100.00%
 107  GCF_004114955.1_ASM411495v1                    22.52%    passed     97.87%
 108  GCF_004136295.1_ASM413629v1                    22.52%    passed     97.66%
 109  GCF_004216475.1_ASM421647v1                    19.30%    passed     26.51%
 110  GCF_004331955.1_ASM433195v1                    29.04%    passed     99.07%
 111  GCF_004354345.1_ASM435434v1                    21.45%    passed     98.52%
 112  GCF_005311585.1_ASM531158v1                    21.27%    passed    100.00%
 113  GCF_005860795.2_ASM586079v2                    20.55%    passed     48.91%
 114  GCF_006542605.1_ASM654260v1                    21.36%    passed    100.00%
 115  GCF_006740745.1_ASM674074v1                    22.34%    passed     92.33%
 116  GCF_007005445.1_ASM700544v1                    21.63%    passed    100.00%
 117  GCF_007290395.1_ASM729039v1                    21.81%    passed     95.58%
 118  GCF_007954425.1_ASM795442v1                    20.91%    passed    100.00%
 119  GCF_008000915.1_ASM800091v1                    20.55%    passed     59.84%
 120  GCF_008728195.1_ASM872819v1                    20.73%    passed     94.66%
 121  GCF_008843145.1_ASM884314v1                    21.36%    passed     99.87%
 122  GCF_008932115.1_ASM893211v1                    21.54%    passed    100.00%
 123  GCF_009363255.1_ASM936325v1                    19.48%    passed     97.98%
 124  GCF_009363495.1_ASM936349v1                    19.48%    passed     97.98%
 125  GCF_009363575.1_ASM936357v1                    20.38%    passed     99.11%
 126  GCF_009363615.1_ASM936361v1                    18.77%    passed     89.26%
 127  GCF_009363635.1_ASM936363v1                    21.00%    passed    100.00%
 128  GCF_009363655.1_ASM936365v1                    20.20%    passed     99.32%
 129  GCF_009363715.1_ASM936371v1                    20.20%    passed     99.42%
 130  GCF_009363735.1_ASM936373v1                    20.20%    passed     99.32%
 131  GCF_009363795.1_ASM936379v1                    21.09%    passed    100.00%
 132  GCF_009650195.1_ASM965019v1                    20.73%    passed     17.50%
 133  GCF_009664085.1_ASM966408v1                    21.27%    passed     99.29%
 134  GCF_009685175.1_ASM968517v1                    21.36%    passed     88.43%
 135  GCF_009707465.1_ASM970746v1                    47.72%    passed     28.72%
 136  GCF_009762325.1_ASM976232v1                    21.63%    passed     97.65%
 137  GCF_009797665.1_ASM979766v1                    21.18%    passed    100.00%
 138  GCF_009859815.1_ASM985981v1                    21.09%    passed     99.99%
 139  GCF_009913435.1_ASM991343v1                    22.07%    passed     82.29%
 140  GCF_010104355.1_ASM1010435v1                   21.09%    passed     99.99%
 141  GCF_011040475.1_ASM1104047v1                   19.75%    passed     90.74%
 142  GCF_011044255.1_ASM1104425v1                   24.13%    passed     99.64%
 143  GCF_011047315.1_ASM1104731v1                   23.15%    passed     99.93%
 144  GCF_011290485.1_ASM1129048v1                   20.91%    passed     98.92%
 145  GCF_011388215.1_ASM1138821v1                   25.02%    failed      2.48%
 146  GCF_012647365.1_ASM1264736v1                   21.18%    passed    100.00%
 147  GCF_012932215.1_ASM1293221v1                   21.18%    passed     55.62%
 148  GCF_013170845.1_ASM1317084v1                   20.73%    passed    100.00%
 149  GCF_013307245.1_ASM1330724v1                   17.96%    failed      0.00%
 150  GCF_013374095.1_ASM1337409v1                   21.63%    passed     99.56%
 151  GCF_013378075.1_ASM1337807v1                   20.91%    passed    100.00%
 152  GCF_013415845.1_ASM1341584v1                   21.45%    passed    100.00%
 153  GCF_014117445.1_ASM1411744v1                   22.97%    passed     80.78%
 154  GCF_014495845.1_ASM1449584v1                   27.88%    failed      3.16%
 155  GCF_014622665.1_ASM1462266v1                   21.18%    passed     99.44%
 156  GCF_014681765.1_ASM1468176v1                   19.12%    passed     88.18%
 157  GCF_015679265.1_ASM1567926v1                   20.55%    passed     99.82%
 158  GCF_016584445.1_ASM1658444v1                   21.54%    passed    100.00%
 159  GCF_016653635.2_ASM1665363v2                   21.09%    passed     98.42%
 160  GCF_016765655.2_ASM1676565v2                   21.27%    passed    100.00%
 161  GCF_016806065.1_ASM1680606v1                   20.73%    passed     16.48%
 162  GCF_016806835.2_ASM1680683v2                   21.09%    passed     99.76%
 163  GCF_016839165.1_ASM1683916v1                   21.45%    passed    100.00%
 164  GCF_017347565.1_ASM1734756v1                   22.61%    passed     29.68%
 165  GCF_017498565.1_ASM1749856v1                   17.69%    failed      1.53%
 166  GCF_017795885.1_ASM1779588v1                   22.34%    passed     99.01%
 167  GCF_018200035.1_ASM1820003v1                   21.18%    passed    100.00%
 168  GCF_018205975.1_ASM1820597v1                   21.00%    passed    100.00%
 169  GCF_018399035.1_ASM1839903v1                   21.27%    passed     99.99%
 170  GCF_018409545.1_ASM1840954v1                   21.72%    passed     96.15%
 171  GCF_018687415.1_ASM1868741v1                   16.62%    failed      0.00%
 172  GCF_018687475.1_ASM1868747v1                   19.48%    failed      0.29%
 173  GCF_018687675.1_ASM1868767v1                   17.96%    failed      0.00%
 174  GCF_018688155.1_ASM1868815v1                   16.62%    failed      0.00%
 175  GCF_018688255.1_ASM1868825v1                   18.05%    failed      0.00%
 176  GCF_018982885.2_ASM1898288v2                   22.16%    passed     99.84%
 177  GCF_019134555.1_ASM1913455v1                   21.18%    passed     99.95%
 178  GCF_019203965.1_ASM1920396v1                   22.16%    passed     97.08%
 179  GCF_019431245.1_ASM1943124v1                   22.07%    passed     99.90%
 180  GCF_019443285.1_ASM1944328v1                   20.38%    passed     99.73%
 181  GCF_019623905.1_ASM1962390v1                   20.91%    passed     87.10%
 182  GCF_019904235.1_ASM1990423v1                   19.93%    passed     99.86%
 183  GCF_019973775.1_ASM1997377v1                   23.59%    passed    100.00%
 184  GCF_020866845.1_ASM2086684v1                   21.98%    passed     99.95%
 185  GCF_021088345.1_ASM2108834v1                   20.38%    passed     99.54%
 186  GCF_021117295.1_ASM2111729v1                   22.43%    passed     92.57%
 187  GCF_021228015.1_ASM2122801v1                   22.79%    passed     52.23%
 188  GCF_021228795.1_ASM2122879v1                   21.27%    passed     99.73%
 189  GCF_021391315.1_ASM2139131v1                   21.45%    passed    100.00%
 190  GCF_021391535.1_ASM2139153v1                   21.63%    passed     99.99%
 191  GCF_021398735.1_ASM2139873v1                   23.06%    passed      8.21%
 192  GCF_021431965.1_ASM2143196v1                   20.02%    passed     99.92%
 193  GCF_021484845.1_ASM2148484v1                   23.06%    passed      7.35%
 194  GCF_022227035.1_ASM2222703v1                   21.45%    passed    100.00%
 195  GCF_022370455.1_ASM2237045v1                   21.27%    passed     91.47%
 196  GCF_022410435.1_ASM2241043v1                   22.52%    passed     97.98%
 197  GCF_022533465.1_ASM2253346v1                   22.43%    passed     65.59%
 198  GCF_022558965.1_ASM2255896v1                   21.54%    passed     99.75%
 199  GCF_022846615.1_ASM2284661v1                   22.25%    passed     94.77%
 200  GCF_023243115.1_ASM2324311v1                   23.77%    passed     95.66%
 201  GCF_023380025.1_ASM2338002v1                   22.25%    passed    100.00%
 202  GCF_023546765.1_ASM2354676v1                   22.97%    passed      5.16%
 203  GCF_023558335.1_ASM2355833v1                   19.84%    passed     92.07%
 204  GCF_023558355.1_ASM2355835v1                   19.84%    passed     92.07%
 205  GCF_023573145.1_ASM2357314v1                   23.50%    passed     51.32%
 206  GCF_023823125.1_ASM2382312v1                   20.73%    passed    100.00%
 207  GCF_024496245.1_ASM2449624v1                   22.25%    passed     99.05%
 208  GCF_024758705.1_ASM2475870v1                   22.61%    passed     99.36%
 209  GCF_024758725.1_ASM2475872v1                   21.00%    passed     99.78%
 210  GCF_025141175.1_ASM2514117v1                   21.89%    passed     99.96%
 211  GCF_025141935.1_ASM2514193v1                   20.46%    passed     92.87%
 212  GCF_025398155.2_ASM2539815v2                   23.24%    passed     94.66%
 213  GCF_025811215.1_ASM2581121v1                   21.54%    passed    100.00%
 214  GCF_025811355.1_ASM2581135v1                   21.54%    passed    100.00%
 215  GCF_025811435.1_ASM2581143v1                   21.54%    passed    100.00%
 216  GCF_025813715.1_ASM2581371v1                   23.24%    passed     31.71%
 217  GCF_025917005.1_ASM2591700v1                   21.36%    passed    100.00%
 218  GCF_026122595.1_ASM2612259v1                   22.25%    passed     87.78%
 219  GCF_026122615.1_ASM2612261v1                   22.25%    passed     87.78%
 220  GCF_026167525.1_ASM2616752v1                   22.25%    passed     99.98%
 221  GCF_026167545.1_ASM2616754v1                   24.31%    passed     99.39%
 222  GCF_026625025.1_ASM2662502v1                   21.54%    passed    100.00%
 223  GCF_027271155.1_ASM2727115v1                   22.16%    passed     99.44%
 224  GCF_027886585.1_ASM2788658v1                   21.63%    passed    100.00%
 225  GCF_027912195.1_ASM2791219v1                   21.45%    passed    100.00%
 226  GCF_027943985.1_ASM2794398v1                   16.71%    failed      0.00%
 227  GCF_027944005.1_ASM2794400v1                   16.71%    failed      0.00%
 228  GCF_028621955.1_ASM2862195v1                   21.45%    passed    100.00%
 229  GCF_028885395.1_ASM2888539v1                   20.29%    passed     96.00%
 230  GCF_029277405.1_ASM2927740v1                   21.18%    passed     99.54%
 231  GCF_029581395.1_ASM2958139v1                   20.02%    passed     97.40%
 232  GCF_029691625.1_ASM2969162v1                   22.97%    passed     22.32%
 233  GCF_029714205.1_ASM2971420v1                   22.43%    passed     93.48%
 234  GCF_029761955.1_ASM2976195v1                   22.70%    passed     25.56%
 235  GCF_030062705.1_ASM3006270v1                   22.25%    passed     87.78%
 236  GCF_030252425.1_ASM3025242v1                   21.54%    passed    100.00%
 237  GCF_030255395.1_ASM3025539v1                   22.25%    passed     84.90%
 238  GCF_030297555.1_ASM3029755v1                   19.39%    failed      0.15%
 239  GCF_030297575.1_ASM3029757v1                   19.48%    failed      0.29%
 240  GCF_030297595.1_ASM3029759v1                   19.39%    failed      0.03%
 241  GCF_030297615.1_ASM3029761v1                   19.57%    failed      0.25%
 242  GCF_030297635.1_ASM3029763v1                   19.48%    failed      0.29%
 243  GCF_030297655.1_ASM3029765v1                   19.39%    failed      0.16%
 244  GCF_030297675.1_ASM3029767v1                   19.39%    failed      0.16%
 245  GCF_900176205.1_BRAD285_PRJEB202261_v1         21.81%    passed     97.89%
 246  GCF_900234795.1_TK0001_PRJEB23178_v1           22.25%    passed     87.78%
 247  GCF_901457705.2_RHAL1_v2                       21.98%    passed     99.93%
 248  GCF_937425535.1_Rhodovastum_atsumiense_G2-11   21.98%    passed     93.57%
****  TOTAL                                          21.49%  23 sequences failed composition chi2 test (p-value<5%; df=19)
NOTE: GCF_000225955.1_ASM22595v1 is identical to GCF_000013085.1_ASM1308v1 but kept for subsequent analysis
NOTE: GCF_002983865.1_ASM298386v1 is identical to GCF_000014045.1_ASM1404v1 but kept for subsequent analysis
NOTE: GCF_023558335.1_ASM2355833v1 is identical to GCF_000018145.1_ASM1814v1 but kept for subsequent analysis
NOTE: GCF_030255395.1_ASM3025539v1 is identical to GCF_000018845.1_ASM1884v1 but kept for subsequent analysis
NOTE: GCF_029714205.1_ASM2971420v1 is identical to GCF_000019365.1_ASM1936v1 but kept for subsequent analysis
NOTE: GCF_001854385.1_ASM185438v1 is identical to GCF_000019725.1_ASM1972v1 but kept for subsequent analysis
NOTE: GCF_006740745.1_ASM674074v1 is identical to GCF_000019945.1_ASM1994v1 but kept for subsequent analysis
NOTE: GCF_027912195.1_ASM2791219v1 is identical to GCF_000020445.1_ASM2044v1 but kept for subsequent analysis
NOTE: GCF_000083545.1_ASM8354v1 is identical to GCF_000022685.1_ASM2268v1 but kept for subsequent analysis
NOTE: GCF_016584445.1_ASM1658444v1 is identical to GCF_000195775.2_ASM19577v2 but kept for subsequent analysis
NOTE: GCF_022558965.1_ASM2255896v1 is identical to GCF_000202835.1_ASM20283v1 but kept for subsequent analysis
NOTE: GCF_001936175.1_ASM193617v1 is identical to GCF_000757795.1_ASM75779v1 but kept for subsequent analysis
NOTE: GCF_001459775.1_Blastochloris_viridis_genome is identical to GCF_001402875.1_ASM140287v1 but kept for subsequent analysis
NOTE: GCF_001685625.1_ASM168562v1 is identical to GCF_001576595.1_ASM157659v1 but kept for subsequent analysis
NOTE: GCF_003431825.1_ASM343182v1 is identical to GCF_001713435.1_ASM171343v1 but kept for subsequent analysis
NOTE: GCF_009650195.1_ASM965019v1 is identical to GCF_001713475.1_ASM171347v1 but kept for subsequent analysis
NOTE: GCF_003031265.1_ASM303126v1 is identical to GCF_003031245.1_ASM303124v1 but kept for subsequent analysis
NOTE: GCF_021391315.1_ASM2139131v1 is identical to GCF_003429265.1_ASM342926v1 but kept for subsequent analysis
NOTE: GCF_009363495.1_ASM936349v1 is identical to GCF_009363255.1_ASM936325v1 but kept for subsequent analysis
NOTE: GCF_010104355.1_ASM1010435v1 is identical to GCF_009859815.1_ASM985981v1 but kept for subsequent analysis
NOTE: GCF_027944005.1_ASM2794400v1 is identical to GCF_027943985.1_ASM2794398v1 but kept for subsequent analysis
NOTE: GCF_030297635.1_ASM3029763v1 is identical to GCF_030297575.1_ASM3029757v1 but kept for subsequent analysis
NOTE: GCF_030297675.1_ASM3029767v1 is identical to GCF_030297655.1_ASM3029765v1 but kept for subsequent analysis
NOTE: 20 identical sequences (see below) will be ignored for subsequent analysis
NOTE: GCF_019134555.1_ASM1913455v1 (identical to GCF_000013085.1_ASM1308v1) is ignored but added at the end
NOTE: GCF_023558355.1_ASM2355835v1 (identical to GCF_000018145.1_ASM1814v1) is ignored but added at the end
NOTE: GCF_021484845.1_ASM2148484v1 (identical to GCF_000019725.1_ASM1972v1) is ignored but added at the end
NOTE: GCF_001971665.1_ASM197166v1 (identical to GCF_000022685.1_ASM2268v1) is ignored but added at the end
NOTE: GCF_002117815.2_ASM211781v2 (identical to GCF_000022685.1_ASM2268v1) is ignored but added at the end
NOTE: GCF_026122595.1_ASM2612259v1 (identical to GCF_000022685.1_ASM2268v1) is ignored but added at the end
NOTE: GCF_026122615.1_ASM2612261v1 (identical to GCF_000022685.1_ASM2268v1) is ignored but added at the end
NOTE: GCF_030062705.1_ASM3006270v1 (identical to GCF_000022685.1_ASM2268v1) is ignored but added at the end
NOTE: GCF_900234795.1_TK0001_PRJEB23178_v1 (identical to GCF_000022685.1_ASM2268v1) is ignored but added at the end
NOTE: GCF_026625025.1_ASM2662502v1 (identical to GCF_000195775.2_ASM19577v2) is ignored but added at the end
NOTE: GCF_003254375.1_ASM325437v1 (identical to GCF_000757795.1_ASM75779v1) is ignored but added at the end
NOTE: GCF_029691625.1_ASM2969162v1 (identical to GCF_000757795.1_ASM75779v1) is ignored but added at the end
NOTE: GCF_002706325.1_ASM270632v1 (identical to GCF_001576595.1_ASM157659v1) is ignored but added at the end
NOTE: GCF_003324715.1_ASM332471v1 (identical to GCF_001576595.1_ASM157659v1) is ignored but added at the end
NOTE: GCF_009797665.1_ASM979766v1 (identical to GCF_001576595.1_ASM157659v1) is ignored but added at the end
NOTE: GCF_012647365.1_ASM1264736v1 (identical to GCF_001576595.1_ASM157659v1) is ignored but added at the end
NOTE: GCF_025811215.1_ASM2581121v1 (identical to GCF_003031245.1_ASM303124v1) is ignored but added at the end
NOTE: GCF_025811355.1_ASM2581135v1 (identical to GCF_003031245.1_ASM303124v1) is ignored but added at the end
NOTE: GCF_025811435.1_ASM2581143v1 (identical to GCF_003031245.1_ASM303124v1) is ignored but added at the end
NOTE: GCF_022227035.1_ASM2222703v1 (identical to GCF_003429265.1_ASM342926v1) is ignored but added at the end
Alignment was printed to results/tree/PGC_ppsR/PGC_ppsR.uniqueseq.phy

For your convenience alignment with unique sequences printed to results/tree/PGC_ppsR/PGC_ppsR.uniqueseq.phy


Create initial parsimony tree by phylogenetic likelihood library (PLL)... 0.460 seconds
Perform fast likelihood tree search using LG+I+G model...
Estimate model parameters (epsilon = 5.000)
Perform nearest neighbor interchange...
Estimate model parameters (epsilon = 1.000)
1. Initial log-likelihood: -127001.902
Optimal log-likelihood: -127001.886
Proportion of invariable sites: 0.043
Gamma shape alpha: 1.019
Parameters optimization took 1 rounds (3.652 sec)
Time for fast ML tree search: 34.368 seconds

NOTE: ModelFinder requires 388 MB RAM!
ModelFinder will test up to 702 protein models (sample size: 1119) ...
 No. Model         -LnL         df  AIC          AICc         BIC
  1  LG            134234.098   453 269374.196   269992.729   271648.343
  2  LG+I          132991.427   454 266890.853   267513.052   269170.020
  3  LG+G4         127077.713   454 255063.426   255685.624   257342.592
  4  LG+I+G4       127001.886   455 254913.772   255539.655   257197.959
  5  LG+R2         128462.672   455 257835.344   258461.226   260119.531
  6  LG+R3         127298.602   457 255511.203   256144.504   257805.430
  7  LG+R4         126973.378   459 254864.756   255505.545   257169.024
  8  LG+R5         126868.774   461 254659.547   255307.894   256973.855
  9  LG+R6         126823.101   463 254572.201   255228.177   256896.549
 10  LG+R7         126804.550   465 254539.100   255202.775   256873.489
 11  LG+R8         126804.561   467 254543.122   255214.569   256887.551
 23  LG+F+R7       102720.281   484 206408.562   207149.067   208838.334
 36  WAG+R7        126056.813   465 253043.626   253707.301   255378.015
 49  WAG+F+R7      102924.126   484 206816.252   207556.757   209246.024
 62  JTT+R7        128434.830   465 257799.660   258463.335   260134.049
 75  JTT+F+R7      106786.642   484 214541.283   215281.788   216971.056
 88  Q.pfam+R7     126558.196   465 254046.393   254710.068   256380.781
101  Q.pfam+F+R7   103042.510   484 207053.021   207793.526   209482.793
114  Q.bird+R7     134550.799   465 270031.597   270695.272   272365.986
127  Q.bird+F+R7   113687.805   484 228343.609   229084.114   230773.382
140  Q.mammal+R7   132503.068   465 265936.136   266599.812   268270.525
153  Q.mammal+F+R7 110823.386   484 222614.772   223355.276   225044.544
166  Q.insect+R7   129429.036   465 259788.072   260451.747   262122.461
179  Q.insect+F+R7 103682.609   484 208333.218   209073.723   210762.990
192  Q.plant+R7    134556.606   465 270043.212   270706.888   272377.601
205  Q.plant+F+R7  109535.108   484 220038.216   220778.721   222467.988
218  Q.yeast+R7    131748.035   465 264426.070   265089.746   266760.459
231  Q.yeast+F+R7  103983.722   484 208935.444   209675.949   211365.216
244  JTTDCMut+R7   128172.057   465 257274.114   257937.789   259608.502
257  JTTDCMut+F+R7 106570.678   484 214109.356   214849.860   216539.128
270  DCMut+R7      136330.889   465 273591.778   274255.453   275926.166
283  DCMut+F+R7    113076.486   484 227120.973   227861.477   229550.745
296  VT+R7         126208.385   465 253346.770   254010.445   255681.159
309  VT+F+R7       101985.428   484 204938.856   205679.360   207368.628
322  PMB+R7        123569.485   465 248068.971   248732.646   250403.360
335  PMB+F+R7      101478.857   484 203925.714   204666.219   206355.487
348  Blosum62+R7   123597.370   465 248124.741   248788.416   250459.129
361  Blosum62+F+R7 100701.694   484 202371.388   203111.892   204801.160
374  Dayhoff+R7    136332.018   465 273594.035   274257.711   275928.424
387  Dayhoff+F+R7  113085.053   484 227138.106   227878.611   229567.878
400  mtREV+R7      134899.819   465 270729.639   271393.314   273064.027
413  mtREV+F+R7    109332.266   484 219632.532   220373.037   222062.304
426  mtART+R7      135156.880   465 271243.761   271907.436   273578.149
439  mtART+F+R7    106708.814   484 214385.629   215126.134   216815.401
452  mtZOA+R7      127802.162   465 256534.324   257197.999   258868.712
465  mtZOA+F+R7    104625.424   484 210218.848   210959.353   212648.621
478  mtMet+R7      133164.797   465 267259.595   267923.270   269593.984
491  mtMet+F+R7    107990.135   484 216948.270   217688.774   219378.042
504  mtVer+R7      135203.873   465 271337.745   272001.421   273672.134
517  mtVer+F+R7    111720.233   484 224408.466   225148.970   226838.238
530  mtInv+R7      131605.860   465 264141.720   264805.395   266476.109
543  mtInv+F+R7    104015.571   484 208999.142   209739.646   211428.914
556  mtMAM+R7      146176.801   465 293283.602   293947.278   295617.991
569  mtMAM+F+R7    120619.590   484 242207.179   242947.684   244636.952
582  HIVb+R7       139685.249   465 280300.497   280964.173   282634.886
595  HIVb+F+R7     115373.903   484 231715.806   232456.311   234145.579
608  HIVw+R7       155848.168   465 312626.335   313290.011   314960.724
621  HIVw+F+R7     124440.231   484 249848.463   250588.967   252278.235
634  FLU+R7        144667.968   465 290265.936   290929.611   292600.324
647  FLU+F+R7      115946.915   484 232861.829   233602.334   235291.602
660  rtREV+R7      126459.180   465 253848.359   254512.035   256182.748
673  rtREV+F+R7    103433.750   484 207835.501   208576.005   210265.273
686  cpREV+R7      128662.945   465 258255.889   258919.564   260590.278
699  cpREV+F+R7    104301.823   484 209571.646   210312.151   212001.419
Akaike Information Criterion:           Blosum62+F+R7
Corrected Akaike Information Criterion: Blosum62+F+R7
Bayesian Information Criterion:         Blosum62+F+R7
Best-fit model: Blosum62+F+R7 chosen according to BIC

All model information printed to results/tree/PGC_ppsR/PGC_ppsR.model.gz
CPU time for ModelFinder: 31971.116 seconds (8h:52m:51s)
Wall-clock time for ModelFinder: 31994.005 seconds (8h:53m:14s)
WARNING: States(s) N, D, Q, E, I, L, K, F, P, V rarely appear in alignment and may cause numerical problems

NOTE: 272 MB RAM (0 GB) is required!
Estimate model parameters (epsilon = 0.100)
1. Initial log-likelihood: -100701.694
Optimal log-likelihood: -100701.608
Site proportion and rates:  (0.119,0.039) (0.085,0.153) (0.179,0.382) (0.218,0.822) (0.175,1.279) (0.175,2.003) (0.049,3.263)
Parameters optimization took 1 rounds (21.390 sec)
Computing ML distances based on estimated model parameters...
Computing ML distances took 11.181491 sec (of wall-clock time) 11.180951 sec(of CPU time)
Computing RapidNJ tree took 0.013842 sec (of wall-clock time) 0.027166 sec (of CPU time)
Log-likelihood of RapidNJ tree: -101095.202
--------------------------------------------------------------------
|             INITIALIZING CANDIDATE TREE SET                      |
--------------------------------------------------------------------
Generating 98 parsimony trees... 31.955 second
Computing log-likelihood of 98 initial trees ... 195.260 seconds
Current best score: -100701.608

Do NNI search on 20 best initial trees
Estimate model parameters (epsilon = 0.100)
BETTER TREE FOUND at iteration 1: -100612.942
Estimate model parameters (epsilon = 0.100)
BETTER TREE FOUND at iteration 2: -100605.473
Estimate model parameters (epsilon = 0.100)
BETTER TREE FOUND at iteration 4: -100580.004
Iteration 10 / LogL: -100642.296 / Time: 0h:15m:33s
Estimate model parameters (epsilon = 0.100)
BETTER TREE FOUND at iteration 19: -100576.397
Iteration 20 / LogL: -100637.440 / Time: 0h:24m:23s
Finish initializing candidate tree set (20)
Current best tree score: -100576.397 / CPU time: 1411.350
Number of iterations: 20
--------------------------------------------------------------------
|               OPTIMIZING CANDIDATE TREE SET                      |
--------------------------------------------------------------------
Estimate model parameters (epsilon = 0.100)
BETTER TREE FOUND at iteration 22: -100574.770
Estimate model parameters (epsilon = 0.100)
BETTER TREE FOUND at iteration 27: -100573.622
Estimate model parameters (epsilon = 0.100)
BETTER TREE FOUND at iteration 30: -100570.847
Iteration 30 / LogL: -100570.847 / Time: 0h:36m:28s (2h:5m:45s left)
Estimate model parameters (epsilon = 0.100)
BETTER TREE FOUND at iteration 31: -100567.329
Iteration 40 / LogL: -100572.467 / Time: 0h:46m:56s (1h:49m:32s left)
Estimate model parameters (epsilon = 0.100)
BETTER TREE FOUND at iteration 44: -100558.918
Iteration 50 / LogL: -100596.824 / Time: 0h:57m:2s (1h:49m:26s left)
Estimate model parameters (epsilon = 0.100)
BETTER TREE FOUND at iteration 52: -100558.119
Estimate model parameters (epsilon = 0.100)
BETTER TREE FOUND at iteration 54: -100556.597
Iteration 60 / LogL: -100563.602 / Time: 1h:7m:40s (1h:47m:49s left)
Estimate model parameters (epsilon = 0.100)
BETTER TREE FOUND at iteration 70: -100555.071
Iteration 70 / LogL: -100555.071 / Time: 1h:16m:34s (1h:50m:57s left)
Estimate model parameters (epsilon = 0.100)
BETTER TREE FOUND at iteration 73: -100554.067
Estimate model parameters (epsilon = 0.100)
BETTER TREE FOUND at iteration 78: -100553.024
Iteration 80 / LogL: -100583.499 / Time: 1h:27m:21s (1h:48m:21s left)
Estimate model parameters (epsilon = 0.100)
BETTER TREE FOUND at iteration 86: -100548.427
Iteration 90 / LogL: -100584.499 / Time: 1h:36m:54s (1h:44m:31s left)
Estimate model parameters (epsilon = 0.100)
BETTER TREE FOUND at iteration 100: -100547.453
Iteration 100 / LogL: -100547.453 / Time: 1h:46m:54s (1h:47m:58s left)
Iteration 110 / LogL: -100561.979 / Time: 1h:55m:38s (1h:35m:29s left)
Estimate model parameters (epsilon = 0.100)
BETTER TREE FOUND at iteration 119: -100545.939
Iteration 120 / LogL: -100628.804 / Time: 2h:5m:17s (1h:44m:13s left)
Estimate model parameters (epsilon = 0.100)
BETTER TREE FOUND at iteration 125: -100543.459
Iteration 130 / LogL: -101184.130 / Time: 2h:14m:53s (1h:39m:20s left)
Iteration 140 / LogL: -100563.917 / Time: 2h:23m:41s (1h:27m:52s left)
Iteration 150 / LogL: -100549.701 / Time: 2h:32m:46s (1h:16m:54s left)
Iteration 160 / LogL: -100555.371 / Time: 2h:41m:20s (1h:5m:57s left)
Estimate model parameters (epsilon = 0.100)
BETTER TREE FOUND at iteration 165: -100542.503
Iteration 170 / LogL: -100543.406 / Time: 2h:50m:11s (1h:35m:39s left)
Iteration 180 / LogL: -100566.078 / Time: 2h:58m:37s (1h:24m:49s left)
Iteration 190 / LogL: -100613.597 / Time: 3h:7m:23s (1h:14m:21s left)
UPDATE BEST LOG-LIKELIHOOD: -100542.501
Iteration 200 / LogL: -100598.779 / Time: 3h:15m:34s (1h:3m:52s left)
Iteration 210 / LogL: -100556.394 / Time: 3h:23m:52s (0h:53m:39s left)
Iteration 220 / LogL: -100545.238 / Time: 3h:31m:58s (0h:43m:33s left)
Estimate model parameters (epsilon = 0.100)
BETTER TREE FOUND at iteration 222: -100542.158
Iteration 230 / LogL: -100542.482 / Time: 3h:40m:32s (1h:28m:36s left)
Iteration 240 / LogL: -100567.767 / Time: 3h:49m:15s (1h:18m:39s left)
Iteration 250 / LogL: -100551.465 / Time: 3h:57m:51s (1h:8m:46s left)
Iteration 260 / LogL: -100583.526 / Time: 4h:6m:10s (0h:58m:55s left)
Iteration 270 / LogL: -100552.620 / Time: 4h:14m:14s (0h:49m:8s left)
Iteration 280 / LogL: -100545.364 / Time: 4h:22m:26s (0h:39m:30s left)
Iteration 290 / LogL: -100605.979 / Time: 4h:30m:43s (0h:29m:58s left)
Iteration 300 / LogL: -100557.837 / Time: 4h:39m:0s (0h:20m:31s left)
Iteration 310 / LogL: -100714.006 / Time: 4h:47m:17s (0h:11m:9s left)
Iteration 320 / LogL: -100542.545 / Time: 4h:55m:30s (0h:1m:51s left)
TREE SEARCH COMPLETED AFTER 323 ITERATIONS / Time: 4h:57m:52s

--------------------------------------------------------------------
|                    FINALIZING TREE SEARCH                        |
--------------------------------------------------------------------
Performs final model parameters optimization
Estimate model parameters (epsilon = 0.010)
1. Initial log-likelihood: -100542.158
2. Current log-likelihood: -100542.139
3. Current log-likelihood: -100542.110
4. Current log-likelihood: -100542.097
5. Current log-likelihood: -100542.080
6. Current log-likelihood: -100542.063
7. Current log-likelihood: -100542.047
8. Current log-likelihood: -100542.029
9. Current log-likelihood: -100542.012
10. Current log-likelihood: -100541.996
11. Current log-likelihood: -100541.980
12. Current log-likelihood: -100541.964
13. Current log-likelihood: -100541.949
14. Current log-likelihood: -100541.933
15. Current log-likelihood: -100541.918
16. Current log-likelihood: -100541.903
17. Current log-likelihood: -100541.888
18. Current log-likelihood: -100541.873
19. Current log-likelihood: -100541.859
20. Current log-likelihood: -100541.845
21. Current log-likelihood: -100541.831
22. Current log-likelihood: -100541.816
23. Current log-likelihood: -100541.799
24. Current log-likelihood: -100541.785
25. Current log-likelihood: -100541.771
26. Current log-likelihood: -100541.757
27. Current log-likelihood: -100541.744
28. Current log-likelihood: -100541.730
29. Current log-likelihood: -100541.717
30. Current log-likelihood: -100541.702
31. Current log-likelihood: -100541.689
32. Current log-likelihood: -100541.676
33. Current log-likelihood: -100541.663
34. Current log-likelihood: -100541.650
35. Current log-likelihood: -100541.638
36. Current log-likelihood: -100541.625
37. Current log-likelihood: -100541.612
38. Current log-likelihood: -100541.599
39. Current log-likelihood: -100541.587
40. Current log-likelihood: -100541.574
41. Current log-likelihood: -100541.561
42. Current log-likelihood: -100541.549
43. Current log-likelihood: -100541.536
44. Current log-likelihood: -100541.524
45. Current log-likelihood: -100541.511
Optimal log-likelihood: -100541.498
Site proportion and rates:  (0.105,0.033) (0.090,0.130) (0.184,0.368) (0.219,0.803) (0.175,1.280) (0.175,1.989) (0.051,3.293)
Parameters optimization took 45 rounds (723.891 sec)
BEST SCORE FOUND : -100541.498
Total tree length: 32.224

Total number of iterations: 323
CPU time used for tree search: 17809.272 sec (4h:56m:49s)
Wall-clock time used for tree search: 17820.759 sec (4h:57m:0s)
Total CPU time used: 18584.794 sec (5h:9m:44s)
Total wall-clock time used: 18596.786 sec (5h:9m:56s)

Analysis results written to: 
  IQ-TREE report:                results/tree/PGC_ppsR/PGC_ppsR.iqtree
  Maximum-likelihood tree:       results/tree/PGC_ppsR/PGC_ppsR.treefile
  Likelihood distances:          results/tree/PGC_ppsR/PGC_ppsR.mldist
  Screen log file:               results/tree/PGC_ppsR/PGC_ppsR.log

Date and Time: Thu Jun 20 23:56:40 2024
