IQ-TREE multicore version 2.1.4-beta COVID-edition for Linux 64-bit built Jun 24 2021
Developed by Bui Quang Minh, James Barbetti, Nguyen Lam Tung,
Olga Chernomor, Heiko Schmidt, Dominik Schrempf, Michael Woodhams.

Host:    morrowind (AVX2, FMA3, 503 GB RAM)
Command: iqtree2 -s results/fasta_PGC/gene_trimmed/PGC_bchP_trim.phy -pre results/tree/PGC_bchP/PGC_bchP
Seed:    557968 (Using SPRNG - Scalable Parallel Random Number Generator)
Time:    Thu Jun 20 09:53:29 2024
Kernel:  AVX+FMA - 1 threads (128 CPU cores detected)

HINT: Use -nt option to specify number of threads because your CPU has 128 cores!
HINT: -nt AUTO will automatically determine the best number of threads to use.

Reading alignment file results/fasta_PGC/gene_trimmed/PGC_bchP_trim.phy ... Phylip format detected
Alignment most likely contains protein sequences
WARNING: 73 sites contain only gaps or ambiguous characters.
Alignment has 252 sequences with 1134 columns, 826 distinct patterns
686 parsimony-informative, 66 singleton sites, 382 constant sites
                                              Gap/Ambiguity  Composition  p-value
   1  GCA_011765465.1_ASM1176546v1                   19.93%    passed     99.98%
   2  GCA_015693905.1_ASM1569390v1                   19.75%    passed     99.31%
   3  GCA_016745215.1_scaff03                        19.84%    passed     99.97%
   4  GCA_019285715.1_ASM1928571v1                   20.55%    passed    100.00%
   5  GCA_019739335.1_ASM1973933v1                   20.46%    passed     99.97%
   6  GCF_000013085.1_ASM1308v1                      22.49%    passed     61.77%
   7  GCF_000013365.1_ASM1336v1                      19.93%    passed    100.00%
   8  GCF_000013565.1_ASM1356v1                      19.14%    passed     45.35%
   9  GCF_000014045.1_ASM1404v1                      20.02%    passed     99.88%
  10  GCF_000015165.1_ASM1516v1                      20.81%    passed    100.00%
  11  GCF_000015585.1_ASM1558v1                      20.37%    passed     99.73%
  12  GCF_000016185.1_ASM1618v1                      20.81%    passed    100.00%
  13  GCF_000018145.1_ASM1814v1                      20.37%    passed     99.92%
  14  GCF_000018845.1_ASM1884v1                      21.60%    passed     92.71%
  15  GCF_000019365.1_ASM1936v1                      22.75%    passed     48.63%
  16  GCF_000019725.1_ASM1972v1                      22.05%    passed     91.25%
  17  GCF_000019945.1_ASM1994v1                      21.34%    passed     96.85%
  18  GCF_000020445.1_ASM2044v1                      19.84%    passed    100.00%
  19  GCF_000021005.1_ASM2100v1                      19.40%    passed     98.22%
  20  GCF_000021745.1_ASM2174v1                      20.99%    passed    100.00%
  21  GCF_000021845.1_ASM2184v1                      21.60%    passed     92.02%
  22  GCF_000021865.1_ASM2186v1                      19.40%    passed     72.89%
  23  GCF_000022685.1_ASM2268v1                      21.60%    passed     91.59%
  24  GCF_000025485.1_ASM2548v1                      19.93%    passed    100.00%
  25  GCF_000026145.1_ASM2614v1                      20.81%    passed    100.00%
  26  GCF_000083545.1_ASM8354v1                      21.60%    passed     93.33%
  27  GCF_000144605.1_ASM14460v1                     19.84%    passed     99.99%
  28  GCF_000154785.2_ASM15478v2                     19.93%    passed     99.12%
  29  GCF_000166055.1_ASM16605v1                     19.05%    passed     91.42%
  30  GCF_000195775.2_ASM19577v2                     19.84%    passed    100.00%
  31  GCF_000202835.1_ASM20283v1                     22.49%    passed     20.64%
  32  GCF_000224005.2_ASM22400v3                     20.37%    passed    100.00%
  33  GCF_000225955.1_ASM22595v1                     22.49%    passed     61.77%
  34  GCF_000227745.2_ASM22774v3                     20.72%    passed    100.00%
  35  GCF_000284255.1_ASM28425v1                     19.66%    passed     99.99%
  36  GCF_000284275.1_ASM28427v1                     20.99%    passed     97.46%
  37  GCF_000284415.1_ASM28441v2                     22.49%    passed     81.27%
  38  GCF_000327045.1_ASM32704v1                     21.34%    passed     99.89%
  39  GCF_000344805.1_ASM34480v1                     21.52%    passed     97.09%
  40  GCF_000364445.2_ASM36444v2                     21.60%    passed     98.88%
  41  GCF_000512205.2_ASM51220v2                     21.08%    passed     62.30%
  42  GCF_000590925.1_ASM59092v1                     19.22%    passed     92.63%
  43  GCF_000738435.1_ASM73843v1                     19.66%    passed     95.70%
  44  GCF_000757795.1_ASM75779v1                     21.60%    passed     99.28%
  45  GCF_000935025.1_ASM93502v1                     21.60%    passed     88.04%
  46  GCF_000973625.1_ASM97362v1                     18.87%    passed      9.44%
  47  GCF_001304795.1_ASM130479v1                    20.55%    passed     99.96%
  48  GCF_001402875.1_ASM140287v1                    20.63%    passed    100.00%
  49  GCF_001412535.1_ASM141253v1                    18.43%    passed     97.49%
  50  GCF_001412575.1_ASM141257v1                    17.46%    passed     15.99%
  51  GCF_001459775.1_Blastochloris_viridis_genome   20.63%    passed    100.00%
  52  GCF_001483865.1_ASM148386v1                    21.87%    passed     85.91%
  53  GCF_001542815.1_ASM154281v1                    21.52%    passed     96.38%
  54  GCF_001548015.1_ASM154801v1                    22.57%    passed     66.58%
  55  GCF_001548075.1_ASM154807v1                    19.22%    passed     98.24%
  56  GCF_001576595.1_ASM157659v1                    19.58%    passed     99.70%
  57  GCF_001632845.1_ASM163284v1                    19.22%    passed     99.88%
  58  GCF_001633145.1_ASM163314v1                    19.22%    passed     98.26%
  59  GCF_001633165.1_ASM163316v1                    19.22%    passed     98.26%
  60  GCF_001663155.1_ASM166315v1                    19.40%    passed     99.91%
  61  GCF_001663175.1_ASM166317v1                    20.28%    passed    100.00%
  62  GCF_001685625.1_ASM168562v1                    19.58%    passed     99.70%
  63  GCF_001713355.1_ASM171335v1                    20.72%    passed    100.00%
  64  GCF_001713375.1_ASM171337v1                    20.11%    passed    100.00%
  65  GCF_001713435.1_ASM171343v1                    19.14%    passed     99.91%
  66  GCF_001713455.1_ASM171345v1                    21.08%    passed    100.00%
  67  GCF_001713475.1_ASM171347v1                    20.72%    passed    100.00%
  68  GCF_001719165.1_ASM171916v1                    20.19%    passed     99.69%
  69  GCF_001720465.1_ASM172046v1                    20.19%    passed    100.00%
  70  GCF_001854385.1_ASM185438v1                    22.05%    passed     91.25%
  71  GCF_001870665.2_ASM187066v2                    20.02%    passed     99.99%
  72  GCF_001886735.1_ASM188673v1                    20.90%    passed     99.99%
  73  GCF_001936175.1_ASM193617v1                    21.60%    passed     99.47%
  74  GCF_001955735.1_ASM195573v1                    18.25%    passed     85.64%
  75  GCF_001969365.1_ASM196936v1                    20.11%    passed     99.47%
  76  GCF_001971665.1_ASM197166v1                    21.52%    passed     96.09%
  77  GCF_002002865.1_ASM200286v1                    20.02%    passed     99.87%
  78  GCF_002073975.1_ASM207397v1                    19.31%    passed     99.29%
  79  GCF_002079305.1_ASM207930v1                    18.61%    passed     55.07%
  80  GCF_002080415.1_ASM208041v1                    20.81%    passed     99.44%
  81  GCF_002117815.2_ASM211781v2                    21.60%    passed     92.19%
  82  GCF_002158905.1_ASM215890v1                    19.31%    passed     92.48%
  83  GCF_002266435.2_ASM226643v2                    21.16%    passed     88.70%
  84  GCF_002355515.1_ASM235551v1                    21.43%    passed     81.02%
  85  GCF_002407205.1_ASM240720v1                    19.31%    passed     97.82%
  86  GCF_002706325.1_ASM270632v1                    19.58%    passed     99.70%
  87  GCF_002813775.1_ASM281377v1                    21.16%    passed     99.56%
  88  GCF_002868735.1_ASM286873v1                    21.25%    passed     99.98%
  89  GCF_002952215.1_ASM295221v1                    20.37%    passed    100.00%
  90  GCF_002983865.1_ASM298386v1                    20.02%    passed     99.88%
  91  GCF_003031245.1_ASM303124v1                    19.84%    passed    100.00%
  92  GCF_003031265.1_ASM303126v1                    19.84%    passed    100.00%
  93  GCF_003065365.1_ASM306536v1                    18.34%    failed      0.51%
  94  GCF_003071405.1_ASM307140v1                    20.55%    passed    100.00%
  95  GCF_003173715.1_ASM317371v1                    21.69%    passed     96.55%
  96  GCF_003173735.1_ASM317373v1                    22.49%    passed     51.31%
  97  GCF_003173755.1_ASM317375v1                    22.49%    passed     50.58%
  98  GCF_003173775.1_ASM317377v1                    22.31%    passed     92.97%
  99  GCF_003254375.1_ASM325437v1                    21.60%    passed     99.28%
 100  GCF_003264115.1_ASM326411v1                    19.58%    passed    100.00%
 101  GCF_003288315.1_ASM328831v1                    20.81%    passed     99.48%
 102  GCF_003324715.1_ASM332471v1                    19.58%    passed     99.70%
 103  GCF_003352165.1_ASM335216v1                    21.78%    passed     51.62%
 104  GCF_003429265.1_ASM342926v1                    19.14%    passed     98.90%
 105  GCF_003431825.1_ASM343182v1                    19.14%    passed     99.91%
 106  GCF_003855495.1_ASM385549v1                    20.19%    passed    100.00%
 107  GCF_003940805.1_ASM394080v1                    19.84%    passed     98.78%
 108  GCF_003952725.1_ASM395272v1                    20.37%    passed     36.05%
 109  GCF_003966715.1_ASM396671v1                    20.19%    passed     99.95%
 110  GCF_004114955.1_ASM411495v1                    20.46%    passed     99.99%
 111  GCF_004136295.1_ASM413629v1                    21.52%    passed     81.28%
 112  GCF_004216475.1_ASM421647v1                    20.46%    passed    100.00%
 113  GCF_004331955.1_ASM433195v1                    19.31%    passed     58.69%
 114  GCF_004354345.1_ASM435434v1                    21.78%    passed     91.39%
 115  GCF_005311585.1_ASM531158v1                    19.49%    passed     99.84%
 116  GCF_005860795.2_ASM586079v2                    20.81%    passed    100.00%
 117  GCF_006542605.1_ASM654260v1                    20.19%    passed    100.00%
 118  GCF_006740745.1_ASM674074v1                    21.16%    passed     98.66%
 119  GCF_007005445.1_ASM700544v1                    20.11%    passed    100.00%
 120  GCF_007290395.1_ASM729039v1                    20.81%    passed     99.21%
 121  GCF_007954425.1_ASM795442v1                    20.72%    passed     99.83%
 122  GCF_008000895.1_ASM800089v1                    21.16%    passed     99.98%
 123  GCF_008000915.1_ASM800091v1                    20.37%    passed     99.99%
 124  GCF_008728195.1_ASM872819v1                    20.46%    passed    100.00%
 125  GCF_008843145.1_ASM884314v1                    20.99%    passed    100.00%
 126  GCF_008932115.1_ASM893211v1                    21.08%    passed     98.28%
 127  GCF_009363255.1_ASM936325v1                    20.37%    passed    100.00%
 128  GCF_009363495.1_ASM936349v1                    20.37%    passed    100.00%
 129  GCF_009363575.1_ASM936357v1                    20.63%    passed     99.32%
 130  GCF_009363615.1_ASM936361v1                    19.93%    passed     99.87%
 131  GCF_009363635.1_ASM936363v1                    19.40%    passed    100.00%
 132  GCF_009363655.1_ASM936365v1                    20.28%    passed     99.98%
 133  GCF_009363715.1_ASM936371v1                    20.02%    passed     99.57%
 134  GCF_009363735.1_ASM936373v1                    20.28%    passed     99.96%
 135  GCF_009363795.1_ASM936379v1                    20.55%    passed     99.86%
 136  GCF_009650195.1_ASM965019v1                    20.72%    passed    100.00%
 137  GCF_009664085.1_ASM966408v1                    20.37%    passed    100.00%
 138  GCF_009685175.1_ASM968517v1                    20.55%    passed    100.00%
 139  GCF_009707465.1_ASM970746v1                    21.52%    passed     99.73%
 140  GCF_009762325.1_ASM976232v1                    20.72%    passed     99.96%
 141  GCF_009797665.1_ASM979766v1                    19.58%    passed     99.70%
 142  GCF_009859815.1_ASM985981v1                    19.75%    passed     99.99%
 143  GCF_009913435.1_ASM991343v1                    21.08%    passed     99.57%
 144  GCF_010104355.1_ASM1010435v1                   19.75%    passed     99.99%
 145  GCF_011040475.1_ASM1104047v1                   20.99%    passed    100.00%
 146  GCF_011044255.1_ASM1104425v1                   20.81%    passed     98.71%
 147  GCF_011047315.1_ASM1104731v1                   19.75%    passed    100.00%
 148  GCF_011290485.1_ASM1129048v1                   19.84%    passed    100.00%
 149  GCF_011388215.1_ASM1138821v1                   21.87%    passed     90.74%
 150  GCF_012647365.1_ASM1264736v1                   19.58%    passed     99.70%
 151  GCF_012932215.1_ASM1293221v1                   20.55%    passed    100.00%
 152  GCF_013170845.1_ASM1317084v1                   20.90%    passed     99.99%
 153  GCF_013307245.1_ASM1330724v1                   18.43%    failed      1.69%
 154  GCF_013374095.1_ASM1337409v1                   20.55%    passed    100.00%
 155  GCF_013378075.1_ASM1337807v1                   19.66%    passed     99.99%
 156  GCF_013415845.1_ASM1341584v1                   19.84%    passed    100.00%
 157  GCF_014117445.1_ASM1411744v1                   21.25%    passed     97.75%
 158  GCF_014495845.1_ASM1449584v1                   22.13%    passed     74.27%
 159  GCF_014622665.1_ASM1462266v1                   19.31%    passed     86.85%
 160  GCF_014681765.1_ASM1468176v1                   20.28%    passed     99.38%
 161  GCF_015679265.1_ASM1567926v1                   21.43%    passed     99.31%
 162  GCF_016584445.1_ASM1658444v1                   19.84%    passed    100.00%
 163  GCF_016653635.2_ASM1665363v2                   21.52%    passed     97.83%
 164  GCF_016765655.2_ASM1676565v2                   21.08%    passed    100.00%
 165  GCF_016806065.1_ASM1680606v1                   20.72%    passed    100.00%
 166  GCF_016806835.2_ASM1680683v2                   21.60%    passed     95.58%
 167  GCF_016839165.1_ASM1683916v1                   20.99%    passed     98.49%
 168  GCF_017347565.1_ASM1734756v1                   22.49%    passed     66.10%
 169  GCF_017498565.1_ASM1749856v1                   17.81%    passed      8.37%
 170  GCF_017795885.1_ASM1779588v1                   20.46%    passed    100.00%
 171  GCF_018200035.1_ASM1820003v1                   20.19%    passed     99.98%
 172  GCF_018205975.1_ASM1820597v1                   20.02%    passed     99.92%
 173  GCF_018399035.1_ASM1839903v1                   20.46%    passed     99.98%
 174  GCF_018409545.1_ASM1840954v1                   19.84%    passed    100.00%
 175  GCF_018687415.1_ASM1868741v1                   18.69%    passed     21.22%
 176  GCF_018687475.1_ASM1868747v1                   18.78%    passed     58.66%
 177  GCF_018687675.1_ASM1868767v1                   18.69%    failed      3.07%
 178  GCF_018688155.1_ASM1868815v1                   18.69%    passed     41.16%
 179  GCF_018688255.1_ASM1868825v1                   18.78%    failed      4.31%
 180  GCF_018982885.2_ASM1898288v2                   20.37%    passed    100.00%
 181  GCF_019134555.1_ASM1913455v1                   22.49%    passed     61.77%
 182  GCF_019203965.1_ASM1920396v1                   21.08%    passed     99.99%
 183  GCF_019431245.1_ASM1943124v1                   20.37%    passed    100.00%
 184  GCF_019443285.1_ASM1944328v1                   20.99%    passed    100.00%
 185  GCF_019623905.1_ASM1962390v1                   21.16%    passed     99.27%
 186  GCF_019904235.1_ASM1990423v1                   19.49%    passed     99.97%
 187  GCF_019973775.1_ASM1997377v1                   22.22%    passed     27.81%
 188  GCF_020866845.1_ASM2086684v1                   21.16%    passed     88.07%
 189  GCF_021088345.1_ASM2108834v1                   21.34%    passed     97.72%
 190  GCF_021117295.1_ASM2111729v1                   21.43%    passed     72.49%
 191  GCF_021228015.1_ASM2122801v1                   22.40%    passed     71.27%
 192  GCF_021228795.1_ASM2122879v1                   20.81%    passed    100.00%
 193  GCF_021391315.1_ASM2139131v1                   19.14%    passed     98.90%
 194  GCF_021391535.1_ASM2139153v1                   21.78%    passed     87.25%
 195  GCF_021398735.1_ASM2139873v1                   21.87%    passed     93.85%
 196  GCF_021431965.1_ASM2143196v1                   20.19%    passed     99.71%
 197  GCF_021484845.1_ASM2148484v1                   22.05%    passed     91.25%
 198  GCF_022227035.1_ASM2222703v1                   19.14%    passed     98.90%
 199  GCF_022370455.1_ASM2237045v1                   20.19%    passed    100.00%
 200  GCF_022410435.1_ASM2241043v1                   21.34%    passed    100.00%
 201  GCF_022533465.1_ASM2253346v1                   21.96%    passed     93.74%
 202  GCF_022558965.1_ASM2255896v1                   22.49%    passed     28.30%
 203  GCF_022846615.1_ASM2284661v1                   19.58%    passed    100.00%
 204  GCF_023243115.1_ASM2324311v1                   19.14%    passed     99.93%
 205  GCF_023380025.1_ASM2338002v1                   20.63%    passed     94.64%
 206  GCF_023546765.1_ASM2354676v1                   21.34%    passed     99.94%
 207  GCF_023558335.1_ASM2355833v1                   20.37%    passed     99.92%
 208  GCF_023558355.1_ASM2355835v1                   20.37%    passed     99.92%
 209  GCF_023573145.1_ASM2357314v1                   22.22%    passed     57.98%
 210  GCF_023823125.1_ASM2382312v1                   20.02%    passed     99.99%
 211  GCF_024496245.1_ASM2449624v1                   20.99%    passed    100.00%
 212  GCF_024758705.1_ASM2475870v1                   22.31%    passed     51.80%
 213  GCF_024758725.1_ASM2475872v1                   20.55%    passed    100.00%
 214  GCF_025141175.1_ASM2514117v1                   20.46%    passed     99.91%
 215  GCF_025141935.1_ASM2514193v1                   20.19%    passed     99.90%
 216  GCF_025398155.2_ASM2539815v2                   21.52%    passed     96.08%
 217  GCF_025811215.1_ASM2581121v1                   19.84%    passed    100.00%
 218  GCF_025811355.1_ASM2581135v1                   19.84%    passed    100.00%
 219  GCF_025811435.1_ASM2581143v1                   19.84%    passed    100.00%
 220  GCF_025813715.1_ASM2581371v1                   22.13%    passed     90.34%
 221  GCF_025917005.1_ASM2591700v1                   19.93%    passed    100.00%
 222  GCF_026122595.1_ASM2612259v1                   21.69%    passed     92.63%
 223  GCF_026122615.1_ASM2612261v1                   21.69%    passed     92.63%
 224  GCF_026167525.1_ASM2616752v1                   21.43%    passed     59.58%
 225  GCF_026167545.1_ASM2616754v1                   20.99%    passed    100.00%
 226  GCF_026625025.1_ASM2662502v1                   19.84%    passed    100.00%
 227  GCF_026898155.1_ASM2689815v1                   20.63%    passed    100.00%
 228  GCF_027271155.1_ASM2727115v1                   20.37%    passed    100.00%
 229  GCF_027886585.1_ASM2788658v1                   21.52%    passed     99.98%
 230  GCF_027912195.1_ASM2791219v1                   19.84%    passed    100.00%
 231  GCF_027943985.1_ASM2794398v1                   18.52%    passed     10.32%
 232  GCF_027944005.1_ASM2794400v1                   18.52%    passed     10.32%
 233  GCF_028621955.1_ASM2862195v1                   20.11%    passed    100.00%
 234  GCF_028885395.1_ASM2888539v1                   20.81%    passed    100.00%
 235  GCF_029277405.1_ASM2927740v1                   19.31%    passed     86.57%
 236  GCF_029581395.1_ASM2958139v1                   20.72%    passed    100.00%
 237  GCF_029691625.1_ASM2969162v1                   21.60%    passed     99.28%
 238  GCF_029761955.1_ASM2976195v1                   22.49%    passed     56.91%
 239  GCF_030062705.1_ASM3006270v1                   21.60%    passed     89.77%
 240  GCF_030252425.1_ASM3025242v1                   21.96%    passed     94.24%
 241  GCF_030255395.1_ASM3025539v1                   21.60%    passed     92.71%
 242  GCF_030297555.1_ASM3029755v1                   18.69%    passed     51.46%
 243  GCF_030297575.1_ASM3029757v1                   18.61%    passed     42.38%
 244  GCF_030297595.1_ASM3029759v1                   18.61%    passed     47.78%
 245  GCF_030297615.1_ASM3029761v1                   18.78%    passed     58.66%
 246  GCF_030297635.1_ASM3029763v1                   18.61%    passed     42.38%
 247  GCF_030297655.1_ASM3029765v1                   18.61%    passed     42.38%
 248  GCF_030297675.1_ASM3029767v1                   18.61%    passed     42.38%
 249  GCF_900176205.1_BRAD285_PRJEB202261_v1         20.19%    passed    100.00%
 250  GCF_900234795.1_TK0001_PRJEB23178_v1           21.60%    passed     92.19%
 251  GCF_901457705.2_RHAL1_v2                       20.72%    passed     99.78%
 252  GCF_937425535.1_Rhodovastum_atsumiense_G2-11   20.28%    passed     99.99%
****  TOTAL                                          20.48%  4 sequences failed composition chi2 test (p-value<5%; df=19)
NOTE: GCF_000225955.1_ASM22595v1 is identical to GCF_000013085.1_ASM1308v1 but kept for subsequent analysis
NOTE: GCF_002983865.1_ASM298386v1 is identical to GCF_000014045.1_ASM1404v1 but kept for subsequent analysis
NOTE: GCF_023558335.1_ASM2355833v1 is identical to GCF_000018145.1_ASM1814v1 but kept for subsequent analysis
NOTE: GCF_030255395.1_ASM3025539v1 is identical to GCF_000018845.1_ASM1884v1 but kept for subsequent analysis
NOTE: GCF_001854385.1_ASM185438v1 is identical to GCF_000019725.1_ASM1972v1 but kept for subsequent analysis
NOTE: GCF_000195775.2_ASM19577v2 is identical to GCF_000020445.1_ASM2044v1 but kept for subsequent analysis
NOTE: GCF_003254375.1_ASM325437v1 is identical to GCF_000757795.1_ASM75779v1 but kept for subsequent analysis
NOTE: GCF_001459775.1_Blastochloris_viridis_genome is identical to GCF_001402875.1_ASM140287v1 but kept for subsequent analysis
NOTE: GCF_001685625.1_ASM168562v1 is identical to GCF_001576595.1_ASM157659v1 but kept for subsequent analysis
NOTE: GCF_001633165.1_ASM163316v1 is identical to GCF_001633145.1_ASM163314v1 but kept for subsequent analysis
NOTE: GCF_003431825.1_ASM343182v1 is identical to GCF_001713435.1_ASM171343v1 but kept for subsequent analysis
NOTE: GCF_900234795.1_TK0001_PRJEB23178_v1 is identical to GCF_002117815.2_ASM211781v2 but kept for subsequent analysis
NOTE: GCF_025811435.1_ASM2581143v1 is identical to GCF_003031245.1_ASM303124v1 but kept for subsequent analysis
NOTE: GCF_021391315.1_ASM2139131v1 is identical to GCF_003429265.1_ASM342926v1 but kept for subsequent analysis
NOTE: GCF_009363495.1_ASM936349v1 is identical to GCF_009363255.1_ASM936325v1 but kept for subsequent analysis
NOTE: GCF_010104355.1_ASM1010435v1 is identical to GCF_009859815.1_ASM985981v1 but kept for subsequent analysis
NOTE: GCF_030297615.1_ASM3029761v1 is identical to GCF_018687475.1_ASM1868747v1 but kept for subsequent analysis
NOTE: GCF_019431245.1_ASM1943124v1 is identical to GCF_018982885.2_ASM1898288v2 but kept for subsequent analysis
NOTE: GCF_026122615.1_ASM2612261v1 is identical to GCF_026122595.1_ASM2612259v1 but kept for subsequent analysis
NOTE: GCF_027944005.1_ASM2794400v1 is identical to GCF_027943985.1_ASM2794398v1 but kept for subsequent analysis
NOTE: GCF_030297635.1_ASM3029763v1 is identical to GCF_030297575.1_ASM3029757v1 but kept for subsequent analysis
NOTE: 15 identical sequences (see below) will be ignored for subsequent analysis
NOTE: GCF_019134555.1_ASM1913455v1 (identical to GCF_000013085.1_ASM1308v1) is ignored but added at the end
NOTE: GCF_023558355.1_ASM2355835v1 (identical to GCF_000018145.1_ASM1814v1) is ignored but added at the end
NOTE: GCF_021484845.1_ASM2148484v1 (identical to GCF_000019725.1_ASM1972v1) is ignored but added at the end
NOTE: GCF_013415845.1_ASM1341584v1 (identical to GCF_000020445.1_ASM2044v1) is ignored but added at the end
NOTE: GCF_016584445.1_ASM1658444v1 (identical to GCF_000020445.1_ASM2044v1) is ignored but added at the end
NOTE: GCF_026625025.1_ASM2662502v1 (identical to GCF_000020445.1_ASM2044v1) is ignored but added at the end
NOTE: GCF_027912195.1_ASM2791219v1 (identical to GCF_000020445.1_ASM2044v1) is ignored but added at the end
NOTE: GCF_029691625.1_ASM2969162v1 (identical to GCF_000757795.1_ASM75779v1) is ignored but added at the end
NOTE: GCF_002706325.1_ASM270632v1 (identical to GCF_001576595.1_ASM157659v1) is ignored but added at the end
NOTE: GCF_003324715.1_ASM332471v1 (identical to GCF_001576595.1_ASM157659v1) is ignored but added at the end
NOTE: GCF_009797665.1_ASM979766v1 (identical to GCF_001576595.1_ASM157659v1) is ignored but added at the end
NOTE: GCF_012647365.1_ASM1264736v1 (identical to GCF_001576595.1_ASM157659v1) is ignored but added at the end
NOTE: GCF_022227035.1_ASM2222703v1 (identical to GCF_003429265.1_ASM342926v1) is ignored but added at the end
NOTE: GCF_030297655.1_ASM3029765v1 (identical to GCF_030297575.1_ASM3029757v1) is ignored but added at the end
NOTE: GCF_030297675.1_ASM3029767v1 (identical to GCF_030297575.1_ASM3029757v1) is ignored but added at the end
Alignment was printed to results/tree/PGC_bchP/PGC_bchP.uniqueseq.phy

For your convenience alignment with unique sequences printed to results/tree/PGC_bchP/PGC_bchP.uniqueseq.phy


Create initial parsimony tree by phylogenetic likelihood library (PLL)... 0.282 seconds
Perform fast likelihood tree search using LG+I+G model...
Estimate model parameters (epsilon = 5.000)
Perform nearest neighbor interchange...
Estimate model parameters (epsilon = 1.000)
1. Initial log-likelihood: -86256.986
Optimal log-likelihood: -86256.618
Proportion of invariable sites: 0.260
Gamma shape alpha: 0.990
Parameters optimization took 1 rounds (5.866 sec)
Time for fast ML tree search: 38.646 seconds

NOTE: ModelFinder requires 310 MB RAM!
ModelFinder will test up to 702 protein models (sample size: 1134) ...
 No. Model         -LnL         df  AIC          AICc         BIC
  1  LG            94925.784    471 190793.568   191465.205   193164.349
  2  LG+I          90435.000    472 181814.001   182489.511   184189.816
  3  LG+G4         86520.137    472 173984.274   174659.784   176360.089
  4  LG+I+G4       86256.599    473 173459.197   174138.597   175840.046
  5  LG+R2         87986.305    473 176918.609   177598.009   179299.458
  6  LG+R3         86793.824    475 174537.649   175224.883   176928.564
  7  LG+R4         86356.929    477 173667.858   174362.998   176068.841
  8  LG+R5         86188.598    479 173335.196   174038.316   175746.246
  9  LG+R6         86124.070    481 173210.139   173921.311   175631.256
 10  LG+R7         86113.745    483 173193.491   173912.789   175624.674
 11  LG+R8         86106.855    485 173183.711   173911.211   175624.961
 22  LG+F+R6       69404.731    500 139809.461   140600.930   142326.214
 23  LG+F+R7       69386.945    502 139777.891   140578.227   142304.711
WARNING: Log-likelihood -69401 of LG+F+R8 worse than LG+F+R7 -69386.9
 24  LG+F+R8       69400.970    504 139809.941   140619.226   142346.828
 35  WAG+R6        85928.236    481 172818.472   173529.644   175239.588
 36  WAG+R7        85917.974    483 172801.948   173521.247   175233.132
 37  WAG+R8        85913.192    485 172796.384   173523.884   175237.635
 48  WAG+F+R6      69608.418    500 140216.837   141008.306   142733.590
 49  WAG+F+R7      69589.009    502 140182.018   140982.354   142708.838
WARNING: Log-likelihood -69602.7 of WAG+F+R8 worse than WAG+F+R7 -69589
 50  WAG+F+R8      69602.696    504 140213.393   141022.678   142750.280
 61  JTT+R6        87923.002    481 176808.005   177519.176   179229.121
 62  JTT+R7        87914.327    483 176794.653   177513.952   179225.837
 63  JTT+R8        87911.345    485 176792.690   177520.190   179233.940
 74  JTT+F+R6      72692.996    500 146385.992   147177.461   148902.745
 75  JTT+F+R7      72663.524    502 146331.048   147131.384   148857.869
 76  JTT+F+R8      72659.858    504 146327.716   147137.001   148864.603
 87  Q.pfam+R6     86064.564    481 173091.127   173802.299   175512.244
 88  Q.pfam+R7     86057.780    483 173081.560   173800.858   175512.744
100  Q.pfam+F+R6   69677.577    500 140355.155   141146.624   142871.908
101  Q.pfam+F+R7   69658.491    502 140320.982   141121.318   142847.802
WARNING: Log-likelihood -69677.7 of Q.pfam+F+R8 worse than Q.pfam+F+R7 -69658.5
102  Q.pfam+F+R8   69677.749    504 140363.498   141172.783   142900.385
113  Q.bird+R6     92351.261    481 185664.521   186375.693   188085.638
114  Q.bird+R7     92336.224    483 185638.449   186357.747   188069.632
115  Q.bird+R8     92325.297    485 185620.594   186348.094   188061.844
126  Q.bird+F+R6   77678.970    500 156357.940   157149.409   158874.693
127  Q.bird+F+R7   77647.407    502 156298.813   157099.149   158825.634
128  Q.bird+F+R8   77632.486    504 156272.972   157082.257   158809.860
139  Q.mammal+R6   90822.183    481 182606.366   183317.538   185027.483
140  Q.mammal+R7   90809.870    483 182585.739   183305.038   185016.923
141  Q.mammal+R8   90806.375    485 182582.751   183310.251   185024.002
152  Q.mammal+F+R6 75535.724    500 152071.448   152862.918   154588.202
153  Q.mammal+F+R7 75502.574    502 152009.148   152809.484   154535.968
154  Q.mammal+F+R8 75500.239    504 152008.478   152817.763   154545.365
165  Q.insect+R6   88110.651    481 177183.301   177894.473   179604.418
166  Q.insect+R7   88101.223    483 177168.446   177887.745   179599.630
167  Q.insect+R8   88099.736    485 177169.473   177896.973   179610.723
178  Q.insect+F+R6 70313.638    500 141627.276   142418.746   144144.030
179  Q.insect+F+R7 70280.054    502 141564.109   142364.445   144090.929
180  Q.insect+F+R8 70276.316    504 141560.633   142369.917   144097.520
191  Q.plant+R6    91881.128    481 184724.256   185435.428   187145.373
192  Q.plant+R7    91851.251    483 184668.502   185387.800   187099.685
193  Q.plant+R8    91849.061    485 184668.122   185395.622   187109.373
204  Q.plant+F+R6  74675.346    500 150350.692   151142.161   152867.445
205  Q.plant+F+R7  74634.797    502 150273.595   151073.931   152800.415
206  Q.plant+F+R8  74629.561    504 150267.122   151076.407   152804.009
217  Q.yeast+R6    89442.077    481 179846.154   180557.326   182267.270
218  Q.yeast+R7    89430.022    483 179826.043   180545.342   182257.227
219  Q.yeast+R8    89427.910    485 179825.819   180553.319   182267.070
230  Q.yeast+F+R6  70312.694    500 141625.389   142416.858   144142.142
231  Q.yeast+F+R7  70275.341    502 141554.682   142355.018   144081.502
232  Q.yeast+F+R8  70271.837    504 141551.674   142360.959   144088.561
243  JTTDCMut+R6   87742.971    481 176447.941   177159.113   178869.058
244  JTTDCMut+R7   87734.041    483 176434.082   177153.380   178865.266
WARNING: Log-likelihood -87737.2 of JTTDCMut+R8 worse than JTTDCMut+R7 -87734
245  JTTDCMut+R8   87737.169    485 176444.339   177171.839   178885.589
256  JTTDCMut+F+R6 72544.342    500 146088.684   146880.153   148605.437
257  JTTDCMut+F+R7 72515.123    502 146034.245   146834.581   148561.065
258  JTTDCMut+F+R8 72511.242    504 146030.483   146839.768   148567.371
269  DCMut+R6      92328.488    481 185618.977   186330.148   188040.093
270  DCMut+R7      92290.821    483 185547.642   186266.940   187978.825
271  DCMut+R8      92276.106    485 185522.211   186249.711   187963.462
282  DCMut+F+R6    76614.253    500 154228.506   155019.975   156745.259
283  DCMut+F+R7    76573.571    502 154151.143   154951.479   156677.963
284  DCMut+F+R8    76540.631    504 154089.261   154898.546   156626.149
295  VT+R6         86183.128    481 173328.256   174039.428   175749.372
296  VT+R7         86173.114    483 173312.229   174031.527   175743.412
297  VT+R8         86169.668    485 173309.335   174036.835   175750.586
308  VT+F+R6       69174.321    500 139348.642   140140.112   141865.396
309  VT+F+R7       69159.669    502 139323.339   140123.675   141850.159
WARNING: Log-likelihood -69168.5 of VT+F+R8 worse than VT+F+R7 -69159.7
310  VT+F+R8       69168.470    504 139344.941   140154.225   141881.828
321  PMB+R6        84239.009    481 169440.018   170151.190   171861.135
322  PMB+R7        84228.737    483 169423.474   170142.772   171854.657
323  PMB+R8        84227.874    485 169425.748   170153.248   171866.999
334  PMB+F+R6      68710.618    500 138421.237   139212.706   140937.990
335  PMB+F+R7      68697.021    502 138398.043   139198.379   140924.863
WARNING: Log-likelihood -68709.8 of PMB+F+R8 worse than PMB+F+R7 -68697
336  PMB+F+R8      68709.793    504 138427.586   139236.870   140964.473
347  Blosum62+R6   84244.587    481 169451.173   170162.345   171872.290
348  Blosum62+R7   84233.981    483 169433.961   170153.260   171865.145
349  Blosum62+R8   84233.312    485 169436.625   170164.125   171877.876
360  Blosum62+F+R6 68283.219    500 137566.438   138357.907   140083.191
361  Blosum62+F+R7 68270.015    502 137544.030   138344.366   140070.850
WARNING: Log-likelihood -68281.2 of Blosum62+F+R8 worse than Blosum62+F+R7 -68270
362  Blosum62+F+R8 68281.176    504 137570.353   138379.637   140107.240
373  Dayhoff+R6    92324.747    481 185611.494   186322.665   188032.610
374  Dayhoff+R7    92286.053    483 185538.105   186257.404   187969.289
375  Dayhoff+R8    92272.203    485 185514.407   186241.907   187955.657
386  Dayhoff+F+R6  76618.236    500 154236.473   155027.942   156753.226
387  Dayhoff+F+R7  76574.170    502 154152.339   154952.675   156679.159
388  Dayhoff+F+R8  76543.513    504 154095.026   154904.311   156631.913
399  mtREV+R6      92113.967    481 185189.933   185901.105   187611.050
400  mtREV+R7      92094.493    483 185154.987   185874.285   187586.170
401  mtREV+R8      92079.779    485 185129.559   185857.059   187570.809
412  mtREV+F+R6    74220.723    500 149441.447   150232.916   151958.200
413  mtREV+F+R7    74178.940    502 149361.881   150162.217   151888.701
414  mtREV+F+R8    74169.016    504 149346.031   150155.316   151882.919
425  mtART+R6      90811.252    481 182584.505   183295.676   185005.621
426  mtART+R7      90762.163    483 182490.327   183209.625   184921.511
427  mtART+R8      90748.270    485 182466.540   183194.040   184907.790
438  mtART+F+R6    71710.900    500 144421.800   145213.269   146938.553
439  mtART+F+R7    71675.111    502 144354.222   145154.558   146881.042
440  mtART+F+R8    71649.116    504 144306.233   145115.517   146843.120
451  mtZOA+R6      86126.116    481 173214.232   173925.404   175635.348
452  mtZOA+R7      86092.810    483 173151.619   173870.918   175582.803
453  mtZOA+R8      86090.120    485 173150.240   173877.740   175591.491
464  mtZOA+F+R6    70450.371    500 141900.742   142692.211   144417.495
465  mtZOA+F+R7    70399.325    502 141802.650   142602.986   144329.471
466  mtZOA+F+R8    70394.794    504 141797.589   142606.874   144334.476
477  mtMet+R6      90643.388    481 182248.775   182959.947   184669.892
478  mtMet+R7      90627.499    483 182220.999   182940.297   184652.183
WARNING: Log-likelihood -90630.9 of mtMet+R8 worse than mtMet+R7 -90627.5
479  mtMet+R8      90630.917    485 182231.833   182959.333   184673.084
490  mtMet+F+R6    73329.769    500 147659.539   148451.008   150176.292
491  mtMet+F+R7    73287.139    502 147578.277   148378.613   150105.097
492  mtMet+F+R8    73277.953    504 147563.906   148373.190   150100.793
503  mtVer+R6      92688.608    481 186339.216   187050.388   188760.333
504  mtVer+R7      92671.763    483 186309.527   187028.825   188740.711
505  mtVer+R8      92667.425    485 186304.849   187032.349   188746.100
516  mtVer+F+R6    76144.231    500 153288.462   154079.931   155805.215
517  mtVer+F+R7    76080.920    502 153165.840   153966.176   155692.660
518  mtVer+F+R8    76075.707    504 153159.413   153968.698   155696.301
529  mtInv+R6      89338.440    481 179638.879   180350.051   182059.996
530  mtInv+R7      89323.900    483 179613.800   180333.098   182044.983
531  mtInv+R8      89321.317    485 179612.634   180340.134   182053.884
542  mtInv+F+R6    70533.664    500 142067.328   142858.797   144584.081
543  mtInv+F+R7    70498.044    502 142000.089   142800.425   144526.909
544  mtInv+F+R8    70485.772    504 141979.545   142788.830   144516.432
555  mtMAM+R6      100762.010   481 202486.021   203197.193   204907.137
556  mtMAM+R7      100693.682   483 202353.363   203072.662   204784.547
557  mtMAM+R8      100659.789   485 202289.578   203017.078   204730.829
568  mtMAM+F+R6    82637.295    500 166274.591   167066.060   168791.344
569  mtMAM+F+R7    82567.893    502 166139.786   166940.122   168666.606
570  mtMAM+F+R8    82556.448    504 166120.895   166930.180   168657.783
581  HIVb+R6       96757.080    481 194476.160   195187.332   196897.277
582  HIVb+R7       96718.848    483 194403.696   195122.995   196834.880
583  HIVb+R8       96704.721    485 194379.442   195106.942   196820.692
594  HIVb+F+R6     79460.605    500 159921.209   160712.679   162437.963
595  HIVb+F+R7     79417.154    502 159838.309   160638.645   162365.129
596  HIVb+F+R8     79383.935    504 159775.870   160585.155   162312.757
607  HIVw+R6       108316.189   481 217594.377   218305.549   220015.494
608  HIVw+R7       108239.516   483 217445.032   218164.331   219876.216
609  HIVw+R8       108239.319   485 217448.639   218176.139   219889.889
620  HIVw+F+R6     85577.041    500 172154.082   172945.551   174670.835
621  HIVw+F+R7     85508.053    502 172020.106   172820.442   174546.926
622  HIVw+F+R8     85494.166    504 171996.332   172805.616   174533.219
633  FLU+R6        100078.638   481 201119.275   201830.447   203540.392
634  FLU+R7        100038.601   483 201043.202   201762.501   203474.386
635  FLU+R8        100026.872   485 201023.743   201751.243   203464.994
646  FLU+F+R6      79406.024    500 159812.049   160603.518   162328.802
647  FLU+F+R7      79371.339    502 159746.678   160547.014   162273.499
648  FLU+F+R8      79356.074    504 159720.148   160529.432   162257.035
659  rtREV+R6      85685.316    481 172332.632   173043.804   174753.749
660  rtREV+R7      85682.617    483 172331.234   173050.532   174762.417
672  rtREV+F+R6    69712.991    500 140425.982   141217.451   142942.735
673  rtREV+F+R7    69695.216    502 140394.432   141194.768   142921.252
WARNING: Log-likelihood -69708.7 of rtREV+F+R8 worse than rtREV+F+R7 -69695.2
674  rtREV+F+R8    69708.721    504 140425.443   141234.727   142962.330
685  cpREV+R6      87879.923    481 176721.846   177433.018   179142.962
686  cpREV+R7      87863.826    483 176693.651   177412.950   179124.835
WARNING: Log-likelihood -87874 of cpREV+R8 worse than cpREV+R7 -87863.8
687  cpREV+R8      87874.028    485 176718.056   177445.556   179159.306
698  cpREV+F+R6    70822.219    500 142644.438   143435.907   145161.191
699  cpREV+F+R7    70785.700    502 142575.399   143375.735   145102.220
700  cpREV+F+R8    70759.088    504 142526.176   143335.461   145063.063
Akaike Information Criterion:           Blosum62+F+R7
Corrected Akaike Information Criterion: Blosum62+F+R7
Bayesian Information Criterion:         Blosum62+F+R7
Best-fit model: Blosum62+F+R7 chosen according to BIC

All model information printed to results/tree/PGC_bchP/PGC_bchP.model.gz
CPU time for ModelFinder: 160375.842 seconds (44h:32m:55s)
Wall-clock time for ModelFinder: 160571.975 seconds (44h:36m:11s)
WARNING: States(s) N, D, Q, E, I, L, K, F, P, V rarely appear in alignment and may cause numerical problems

NOTE: 217 MB RAM (0 GB) is required!
Estimate model parameters (epsilon = 0.100)
1. Initial log-likelihood: -68270.015
Optimal log-likelihood: -68269.968
Site proportion and rates:  (0.334,0.015) (0.140,0.253) (0.146,0.685) (0.148,1.374) (0.142,2.219) (0.074,3.401) (0.016,5.401)
Parameters optimization took 1 rounds (22.618 sec)
Computing ML distances based on estimated model parameters...
Computing ML distances took 13.751203 sec (of wall-clock time) 13.746524 sec(of CPU time)
Computing RapidNJ tree took 0.013582 sec (of wall-clock time) 0.023254 sec (of CPU time)
Log-likelihood of RapidNJ tree: -68715.207
--------------------------------------------------------------------
|             INITIALIZING CANDIDATE TREE SET                      |
--------------------------------------------------------------------
Generating 98 parsimony trees... 24.169 second
Computing log-likelihood of 98 initial trees ... 149.202 seconds
Current best score: -68269.968

Do NNI search on 20 best initial trees
Estimate model parameters (epsilon = 0.100)
BETTER TREE FOUND at iteration 1: -68191.119
Estimate model parameters (epsilon = 0.100)
BETTER TREE FOUND at iteration 2: -68166.414
Estimate model parameters (epsilon = 0.100)
BETTER TREE FOUND at iteration 3: -68135.806
Iteration 10 / LogL: -68163.002 / Time: 0h:13m:21s
Iteration 20 / LogL: -68148.727 / Time: 0h:20m:58s
Finish initializing candidate tree set (20)
Current best tree score: -68135.806 / CPU time: 1195.153
Number of iterations: 20
--------------------------------------------------------------------
|               OPTIMIZING CANDIDATE TREE SET                      |
--------------------------------------------------------------------
Iteration 30 / LogL: -68217.655 / Time: 0h:28m:6s (1h:10m:44s left)
Estimate model parameters (epsilon = 0.100)
BETTER TREE FOUND at iteration 34: -68134.596
Estimate model parameters (epsilon = 0.100)
BETTER TREE FOUND at iteration 36: -68130.191
Estimate model parameters (epsilon = 0.100)
BETTER TREE FOUND at iteration 37: -68111.104
Iteration 40 / LogL: -68137.413 / Time: 0h:37m:34s (1h:33m:26s left)
Estimate model parameters (epsilon = 0.100)
BETTER TREE FOUND at iteration 41: -68109.338
Estimate model parameters (epsilon = 0.100)
BETTER TREE FOUND at iteration 42: -68104.017
Iteration 50 / LogL: -68119.094 / Time: 0h:46m:19s (1h:26m:58s left)
Estimate model parameters (epsilon = 0.100)
BETTER TREE FOUND at iteration 53: -68099.790
Iteration 60 / LogL: -68102.143 / Time: 0h:54m:31s (1h:25m:56s left)
Estimate model parameters (epsilon = 0.100)
BETTER TREE FOUND at iteration 63: -68099.237
Iteration 70 / LogL: -68111.542 / Time: 1h:2m:29s (1h:24m:14s left)
Iteration 80 / LogL: -68121.806 / Time: 1h:9m:47s (1h:13m:19s left)
Estimate model parameters (epsilon = 0.100)
BETTER TREE FOUND at iteration 81: -68093.014
Estimate model parameters (epsilon = 0.100)
BETTER TREE FOUND at iteration 89: -68092.140
Iteration 90 / LogL: -68123.254 / Time: 1h:18m:36s (1h:27m:26s left)
Estimate model parameters (epsilon = 0.100)
BETTER TREE FOUND at iteration 100: -68084.695
Iteration 100 / LogL: -68084.695 / Time: 1h:26m:34s (1h:27m:26s left)
Iteration 110 / LogL: -68096.001 / Time: 1h:33m:45s (1h:17m:24s left)
Iteration 120 / LogL: -68103.146 / Time: 1h:40m:21s (1h:7m:28s left)
Iteration 130 / LogL: -68096.737 / Time: 1h:47m:26s (0h:58m:17s left)
Iteration 140 / LogL: -68099.555 / Time: 1h:54m:1s (0h:49m:13s left)
Iteration 150 / LogL: -68095.541 / Time: 2h:1m:35s (0h:40m:47s left)
Iteration 160 / LogL: -68107.998 / Time: 2h:8m:29s (0h:32m:19s left)
Estimate model parameters (epsilon = 0.100)
BETTER TREE FOUND at iteration 161: -68083.577
Iteration 170 / LogL: -68136.526 / Time: 2h:15m:51s (1h:13m:9s left)
Iteration 180 / LogL: -68096.878 / Time: 2h:22m:28s (1h:4m:28s left)
Iteration 190 / LogL: -68104.167 / Time: 2h:29m:24s (0h:56m:7s left)
Iteration 200 / LogL: -68119.449 / Time: 2h:36m:1s (0h:47m:49s left)
Iteration 210 / LogL: -68088.865 / Time: 2h:42m:21s (0h:39m:37s left)
Iteration 220 / LogL: -68103.985 / Time: 2h:49m:0s (0h:31m:38s left)
Iteration 230 / LogL: -68085.649 / Time: 2h:55m:8s (0h:23m:42s left)
Iteration 240 / LogL: -68129.059 / Time: 3h:2m:14s (0h:16m:0s left)
Iteration 250 / LogL: -68124.935 / Time: 3h:8m:42s (0h:8m:20s left)
UPDATE BEST LOG-LIKELIHOOD: -68083.567
Iteration 260 / LogL: -68121.408 / Time: 3h:15m:10s (0h:0m:45s left)
TREE SEARCH COMPLETED AFTER 262 ITERATIONS / Time: 3h:16m:24s

--------------------------------------------------------------------
|                    FINALIZING TREE SEARCH                        |
--------------------------------------------------------------------
Performs final model parameters optimization
Estimate model parameters (epsilon = 0.010)
1. Initial log-likelihood: -68083.567
2. Current log-likelihood: -68083.541
3. Current log-likelihood: -68083.490
4. Current log-likelihood: -68083.454
5. Current log-likelihood: -68083.424
6. Current log-likelihood: -68083.394
7. Current log-likelihood: -68083.378
8. Current log-likelihood: -68083.363
9. Current log-likelihood: -68083.349
10. Current log-likelihood: -68083.326
11. Current log-likelihood: -68083.302
12. Current log-likelihood: -68083.290
13. Current log-likelihood: -68083.277
14. Current log-likelihood: -68083.264
15. Current log-likelihood: -68083.252
16. Current log-likelihood: -68083.240
17. Current log-likelihood: -68083.230
18. Current log-likelihood: -68083.219
19. Current log-likelihood: -68083.208
20. Current log-likelihood: -68083.197
21. Current log-likelihood: -68083.187
22. Current log-likelihood: -68083.176
Optimal log-likelihood: -68083.162
Site proportion and rates:  (0.324,0.012) (0.135,0.227) (0.128,0.588) (0.121,1.133) (0.165,1.900) (0.106,3.103) (0.021,5.151)
Parameters optimization took 22 rounds (279.301 sec)
BEST SCORE FOUND : -68083.162
Total tree length: 19.402

Total number of iterations: 262
CPU time used for tree search: 11699.060 sec (3h:14m:59s)
Wall-clock time used for tree search: 11720.713 sec (3h:15m:20s)
Total CPU time used: 12041.517 sec (3h:20m:41s)
Total wall-clock time used: 12063.645 sec (3h:21m:3s)

Analysis results written to: 
  IQ-TREE report:                results/tree/PGC_bchP/PGC_bchP.iqtree
  Maximum-likelihood tree:       results/tree/PGC_bchP/PGC_bchP.treefile
  Likelihood distances:          results/tree/PGC_bchP/PGC_bchP.mldist
  Screen log file:               results/tree/PGC_bchP/PGC_bchP.log

Date and Time: Sat Jun 22 09:50:45 2024
