IQ-TREE multicore version 2.1.4-beta COVID-edition for Linux 64-bit built Jun 24 2021
Developed by Bui Quang Minh, James Barbetti, Nguyen Lam Tung,
Olga Chernomor, Heiko Schmidt, Dominik Schrempf, Michael Woodhams.

Host:    morrowind (AVX2, FMA3, 503 GB RAM)
Command: iqtree2 -s results/fasta_PGC/gene_trimmed/PGC_bchI_trim.phy -pre results/tree/PGC_bchI/PGC_bchI
Seed:    547312 (Using SPRNG - Scalable Parallel Random Number Generator)
Time:    Thu Jun 20 09:53:29 2024
Kernel:  AVX+FMA - 1 threads (128 CPU cores detected)

HINT: Use -nt option to specify number of threads because your CPU has 128 cores!
HINT: -nt AUTO will automatically determine the best number of threads to use.

Reading alignment file results/fasta_PGC/gene_trimmed/PGC_bchI_trim.phy ... Phylip format detected
Alignment most likely contains protein sequences
WARNING: 81 sites contain only gaps or ambiguous characters.
Alignment has 235 sequences with 945 columns, 644 distinct patterns
503 parsimony-informative, 60 singleton sites, 382 constant sites
                                              Gap/Ambiguity  Composition  p-value
   1  GCA_011765465.1_ASM1176546v1                   21.06%    passed     95.47%
   2  GCA_015693905.1_ASM1569390v1                   21.59%    passed     96.98%
   3  GCA_016745215.1_scaff03                        20.95%    passed     99.98%
   4  GCA_019285715.1_ASM1928571v1                   23.28%    passed     99.48%
   5  GCA_019739335.1_ASM1973933v1                   22.01%    passed    100.00%
   6  GCF_000013085.1_ASM1308v1                      22.65%    passed    100.00%
   7  GCF_000013365.1_ASM1336v1                      21.38%    passed    100.00%
   8  GCF_000013565.1_ASM1356v1                      22.43%    passed     99.99%
   9  GCF_000014045.1_ASM1404v1                      22.01%    passed     99.98%
  10  GCF_000015165.1_ASM1516v1                      22.12%    passed    100.00%
  11  GCF_000015585.1_ASM1558v1                      21.27%    passed     99.78%
  12  GCF_000016185.1_ASM1618v1                      21.90%    passed    100.00%
  13  GCF_000018145.1_ASM1814v1                      21.80%    passed     99.97%
  14  GCF_000019365.1_ASM1936v1                      24.76%    passed     11.38%
  15  GCF_000019725.1_ASM1972v1                      23.39%    passed     95.81%
  16  GCF_000020445.1_ASM2044v1                      21.69%    passed     99.99%
  17  GCF_000021005.1_ASM2100v1                      22.43%    passed    100.00%
  18  GCF_000021745.1_ASM2174v1                      22.33%    passed    100.00%
  19  GCF_000021865.1_ASM2186v1                      22.12%    passed    100.00%
  20  GCF_000025485.1_ASM2548v1                      21.48%    passed     92.35%
  21  GCF_000026145.1_ASM2614v1                      21.90%    passed    100.00%
  22  GCF_000144605.1_ASM14460v1                     22.43%    passed    100.00%
  23  GCF_000154785.2_ASM15478v2                     21.59%    passed     99.96%
  24  GCF_000166055.1_ASM16605v1                     22.33%    passed    100.00%
  25  GCF_000195775.2_ASM19577v2                     21.69%    passed     99.99%
  26  GCF_000202835.1_ASM20283v1                     23.70%    passed     77.33%
  27  GCF_000224005.2_ASM22400v3                     21.90%    passed     99.90%
  28  GCF_000225955.1_ASM22595v1                     22.65%    passed    100.00%
  29  GCF_000227745.2_ASM22774v3                     22.43%    passed     99.95%
  30  GCF_000284255.1_ASM28425v1                     21.90%    passed    100.00%
  31  GCF_000284275.1_ASM28427v1                     22.43%    passed    100.00%
  32  GCF_000284415.1_ASM28441v2                     23.49%    passed     98.20%
  33  GCF_000327045.1_ASM32704v1                     22.12%    passed    100.00%
  34  GCF_000344805.1_ASM34480v1                     22.22%    passed    100.00%
  35  GCF_000364445.2_ASM36444v2                     23.49%    passed     99.74%
  36  GCF_000512205.2_ASM51220v2                     23.70%    passed     99.98%
  37  GCF_000590925.1_ASM59092v1                     21.90%    passed    100.00%
  38  GCF_000738435.1_ASM73843v1                     21.38%    passed     95.67%
  39  GCF_000757795.1_ASM75779v1                     23.81%    passed     94.34%
  40  GCF_000935025.1_ASM93502v1                     23.28%    passed    100.00%
  41  GCF_000973625.1_ASM97362v1                     18.20%    failed      0.00%
  42  GCF_001304795.1_ASM130479v1                    21.69%    passed    100.00%
  43  GCF_001402875.1_ASM140287v1                    22.12%    passed    100.00%
  44  GCF_001412535.1_ASM141253v1                    21.48%    passed     99.22%
  45  GCF_001412575.1_ASM141257v1                    20.74%    passed     94.91%
  46  GCF_001459775.1_Blastochloris_viridis_genome   22.12%    passed    100.00%
  47  GCF_001483865.1_ASM148386v1                    22.43%    passed    100.00%
  48  GCF_001548015.1_ASM154801v1                    24.66%    passed     38.43%
  49  GCF_001548075.1_ASM154807v1                    21.59%    passed     99.75%
  50  GCF_001576595.1_ASM157659v1                    22.43%    passed    100.00%
  51  GCF_001632845.1_ASM163284v1                    21.90%    passed    100.00%
  52  GCF_001633145.1_ASM163314v1                    21.59%    passed     99.75%
  53  GCF_001633165.1_ASM163316v1                    21.59%    passed     99.75%
  54  GCF_001663155.1_ASM166315v1                    20.21%    passed     97.25%
  55  GCF_001663175.1_ASM166317v1                    21.48%    passed    100.00%
  56  GCF_001685625.1_ASM168562v1                    22.43%    passed    100.00%
  57  GCF_001713355.1_ASM171335v1                    22.43%    passed    100.00%
  58  GCF_001713375.1_ASM171337v1                    22.12%    passed    100.00%
  59  GCF_001713435.1_ASM171343v1                    22.01%    passed    100.00%
  60  GCF_001713455.1_ASM171345v1                    26.03%    passed     99.99%
  61  GCF_001713475.1_ASM171347v1                    21.06%    passed     99.79%
  62  GCF_001719165.1_ASM171916v1                    21.48%    passed     99.97%
  63  GCF_001720465.1_ASM172046v1                    21.69%    passed    100.00%
  64  GCF_001854385.1_ASM185438v1                    23.49%    passed     96.52%
  65  GCF_001870665.2_ASM187066v2                    22.12%    passed    100.00%
  66  GCF_001886735.1_ASM188673v1                    22.01%    passed    100.00%
  67  GCF_001936175.1_ASM193617v1                    23.70%    passed     96.50%
  68  GCF_001955735.1_ASM195573v1                    21.38%    passed     99.50%
  69  GCF_001969365.1_ASM196936v1                    20.95%    passed     84.61%
  70  GCF_002002865.1_ASM200286v1                    22.65%    passed    100.00%
  71  GCF_002073975.1_ASM207397v1                    21.69%    passed    100.00%
  72  GCF_002079305.1_ASM207930v1                    21.59%    passed     98.78%
  73  GCF_002080415.1_ASM208041v1                    22.12%    passed     99.98%
  74  GCF_002158905.1_ASM215890v1                    21.27%    passed     99.56%
  75  GCF_002266435.2_ASM226643v2                    22.43%    passed     99.99%
  76  GCF_002407205.1_ASM240720v1                    22.33%    passed    100.00%
  77  GCF_002706325.1_ASM270632v1                    22.43%    passed    100.00%
  78  GCF_002813775.1_ASM281377v1                    21.80%    passed    100.00%
  79  GCF_002868735.1_ASM286873v1                    20.95%    passed     99.99%
  80  GCF_002952215.1_ASM295221v1                    21.59%    passed     99.99%
  81  GCF_002983865.1_ASM298386v1                    22.01%    passed     99.98%
  82  GCF_003031245.1_ASM303124v1                    21.80%    passed    100.00%
  83  GCF_003031265.1_ASM303126v1                    21.80%    passed    100.00%
  84  GCF_003065365.1_ASM306536v1                    21.06%    passed     94.06%
  85  GCF_003071405.1_ASM307140v1                    22.75%    passed    100.00%
  86  GCF_003173715.1_ASM317371v1                    27.20%    passed     87.34%
  87  GCF_003173735.1_ASM317373v1                    24.55%    passed     12.90%
  88  GCF_003173755.1_ASM317375v1                    24.55%    passed     59.55%
  89  GCF_003173775.1_ASM317377v1                    24.87%    passed     51.16%
  90  GCF_003254375.1_ASM325437v1                    23.81%    passed     94.34%
  91  GCF_003264115.1_ASM326411v1                    21.59%    passed    100.00%
  92  GCF_003288315.1_ASM328831v1                    22.12%    passed     99.98%
  93  GCF_003324715.1_ASM332471v1                    22.43%    passed    100.00%
  94  GCF_003352165.1_ASM335216v1                    22.75%    passed     79.34%
  95  GCF_003429265.1_ASM342926v1                    22.54%    passed    100.00%
  96  GCF_003431825.1_ASM343182v1                    21.80%    passed    100.00%
  97  GCF_003855495.1_ASM385549v1                    22.43%    passed    100.00%
  98  GCF_003940805.1_ASM394080v1                    22.54%    passed    100.00%
  99  GCF_003952725.1_ASM395272v1                    21.80%    passed     98.35%
 100  GCF_003966715.1_ASM396671v1                    21.59%    passed     99.98%
 101  GCF_004114955.1_ASM411495v1                    25.29%    passed    100.00%
 102  GCF_004136295.1_ASM413629v1                    23.07%    passed     93.76%
 103  GCF_004216475.1_ASM421647v1                    22.75%    passed    100.00%
 104  GCF_004331955.1_ASM433195v1                    22.54%    passed     99.98%
 105  GCF_004354345.1_ASM435434v1                    23.60%    passed     92.74%
 106  GCF_005311585.1_ASM531158v1                    22.43%    passed    100.00%
 107  GCF_005860795.2_ASM586079v2                    21.06%    passed     99.99%
 108  GCF_006542605.1_ASM654260v1                    21.48%    passed     99.98%
 109  GCF_007005445.1_ASM700544v1                    21.69%    passed    100.00%
 110  GCF_007290395.1_ASM729039v1                    22.33%    passed    100.00%
 111  GCF_007954425.1_ASM795442v1                    21.48%    passed     99.75%
 112  GCF_008000895.1_ASM800089v1                    23.49%    passed     99.83%
 113  GCF_008000915.1_ASM800091v1                    20.74%    passed     96.45%
 114  GCF_008728195.1_ASM872819v1                    22.12%    passed    100.00%
 115  GCF_008843145.1_ASM884314v1                    26.77%    passed     75.24%
 116  GCF_008932115.1_ASM893211v1                    22.33%    passed    100.00%
 117  GCF_009363255.1_ASM936325v1                    21.80%    passed     98.47%
 118  GCF_009363495.1_ASM936349v1                    21.80%    passed     98.47%
 119  GCF_009363575.1_ASM936357v1                    21.90%    passed    100.00%
 120  GCF_009363615.1_ASM936361v1                    21.38%    passed     99.99%
 121  GCF_009363635.1_ASM936363v1                    21.16%    passed     99.97%
 122  GCF_009363655.1_ASM936365v1                    22.86%    passed    100.00%
 123  GCF_009363715.1_ASM936371v1                    22.75%    passed    100.00%
 124  GCF_009363735.1_ASM936373v1                    22.86%    passed    100.00%
 125  GCF_009363795.1_ASM936379v1                    21.80%    passed    100.00%
 126  GCF_009650195.1_ASM965019v1                    20.95%    passed     99.26%
 127  GCF_009664085.1_ASM966408v1                    21.48%    passed     99.26%
 128  GCF_009685175.1_ASM968517v1                    22.65%    passed     99.99%
 129  GCF_009707465.1_ASM970746v1                    22.43%    passed     99.99%
 130  GCF_009762325.1_ASM976232v1                    22.65%    passed     99.99%
 131  GCF_009797665.1_ASM979766v1                    22.43%    passed    100.00%
 132  GCF_009859815.1_ASM985981v1                    22.43%    passed    100.00%
 133  GCF_009913435.1_ASM991343v1                    22.22%    passed     91.75%
 134  GCF_010104355.1_ASM1010435v1                   22.43%    passed    100.00%
 135  GCF_011040475.1_ASM1104047v1                   22.65%    passed     99.93%
 136  GCF_011044255.1_ASM1104425v1                   22.96%    passed    100.00%
 137  GCF_011047315.1_ASM1104731v1                   21.06%    passed     99.98%
 138  GCF_011290485.1_ASM1129048v1                   20.85%    passed     98.26%
 139  GCF_011388215.1_ASM1138821v1                   22.86%    passed     99.84%
 140  GCF_012647365.1_ASM1264736v1                   22.43%    passed    100.00%
 141  GCF_012932215.1_ASM1293221v1                   21.90%    passed     99.99%
 142  GCF_013170845.1_ASM1317084v1                   22.12%    passed     78.31%
 143  GCF_013307245.1_ASM1330724v1                   18.84%    failed      0.01%
 144  GCF_013374095.1_ASM1337409v1                   23.39%    passed     99.96%
 145  GCF_013378075.1_ASM1337807v1                   20.95%    passed     99.98%
 146  GCF_013415845.1_ASM1341584v1                   21.69%    passed    100.00%
 147  GCF_014117445.1_ASM1411744v1                   23.70%    passed     99.91%
 148  GCF_014495845.1_ASM1449584v1                   22.86%    passed     99.65%
 149  GCF_014622665.1_ASM1462266v1                   22.33%    passed    100.00%
 150  GCF_014681765.1_ASM1468176v1                   22.33%    passed     99.99%
 151  GCF_015679265.1_ASM1567926v1                   23.07%    passed    100.00%
 152  GCF_016584445.1_ASM1658444v1                   21.69%    passed     99.99%
 153  GCF_016653635.2_ASM1665363v2                   23.81%    passed     81.17%
 154  GCF_016765655.2_ASM1676565v2                   23.49%    passed     94.24%
 155  GCF_016806065.1_ASM1680606v1                   20.95%    passed     99.33%
 156  GCF_016806835.2_ASM1680683v2                   23.39%    passed     93.94%
 157  GCF_016839165.1_ASM1683916v1                   22.01%    passed    100.00%
 158  GCF_017347565.1_ASM1734756v1                   27.72%    passed     69.41%
 159  GCF_017498565.1_ASM1749856v1                   20.21%    passed     78.13%
 160  GCF_017795885.1_ASM1779588v1                   22.75%    passed     99.99%
 161  GCF_018200035.1_ASM1820003v1                   21.90%    passed    100.00%
 162  GCF_018205975.1_ASM1820597v1                   21.16%    passed     99.97%
 163  GCF_018399035.1_ASM1839903v1                   22.12%    passed    100.00%
 164  GCF_018409545.1_ASM1840954v1                   21.38%    passed     87.74%
 165  GCF_018687415.1_ASM1868741v1                   19.68%    passed      8.34%
 166  GCF_018687475.1_ASM1868747v1                   21.16%    passed     98.24%
 167  GCF_018687675.1_ASM1868767v1                   18.20%    failed      0.00%
 168  GCF_018688155.1_ASM1868815v1                   19.47%    passed      7.81%
 169  GCF_018688255.1_ASM1868825v1                   18.20%    failed      0.00%
 170  GCF_018982885.2_ASM1898288v2                   22.43%    passed    100.00%
 171  GCF_019134555.1_ASM1913455v1                   22.65%    passed    100.00%
 172  GCF_019203965.1_ASM1920396v1                   23.49%    passed     83.96%
 173  GCF_019431245.1_ASM1943124v1                   22.43%    passed    100.00%
 174  GCF_019443285.1_ASM1944328v1                   22.22%    passed    100.00%
 175  GCF_019623905.1_ASM1962390v1                   23.07%    passed     99.85%
 176  GCF_019904235.1_ASM1990423v1                   21.38%    passed     99.87%
 177  GCF_019973775.1_ASM1997377v1                   22.96%    passed     99.98%
 178  GCF_020866845.1_ASM2086684v1                   22.96%    passed    100.00%
 179  GCF_021088345.1_ASM2108834v1                   21.69%    passed    100.00%
 180  GCF_021228015.1_ASM2122801v1                   24.87%    passed     48.76%
 181  GCF_021228795.1_ASM2122879v1                   21.90%    passed    100.00%
 182  GCF_021391315.1_ASM2139131v1                   22.54%    passed    100.00%
 183  GCF_021391535.1_ASM2139153v1                   24.23%    passed     99.14%
 184  GCF_021398735.1_ASM2139873v1                   23.39%    passed     97.67%
 185  GCF_021431965.1_ASM2143196v1                   21.69%    passed    100.00%
 186  GCF_021484845.1_ASM2148484v1                   23.49%    passed     95.88%
 187  GCF_022227035.1_ASM2222703v1                   22.54%    passed    100.00%
 188  GCF_022370455.1_ASM2237045v1                   25.61%    passed     99.99%
 189  GCF_022410435.1_ASM2241043v1                   23.39%    passed     99.82%
 190  GCF_022533465.1_ASM2253346v1                   23.60%    passed     97.99%
 191  GCF_022558965.1_ASM2255896v1                   23.60%    passed     80.79%
 192  GCF_022846615.1_ASM2284661v1                   23.17%    passed     99.98%
 193  GCF_023243115.1_ASM2324311v1                   22.33%    passed    100.00%
 194  GCF_023380025.1_ASM2338002v1                   22.01%    passed    100.00%
 195  GCF_023558335.1_ASM2355833v1                   21.80%    passed     99.97%
 196  GCF_023558355.1_ASM2355835v1                   21.80%    passed     99.97%
 197  GCF_023573145.1_ASM2357314v1                   23.17%    passed     99.81%
 198  GCF_023823125.1_ASM2382312v1                   21.69%    passed    100.00%
 199  GCF_024496245.1_ASM2449624v1                   22.96%    passed    100.00%
 200  GCF_024758705.1_ASM2475870v1                   24.02%    passed    100.00%
 201  GCF_024758725.1_ASM2475872v1                   24.87%    passed    100.00%
 202  GCF_025141175.1_ASM2514117v1                   22.65%    passed    100.00%
 203  GCF_025141935.1_ASM2514193v1                   21.48%    passed     99.98%
 204  GCF_025398155.2_ASM2539815v2                   22.33%    passed    100.00%
 205  GCF_025811215.1_ASM2581121v1                   21.80%    passed    100.00%
 206  GCF_025811355.1_ASM2581135v1                   21.80%    passed    100.00%
 207  GCF_025811435.1_ASM2581143v1                   21.80%    passed    100.00%
 208  GCF_025813715.1_ASM2581371v1                   27.72%    passed     40.49%
 209  GCF_025917005.1_ASM2591700v1                   21.69%    passed    100.00%
 210  GCF_026167525.1_ASM2616752v1                   23.17%    passed    100.00%
 211  GCF_026167545.1_ASM2616754v1                   22.86%    passed    100.00%
 212  GCF_026625025.1_ASM2662502v1                   21.69%    passed     99.99%
 213  GCF_026898155.1_ASM2689815v1                   22.75%    passed    100.00%
 214  GCF_027271155.1_ASM2727115v1                   22.54%    passed    100.00%
 215  GCF_027886585.1_ASM2788658v1                   21.90%    passed    100.00%
 216  GCF_027912195.1_ASM2791219v1                   21.69%    passed     99.99%
 217  GCF_027943985.1_ASM2794398v1                   19.37%    failed      1.05%
 218  GCF_027944005.1_ASM2794400v1                   19.37%    failed      1.05%
 219  GCF_028621955.1_ASM2862195v1                   21.69%    passed    100.00%
 220  GCF_028885395.1_ASM2888539v1                   22.12%    passed     99.35%
 221  GCF_029277405.1_ASM2927740v1                   22.33%    passed    100.00%
 222  GCF_029581395.1_ASM2958139v1                   22.12%    passed    100.00%
 223  GCF_029691625.1_ASM2969162v1                   23.70%    passed     96.50%
 224  GCF_029714205.1_ASM2971420v1                   24.76%    passed     11.38%
 225  GCF_029761955.1_ASM2976195v1                   24.66%    passed     65.84%
 226  GCF_030252425.1_ASM3025242v1                   24.44%    passed     44.45%
 227  GCF_030297555.1_ASM3029755v1                   20.95%    passed     97.87%
 228  GCF_030297575.1_ASM3029757v1                   20.85%    passed     96.22%
 229  GCF_030297595.1_ASM3029759v1                   20.85%    passed     96.22%
 230  GCF_030297615.1_ASM3029761v1                   21.16%    passed     98.82%
 231  GCF_030297635.1_ASM3029763v1                   20.85%    passed     94.00%
 232  GCF_030297655.1_ASM3029765v1                   20.85%    passed     94.00%
 233  GCF_030297675.1_ASM3029767v1                   20.85%    passed     94.00%
 234  GCF_900176205.1_BRAD285_PRJEB202261_v1         22.12%    passed    100.00%
 235  GCF_937425535.1_Rhodovastum_atsumiense_G2-11   22.75%    passed     98.60%
****  TOTAL                                          22.30%  6 sequences failed composition chi2 test (p-value<5%; df=19)
NOTE: GCF_000225955.1_ASM22595v1 is identical to GCF_000013085.1_ASM1308v1 but kept for subsequent analysis
NOTE: GCF_002983865.1_ASM298386v1 is identical to GCF_000014045.1_ASM1404v1 but kept for subsequent analysis
NOTE: GCF_023558335.1_ASM2355833v1 is identical to GCF_000018145.1_ASM1814v1 but kept for subsequent analysis
NOTE: GCF_029714205.1_ASM2971420v1 is identical to GCF_000019365.1_ASM1936v1 but kept for subsequent analysis
NOTE: GCF_000195775.2_ASM19577v2 is identical to GCF_000020445.1_ASM2044v1 but kept for subsequent analysis
NOTE: GCF_001576595.1_ASM157659v1 is identical to GCF_000021005.1_ASM2100v1 but kept for subsequent analysis
NOTE: GCF_003254375.1_ASM325437v1 is identical to GCF_000757795.1_ASM75779v1 but kept for subsequent analysis
NOTE: GCF_018687675.1_ASM1868767v1 is identical to GCF_000973625.1_ASM97362v1 but kept for subsequent analysis
NOTE: GCF_001459775.1_Blastochloris_viridis_genome is identical to GCF_001402875.1_ASM140287v1 but kept for subsequent analysis
NOTE: GCF_001633145.1_ASM163314v1 is identical to GCF_001548075.1_ASM154807v1 but kept for subsequent analysis
NOTE: GCF_029691625.1_ASM2969162v1 is identical to GCF_001936175.1_ASM193617v1 but kept for subsequent analysis
NOTE: GCF_025811215.1_ASM2581121v1 is identical to GCF_003031245.1_ASM303124v1 but kept for subsequent analysis
NOTE: GCF_021391315.1_ASM2139131v1 is identical to GCF_003429265.1_ASM342926v1 but kept for subsequent analysis
NOTE: GCF_009363495.1_ASM936349v1 is identical to GCF_009363255.1_ASM936325v1 but kept for subsequent analysis
NOTE: GCF_009363735.1_ASM936373v1 is identical to GCF_009363655.1_ASM936365v1 but kept for subsequent analysis
NOTE: GCF_010104355.1_ASM1010435v1 is identical to GCF_009859815.1_ASM985981v1 but kept for subsequent analysis
NOTE: GCF_027944005.1_ASM2794400v1 is identical to GCF_027943985.1_ASM2794398v1 but kept for subsequent analysis
NOTE: GCF_030297595.1_ASM3029759v1 is identical to GCF_030297575.1_ASM3029757v1 but kept for subsequent analysis
NOTE: GCF_030297655.1_ASM3029765v1 is identical to GCF_030297635.1_ASM3029763v1 but kept for subsequent analysis
NOTE: 15 identical sequences (see below) will be ignored for subsequent analysis
NOTE: GCF_019134555.1_ASM1913455v1 (identical to GCF_000013085.1_ASM1308v1) is ignored but added at the end
NOTE: GCF_023558355.1_ASM2355835v1 (identical to GCF_000018145.1_ASM1814v1) is ignored but added at the end
NOTE: GCF_016584445.1_ASM1658444v1 (identical to GCF_000020445.1_ASM2044v1) is ignored but added at the end
NOTE: GCF_026625025.1_ASM2662502v1 (identical to GCF_000020445.1_ASM2044v1) is ignored but added at the end
NOTE: GCF_027912195.1_ASM2791219v1 (identical to GCF_000020445.1_ASM2044v1) is ignored but added at the end
NOTE: GCF_001685625.1_ASM168562v1 (identical to GCF_000021005.1_ASM2100v1) is ignored but added at the end
NOTE: GCF_002706325.1_ASM270632v1 (identical to GCF_000021005.1_ASM2100v1) is ignored but added at the end
NOTE: GCF_003324715.1_ASM332471v1 (identical to GCF_000021005.1_ASM2100v1) is ignored but added at the end
NOTE: GCF_005311585.1_ASM531158v1 (identical to GCF_000021005.1_ASM2100v1) is ignored but added at the end
NOTE: GCF_009797665.1_ASM979766v1 (identical to GCF_000021005.1_ASM2100v1) is ignored but added at the end
NOTE: GCF_012647365.1_ASM1264736v1 (identical to GCF_000021005.1_ASM2100v1) is ignored but added at the end
NOTE: GCF_001633165.1_ASM163316v1 (identical to GCF_001548075.1_ASM154807v1) is ignored but added at the end
NOTE: GCF_025811355.1_ASM2581135v1 (identical to GCF_003031245.1_ASM303124v1) is ignored but added at the end
NOTE: GCF_025811435.1_ASM2581143v1 (identical to GCF_003031245.1_ASM303124v1) is ignored but added at the end
NOTE: GCF_030297675.1_ASM3029767v1 (identical to GCF_030297635.1_ASM3029763v1) is ignored but added at the end
Alignment was printed to results/tree/PGC_bchI/PGC_bchI.uniqueseq.phy

For your convenience alignment with unique sequences printed to results/tree/PGC_bchI/PGC_bchI.uniqueseq.phy


Create initial parsimony tree by phylogenetic likelihood library (PLL)... 0.226 seconds
Perform fast likelihood tree search using LG+I+G model...
Estimate model parameters (epsilon = 5.000)
Perform nearest neighbor interchange...
Estimate model parameters (epsilon = 1.000)
1. Initial log-likelihood: -57772.449
Optimal log-likelihood: -57772.409
Proportion of invariable sites: 0.299
Gamma shape alpha: 0.851
Parameters optimization took 1 rounds (2.249 sec)
Time for fast ML tree search: 26.112 seconds

NOTE: ModelFinder requires 225 MB RAM!
ModelFinder will test up to 702 protein models (sample size: 945) ...
 No. Model         -LnL         df  AIC          AICc         BIC
  1  LG            64667.179    437 130208.357   130963.410   132328.325
  2  LG+I          61177.042    438 123230.085   123990.092   125354.904
  3  LG+G4         57927.412    438 116730.824   117490.832   118855.643
  4  LG+I+G4       57772.413    439 116422.827   117187.817   118552.497
  5  LG+R2         59045.369    439 118968.739   119733.729   121098.409
  6  LG+R3         58103.867    441 117089.734   117864.772   119229.106
  7  LG+R4         57880.736    443 116647.471   117432.669   118796.546
  8  LG+R5         57819.192    445 116528.383   117323.854   118687.161
  9  LG+R6         57735.707    447 116365.414   117171.273   118533.893
 10  LG+R7         57727.312    449 116352.625   117168.988   118530.807
 11  LG+R8         57722.885    451 116347.770   117174.756   118535.655
 22  LG+F+R6       46939.910    466 94811.820    95722.372    97072.472
 23  LG+F+R7       46925.890    468 94787.779    95710.014    97058.134
WARNING: Log-likelihood -46944 of LG+F+R8 worse than LG+F+R7 -46925.9
 24  LG+F+R8       46943.962    470 94827.924    95761.975    97107.981
 35  WAG+R6        57632.349    447 116158.698   116964.557   118327.178
 36  WAG+R7        57609.602    449 116117.203   116933.567   118295.385
WARNING: Log-likelihood -57627.5 of WAG+R8 worse than WAG+R7 -57609.6
 37  WAG+R8        57627.524    451 116157.048   116984.034   118344.933
 48  WAG+F+R6      47168.027    466 95268.053    96178.606    97528.705
 49  WAG+F+R7      47149.760    468 95235.519    96157.754    97505.874
WARNING: Log-likelihood -47153.9 of WAG+F+R8 worse than WAG+F+R7 -47149.8
 50  WAG+F+R8      47153.935    470 95247.870    96181.921    97527.927
 61  JTT+R6        59139.677    447 119173.353   119979.213   121341.833
 62  JTT+R7        59128.960    449 119155.920   119972.283   121334.102
WARNING: Log-likelihood -59138.9 of JTT+R8 worse than JTT+R7 -59129
 63  JTT+R8        59138.948    451 119179.896   120006.882   121367.781
 74  JTT+F+R6      49491.328    466 99914.655    100825.208   102175.307
 75  JTT+F+R7      49469.926    468 99875.852    100798.087   102146.207
WARNING: Log-likelihood -49481.6 of JTT+F+R8 worse than JTT+F+R7 -49469.9
 76  JTT+F+R8      49481.632    470 99903.263    100837.314   102183.320
 87  Q.pfam+R6     57738.139    447 116370.279   117176.138   118538.759
 88  Q.pfam+R7     57727.715    449 116353.430   117169.793   118531.612
WARNING: Log-likelihood -57736.2 of Q.pfam+R8 worse than Q.pfam+R7 -57727.7
 89  Q.pfam+R8     57736.212    451 116374.424   117201.410   118562.309
100  Q.pfam+F+R6   47241.452    466 95414.904    96325.457    97675.557
101  Q.pfam+F+R7   47227.151    468 95390.302    96312.537    97660.656
WARNING: Log-likelihood -47243.7 of Q.pfam+F+R8 worse than Q.pfam+F+R7 -47227.2
102  Q.pfam+F+R8   47243.727    470 95427.453    96361.504    97707.510
113  Q.bird+R6     62245.695    447 125385.390   126191.249   127553.869
114  Q.bird+R7     62238.477    449 125374.953   126191.317   127553.135
WARNING: Log-likelihood -62242.2 of Q.bird+R8 worse than Q.bird+R7 -62238.5
115  Q.bird+R8     62242.220    451 125386.441   126213.427   127574.325
126  Q.bird+F+R6   53051.548    466 107035.097   107945.649   109295.749
127  Q.bird+F+R7   53019.956    468 106975.912   107898.148   109246.267
128  Q.bird+F+R8   53018.289    470 106976.579   107910.629   109256.636
139  Q.mammal+R6   61156.660    447 123207.320   124013.179   125375.800
140  Q.mammal+R7   61152.645    449 123203.291   124019.655   125381.473
152  Q.mammal+F+R6 51583.525    466 104099.050   105009.602   106359.702
153  Q.mammal+F+R7 51556.581    468 104049.161   104971.397   106319.516
154  Q.mammal+F+R8 51556.139    470 104052.277   104986.328   106332.334
165  Q.insect+R6   59189.404    447 119272.807   120078.667   121441.287
166  Q.insect+R7   59183.728    449 119265.457   120081.821   121443.639
178  Q.insect+F+R6 47681.887    466 96295.773    97206.325    98556.425
179  Q.insect+F+R7 47667.794    468 96271.588    97193.824    98541.943
180  Q.insect+F+R8 47665.533    470 96271.066    97205.116    98551.123
191  Q.plant+R6    61832.716    447 124559.431   125365.291   126727.911
192  Q.plant+R7    61817.839    449 124533.679   125350.042   126711.861
WARNING: Log-likelihood -61830.7 of Q.plant+R8 worse than Q.plant+R7 -61817.8
193  Q.plant+R8    61830.717    451 124563.433   125390.419   126751.318
204  Q.plant+F+R6  50840.884    466 102613.768   103524.320   104874.420
205  Q.plant+F+R7  50826.937    468 102589.874   103512.109   104860.228
206  Q.plant+F+R8  50826.766    470 102593.532   103527.582   104873.589
217  Q.yeast+R6    59986.945    447 120867.890   121673.749   123036.369
218  Q.yeast+R7    59976.895    449 120851.790   121668.154   123029.972
WARNING: Log-likelihood -59983.4 of Q.yeast+R8 worse than Q.yeast+R7 -59976.9
219  Q.yeast+R8    59983.384    451 120868.767   121695.753   123056.652
230  Q.yeast+F+R6  47637.629    466 96207.259    97117.811    98467.911
231  Q.yeast+F+R7  47626.355    468 96188.711    97110.946    98459.065
232  Q.yeast+F+R8  47627.056    470 96194.112    97128.162    98474.169
243  JTTDCMut+R6   58979.324    447 118852.649   119658.508   121021.129
244  JTTDCMut+R7   58967.310    449 118832.619   119648.983   121010.801
WARNING: Log-likelihood -58978.6 of JTTDCMut+R8 worse than JTTDCMut+R7 -58967.3
245  JTTDCMut+R8   58978.591    451 118859.181   119686.167   121047.066
256  JTTDCMut+F+R6 49368.353    466 99668.707    100579.259   101929.359
257  JTTDCMut+F+R7 49345.419    468 99626.838    100549.073   101897.193
WARNING: Log-likelihood -49358.6 of JTTDCMut+F+R8 worse than JTTDCMut+F+R7 -49345.4
258  JTTDCMut+F+R8 49358.571    470 99657.142    100591.193   101937.199
269  DCMut+R6      62277.809    447 125449.617   126255.476   127618.097
270  DCMut+R7      62244.194    449 125386.387   126202.751   127564.569
271  DCMut+R8      62235.257    451 125372.514   126199.500   127560.399
282  DCMut+F+R6    52193.341    466 105318.681   106229.234   107579.334
283  DCMut+F+R7    52175.406    468 105286.811   106209.046   107557.166
284  DCMut+F+R8    52173.854    470 105287.708   106221.759   107567.765
295  VT+R6         57872.664    447 116639.328   117445.187   118807.807
296  VT+R7         57863.136    449 116624.272   117440.636   118802.454
WARNING: Log-likelihood -57871.7 of VT+R8 worse than VT+R7 -57863.1
297  VT+R8         57871.749    451 116645.499   117472.484   118833.383
308  VT+F+R6       46923.087    466 94778.174    95688.726    97038.826
309  VT+F+R7       46914.758    468 94765.516    95687.751    97035.871
WARNING: Log-likelihood -46921.1 of VT+F+R8 worse than VT+F+R7 -46914.8
310  VT+F+R8       46921.080    470 94782.160    95716.210    97062.217
321  PMB+R6        56611.909    447 114117.818   114923.677   116286.298
322  PMB+R7        56600.486    449 114098.972   114915.336   116277.154
WARNING: Log-likelihood -56608.5 of PMB+R8 worse than PMB+R7 -56600.5
323  PMB+R8        56608.538    451 114119.076   114946.062   116306.961
334  PMB+F+R6      46623.214    466 94178.428    95088.981    96439.081
335  PMB+F+R7      46608.928    468 94153.857    95076.092    96424.211
WARNING: Log-likelihood -46620.8 of PMB+F+R8 worse than PMB+F+R7 -46608.9
336  PMB+F+R8      46620.812    470 94181.623    95115.674    96461.680
347  Blosum62+R6   56606.901    447 114107.803   114913.662   116276.282
348  Blosum62+R7   56596.605    449 114091.209   114907.573   116269.391
WARNING: Log-likelihood -56603.6 of Blosum62+R8 worse than Blosum62+R7 -56596.6
349  Blosum62+R8   56603.625    451 114109.250   114936.235   116297.134
360  Blosum62+F+R6 46247.192    466 93426.383    94336.935    95687.035
361  Blosum62+F+R7 46237.410    468 93410.820    94333.056    95681.175
WARNING: Log-likelihood -46244.4 of Blosum62+F+R8 worse than Blosum62+F+R7 -46237.4
362  Blosum62+F+R8 46244.445    470 93428.890    94362.941    95708.947
373  Dayhoff+R6    62276.988    447 125447.977   126253.836   127616.456
374  Dayhoff+R7    62236.597    449 125371.194   126187.557   127549.376
375  Dayhoff+R8    62229.920    451 125361.840   126188.826   127549.724
386  Dayhoff+F+R6  52192.460    466 105316.921   106227.473   107577.573
387  Dayhoff+F+R7  52173.595    468 105283.191   106205.426   107553.545
388  Dayhoff+F+R8  52173.048    470 105286.096   106220.147   107566.153
399  mtREV+R6      61835.734    447 124565.469   125371.328   126733.949
400  mtREV+R7      61797.246    449 124492.492   125308.856   126670.674
401  mtREV+R8      61791.555    451 124485.110   125312.096   126672.995
412  mtREV+F+R6    50538.496    466 102008.993   102919.545   104269.645
413  mtREV+F+R7    50505.497    468 101946.995   102869.230   104217.349
WARNING: Log-likelihood -50507.6 of mtREV+F+R8 worse than mtREV+F+R7 -50505.5
414  mtREV+F+R8    50507.572    470 101955.145   102889.196   104235.202
425  mtART+R6      60948.099    447 122790.198   123596.057   124958.677
426  mtART+R7      60910.191    449 122718.382   123534.745   124896.564
427  mtART+R8      60909.383    451 122720.766   123547.751   124908.650
438  mtART+F+R6    48572.405    466 98076.811    98987.363    100337.463
439  mtART+F+R7    48514.799    468 97965.598    98887.833    100235.952
440  mtART+F+R8    48507.258    470 97954.516    98888.567    100234.573
451  mtZOA+R6      57873.621    447 116641.242   117447.101   118809.721
452  mtZOA+R7      57847.637    449 116593.273   117409.637   118771.455
WARNING: Log-likelihood -57849 of mtZOA+R8 worse than mtZOA+R7 -57847.6
453  mtZOA+R8      57849.033    451 116600.065   117427.051   118787.950
464  mtZOA+F+R6    47667.943    466 96267.887    97178.439    98528.539
465  mtZOA+F+R7    47658.491    468 96252.982    97175.218    98523.337
466  mtZOA+F+R8    47650.480    470 96240.960    97175.011    98521.017
477  mtMet+R6      60918.209    447 122730.417   123536.276   124898.897
478  mtMet+R7      60890.704    449 122679.407   123495.771   124857.589
WARNING: Log-likelihood -60893.2 of mtMet+R8 worse than mtMet+R7 -60890.7
479  mtMet+R8      60893.237    451 122688.474   123515.460   124876.358
490  mtMet+F+R6    49724.476    466 100380.951   101291.504   102641.604
491  mtMet+F+R7    49699.244    468 100334.488   101256.724   102604.843
492  mtMet+F+R8    49700.095    470 100340.191   101274.241   102620.248
503  mtVer+R6      62167.758    447 125229.516   126035.375   127397.995
504  mtVer+R7      62131.481    449 125160.962   125977.326   127339.144
WARNING: Log-likelihood -62133 of mtVer+R8 worse than mtVer+R7 -62131.5
505  mtVer+R8      62132.998    451 125167.996   125994.982   127355.881
516  mtVer+F+R6    51835.426    466 104602.852   105513.404   106863.504
517  mtVer+F+R7    51814.300    468 104564.600   105486.835   106834.955
WARNING: Log-likelihood -51815.4 of mtVer+F+R8 worse than mtVer+F+R7 -51814.3
518  mtVer+F+R8    51815.385    470 104570.770   105504.821   106850.827
529  mtInv+R6      59975.025    447 120844.049   121649.908   123012.529
530  mtInv+R7      59954.347    449 120806.694   121623.057   122984.876
WARNING: Log-likelihood -59957.6 of mtInv+R8 worse than mtInv+R7 -59954.3
531  mtInv+R8      59957.608    451 120817.216   121644.202   123005.101
542  mtInv+F+R6    47729.801    466 96391.602    97302.154    98652.254
543  mtInv+F+R7    47711.547    468 96359.095    97281.330    98629.449
544  mtInv+F+R8    47712.130    470 96364.261    97298.311    98644.318
555  mtMAM+R6      68007.683    447 136909.366   137715.225   139077.846
556  mtMAM+R7      67970.793    449 136839.587   137655.950   139017.769
557  mtMAM+R8      67941.713    451 136785.426   137612.412   138973.311
568  mtMAM+F+R6    57034.465    466 115000.929   115911.481   117261.581
569  mtMAM+F+R7    56982.391    468 114900.782   115823.018   117171.137
570  mtMAM+F+R8    56956.849    470 114853.699   115787.749   117133.756
581  HIVb+R6       65140.173    447 131174.347   131980.206   133342.826
582  HIVb+R7       65120.630    449 131139.260   131955.623   133317.442
583  HIVb+R8       65121.551    451 131145.103   131972.089   133332.987
594  HIVb+F+R6     54418.648    466 109769.297   110679.849   112029.949
595  HIVb+F+R7     54381.722    468 109699.443   110621.678   111969.798
596  HIVb+F+R8     54369.645    470 109679.291   110613.341   111959.348
607  HIVw+R6       73216.901    447 147327.802   148133.661   149496.282
608  HIVw+R7       73158.807    449 147215.615   148031.979   149393.797
609  HIVw+R8       73140.551    451 147183.102   148010.088   149370.987
620  HIVw+F+R6     58861.879    466 118655.759   119566.311   120916.411
621  HIVw+F+R7     58837.930    468 118611.861   119534.096   120882.215
622  HIVw+F+R8     58826.282    470 118592.564   119526.615   120872.621
633  FLU+R6        67268.927    447 135431.854   136237.713   137600.334
634  FLU+R7        67202.725    449 135303.450   136119.814   137481.632
635  FLU+R8        67195.844    451 135293.688   136120.674   137481.572
646  FLU+F+R6      54065.167    466 109062.334   109972.886   111322.986
647  FLU+F+R7      54027.627    468 108991.254   109913.489   111261.609
648  FLU+F+R8      54012.240    470 108964.479   109898.530   111244.536
659  rtREV+R6      57585.156    447 116064.311   116870.170   118232.791
660  rtREV+R7      57568.235    449 116034.470   116850.833   118212.652
WARNING: Log-likelihood -57584.9 of rtREV+R8 worse than rtREV+R7 -57568.2
661  rtREV+R8      57584.864    451 116071.728   116898.714   118259.612
672  rtREV+F+R6    47312.679    466 95557.358    96467.910    97818.010
673  rtREV+F+R7    47302.191    468 95540.381    96462.617    97810.736
WARNING: Log-likelihood -47305.6 of rtREV+F+R8 worse than rtREV+F+R7 -47302.2
674  rtREV+F+R8    47305.556    470 95551.111    96485.162    97831.168
685  cpREV+R6      58960.186    447 118814.372   119620.231   120982.852
686  cpREV+R7      58953.735    449 118805.471   119621.835   120983.653
698  cpREV+F+R6    48068.178    466 97068.357    97978.909    99329.009
699  cpREV+F+R7    48049.171    468 97034.342    97956.577    99304.697
700  cpREV+F+R8    48045.967    470 97031.935    97965.986    99311.992
Akaike Information Criterion:           Blosum62+F+R7
Corrected Akaike Information Criterion: Blosum62+F+R7
Bayesian Information Criterion:         Blosum62+F+R7
Best-fit model: Blosum62+F+R7 chosen according to BIC

All model information printed to results/tree/PGC_bchI/PGC_bchI.model.gz
CPU time for ModelFinder: 105781.470 seconds (29h:23m:1s)
Wall-clock time for ModelFinder: 105872.143 seconds (29h:24m:32s)
WARNING: States(s) N, D, Q, E, I, L, K, F, P, V rarely appear in alignment and may cause numerical problems

NOTE: 157 MB RAM (0 GB) is required!
Estimate model parameters (epsilon = 0.100)
1. Initial log-likelihood: -46237.410
Optimal log-likelihood: -46237.318
Site proportion and rates:  (0.374,0.016) (0.152,0.217) (0.113,0.624) (0.146,1.349) (0.111,2.443) (0.096,3.880) (0.008,6.523)
Parameters optimization took 1 rounds (14.389 sec)
Computing ML distances based on estimated model parameters...
Computing ML distances took 10.275639 sec (of wall-clock time) 10.275144 sec(of CPU time)
Computing RapidNJ tree took 0.010803 sec (of wall-clock time) 0.017410 sec (of CPU time)
Log-likelihood of RapidNJ tree: -46402.931
--------------------------------------------------------------------
|             INITIALIZING CANDIDATE TREE SET                      |
--------------------------------------------------------------------
Generating 98 parsimony trees... 15.889 second
Computing log-likelihood of 98 initial trees ... 96.410 seconds
Current best score: -46230.334

Do NNI search on 20 best initial trees
Estimate model parameters (epsilon = 0.100)
BETTER TREE FOUND at iteration 1: -46036.742
Iteration 10 / LogL: -46050.899 / Time: 0h:7m:49s
Estimate model parameters (epsilon = 0.100)
BETTER TREE FOUND at iteration 17: -46012.438
Iteration 20 / LogL: -46103.811 / Time: 0h:13m:5s
Finish initializing candidate tree set (20)
Current best tree score: -46012.438 / CPU time: 746.233
Number of iterations: 20
--------------------------------------------------------------------
|               OPTIMIZING CANDIDATE TREE SET                      |
--------------------------------------------------------------------
Estimate model parameters (epsilon = 0.100)
BETTER TREE FOUND at iteration 23: -46004.825
Estimate model parameters (epsilon = 0.100)
BETTER TREE FOUND at iteration 25: -46001.692
Iteration 30 / LogL: -46091.646 / Time: 0h:18m:44s (1h:1m:22s left)
Estimate model parameters (epsilon = 0.100)
BETTER TREE FOUND at iteration 34: -46000.413
Estimate model parameters (epsilon = 0.100)
BETTER TREE FOUND at iteration 39: -45994.897
Iteration 40 / LogL: -45999.812 / Time: 0h:24m:4s (1h:1m:7s left)
Iteration 50 / LogL: -46024.121 / Time: 0h:28m:37s (0h:51m:59s left)
Estimate model parameters (epsilon = 0.100)
BETTER TREE FOUND at iteration 55: -45984.155
Iteration 60 / LogL: -46007.926 / Time: 0h:33m:42s (0h:54m:16s left)
Estimate model parameters (epsilon = 0.100)
BETTER TREE FOUND at iteration 62: -45977.845
Iteration 70 / LogL: -45993.497 / Time: 0h:38m:26s (0h:51m:15s left)
Iteration 80 / LogL: -45985.209 / Time: 0h:42m:49s (0h:44m:26s left)
Iteration 90 / LogL: -45989.520 / Time: 0h:46m:58s (0h:38m:0s left)
Iteration 100 / LogL: -45992.820 / Time: 0h:51m:17s (0h:32m:7s left)
Estimate model parameters (epsilon = 0.100)
BETTER TREE FOUND at iteration 106: -45977.393
Iteration 110 / LogL: -46167.298 / Time: 0h:55m:47s (0h:49m:8s left)
Iteration 120 / LogL: -45998.695 / Time: 1h:0m:0s (0h:43m:22s left)
Estimate model parameters (epsilon = 0.100)
BETTER TREE FOUND at iteration 126: -45977.092
Iteration 130 / LogL: -46056.542 / Time: 1h:4m:18s (0h:47m:51s left)
Iteration 140 / LogL: -45994.849 / Time: 1h:8m:33s (0h:42m:25s left)
Iteration 150 / LogL: -45979.076 / Time: 1h:13m:7s (0h:37m:17s left)
Estimate model parameters (epsilon = 0.100)
BETTER TREE FOUND at iteration 158: -45969.767
Iteration 160 / LogL: -46288.337 / Time: 1h:18m:0s (0h:48m:5s left)
Iteration 170 / LogL: -45991.137 / Time: 1h:22m:22s (0h:42m:53s left)
Iteration 180 / LogL: -45983.074 / Time: 1h:26m:44s (0h:37m:48s left)
Iteration 190 / LogL: -46046.422 / Time: 1h:31m:12s (0h:32m:48s left)
Iteration 200 / LogL: -46003.233 / Time: 1h:35m:25s (0h:27m:48s left)
Iteration 210 / LogL: -46010.697 / Time: 1h:39m:30s (0h:22m:51s left)
Estimate model parameters (epsilon = 0.100)
BETTER TREE FOUND at iteration 216: -45967.618
Iteration 220 / LogL: -45972.344 / Time: 1h:44m:1s (0h:45m:36s left)
Iteration 230 / LogL: -45983.734 / Time: 1h:48m:31s (0h:40m:45s left)
Iteration 240 / LogL: -46060.071 / Time: 1h:53m:44s (0h:36m:10s left)
Iteration 250 / LogL: -46008.878 / Time: 1h:59m:2s (0h:31m:33s left)
Estimate model parameters (epsilon = 0.100)
BETTER TREE FOUND at iteration 253: -45967.543
Iteration 260 / LogL: -45976.981 / Time: 2h:4m:58s (0h:44m:52s left)
Iteration 270 / LogL: -45970.059 / Time: 2h:10m:26s (0h:40m:14s left)
Iteration 280 / LogL: -46012.906 / Time: 2h:15m:49s (0h:35m:32s left)
Iteration 290 / LogL: -45967.619 / Time: 2h:21m:14s (0h:30m:47s left)
Estimate model parameters (epsilon = 0.100)
BETTER TREE FOUND at iteration 292: -45967.397
Iteration 300 / LogL: -45992.514 / Time: 2h:27m:12s (0h:45m:17s left)
Estimate model parameters (epsilon = 0.100)
BETTER TREE FOUND at iteration 302: -45966.854
Estimate model parameters (epsilon = 0.100)
BETTER TREE FOUND at iteration 304: -45960.425
Estimate model parameters (epsilon = 0.100)
BETTER TREE FOUND at iteration 309: -45956.944
Iteration 310 / LogL: -45971.757 / Time: 2h:34m:46s (0h:49m:35s left)
Estimate model parameters (epsilon = 0.100)
BETTER TREE FOUND at iteration 312: -45956.327
Iteration 320 / LogL: -45978.584 / Time: 2h:41m:1s (0h:46m:26s left)
Iteration 330 / LogL: -45962.560 / Time: 2h:46m:25s (0h:41m:28s left)
Estimate model parameters (epsilon = 0.100)
BETTER TREE FOUND at iteration 336: -45941.010
Iteration 340 / LogL: -45943.265 / Time: 2h:52m:18s (0h:48m:47s left)
Iteration 350 / LogL: -45962.722 / Time: 2h:58m:1s (0h:43m:52s left)
Iteration 360 / LogL: -45959.763 / Time: 3h:3m:39s (0h:38m:52s left)
Estimate model parameters (epsilon = 0.100)
BETTER TREE FOUND at iteration 363: -45938.604
UPDATE BEST LOG-LIKELIHOOD: -45938.596
Iteration 370 / LogL: -46119.434 / Time: 3h:9m:25s (0h:47m:44s left)
Iteration 380 / LogL: -45943.018 / Time: 3h:14m:49s (0h:42m:40s left)
Iteration 390 / LogL: -45986.483 / Time: 3h:20m:18s (0h:37m:35s left)
Iteration 400 / LogL: -45960.849 / Time: 3h:25m:30s (0h:32m:26s left)
Iteration 410 / LogL: -45953.647 / Time: 3h:30m:50s (0h:27m:19s left)
Iteration 420 / LogL: -45939.061 / Time: 3h:36m:12s (0h:22m:11s left)
BETTER TREE FOUND at iteration 421: -45938.594
Iteration 430 / LogL: -45999.069 / Time: 3h:41m:31s (0h:46m:59s left)
Estimate model parameters (epsilon = 0.100)
BETTER TREE FOUND at iteration 431: -45938.255
Iteration 440 / LogL: -45954.628 / Time: 3h:47m:18s (0h:47m:7s left)
Iteration 450 / LogL: -45944.446 / Time: 3h:52m:46s (0h:41m:59s left)
Iteration 460 / LogL: -45961.548 / Time: 3h:58m:2s (0h:36m:49s left)
Iteration 470 / LogL: -45948.953 / Time: 4h:3m:33s (0h:31m:40s left)
Iteration 480 / LogL: -45949.921 / Time: 4h:8m:43s (0h:26m:28s left)
Iteration 490 / LogL: -46043.227 / Time: 4h:14m:2s (0h:21m:18s left)
Iteration 500 / LogL: -45980.311 / Time: 4h:18m:53s (0h:16m:4s left)
BETTER TREE FOUND at iteration 501: -45938.250
Iteration 510 / LogL: -45996.319 / Time: 4h:23m:53s (0h:47m:10s left)
UPDATE BEST LOG-LIKELIHOOD: -45938.245
Iteration 520 / LogL: -45943.084 / Time: 4h:28m:56s (0h:41m:58s left)
Iteration 530 / LogL: -45943.371 / Time: 4h:34m:7s (0h:36m:47s left)
Iteration 540 / LogL: -45989.305 / Time: 4h:39m:6s (0h:31m:35s left)
Iteration 550 / LogL: -45946.157 / Time: 4h:44m:10s (0h:26m:23s left)
UPDATE BEST LOG-LIKELIHOOD: -45938.243
Iteration 560 / LogL: -45980.073 / Time: 4h:49m:15s (0h:21m:12s left)
Iteration 570 / LogL: -45955.628 / Time: 4h:54m:19s (0h:16m:2s left)
Iteration 580 / LogL: -45939.084 / Time: 4h:59m:31s (0h:10m:51s left)
Iteration 590 / LogL: -45962.002 / Time: 5h:4m:26s (0h:5m:41s left)
Iteration 600 / LogL: -45998.449 / Time: 5h:9m:22s (0h:0m:30s left)
TREE SEARCH COMPLETED AFTER 602 ITERATIONS / Time: 5h:10m:22s

--------------------------------------------------------------------
|                    FINALIZING TREE SEARCH                        |
--------------------------------------------------------------------
Performs final model parameters optimization
Estimate model parameters (epsilon = 0.010)
1. Initial log-likelihood: -45938.243
2. Current log-likelihood: -45938.212
3. Current log-likelihood: -45938.193
4. Current log-likelihood: -45938.159
5. Current log-likelihood: -45938.126
6. Current log-likelihood: -45938.094
7. Current log-likelihood: -45938.062
8. Current log-likelihood: -45938.032
9. Current log-likelihood: -45938.014
10. Current log-likelihood: -45937.984
11. Current log-likelihood: -45937.955
12. Current log-likelihood: -45937.939
13. Current log-likelihood: -45937.911
14. Current log-likelihood: -45937.898
15. Current log-likelihood: -45937.882
16. Current log-likelihood: -45937.866
17. Current log-likelihood: -45937.852
18. Current log-likelihood: -45937.836
19. Current log-likelihood: -45937.822
20. Current log-likelihood: -45937.807
21. Current log-likelihood: -45937.794
22. Current log-likelihood: -45937.778
23. Current log-likelihood: -45937.765
24. Current log-likelihood: -45937.750
25. Current log-likelihood: -45937.738
26. Current log-likelihood: -45937.723
27. Current log-likelihood: -45937.711
28. Current log-likelihood: -45937.696
29. Current log-likelihood: -45937.684
30. Current log-likelihood: -45937.669
31. Current log-likelihood: -45937.657
32. Current log-likelihood: -45937.643
33. Current log-likelihood: -45937.631
34. Current log-likelihood: -45937.617
35. Current log-likelihood: -45937.606
36. Current log-likelihood: -45937.592
37. Current log-likelihood: -45937.580
38. Current log-likelihood: -45937.569
39. Current log-likelihood: -45937.556
40. Current log-likelihood: -45937.545
41. Current log-likelihood: -45937.532
42. Current log-likelihood: -45937.521
43. Current log-likelihood: -45937.511
44. Current log-likelihood: -45937.498
45. Current log-likelihood: -45937.488
46. Current log-likelihood: -45937.478
47. Current log-likelihood: -45937.466
48. Current log-likelihood: -45937.456
Optimal log-likelihood: -45937.441
Site proportion and rates:  (0.365,0.013) (0.167,0.215) (0.125,0.665) (0.150,1.464) (0.122,2.730) (0.061,4.207) (0.011,6.324)
Parameters optimization took 48 rounds (602.465 sec)
BEST SCORE FOUND : -45937.441
Total tree length: 15.803

Total number of iterations: 602
CPU time used for tree search: 18565.669 sec (5h:9m:25s)
Wall-clock time used for tree search: 18583.357 sec (5h:9m:43s)
Total CPU time used: 19207.177 sec (5h:20m:7s)
Total wall-clock time used: 19225.044 sec (5h:20m:25s)

Analysis results written to: 
  IQ-TREE report:                results/tree/PGC_bchI/PGC_bchI.iqtree
  Maximum-likelihood tree:       results/tree/PGC_bchI/PGC_bchI.treefile
  Likelihood distances:          results/tree/PGC_bchI/PGC_bchI.mldist
  Screen log file:               results/tree/PGC_bchI/PGC_bchI.log

Date and Time: Fri Jun 21 20:38:26 2024
