IQ-TREE multicore version 2.1.4-beta COVID-edition for Linux 64-bit built Jun 24 2021
Developed by Bui Quang Minh, James Barbetti, Nguyen Lam Tung,
Olga Chernomor, Heiko Schmidt, Dominik Schrempf, Michael Woodhams.

Host:    morrowind (AVX2, FMA3, 503 GB RAM)
Command: iqtree2 -s results/fasta_PGC/gene_trimmed/PGC_crtE_trim.phy -pre results/tree/PGC_crtE/PGC_crtE
Seed:    569647 (Using SPRNG - Scalable Parallel Random Number Generator)
Time:    Thu Jun 20 09:53:29 2024
Kernel:  AVX+FMA - 1 threads (128 CPU cores detected)

HINT: Use -nt option to specify number of threads because your CPU has 128 cores!
HINT: -nt AUTO will automatically determine the best number of threads to use.

Reading alignment file results/fasta_PGC/gene_trimmed/PGC_crtE_trim.phy ... Phylip format detected
Alignment most likely contains protein sequences
WARNING: 36 sites contain only gaps or ambiguous characters.
Alignment has 253 sequences with 825 columns, 717 distinct patterns
626 parsimony-informative, 49 singleton sites, 150 constant sites
                                              Gap/Ambiguity  Composition  p-value
   1  GCA_011765465.1_ASM1176546v1                   24.48%    passed     96.50%
   2  GCA_015693905.1_ASM1569390v1                   20.85%    passed     86.66%
   3  GCA_016745215.1_scaff03                        22.79%    passed     99.09%
   4  GCA_019285715.1_ASM1928571v1                   23.76%    passed     84.72%
   5  GCA_019739335.1_ASM1973933v1                   24.00%    passed     98.46%
   6  GCF_000013085.1_ASM1308v1                      23.15%    passed     98.56%
   7  GCF_000013365.1_ASM1336v1                      22.30%    passed    100.00%
   8  GCF_000013565.1_ASM1356v1                      20.85%    passed     94.53%
   9  GCF_000014045.1_ASM1404v1                      21.58%    passed     99.80%
  10  GCF_000015165.1_ASM1516v1                      22.30%    passed    100.00%
  11  GCF_000015585.1_ASM1558v1                      22.42%    passed     95.11%
  12  GCF_000016185.1_ASM1618v1                      22.67%    passed     92.46%
  13  GCF_000018145.1_ASM1814v1                      21.58%    passed     99.96%
  14  GCF_000018845.1_ASM1884v1                      23.39%    passed     99.49%
  15  GCF_000019365.1_ASM1936v1                      23.76%    passed     97.41%
  16  GCF_000019725.1_ASM1972v1                      23.76%    passed     89.47%
  17  GCF_000019945.1_ASM1994v1                      23.88%    passed     87.84%
  18  GCF_000020445.1_ASM2044v1                      21.21%    passed    100.00%
  19  GCF_000021005.1_ASM2100v1                      21.70%    passed     99.99%
  20  GCF_000021745.1_ASM2174v1                      23.39%    passed     98.05%
  21  GCF_000021845.1_ASM2184v1                      23.15%    passed     99.82%
  22  GCF_000021865.1_ASM2186v1                      20.36%    passed     86.61%
  23  GCF_000022685.1_ASM2268v1                      23.27%    passed     98.68%
  24  GCF_000025485.1_ASM2548v1                      23.03%    passed     99.94%
  25  GCF_000026145.1_ASM2614v1                      22.18%    passed    100.00%
  26  GCF_000083545.1_ASM8354v1                      23.15%    passed     99.88%
  27  GCF_000144605.1_ASM14460v1                     24.36%    passed     44.69%
  28  GCF_000154785.2_ASM15478v2                     21.45%    passed     99.98%
  29  GCF_000166055.1_ASM16605v1                     24.61%    passed     79.58%
  30  GCF_000195775.2_ASM19577v2                     21.21%    passed    100.00%
  31  GCF_000202835.1_ASM20283v1                     23.76%    passed     85.44%
  32  GCF_000224005.2_ASM22400v3                     22.42%    passed    100.00%
  33  GCF_000225955.1_ASM22595v1                     23.15%    passed     98.56%
  34  GCF_000227745.2_ASM22774v3                     22.79%    passed     98.66%
  35  GCF_000284255.1_ASM28425v1                     21.94%    passed     95.93%
  36  GCF_000284275.1_ASM28427v1                     22.79%    passed    100.00%
  37  GCF_000284415.1_ASM28441v2                     22.30%    passed    100.00%
  38  GCF_000327045.1_ASM32704v1                     22.79%    passed     98.26%
  39  GCF_000344805.1_ASM34480v1                     22.30%    passed     99.96%
  40  GCF_000364445.2_ASM36444v2                     23.39%    passed     96.66%
  41  GCF_000512205.2_ASM51220v2                     24.36%    passed     54.67%
  42  GCF_000590925.1_ASM59092v1                     20.85%    passed     94.13%
  43  GCF_000738435.1_ASM73843v1                     19.76%    passed     75.77%
  44  GCF_000757795.1_ASM75779v1                     23.88%    passed     90.43%
  45  GCF_000935025.1_ASM93502v1                     24.24%    passed     79.06%
  46  GCF_000973625.1_ASM97362v1                     19.76%    passed     27.41%
  47  GCF_001304795.1_ASM130479v1                    24.00%    passed     93.11%
  48  GCF_001402875.1_ASM140287v1                    22.42%    passed    100.00%
  49  GCF_001412535.1_ASM141253v1                    21.33%    passed     99.80%
  50  GCF_001412575.1_ASM141257v1                    20.12%    passed     98.63%
  51  GCF_001459775.1_Blastochloris_viridis_genome   22.42%    passed    100.00%
  52  GCF_001483865.1_ASM148386v1                    22.79%    passed     99.82%
  53  GCF_001542815.1_ASM154281v1                    23.03%    passed     98.56%
  54  GCF_001548015.1_ASM154801v1                    23.27%    passed     97.82%
  55  GCF_001548075.1_ASM154807v1                    20.48%    passed     99.23%
  56  GCF_001576595.1_ASM157659v1                    21.58%    passed     99.99%
  57  GCF_001632845.1_ASM163284v1                    21.82%    passed     93.60%
  58  GCF_001633145.1_ASM163314v1                    20.48%    passed     99.54%
  59  GCF_001633165.1_ASM163316v1                    20.48%    passed     99.54%
  60  GCF_001663155.1_ASM166315v1                    24.12%    passed     88.08%
  61  GCF_001663175.1_ASM166317v1                    24.61%    passed     98.15%
  62  GCF_001685625.1_ASM168562v1                    21.58%    passed     99.99%
  63  GCF_001713355.1_ASM171335v1                    22.67%    passed     86.62%
  64  GCF_001713375.1_ASM171337v1                    20.97%    passed     99.99%
  65  GCF_001713435.1_ASM171343v1                    23.88%    passed     80.41%
  66  GCF_001713455.1_ASM171345v1                    21.94%    passed     99.97%
  67  GCF_001713475.1_ASM171347v1                    22.42%    passed    100.00%
  68  GCF_001719165.1_ASM171916v1                    24.36%    passed     92.20%
  69  GCF_001720465.1_ASM172046v1                    24.61%    passed     97.16%
  70  GCF_001854385.1_ASM185438v1                    23.76%    passed     89.47%
  71  GCF_001870665.2_ASM187066v2                    22.30%    passed     99.88%
  72  GCF_001886735.1_ASM188673v1                    21.70%    passed    100.00%
  73  GCF_001936175.1_ASM193617v1                    23.88%    passed     90.43%
  74  GCF_001955735.1_ASM195573v1                    21.58%    passed     94.19%
  75  GCF_001969365.1_ASM196936v1                    21.45%    passed     99.96%
  76  GCF_001971665.1_ASM197166v1                    23.39%    passed     99.63%
  77  GCF_002002865.1_ASM200286v1                    24.12%    passed     72.87%
  78  GCF_002073975.1_ASM207397v1                    20.61%    passed     99.71%
  79  GCF_002079305.1_ASM207930v1                    19.64%    passed     73.33%
  80  GCF_002080415.1_ASM208041v1                    21.58%    passed     98.92%
  81  GCF_002117815.2_ASM211781v2                    23.27%    passed     99.67%
  82  GCF_002158905.1_ASM215890v1                    21.58%    passed     99.99%
  83  GCF_002266435.2_ASM226643v2                    22.55%    passed    100.00%
  84  GCF_002355515.1_ASM235551v1                    23.76%    passed     98.09%
  85  GCF_002407205.1_ASM240720v1                    20.85%    passed     94.46%
  86  GCF_002706325.1_ASM270632v1                    21.58%    passed     99.99%
  87  GCF_002813775.1_ASM281377v1                    22.91%    passed     97.06%
  88  GCF_002868735.1_ASM286873v1                    22.42%    passed    100.00%
  89  GCF_002952215.1_ASM295221v1                    24.24%    passed     88.51%
  90  GCF_002983865.1_ASM298386v1                    21.58%    passed     99.80%
  91  GCF_003031245.1_ASM303124v1                    21.09%    passed    100.00%
  92  GCF_003031265.1_ASM303126v1                    20.97%    passed    100.00%
  93  GCF_003065365.1_ASM306536v1                    20.85%    passed    100.00%
  94  GCF_003071405.1_ASM307140v1                    21.94%    passed    100.00%
  95  GCF_003173715.1_ASM317371v1                    23.27%    passed     99.94%
  96  GCF_003173735.1_ASM317373v1                    24.00%    passed     45.18%
  97  GCF_003173755.1_ASM317375v1                    23.52%    passed     99.05%
  98  GCF_003173775.1_ASM317377v1                    23.76%    passed     97.95%
  99  GCF_003254375.1_ASM325437v1                    23.88%    passed     90.43%
 100  GCF_003264115.1_ASM326411v1                    24.24%    passed     96.26%
 101  GCF_003288315.1_ASM328831v1                    21.58%    passed     98.92%
 102  GCF_003324715.1_ASM332471v1                    21.58%    passed     99.99%
 103  GCF_003352165.1_ASM335216v1                    22.67%    passed     96.44%
 104  GCF_003429265.1_ASM342926v1                    21.58%    passed     99.97%
 105  GCF_003431825.1_ASM343182v1                    23.88%    passed     80.41%
 106  GCF_003855495.1_ASM385549v1                    22.91%    passed     99.64%
 107  GCF_003940805.1_ASM394080v1                    21.94%    passed    100.00%
 108  GCF_003952725.1_ASM395272v1                    21.70%    passed    100.00%
 109  GCF_003966715.1_ASM396671v1                    22.55%    passed    100.00%
 110  GCF_004114955.1_ASM411495v1                    21.94%    passed    100.00%
 111  GCF_004136295.1_ASM413629v1                    23.03%    passed     97.94%
 112  GCF_004216475.1_ASM421647v1                    21.09%    passed     99.46%
 113  GCF_004331955.1_ASM433195v1                    22.18%    passed     99.80%
 114  GCF_004354345.1_ASM435434v1                    24.12%    passed     83.11%
 115  GCF_005311585.1_ASM531158v1                    21.58%    passed     99.99%
 116  GCF_005860795.2_ASM586079v2                    20.73%    passed    100.00%
 117  GCF_006542605.1_ASM654260v1                    24.24%    passed     86.02%
 118  GCF_006740745.1_ASM674074v1                    23.88%    passed     86.96%
 119  GCF_007005445.1_ASM700544v1                    21.09%    passed    100.00%
 120  GCF_007290395.1_ASM729039v1                    22.79%    passed    100.00%
 121  GCF_007954425.1_ASM795442v1                    24.85%    passed     76.15%
 122  GCF_008000895.1_ASM800089v1                    23.88%    passed     91.89%
 123  GCF_008000915.1_ASM800091v1                    22.30%    passed     67.00%
 124  GCF_008728195.1_ASM872819v1                    21.33%    passed     99.91%
 125  GCF_008843145.1_ASM884314v1                    23.03%    passed     98.62%
 126  GCF_008932115.1_ASM893211v1                    22.79%    passed    100.00%
 127  GCF_009363255.1_ASM936325v1                    21.33%    passed     99.99%
 128  GCF_009363495.1_ASM936349v1                    21.33%    passed     99.99%
 129  GCF_009363575.1_ASM936357v1                    22.42%    passed    100.00%
 130  GCF_009363615.1_ASM936361v1                    20.61%    passed     98.39%
 131  GCF_009363635.1_ASM936363v1                    24.36%    passed     85.84%
 132  GCF_009363655.1_ASM936365v1                    21.58%    passed    100.00%
 133  GCF_009363715.1_ASM936371v1                    21.45%    passed    100.00%
 134  GCF_009363735.1_ASM936373v1                    21.58%    passed    100.00%
 135  GCF_009363795.1_ASM936379v1                    22.06%    passed     99.97%
 136  GCF_009650195.1_ASM965019v1                    22.42%    passed    100.00%
 137  GCF_009664085.1_ASM966408v1                    22.79%    passed    100.00%
 138  GCF_009685175.1_ASM968517v1                    22.79%    passed     99.91%
 139  GCF_009707465.1_ASM970746v1                    25.09%    passed     95.30%
 140  GCF_009762325.1_ASM976232v1                    21.82%    passed     98.89%
 141  GCF_009797665.1_ASM979766v1                    21.58%    passed     99.99%
 142  GCF_009859815.1_ASM985981v1                    21.21%    passed    100.00%
 143  GCF_009913435.1_ASM991343v1                    24.73%    passed     99.41%
 144  GCF_010104355.1_ASM1010435v1                   21.21%    passed    100.00%
 145  GCF_011040475.1_ASM1104047v1                   22.42%    passed     99.22%
 146  GCF_011044255.1_ASM1104425v1                   25.21%    passed     47.01%
 147  GCF_011047315.1_ASM1104731v1                   24.00%    passed     91.24%
 148  GCF_011290485.1_ASM1129048v1                   22.91%    passed     99.95%
 149  GCF_011388215.1_ASM1138821v1                   23.15%    passed     98.71%
 150  GCF_012647365.1_ASM1264736v1                   21.58%    passed     99.99%
 151  GCF_012932215.1_ASM1293221v1                   21.33%    passed    100.00%
 152  GCF_013170845.1_ASM1317084v1                   22.18%    passed     98.64%
 153  GCF_013307245.1_ASM1330724v1                   19.52%    passed     56.33%
 154  GCF_013374095.1_ASM1337409v1                   24.48%    passed     75.08%
 155  GCF_013378075.1_ASM1337807v1                   22.67%    passed     36.63%
 156  GCF_013415845.1_ASM1341584v1                   21.21%    passed    100.00%
 157  GCF_014117445.1_ASM1411744v1                   24.48%    passed     98.57%
 158  GCF_014495845.1_ASM1449584v1                   22.91%    passed     97.60%
 159  GCF_014622665.1_ASM1462266v1                   20.24%    passed     78.95%
 160  GCF_014681765.1_ASM1468176v1                   21.33%    passed    100.00%
 161  GCF_015679265.1_ASM1567926v1                   23.03%    passed     99.47%
 162  GCF_016584445.1_ASM1658444v1                   21.21%    passed    100.00%
 163  GCF_016653635.2_ASM1665363v2                   23.27%    passed     94.70%
 164  GCF_016765655.2_ASM1676565v2                   23.03%    passed     98.81%
 165  GCF_016806065.1_ASM1680606v1                   22.42%    passed    100.00%
 166  GCF_016806835.2_ASM1680683v2                   23.39%    passed     90.45%
 167  GCF_016839165.1_ASM1683916v1                   22.67%    passed    100.00%
 168  GCF_017347565.1_ASM1734756v1                   23.64%    passed     95.04%
 169  GCF_017498565.1_ASM1749856v1                   23.15%    passed     24.59%
 170  GCF_017795885.1_ASM1779588v1                   24.48%    passed     49.44%
 171  GCF_018200035.1_ASM1820003v1                   21.82%    passed    100.00%
 172  GCF_018205975.1_ASM1820597v1                   24.36%    passed     95.71%
 173  GCF_018399035.1_ASM1839903v1                   23.88%    passed     96.06%
 174  GCF_018409545.1_ASM1840954v1                   22.79%    passed    100.00%
 175  GCF_018687415.1_ASM1868741v1                   20.12%    passed     83.73%
 176  GCF_018687475.1_ASM1868747v1                   19.88%    passed     93.23%
 177  GCF_018687675.1_ASM1868767v1                   19.64%    passed     29.44%
 178  GCF_018688155.1_ASM1868815v1                   19.88%    passed     32.93%
 179  GCF_018688255.1_ASM1868825v1                   19.64%    passed     27.18%
 180  GCF_018982885.2_ASM1898288v2                   23.88%    passed     80.09%
 181  GCF_019134555.1_ASM1913455v1                   23.15%    passed     98.56%
 182  GCF_019203965.1_ASM1920396v1                   23.88%    passed     57.39%
 183  GCF_019431245.1_ASM1943124v1                   23.88%    passed     80.09%
 184  GCF_019443285.1_ASM1944328v1                   23.27%    passed     70.23%
 185  GCF_019623905.1_ASM1962390v1                   23.03%    passed     91.82%
 186  GCF_019904235.1_ASM1990423v1                   24.12%    passed     86.34%
 187  GCF_019973775.1_ASM1997377v1                   24.24%    passed    100.00%
 188  GCF_020866845.1_ASM2086684v1                   24.97%    passed     62.07%
 189  GCF_021088345.1_ASM2108834v1                   22.42%    passed     99.99%
 190  GCF_021117295.1_ASM2111729v1                   23.76%    passed     98.86%
 191  GCF_021228015.1_ASM2122801v1                   23.64%    passed     93.67%
 192  GCF_021228795.1_ASM2122879v1                   23.88%    passed     97.57%
 193  GCF_021391315.1_ASM2139131v1                   21.58%    passed     99.97%
 194  GCF_021391535.1_ASM2139153v1                   24.00%    passed     98.01%
 195  GCF_021398735.1_ASM2139873v1                   23.88%    passed     89.17%
 196  GCF_021431965.1_ASM2143196v1                   24.12%    passed     72.24%
 197  GCF_021484845.1_ASM2148484v1                   23.76%    passed     89.47%
 198  GCF_022227035.1_ASM2222703v1                   23.39%    passed     99.99%
 199  GCF_022370455.1_ASM2237045v1                   22.79%    passed     99.83%
 200  GCF_022410435.1_ASM2241043v1                   22.30%    passed     96.54%
 201  GCF_022533465.1_ASM2253346v1                   23.27%    passed     96.17%
 202  GCF_022558965.1_ASM2255896v1                   23.76%    passed     85.44%
 203  GCF_022846615.1_ASM2284661v1                   23.76%    passed    100.00%
 204  GCF_023243115.1_ASM2324311v1                   23.27%    passed     94.54%
 205  GCF_023380025.1_ASM2338002v1                   23.76%    passed     58.57%
 206  GCF_023546765.1_ASM2354676v1                   24.00%    passed     87.33%
 207  GCF_023558335.1_ASM2355833v1                   21.58%    passed     99.96%
 208  GCF_023558355.1_ASM2355835v1                   21.58%    passed     99.96%
 209  GCF_023573145.1_ASM2357314v1                   24.48%    passed     32.96%
 210  GCF_023823125.1_ASM2382312v1                   23.76%    passed     80.29%
 211  GCF_024496245.1_ASM2449624v1                   23.39%    passed     35.03%
 212  GCF_024758705.1_ASM2475870v1                   23.88%    passed     16.21%
 213  GCF_024758725.1_ASM2475872v1                   24.00%    passed     94.91%
 214  GCF_025141175.1_ASM2514117v1                   21.70%    passed     99.64%
 215  GCF_025141935.1_ASM2514193v1                   20.48%    passed     99.77%
 216  GCF_025398155.2_ASM2539815v2                   22.91%    passed     80.05%
 217  GCF_025811215.1_ASM2581121v1                   21.09%    passed    100.00%
 218  GCF_025811355.1_ASM2581135v1                   21.21%    passed    100.00%
 219  GCF_025811435.1_ASM2581143v1                   21.09%    passed    100.00%
 220  GCF_025813715.1_ASM2581371v1                   24.24%    passed     92.62%
 221  GCF_025917005.1_ASM2591700v1                   24.24%    passed     85.92%
 222  GCF_026122595.1_ASM2612259v1                   23.39%    passed     99.47%
 223  GCF_026122615.1_ASM2612261v1                   23.39%    passed     99.47%
 224  GCF_026167525.1_ASM2616752v1                   24.12%    passed     75.68%
 225  GCF_026167545.1_ASM2616754v1                   23.27%    passed     29.33%
 226  GCF_026625025.1_ASM2662502v1                   21.21%    passed    100.00%
 227  GCF_026898155.1_ASM2689815v1                   22.67%    passed     14.50%
 228  GCF_027271155.1_ASM2727115v1                   24.36%    passed     73.11%
 229  GCF_027886585.1_ASM2788658v1                   22.67%    passed     24.22%
 230  GCF_027912195.1_ASM2791219v1                   21.21%    passed    100.00%
 231  GCF_027943985.1_ASM2794398v1                   20.73%    passed     92.66%
 232  GCF_027944005.1_ASM2794400v1                   20.73%    passed     92.66%
 233  GCF_028621955.1_ASM2862195v1                   24.73%    passed     99.56%
 234  GCF_028885395.1_ASM2888539v1                   21.94%    passed     99.78%
 235  GCF_029277405.1_ASM2927740v1                   20.24%    passed     78.95%
 236  GCF_029581395.1_ASM2958139v1                   23.15%    passed    100.00%
 237  GCF_029691625.1_ASM2969162v1                   23.88%    passed     90.43%
 238  GCF_029714205.1_ASM2971420v1                   23.76%    passed     97.41%
 239  GCF_029761955.1_ASM2976195v1                   23.64%    passed     95.04%
 240  GCF_030062705.1_ASM3006270v1                   23.39%    passed     99.63%
 241  GCF_030252425.1_ASM3025242v1                   24.12%    passed     99.68%
 242  GCF_030255395.1_ASM3025539v1                   23.39%    passed     99.49%
 243  GCF_030297555.1_ASM3029755v1                   19.76%    passed     85.42%
 244  GCF_030297575.1_ASM3029757v1                   19.76%    passed     86.72%
 245  GCF_030297595.1_ASM3029759v1                   19.76%    passed     88.85%
 246  GCF_030297615.1_ASM3029761v1                   19.88%    passed     89.34%
 247  GCF_030297635.1_ASM3029763v1                   19.76%    passed     88.85%
 248  GCF_030297655.1_ASM3029765v1                   19.76%    passed     86.72%
 249  GCF_030297675.1_ASM3029767v1                   19.76%    passed     86.72%
 250  GCF_900176205.1_BRAD285_PRJEB202261_v1         22.55%    passed     99.92%
 251  GCF_900234795.1_TK0001_PRJEB23178_v1           23.27%    passed     99.63%
 252  GCF_901457705.2_RHAL1_v2                       22.79%    passed     99.99%
 253  GCF_937425535.1_Rhodovastum_atsumiense_G2-11   21.94%    passed    100.00%
****  TOTAL                                          22.55%  0 sequences failed composition chi2 test (p-value<5%; df=19)
NOTE: GCF_000225955.1_ASM22595v1 is identical to GCF_000013085.1_ASM1308v1 but kept for subsequent analysis
NOTE: GCF_002983865.1_ASM298386v1 is identical to GCF_000014045.1_ASM1404v1 but kept for subsequent analysis
NOTE: GCF_023558335.1_ASM2355833v1 is identical to GCF_000018145.1_ASM1814v1 but kept for subsequent analysis
NOTE: GCF_030255395.1_ASM3025539v1 is identical to GCF_000018845.1_ASM1884v1 but kept for subsequent analysis
NOTE: GCF_029714205.1_ASM2971420v1 is identical to GCF_000019365.1_ASM1936v1 but kept for subsequent analysis
NOTE: GCF_001854385.1_ASM185438v1 is identical to GCF_000019725.1_ASM1972v1 but kept for subsequent analysis
NOTE: GCF_000195775.2_ASM19577v2 is identical to GCF_000020445.1_ASM2044v1 but kept for subsequent analysis
NOTE: GCF_022558965.1_ASM2255896v1 is identical to GCF_000202835.1_ASM20283v1 but kept for subsequent analysis
NOTE: GCF_001936175.1_ASM193617v1 is identical to GCF_000757795.1_ASM75779v1 but kept for subsequent analysis
NOTE: GCF_001459775.1_Blastochloris_viridis_genome is identical to GCF_001402875.1_ASM140287v1 but kept for subsequent analysis
NOTE: GCF_001685625.1_ASM168562v1 is identical to GCF_001576595.1_ASM157659v1 but kept for subsequent analysis
NOTE: GCF_001633165.1_ASM163316v1 is identical to GCF_001633145.1_ASM163314v1 but kept for subsequent analysis
NOTE: GCF_003431825.1_ASM343182v1 is identical to GCF_001713435.1_ASM171343v1 but kept for subsequent analysis
NOTE: GCF_009650195.1_ASM965019v1 is identical to GCF_001713475.1_ASM171347v1 but kept for subsequent analysis
NOTE: GCF_030062705.1_ASM3006270v1 is identical to GCF_001971665.1_ASM197166v1 but kept for subsequent analysis
NOTE: GCF_003288315.1_ASM328831v1 is identical to GCF_002080415.1_ASM208041v1 but kept for subsequent analysis
NOTE: GCF_025811215.1_ASM2581121v1 is identical to GCF_003031245.1_ASM303124v1 but kept for subsequent analysis
NOTE: GCF_021391315.1_ASM2139131v1 is identical to GCF_003429265.1_ASM342926v1 but kept for subsequent analysis
NOTE: GCF_009363495.1_ASM936349v1 is identical to GCF_009363255.1_ASM936325v1 but kept for subsequent analysis
NOTE: GCF_010104355.1_ASM1010435v1 is identical to GCF_009859815.1_ASM985981v1 but kept for subsequent analysis
NOTE: GCF_029277405.1_ASM2927740v1 is identical to GCF_014622665.1_ASM1462266v1 but kept for subsequent analysis
NOTE: GCF_019431245.1_ASM1943124v1 is identical to GCF_018982885.2_ASM1898288v2 but kept for subsequent analysis
NOTE: GCF_026122615.1_ASM2612261v1 is identical to GCF_026122595.1_ASM2612259v1 but kept for subsequent analysis
NOTE: GCF_027944005.1_ASM2794400v1 is identical to GCF_027943985.1_ASM2794398v1 but kept for subsequent analysis
NOTE: GCF_030297655.1_ASM3029765v1 is identical to GCF_030297575.1_ASM3029757v1 but kept for subsequent analysis
NOTE: GCF_030297635.1_ASM3029763v1 is identical to GCF_030297595.1_ASM3029759v1 but kept for subsequent analysis
NOTE: 15 identical sequences (see below) will be ignored for subsequent analysis
NOTE: GCF_019134555.1_ASM1913455v1 (identical to GCF_000013085.1_ASM1308v1) is ignored but added at the end
NOTE: GCF_023558355.1_ASM2355835v1 (identical to GCF_000018145.1_ASM1814v1) is ignored but added at the end
NOTE: GCF_021484845.1_ASM2148484v1 (identical to GCF_000019725.1_ASM1972v1) is ignored but added at the end
NOTE: GCF_013415845.1_ASM1341584v1 (identical to GCF_000020445.1_ASM2044v1) is ignored but added at the end
NOTE: GCF_016584445.1_ASM1658444v1 (identical to GCF_000020445.1_ASM2044v1) is ignored but added at the end
NOTE: GCF_026625025.1_ASM2662502v1 (identical to GCF_000020445.1_ASM2044v1) is ignored but added at the end
NOTE: GCF_027912195.1_ASM2791219v1 (identical to GCF_000020445.1_ASM2044v1) is ignored but added at the end
NOTE: GCF_003254375.1_ASM325437v1 (identical to GCF_000757795.1_ASM75779v1) is ignored but added at the end
NOTE: GCF_029691625.1_ASM2969162v1 (identical to GCF_000757795.1_ASM75779v1) is ignored but added at the end
NOTE: GCF_002706325.1_ASM270632v1 (identical to GCF_001576595.1_ASM157659v1) is ignored but added at the end
NOTE: GCF_003324715.1_ASM332471v1 (identical to GCF_001576595.1_ASM157659v1) is ignored but added at the end
NOTE: GCF_009797665.1_ASM979766v1 (identical to GCF_001576595.1_ASM157659v1) is ignored but added at the end
NOTE: GCF_012647365.1_ASM1264736v1 (identical to GCF_001576595.1_ASM157659v1) is ignored but added at the end
NOTE: GCF_025811435.1_ASM2581143v1 (identical to GCF_003031245.1_ASM303124v1) is ignored but added at the end
NOTE: GCF_030297675.1_ASM3029767v1 (identical to GCF_030297575.1_ASM3029757v1) is ignored but added at the end
Alignment was printed to results/tree/PGC_crtE/PGC_crtE.uniqueseq.phy

For your convenience alignment with unique sequences printed to results/tree/PGC_crtE/PGC_crtE.uniqueseq.phy


Create initial parsimony tree by phylogenetic likelihood library (PLL)... 0.213 seconds
Perform fast likelihood tree search using LG+I+G model...
Estimate model parameters (epsilon = 5.000)
Perform nearest neighbor interchange...
Estimate model parameters (epsilon = 1.000)
1. Initial log-likelihood: -72701.337
Optimal log-likelihood: -72701.324
Proportion of invariable sites: 0.110
Gamma shape alpha: 0.992
Parameters optimization took 1 rounds (2.551 sec)
Time for fast ML tree search: 30.958 seconds

NOTE: ModelFinder requires 272 MB RAM!
ModelFinder will test up to 702 protein models (sample size: 825) ...
 No. Model         -LnL         df  AIC          AICc         BIC
  1  LG            77480.862    473 155907.724   157185.228   158138.100
  2  LG+I          75911.090    474 152770.179   154056.751   155005.271
  3  LG+G4         72796.804    474 146541.608   147828.179   148776.700
  4  LG+I+G4       72701.333    475 146352.666   147648.368   148592.473
  5  LG+R2         73694.640    475 148339.280   149634.982   150579.087
  6  LG+R3         72927.694    477 146809.387   148123.543   149058.625
  7  LG+R4         72683.706    479 146325.413   147658.282   148584.081
  8  LG+R5         72617.969    481 146197.939   147549.787   148466.038
  9  LG+R6         72594.819    483 146155.639   147526.736   148433.169
 10  LG+R7         72594.558    485 146159.115   147549.735   148446.076
 22  LG+F+R6       58670.352    502 118344.703   119913.064   120711.826
 35  WAG+R6        72146.573    483 145259.147   146630.243   147536.677
 48  WAG+F+R6      58562.490    502 118128.980   119697.340   120496.102
 61  JTT+R6        73641.188    483 148248.376   149619.472   150525.906
 74  JTT+F+R6      61114.421    502 123232.841   124801.202   125599.964
 87  Q.pfam+R6     72548.667    483 146063.335   147434.431   148340.865
100  Q.pfam+F+R6   58939.317    502 118882.634   120450.994   121249.756
113  Q.bird+R6     77459.537    483 155885.075   157256.171   158162.605
126  Q.bird+F+R6   65571.084    502 132146.168   133714.529   134513.291
139  Q.mammal+R6   76056.093    483 153078.186   154449.283   155355.716
152  Q.mammal+F+R6 63755.371    502 128514.741   130083.101   130881.864
165  Q.insect+R6   74025.003    483 149016.006   150387.102   151293.536
178  Q.insect+F+R6 59420.480    502 119844.961   121413.321   122212.083
191  Q.plant+R6    77334.714    483 155635.428   157006.524   157912.958
204  Q.plant+F+R6  63152.277    502 127308.554   128876.914   129675.676
217  Q.yeast+R6    75242.594    483 151451.188   152822.285   153728.719
230  Q.yeast+F+R6  59607.875    502 120219.751   121788.111   122586.873
243  JTTDCMut+R6   73440.194    483 147846.387   149217.484   150123.918
256  JTTDCMut+F+R6 60956.674    502 122917.348   124485.709   125284.471
269  DCMut+R6      78470.972    483 157907.944   159279.040   160185.474
282  DCMut+F+R6    65284.996    502 131573.992   133142.352   133941.114
295  VT+R6         72391.183    483 145748.366   147119.462   148025.896
308  VT+F+R6       58218.642    502 117441.283   119009.643   119808.406
321  PMB+R6        70797.338    483 142560.676   143931.772   144838.206
334  PMB+F+R6      57802.074    502 116608.148   118176.508   118975.270
347  Blosum62+R6   70817.032    483 142600.063   143971.160   144877.594
360  Blosum62+F+R6 57403.002    502 115810.003   117378.363   118177.126
373  Dayhoff+R6    78469.303    483 157904.607   159275.703   160182.137
386  Dayhoff+F+R6  65290.167    502 131584.334   133152.695   133951.457
399  mtREV+R6      77053.804    483 155073.608   156444.705   157351.138
412  mtREV+F+R6    62475.292    502 125954.584   127522.944   128321.707
425  mtART+R6      76578.507    483 154123.014   155494.110   156400.544
438  mtART+F+R6    60780.971    502 122565.942   124134.302   124933.064
451  mtZOA+R6      72758.983    483 146483.966   147855.063   148761.496
464  mtZOA+F+R6    59670.142    502 120344.284   121912.644   122711.406
477  mtMet+R6      75740.356    483 152446.713   153817.810   154724.243
490  mtMet+F+R6    61708.212    502 124420.424   125988.784   126787.547
503  mtVer+R6      77405.475    483 155776.950   157148.047   158054.480
516  mtVer+F+R6    64486.829    502 129977.659   131546.019   132344.781
529  mtInv+R6      74753.293    483 150472.587   151843.684   152750.117
542  mtInv+F+R6    59513.389    502 120030.778   121599.138   122397.900
555  mtMAM+R6      85192.026    483 171350.051   172721.148   173627.582
568  mtMAM+F+R6    70787.443    502 142578.886   144147.247   144946.009
581  HIVb+R6       80447.905    483 161861.810   163232.907   164139.340
594  HIVb+F+R6     66714.380    502 134432.761   136001.121   136799.883
607  HIVw+R6       90135.125    483 181236.249   182607.346   183513.780
620  HIVw+F+R6     72054.603    502 145113.205   146681.566   147480.328
633  FLU+R6        83232.112    483 167430.224   168801.321   169707.755
646  FLU+F+R6      66602.625    502 134209.251   135777.611   136576.373
659  rtREV+R6      72216.040    483 145398.079   146769.176   147675.609
672  rtREV+F+R6    59044.815    502 119093.631   120661.991   121460.753
685  cpREV+R6      73908.246    483 148782.493   150153.589   151060.023
698  cpREV+F+R6    59874.858    502 120753.715   122322.075   123120.838
Akaike Information Criterion:           Blosum62+F+R6
Corrected Akaike Information Criterion: Blosum62+F+R6
Bayesian Information Criterion:         Blosum62+F+R6
Best-fit model: Blosum62+F+R6 chosen according to BIC

All model information printed to results/tree/PGC_crtE/PGC_crtE.model.gz
CPU time for ModelFinder: 10278.075 seconds (2h:51m:18s)
Wall-clock time for ModelFinder: 10283.859 seconds (2h:51m:23s)
WARNING: States(s) N, D, Q, E, I, L, K, F, P, V rarely appear in alignment and may cause numerical problems

NOTE: 163 MB RAM (0 GB) is required!
Estimate model parameters (epsilon = 0.100)
1. Initial log-likelihood: -57403.002
Optimal log-likelihood: -57402.941
Site proportion and rates:  (0.222,0.038) (0.181,0.322) (0.244,0.781) (0.228,1.573) (0.111,2.793) (0.015,5.085)
Parameters optimization took 1 rounds (16.648 sec)
Computing ML distances based on estimated model parameters...
Computing ML distances took 11.844474 sec (of wall-clock time) 11.843889 sec(of CPU time)
Computing RapidNJ tree took 0.013415 sec (of wall-clock time) 0.022322 sec (of CPU time)
Log-likelihood of RapidNJ tree: -58200.171
--------------------------------------------------------------------
|             INITIALIZING CANDIDATE TREE SET                      |
--------------------------------------------------------------------
Generating 98 parsimony trees... 23.614 second
Computing log-likelihood of 98 initial trees ... 119.524 seconds
Current best score: -57402.941

Do NNI search on 20 best initial trees
Estimate model parameters (epsilon = 0.100)
BETTER TREE FOUND at iteration 1: -57342.503
Iteration 10 / LogL: -57383.442 / Time: 0h:8m:43s
Estimate model parameters (epsilon = 0.100)
BETTER TREE FOUND at iteration 15: -57324.288
Iteration 20 / LogL: -57382.659 / Time: 0h:14m:55s
Finish initializing candidate tree set (20)
Current best tree score: -57324.288 / CPU time: 854.120
Number of iterations: 20
--------------------------------------------------------------------
|               OPTIMIZING CANDIDATE TREE SET                      |
--------------------------------------------------------------------
Estimate model parameters (epsilon = 0.100)
BETTER TREE FOUND at iteration 29: -57322.417
Estimate model parameters (epsilon = 0.100)
BETTER TREE FOUND at iteration 30: -57317.917
Iteration 30 / LogL: -57317.917 / Time: 0h:21m:3s (1h:12m:35s left)
Iteration 40 / LogL: -57324.601 / Time: 0h:26m:19s (1h:0m:45s left)
Estimate model parameters (epsilon = 0.100)
BETTER TREE FOUND at iteration 44: -57315.092
Iteration 50 / LogL: -57352.806 / Time: 0h:32m:0s (1h:1m:23s left)
Estimate model parameters (epsilon = 0.100)
BETTER TREE FOUND at iteration 54: -57311.962
Iteration 60 / LogL: -57353.383 / Time: 0h:37m:45s (1h:0m:9s left)
Estimate model parameters (epsilon = 0.100)
BETTER TREE FOUND at iteration 62: -57306.940
Estimate model parameters (epsilon = 0.100)
BETTER TREE FOUND at iteration 66: -57305.718
Iteration 70 / LogL: -57500.785 / Time: 0h:43m:32s (1h:0m:34s left)
Iteration 80 / LogL: -57310.869 / Time: 0h:48m:49s (0h:53m:9s left)
Iteration 90 / LogL: -57309.918 / Time: 0h:53m:58s (0h:46m:5s left)
Estimate model parameters (epsilon = 0.100)
BETTER TREE FOUND at iteration 96: -57305.013
Iteration 100 / LogL: -57366.759 / Time: 0h:59m:50s (0h:58m:1s left)
Iteration 110 / LogL: -57338.074 / Time: 1h:4m:58s (0h:51m:15s left)
Estimate model parameters (epsilon = 0.100)
BETTER TREE FOUND at iteration 114: -57299.493
Iteration 120 / LogL: -57315.540 / Time: 1h:10m:40s (0h:55m:49s left)
Iteration 130 / LogL: -57313.843 / Time: 1h:16m:11s (0h:49m:37s left)
Estimate model parameters (epsilon = 0.100)
BETTER TREE FOUND at iteration 136: -57296.655
Iteration 140 / LogL: -57309.610 / Time: 1h:21m:26s (0h:56m:14s left)
Iteration 150 / LogL: -57378.601 / Time: 1h:27m:0s (0h:50m:13s left)
Estimate model parameters (epsilon = 0.100)
BETTER TREE FOUND at iteration 151: -57295.362
Iteration 160 / LogL: -57321.002 / Time: 1h:32m:41s (0h:53m:2s left)
Iteration 170 / LogL: -57371.171 / Time: 1h:37m:50s (0h:46m:53s left)
Iteration 180 / LogL: -57303.710 / Time: 1h:43m:9s (0h:40m:55s left)
Iteration 190 / LogL: -57295.871 / Time: 1h:48m:44s (0h:35m:5s left)
Iteration 200 / LogL: -57328.582 / Time: 1h:53m:48s (0h:29m:9s left)
Iteration 210 / LogL: -57299.904 / Time: 1h:59m:18s (0h:23m:24s left)
Estimate model parameters (epsilon = 0.100)
BETTER TREE FOUND at iteration 217: -57294.633
Iteration 220 / LogL: -57300.092 / Time: 2h:4m:46s (0h:55m:15s left)
Iteration 230 / LogL: -57305.753 / Time: 2h:9m:38s (0h:49m:15s left)
Estimate model parameters (epsilon = 0.100)
BETTER TREE FOUND at iteration 234: -57293.361
Iteration 240 / LogL: -57299.857 / Time: 2h:15m:11s (0h:53m:10s left)
Iteration 250 / LogL: -57317.597 / Time: 2h:20m:26s (0h:47m:22s left)
Iteration 260 / LogL: -57294.501 / Time: 2h:25m:43s (0h:41m:38s left)
Estimate model parameters (epsilon = 0.100)
BETTER TREE FOUND at iteration 266: -57291.867
Estimate model parameters (epsilon = 0.100)
BETTER TREE FOUND at iteration 270: -57291.560
Iteration 270 / LogL: -57291.560 / Time: 2h:31m:20s (0h:56m:15s left)
Iteration 280 / LogL: -57312.250 / Time: 2h:36m:22s (0h:50m:26s left)
Iteration 290 / LogL: -57302.733 / Time: 2h:41m:41s (0h:44m:45s left)
Iteration 300 / LogL: -57299.037 / Time: 2h:47m:0s (0h:39m:6s left)
Estimate model parameters (epsilon = 0.100)
BETTER TREE FOUND at iteration 306: -57289.300
Iteration 310 / LogL: -57303.421 / Time: 2h:52m:33s (0h:53m:36s left)
Iteration 320 / LogL: -57599.610 / Time: 2h:57m:42s (0h:47m:54s left)
Iteration 330 / LogL: -57345.159 / Time: 3h:2m:48s (0h:42m:13s left)
Iteration 340 / LogL: -57311.901 / Time: 3h:8m:11s (0h:36m:38s left)
Iteration 350 / LogL: -57303.864 / Time: 3h:13m:28s (0h:31m:2s left)
Estimate model parameters (epsilon = 0.100)
BETTER TREE FOUND at iteration 351: -57287.263
Iteration 360 / LogL: -57477.560 / Time: 3h:18m:54s (0h:50m:25s left)
Iteration 370 / LogL: -57310.970 / Time: 3h:23m:45s (0h:44m:43s left)
Iteration 380 / LogL: -57304.657 / Time: 3h:28m:57s (0h:39m:8s left)
Iteration 390 / LogL: -57332.978 / Time: 3h:34m:8s (0h:33m:34s left)
Iteration 400 / LogL: -57309.020 / Time: 3h:39m:25s (0h:28m:2s left)
Estimate model parameters (epsilon = 0.100)
BETTER TREE FOUND at iteration 402: -57285.554
Iteration 410 / LogL: -57292.831 / Time: 3h:45m:9s (0h:50m:38s left)
Iteration 420 / LogL: -57340.318 / Time: 3h:50m:5s (0h:45m:1s left)
Iteration 430 / LogL: -57285.717 / Time: 3h:55m:3s (0h:39m:27s left)
Estimate model parameters (epsilon = 0.100)
BETTER TREE FOUND at iteration 433: -57284.767
Iteration 440 / LogL: -57287.994 / Time: 4h:0m:29s (0h:50m:56s left)
Iteration 450 / LogL: -57304.339 / Time: 4h:5m:47s (0h:45m:26s left)
Iteration 460 / LogL: -57335.947 / Time: 4h:11m:5s (0h:39m:56s left)
Estimate model parameters (epsilon = 0.100)
BETTER TREE FOUND at iteration 466: -57284.714
Iteration 470 / LogL: -57296.043 / Time: 4h:16m:22s (0h:52m:28s left)
Iteration 480 / LogL: -57305.762 / Time: 4h:21m:19s (0h:46m:55s left)
Iteration 490 / LogL: -57317.807 / Time: 4h:26m:31s (0h:41m:25s left)
Iteration 500 / LogL: -57374.734 / Time: 4h:31m:46s (0h:35m:56s left)
Iteration 510 / LogL: -57332.833 / Time: 4h:36m:56s (0h:30m:28s left)
Iteration 520 / LogL: -57291.757 / Time: 4h:42m:14s (0h:25m:0s left)
Iteration 530 / LogL: -57383.721 / Time: 4h:47m:24s (0h:19m:33s left)
Iteration 540 / LogL: -57345.513 / Time: 4h:52m:40s (0h:14m:7s left)
Iteration 550 / LogL: -57331.647 / Time: 4h:57m:55s (0h:8m:40s left)
Iteration 560 / LogL: -57295.577 / Time: 5h:3m:20s (0h:3m:15s left)
TREE SEARCH COMPLETED AFTER 567 ITERATIONS / Time: 5h:6m:55s

--------------------------------------------------------------------
|                    FINALIZING TREE SEARCH                        |
--------------------------------------------------------------------
Performs final model parameters optimization
Estimate model parameters (epsilon = 0.010)
1. Initial log-likelihood: -57284.714
2. Current log-likelihood: -57284.694
3. Current log-likelihood: -57284.674
4. Current log-likelihood: -57284.644
5. Current log-likelihood: -57284.625
6. Current log-likelihood: -57284.595
7. Current log-likelihood: -57284.577
8. Current log-likelihood: -57284.547
9. Current log-likelihood: -57284.533
10. Current log-likelihood: -57284.519
11. Current log-likelihood: -57284.501
12. Current log-likelihood: -57284.486
13. Current log-likelihood: -57284.472
14. Current log-likelihood: -57284.455
15. Current log-likelihood: -57284.441
16. Current log-likelihood: -57284.427
17. Current log-likelihood: -57284.410
18. Current log-likelihood: -57284.396
19. Current log-likelihood: -57284.383
20. Current log-likelihood: -57284.367
21. Current log-likelihood: -57284.353
22. Current log-likelihood: -57284.340
23. Current log-likelihood: -57284.324
24. Current log-likelihood: -57284.311
25. Current log-likelihood: -57284.298
26. Current log-likelihood: -57284.286
27. Current log-likelihood: -57284.274
28. Current log-likelihood: -57284.259
29. Current log-likelihood: -57284.246
30. Current log-likelihood: -57284.234
31. Current log-likelihood: -57284.223
32. Current log-likelihood: -57284.212
33. Current log-likelihood: -57284.201
34. Current log-likelihood: -57284.186
35. Current log-likelihood: -57284.174
36. Current log-likelihood: -57284.163
37. Current log-likelihood: -57284.152
38. Current log-likelihood: -57284.141
39. Current log-likelihood: -57284.131
40. Current log-likelihood: -57284.120
41. Current log-likelihood: -57284.110
Optimal log-likelihood: -57284.096
Site proportion and rates:  (0.207,0.031) (0.180,0.278) (0.254,0.752) (0.232,1.556) (0.114,2.800) (0.014,5.245)
Parameters optimization took 41 rounds (402.632 sec)
BEST SCORE FOUND : -57284.096
Total tree length: 23.673

Total number of iterations: 567
CPU time used for tree search: 18345.804 sec (5h:5m:45s)
Wall-clock time used for tree search: 18374.565 sec (5h:6m:14s)
Total CPU time used: 18789.392 sec (5h:13m:9s)
Total wall-clock time used: 18818.626 sec (5h:13m:38s)

Analysis results written to: 
  IQ-TREE report:                results/tree/PGC_crtE/PGC_crtE.iqtree
  Maximum-likelihood tree:       results/tree/PGC_crtE/PGC_crtE.treefile
  Likelihood distances:          results/tree/PGC_crtE/PGC_crtE.mldist
  Screen log file:               results/tree/PGC_crtE/PGC_crtE.log

Date and Time: Thu Jun 20 17:58:32 2024
