IQ-TREE multicore version 2.1.4-beta COVID-edition for Linux 64-bit built Jun 24 2021
Developed by Bui Quang Minh, James Barbetti, Nguyen Lam Tung,
Olga Chernomor, Heiko Schmidt, Dominik Schrempf, Michael Woodhams.

Host:    morrowind (AVX2, FMA3, 503 GB RAM)
Command: iqtree2 -s results/fasta_PGC/gene_trimmed/PGC_puhB_trim.phy -pre results/tree/PGC_puhB/PGC_puhB
Seed:    632422 (Using SPRNG - Scalable Parallel Random Number Generator)
Time:    Thu Jun 20 09:53:29 2024
Kernel:  AVX+FMA - 1 threads (128 CPU cores detected)

HINT: Use -nt option to specify number of threads because your CPU has 128 cores!
HINT: -nt AUTO will automatically determine the best number of threads to use.

Reading alignment file results/fasta_PGC/gene_trimmed/PGC_puhB_trim.phy ... Phylip format detected
Alignment most likely contains protein sequences
WARNING: 14 sites contain only gaps or ambiguous characters.
Alignment has 252 sequences with 540 columns, 501 distinct patterns
462 parsimony-informative, 17 singleton sites, 61 constant sites
                                              Gap/Ambiguity  Composition  p-value
   1  GCA_011765465.1_ASM1176546v1                   28.70%    passed     99.56%
   2  GCA_015693905.1_ASM1569390v1                   22.04%    passed     99.96%
   3  GCA_016745215.1_scaff03                        20.37%    passed     89.80%
   4  GCA_019285715.1_ASM1928571v1                   25.19%    passed     99.66%
   5  GCA_019739335.1_ASM1973933v1                   25.37%    passed     99.99%
   6  GCF_000013085.1_ASM1308v1                      22.22%    passed     98.79%
   7  GCF_000013365.1_ASM1336v1                      23.33%    passed     27.52%
   8  GCF_000013565.1_ASM1356v1                      20.00%    passed     60.13%
   9  GCF_000014045.1_ASM1404v1                      22.04%    passed     99.91%
  10  GCF_000015165.1_ASM1516v1                      27.96%    passed     92.79%
  11  GCF_000015585.1_ASM1558v1                      23.52%    passed     99.29%
  12  GCF_000016185.1_ASM1618v1                      24.63%    passed     94.33%
  13  GCF_000018145.1_ASM1814v1                      19.63%    passed     88.96%
  14  GCF_000018845.1_ASM1884v1                      26.85%    passed     62.62%
  15  GCF_000019365.1_ASM1936v1                      29.26%    passed     22.52%
  16  GCF_000019725.1_ASM1972v1                      25.19%    passed     93.44%
  17  GCF_000019945.1_ASM1994v1                      26.11%    passed     88.15%
  18  GCF_000020445.1_ASM2044v1                      23.70%    passed     92.42%
  19  GCF_000021005.1_ASM2100v1                      22.78%    passed    100.00%
  20  GCF_000021745.1_ASM2174v1                      22.41%    passed     95.36%
  21  GCF_000021845.1_ASM2184v1                      26.85%    passed     56.40%
  22  GCF_000021865.1_ASM2186v1                      22.04%    passed     99.96%
  23  GCF_000022685.1_ASM2268v1                      26.48%    passed     67.21%
  24  GCF_000025485.1_ASM2548v1                      22.78%    passed     96.08%
  25  GCF_000026145.1_ASM2614v1                      30.19%    passed     84.43%
  26  GCF_000083545.1_ASM8354v1                      26.48%    passed     71.04%
  27  GCF_000144605.1_ASM14460v1                     23.52%    passed     99.54%
  28  GCF_000154785.2_ASM15478v2                     21.48%    passed     99.83%
  29  GCF_000166055.1_ASM16605v1                     21.30%    passed     99.23%
  30  GCF_000195775.2_ASM19577v2                     23.70%    passed     92.42%
  31  GCF_000202835.1_ASM20283v1                     28.33%    passed     45.34%
  32  GCF_000224005.2_ASM22400v3                     24.81%    passed     99.59%
  33  GCF_000225955.1_ASM22595v1                     22.22%    passed     98.79%
  34  GCF_000227745.2_ASM22774v3                     21.85%    passed     99.93%
  35  GCF_000284255.1_ASM28425v1                     22.96%    passed    100.00%
  36  GCF_000284275.1_ASM28427v1                     22.59%    passed     43.89%
  37  GCF_000284415.1_ASM28441v2                     25.00%    passed     99.44%
  38  GCF_000327045.1_ASM32704v1                     23.33%    passed     55.25%
  39  GCF_000344805.1_ASM34480v1                     27.96%    passed     93.71%
  40  GCF_000364445.2_ASM36444v2                     24.81%    passed     95.82%
  41  GCF_000512205.2_ASM51220v2                     24.07%    passed     99.99%
  42  GCF_000590925.1_ASM59092v1                     19.81%    passed     55.56%
  43  GCF_000738435.1_ASM73843v1                     21.11%    passed     97.86%
  44  GCF_000757795.1_ASM75779v1                     25.00%    passed     99.33%
  45  GCF_000935025.1_ASM93502v1                     22.96%    passed     98.71%
  46  GCF_000973625.1_ASM97362v1                     19.07%    failed      2.82%
  47  GCF_001304795.1_ASM130479v1                    28.70%    passed     99.79%
  48  GCF_001402875.1_ASM140287v1                    22.59%    passed    100.00%
  49  GCF_001412535.1_ASM141253v1                    22.04%    passed     98.80%
  50  GCF_001412575.1_ASM141257v1                    19.44%    passed     88.21%
  51  GCF_001459775.1_Blastochloris_viridis_genome   22.59%    passed    100.00%
  52  GCF_001483865.1_ASM148386v1                    23.70%    passed     99.94%
  53  GCF_001542815.1_ASM154281v1                    26.48%    passed     69.77%
  54  GCF_001548015.1_ASM154801v1                    29.07%    passed     95.65%
  55  GCF_001548075.1_ASM154807v1                    22.22%    passed    100.00%
  56  GCF_001576595.1_ASM157659v1                    22.22%    passed    100.00%
  57  GCF_001632845.1_ASM163284v1                    22.22%    passed     91.61%
  58  GCF_001633145.1_ASM163314v1                    22.22%    passed    100.00%
  59  GCF_001633165.1_ASM163316v1                    22.22%    passed    100.00%
  60  GCF_001663155.1_ASM166315v1                    25.19%    passed    100.00%
  61  GCF_001663175.1_ASM166317v1                    25.56%    passed    100.00%
  62  GCF_001685625.1_ASM168562v1                    22.22%    passed    100.00%
  63  GCF_001713355.1_ASM171335v1                    22.59%    passed    100.00%
  64  GCF_001713375.1_ASM171337v1                    22.78%    passed     99.85%
  65  GCF_001713435.1_ASM171343v1                    25.93%    passed     99.76%
  66  GCF_001713455.1_ASM171345v1                    23.70%    passed     93.99%
  67  GCF_001713475.1_ASM171347v1                    23.33%    passed     97.83%
  68  GCF_001719165.1_ASM171916v1                    23.89%    passed     99.82%
  69  GCF_001720465.1_ASM172046v1                    24.81%    passed     99.97%
  70  GCF_001854385.1_ASM185438v1                    25.19%    passed     93.44%
  71  GCF_001870665.2_ASM187066v2                    22.41%    passed    100.00%
  72  GCF_001886735.1_ASM188673v1                    21.85%    passed     94.23%
  73  GCF_001936175.1_ASM193617v1                    25.00%    passed     99.33%
  74  GCF_001955735.1_ASM195573v1                    20.93%    failed      0.52%
  75  GCF_001971665.1_ASM197166v1                    26.85%    passed     62.30%
  76  GCF_002002865.1_ASM200286v1                    23.52%    passed     99.62%
  77  GCF_002073975.1_ASM207397v1                    22.59%    passed    100.00%
  78  GCF_002079305.1_ASM207930v1                    22.78%    passed     99.98%
  79  GCF_002080415.1_ASM208041v1                    23.15%    passed     99.94%
  80  GCF_002117815.2_ASM211781v2                    26.85%    passed     62.30%
  81  GCF_002158905.1_ASM215890v1                    21.30%    passed     99.94%
  82  GCF_002266435.2_ASM226643v2                    21.67%    passed     65.18%
  83  GCF_002355515.1_ASM235551v1                    26.67%    passed     57.97%
  84  GCF_002407205.1_ASM240720v1                    22.41%    passed    100.00%
  85  GCF_002706325.1_ASM270632v1                    22.22%    passed    100.00%
  86  GCF_002813775.1_ASM281377v1                    24.44%    passed     99.97%
  87  GCF_002868735.1_ASM286873v1                    23.52%    passed     99.75%
  88  GCF_002952215.1_ASM295221v1                    23.89%    passed     82.19%
  89  GCF_002983865.1_ASM298386v1                    22.04%    passed     99.91%
  90  GCF_003031245.1_ASM303124v1                    23.89%    passed     96.03%
  91  GCF_003031265.1_ASM303126v1                    23.89%    passed     96.03%
  92  GCF_003065365.1_ASM306536v1                    19.26%    passed      9.83%
  93  GCF_003071405.1_ASM307140v1                    22.59%    passed     99.87%
  94  GCF_003173715.1_ASM317371v1                    26.11%    passed     95.60%
  95  GCF_003173735.1_ASM317373v1                    28.15%    passed     90.35%
  96  GCF_003173755.1_ASM317375v1                    28.33%    passed     99.99%
  97  GCF_003173775.1_ASM317377v1                    29.26%    passed     98.45%
  98  GCF_003254375.1_ASM325437v1                    25.00%    passed     99.33%
  99  GCF_003264115.1_ASM326411v1                    23.89%    passed     99.51%
 100  GCF_003288315.1_ASM328831v1                    23.15%    passed     99.94%
 101  GCF_003324715.1_ASM332471v1                    22.22%    passed    100.00%
 102  GCF_003352165.1_ASM335216v1                    27.22%    passed     99.96%
 103  GCF_003429265.1_ASM342926v1                    21.67%    passed     99.87%
 104  GCF_003431825.1_ASM343182v1                    25.93%    passed     99.76%
 105  GCF_003855495.1_ASM385549v1                    25.56%    passed     99.08%
 106  GCF_003940805.1_ASM394080v1                    23.33%    passed     99.13%
 107  GCF_003952725.1_ASM395272v1                    24.81%    passed    100.00%
 108  GCF_003966715.1_ASM396671v1                    20.00%    passed     97.18%
 109  GCF_004114955.1_ASM411495v1                    26.48%    passed     99.91%
 110  GCF_004136295.1_ASM413629v1                    24.26%    passed     99.98%
 111  GCF_004216475.1_ASM421647v1                    22.59%    passed    100.00%
 112  GCF_004331955.1_ASM433195v1                    22.41%    passed     99.17%
 113  GCF_004354345.1_ASM435434v1                    24.07%    passed     70.25%
 114  GCF_005311585.1_ASM531158v1                    22.59%    passed    100.00%
 115  GCF_005860795.2_ASM586079v2                    24.26%    passed     95.92%
 116  GCF_006542605.1_ASM654260v1                    25.56%    passed     98.36%
 117  GCF_006740745.1_ASM674074v1                    26.48%    passed     73.12%
 118  GCF_007005445.1_ASM700544v1                    23.89%    passed     66.62%
 119  GCF_007290395.1_ASM729039v1                    22.78%    passed     42.52%
 120  GCF_007954425.1_ASM795442v1                    26.85%    passed     99.99%
 121  GCF_008000895.1_ASM800089v1                    24.81%    passed     95.36%
 122  GCF_008000915.1_ASM800091v1                    23.15%    passed     98.29%
 123  GCF_008728195.1_ASM872819v1                    22.59%    passed    100.00%
 124  GCF_008843145.1_ASM884314v1                    24.26%    passed     89.95%
 125  GCF_008932115.1_ASM893211v1                    22.41%    passed     95.76%
 126  GCF_009363255.1_ASM936325v1                    22.22%    passed     99.61%
 127  GCF_009363495.1_ASM936349v1                    22.22%    passed     99.61%
 128  GCF_009363575.1_ASM936357v1                    22.96%    passed    100.00%
 129  GCF_009363615.1_ASM936361v1                    24.07%    passed     99.99%
 130  GCF_009363635.1_ASM936363v1                    23.33%    passed     98.89%
 131  GCF_009363655.1_ASM936365v1                    22.59%    passed    100.00%
 132  GCF_009363715.1_ASM936371v1                    22.59%    passed    100.00%
 133  GCF_009363735.1_ASM936373v1                    22.41%    passed    100.00%
 134  GCF_009363795.1_ASM936379v1                    26.30%    passed    100.00%
 135  GCF_009650195.1_ASM965019v1                    23.33%    passed     98.49%
 136  GCF_009664085.1_ASM966408v1                    22.59%    passed     99.91%
 137  GCF_009685175.1_ASM968517v1                    25.37%    passed     97.95%
 138  GCF_009707465.1_ASM970746v1                    26.67%    passed     98.67%
 139  GCF_009762325.1_ASM976232v1                    23.52%    passed    100.00%
 140  GCF_009797665.1_ASM979766v1                    22.22%    passed    100.00%
 141  GCF_009859815.1_ASM985981v1                    22.22%    passed     99.99%
 142  GCF_009913435.1_ASM991343v1                    25.00%    passed     96.66%
 143  GCF_010104355.1_ASM1010435v1                   22.22%    passed     99.99%
 144  GCF_011040475.1_ASM1104047v1                   22.22%    passed    100.00%
 145  GCF_011044255.1_ASM1104425v1                   25.56%    passed    100.00%
 146  GCF_011047315.1_ASM1104731v1                   24.63%    passed    100.00%
 147  GCF_011290485.1_ASM1129048v1                   21.85%    passed     95.50%
 148  GCF_011388215.1_ASM1138821v1                   24.81%    passed     30.14%
 149  GCF_012647365.1_ASM1264736v1                   22.22%    passed    100.00%
 150  GCF_012932215.1_ASM1293221v1                   22.78%    passed     99.76%
 151  GCF_013170845.1_ASM1317084v1                   22.59%    passed     94.36%
 152  GCF_013307245.1_ASM1330724v1                   19.63%    passed     53.37%
 153  GCF_013374095.1_ASM1337409v1                   22.59%    passed     99.45%
 154  GCF_013378075.1_ASM1337807v1                   24.81%    passed    100.00%
 155  GCF_013415845.1_ASM1341584v1                   23.70%    passed     92.42%
 156  GCF_014117445.1_ASM1411744v1                   28.33%    passed     86.26%
 157  GCF_014495845.1_ASM1449584v1                   24.26%    passed     47.36%
 158  GCF_014622665.1_ASM1462266v1                   22.04%    passed     99.96%
 159  GCF_014681765.1_ASM1468176v1                   21.85%    passed    100.00%
 160  GCF_015679265.1_ASM1567926v1                   25.37%    passed     91.67%
 161  GCF_016584445.1_ASM1658444v1                   23.70%    passed     92.42%
 162  GCF_016653635.2_ASM1665363v2                   24.26%    passed     99.07%
 163  GCF_016765655.2_ASM1676565v2                   24.63%    passed     90.03%
 164  GCF_016806065.1_ASM1680606v1                   23.33%    passed     98.49%
 165  GCF_016806835.2_ASM1680683v2                   24.44%    passed     95.90%
 166  GCF_016839165.1_ASM1683916v1                   22.22%    passed     94.54%
 167  GCF_017347565.1_ASM1734756v1                   29.07%    passed     98.68%
 168  GCF_017498565.1_ASM1749856v1                   24.44%    passed     83.22%
 169  GCF_017795885.1_ASM1779588v1                   23.33%    passed     98.31%
 170  GCF_018200035.1_ASM1820003v1                   20.74%    passed     99.91%
 171  GCF_018205975.1_ASM1820597v1                   23.70%    passed     96.75%
 172  GCF_018399035.1_ASM1839903v1                   22.22%    passed     99.90%
 173  GCF_018409545.1_ASM1840954v1                   22.59%    passed     96.45%
 174  GCF_018687415.1_ASM1868741v1                   21.85%    passed     93.54%
 175  GCF_018687475.1_ASM1868747v1                   19.07%    passed     88.44%
 176  GCF_018687675.1_ASM1868767v1                   18.33%    failed      0.06%
 177  GCF_018688155.1_ASM1868815v1                   21.30%    passed     99.51%
 178  GCF_018688255.1_ASM1868825v1                   19.26%    failed      0.22%
 179  GCF_018982885.2_ASM1898288v2                   23.33%    passed    100.00%
 180  GCF_019134555.1_ASM1913455v1                   22.22%    passed     98.79%
 181  GCF_019203965.1_ASM1920396v1                   24.44%    passed     98.33%
 182  GCF_019431245.1_ASM1943124v1                   23.33%    passed    100.00%
 183  GCF_019443285.1_ASM1944328v1                   27.04%    passed     99.99%
 184  GCF_019623905.1_ASM1962390v1                   23.70%    passed     96.14%
 185  GCF_019904235.1_ASM1990423v1                   25.74%    passed    100.00%
 186  GCF_019973775.1_ASM1997377v1                   23.70%    passed     99.98%
 187  GCF_020866845.1_ASM2086684v1                   25.19%    passed     99.98%
 188  GCF_021088345.1_ASM2108834v1                   28.15%    passed     82.85%
 189  GCF_021117295.1_ASM2111729v1                   26.48%    passed     59.74%
 190  GCF_021228015.1_ASM2122801v1                   29.44%    passed     96.61%
 191  GCF_021228795.1_ASM2122879v1                   22.78%    passed    100.00%
 192  GCF_021391315.1_ASM2139131v1                   21.67%    passed     99.87%
 193  GCF_021391535.1_ASM2139153v1                   24.81%    passed     96.29%
 194  GCF_021398735.1_ASM2139873v1                   25.00%    passed     95.19%
 195  GCF_021431965.1_ASM2143196v1                   27.04%    passed    100.00%
 196  GCF_021484845.1_ASM2148484v1                   25.19%    passed     95.45%
 197  GCF_022227035.1_ASM2222703v1                   21.67%    passed     99.87%
 198  GCF_022370455.1_ASM2237045v1                   25.56%    passed     98.84%
 199  GCF_022410435.1_ASM2241043v1                   23.52%    passed    100.00%
 200  GCF_022533465.1_ASM2253346v1                   25.74%    passed     32.73%
 201  GCF_022558965.1_ASM2255896v1                   27.78%    passed     72.66%
 202  GCF_022846615.1_ASM2284661v1                   24.26%    passed     56.39%
 203  GCF_023243115.1_ASM2324311v1                   24.26%    passed     94.66%
 204  GCF_023380025.1_ASM2338002v1                   27.04%    passed     82.73%
 205  GCF_023546765.1_ASM2354676v1                   25.00%    passed     97.45%
 206  GCF_023558335.1_ASM2355833v1                   19.63%    passed     88.96%
 207  GCF_023558355.1_ASM2355835v1                   19.63%    passed     88.96%
 208  GCF_023573145.1_ASM2357314v1                   26.11%    passed     92.79%
 209  GCF_023823125.1_ASM2382312v1                   24.07%    passed     99.99%
 210  GCF_024496245.1_ASM2449624v1                   24.44%    passed    100.00%
 211  GCF_024758705.1_ASM2475870v1                   27.04%    passed    100.00%
 212  GCF_024758725.1_ASM2475872v1                   25.19%    passed     93.05%
 213  GCF_025141175.1_ASM2514117v1                   22.04%    passed    100.00%
 214  GCF_025141935.1_ASM2514193v1                   20.00%    passed     96.24%
 215  GCF_025398155.2_ASM2539815v2                   23.52%    passed    100.00%
 216  GCF_025811215.1_ASM2581121v1                   23.89%    passed     96.03%
 217  GCF_025811355.1_ASM2581135v1                   23.89%    passed     96.30%
 218  GCF_025811435.1_ASM2581143v1                   23.89%    passed     96.03%
 219  GCF_025813715.1_ASM2581371v1                   27.04%    passed     60.87%
 220  GCF_025917005.1_ASM2591700v1                   24.44%    passed     94.58%
 221  GCF_026122595.1_ASM2612259v1                   26.85%    passed     62.30%
 222  GCF_026122615.1_ASM2612261v1                   26.85%    passed     62.30%
 223  GCF_026167525.1_ASM2616752v1                   23.33%    passed    100.00%
 224  GCF_026167545.1_ASM2616754v1                   24.44%    passed    100.00%
 225  GCF_026625025.1_ASM2662502v1                   23.70%    passed     92.42%
 226  GCF_026898155.1_ASM2689815v1                   24.44%    passed    100.00%
 227  GCF_027271155.1_ASM2727115v1                   23.15%    passed     99.96%
 228  GCF_027886585.1_ASM2788658v1                   23.89%    passed     99.98%
 229  GCF_027912195.1_ASM2791219v1                   23.70%    passed     92.46%
 230  GCF_027943985.1_ASM2794398v1                   19.44%    passed      5.77%
 231  GCF_027944005.1_ASM2794400v1                   19.44%    passed      5.77%
 232  GCF_028621955.1_ASM2862195v1                   25.37%    passed     99.91%
 233  GCF_028885395.1_ASM2888539v1                   22.04%    passed    100.00%
 234  GCF_029277405.1_ASM2927740v1                   22.04%    passed     99.96%
 235  GCF_029581395.1_ASM2958139v1                   23.15%    passed     96.32%
 236  GCF_029691625.1_ASM2969162v1                   25.00%    passed     99.33%
 237  GCF_029714205.1_ASM2971420v1                   29.26%    passed     22.52%
 238  GCF_029761955.1_ASM2976195v1                   29.07%    passed     96.93%
 239  GCF_030062705.1_ASM3006270v1                   26.67%    passed     55.00%
 240  GCF_030252425.1_ASM3025242v1                   25.37%    passed     75.17%
 241  GCF_030255395.1_ASM3025539v1                   26.85%    passed     62.62%
 242  GCF_030297555.1_ASM3029755v1                   19.07%    passed     78.15%
 243  GCF_030297575.1_ASM3029757v1                   18.89%    passed     85.97%
 244  GCF_030297595.1_ASM3029759v1                   18.89%    passed     85.81%
 245  GCF_030297615.1_ASM3029761v1                   18.70%    passed     85.86%
 246  GCF_030297635.1_ASM3029763v1                   18.89%    passed     85.97%
 247  GCF_030297655.1_ASM3029765v1                   18.70%    passed     85.74%
 248  GCF_030297675.1_ASM3029767v1                   18.70%    passed     85.74%
 249  GCF_900176205.1_BRAD285_PRJEB202261_v1         27.78%    passed     94.80%
 250  GCF_900234795.1_TK0001_PRJEB23178_v1           26.85%    passed     62.30%
 251  GCF_901457705.2_RHAL1_v2                       24.07%    passed    100.00%
 252  GCF_937425535.1_Rhodovastum_atsumiense_G2-11   24.63%    passed     99.90%
****  TOTAL                                          23.80%  4 sequences failed composition chi2 test (p-value<5%; df=19)
NOTE: GCF_000225955.1_ASM22595v1 is identical to GCF_000013085.1_ASM1308v1 but kept for subsequent analysis
NOTE: GCF_002983865.1_ASM298386v1 is identical to GCF_000014045.1_ASM1404v1 but kept for subsequent analysis
NOTE: GCF_023558335.1_ASM2355833v1 is identical to GCF_000018145.1_ASM1814v1 but kept for subsequent analysis
NOTE: GCF_030255395.1_ASM3025539v1 is identical to GCF_000018845.1_ASM1884v1 but kept for subsequent analysis
NOTE: GCF_029714205.1_ASM2971420v1 is identical to GCF_000019365.1_ASM1936v1 but kept for subsequent analysis
NOTE: GCF_001854385.1_ASM185438v1 is identical to GCF_000019725.1_ASM1972v1 but kept for subsequent analysis
NOTE: GCF_000195775.2_ASM19577v2 is identical to GCF_000020445.1_ASM2044v1 but kept for subsequent analysis
NOTE: GCF_001936175.1_ASM193617v1 is identical to GCF_000757795.1_ASM75779v1 but kept for subsequent analysis
NOTE: GCF_001459775.1_Blastochloris_viridis_genome is identical to GCF_001402875.1_ASM140287v1 but kept for subsequent analysis
NOTE: GCF_001633165.1_ASM163316v1 is identical to GCF_001633145.1_ASM163314v1 but kept for subsequent analysis
NOTE: GCF_002706325.1_ASM270632v1 is identical to GCF_001685625.1_ASM168562v1 but kept for subsequent analysis
NOTE: GCF_003431825.1_ASM343182v1 is identical to GCF_001713435.1_ASM171343v1 but kept for subsequent analysis
NOTE: GCF_002117815.2_ASM211781v2 is identical to GCF_001971665.1_ASM197166v1 but kept for subsequent analysis
NOTE: GCF_003288315.1_ASM328831v1 is identical to GCF_002080415.1_ASM208041v1 but kept for subsequent analysis
NOTE: GCF_003031265.1_ASM303126v1 is identical to GCF_003031245.1_ASM303124v1 but kept for subsequent analysis
NOTE: GCF_021391315.1_ASM2139131v1 is identical to GCF_003429265.1_ASM342926v1 but kept for subsequent analysis
NOTE: GCF_009363495.1_ASM936349v1 is identical to GCF_009363255.1_ASM936325v1 but kept for subsequent analysis
NOTE: GCF_016806065.1_ASM1680606v1 is identical to GCF_009650195.1_ASM965019v1 but kept for subsequent analysis
NOTE: GCF_010104355.1_ASM1010435v1 is identical to GCF_009859815.1_ASM985981v1 but kept for subsequent analysis
NOTE: GCF_029277405.1_ASM2927740v1 is identical to GCF_014622665.1_ASM1462266v1 but kept for subsequent analysis
NOTE: GCF_019431245.1_ASM1943124v1 is identical to GCF_018982885.2_ASM1898288v2 but kept for subsequent analysis
NOTE: GCF_027944005.1_ASM2794400v1 is identical to GCF_027943985.1_ASM2794398v1 but kept for subsequent analysis
NOTE: GCF_030297635.1_ASM3029763v1 is identical to GCF_030297575.1_ASM3029757v1 but kept for subsequent analysis
NOTE: GCF_030297675.1_ASM3029767v1 is identical to GCF_030297655.1_ASM3029765v1 but kept for subsequent analysis
NOTE: 16 identical sequences (see below) will be ignored for subsequent analysis
NOTE: GCF_019134555.1_ASM1913455v1 (identical to GCF_000013085.1_ASM1308v1) is ignored but added at the end
NOTE: GCF_023558355.1_ASM2355835v1 (identical to GCF_000018145.1_ASM1814v1) is ignored but added at the end
NOTE: GCF_013415845.1_ASM1341584v1 (identical to GCF_000020445.1_ASM2044v1) is ignored but added at the end
NOTE: GCF_016584445.1_ASM1658444v1 (identical to GCF_000020445.1_ASM2044v1) is ignored but added at the end
NOTE: GCF_026625025.1_ASM2662502v1 (identical to GCF_000020445.1_ASM2044v1) is ignored but added at the end
NOTE: GCF_003254375.1_ASM325437v1 (identical to GCF_000757795.1_ASM75779v1) is ignored but added at the end
NOTE: GCF_029691625.1_ASM2969162v1 (identical to GCF_000757795.1_ASM75779v1) is ignored but added at the end
NOTE: GCF_003324715.1_ASM332471v1 (identical to GCF_001685625.1_ASM168562v1) is ignored but added at the end
NOTE: GCF_009797665.1_ASM979766v1 (identical to GCF_001685625.1_ASM168562v1) is ignored but added at the end
NOTE: GCF_012647365.1_ASM1264736v1 (identical to GCF_001685625.1_ASM168562v1) is ignored but added at the end
NOTE: GCF_026122595.1_ASM2612259v1 (identical to GCF_001971665.1_ASM197166v1) is ignored but added at the end
NOTE: GCF_026122615.1_ASM2612261v1 (identical to GCF_001971665.1_ASM197166v1) is ignored but added at the end
NOTE: GCF_900234795.1_TK0001_PRJEB23178_v1 (identical to GCF_001971665.1_ASM197166v1) is ignored but added at the end
NOTE: GCF_025811215.1_ASM2581121v1 (identical to GCF_003031245.1_ASM303124v1) is ignored but added at the end
NOTE: GCF_025811435.1_ASM2581143v1 (identical to GCF_003031245.1_ASM303124v1) is ignored but added at the end
NOTE: GCF_022227035.1_ASM2222703v1 (identical to GCF_003429265.1_ASM342926v1) is ignored but added at the end
Alignment was printed to results/tree/PGC_puhB/PGC_puhB.uniqueseq.phy

For your convenience alignment with unique sequences printed to results/tree/PGC_puhB/PGC_puhB.uniqueseq.phy


Create initial parsimony tree by phylogenetic likelihood library (PLL)... 0.206 seconds
Perform fast likelihood tree search using LG+I+G model...
Estimate model parameters (epsilon = 5.000)
Perform nearest neighbor interchange...
Estimate model parameters (epsilon = 1.000)
1. Initial log-likelihood: -68089.552
Optimal log-likelihood: -68089.461
Proportion of invariable sites: 0.072
Gamma shape alpha: 1.157
Parameters optimization took 1 rounds (1.963 sec)
Time for fast ML tree search: 21.872 seconds

NOTE: ModelFinder requires 191 MB RAM!
ModelFinder will test up to 702 protein models (sample size: 540) ...
 No. Model         -LnL         df  AIC          AICc         BIC
  1  LG            72232.535    469 145403.069   151701.069   147415.815
  2  LG+I          71190.175    470 143320.349   149736.871   145337.387
  3  LG+G4         68188.585    470 137317.170   143733.691   139334.207
  4  LG+I+G4       68089.471    471 137120.942   143659.530   139142.271
  5  LG+R2         68935.515    471 138813.030   145351.618   140834.359
  6  LG+R3         68283.632    473 137513.264   144307.264   139543.176
  7  LG+R4         68105.017    475 137160.033   144225.658   139198.529
  8  LG+R5         68010.372    477 136974.745   144329.777   139021.823
  9  LG+R6         67973.222    479 136904.444   144568.444   138960.106
 10  LG+R7         67967.019    481 136896.039   144890.591   138960.284
 22  LG+F+R6       54167.113    498 109330.225   121452.274   111467.427
 23  LG+F+R7       54128.230    500 109256.460   122102.614   111402.245
 35  WAG+R6        67295.899    479 135549.797   143213.797   137605.459
 36  WAG+R7        67289.520    481 135541.040   143535.591   137605.284
 48  WAG+F+R6      53961.622    498 108919.245   121041.293   111056.446
 49  WAG+F+R7      53927.391    500 108854.782   121700.936   111000.567
 61  JTT+R6        68792.602    479 138543.203   146207.203   140598.865
 62  JTT+R7        68771.933    481 138505.865   146500.417   140570.110
 74  JTT+F+R6      56441.283    498 113878.566   126000.615   116015.768
 75  JTT+F+R7      56417.282    500 113834.564   126680.718   115980.349
 87  Q.pfam+R6     67702.019    479 136362.038   144026.038   138417.700
 88  Q.pfam+R7     67692.305    481 136346.609   144341.161   138410.854
100  Q.pfam+F+R6   54275.287    498 109546.575   121668.624   111683.776
101  Q.pfam+F+R7   54252.113    500 109504.226   122350.379   111650.010
113  Q.bird+R6     72785.577    479 146529.154   154193.154   148584.815
114  Q.bird+R7     72765.257    481 146492.513   154487.065   148556.758
126  Q.bird+F+R6   60699.268    498 122394.536   134516.585   124531.738
127  Q.bird+F+R7   60643.605    500 122287.209   135133.363   124432.994
139  Q.mammal+R6   71358.922    479 143675.843   151339.843   145731.505
140  Q.mammal+R7   71344.446    481 143650.892   151645.444   145715.137
152  Q.mammal+F+R6 58974.073    498 118944.145   131066.194   121081.347
153  Q.mammal+F+R7 58951.301    500 118902.602   131748.755   121048.386
165  Q.insect+R6   69098.334    479 139154.668   146818.668   141210.330
166  Q.insect+R7   69094.936    481 139151.872   147146.424   141216.117
178  Q.insect+F+R6 54537.453    498 110070.907   122192.955   112208.108
179  Q.insect+F+R7 54513.037    500 110026.074   122872.228   112171.859
191  Q.plant+R6    72567.154    479 146092.308   153756.308   148147.970
192  Q.plant+R7    72548.200    481 146058.400   154052.952   148122.645
204  Q.plant+F+R6  58187.666    498 117371.332   129493.380   119508.533
205  Q.plant+F+R7  58159.051    500 117318.102   130164.256   119463.887
217  Q.yeast+R6    70211.034    479 141380.069   149044.069   143435.730
218  Q.yeast+R7    70201.348    481 141364.696   149359.247   143428.941
230  Q.yeast+F+R6  54663.707    498 110323.414   122445.463   112460.615
231  Q.yeast+F+R7  54614.692    500 110229.384   123075.538   112375.169
243  JTTDCMut+R6   68703.358    479 138364.716   146028.716   140420.377
244  JTTDCMut+R7   68680.519    481 138323.039   146317.591   140387.284
256  JTTDCMut+F+R6 56396.832    498 113789.664   125911.713   115926.866
257  JTTDCMut+F+R7 56350.668    500 113701.335   126547.489   115847.120
269  DCMut+R6      72297.202    479 145552.404   153216.404   147608.065
270  DCMut+R7      72249.467    481 145460.933   153455.485   147525.178
282  DCMut+F+R6    59231.538    498 119459.076   131581.125   121596.278
283  DCMut+F+R7    59213.617    500 119427.234   132273.388   121573.019
295  VT+R6         67433.699    479 135825.398   143489.398   137881.059
296  VT+R7         67427.799    481 135817.597   143812.149   137881.842
308  VT+F+R6       53583.998    498 108163.996   120286.044   110301.197
309  VT+F+R7       53569.534    500 108139.068   120985.221   110284.852
321  PMB+R6        65767.491    479 132492.983   140156.983   134548.644
322  PMB+R7        65764.904    481 132491.807   140486.359   134556.052
334  PMB+F+R6      52875.948    498 106747.896   118869.944   108885.097
335  PMB+F+R7      52866.414    500 106732.828   119578.981   108878.612
347  Blosum62+R6   65771.260    479 132500.520   140164.520   134556.182
348  Blosum62+R7   65769.072    481 132500.144   140494.695   134564.388
360  Blosum62+F+R6 52496.883    498 105989.765   118111.814   108126.967
361  Blosum62+F+R7 52488.168    500 105976.336   118822.489   108122.120
373  Dayhoff+R6    72321.786    479 145601.573   153265.573   147657.234
374  Dayhoff+R7    72261.908    481 145485.817   153480.369   147550.062
386  Dayhoff+F+R6  59249.725    498 119495.451   131617.500   121632.652
387  Dayhoff+F+R7  59230.647    500 119461.293   132307.447   121607.078
399  mtREV+R6      71544.359    479 144046.717   151710.717   146102.379
400  mtREV+R7      71524.951    481 144011.902   152006.454   146076.147
412  mtREV+F+R6    57748.999    498 116493.998   128616.046   118631.199
413  mtREV+F+R7    57696.720    500 116393.440   129239.594   118539.224
425  mtART+R6      71652.910    479 144263.819   151927.819   146319.481
426  mtART+R7      71609.269    481 144180.538   152175.090   146244.783
438  mtART+F+R6    55813.103    498 112622.205   124744.254   114759.407
439  mtART+F+R7    55766.818    500 112533.636   125379.790   114679.421
451  mtZOA+R6      68361.111    479 137680.221   145344.221   139735.883
452  mtZOA+R7      68330.733    481 137623.466   145618.017   139687.710
464  mtZOA+F+R6    55163.370    498 111322.739   123444.788   113459.941
465  mtZOA+F+R7    55114.788    500 111229.576   124075.730   113375.361
477  mtMet+R6      71501.491    479 143960.982   151624.982   146016.644
478  mtMet+R7      71492.519    481 143947.039   151941.590   146011.283
490  mtMet+F+R6    57435.975    498 115867.950   127989.999   118005.151
491  mtMet+F+R7    57398.042    500 115796.083   128642.237   117941.868
503  mtVer+R6      72714.290    479 146386.580   154050.580   148442.241
504  mtVer+R7      72702.694    481 146367.388   154361.939   148431.632
516  mtVer+F+R6    59871.515    498 120739.030   132861.078   122876.231
517  mtVer+F+R7    59837.396    500 120674.792   133520.946   122820.576
529  mtInv+R6      70615.994    479 142189.987   149853.987   144245.649
530  mtInv+R7      70609.288    481 142180.577   150175.129   144244.822
542  mtInv+F+R6    55027.593    498 111051.186   123173.234   113188.387
543  mtInv+F+R7    54993.292    500 110986.585   123832.739   113132.369
555  mtMAM+R6      78176.323    479 157310.645   164974.645   159366.307
556  mtMAM+R7      78122.511    481 157207.023   165201.575   159271.268
568  mtMAM+F+R6    64574.775    498 130145.550   142267.599   132282.751
569  mtMAM+F+R7    64507.345    500 130014.691   142860.845   132160.475
581  HIVb+R6       75309.288    479 151576.576   159240.576   153632.238
582  HIVb+R7       75284.213    481 151530.425   159524.977   153594.670
594  HIVb+F+R6     61289.052    498 123574.105   135696.153   125711.306
595  HIVb+F+R7     61240.517    500 123481.034   136327.188   125626.819
607  HIVw+R6       83929.290    479 168816.580   176480.580   170872.242
608  HIVw+R7       83889.759    481 168741.517   176736.069   170805.762
620  HIVw+F+R6     66024.263    498 133044.526   145166.575   135181.727
621  HIVw+F+R7     65971.217    500 132942.433   145788.587   135088.218
633  FLU+R6        77567.636    479 156093.272   163757.272   158148.933
634  FLU+R7        77536.579    481 156035.158   164029.710   158099.403
646  FLU+F+R6      61183.793    498 123363.586   135485.635   125500.787
647  FLU+F+R7      61101.210    500 123202.420   136048.573   125348.204
659  rtREV+R6      67407.296    479 135772.592   143436.592   137828.254
660  rtREV+R7      67394.338    481 135750.676   143745.227   137814.920
672  rtREV+F+R6    54354.281    498 109704.562   121826.611   111841.763
673  rtREV+F+R7    54337.819    500 109675.639   122521.793   111821.423
685  cpREV+R6      69209.942    479 139377.884   147041.884   141433.546
686  cpREV+R7      69185.903    481 139333.806   147328.358   141398.051
698  cpREV+F+R6    55414.325    498 111824.650   123946.698   113961.851
699  cpREV+F+R7    55388.780    500 111777.560   124623.714   113923.344
Akaike Information Criterion:           Blosum62+F+R7
Corrected Akaike Information Criterion: Blosum62+F+R6
Bayesian Information Criterion:         Blosum62+F+R7
Best-fit model: Blosum62+F+R7 chosen according to BIC

All model information printed to results/tree/PGC_puhB/PGC_puhB.model.gz
CPU time for ModelFinder: 17850.979 seconds (4h:57m:30s)
Wall-clock time for ModelFinder: 17868.907 seconds (4h:57m:48s)
WARNING: States(s) N, D, Q, E, I, L, K, F, P, V rarely appear in alignment and may cause numerical problems

NOTE: 133 MB RAM (0 GB) is required!
Estimate model parameters (epsilon = 0.100)
1. Initial log-likelihood: -52488.168
Optimal log-likelihood: -52488.145
Site proportion and rates:  (0.136,0.032) (0.138,0.210) (0.220,0.559) (0.237,1.134) (0.194,1.796) (0.073,2.923) (0.002,7.191)
Parameters optimization took 1 rounds (14.873 sec)
Computing ML distances based on estimated model parameters...
Computing ML distances took 13.061247 sec (of wall-clock time) 13.060626 sec(of CPU time)
Computing RapidNJ tree took 0.012021 sec (of wall-clock time) 0.023834 sec (of CPU time)
Log-likelihood of RapidNJ tree: -52814.868
--------------------------------------------------------------------
|             INITIALIZING CANDIDATE TREE SET                      |
--------------------------------------------------------------------
Generating 98 parsimony trees... 18.482 second
Computing log-likelihood of 98 initial trees ... 96.949 seconds
Current best score: -52488.145

Do NNI search on 20 best initial trees
Estimate model parameters (epsilon = 0.100)
BETTER TREE FOUND at iteration 1: -52416.021
Estimate model parameters (epsilon = 0.100)
BETTER TREE FOUND at iteration 3: -52373.126
Iteration 10 / LogL: -52492.127 / Time: 0h:7m:35s
Iteration 20 / LogL: -52423.540 / Time: 0h:12m:12s
Finish initializing candidate tree set (20)
Current best tree score: -52373.126 / CPU time: 696.718
Number of iterations: 20
--------------------------------------------------------------------
|               OPTIMIZING CANDIDATE TREE SET                      |
--------------------------------------------------------------------
Estimate model parameters (epsilon = 0.100)
BETTER TREE FOUND at iteration 27: -52372.237
Iteration 30 / LogL: -52372.269 / Time: 0h:17m:28s (0h:58m:28s left)
Estimate model parameters (epsilon = 0.100)
BETTER TREE FOUND at iteration 31: -52369.586
Estimate model parameters (epsilon = 0.100)
BETTER TREE FOUND at iteration 37: -52354.199
Iteration 40 / LogL: -52359.018 / Time: 0h:22m:57s (0h:57m:6s left)
Estimate model parameters (epsilon = 0.100)
BETTER TREE FOUND at iteration 48: -52338.719
Iteration 50 / LogL: -52345.229 / Time: 0h:27m:57s (0h:55m:55s left)
Iteration 60 / LogL: -52343.150 / Time: 0h:32m:28s (0h:48m:26s left)
Iteration 70 / LogL: -52349.971 / Time: 0h:36m:54s (0h:41m:42s left)
Estimate model parameters (epsilon = 0.100)
BETTER TREE FOUND at iteration 73: -52334.573
Estimate model parameters (epsilon = 0.100)
BETTER TREE FOUND at iteration 76: -52333.556
Iteration 80 / LogL: -52417.108 / Time: 0h:41m:53s (0h:50m:54s left)
Estimate model parameters (epsilon = 0.100)
BETTER TREE FOUND at iteration 88: -52326.577
Iteration 90 / LogL: -52356.768 / Time: 0h:47m:4s (0h:51m:50s left)
Iteration 100 / LogL: -52338.610 / Time: 0h:51m:25s (0h:45m:43s left)
Iteration 110 / LogL: -52335.562 / Time: 0h:55m:49s (0h:39m:57s left)
Iteration 120 / LogL: -52331.859 / Time: 1h:0m:20s (0h:34m:28s left)
Iteration 130 / LogL: -52341.179 / Time: 1h:4m:43s (0h:29m:5s left)
Iteration 140 / LogL: -52334.993 / Time: 1h:9m:8s (0h:23m:52s left)
Estimate model parameters (epsilon = 0.100)
BETTER TREE FOUND at iteration 145: -52325.193
Estimate model parameters (epsilon = 0.100)
BETTER TREE FOUND at iteration 146: -52322.922
Iteration 150 / LogL: -52331.546 / Time: 1h:14m:18s (0h:47m:52s left)
Estimate model parameters (epsilon = 0.100)
BETTER TREE FOUND at iteration 152: -52322.169
BETTER TREE FOUND at iteration 158: -52322.161
Iteration 160 / LogL: -52352.870 / Time: 1h:19m:11s (0h:48m:48s left)
Iteration 170 / LogL: -52333.755 / Time: 1h:23m:32s (0h:43m:29s left)
Estimate model parameters (epsilon = 0.100)
BETTER TREE FOUND at iteration 172: -52321.827
Estimate model parameters (epsilon = 0.100)
BETTER TREE FOUND at iteration 174: -52321.011
Iteration 180 / LogL: -52418.688 / Time: 1h:28m:22s (0h:46m:24s left)
Iteration 190 / LogL: -52328.014 / Time: 1h:32m:40s (0h:41m:11s left)
Estimate model parameters (epsilon = 0.100)
BETTER TREE FOUND at iteration 200: -52319.865
Iteration 200 / LogL: -52319.865 / Time: 1h:37m:30s (0h:49m:0s left)
Iteration 210 / LogL: -52319.985 / Time: 1h:41m:55s (0h:43m:53s left)
Iteration 220 / LogL: -52342.007 / Time: 1h:46m:20s (0h:38m:50s left)
Iteration 230 / LogL: -52345.195 / Time: 1h:50m:40s (0h:33m:49s left)
Iteration 240 / LogL: -52342.272 / Time: 1h:55m:4s (0h:28m:53s left)
Estimate model parameters (epsilon = 0.100)
BETTER TREE FOUND at iteration 248: -52318.889
Iteration 250 / LogL: -52327.426 / Time: 1h:59m:47s (0h:47m:8s left)
Estimate model parameters (epsilon = 0.100)
BETTER TREE FOUND at iteration 260: -52316.313
Iteration 260 / LogL: -52316.313 / Time: 2h:4m:28s (0h:48m:3s left)
Estimate model parameters (epsilon = 0.100)
BETTER TREE FOUND at iteration 262: -52315.266
Iteration 270 / LogL: -52325.962 / Time: 2h:9m:5s (0h:44m:9s left)
Iteration 280 / LogL: -52373.121 / Time: 2h:13m:37s (0h:39m:16s left)
Iteration 290 / LogL: -52361.920 / Time: 2h:17m:59s (0h:34m:22s left)
Iteration 300 / LogL: -52316.745 / Time: 2h:22m:37s (0h:29m:34s left)
Iteration 310 / LogL: -52327.828 / Time: 2h:27m:9s (0h:24m:45s left)
Iteration 320 / LogL: -52349.948 / Time: 2h:31m:24s (0h:19m:56s left)
Iteration 330 / LogL: -52323.607 / Time: 2h:35m:53s (0h:15m:9s left)
Iteration 340 / LogL: -52330.157 / Time: 2h:40m:6s (0h:10m:23s left)
Iteration 350 / LogL: -52366.029 / Time: 2h:44m:32s (0h:5m:39s left)
Iteration 360 / LogL: -52328.032 / Time: 2h:49m:1s (0h:0m:56s left)
TREE SEARCH COMPLETED AFTER 363 ITERATIONS / Time: 2h:50m:27s

--------------------------------------------------------------------
|                    FINALIZING TREE SEARCH                        |
--------------------------------------------------------------------
Performs final model parameters optimization
Estimate model parameters (epsilon = 0.010)
1. Initial log-likelihood: -52315.266
2. Current log-likelihood: -52315.254
Optimal log-likelihood: -52315.239
Site proportion and rates:  (0.133,0.030) (0.143,0.210) (0.220,0.561) (0.231,1.124) (0.200,1.791) (0.071,2.959) (0.002,7.026)
Parameters optimization took 2 rounds (21.234 sec)
BEST SCORE FOUND : -52315.239
Total tree length: 35.486

Total number of iterations: 363
CPU time used for tree search: 10174.034 sec (2h:49m:34s)
Wall-clock time used for tree search: 10191.346 sec (2h:49m:51s)
Total CPU time used: 10231.249 sec (2h:50m:31s)
Total wall-clock time used: 10248.639 sec (2h:50m:48s)

Analysis results written to: 
  IQ-TREE report:                results/tree/PGC_puhB/PGC_puhB.iqtree
  Maximum-likelihood tree:       results/tree/PGC_puhB/PGC_puhB.treefile
  Likelihood distances:          results/tree/PGC_puhB/PGC_puhB.mldist
  Screen log file:               results/tree/PGC_puhB/PGC_puhB.log

Date and Time: Thu Jun 20 17:42:07 2024
