IQ-TREE multicore version 2.1.4-beta COVID-edition for Linux 64-bit built Jun 24 2021
Developed by Bui Quang Minh, James Barbetti, Nguyen Lam Tung,
Olga Chernomor, Heiko Schmidt, Dominik Schrempf, Michael Woodhams.

Host:    morrowind (AVX2, FMA3, 503 GB RAM)
Command: iqtree2 -s results/fasta_PGC/gene_trimmed/PGC_lhaA_trim.phy -pre results/tree/PGC_lhaA/PGC_lhaA
Seed:    594022 (Using SPRNG - Scalable Parallel Random Number Generator)
Time:    Thu Jun 20 09:53:29 2024
Kernel:  AVX+FMA - 1 threads (128 CPU cores detected)

HINT: Use -nt option to specify number of threads because your CPU has 128 cores!
HINT: -nt AUTO will automatically determine the best number of threads to use.

Reading alignment file results/fasta_PGC/gene_trimmed/PGC_lhaA_trim.phy ... Phylip format detected
Alignment most likely contains protein sequences
WARNING: 86 sites contain only gaps or ambiguous characters.
Alignment has 246 sequences with 1299 columns, 1058 distinct patterns
896 parsimony-informative, 86 singleton sites, 317 constant sites
                                              Gap/Ambiguity  Composition  p-value
   1  GCA_011765465.1_ASM1176546v1                   24.02%    passed     99.91%
   2  GCA_015693905.1_ASM1569390v1                   23.33%    passed    100.00%
   3  GCA_016745215.1_scaff03                        49.35%    passed     57.82%
   4  GCA_019285715.1_ASM1928571v1                   24.87%    passed     99.25%
   5  GCA_019739335.1_ASM1973933v1                   24.48%    passed    100.00%
   6  GCF_000013085.1_ASM1308v1                      25.17%    passed     99.65%
   7  GCF_000013365.1_ASM1336v1                      23.94%    passed    100.00%
   8  GCF_000013565.1_ASM1356v1                      22.71%    passed     99.34%
   9  GCF_000014045.1_ASM1404v1                      22.94%    passed    100.00%
  10  GCF_000015165.1_ASM1516v1                      23.94%    passed    100.00%
  11  GCF_000015585.1_ASM1558v1                      23.48%    passed    100.00%
  12  GCF_000016185.1_ASM1618v1                      24.40%    passed    100.00%
  13  GCF_000018145.1_ASM1814v1                      23.09%    passed    100.00%
  14  GCF_000018845.1_ASM1884v1                      24.63%    passed     98.46%
  15  GCF_000019365.1_ASM1936v1                      25.87%    passed     57.80%
  16  GCF_000019725.1_ASM1972v1                      24.87%    passed     99.72%
  17  GCF_000019945.1_ASM1994v1                      24.71%    passed     90.55%
  18  GCF_000020445.1_ASM2044v1                      23.86%    passed    100.00%
  19  GCF_000021005.1_ASM2100v1                      23.33%    passed    100.00%
  20  GCF_000021745.1_ASM2174v1                      24.79%    passed     99.99%
  21  GCF_000021845.1_ASM2184v1                      24.87%    passed     96.50%
  22  GCF_000021865.1_ASM2186v1                      24.02%    passed    100.00%
  23  GCF_000022685.1_ASM2268v1                      24.71%    passed     98.38%
  24  GCF_000025485.1_ASM2548v1                      23.86%    passed     99.99%
  25  GCF_000026145.1_ASM2614v1                      23.94%    passed     99.98%
  26  GCF_000083545.1_ASM8354v1                      24.71%    passed     98.38%
  27  GCF_000144605.1_ASM14460v1                     24.17%    passed    100.00%
  28  GCF_000154785.2_ASM15478v2                     22.94%    passed    100.00%
  29  GCF_000166055.1_ASM16605v1                     23.40%    passed     99.46%
  30  GCF_000195775.2_ASM19577v2                     23.79%    passed    100.00%
  31  GCF_000202835.1_ASM20283v1                     24.94%    passed     84.28%
  32  GCF_000224005.2_ASM22400v3                     24.94%    passed     99.96%
  33  GCF_000225955.1_ASM22595v1                     25.17%    passed     99.65%
  34  GCF_000284255.1_ASM28425v1                     23.94%    passed     99.99%
  35  GCF_000284275.1_ASM28427v1                     23.71%    passed    100.00%
  36  GCF_000284415.1_ASM28441v2                     24.17%    passed     97.43%
  37  GCF_000327045.1_ASM32704v1                     23.17%    passed    100.00%
  38  GCF_000344805.1_ASM34480v1                     24.10%    passed     99.95%
  39  GCF_000364445.2_ASM36444v2                     24.40%    passed     99.82%
  40  GCF_000512205.2_ASM51220v2                     24.48%    passed    100.00%
  41  GCF_000590925.1_ASM59092v1                     23.40%    passed    100.00%
  42  GCF_000738435.1_ASM73843v1                     22.40%    passed     64.42%
  43  GCF_000757795.1_ASM75779v1                     24.79%    passed     99.90%
  44  GCF_000935025.1_ASM93502v1                     23.86%    passed    100.00%
  45  GCF_000973625.1_ASM97362v1                     21.56%    failed      3.08%
  46  GCF_001304795.1_ASM130479v1                    25.79%    passed     99.92%
  47  GCF_001402875.1_ASM140287v1                    24.48%    passed     99.97%
  48  GCF_001412535.1_ASM141253v1                    25.87%    passed    100.00%
  49  GCF_001412575.1_ASM141257v1                    25.64%    passed     93.03%
  50  GCF_001459775.1_Blastochloris_viridis_genome   24.48%    passed     99.97%
  51  GCF_001483865.1_ASM148386v1                    24.56%    passed     99.99%
  52  GCF_001542815.1_ASM154281v1                    24.71%    passed     95.54%
  53  GCF_001548015.1_ASM154801v1                    24.87%    passed     99.19%
  54  GCF_001548075.1_ASM154807v1                    23.33%    passed     99.99%
  55  GCF_001576595.1_ASM157659v1                    23.33%    passed    100.00%
  56  GCF_001632845.1_ASM163284v1                    24.02%    passed     99.99%
  57  GCF_001633145.1_ASM163314v1                    23.33%    passed     99.99%
  58  GCF_001633165.1_ASM163316v1                    23.33%    passed     99.99%
  59  GCF_001663155.1_ASM166315v1                    24.17%    passed    100.00%
  60  GCF_001663175.1_ASM166317v1                    23.86%    passed    100.00%
  61  GCF_001685625.1_ASM168562v1                    23.33%    passed    100.00%
  62  GCF_001713355.1_ASM171335v1                    23.63%    passed    100.00%
  63  GCF_001713375.1_ASM171337v1                    24.02%    passed     99.26%
  64  GCF_001713435.1_ASM171343v1                    23.94%    passed    100.00%
  65  GCF_001713455.1_ASM171345v1                    24.71%    passed    100.00%
  66  GCF_001713475.1_ASM171347v1                    23.17%    passed     95.63%
  67  GCF_001719165.1_ASM171916v1                    23.86%    passed    100.00%
  68  GCF_001720465.1_ASM172046v1                    24.25%    passed     90.23%
  69  GCF_001854385.1_ASM185438v1                    24.87%    passed     99.90%
  70  GCF_001870665.2_ASM187066v2                    22.25%    passed     93.62%
  71  GCF_001886735.1_ASM188673v1                    23.25%    passed    100.00%
  72  GCF_001936175.1_ASM193617v1                    24.79%    passed     99.90%
  73  GCF_001955735.1_ASM195573v1                    26.25%    passed     99.42%
  74  GCF_001969365.1_ASM196936v1                    23.09%    passed    100.00%
  75  GCF_001971665.1_ASM197166v1                    24.71%    passed     96.25%
  76  GCF_002002865.1_ASM200286v1                    24.56%    passed    100.00%
  77  GCF_002073975.1_ASM207397v1                    23.48%    passed     99.99%
  78  GCF_002079305.1_ASM207930v1                    22.79%    passed    100.00%
  79  GCF_002080415.1_ASM208041v1                    24.56%    passed    100.00%
  80  GCF_002117815.2_ASM211781v2                    24.79%    passed     96.28%
  81  GCF_002158905.1_ASM215890v1                    23.02%    passed     99.94%
  82  GCF_002266435.2_ASM226643v2                    24.02%    passed    100.00%
  83  GCF_002355515.1_ASM235551v1                    24.56%    passed     96.88%
  84  GCF_002407205.1_ASM240720v1                    23.17%    passed    100.00%
  85  GCF_002706325.1_ASM270632v1                    23.33%    passed    100.00%
  86  GCF_002813775.1_ASM281377v1                    25.79%    passed     99.64%
  87  GCF_002868735.1_ASM286873v1                    22.86%    passed     97.87%
  88  GCF_002952215.1_ASM295221v1                    23.86%    passed     99.76%
  89  GCF_002983865.1_ASM298386v1                    22.94%    passed    100.00%
  90  GCF_003031245.1_ASM303124v1                    23.71%    passed    100.00%
  91  GCF_003031265.1_ASM303126v1                    23.63%    passed    100.00%
  92  GCF_003065365.1_ASM306536v1                    22.48%    passed      6.15%
  93  GCF_003071405.1_ASM307140v1                    23.02%    passed    100.00%
  94  GCF_003173735.1_ASM317373v1                    25.79%    passed     51.40%
  95  GCF_003173755.1_ASM317375v1                    25.17%    passed     96.91%
  96  GCF_003173775.1_ASM317377v1                    24.94%    passed     96.41%
  97  GCF_003254375.1_ASM325437v1                    24.79%    passed     99.90%
  98  GCF_003264115.1_ASM326411v1                    24.94%    passed     99.96%
  99  GCF_003288315.1_ASM328831v1                    24.48%    passed    100.00%
 100  GCF_003324715.1_ASM332471v1                    23.33%    passed    100.00%
 101  GCF_003352165.1_ASM335216v1                    23.40%    passed     99.72%
 102  GCF_003429265.1_ASM342926v1                    23.40%    passed    100.00%
 103  GCF_003431825.1_ASM343182v1                    23.94%    passed    100.00%
 104  GCF_003855495.1_ASM385549v1                    25.10%    passed     99.60%
 105  GCF_003940805.1_ASM394080v1                    23.71%    passed    100.00%
 106  GCF_003952725.1_ASM395272v1                    24.63%    passed    100.00%
 107  GCF_003966715.1_ASM396671v1                    22.86%    passed    100.00%
 108  GCF_004114955.1_ASM411495v1                    24.10%    passed    100.00%
 109  GCF_004136295.1_ASM413629v1                    24.79%    passed     99.56%
 110  GCF_004216475.1_ASM421647v1                    23.33%    passed     99.99%
 111  GCF_004331955.1_ASM433195v1                    23.56%    passed     99.84%
 112  GCF_004354345.1_ASM435434v1                    24.48%    passed    100.00%
 113  GCF_005311585.1_ASM531158v1                    23.48%    passed    100.00%
 114  GCF_005860795.2_ASM586079v2                    22.94%    passed     99.69%
 115  GCF_006542605.1_ASM654260v1                    24.10%    passed     99.98%
 116  GCF_006740745.1_ASM674074v1                    24.71%    passed     92.12%
 117  GCF_007005445.1_ASM700544v1                    23.79%    passed    100.00%
 118  GCF_007290395.1_ASM729039v1                    23.71%    passed    100.00%
 119  GCF_007954425.1_ASM795442v1                    25.33%    passed     96.50%
 120  GCF_008000895.1_ASM800089v1                    24.48%    passed     99.90%
 121  GCF_008000915.1_ASM800091v1                    22.86%    passed     98.02%
 122  GCF_008728195.1_ASM872819v1                    23.33%    passed    100.00%
 123  GCF_008843145.1_ASM884314v1                    24.79%    passed     99.96%
 124  GCF_008932115.1_ASM893211v1                    23.71%    passed    100.00%
 125  GCF_009363255.1_ASM936325v1                    23.71%    passed    100.00%
 126  GCF_009363495.1_ASM936349v1                    23.71%    passed    100.00%
 127  GCF_009363575.1_ASM936357v1                    23.94%    passed    100.00%
 128  GCF_009363615.1_ASM936361v1                    25.79%    passed    100.00%
 129  GCF_009363635.1_ASM936363v1                    23.48%    passed     99.91%
 130  GCF_009363655.1_ASM936365v1                    27.17%    passed    100.00%
 131  GCF_009363715.1_ASM936371v1                    23.71%    passed    100.00%
 132  GCF_009363735.1_ASM936373v1                    27.17%    passed    100.00%
 133  GCF_009363795.1_ASM936379v1                    27.79%    passed     99.45%
 134  GCF_009650195.1_ASM965019v1                    23.17%    passed     95.63%
 135  GCF_009685175.1_ASM968517v1                    25.10%    passed     99.63%
 136  GCF_009707465.1_ASM970746v1                    25.02%    passed     99.93%
 137  GCF_009762325.1_ASM976232v1                    23.48%    passed    100.00%
 138  GCF_009859815.1_ASM985981v1                    24.02%    passed     95.17%
 139  GCF_009913435.1_ASM991343v1                    23.79%    passed     99.98%
 140  GCF_010104355.1_ASM1010435v1                   24.02%    passed     95.17%
 141  GCF_011040475.1_ASM1104047v1                   24.17%    passed     98.69%
 142  GCF_011044255.1_ASM1104425v1                   25.10%    passed     99.98%
 143  GCF_011047315.1_ASM1104731v1                   24.71%    passed     99.99%
 144  GCF_011388215.1_ASM1138821v1                   25.10%    passed     95.97%
 145  GCF_012647365.1_ASM1264736v1                   23.33%    passed    100.00%
 146  GCF_012932215.1_ASM1293221v1                   23.56%    passed    100.00%
 147  GCF_013170845.1_ASM1317084v1                   23.48%    passed    100.00%
 148  GCF_013307245.1_ASM1330724v1                   22.02%    passed      7.72%
 149  GCF_013374095.1_ASM1337409v1                   23.79%    passed    100.00%
 150  GCF_013378075.1_ASM1337807v1                   24.63%    passed     99.99%
 151  GCF_013415845.1_ASM1341584v1                   23.94%    passed    100.00%
 152  GCF_014117445.1_ASM1411744v1                   24.10%    passed     99.98%
 153  GCF_014495845.1_ASM1449584v1                   25.10%    passed     98.06%
 154  GCF_014622665.1_ASM1462266v1                   23.94%    passed    100.00%
 155  GCF_014681765.1_ASM1468176v1                   23.25%    passed    100.00%
 156  GCF_015679265.1_ASM1567926v1                   24.33%    passed     99.95%
 157  GCF_016584445.1_ASM1658444v1                   23.79%    passed    100.00%
 158  GCF_016653635.2_ASM1665363v2                   24.94%    passed     99.99%
 159  GCF_016765655.2_ASM1676565v2                   24.87%    passed    100.00%
 160  GCF_016806065.1_ASM1680606v1                   23.17%    passed     97.78%
 161  GCF_016806835.2_ASM1680683v2                   24.87%    passed    100.00%
 162  GCF_016839165.1_ASM1683916v1                   23.79%    passed    100.00%
 163  GCF_017347565.1_ASM1734756v1                   24.79%    passed     99.58%
 164  GCF_017498565.1_ASM1749856v1                   23.56%    passed     99.95%
 165  GCF_017795885.1_ASM1779588v1                   23.94%    passed    100.00%
 166  GCF_018200035.1_ASM1820003v1                   23.40%    passed    100.00%
 167  GCF_018205975.1_ASM1820597v1                   24.25%    passed     99.99%
 168  GCF_018399035.1_ASM1839903v1                   24.25%    passed     99.99%
 169  GCF_018409545.1_ASM1840954v1                   24.17%    passed     99.99%
 170  GCF_018687415.1_ASM1868741v1                   22.25%    failed      1.73%
 171  GCF_018687475.1_ASM1868747v1                   22.40%    failed      1.02%
 172  GCF_018687675.1_ASM1868767v1                   21.56%    failed      2.69%
 173  GCF_018688155.1_ASM1868815v1                   22.56%    passed     14.75%
 174  GCF_018688255.1_ASM1868825v1                   21.56%    failed      1.09%
 175  GCF_018982885.2_ASM1898288v2                   23.33%    passed     99.99%
 176  GCF_019134555.1_ASM1913455v1                   25.17%    passed     99.65%
 177  GCF_019203965.1_ASM1920396v1                   24.71%    passed     99.48%
 178  GCF_019431245.1_ASM1943124v1                   23.33%    passed     99.99%
 179  GCF_019443285.1_ASM1944328v1                   23.48%    passed     99.39%
 180  GCF_019623905.1_ASM1962390v1                   24.48%    passed    100.00%
 181  GCF_019904235.1_ASM1990423v1                   23.94%    passed     99.99%
 182  GCF_019973775.1_ASM1997377v1                   24.25%    passed    100.00%
 183  GCF_020866845.1_ASM2086684v1                   24.02%    passed    100.00%
 184  GCF_021088345.1_ASM2108834v1                   24.10%    passed    100.00%
 185  GCF_021117295.1_ASM2111729v1                   24.71%    passed     91.09%
 186  GCF_021228015.1_ASM2122801v1                   24.94%    passed     98.00%
 187  GCF_021391315.1_ASM2139131v1                   23.40%    passed    100.00%
 188  GCF_021391535.1_ASM2139153v1                   24.17%    passed     99.99%
 189  GCF_021398735.1_ASM2139873v1                   24.79%    passed     99.93%
 190  GCF_021431965.1_ASM2143196v1                   24.63%    passed     99.91%
 191  GCF_021484845.1_ASM2148484v1                   24.87%    passed     99.72%
 192  GCF_022227035.1_ASM2222703v1                   23.40%    passed    100.00%
 193  GCF_022370455.1_ASM2237045v1                   24.87%    passed     99.55%
 194  GCF_022533465.1_ASM2253346v1                   25.25%    passed     99.96%
 195  GCF_022558965.1_ASM2255896v1                   24.94%    passed     84.83%
 196  GCF_022846615.1_ASM2284661v1                   23.94%    passed     99.97%
 197  GCF_023243115.1_ASM2324311v1                   23.17%    passed     99.99%
 198  GCF_023380025.1_ASM2338002v1                   25.79%    passed     95.69%
 199  GCF_023546765.1_ASM2354676v1                   24.63%    passed     99.87%
 200  GCF_023558335.1_ASM2355833v1                   23.09%    passed    100.00%
 201  GCF_023558355.1_ASM2355835v1                   23.09%    passed    100.00%
 202  GCF_023573145.1_ASM2357314v1                   25.33%    passed     51.45%
 203  GCF_023823125.1_ASM2382312v1                   24.10%    passed    100.00%
 204  GCF_024496245.1_ASM2449624v1                   24.10%    passed     99.99%
 205  GCF_024758705.1_ASM2475870v1                   25.02%    passed     99.50%
 206  GCF_024758725.1_ASM2475872v1                   26.56%    passed    100.00%
 207  GCF_025141175.1_ASM2514117v1                   24.10%    passed     99.97%
 208  GCF_025141935.1_ASM2514193v1                   23.17%    passed     99.98%
 209  GCF_025398155.2_ASM2539815v2                   24.25%    passed     99.86%
 210  GCF_025811215.1_ASM2581121v1                   23.71%    passed    100.00%
 211  GCF_025811355.1_ASM2581135v1                   23.71%    passed    100.00%
 212  GCF_025811435.1_ASM2581143v1                   23.71%    passed    100.00%
 213  GCF_025813715.1_ASM2581371v1                   26.10%    passed     99.83%
 214  GCF_025917005.1_ASM2591700v1                   24.48%    passed     99.81%
 215  GCF_026122595.1_ASM2612259v1                   24.79%    passed     99.45%
 216  GCF_026122615.1_ASM2612261v1                   24.79%    passed     99.45%
 217  GCF_026167525.1_ASM2616752v1                   24.02%    passed    100.00%
 218  GCF_026167545.1_ASM2616754v1                   24.10%    passed     99.91%
 219  GCF_026625025.1_ASM2662502v1                   23.79%    passed    100.00%
 220  GCF_026898155.1_ASM2689815v1                   23.48%    passed     99.97%
 221  GCF_027271155.1_ASM2727115v1                   23.86%    passed    100.00%
 222  GCF_027886585.1_ASM2788658v1                   24.02%    passed    100.00%
 223  GCF_027912195.1_ASM2791219v1                   23.94%    passed    100.00%
 224  GCF_027943985.1_ASM2794398v1                   21.40%    failed      1.74%
 225  GCF_027944005.1_ASM2794400v1                   21.40%    failed      1.74%
 226  GCF_028621955.1_ASM2862195v1                   24.10%    passed    100.00%
 227  GCF_028885395.1_ASM2888539v1                   24.17%    passed    100.00%
 228  GCF_029277405.1_ASM2927740v1                   23.94%    passed    100.00%
 229  GCF_029581395.1_ASM2958139v1                   23.09%    passed    100.00%
 230  GCF_029691625.1_ASM2969162v1                   24.79%    passed     99.90%
 231  GCF_029714205.1_ASM2971420v1                   25.87%    passed     57.80%
 232  GCF_029761955.1_ASM2976195v1                   24.71%    passed     99.73%
 233  GCF_030062705.1_ASM3006270v1                   24.79%    passed     96.51%
 234  GCF_030252425.1_ASM3025242v1                   24.79%    passed    100.00%
 235  GCF_030255395.1_ASM3025539v1                   24.63%    passed     98.46%
 236  GCF_030297555.1_ASM3029755v1                   22.09%    failed      2.44%
 237  GCF_030297575.1_ASM3029757v1                   22.48%    failed      2.21%
 238  GCF_030297595.1_ASM3029759v1                   22.48%    passed      5.10%
 239  GCF_030297615.1_ASM3029761v1                   22.32%    failed      0.99%
 240  GCF_030297635.1_ASM3029763v1                   22.48%    passed     10.29%
 241  GCF_030297655.1_ASM3029765v1                   22.48%    passed      5.71%
 242  GCF_030297675.1_ASM3029767v1                   22.48%    passed      5.71%
 243  GCF_900176205.1_BRAD285_PRJEB202261_v1         24.02%    passed     99.95%
 244  GCF_900234795.1_TK0001_PRJEB23178_v1           24.79%    passed     96.28%
 245  GCF_901457705.2_RHAL1_v2                       24.71%    passed     99.91%
 246  GCF_937425535.1_Rhodovastum_atsumiense_G2-11   24.25%    passed    100.00%
****  TOTAL                                          24.16%  10 sequences failed composition chi2 test (p-value<5%; df=19)
NOTE: GCF_000225955.1_ASM22595v1 is identical to GCF_000013085.1_ASM1308v1 but kept for subsequent analysis
NOTE: GCF_002983865.1_ASM298386v1 is identical to GCF_000014045.1_ASM1404v1 but kept for subsequent analysis
NOTE: GCF_023558335.1_ASM2355833v1 is identical to GCF_000018145.1_ASM1814v1 but kept for subsequent analysis
NOTE: GCF_030255395.1_ASM3025539v1 is identical to GCF_000018845.1_ASM1884v1 but kept for subsequent analysis
NOTE: GCF_029714205.1_ASM2971420v1 is identical to GCF_000019365.1_ASM1936v1 but kept for subsequent analysis
NOTE: GCF_021484845.1_ASM2148484v1 is identical to GCF_000019725.1_ASM1972v1 but kept for subsequent analysis
NOTE: GCF_001576595.1_ASM157659v1 is identical to GCF_000021005.1_ASM2100v1 but kept for subsequent analysis
NOTE: GCF_016584445.1_ASM1658444v1 is identical to GCF_000195775.2_ASM19577v2 but kept for subsequent analysis
NOTE: GCF_001936175.1_ASM193617v1 is identical to GCF_000757795.1_ASM75779v1 but kept for subsequent analysis
NOTE: GCF_001459775.1_Blastochloris_viridis_genome is identical to GCF_001402875.1_ASM140287v1 but kept for subsequent analysis
NOTE: GCF_001633145.1_ASM163314v1 is identical to GCF_001548075.1_ASM154807v1 but kept for subsequent analysis
NOTE: GCF_009650195.1_ASM965019v1 is identical to GCF_001713475.1_ASM171347v1 but kept for subsequent analysis
NOTE: GCF_900234795.1_TK0001_PRJEB23178_v1 is identical to GCF_002117815.2_ASM211781v2 but kept for subsequent analysis
NOTE: GCF_021391315.1_ASM2139131v1 is identical to GCF_003429265.1_ASM342926v1 but kept for subsequent analysis
NOTE: GCF_009363495.1_ASM936349v1 is identical to GCF_009363255.1_ASM936325v1 but kept for subsequent analysis
NOTE: GCF_009363735.1_ASM936373v1 is identical to GCF_009363655.1_ASM936365v1 but kept for subsequent analysis
NOTE: GCF_010104355.1_ASM1010435v1 is identical to GCF_009859815.1_ASM985981v1 but kept for subsequent analysis
NOTE: GCF_027912195.1_ASM2791219v1 is identical to GCF_013415845.1_ASM1341584v1 but kept for subsequent analysis
NOTE: GCF_029277405.1_ASM2927740v1 is identical to GCF_014622665.1_ASM1462266v1 but kept for subsequent analysis
NOTE: GCF_019431245.1_ASM1943124v1 is identical to GCF_018982885.2_ASM1898288v2 but kept for subsequent analysis
NOTE: GCF_026122615.1_ASM2612261v1 is identical to GCF_026122595.1_ASM2612259v1 but kept for subsequent analysis
NOTE: GCF_027944005.1_ASM2794400v1 is identical to GCF_027943985.1_ASM2794398v1 but kept for subsequent analysis
NOTE: GCF_030297675.1_ASM3029767v1 is identical to GCF_030297655.1_ASM3029765v1 but kept for subsequent analysis
NOTE: 11 identical sequences (see below) will be ignored for subsequent analysis
NOTE: GCF_019134555.1_ASM1913455v1 (identical to GCF_000013085.1_ASM1308v1) is ignored but added at the end
NOTE: GCF_023558355.1_ASM2355835v1 (identical to GCF_000018145.1_ASM1814v1) is ignored but added at the end
NOTE: GCF_001685625.1_ASM168562v1 (identical to GCF_000021005.1_ASM2100v1) is ignored but added at the end
NOTE: GCF_002706325.1_ASM270632v1 (identical to GCF_000021005.1_ASM2100v1) is ignored but added at the end
NOTE: GCF_003324715.1_ASM332471v1 (identical to GCF_000021005.1_ASM2100v1) is ignored but added at the end
NOTE: GCF_012647365.1_ASM1264736v1 (identical to GCF_000021005.1_ASM2100v1) is ignored but added at the end
NOTE: GCF_026625025.1_ASM2662502v1 (identical to GCF_000195775.2_ASM19577v2) is ignored but added at the end
NOTE: GCF_003254375.1_ASM325437v1 (identical to GCF_000757795.1_ASM75779v1) is ignored but added at the end
NOTE: GCF_029691625.1_ASM2969162v1 (identical to GCF_000757795.1_ASM75779v1) is ignored but added at the end
NOTE: GCF_001633165.1_ASM163316v1 (identical to GCF_001548075.1_ASM154807v1) is ignored but added at the end
NOTE: GCF_022227035.1_ASM2222703v1 (identical to GCF_003429265.1_ASM342926v1) is ignored but added at the end
Alignment was printed to results/tree/PGC_lhaA/PGC_lhaA.uniqueseq.phy

For your convenience alignment with unique sequences printed to results/tree/PGC_lhaA/PGC_lhaA.uniqueseq.phy


Create initial parsimony tree by phylogenetic likelihood library (PLL)... 0.319 seconds
Perform fast likelihood tree search using LG+I+G model...
Estimate model parameters (epsilon = 5.000)
Perform nearest neighbor interchange...
Estimate model parameters (epsilon = 1.000)
1. Initial log-likelihood: -104848.832
Optimal log-likelihood: -104848.805
Proportion of invariable sites: 0.154
Gamma shape alpha: 0.867
Parameters optimization took 1 rounds (3.660 sec)
Time for fast ML tree search: 49.189 seconds

NOTE: ModelFinder requires 392 MB RAM!
ModelFinder will test up to 702 protein models (sample size: 1299) ...
 No. Model         -LnL         df  AIC          AICc         BIC
  1  LG            114550.445   467 230034.890   230560.897   232448.976
  2  LG+I          111225.731   468 223387.462   223916.359   225806.718
  3  LG+G4         105008.488   468 210952.976   211481.872   213372.231
  4  LG+I+G4       104848.806   469 210635.613   211167.410   213060.038
  5  LG+R2         106946.607   469 214831.213   215363.011   217255.639
  6  LG+R3         105303.285   471 211548.570   212086.205   213983.334
  7  LG+R4         104932.061   473 210810.121   211353.641   213255.224
  8  LG+R5         104744.180   475 210438.360   210987.813   212893.801
  9  LG+R6         104681.212   477 210316.423   210871.858   212782.203
 10  LG+R7         104659.010   479 210276.020   210837.485   212752.139
 11  LG+R8         104658.812   481 210279.624   210847.169   212766.082
 23  LG+F+R7       84293.010    498 169582.019   170203.274   172156.355
 36  WAG+R7        103223.610   479 207405.220   207966.686   209881.339
 49  WAG+F+R7      83926.173    498 168848.345   169469.600   171422.681
 62  JTT+R7        105313.798   479 211585.595   212147.061   214061.714
 75  JTT+F+R7      87370.349    498 175736.699   176357.954   178311.035
 88  Q.pfam+R7     104227.412   479 209412.823   209974.288   211888.942
101  Q.pfam+F+R7   84457.408    498 169910.816   170532.071   172485.152
114  Q.bird+R7     111343.141   479 223644.282   224205.747   226120.400
127  Q.bird+F+R7   93966.869    498 188929.738   189550.993   191504.075
140  Q.mammal+R7   109190.670   479 219339.341   219900.806   221815.459
153  Q.mammal+F+R7 91286.386    498 183568.772   184190.027   186143.108
166  Q.insect+R7   106295.520   479 213549.040   214110.505   216025.159
179  Q.insect+F+R7 84907.106    498 170810.211   171431.466   173384.548
192  Q.plant+R7    111248.790   479 223455.580   224017.046   225931.699
205  Q.plant+F+R7  90483.834    498 181963.668   182584.923   184538.004
218  Q.yeast+R7    108123.427   479 217204.854   217766.319   219680.973
231  Q.yeast+F+R7  85191.463    498 171378.926   172000.181   173953.262
244  JTTDCMut+R7   105145.865   479 211249.730   211811.195   213725.849
257  JTTDCMut+F+R7 87265.237    498 175526.475   176147.730   178100.811
270  DCMut+R7      111043.573   479 223045.147   223606.612   225521.266
283  DCMut+F+R7    92580.678    498 186157.356   186778.611   188731.692
296  VT+R7         103520.703   479 207999.406   208560.872   210475.525
309  VT+F+R7       83294.555    498 167585.110   168206.365   170159.446
322  PMB+R7        101078.454   479 203114.908   203676.374   205591.027
335  PMB+F+R7      82498.368    498 165992.736   166613.991   168567.072
348  Blosum62+R7   101026.860   479 203011.720   203573.185   205487.838
361  Blosum62+F+R7 81886.883    498 164769.767   165391.022   167344.103
374  Dayhoff+R7    111066.509   479 223091.019   223652.484   225567.137
387  Dayhoff+F+R7  92611.982    498 186219.964   186841.219   188794.301
400  mtREV+R7      109535.039   479 220028.078   220589.543   222504.196
413  mtREV+F+R7    89692.143    498 180380.285   181001.540   182954.622
426  mtART+R7      110793.731   479 222545.463   223106.928   225021.581
439  mtART+F+R7    87455.663    498 175907.325   176528.580   178481.662
452  mtZOA+R7      105463.546   479 211885.093   212446.558   214361.211
465  mtZOA+F+R7    86030.431    498 173056.863   173678.118   175631.199
478  mtMet+R7      109967.458   479 220892.915   221454.380   223369.034
491  mtMet+F+R7    89516.260    498 180028.520   180649.775   182602.857
504  mtVer+R7      111579.430   479 224116.861   224678.326   226592.980
517  mtVer+F+R7    93228.793    498 187453.586   188074.841   190027.922
530  mtInv+R7      108746.610   479 218451.220   219012.686   220927.339
543  mtInv+F+R7    85781.307    498 172558.615   173179.870   175132.951
556  mtMAM+R7      120820.711   479 242599.422   243160.887   245075.541
569  mtMAM+F+R7    101862.662   498 204721.325   205342.580   207295.661
582  HIVb+R7       114800.732   479 230559.465   231120.930   233035.584
595  HIVb+F+R7     95242.741    498 191481.481   192102.736   194055.818
608  HIVw+R7       127354.232   479 255666.463   256227.928   258142.582
621  HIVw+F+R7     103090.301   498 207176.601   207797.856   209750.938
634  FLU+R7        117701.190   479 236360.379   236921.845   238836.498
647  FLU+F+R7      94778.752    498 190553.503   191174.758   193127.840
660  rtREV+R7      104100.181   479 209158.362   209719.828   211634.481
673  rtREV+F+R7    84727.599    498 170451.199   171072.454   173025.535
686  cpREV+R7      106413.040   479 213784.081   214345.546   216260.199
699  cpREV+F+R7    86233.198    498 173462.397   174083.652   176036.733
Akaike Information Criterion:           Blosum62+F+R7
Corrected Akaike Information Criterion: Blosum62+F+R7
Bayesian Information Criterion:         Blosum62+F+R7
Best-fit model: Blosum62+F+R7 chosen according to BIC

All model information printed to results/tree/PGC_lhaA/PGC_lhaA.model.gz
CPU time for ModelFinder: 31425.540 seconds (8h:43m:45s)
Wall-clock time for ModelFinder: 31451.224 seconds (8h:44m:11s)
WARNING: States(s) N, D, Q, E, I, L, K, F, P, V rarely appear in alignment and may cause numerical problems

NOTE: 274 MB RAM (0 GB) is required!
Estimate model parameters (epsilon = 0.100)
1. Initial log-likelihood: -81886.883
Optimal log-likelihood: -81886.867
Site proportion and rates:  (0.258,0.026) (0.156,0.225) (0.168,0.603) (0.185,1.191) (0.109,1.988) (0.097,3.033) (0.027,4.727)
Parameters optimization took 1 rounds (20.757 sec)
Computing ML distances based on estimated model parameters...
Computing ML distances took 12.377271 sec (of wall-clock time) 12.376676 sec(of CPU time)
Computing RapidNJ tree took 0.014411 sec (of wall-clock time) 0.019782 sec (of CPU time)
Log-likelihood of RapidNJ tree: -82289.090
--------------------------------------------------------------------
|             INITIALIZING CANDIDATE TREE SET                      |
--------------------------------------------------------------------
Generating 98 parsimony trees... 31.772 second
Computing log-likelihood of 98 initial trees ... 192.989 seconds
Current best score: -81886.867

Do NNI search on 20 best initial trees
Estimate model parameters (epsilon = 0.100)
BETTER TREE FOUND at iteration 1: -81830.582
Estimate model parameters (epsilon = 0.100)
BETTER TREE FOUND at iteration 2: -81806.044
Estimate model parameters (epsilon = 0.100)
BETTER TREE FOUND at iteration 10: -81797.433
Iteration 10 / LogL: -81797.433 / Time: 0h:16m:50s
Estimate model parameters (epsilon = 0.100)
BETTER TREE FOUND at iteration 13: -81780.743
Iteration 20 / LogL: -81829.532 / Time: 0h:28m:20s
Finish initializing candidate tree set (20)
Current best tree score: -81780.743 / CPU time: 1646.495
Number of iterations: 20
--------------------------------------------------------------------
|               OPTIMIZING CANDIDATE TREE SET                      |
--------------------------------------------------------------------
Iteration 30 / LogL: -81786.668 / Time: 0h:38m:51s (1h:51m:14s left)
Estimate model parameters (epsilon = 0.100)
BETTER TREE FOUND at iteration 38: -81778.133
Iteration 40 / LogL: -81798.773 / Time: 0h:49m:18s (2h:3m:53s left)
Estimate model parameters (epsilon = 0.100)
BETTER TREE FOUND at iteration 41: -81765.463
Estimate model parameters (epsilon = 0.100)
BETTER TREE FOUND at iteration 43: -81764.386
Estimate model parameters (epsilon = 0.100)
BETTER TREE FOUND at iteration 48: -81762.721
Iteration 50 / LogL: -81763.182 / Time: 1h:0m:47s (2h:1m:35s left)
Estimate model parameters (epsilon = 0.100)
BETTER TREE FOUND at iteration 52: -81760.616
Estimate model parameters (epsilon = 0.100)
BETTER TREE FOUND at iteration 54: -81759.896
Iteration 60 / LogL: -81777.833 / Time: 1h:11m:1s (1h:53m:9s left)
Estimate model parameters (epsilon = 0.100)
BETTER TREE FOUND at iteration 62: -81758.455
Iteration 70 / LogL: -81776.792 / Time: 1h:20m:58s (1h:47m:57s left)
Estimate model parameters (epsilon = 0.100)
BETTER TREE FOUND at iteration 74: -81756.557
Iteration 80 / LogL: -81769.245 / Time: 1h:31m:21s (1h:48m:41s left)
Iteration 90 / LogL: -81760.321 / Time: 1h:40m:15s (1h:34m:37s left)
Estimate model parameters (epsilon = 0.100)
BETTER TREE FOUND at iteration 93: -81756.452
Iteration 100 / LogL: -81764.300 / Time: 1h:50m:2s (1h:43m:22s left)
Iteration 110 / LogL: -81771.679 / Time: 1h:59m:22s (1h:30m:54s left)
Iteration 120 / LogL: -81758.523 / Time: 2h:8m:49s (1h:19m:1s left)
Iteration 130 / LogL: -81771.948 / Time: 2h:17m:37s (1h:7m:12s left)
Iteration 140 / LogL: -81816.937 / Time: 2h:26m:49s (0h:55m:59s left)
Iteration 150 / LogL: -81765.396 / Time: 2h:36m:15s (0h:45m:5s left)
Iteration 160 / LogL: -81929.949 / Time: 2h:45m:58s (0h:34m:26s left)
Iteration 170 / LogL: -81775.225 / Time: 2h:55m:19s (0h:23m:51s left)
Iteration 180 / LogL: -81786.415 / Time: 3h:3m:59s (0h:13m:21s left)
Iteration 190 / LogL: -81770.700 / Time: 3h:12m:46s (0h:3m:3s left)
TREE SEARCH COMPLETED AFTER 194 ITERATIONS / Time: 3h:16m:35s

--------------------------------------------------------------------
|                    FINALIZING TREE SEARCH                        |
--------------------------------------------------------------------
Performs final model parameters optimization
Estimate model parameters (epsilon = 0.010)
1. Initial log-likelihood: -81756.452
Optimal log-likelihood: -81756.446
Site proportion and rates:  (0.260,0.025) (0.155,0.228) (0.176,0.613) (0.176,1.205) (0.108,1.978) (0.103,3.090) (0.022,4.877)
Parameters optimization took 1 rounds (13.237 sec)
BEST SCORE FOUND : -81756.446
Total tree length: 23.011

Total number of iterations: 194
CPU time used for tree search: 11732.790 sec (3h:15m:32s)
Wall-clock time used for tree search: 11741.853 sec (3h:15m:41s)
Total CPU time used: 11800.219 sec (3h:16m:40s)
Total wall-clock time used: 11809.379 sec (3h:16m:49s)

Analysis results written to: 
  IQ-TREE report:                results/tree/PGC_lhaA/PGC_lhaA.iqtree
  Maximum-likelihood tree:       results/tree/PGC_lhaA/PGC_lhaA.treefile
  Likelihood distances:          results/tree/PGC_lhaA/PGC_lhaA.mldist
  Screen log file:               results/tree/PGC_lhaA/PGC_lhaA.log

Date and Time: Thu Jun 20 21:54:30 2024
