IQ-TREE multicore version 2.1.4-beta COVID-edition for Linux 64-bit built Jun 24 2021
Developed by Bui Quang Minh, James Barbetti, Nguyen Lam Tung,
Olga Chernomor, Heiko Schmidt, Dominik Schrempf, Michael Woodhams.

Host:    morrowind (AVX2, FMA3, 503 GB RAM)
Command: iqtree2 -s results/fasta_PGC/gene_trimmed/PGC_crtD_trim.phy -pre results/tree/PGC_crtD/PGC_crtD
Seed:    567971 (Using SPRNG - Scalable Parallel Random Number Generator)
Time:    Thu Jun 20 09:53:29 2024
Kernel:  AVX+FMA - 1 threads (128 CPU cores detected)

HINT: Use -nt option to specify number of threads because your CPU has 128 cores!
HINT: -nt AUTO will automatically determine the best number of threads to use.

Reading alignment file results/fasta_PGC/gene_trimmed/PGC_crtD_trim.phy ... Phylip format detected
Alignment most likely contains protein sequences
WARNING: 56 sites contain only gaps or ambiguous characters.
Alignment has 243 sequences with 1416 columns, 1252 distinct patterns
1067 parsimony-informative, 103 singleton sites, 246 constant sites
                                              Gap/Ambiguity  Composition  p-value
   1  GCA_011765465.1_ASM1176546v1                   21.26%    passed     98.56%
   2  GCA_015693905.1_ASM1569390v1                   22.46%    passed     76.36%
   3  GCA_016745215.1_scaff03                        25.64%    passed    100.00%
   4  GCA_019739335.1_ASM1973933v1                   22.60%    passed     99.99%
   5  GCA_000013085.1_ASM1308v1                      25.64%    passed     98.61%
   6  GCA_000013365.1_ASM1336v1                      22.60%    passed    100.00%
   7  GCA_000013565.1_ASM1356v1                      23.59%    passed     80.36%
   8  GCA_000014045.1_ASM1404v1                      22.39%    passed     22.59%
   9  GCA_000015165.1_ASM1516v1                      22.39%    passed    100.00%
  10  GCA_000015585.1_ASM1558v1                      22.25%    passed     99.99%
  11  GCA_000016185.1_ASM1618v1                      25.35%    passed     99.59%
  12  GCA_000018145.1_ASM1814v1                      23.59%    passed     98.89%
  13  GCA_000018845.1_ASM1884v1                      25.92%    passed     99.59%
  14  GCA_000019365.1_ASM1936v1                      27.19%    passed     55.16%
  15  GCA_000019725.1_ASM1972v1                      23.94%    passed     40.68%
  16  GCA_000019945.1_ASM1994v1                      23.94%    passed     97.08%
  17  GCA_000020445.1_ASM2044v1                      22.53%    passed    100.00%
  18  GCA_000021005.1_ASM2100v1                      26.69%    passed     75.00%
  19  GCA_000021745.1_ASM2174v1                      22.32%    passed     99.99%
  20  GCA_000021845.1_ASM2184v1                      25.71%    passed     99.97%
  21  GCA_000021865.1_ASM2186v1                      25.85%    passed     50.63%
  22  GCA_000022685.1_ASM2268v1                      25.99%    passed     99.92%
  23  GCA_000025485.1_ASM2548v1                      24.65%    passed     99.92%
  24  GCA_000026145.1_ASM2614v1                      22.46%    passed    100.00%
  25  GCA_000083545.1_ASM8354v1                      25.64%    passed     99.86%
  26  GCA_000144605.1_ASM14460v1                     24.01%    passed     99.87%
  27  GCA_000154785.2_ASM15478v2                     22.39%    failed      4.99%
  28  GCA_000166055.1_ASM16605v1                     21.82%    passed    100.00%
  29  GCA_000195775.2_ASM19577v2                     22.53%    passed    100.00%
  30  GCA_000202835.1_ASM20283v1                     28.04%    failed      1.89%
  31  GCA_000224005.2_ASM22400v3                     21.96%    passed     69.41%
  32  GCA_000225955.1_ASM22595v1                     25.64%    passed     98.61%
  33  GCA_000227745.2_ASM22774v3                     24.51%    passed     99.64%
  34  GCA_000284255.1_ASM28425v1                     22.46%    passed     99.90%
  35  GCA_000284275.1_ASM28427v1                     22.03%    passed     99.86%
  36  GCA_000284415.1_ASM28441v2                     25.49%    passed     99.86%
  37  GCA_000327045.1_ASM32704v1                     21.68%    passed     98.80%
  38  GCA_000344805.1_ASM34480v1                     22.60%    passed     99.87%
  39  GCA_000364445.2_ASM36444v2                     23.52%    passed     98.90%
  40  GCA_000512205.2_ASM51220v2                     22.88%    passed     99.77%
  41  GCA_000590925.1_ASM59092v1                     21.96%    passed     79.06%
  42  GCA_000738435.1_ASM73843v1                     23.94%    passed     53.97%
  43  GCA_000757795.1_ASM75779v1                     23.87%    passed     87.74%
  44  GCA_000935025.1_ASM93502v1                     22.74%    passed     79.89%
  45  GCA_000973625.1_ASM97362v1                     20.83%    failed      0.00%
  46  GCA_001304795.1_ASM130479v1                    21.61%    passed     98.66%
  47  GCA_001412535.1_ASM141253v1                    21.68%    passed     90.15%
  48  GCA_001412575.1_ASM141257v1                    21.75%    failed      0.00%
  49  GCA_001483865.1_ASM148386v1                    23.02%    passed     83.25%
  50  GCA_001542815.1_ASM154281v1                    25.99%    passed     99.23%
  51  GCA_001548015.1_ASM154801v1                    24.29%    passed     56.39%
  52  GCA_001548075.1_ASM154807v1                    22.60%    passed    100.00%
  53  GCA_001576595.1_ASM157659v1                    26.55%    passed     77.45%
  54  GCA_001632845.1_ASM163284v1                    23.87%    passed     99.97%
  55  GCA_001633145.1_ASM163314v1                    22.81%    passed    100.00%
  56  GCA_001633165.1_ASM163316v1                    22.81%    passed    100.00%
  57  GCA_001663155.1_ASM166315v1                    21.12%    passed     40.57%
  58  GCA_001663175.1_ASM166317v1                    22.03%    passed     99.98%
  59  GCA_001685625.1_ASM168562v1                    26.55%    passed     77.45%
  60  GCA_001713355.1_ASM171335v1                    24.72%    passed     99.80%
  61  GCA_001713375.1_ASM171337v1                    23.31%    passed     91.32%
  62  GCA_001713435.1_ASM171343v1                    21.75%    passed     99.97%
  63  GCA_001713455.1_ASM171345v1                    22.67%    passed     99.94%
  64  GCA_001713475.1_ASM171347v1                    24.01%    passed     98.45%
  65  GCA_001719165.1_ASM171916v1                    20.69%    passed     81.86%
  66  GCA_001720465.1_ASM172046v1                    21.68%    passed     91.79%
  67  GCA_001854385.1_ASM185438v1                    24.15%    passed     23.45%
  68  GCA_001870665.2_ASM187066v2                    23.66%    passed     98.46%
  69  GCA_001936175.1_ASM193617v1                    23.80%    passed     89.71%
  70  GCA_001955735.1_ASM195573v1                    20.34%    passed     15.61%
  71  GCA_001969365.1_ASM196936v1                    21.89%    failed      0.49%
  72  GCA_001971665.1_ASM197166v1                    25.64%    passed     99.83%
  73  GCA_002002865.1_ASM200286v1                    24.58%    passed    100.00%
  74  GCA_002073975.1_ASM207397v1                    22.46%    passed    100.00%
  75  GCA_002079305.1_ASM207930v1                    24.15%    passed     71.77%
  76  GCA_002080415.1_ASM208041v1                    23.73%    passed     95.26%
  77  GCA_002117815.2_ASM211781v2                    25.64%    passed     99.95%
  78  GCA_002158905.1_ASM215890v1                    22.60%    passed     62.60%
  79  GCA_002266435.2_ASM226643v2                    22.39%    passed     99.91%
  80  GCA_002355515.1_ASM235551v1                    24.08%    passed     93.61%
  81  GCA_002407205.1_ASM240720v1                    26.27%    passed    100.00%
  82  GCA_002706325.1_ASM270632v1                    26.55%    passed     77.45%
  83  GCA_002813775.1_ASM281377v1                    24.36%    passed    100.00%
  84  GCA_002868735.1_ASM286873v1                    23.09%    passed     97.70%
  85  GCA_002952215.1_ASM295221v1                    21.33%    passed     95.31%
  86  GCA_002983865.1_ASM298386v1                    22.39%    passed     22.59%
  87  GCA_003031245.1_ASM303124v1                    22.53%    passed    100.00%
  88  GCA_003031265.1_ASM303126v1                    22.46%    passed    100.00%
  89  GCA_003065365.1_ASM306536v1                    22.18%    failed      0.01%
  90  GCA_003071405.1_ASM307140v1                    22.81%    failed      0.32%
  91  GCA_003173715.1_ASM317371v1                    24.22%    passed     51.74%
  92  GCA_003173735.1_ASM317373v1                    24.72%    passed     32.18%
  93  GCA_003173755.1_ASM317375v1                    27.19%    passed     50.91%
  94  GCA_003254375.1_ASM325437v1                    23.87%    passed     87.74%
  95  GCA_003264115.1_ASM326411v1                    20.55%    passed     86.19%
  96  GCA_003288315.1_ASM328831v1                    23.87%    passed     95.64%
  97  GCA_003324715.1_ASM332471v1                    26.55%    passed     77.45%
  98  GCA_003352165.1_ASM335216v1                    23.66%    passed     97.86%
  99  GCA_003429265.1_ASM342926v1                    25.92%    passed     99.56%
 100  GCA_003431825.1_ASM343182v1                    21.68%    passed     99.98%
 101  GCA_003855495.1_ASM385549v1                    21.89%    passed     99.98%
 102  GCA_003940805.1_ASM394080v1                    24.93%    passed     35.15%
 103  GCA_003952725.1_ASM395272v1                    23.23%    passed     96.31%
 104  GCA_004114955.1_ASM411495v1                    22.46%    passed     94.91%
 105  GCA_004136295.1_ASM413629v1                    23.66%    passed     42.62%
 106  GCA_004216475.1_ASM421647v1                    23.59%    passed     97.94%
 107  GCA_004331955.1_ASM433195v1                    22.10%    passed     99.99%
 108  GCA_004354345.1_ASM435434v1                    23.31%    passed    100.00%
 109  GCA_005311585.1_ASM531158v1                    26.77%    passed     78.19%
 110  GCA_005860795.2_ASM586079v2                    22.18%    passed     91.64%
 111  GCA_006542605.1_ASM654260v1                    22.46%    passed     96.23%
 112  GCA_006740745.1_ASM674074v1                    23.87%    passed     97.99%
 113  GCA_007005445.1_ASM700544v1                    22.60%    passed    100.00%
 114  GCA_007290395.1_ASM729039v1                    22.03%    passed     99.96%
 115  GCA_007954425.1_ASM795442v1                    22.95%    passed     99.98%
 116  GCA_008000895.1_ASM800089v1                    23.23%    passed     99.98%
 117  GCA_008000915.1_ASM800091v1                    24.51%    passed    100.00%
 118  GCA_008728195.1_ASM872819v1                    23.16%    passed     14.42%
 119  GCA_008843145.1_ASM884314v1                    23.31%    passed    100.00%
 120  GCA_008932115.1_ASM893211v1                    22.81%    passed     98.96%
 121  GCA_009363255.1_ASM936325v1                    24.15%    passed     94.31%
 122  GCA_009363495.1_ASM936349v1                    24.15%    passed     94.31%
 123  GCA_009363575.1_ASM936357v1                    23.31%    passed     63.35%
 124  GCA_009363615.1_ASM936361v1                    21.47%    passed     17.68%
 125  GCA_009363635.1_ASM936363v1                    20.97%    passed     94.44%
 126  GCA_009363655.1_ASM936365v1                    23.31%    passed     88.22%
 127  GCA_009363715.1_ASM936371v1                    23.02%    passed     68.21%
 128  GCA_009363735.1_ASM936373v1                    23.23%    passed     89.31%
 129  GCA_009363795.1_ASM936379v1                    24.22%    passed     97.31%
 130  GCA_009650195.1_ASM965019v1                    23.94%    passed     90.04%
 131  GCA_009664085.1_ASM966408v1                    25.14%    passed     99.87%
 132  GCA_009685175.1_ASM968517v1                    22.10%    passed     98.59%
 133  GCA_009707465.1_ASM970746v1                    23.31%    passed     99.82%
 134  GCA_009762325.1_ASM976232v1                    23.59%    passed     98.17%
 135  GCA_009859815.1_ASM985981v1                    23.23%    passed     99.60%
 136  GCA_009913435.1_ASM991343v1                    23.94%    passed     97.86%
 137  GCA_010104355.1_ASM1010435v1                   23.23%    passed     99.60%
 138  GCA_011040475.1_ASM1104047v1                   23.16%    passed     79.18%
 139  GCA_011044255.1_ASM1104425v1                   22.88%    passed     99.97%
 140  GCA_011047315.1_ASM1104731v1                   21.82%    passed     99.88%
 141  GCA_011290485.1_ASM1129048v1                   23.31%    passed     14.72%
 142  GCA_011388215.1_ASM1138821v1                   26.20%    failed      0.89%
 143  GCA_012647365.1_ASM1264736v1                   26.55%    passed     77.45%
 144  GCA_012932215.1_ASM1293221v1                   23.59%    passed     69.81%
 145  GCA_013170845.1_ASM1317084v1                   22.67%    passed     96.67%
 146  GCA_013307245.1_ASM1330724v1                   21.61%    failed      0.00%
 147  GCA_013374095.1_ASM1337409v1                   22.81%    passed    100.00%
 148  GCA_013378075.1_ASM1337807v1                   21.82%    passed     92.45%
 149  GCA_013415845.1_ASM1341584v1                   22.46%    passed    100.00%
 150  GCA_014117445.1_ASM1411744v1                   24.36%    passed     91.81%
 151  GCA_014495845.1_ASM1449584v1                   24.15%    passed     89.58%
 152  GCA_014622665.1_ASM1462266v1                   25.92%    passed     63.07%
 153  GCA_014681765.1_ASM1468176v1                   26.20%    passed     35.53%
 154  GCA_015679265.1_ASM1567926v1                   24.65%    passed     39.43%
 155  GCA_016584445.1_ASM1658444v1                   22.53%    passed    100.00%
 156  GCA_016653635.2_ASM1665363v2                   23.38%    passed     99.92%
 157  GCA_016765655.2_ASM1676565v2                   23.31%    passed     99.97%
 158  GCA_016806065.1_ASM1680606v1                   24.01%    passed     98.37%
 159  GCA_016806835.2_ASM1680683v2                   23.38%    passed     99.90%
 160  GCA_016839165.1_ASM1683916v1                   21.82%    passed     99.36%
 161  GCA_017347565.1_ASM1734756v1                   24.51%    passed     67.49%
 162  GCA_017498565.1_ASM1749856v1                   21.47%    passed     40.76%
 163  GCA_017795885.1_ASM1779588v1                   23.94%    passed     99.93%
 164  GCA_018205975.1_ASM1820597v1                   42.37%    passed     99.83%
 165  GCA_018399035.1_ASM1839903v1                   23.87%    passed     98.09%
 166  GCA_018409545.1_ASM1840954v1                   24.86%    passed     99.26%
 167  GCA_018687415.1_ASM1868741v1                   19.56%    failed      0.00%
 168  GCA_018687475.1_ASM1868747v1                   19.99%    failed      1.27%
 169  GCA_018687675.1_ASM1868767v1                   20.76%    failed      0.00%
 170  GCA_018688155.1_ASM1868815v1                   19.28%    failed      0.00%
 171  GCA_018688255.1_ASM1868825v1                   20.62%    failed      0.00%
 172  GCA_018982885.2_ASM1898288v2                   25.56%    passed     99.97%
 173  GCA_019134555.1_ASM1913455v1                   25.64%    passed     98.61%
 174  GCA_019203965.1_ASM1920396v1                   23.94%    passed     67.45%
 175  GCA_019431245.1_ASM1943124v1                   25.71%    passed     99.50%
 176  GCA_019443285.1_ASM1944328v1                   22.10%    passed     98.37%
 177  GCA_019623905.1_ASM1962390v1                   25.28%    passed     60.43%
 178  GCA_019904235.1_ASM1990423v1                   21.19%    passed     92.17%
 179  GCA_019973775.1_ASM1997377v1                   23.87%    passed     99.70%
 180  GCA_020866845.1_ASM2086684v1                   23.38%    passed     97.56%
 181  GCA_021088345.1_ASM2108834v1                   22.81%    passed    100.00%
 182  GCA_021117295.1_ASM2111729v1                   23.66%    passed     99.64%
 183  GCA_021228015.1_ASM2122801v1                   26.84%    passed     87.96%
 184  GCA_021228795.1_ASM2122879v1                   24.29%    passed     99.22%
 185  GCA_021391315.1_ASM2139131v1                   25.92%    passed     99.56%
 186  GCA_021391535.1_ASM2139153v1                   23.23%    passed    100.00%
 187  GCA_021398735.1_ASM2139873v1                   24.01%    passed     47.46%
 188  GCA_021431965.1_ASM2143196v1                   22.39%    passed    100.00%
 189  GCA_021484845.1_ASM2148484v1                   24.15%    passed     23.60%
 190  GCA_022227035.1_ASM2222703v1                   25.92%    passed     99.46%
 191  GCA_022370455.1_ASM2237045v1                   21.82%    passed     99.97%
 192  GCA_022410435.1_ASM2241043v1                   25.00%    passed     98.83%
 193  GCA_022533465.1_ASM2253346v1                   24.08%    passed     82.77%
 194  GCA_022558965.1_ASM2255896v1                   28.11%    failed      4.11%
 195  GCA_022846615.1_ASM2284661v1                   23.45%    passed     11.65%
 196  GCA_023243115.1_ASM2324311v1                   25.85%    passed     99.99%
 197  GCA_023380025.1_ASM2338002v1                   23.31%    passed     95.09%
 198  GCA_023558335.1_ASM2355833v1                   23.59%    passed     98.89%
 199  GCA_023558355.1_ASM2355835v1                   23.59%    passed     98.89%
 200  GCA_023573145.1_ASM2357314v1                   23.59%    passed     74.83%
 201  GCA_023823125.1_ASM2382312v1                   21.40%    passed     99.54%
 202  GCA_024496245.1_ASM2449624v1                   23.16%    passed     98.60%
 203  GCA_024758705.1_ASM2475870v1                   23.66%    passed     97.57%
 204  GCA_024758725.1_ASM2475872v1                   24.44%    passed     97.31%
 205  GCA_025141175.1_ASM2514117v1                   24.22%    passed     97.44%
 206  GCA_025141935.1_ASM2514193v1                   22.60%    passed     67.22%
 207  GCA_025398155.2_ASM2539815v2                   22.88%    passed     96.81%
 208  GCA_025811215.1_ASM2581121v1                   22.60%    passed    100.00%
 209  GCA_025811355.1_ASM2581135v1                   22.53%    passed    100.00%
 210  GCA_025811435.1_ASM2581143v1                   22.53%    passed    100.00%
 211  GCA_025813715.1_ASM2581371v1                   25.14%    passed     78.96%
 212  GCA_025917005.1_ASM2591700v1                   21.89%    passed     99.49%
 213  GCA_026122595.1_ASM2612259v1                   25.64%    passed     99.94%
 214  GCA_026122615.1_ASM2612261v1                   25.64%    passed     99.94%
 215  GCA_026167525.1_ASM2616752v1                   23.23%    passed     87.38%
 216  GCA_026167545.1_ASM2616754v1                   23.16%    passed     98.30%
 217  GCA_026625025.1_ASM2662502v1                   22.53%    passed    100.00%
 218  GCA_026898155.1_ASM2689815v1                   23.09%    passed     98.51%
 219  GCA_027271155.1_ASM2727115v1                   24.29%    passed     99.99%
 220  GCA_027886585.1_ASM2788658v1                   21.61%    passed     95.42%
 221  GCA_027912195.1_ASM2791219v1                   22.53%    passed    100.00%
 222  GCA_027943985.1_ASM2794398v1                   21.26%    failed      0.00%
 223  GCA_027944005.1_ASM2794400v1                   21.26%    failed      0.00%
 224  GCA_028621955.1_ASM2862195v1                   22.32%    passed     99.72%
 225  GCA_028885395.1_ASM2888539v1                   23.38%    passed     35.81%
 226  GCA_029277405.1_ASM2927740v1                   25.92%    passed     75.21%
 227  GCA_029581395.1_ASM2958139v1                   24.36%    passed     60.19%
 228  GCA_029691625.1_ASM2969162v1                   23.87%    passed     81.79%
 229  GCA_029714205.1_ASM2971420v1                   27.19%    passed     55.16%
 230  GCA_029761955.1_ASM2976195v1                   24.44%    passed     71.12%
 231  GCA_030062705.1_ASM3006270v1                   25.99%    passed     99.41%
 232  GCA_030252425.1_ASM3025242v1                   26.62%    passed     99.74%
 233  GCA_030255395.1_ASM3025539v1                   25.92%    passed     99.59%
 234  GCA_030297555.1_ASM3029755v1                   19.99%    failed      0.66%
 235  GCA_030297575.1_ASM3029757v1                   20.06%    failed      0.56%
 236  GCA_030297595.1_ASM3029759v1                   19.99%    failed      1.08%
 237  GCA_030297615.1_ASM3029761v1                   19.63%    failed      0.20%
 238  GCA_030297635.1_ASM3029763v1                   20.06%    failed      0.51%
 239  GCA_030297655.1_ASM3029765v1                   20.06%    failed      0.59%
 240  GCA_030297675.1_ASM3029767v1                   20.06%    failed      0.59%
 241  GCA_900176205.1_BRAD285_PRJEB202261_v1         22.60%    passed    100.00%
 242  GCA_901457705.2_RHAL1_v2                       23.09%    passed     98.65%
 243  GCA_937425535.1_Rhodovastum_atsumiense_G2-11   23.45%    passed    100.00%
****  TOTAL                                          23.52%  24 sequences failed composition chi2 test (p-value<5%; df=19)
NOTE: GCA_000225955.1_ASM22595v1 is identical to GCA_000013085.1_ASM1308v1 but kept for subsequent analysis
NOTE: GCA_002983865.1_ASM298386v1 is identical to GCA_000014045.1_ASM1404v1 but kept for subsequent analysis
NOTE: GCA_023558335.1_ASM2355833v1 is identical to GCA_000018145.1_ASM1814v1 but kept for subsequent analysis
NOTE: GCA_030255395.1_ASM3025539v1 is identical to GCA_000018845.1_ASM1884v1 but kept for subsequent analysis
NOTE: GCA_029714205.1_ASM2971420v1 is identical to GCA_000019365.1_ASM1936v1 but kept for subsequent analysis
NOTE: GCA_016584445.1_ASM1658444v1 is identical to GCA_000195775.2_ASM19577v2 but kept for subsequent analysis
NOTE: GCA_003254375.1_ASM325437v1 is identical to GCA_000757795.1_ASM75779v1 but kept for subsequent analysis
NOTE: GCA_001685625.1_ASM168562v1 is identical to GCA_001576595.1_ASM157659v1 but kept for subsequent analysis
NOTE: GCA_001633165.1_ASM163316v1 is identical to GCA_001633145.1_ASM163314v1 but kept for subsequent analysis
NOTE: GCA_021391315.1_ASM2139131v1 is identical to GCA_003429265.1_ASM342926v1 but kept for subsequent analysis
NOTE: GCA_009363495.1_ASM936349v1 is identical to GCA_009363255.1_ASM936325v1 but kept for subsequent analysis
NOTE: GCA_010104355.1_ASM1010435v1 is identical to GCA_009859815.1_ASM985981v1 but kept for subsequent analysis
NOTE: GCA_026122615.1_ASM2612261v1 is identical to GCA_026122595.1_ASM2612259v1 but kept for subsequent analysis
NOTE: GCA_027944005.1_ASM2794400v1 is identical to GCA_027943985.1_ASM2794398v1 but kept for subsequent analysis
NOTE: GCA_030297675.1_ASM3029767v1 is identical to GCA_030297655.1_ASM3029765v1 but kept for subsequent analysis
NOTE: 6 identical sequences (see below) will be ignored for subsequent analysis
NOTE: GCA_019134555.1_ASM1913455v1 (identical to GCA_000013085.1_ASM1308v1) is ignored but added at the end
NOTE: GCA_023558355.1_ASM2355835v1 (identical to GCA_000018145.1_ASM1814v1) is ignored but added at the end
NOTE: GCA_026625025.1_ASM2662502v1 (identical to GCA_000195775.2_ASM19577v2) is ignored but added at the end
NOTE: GCA_002706325.1_ASM270632v1 (identical to GCA_001576595.1_ASM157659v1) is ignored but added at the end
NOTE: GCA_003324715.1_ASM332471v1 (identical to GCA_001576595.1_ASM157659v1) is ignored but added at the end
NOTE: GCA_012647365.1_ASM1264736v1 (identical to GCA_001576595.1_ASM157659v1) is ignored but added at the end
Alignment was printed to results/tree/PGC_crtD/PGC_crtD.uniqueseq.phy

For your convenience alignment with unique sequences printed to results/tree/PGC_crtD/PGC_crtD.uniqueseq.phy


Create initial parsimony tree by phylogenetic likelihood library (PLL)... 0.451 seconds
Perform fast likelihood tree search using LG+I+G model...
Estimate model parameters (epsilon = 5.000)
Perform nearest neighbor interchange...
Estimate model parameters (epsilon = 1.000)
1. Initial log-likelihood: -161871.752
Optimal log-likelihood: -161871.650
Proportion of invariable sites: 0.100
Gamma shape alpha: 0.920
Parameters optimization took 1 rounds (5.009 sec)
Time for fast ML tree search: 50.507 seconds

NOTE: ModelFinder requires 465 MB RAM!
ModelFinder will test up to 702 protein models (sample size: 1416) ...
 No. Model         -LnL         df  AIC          AICc         BIC
  1  LG            173637.273   471 348216.546   348687.546   350691.929
  2  LG+I          170113.755   472 341171.510   341645.012   343652.149
  3  LG+G4         162030.203   472 325004.405   325477.907   327485.044
  4  LG+I+G4       161871.624   473 324689.248   325165.261   327175.143
  5  LG+R2         164138.070   473 329222.140   329698.153   331708.035
  6  LG+R3         162365.359   475 325680.718   326161.782   328177.124
  7  LG+R4         161783.234   477 324520.467   325006.621   327027.384
  8  LG+R5         161570.166   479 324098.331   324589.613   326615.759
  9  LG+R6         161525.669   481 324013.339   324509.788   326541.278
 10  LG+R7         161484.273   483 323934.546   324436.203   326472.997
 11  LG+R8         161476.933   485 323923.866   324430.769   326472.828
 12  LG+R9         161476.288   487 323926.577   324438.766   326486.050
 23  LG+F+R7       128438.749   502 257881.498   258434.632   260519.804
 24  LG+F+R8       128426.673   504 257861.345   258420.116   260510.163
 36  WAG+R7        160872.807   483 322711.615   323213.272   325250.066
 37  WAG+R8        160861.383   485 322692.767   323199.670   325241.728
 49  WAG+F+R7      128698.550   502 258401.101   258954.236   261039.408
 50  WAG+F+R8      128691.027   504 258390.054   258948.824   261038.872
 62  JTT+R7        164111.667   483 329189.334   329690.990   331727.784
 63  JTT+R8        164096.133   485 329162.266   329669.170   331711.228
 75  JTT+F+R7      134319.205   502 269642.411   270195.546   272280.718
 76  JTT+F+R8      134312.656   504 269633.312   270192.082   272282.130
 88  Q.pfam+R7     161328.224   483 323622.449   324124.106   326160.900
 89  Q.pfam+R8     161317.969   485 323605.937   324112.840   326154.899
101  Q.pfam+F+R7   128918.457   502 258840.915   259394.050   261479.222
102  Q.pfam+F+R8   128899.646   504 258807.293   259366.063   261456.111
114  Q.bird+R7     172545.241   483 346056.482   346558.139   348594.933
115  Q.bird+R8     172523.887   485 346017.774   346524.677   348566.735
127  Q.bird+F+R7   144199.210   502 289402.420   289955.554   292040.727
128  Q.bird+F+R8   144182.736   504 289373.472   289932.243   292022.290
140  Q.mammal+R7   169537.219   483 340040.439   340542.096   342578.890
141  Q.mammal+R8   169527.588   485 340025.176   340532.079   342574.138
153  Q.mammal+F+R7 140167.241   502 281338.482   281891.617   283976.789
154  Q.mammal+F+R8 140152.625   504 281313.250   281872.020   283962.068
166  Q.insect+R7   164782.463   483 330530.925   331032.582   333069.376
167  Q.insect+R8   164773.650   485 330517.300   331024.203   333066.262
179  Q.insect+F+R7 130038.807   502 261081.613   261634.748   263719.920
180  Q.insect+F+R8 130030.290   504 261068.580   261627.351   263717.398
192  Q.plant+R7    172355.313   483 345676.627   346178.283   348215.077
193  Q.plant+R8    172317.811   485 345605.622   346112.525   348154.584
205  Q.plant+F+R7  138581.000   502 278166.000   278719.134   280804.306
206  Q.plant+F+R8  138563.259   504 278134.519   278693.289   280783.337
218  Q.yeast+R7    167463.442   483 335892.884   336394.541   338431.335
219  Q.yeast+R8    167437.822   485 335845.643   336352.547   338394.605
231  Q.yeast+F+R7  129888.605   502 260781.210   261334.345   263419.517
232  Q.yeast+F+R8  129862.513   504 260733.026   261291.797   263381.844
244  JTTDCMut+R7   163664.946   483 328295.891   328797.548   330834.342
245  JTTDCMut+R8   163647.185   485 328264.369   328771.272   330813.331
257  JTTDCMut+F+R7 133979.497   502 268962.994   269516.129   271601.301
258  JTTDCMut+F+R8 133972.781   504 268953.561   269512.332   271602.379
270  DCMut+R7      173964.866   483 348895.732   349397.389   351434.183
271  DCMut+R8      173935.260   485 348840.520   349347.424   351389.482
283  DCMut+F+R7    141752.630   502 284509.259   285062.394   287147.566
284  DCMut+F+R8    141710.777   504 284429.554   284988.324   287078.372
296  VT+R7         161080.346   483 323126.692   323628.348   325665.142
297  VT+R8         161070.900   485 323111.800   323618.704   325660.762
309  VT+F+R7       127722.424   502 256448.849   257001.983   259087.156
310  VT+F+R8       127719.371   504 256446.742   257005.512   259095.560
322  PMB+R7        157561.985   483 316089.969   316591.626   318628.420
323  PMB+R8        157555.451   485 316080.903   316587.806   318629.865
335  PMB+F+R7      126932.036   502 254868.072   255421.207   257506.379
336  PMB+F+R8      126926.257   504 254860.515   255419.285   257509.333
348  Blosum62+R7   157490.337   483 315946.675   316448.331   318485.125
349  Blosum62+R8   157481.195   485 315932.390   316439.293   318481.352
361  Blosum62+F+R7 125970.310   502 252944.621   253497.755   255582.927
362  Blosum62+F+R8 125964.742   504 252937.484   253496.255   255586.302
374  Dayhoff+R7    173950.333   483 348866.666   349368.323   351405.117
375  Dayhoff+R8    173932.941   485 348835.881   349342.785   351384.843
387  Dayhoff+F+R7  141757.821   502 284519.643   285072.777   287157.950
388  Dayhoff+F+R8  141715.864   504 284439.728   284998.499   287088.546
400  mtREV+R7      172090.267   483 345146.534   345648.190   347684.984
401  mtREV+R8      172041.663   485 345053.327   345560.230   347602.288
413  mtREV+F+R7    137542.790   502 276089.579   276642.714   278727.886
414  mtREV+F+R8    137506.543   504 276021.087   276579.858   278669.905
426  mtART+R7      169000.995   483 338967.991   339469.648   341506.441
427  mtART+R8      168958.645   485 338887.291   339394.194   341436.252
439  mtART+F+R7    132092.421   502 265188.841   265741.976   267827.148
440  mtART+F+R8    132023.448   504 265054.896   265613.666   267703.714
452  mtZOA+R7      160934.457   483 322834.915   323336.572   325373.365
453  mtZOA+R8      160901.833   485 322773.666   323280.570   325322.628
465  mtZOA+F+R7    129878.877   502 260761.755   261314.889   263400.061
466  mtZOA+F+R8    129857.673   504 260723.346   261282.117   263372.164
478  mtMet+R7      168374.410   483 337714.819   338216.476   340253.270
479  mtMet+R8      168329.870   485 337629.740   338136.643   340178.701
491  mtMet+F+R7    135295.239   502 271594.479   272147.613   274232.785
492  mtMet+F+R8    135265.983   504 271539.966   272098.736   274188.784
504  mtVer+R7      172453.347   483 345872.695   346374.351   348411.145
505  mtVer+R8      172389.307   485 345748.615   346255.518   348297.577
517  mtVer+F+R7    141747.122   502 284498.244   285051.379   287136.551
518  mtVer+F+R8    141733.558   504 284475.117   285033.887   287123.935
530  mtInv+R7      165919.735   483 332805.469   333307.126   335343.920
531  mtInv+R8      165884.648   485 332739.297   333246.200   335288.259
543  mtInv+F+R7    130203.059   502 261410.118   261963.252   264048.425
544  mtInv+F+R8    130179.745   504 261367.491   261926.262   264016.309
556  mtMAM+R7      188292.161   483 377550.321   378051.978   380088.772
557  mtMAM+R8      188181.202   485 377332.404   377839.308   379881.366
569  mtMAM+F+R7    152347.126   502 305698.252   306251.387   308336.559
570  mtMAM+F+R8    152227.718   504 305463.436   306022.207   308112.254
582  HIVb+R7       179814.932   483 360595.865   361097.521   363134.315
583  HIVb+R8       179792.458   485 360554.916   361061.819   363103.878
595  HIVb+F+R7     146351.280   502 293706.561   294259.696   296344.868
596  HIVb+F+R8     146314.086   504 293636.172   294194.942   296284.990
608  HIVw+R7       201298.478   483 403562.955   404064.612   406101.406
609  HIVw+R8       201236.368   485 403442.736   403949.639   405991.698
621  HIVw+F+R7     157026.532   502 315057.064   315610.198   317695.371
622  HIVw+F+R8     156986.302   504 314980.604   315539.374   317629.422
634  FLU+R7        186700.567   483 374367.134   374868.791   376905.585
635  FLU+R8        186660.880   485 374291.759   374798.663   376840.721
647  FLU+F+R7      145784.161   502 292572.322   293125.457   295210.629
648  FLU+F+R8      145736.665   504 292481.330   293040.101   295130.148
660  rtREV+R7      161008.221   483 322982.442   323484.099   325520.893
661  rtREV+R8      160996.092   485 322962.184   323469.087   325511.146
673  rtREV+F+R7    128907.685   502 258819.370   259372.505   261457.677
674  rtREV+F+R8    128894.834   504 258797.669   259356.439   261446.487
686  cpREV+R7      165034.256   483 331034.512   331536.169   333572.963
687  cpREV+R8      165016.101   485 331002.202   331509.105   333551.163
699  cpREV+F+R7    131404.740   502 263813.480   264366.615   266451.787
700  cpREV+F+R8    131377.768   504 263763.537   264322.307   266412.355
Akaike Information Criterion:           Blosum62+F+R8
Corrected Akaike Information Criterion: Blosum62+F+R8
Bayesian Information Criterion:         Blosum62+F+R7
Best-fit model: Blosum62+F+R7 chosen according to BIC

All model information printed to results/tree/PGC_crtD/PGC_crtD.model.gz
CPU time for ModelFinder: 106298.153 seconds (29h:31m:38s)
Wall-clock time for ModelFinder: 106431.361 seconds (29h:33m:51s)
WARNING: States(s) N, D, Q, E, I, L, K, F, P, V rarely appear in alignment and may cause numerical problems

NOTE: 326 MB RAM (0 GB) is required!
Estimate model parameters (epsilon = 0.100)
1. Initial log-likelihood: -125970.310
Optimal log-likelihood: -125970.207
Site proportion and rates:  (0.215,0.028) (0.153,0.228) (0.155,0.605) (0.193,1.121) (0.185,1.830) (0.064,2.712) (0.036,3.810)
Parameters optimization took 1 rounds (29.773 sec)
Computing ML distances based on estimated model parameters...
Computing ML distances took 11.414393 sec (of wall-clock time) 11.413803 sec(of CPU time)
Computing RapidNJ tree took 0.009825 sec (of wall-clock time) 0.016943 sec (of CPU time)
Log-likelihood of RapidNJ tree: -126438.142
--------------------------------------------------------------------
|             INITIALIZING CANDIDATE TREE SET                      |
--------------------------------------------------------------------
Generating 98 parsimony trees... 36.203 second
Computing log-likelihood of 98 initial trees ... 203.214 seconds
Current best score: -125970.207

Do NNI search on 20 best initial trees
Estimate model parameters (epsilon = 0.100)
BETTER TREE FOUND at iteration 1: -125874.361
Estimate model parameters (epsilon = 0.100)
BETTER TREE FOUND at iteration 2: -125804.238
Estimate model parameters (epsilon = 0.100)
BETTER TREE FOUND at iteration 6: -125800.686
Iteration 10 / LogL: -125927.291 / Time: 0h:16m:18s
Iteration 20 / LogL: -125967.466 / Time: 0h:24m:54s
Finish initializing candidate tree set (20)
Current best tree score: -125800.686 / CPU time: 1433.565
Number of iterations: 20
--------------------------------------------------------------------
|               OPTIMIZING CANDIDATE TREE SET                      |
--------------------------------------------------------------------
Iteration 30 / LogL: -125815.004 / Time: 0h:33m:53s (1h:28m:49s left)
Estimate model parameters (epsilon = 0.100)
BETTER TREE FOUND at iteration 34: -125777.794
Estimate model parameters (epsilon = 0.100)
BETTER TREE FOUND at iteration 40: -125775.152
Iteration 40 / LogL: -125775.152 / Time: 0h:43m:49s (1h:52m:21s left)
Iteration 50 / LogL: -125802.378 / Time: 0h:52m:55s (1h:37m:13s left)
Iteration 60 / LogL: -125818.104 / Time: 1h:2m:7s (1h:24m:14s left)
Estimate model parameters (epsilon = 0.100)
BETTER TREE FOUND at iteration 62: -125771.642
Iteration 70 / LogL: -125798.453 / Time: 1h:12m:13s (1h:36m:17s left)
Iteration 80 / LogL: -125819.402 / Time: 1h:20m:54s (1h:23m:59s left)
Iteration 90 / LogL: -125779.533 / Time: 1h:29m:42s (1h:12m:34s left)
Iteration 100 / LogL: -125798.330 / Time: 1h:38m:45s (1h:1m:50s left)
Iteration 110 / LogL: -125809.496 / Time: 1h:50m:2s (0h:52m:29s left)
Iteration 120 / LogL: -125821.627 / Time: 2h:1m:33s (0h:42m:54s left)
Iteration 130 / LogL: -125776.312 / Time: 2h:13m:46s (0h:33m:11s left)
Iteration 140 / LogL: -125781.126 / Time: 2h:26m:11s (0h:23m:8s left)
Iteration 150 / LogL: -125792.631 / Time: 2h:37m:49s (0h:12m:42s left)
Iteration 160 / LogL: -125779.433 / Time: 2h:49m:54s (0h:2m:8s left)
TREE SEARCH COMPLETED AFTER 163 ITERATIONS / Time: 2h:53m:58s

--------------------------------------------------------------------
|                    FINALIZING TREE SEARCH                        |
--------------------------------------------------------------------
Performs final model parameters optimization
Estimate model parameters (epsilon = 0.010)
1. Initial log-likelihood: -125771.642
2. Current log-likelihood: -125771.600
3. Current log-likelihood: -125771.557
4. Current log-likelihood: -125771.513
5. Current log-likelihood: -125771.471
6. Current log-likelihood: -125771.433
7. Current log-likelihood: -125771.394
8. Current log-likelihood: -125771.361
9. Current log-likelihood: -125771.325
10. Current log-likelihood: -125771.290
11. Current log-likelihood: -125771.255
12. Current log-likelihood: -125771.221
13. Current log-likelihood: -125771.188
14. Current log-likelihood: -125771.157
15. Current log-likelihood: -125771.126
16. Current log-likelihood: -125771.109
17. Current log-likelihood: -125771.079
18. Current log-likelihood: -125771.065
19. Current log-likelihood: -125771.047
20. Current log-likelihood: -125771.032
21. Current log-likelihood: -125771.014
22. Current log-likelihood: -125770.986
23. Current log-likelihood: -125770.972
24. Current log-likelihood: -125770.956
25. Current log-likelihood: -125770.944
26. Current log-likelihood: -125770.929
27. Current log-likelihood: -125770.915
28. Current log-likelihood: -125770.900
29. Current log-likelihood: -125770.890
30. Current log-likelihood: -125770.875
31. Current log-likelihood: -125770.862
Optimal log-likelihood: -125770.846
Site proportion and rates:  (0.211,0.026) (0.156,0.224) (0.155,0.601) (0.186,1.107) (0.168,1.774) (0.073,2.424) (0.051,3.622)
Parameters optimization took 31 rounds (845.293 sec)
BEST SCORE FOUND : -125770.846
Total tree length: 32.689

Total number of iterations: 163
CPU time used for tree search: 10355.418 sec (2h:52m:35s)
Wall-clock time used for tree search: 10377.396 sec (2h:52m:57s)
Total CPU time used: 11259.562 sec (3h:7m:39s)
Total wall-clock time used: 11284.507 sec (3h:8m:4s)

Analysis results written to: 
  IQ-TREE report:                results/tree/PGC_crtD/PGC_crtD.iqtree
  Maximum-likelihood tree:       results/tree/PGC_crtD/PGC_crtD.treefile
  Likelihood distances:          results/tree/PGC_crtD/PGC_crtD.mldist
  Screen log file:               results/tree/PGC_crtD/PGC_crtD.log

Date and Time: Fri Jun 21 18:35:25 2024
