IQ-TREE multicore version 2.1.4-beta COVID-edition for Linux 64-bit built Jun 24 2021
Developed by Bui Quang Minh, James Barbetti, Nguyen Lam Tung,
Olga Chernomor, Heiko Schmidt, Dominik Schrempf, Michael Woodhams.

Host:    morrowind (AVX2, FMA3, 503 GB RAM)
Command: iqtree2 -s results/fasta_PGC/gene_trimmed/PGC_bchH_trim.phy -pre results/tree/PGC_bchH/PGC_bchH
Seed:    623284 (Using SPRNG - Scalable Parallel Random Number Generator)
Time:    Thu Jun 20 09:53:29 2024
Kernel:  AVX+FMA - 1 threads (128 CPU cores detected)

HINT: Use -nt option to specify number of threads because your CPU has 128 cores!
HINT: -nt AUTO will automatically determine the best number of threads to use.

Reading alignment file results/fasta_PGC/gene_trimmed/PGC_bchH_trim.phy ... Phylip format detected
Alignment most likely contains protein sequences
WARNING: 197 sites contain only gaps or ambiguous characters.
Alignment has 247 sequences with 3543 columns, 2694 distinct patterns
2255 parsimony-informative, 201 singleton sites, 1087 constant sites
                                              Gap/Ambiguity  Composition  p-value
   1  GCA_011765465.1_ASM1176546v1                   22.13%    passed     95.23%
   2  GCA_015693905.1_ASM1569390v1                   23.29%    passed     99.82%
   3  GCA_016745215.1_scaff03                        21.08%    passed     99.65%
   4  GCA_019285715.1_ASM1928571v1                   23.48%    passed     97.91%
   5  GCA_019739335.1_ASM1973933v1                   22.83%    passed    100.00%
   6  GCA_000013085.1_ASM1308v1                      21.37%    passed     99.88%
   7  GCA_000013365.1_ASM1336v1                      20.12%    passed     99.99%
   8  GCA_000013565.1_ASM1356v1                      23.23%    passed     97.60%
   9  GCA_000014045.1_ASM1404v1                      22.75%    passed     96.20%
  10  GCA_000015165.1_ASM1516v1                      24.33%    passed     98.11%
  11  GCA_000015585.1_ASM1558v1                      20.18%    passed     92.05%
  12  GCA_000016185.1_ASM1618v1                      21.17%    passed    100.00%
  13  GCA_000018145.1_ASM1814v1                      22.55%    passed     99.94%
  14  GCA_000018845.1_ASM1884v1                      22.35%    passed     81.21%
  15  GCA_000019365.1_ASM1936v1                      22.83%    failed      0.01%
  16  GCA_000019725.1_ASM1972v1                      22.58%    passed     62.71%
  17  GCA_000019945.1_ASM1994v1                      22.81%    passed     30.83%
  18  GCA_000020445.1_ASM2044v1                      19.93%    passed     95.50%
  19  GCA_000021005.1_ASM2100v1                      22.86%    passed     99.46%
  20  GCA_000021745.1_ASM2174v1                      20.80%    passed     95.38%
  21  GCA_000021845.1_ASM2184v1                      22.30%    passed     86.10%
  22  GCA_000021865.1_ASM2186v1                      22.97%    passed     99.16%
  23  GCA_000022685.1_ASM2268v1                      22.33%    passed     83.61%
  24  GCA_000025485.1_ASM2548v1                      20.49%    passed     99.28%
  25  GCA_000026145.1_ASM2614v1                      24.02%    passed     99.95%
  26  GCA_000083545.1_ASM8354v1                      22.38%    passed     72.27%
  27  GCA_000144605.1_ASM14460v1                     20.80%    passed    100.00%
  28  GCA_000154785.2_ASM15478v2                     22.47%    passed     93.09%
  29  GCA_000166055.1_ASM16605v1                     19.76%    passed     91.12%
  30  GCA_000195775.2_ASM19577v2                     19.93%    passed     95.55%
  31  GCA_000202835.1_ASM20283v1                     24.44%    failed      1.44%
  32  GCA_000224005.2_ASM22400v3                     20.49%    passed     98.38%
  33  GCA_000225955.1_ASM22595v1                     21.37%    passed     99.88%
  34  GCA_000227745.2_ASM22774v3                     20.69%    passed     99.99%
  35  GCA_000284255.1_ASM28425v1                     21.17%    passed    100.00%
  36  GCA_000284275.1_ASM28427v1                     20.63%    passed    100.00%
  37  GCA_000284415.1_ASM28441v2                     21.00%    passed     99.20%
  38  GCA_000327045.1_ASM32704v1                     22.33%    passed     35.63%
  39  GCA_000344805.1_ASM34480v1                     24.10%    passed     99.93%
  40  GCA_000364445.2_ASM36444v2                     22.38%    passed     73.65%
  41  GCA_000512205.2_ASM51220v2                     33.64%    passed     85.68%
  42  GCA_000590925.1_ASM59092v1                     22.81%    passed     95.52%
  43  GCA_000738435.1_ASM73843v1                     22.30%    failed      2.76%
  44  GCA_000757795.1_ASM75779v1                     22.50%    passed     70.28%
  45  GCA_000935025.1_ASM93502v1                     24.24%    passed     97.21%
  46  GCA_000973625.1_ASM97362v1                     19.16%    failed      0.02%
  47  GCA_001304795.1_ASM130479v1                    23.65%    passed    100.00%
  48  GCA_001402875.1_ASM140287v1                    21.00%    passed     99.99%
  49  GCA_001412535.1_ASM141253v1                    20.38%    passed     55.50%
  50  GCA_001412575.1_ASM141257v1                    19.73%    failed      0.16%
  51  GCA_001459775.1_Blastochloris_viridis_genome   21.00%    passed     99.99%
  52  GCA_001483865.1_ASM148386v1                    21.37%    passed     99.80%
  53  GCA_001542815.1_ASM154281v1                    22.44%    passed     73.96%
  54  GCA_001548015.1_ASM154801v1                    22.89%    passed     14.47%
  55  GCA_001548075.1_ASM154807v1                    22.58%    passed     99.46%
  56  GCA_001576595.1_ASM157659v1                    22.92%    passed     99.96%
  57  GCA_001633145.1_ASM163314v1                    22.64%    passed     99.53%
  58  GCA_001633165.1_ASM163316v1                    22.64%    passed     99.53%
  59  GCA_001663155.1_ASM166315v1                    22.30%    passed     91.93%
  60  GCA_001663175.1_ASM166317v1                    22.55%    passed    100.00%
  61  GCA_001685625.1_ASM168562v1                    22.92%    passed     99.96%
  62  GCA_001713355.1_ASM171335v1                    20.10%    passed     99.99%
  63  GCA_001713375.1_ASM171337v1                    20.58%    passed     99.84%
  64  GCA_001713435.1_ASM171343v1                    22.72%    passed    100.00%
  65  GCA_001713455.1_ASM171345v1                    21.06%    passed     99.99%
  66  GCA_001713475.1_ASM171347v1                    20.18%    passed     95.29%
  67  GCA_001719165.1_ASM171916v1                    22.18%    passed     99.15%
  68  GCA_001720465.1_ASM172046v1                    22.83%    passed    100.00%
  69  GCA_001854385.1_ASM185438v1                    22.50%    passed     64.90%
  70  GCA_001870665.2_ASM187066v2                    23.54%    passed    100.00%
  71  GCA_001886735.1_ASM188673v1                    23.34%    passed     99.32%
  72  GCA_001936175.1_ASM193617v1                    22.47%    passed     72.57%
  73  GCA_001955735.1_ASM195573v1                    20.52%    passed      6.25%
  74  GCA_001969365.1_ASM196936v1                    23.03%    passed     99.91%
  75  GCA_001971665.1_ASM197166v1                    22.30%    passed     80.62%
  76  GCA_002002865.1_ASM200286v1                    21.34%    passed     99.86%
  77  GCA_002073975.1_ASM207397v1                    22.58%    passed     99.56%
  78  GCA_002079305.1_ASM207930v1                    22.21%    passed     73.08%
  79  GCA_002080415.1_ASM208041v1                    23.79%    passed     98.50%
  80  GCA_002117815.2_ASM211781v2                    22.38%    passed     83.59%
  81  GCA_002158905.1_ASM215890v1                    22.95%    passed     89.53%
  82  GCA_002266435.2_ASM226643v2                    20.58%    passed    100.00%
  83  GCA_002355515.1_ASM235551v1                    22.44%    passed     45.05%
  84  GCA_002407205.1_ASM240720v1                    22.81%    passed     98.82%
  85  GCA_002706325.1_ASM270632v1                    22.92%    passed     99.96%
  86  GCA_002813775.1_ASM281377v1                    21.56%    passed    100.00%
  87  GCA_002868735.1_ASM286873v1                    21.06%    passed    100.00%
  88  GCA_002952215.1_ASM295221v1                    22.52%    passed    100.00%
  89  GCA_002983865.1_ASM298386v1                    22.75%    passed     96.20%
  90  GCA_003031245.1_ASM303124v1                    19.90%    passed     94.41%
  91  GCA_003031265.1_ASM303126v1                    19.90%    passed     95.12%
  92  GCA_003065365.1_ASM306536v1                    19.39%    passed     32.05%
  93  GCA_003071405.1_ASM307140v1                    23.40%    passed    100.00%
  94  GCA_003173735.1_ASM317373v1                    23.06%    failed      2.78%
  95  GCA_003173755.1_ASM317375v1                    23.06%    failed      4.01%
  96  GCA_003173775.1_ASM317377v1                    22.97%    passed      6.06%
  97  GCA_003254375.1_ASM325437v1                    22.47%    passed     67.58%
  98  GCA_003264115.1_ASM326411v1                    21.93%    passed     99.21%
  99  GCA_003288315.1_ASM328831v1                    23.79%    passed     98.79%
 100  GCA_003324715.1_ASM332471v1                    22.92%    passed     99.96%
 101  GCA_003352165.1_ASM335216v1                    24.22%    passed     90.56%
 102  GCA_003429265.1_ASM342926v1                    22.78%    passed     98.62%
 103  GCA_003431825.1_ASM343182v1                    22.66%    passed    100.00%
 104  GCA_003855495.1_ASM385549v1                    20.38%    passed    100.00%
 105  GCA_003940805.1_ASM394080v1                    24.08%    passed     92.95%
 106  GCA_003952725.1_ASM395272v1                    21.28%    passed     99.16%
 107  GCA_003966715.1_ASM396671v1                    21.06%    passed     99.94%
 108  GCA_004114955.1_ASM411495v1                    23.85%    passed    100.00%
 109  GCA_004136295.1_ASM413629v1                    21.56%    passed     98.07%
 110  GCA_004216475.1_ASM421647v1                    22.75%    passed     98.92%
 111  GCA_004331955.1_ASM433195v1                    20.72%    passed     99.99%
 112  GCA_004354345.1_ASM435434v1                    21.93%    passed     90.96%
 113  GCA_005311585.1_ASM531158v1                    22.89%    passed     99.93%
 114  GCA_005860795.2_ASM586079v2                    20.04%    passed     81.77%
 115  GCA_006542605.1_ASM654260v1                    22.58%    passed    100.00%
 116  GCA_006740745.1_ASM674074v1                    22.75%    passed     26.88%
 117  GCA_007005445.1_ASM700544v1                    19.95%    passed     97.74%
 118  GCA_007290395.1_ASM729039v1                    20.72%    passed    100.00%
 119  GCA_007954425.1_ASM795442v1                    23.71%    passed    100.00%
 120  GCA_008000895.1_ASM800089v1                    22.24%    passed     94.33%
 121  GCA_008000915.1_ASM800091v1                    20.12%    passed     85.95%
 122  GCA_008728195.1_ASM872819v1                    23.54%    passed     96.45%
 123  GCA_008843145.1_ASM884314v1                    21.73%    passed     99.62%
 124  GCA_009363255.1_ASM936325v1                    23.14%    passed    100.00%
 125  GCA_009363495.1_ASM936349v1                    23.14%    passed    100.00%
 126  GCA_009363575.1_ASM936357v1                    23.43%    passed    100.00%
 127  GCA_009363615.1_ASM936361v1                    23.06%    passed     99.97%
 128  GCA_009363635.1_ASM936363v1                    23.00%    passed     99.96%
 129  GCA_009363655.1_ASM936365v1                    23.00%    passed     99.95%
 130  GCA_009363715.1_ASM936371v1                    23.06%    passed     99.88%
 131  GCA_009363735.1_ASM936373v1                    23.00%    passed     99.96%
 132  GCA_009363795.1_ASM936379v1                    23.71%    passed     99.97%
 133  GCA_009650195.1_ASM965019v1                    20.12%    passed     93.35%
 134  GCA_009664085.1_ASM966408v1                    21.00%    passed    100.00%
 135  GCA_009685175.1_ASM968517v1                    20.43%    passed    100.00%
 136  GCA_009707465.1_ASM970746v1                    23.57%    passed     99.96%
 137  GCA_009762325.1_ASM976232v1                    23.17%    passed     99.58%
 138  GCA_009797665.1_ASM979766v1                    22.92%    passed     99.96%
 139  GCA_009859815.1_ASM985981v1                    20.69%    passed    100.00%
 140  GCA_009913435.1_ASM991343v1                    23.91%    passed     99.52%
 141  GCA_010104355.1_ASM1010435v1                   20.69%    passed    100.00%
 142  GCA_011040475.1_ASM1104047v1                   23.68%    passed     99.94%
 143  GCA_011044255.1_ASM1104425v1                   24.08%    passed     99.93%
 144  GCA_011047315.1_ASM1104731v1                   22.78%    passed     99.04%
 145  GCA_011290485.1_ASM1129048v1                   20.66%    passed     99.01%
 146  GCA_011388215.1_ASM1138821v1                   23.29%    failed      0.37%
 147  GCA_012647365.1_ASM1264736v1                   22.92%    passed     99.96%
 148  GCA_012932215.1_ASM1293221v1                   23.43%    passed    100.00%
 149  GCA_013170845.1_ASM1317084v1                   20.75%    passed     92.05%
 150  GCA_013307245.1_ASM1330724v1                   19.50%    failed      0.00%
 151  GCA_013374095.1_ASM1337409v1                   21.48%    passed    100.00%
 152  GCA_013378075.1_ASM1337807v1                   22.21%    passed     99.68%
 153  GCA_013415845.1_ASM1341584v1                   19.93%    passed     96.12%
 154  GCA_014117445.1_ASM1411744v1                   24.50%    passed      6.59%
 155  GCA_014495845.1_ASM1449584v1                   22.30%    passed     80.40%
 156  GCA_014622665.1_ASM1462266v1                   23.00%    passed     99.67%
 157  GCA_014681765.1_ASM1468176v1                   23.62%    passed     99.97%
 158  GCA_015679265.1_ASM1567926v1                   24.02%    passed     76.65%
 159  GCA_016584445.1_ASM1658444v1                   19.93%    passed     95.55%
 160  GCA_016653635.2_ASM1665363v2                   21.99%    passed     93.31%
 161  GCA_016765655.2_ASM1676565v2                   21.82%    passed     98.25%
 162  GCA_016806065.1_ASM1680606v1                   20.12%    passed     94.55%
 163  GCA_016806835.2_ASM1680683v2                   21.73%    passed     98.94%
 164  GCA_016839165.1_ASM1683916v1                   20.60%    passed    100.00%
 165  GCA_017347565.1_ASM1734756v1                   22.95%    passed     14.83%
 166  GCA_017498565.1_ASM1749856v1                   21.70%    passed     71.44%
 167  GCA_017795885.1_ASM1779588v1                   20.89%    passed    100.00%
 168  GCA_018200035.1_ASM1820003v1                   23.79%    passed     97.48%
 169  GCA_018205975.1_ASM1820597v1                   23.26%    passed    100.00%
 170  GCA_018399035.1_ASM1839903v1                   21.03%    passed     99.99%
 171  GCA_018409545.1_ASM1840954v1                   20.46%    passed     99.28%
 172  GCA_018687415.1_ASM1868741v1                   19.00%    failed      0.10%
 173  GCA_018687475.1_ASM1868747v1                   18.97%    failed      0.14%
 174  GCA_018687675.1_ASM1868767v1                   19.45%    failed      0.03%
 175  GCA_018688155.1_ASM1868815v1                   18.97%    failed      0.05%
 176  GCA_018688255.1_ASM1868825v1                   19.16%    failed      0.02%
 177  GCA_018982885.2_ASM1898288v2                   21.11%    passed     97.78%
 178  GCA_019134555.1_ASM1913455v1                   21.37%    passed     99.88%
 179  GCA_019203965.1_ASM1920396v1                   23.68%    passed     17.55%
 180  GCA_019431245.1_ASM1943124v1                   21.11%    passed     94.35%
 181  GCA_019443285.1_ASM1944328v1                   22.13%    passed     96.90%
 182  GCA_019623905.1_ASM1962390v1                   24.13%    passed     98.29%
 183  GCA_019904235.1_ASM1990423v1                   21.68%    passed     96.00%
 184  GCA_019973775.1_ASM1997377v1                   21.34%    passed     93.68%
 185  GCA_020866845.1_ASM2086684v1                   21.28%    passed     99.94%
 186  GCA_021088345.1_ASM2108834v1                   24.16%    passed     98.74%
 187  GCA_021117295.1_ASM2111729v1                   22.41%    passed     70.00%
 188  GCA_021228015.1_ASM2122801v1                   23.06%    failed      3.96%
 189  GCA_021228795.1_ASM2122879v1                   21.00%    passed    100.00%
 190  GCA_021391315.1_ASM2139131v1                   22.78%    passed     98.62%
 191  GCA_021391535.1_ASM2139153v1                   22.18%    passed     82.82%
 192  GCA_021398735.1_ASM2139873v1                   22.18%    passed     95.65%
 193  GCA_021431965.1_ASM2143196v1                   23.57%    passed    100.00%
 194  GCA_021484845.1_ASM2148484v1                   22.50%    passed     73.36%
 195  GCA_022227035.1_ASM2222703v1                   22.78%    passed     98.80%
 196  GCA_022370455.1_ASM2237045v1                   20.38%    passed    100.00%
 197  GCA_022410435.1_ASM2241043v1                   24.84%    failed      0.47%
 198  GCA_022533465.1_ASM2253346v1                   22.86%    passed     22.07%
 199  GCA_022558965.1_ASM2255896v1                   24.47%    failed      1.67%
 200  GCA_022846615.1_ASM2284661v1                   23.37%    passed     81.40%
 201  GCA_023243115.1_ASM2324311v1                   23.12%    passed     99.74%
 202  GCA_023380025.1_ASM2338002v1                   24.89%    passed     70.96%
 203  GCA_023546765.1_ASM2354676v1                   22.30%    passed     79.57%
 204  GCA_023558335.1_ASM2355833v1                   22.55%    passed     99.94%
 205  GCA_023558355.1_ASM2355835v1                   22.55%    passed     99.94%
 206  GCA_023573145.1_ASM2357314v1                   22.33%    failed      1.04%
 207  GCA_023823125.1_ASM2382312v1                   22.64%    passed     99.89%
 208  GCA_024496245.1_ASM2449624v1                   23.03%    passed     99.95%
 209  GCA_024758705.1_ASM2475870v1                   21.82%    passed     99.91%
 210  GCA_024758725.1_ASM2475872v1                   23.31%    passed     99.99%
 211  GCA_025141175.1_ASM2514117v1                   25.29%    failed      2.02%
 212  GCA_025141935.1_ASM2514193v1                   23.17%    passed     98.85%
 213  GCA_025398155.2_ASM2539815v2                   21.17%    passed     99.53%
 214  GCA_025811355.1_ASM2581135v1                   19.90%    passed     94.41%
 215  GCA_025811435.1_ASM2581143v1                   19.90%    passed     94.05%
 216  GCA_025813715.1_ASM2581371v1                   22.41%    passed     62.55%
 217  GCA_025917005.1_ASM2591700v1                   22.50%    passed     99.99%
 218  GCA_026122595.1_ASM2612259v1                   22.38%    passed     70.81%
 219  GCA_026122615.1_ASM2612261v1                   22.38%    passed     74.24%
 220  GCA_026167525.1_ASM2616752v1                   23.79%    passed     99.90%
 221  GCA_026167545.1_ASM2616754v1                   22.97%    passed     99.86%
 222  GCA_026625025.1_ASM2662502v1                   19.93%    passed     95.55%
 223  GCA_027271155.1_ASM2727115v1                   20.80%    passed    100.00%
 224  GCA_027886585.1_ASM2788658v1                   21.48%    passed    100.00%
 225  GCA_027912195.1_ASM2791219v1                   19.93%    passed     95.98%
 226  GCA_027943985.1_ASM2794398v1                   18.23%    failed      0.00%
 227  GCA_027944005.1_ASM2794400v1                   18.23%    failed      0.00%
 228  GCA_028621955.1_ASM2862195v1                   22.66%    passed    100.00%
 229  GCA_028885395.1_ASM2888539v1                   23.43%    passed     93.42%
 230  GCA_029277405.1_ASM2927740v1                   22.95%    passed     99.16%
 231  GCA_029581395.1_ASM2958139v1                   23.65%    passed     99.99%
 232  GCA_029691625.1_ASM2969162v1                   22.47%    passed     67.58%
 233  GCA_029714205.1_ASM2971420v1                   22.83%    failed      0.01%
 234  GCA_029761955.1_ASM2976195v1                   22.83%    passed     16.14%
 235  GCA_030062705.1_ASM3006270v1                   22.35%    passed     79.18%
 236  GCA_030252425.1_ASM3025242v1                   24.13%    passed     80.59%
 237  GCA_030255395.1_ASM3025539v1                   22.35%    passed     81.21%
 238  GCA_030297555.1_ASM3029755v1                   18.97%    failed      0.22%
 239  GCA_030297575.1_ASM3029757v1                   18.85%    failed      0.06%
 240  GCA_030297595.1_ASM3029759v1                   18.91%    failed      0.08%
 241  GCA_030297615.1_ASM3029761v1                   18.97%    failed      0.21%
 242  GCA_030297635.1_ASM3029763v1                   18.85%    failed      0.06%
 243  GCA_030297655.1_ASM3029765v1                   18.88%    failed      0.15%
 244  GCA_030297675.1_ASM3029767v1                   18.88%    failed      0.15%
 245  GCA_900176205.1_BRAD285_PRJEB202261_v1         24.05%    passed     99.93%
 246  GCA_901457705.2_RHAL1_v2                       21.22%    passed     81.07%
 247  GCA_937425535.1_Rhodovastum_atsumiense_G2-11   23.17%    passed     45.21%
****  TOTAL                                          22.07%  29 sequences failed composition chi2 test (p-value<5%; df=19)
NOTE: GCA_000225955.1_ASM22595v1 is identical to GCA_000013085.1_ASM1308v1 but kept for subsequent analysis
NOTE: GCA_002983865.1_ASM298386v1 is identical to GCA_000014045.1_ASM1404v1 but kept for subsequent analysis
NOTE: GCA_023558335.1_ASM2355833v1 is identical to GCA_000018145.1_ASM1814v1 but kept for subsequent analysis
NOTE: GCA_030255395.1_ASM3025539v1 is identical to GCA_000018845.1_ASM1884v1 but kept for subsequent analysis
NOTE: GCA_029714205.1_ASM2971420v1 is identical to GCA_000019365.1_ASM1936v1 but kept for subsequent analysis
NOTE: GCA_016584445.1_ASM1658444v1 is identical to GCA_000195775.2_ASM19577v2 but kept for subsequent analysis
NOTE: GCA_001459775.1_Blastochloris_viridis_genome is identical to GCA_001402875.1_ASM140287v1 but kept for subsequent analysis
NOTE: GCA_001685625.1_ASM168562v1 is identical to GCA_001576595.1_ASM157659v1 but kept for subsequent analysis
NOTE: GCA_001633165.1_ASM163316v1 is identical to GCA_001633145.1_ASM163314v1 but kept for subsequent analysis
NOTE: GCA_025811355.1_ASM2581135v1 is identical to GCA_003031245.1_ASM303124v1 but kept for subsequent analysis
NOTE: GCA_029691625.1_ASM2969162v1 is identical to GCA_003254375.1_ASM325437v1 but kept for subsequent analysis
NOTE: GCA_021391315.1_ASM2139131v1 is identical to GCA_003429265.1_ASM342926v1 but kept for subsequent analysis
NOTE: GCA_009363495.1_ASM936349v1 is identical to GCA_009363255.1_ASM936325v1 but kept for subsequent analysis
NOTE: GCA_010104355.1_ASM1010435v1 is identical to GCA_009859815.1_ASM985981v1 but kept for subsequent analysis
NOTE: GCA_027944005.1_ASM2794400v1 is identical to GCA_027943985.1_ASM2794398v1 but kept for subsequent analysis
NOTE: GCA_030297675.1_ASM3029767v1 is identical to GCA_030297655.1_ASM3029765v1 but kept for subsequent analysis
NOTE: 7 identical sequences (see below) will be ignored for subsequent analysis
NOTE: GCA_019134555.1_ASM1913455v1 (identical to GCA_000013085.1_ASM1308v1) is ignored but added at the end
NOTE: GCA_023558355.1_ASM2355835v1 (identical to GCA_000018145.1_ASM1814v1) is ignored but added at the end
NOTE: GCA_026625025.1_ASM2662502v1 (identical to GCA_000195775.2_ASM19577v2) is ignored but added at the end
NOTE: GCA_002706325.1_ASM270632v1 (identical to GCA_001576595.1_ASM157659v1) is ignored but added at the end
NOTE: GCA_003324715.1_ASM332471v1 (identical to GCA_001576595.1_ASM157659v1) is ignored but added at the end
NOTE: GCA_009797665.1_ASM979766v1 (identical to GCA_001576595.1_ASM157659v1) is ignored but added at the end
NOTE: GCA_012647365.1_ASM1264736v1 (identical to GCA_001576595.1_ASM157659v1) is ignored but added at the end
Alignment was printed to results/tree/PGC_bchH/PGC_bchH.uniqueseq.phy

For your convenience alignment with unique sequences printed to results/tree/PGC_bchH/PGC_bchH.uniqueseq.phy


Create initial parsimony tree by phylogenetic likelihood library (PLL)... 0.646 seconds
Perform fast likelihood tree search using LG+I+G model...
Estimate model parameters (epsilon = 5.000)
Perform nearest neighbor interchange...
Estimate model parameters (epsilon = 1.000)
1. Initial log-likelihood: -260014.858
Optimal log-likelihood: -260014.797
Proportion of invariable sites: 0.224
Gamma shape alpha: 0.918
Parameters optimization took 1 rounds (10.583 sec)
Time for fast ML tree search: 114.227 seconds

NOTE: ModelFinder requires 1007 MB RAM!
ModelFinder will test up to 702 protein models (sample size: 3543) ...
 No. Model         -LnL         df  AIC          AICc         BIC
  1  LG            285277.338   477 571508.677   571657.457   574453.069
  2  LG+I          273636.773   478 548229.547   548379.000   551180.111
  3  LG+G4         260587.599   478 522131.199   522280.652   525081.763
  4  LG+I+G4       260014.798   479 520987.595   521137.723   523944.333
  5  LG+R2         264911.587   479 530781.173   530931.300   533737.910
  6  LG+R3         261301.645   481 523565.290   523716.772   526534.373
  7  LG+R4         260266.758   483 521499.516   521652.358   524480.944
  8  LG+R5         259785.560   485 520541.120   520695.330   523534.893
  9  LG+R6         259681.544   487 520337.087   520492.672   523343.206
 10  LG+R7         259605.073   489 520188.146   520345.113   523206.611
 11  LG+R8         259586.601   491 520155.202   520313.558   523186.012
 12  LG+R9         259576.303   493 520138.606   520298.358   523181.761
 13  LG+R10        259561.300   495 520112.599   520273.755   523168.100
 26  LG+F+R10      212534.366   514 426096.733   426271.574   429269.515
 39  WAG+R10       258842.969   495 518675.938   518837.093   521731.439
 52  WAG+F+R10     212796.372   514 426620.745   426795.586   429793.527
 65  JTT+R10       265375.782   495 531741.565   531902.720   534797.066
 78  JTT+F+R10     222727.398   514 446482.796   446657.637   449655.579
 91  Q.pfam+R10    259716.757   495 520423.514   520584.670   523479.015
104  Q.pfam+F+R10  213701.822   514 428431.644   428606.485   431604.426
117  Q.bird+R10    279015.321   495 559020.642   559181.797   562076.143
130  Q.bird+F+R10  238358.285   514 477744.571   477919.412   480917.353
143  Q.mammal+R10  274155.500   495 549301.000   549462.155   552356.501
156  Q.mammal+F+R10 231928.939   514 464885.879   465060.720   468058.662
169  Q.insect+R10  266098.521   495 533187.043   533348.198   536242.543
182  Q.insect+F+R10 215791.830   514 432611.661   432786.502   435784.443
195  Q.plant+R10   278069.171   495 557128.341   557289.496   560183.842
208  Q.plant+F+R10 229780.899   514 460589.798   460764.639   463762.580
221  Q.yeast+R10   270049.022   495 541088.045   541249.200   544143.546
234  Q.yeast+F+R10 216097.300   514 433222.599   433397.440   436395.382
247  JTTDCMut+R10  264616.729   495 530223.457   530384.612   533278.958
260  JTTDCMut+F+R10 222147.124   514 445322.249   445497.090   448495.031
273  DCMut+R10     281029.700   495 563049.399   563210.555   566104.900
286  DCMut+F+R10   236889.006   514 474806.013   474980.854   477978.795
299  VT+R10        259728.773   495 520447.547   520608.702   523503.048
312  VT+F+R10      211407.698   514 423843.396   424018.238   427016.179
325  PMB+R10       254132.133   495 509254.267   509415.422   512309.768
338  PMB+F+R10     209876.594   514 420781.187   420956.029   423953.970
351  Blosum62+R10  254016.963   495 509023.925   509185.080   512079.426
364  Blosum62+F+R10 208409.853   514 417847.706   418022.548   421020.489
377  Dayhoff+R10   281008.523   495 563007.045   563168.200   566062.546
390  Dayhoff+F+R10 236910.791   514 474849.582   475024.423   478022.365
403  mtREV+R10     278208.522   495 557407.045   557568.200   560462.546
416  mtREV+F+R10   227750.110   514 456528.219   456703.061   459701.002
429  mtART+R10     276544.279   495 554078.559   554239.714   557134.060
442  mtART+F+R10   220994.895   514 443017.791   443192.632   446190.574
455  mtZOA+R10     261787.120   495 524564.240   524725.395   527619.741
468  mtZOA+F+R10   216294.260   514 433616.519   433791.361   436789.302
481  mtMet+R10     274210.620   495 549411.241   549572.396   552466.742
494  mtMet+F+R10   224498.208   514 450024.415   450199.257   453197.198
507  mtVer+R10     279571.153   495 560132.305   560293.461   563187.806
520  mtVer+F+R10   233722.761   514 468473.521   468648.363   471646.304
533  mtInv+R10     270055.267   495 541100.535   541261.690   544156.036
546  mtInv+F+R10   216122.481   514 433272.963   433447.804   436445.745
559  mtMAM+R10     306428.107   495 613846.215   614007.370   616901.716
572  mtMAM+F+R10   256387.416   514 513802.832   513977.674   516975.615
585  HIVb+R10      292373.916   495 585737.831   585898.986   588793.332
598  HIVb+F+R10    244532.562   514 490093.125   490267.966   493265.908
611  HIVw+R10      326683.952   495 654357.904   654519.059   657413.405
624  HIVw+F+R10    262677.664   514 526383.329   526558.170   529556.111
637  FLU+R10       301278.391   495 603546.782   603707.937   606602.283
650  FLU+F+R10     243104.087   514 487236.174   487411.015   490408.956
663  rtREV+R10     258576.573   495 518143.146   518304.301   521198.647
676  rtREV+F+R10   213548.329   514 428124.657   428299.499   431297.440
689  cpREV+R10     264982.884   495 530955.769   531116.924   534011.269
702  cpREV+F+R10   217085.480   514 435198.960   435373.802   438371.743
Akaike Information Criterion:           Blosum62+F+R10
Corrected Akaike Information Criterion: Blosum62+F+R10
Bayesian Information Criterion:         Blosum62+F+R10
Best-fit model: Blosum62+F+R10 chosen according to BIC

All model information printed to results/tree/PGC_bchH/PGC_bchH.model.gz
CPU time for ModelFinder: 257913.029 seconds (71h:38m:33s)
Wall-clock time for ModelFinder: 258739.858 seconds (71h:52m:19s)
WARNING: States(s) N, D, Q, E, I, L, K, F, P, V rarely appear in alignment and may cause numerical problems

NOTE: 1007 MB RAM (0 GB) is required!
Estimate model parameters (epsilon = 0.100)
1. Initial log-likelihood: -208409.853
Optimal log-likelihood: -208409.733
Site proportion and rates:  (0.290,0.015) (0.066,0.156) (0.049,0.159) (0.087,0.394) (0.073,0.642) (0.133,1.036) (0.105,1.621) (0.132,2.454) (0.053,3.780) (0.011,5.667)
Parameters optimization took 1 rounds (44.564 sec)
Computing ML distances based on estimated model parameters...
Computing ML distances took 15.235715 sec (of wall-clock time) 15.230854 sec(of CPU time)
Computing RapidNJ tree took 0.012917 sec (of wall-clock time) 0.023069 sec (of CPU time)
Log-likelihood of RapidNJ tree: -209060.787
--------------------------------------------------------------------
|             INITIALIZING CANDIDATE TREE SET                      |
--------------------------------------------------------------------
Generating 98 parsimony trees... 56.935 second
Computing log-likelihood of 98 initial trees ... 587.192 seconds
Current best score: -208409.733

Do NNI search on 20 best initial trees
Estimate model parameters (epsilon = 0.100)
BETTER TREE FOUND at iteration 1: -208301.086
Estimate model parameters (epsilon = 0.100)
BETTER TREE FOUND at iteration 2: -208225.043
Estimate model parameters (epsilon = 0.100)
BETTER TREE FOUND at iteration 9: -208214.198
Iteration 10 / LogL: -208253.944 / Time: 0h:54m:9s
Iteration 20 / LogL: -208254.703 / Time: 1h:17m:16s
Finish initializing candidate tree set (20)
Current best tree score: -208214.198 / CPU time: 4485.408
Number of iterations: 20
--------------------------------------------------------------------
|               OPTIMIZING CANDIDATE TREE SET                      |
--------------------------------------------------------------------
Iteration 30 / LogL: -208228.437 / Time: 1h:43m:22s (4h:41m:35s left)
Iteration 40 / LogL: -208246.300 / Time: 2h:8m:25s (3h:47m:13s left)
Iteration 50 / LogL: -208228.292 / Time: 2h:33m:30s (3h:4m:50s left)
Estimate model parameters (epsilon = 0.100)
BETTER TREE FOUND at iteration 54: -208211.701
Iteration 60 / LogL: -208214.290 / Time: 3h:2m:48s (4h:51m:15s left)
Estimate model parameters (epsilon = 0.100)
BETTER TREE FOUND at iteration 61: -208211.122
Estimate model parameters (epsilon = 0.100)
BETTER TREE FOUND at iteration 62: -208205.910
Estimate model parameters (epsilon = 0.100)
BETTER TREE FOUND at iteration 66: -208203.756
Iteration 70 / LogL: -208266.155 / Time: 3h:35m:27s (4h:59m:46s left)
Iteration 80 / LogL: -208217.286 / Time: 4h:1m:28s (4h:22m:52s left)
Iteration 90 / LogL: -208368.728 / Time: 4h:26m:2s (3h:47m:10s left)
Iteration 100 / LogL: -208219.431 / Time: 4h:51m:36s (3h:14m:24s left)
Estimate model parameters (epsilon = 0.100)
BETTER TREE FOUND at iteration 102: -208203.400
Iteration 110 / LogL: -208292.949 / Time: 5h:17m:43s (4h:28m:10s left)
Estimate model parameters (epsilon = 0.100)
BETTER TREE FOUND at iteration 115: -208200.247
Iteration 120 / LogL: -208211.469 / Time: 5h:46m:13s (4h:36m:23s left)
Iteration 130 / LogL: -208354.130 / Time: 6h:10m:55s (4h:4m:24s left)
Iteration 140 / LogL: -208231.954 / Time: 6h:37m:10s (3h:34m:18s left)
Iteration 150 / LogL: -208215.857 / Time: 7h:1m:25s (3h:3m:50s left)
Iteration 160 / LogL: -208208.147 / Time: 7h:24m:37s (2h:33m:48s left)
Iteration 170 / LogL: -208239.222 / Time: 7h:50m:33s (2h:5m:17s left)
Estimate model parameters (epsilon = 0.100)
BETTER TREE FOUND at iteration 175: -208199.380
Iteration 180 / LogL: -208307.631 / Time: 8h:17m:40s (4h:24m:7s left)
Iteration 190 / LogL: -208205.155 / Time: 8h:43m:33s (3h:55m:27s left)
Iteration 200 / LogL: -208597.640 / Time: 9h:8m:22s (3h:26m:40s left)
Iteration 210 / LogL: -208204.881 / Time: 9h:32m:49s (2h:58m:9s left)
Iteration 220 / LogL: -208203.743 / Time: 9h:57m:15s (2h:29m:59s left)
Iteration 230 / LogL: -208248.578 / Time: 10h:20m:37s (2h:1m:57s left)
Iteration 240 / LogL: -208224.249 / Time: 10h:45m:12s (1h:34m:29s left)
Iteration 250 / LogL: -208229.665 / Time: 11h:10m:34s (1h:7m:19s left)
Iteration 260 / LogL: -208222.993 / Time: 11h:35m:40s (0h:40m:17s left)
Iteration 270 / LogL: -208232.789 / Time: 12h:0m:27s (0h:13m:23s left)
TREE SEARCH COMPLETED AFTER 276 ITERATIONS / Time: 12h:13m:31s

--------------------------------------------------------------------
|                    FINALIZING TREE SEARCH                        |
--------------------------------------------------------------------
Performs final model parameters optimization
Estimate model parameters (epsilon = 0.010)
1. Initial log-likelihood: -208199.380
2. Current log-likelihood: -208199.357
3. Current log-likelihood: -208199.322
4. Current log-likelihood: -208199.290
5. Current log-likelihood: -208199.262
6. Current log-likelihood: -208199.246
7. Current log-likelihood: -208199.229
8. Current log-likelihood: -208199.213
9. Current log-likelihood: -208199.190
10. Current log-likelihood: -208199.175
11. Current log-likelihood: -208199.162
12. Current log-likelihood: -208199.139
13. Current log-likelihood: -208199.123
Optimal log-likelihood: -208199.107
Site proportion and rates:  (0.286,0.014) (0.067,0.151) (0.049,0.151) (0.108,0.407) (0.049,0.688) (0.121,0.975) (0.113,1.530) (0.138,2.404) (0.056,3.735) (0.013,5.520)
Parameters optimization took 13 rounds (599.987 sec)
BEST SCORE FOUND : -208199.107
Total tree length: 19.421

Total number of iterations: 276
CPU time used for tree search: 43744.669 sec (12h:9m:4s)
Wall-clock time used for tree search: 43860.272 sec (12h:11m:0s)
Total CPU time used: 44494.488 sec (12h:21m:34s)
Total wall-clock time used: 44612.896 sec (12h:23m:32s)

Analysis results written to: 
  IQ-TREE report:                results/tree/PGC_bchH/PGC_bchH.iqtree
  Maximum-likelihood tree:       results/tree/PGC_bchH/PGC_bchH.treefile
  Likelihood distances:          results/tree/PGC_bchH/PGC_bchH.mldist
  Screen log file:               results/tree/PGC_bchH/PGC_bchH.log

Date and Time: Sun Jun 23 22:09:22 2024
