IQ-TREE multicore version 2.1.4-beta COVID-edition for Linux 64-bit built Jun 24 2021
Developed by Bui Quang Minh, James Barbetti, Nguyen Lam Tung,
Olga Chernomor, Heiko Schmidt, Dominik Schrempf, Michael Woodhams.

Host:    morrowind (AVX2, FMA3, 503 GB RAM)
Command: iqtree2 -s results/fasta_PGC/gene_trimmed/PGC_pufL_trim.phy -pre results/tree/PGC_pufL/PGC_pufL
Seed:    607922 (Using SPRNG - Scalable Parallel Random Number Generator)
Time:    Thu Jun 20 09:53:29 2024
Kernel:  AVX+FMA - 1 threads (128 CPU cores detected)

HINT: Use -nt option to specify number of threads because your CPU has 128 cores!
HINT: -nt AUTO will automatically determine the best number of threads to use.

Reading alignment file results/fasta_PGC/gene_trimmed/PGC_pufL_trim.phy ... Phylip format detected
Alignment most likely contains protein sequences
WARNING: 61 sites contain only gaps or ambiguous characters.
Alignment has 253 sequences with 792 columns, 549 distinct patterns
404 parsimony-informative, 72 singleton sites, 316 constant sites
                                              Gap/Ambiguity  Composition  p-value
   1  GCA_011765465.1_ASM1176546v1                   18.81%    passed    100.00%
   2  GCA_015693905.1_ASM1569390v1                   19.70%    passed    100.00%
   3  GCA_016745215.1_scaff03                        18.43%    passed    100.00%
   4  GCA_019285715.1_ASM1928571v1                   18.94%    passed    100.00%
   5  GCA_019739335.1_ASM1973933v1                   19.70%    passed    100.00%
   6  GCF_000013085.1_ASM1308v1                      19.07%    passed    100.00%
   7  GCF_000013365.1_ASM1336v1                      19.07%    passed    100.00%
   8  GCF_000013565.1_ASM1356v1                      18.56%    passed    100.00%
   9  GCF_000014045.1_ASM1404v1                      18.81%    passed    100.00%
  10  GCF_000015165.1_ASM1516v1                      18.43%    passed    100.00%
  11  GCF_000015585.1_ASM1558v1                      19.19%    passed    100.00%
  12  GCF_000016185.1_ASM1618v1                      18.81%    passed    100.00%
  13  GCF_000018145.1_ASM1814v1                      18.81%    passed    100.00%
  14  GCF_000018845.1_ASM1884v1                      19.07%    passed    100.00%
  15  GCF_000019365.1_ASM1936v1                      19.44%    passed    100.00%
  16  GCF_000019725.1_ASM1972v1                      19.32%    passed    100.00%
  17  GCF_000019945.1_ASM1994v1                      19.07%    passed    100.00%
  18  GCF_000020445.1_ASM2044v1                      18.81%    passed    100.00%
  19  GCF_000021005.1_ASM2100v1                      19.19%    passed    100.00%
  20  GCF_000021745.1_ASM2174v1                      18.56%    passed    100.00%
  21  GCF_000021845.1_ASM2184v1                      19.07%    passed    100.00%
  22  GCF_000021865.1_ASM2186v1                      18.81%    passed    100.00%
  23  GCF_000022685.1_ASM2268v1                      19.07%    passed    100.00%
  24  GCF_000025485.1_ASM2548v1                      18.43%    passed    100.00%
  25  GCF_000026145.1_ASM2614v1                      17.93%    passed    100.00%
  26  GCF_000083545.1_ASM8354v1                      19.07%    passed    100.00%
  27  GCF_000144605.1_ASM14460v1                     25.88%    passed    100.00%
  28  GCF_000154785.2_ASM15478v2                     18.94%    passed    100.00%
  29  GCF_000166055.1_ASM16605v1                     19.07%    passed    100.00%
  30  GCF_000195775.2_ASM19577v2                     18.81%    passed    100.00%
  31  GCF_000202835.1_ASM20283v1                     19.95%    passed    100.00%
  32  GCF_000224005.2_ASM22400v3                     19.19%    passed    100.00%
  33  GCF_000225955.1_ASM22595v1                     19.07%    passed    100.00%
  34  GCF_000227745.2_ASM22774v3                     19.07%    passed    100.00%
  35  GCF_000284255.1_ASM28425v1                     19.32%    passed    100.00%
  36  GCF_000284275.1_ASM28427v1                     18.18%    passed    100.00%
  37  GCF_000284415.1_ASM28441v2                     18.69%    passed    100.00%
  38  GCF_000327045.1_ASM32704v1                     17.93%    passed     98.92%
  39  GCF_000344805.1_ASM34480v1                     18.31%    passed    100.00%
  40  GCF_000364445.2_ASM36444v2                     18.81%    passed    100.00%
  41  GCF_000512205.2_ASM51220v2                     19.44%    passed    100.00%
  42  GCF_000590925.1_ASM59092v1                     18.81%    passed    100.00%
  43  GCF_000738435.1_ASM73843v1                     19.32%    passed    100.00%
  44  GCF_000757795.1_ASM75779v1                     19.57%    passed    100.00%
  45  GCF_000935025.1_ASM93502v1                     19.32%    passed    100.00%
  46  GCF_000973625.1_ASM97362v1                     19.07%    passed    100.00%
  47  GCF_001304795.1_ASM130479v1                    19.82%    passed    100.00%
  48  GCF_001402875.1_ASM140287v1                    18.56%    passed     99.98%
  49  GCF_001412535.1_ASM141253v1                    19.44%    passed     99.27%
  50  GCF_001412575.1_ASM141257v1                    18.81%    passed    100.00%
  51  GCF_001459775.1_Blastochloris_viridis_genome   18.56%    passed     99.98%
  52  GCF_001483865.1_ASM148386v1                    19.44%    passed    100.00%
  53  GCF_001542815.1_ASM154281v1                    19.19%    passed    100.00%
  54  GCF_001548015.1_ASM154801v1                    19.70%    passed    100.00%
  55  GCF_001548075.1_ASM154807v1                    18.56%    passed    100.00%
  56  GCF_001576595.1_ASM157659v1                    19.19%    passed    100.00%
  57  GCF_001632845.1_ASM163284v1                    19.19%    passed    100.00%
  58  GCF_001633145.1_ASM163314v1                    18.31%    passed    100.00%
  59  GCF_001633165.1_ASM163316v1                    18.31%    passed    100.00%
  60  GCF_001663155.1_ASM166315v1                    19.57%    passed    100.00%
  61  GCF_001663175.1_ASM166317v1                    18.81%    passed    100.00%
  62  GCF_001685625.1_ASM168562v1                    19.19%    passed    100.00%
  63  GCF_001713355.1_ASM171335v1                    20.20%    passed    100.00%
  64  GCF_001713375.1_ASM171337v1                    19.32%    passed    100.00%
  65  GCF_001713435.1_ASM171343v1                    19.44%    passed    100.00%
  66  GCF_001713455.1_ASM171345v1                    18.94%    passed    100.00%
  67  GCF_001713475.1_ASM171347v1                    19.44%    passed    100.00%
  68  GCF_001719165.1_ASM171916v1                    18.69%    passed    100.00%
  69  GCF_001720465.1_ASM172046v1                    19.44%    passed    100.00%
  70  GCF_001854385.1_ASM185438v1                    19.32%    passed    100.00%
  71  GCF_001870665.2_ASM187066v2                    19.57%    passed     99.81%
  72  GCF_001886735.1_ASM188673v1                    19.44%    passed    100.00%
  73  GCF_001936175.1_ASM193617v1                    19.57%    passed    100.00%
  74  GCF_001955735.1_ASM195573v1                    19.32%    passed    100.00%
  75  GCF_001969365.1_ASM196936v1                    18.81%    passed    100.00%
  76  GCF_001971665.1_ASM197166v1                    19.07%    passed    100.00%
  77  GCF_002002865.1_ASM200286v1                    19.07%    passed    100.00%
  78  GCF_002073975.1_ASM207397v1                    18.43%    passed    100.00%
  79  GCF_002079305.1_ASM207930v1                    18.94%    passed    100.00%
  80  GCF_002080415.1_ASM208041v1                    18.69%    passed    100.00%
  81  GCF_002117815.2_ASM211781v2                    19.07%    passed    100.00%
  82  GCF_002158905.1_ASM215890v1                    18.56%    passed    100.00%
  83  GCF_002266435.2_ASM226643v2                    18.18%    passed    100.00%
  84  GCF_002355515.1_ASM235551v1                    19.07%    passed    100.00%
  85  GCF_002407205.1_ASM240720v1                    19.70%    passed    100.00%
  86  GCF_002706325.1_ASM270632v1                    19.19%    passed    100.00%
  87  GCF_002813775.1_ASM281377v1                    18.81%    passed    100.00%
  88  GCF_002868735.1_ASM286873v1                    19.07%    passed    100.00%
  89  GCF_002952215.1_ASM295221v1                    19.19%    passed    100.00%
  90  GCF_002983865.1_ASM298386v1                    18.81%    passed    100.00%
  91  GCF_003031245.1_ASM303124v1                    18.94%    passed    100.00%
  92  GCF_003031265.1_ASM303126v1                    18.81%    passed    100.00%
  93  GCF_003065365.1_ASM306536v1                    18.81%    passed    100.00%
  94  GCF_003071405.1_ASM307140v1                    19.32%    passed    100.00%
  95  GCF_003173715.1_ASM317371v1                    18.94%    passed    100.00%
  96  GCF_003173735.1_ASM317373v1                    19.32%    passed    100.00%
  97  GCF_003173755.1_ASM317375v1                    19.57%    passed    100.00%
  98  GCF_003173775.1_ASM317377v1                    19.82%    passed    100.00%
  99  GCF_003254375.1_ASM325437v1                    19.57%    passed    100.00%
 100  GCF_003264115.1_ASM326411v1                    18.56%    passed    100.00%
 101  GCF_003288315.1_ASM328831v1                    18.69%    passed    100.00%
 102  GCF_003324715.1_ASM332471v1                    19.19%    passed    100.00%
 103  GCF_003352165.1_ASM335216v1                    19.32%    passed     97.71%
 104  GCF_003429265.1_ASM342926v1                    19.70%    passed    100.00%
 105  GCF_003431825.1_ASM343182v1                    19.44%    passed    100.00%
 106  GCF_003855495.1_ASM385549v1                    18.56%    passed    100.00%
 107  GCF_003940805.1_ASM394080v1                    18.81%    passed    100.00%
 108  GCF_003952725.1_ASM395272v1                    18.31%    passed     99.84%
 109  GCF_003966715.1_ASM396671v1                    18.43%    passed    100.00%
 110  GCF_004114955.1_ASM411495v1                    18.56%    passed     99.56%
 111  GCF_004136295.1_ASM413629v1                    19.70%    passed    100.00%
 112  GCF_004216475.1_ASM421647v1                    19.07%    passed    100.00%
 113  GCF_004331955.1_ASM433195v1                    18.94%    passed    100.00%
 114  GCF_004354345.1_ASM435434v1                    20.33%    passed     99.79%
 115  GCF_005311585.1_ASM531158v1                    19.19%    passed    100.00%
 116  GCF_005860795.2_ASM586079v2                    18.81%    passed    100.00%
 117  GCF_006542605.1_ASM654260v1                    19.07%    passed    100.00%
 118  GCF_006740745.1_ASM674074v1                    19.07%    passed    100.00%
 119  GCF_007005445.1_ASM700544v1                    18.81%    passed    100.00%
 120  GCF_007290395.1_ASM729039v1                    18.18%    passed    100.00%
 121  GCF_007954425.1_ASM795442v1                    19.57%    passed    100.00%
 122  GCF_008000895.1_ASM800089v1                    18.94%    passed    100.00%
 123  GCF_008000915.1_ASM800091v1                    19.19%    passed    100.00%
 124  GCF_008728195.1_ASM872819v1                    18.81%    passed    100.00%
 125  GCF_008843145.1_ASM884314v1                    19.32%    passed    100.00%
 126  GCF_008932115.1_ASM893211v1                    18.18%    passed    100.00%
 127  GCF_009363255.1_ASM936325v1                    18.43%    passed    100.00%
 128  GCF_009363495.1_ASM936349v1                    18.43%    passed    100.00%
 129  GCF_009363575.1_ASM936357v1                    18.31%    passed    100.00%
 130  GCF_009363615.1_ASM936361v1                    18.43%    passed    100.00%
 131  GCF_009363635.1_ASM936363v1                    18.06%    passed    100.00%
 132  GCF_009363655.1_ASM936365v1                    19.07%    passed    100.00%
 133  GCF_009363715.1_ASM936371v1                    19.07%    passed    100.00%
 134  GCF_009363735.1_ASM936373v1                    19.07%    passed    100.00%
 135  GCF_009363795.1_ASM936379v1                    18.56%    passed    100.00%
 136  GCF_009650195.1_ASM965019v1                    19.44%    passed    100.00%
 137  GCF_009664085.1_ASM966408v1                    18.94%    passed    100.00%
 138  GCF_009685175.1_ASM968517v1                    18.56%    passed    100.00%
 139  GCF_009707465.1_ASM970746v1                    19.44%    passed    100.00%
 140  GCF_009762325.1_ASM976232v1                    18.81%    passed    100.00%
 141  GCF_009797665.1_ASM979766v1                    19.19%    passed    100.00%
 142  GCF_009859815.1_ASM985981v1                    19.32%    passed     99.96%
 143  GCF_009913435.1_ASM991343v1                    19.70%    passed    100.00%
 144  GCF_010104355.1_ASM1010435v1                   19.32%    passed     99.96%
 145  GCF_011040475.1_ASM1104047v1                   19.32%    passed    100.00%
 146  GCF_011044255.1_ASM1104425v1                   19.70%    passed     99.98%
 147  GCF_011047315.1_ASM1104731v1                   19.19%    passed    100.00%
 148  GCF_011290485.1_ASM1129048v1                   18.81%    passed     99.92%
 149  GCF_011388215.1_ASM1138821v1                   19.82%    passed     99.97%
 150  GCF_012647365.1_ASM1264736v1                   19.19%    passed    100.00%
 151  GCF_012932215.1_ASM1293221v1                   18.69%    passed    100.00%
 152  GCF_013170845.1_ASM1317084v1                   18.18%    passed     99.12%
 153  GCF_013307245.1_ASM1330724v1                   19.07%    passed    100.00%
 154  GCF_013374095.1_ASM1337409v1                   19.57%    passed    100.00%
 155  GCF_013378075.1_ASM1337807v1                   18.69%    passed    100.00%
 156  GCF_013415845.1_ASM1341584v1                   18.81%    passed    100.00%
 157  GCF_014117445.1_ASM1411744v1                   19.70%    passed    100.00%
 158  GCF_014495845.1_ASM1449584v1                   18.69%    passed     99.99%
 159  GCF_014622665.1_ASM1462266v1                   18.81%    passed    100.00%
 160  GCF_014681765.1_ASM1468176v1                   19.57%    passed     99.98%
 161  GCF_015679265.1_ASM1567926v1                   19.32%    passed    100.00%
 162  GCF_016584445.1_ASM1658444v1                   18.81%    passed    100.00%
 163  GCF_016653635.2_ASM1665363v2                   19.19%    passed    100.00%
 164  GCF_016765655.2_ASM1676565v2                   19.32%    passed    100.00%
 165  GCF_016806065.1_ASM1680606v1                   19.32%    passed    100.00%
 166  GCF_016806835.2_ASM1680683v2                   19.32%    passed    100.00%
 167  GCF_016839165.1_ASM1683916v1                   18.31%    passed    100.00%
 168  GCF_017347565.1_ASM1734756v1                   19.70%    passed    100.00%
 169  GCF_017498565.1_ASM1749856v1                   17.68%    passed    100.00%
 170  GCF_017795885.1_ASM1779588v1                   19.82%    passed    100.00%
 171  GCF_018200035.1_ASM1820003v1                   19.07%    passed    100.00%
 172  GCF_018205975.1_ASM1820597v1                   18.81%    passed    100.00%
 173  GCF_018399035.1_ASM1839903v1                   18.94%    passed    100.00%
 174  GCF_018409545.1_ASM1840954v1                   18.56%    passed    100.00%
 175  GCF_018687415.1_ASM1868741v1                   19.32%    passed    100.00%
 176  GCF_018687475.1_ASM1868747v1                   19.07%    passed    100.00%
 177  GCF_018687675.1_ASM1868767v1                   19.19%    passed    100.00%
 178  GCF_018688155.1_ASM1868815v1                   19.70%    passed    100.00%
 179  GCF_018688255.1_ASM1868825v1                   19.07%    passed    100.00%
 180  GCF_018982885.2_ASM1898288v2                   18.81%    passed    100.00%
 181  GCF_019134555.1_ASM1913455v1                   19.07%    passed    100.00%
 182  GCF_019203965.1_ASM1920396v1                   18.94%    passed    100.00%
 183  GCF_019431245.1_ASM1943124v1                   18.81%    passed    100.00%
 184  GCF_019443285.1_ASM1944328v1                   19.07%    passed    100.00%
 185  GCF_019623905.1_ASM1962390v1                   18.81%    passed    100.00%
 186  GCF_019904235.1_ASM1990423v1                   18.69%    passed    100.00%
 187  GCF_019973775.1_ASM1997377v1                   18.69%    passed    100.00%
 188  GCF_020866845.1_ASM2086684v1                   19.44%    passed     99.74%
 189  GCF_021088345.1_ASM2108834v1                   18.31%    passed    100.00%
 190  GCF_021117295.1_ASM2111729v1                   19.07%    passed    100.00%
 191  GCF_021228015.1_ASM2122801v1                   19.95%    passed    100.00%
 192  GCF_021228795.1_ASM2122879v1                   18.94%    passed    100.00%
 193  GCF_021391315.1_ASM2139131v1                   19.70%    passed    100.00%
 194  GCF_021391535.1_ASM2139153v1                   18.43%    passed    100.00%
 195  GCF_021398735.1_ASM2139873v1                   19.32%    passed    100.00%
 196  GCF_021431965.1_ASM2143196v1                   18.43%    passed    100.00%
 197  GCF_021484845.1_ASM2148484v1                   19.32%    passed    100.00%
 198  GCF_022227035.1_ASM2222703v1                   19.70%    passed    100.00%
 199  GCF_022370455.1_ASM2237045v1                   18.43%    passed    100.00%
 200  GCF_022410435.1_ASM2241043v1                   19.07%    passed     99.82%
 201  GCF_022533465.1_ASM2253346v1                   19.19%    passed    100.00%
 202  GCF_022558965.1_ASM2255896v1                   19.95%    passed    100.00%
 203  GCF_022846615.1_ASM2284661v1                   18.94%    passed    100.00%
 204  GCF_023243115.1_ASM2324311v1                   18.31%    passed    100.00%
 205  GCF_023380025.1_ASM2338002v1                   19.57%    passed    100.00%
 206  GCF_023546765.1_ASM2354676v1                   18.81%    passed    100.00%
 207  GCF_023558335.1_ASM2355833v1                   18.81%    passed    100.00%
 208  GCF_023558355.1_ASM2355835v1                   18.81%    passed    100.00%
 209  GCF_023573145.1_ASM2357314v1                   19.57%    passed    100.00%
 210  GCF_023823125.1_ASM2382312v1                   18.94%    passed    100.00%
 211  GCF_024496245.1_ASM2449624v1                   19.57%    passed    100.00%
 212  GCF_024758705.1_ASM2475870v1                   19.32%    passed    100.00%
 213  GCF_024758725.1_ASM2475872v1                   19.07%    passed    100.00%
 214  GCF_025141175.1_ASM2514117v1                   18.69%    passed     99.98%
 215  GCF_025141935.1_ASM2514193v1                   18.94%    passed    100.00%
 216  GCF_025398155.2_ASM2539815v2                   19.44%    passed    100.00%
 217  GCF_025811215.1_ASM2581121v1                   18.94%    passed    100.00%
 218  GCF_025811355.1_ASM2581135v1                   18.94%    passed    100.00%
 219  GCF_025811435.1_ASM2581143v1                   18.94%    passed    100.00%
 220  GCF_025813715.1_ASM2581371v1                   19.82%    passed    100.00%
 221  GCF_025917005.1_ASM2591700v1                   19.19%    passed    100.00%
 222  GCF_026122595.1_ASM2612259v1                   19.07%    passed    100.00%
 223  GCF_026122615.1_ASM2612261v1                   19.07%    passed    100.00%
 224  GCF_026167525.1_ASM2616752v1                   19.57%    passed    100.00%
 225  GCF_026167545.1_ASM2616754v1                   19.57%    passed    100.00%
 226  GCF_026625025.1_ASM2662502v1                   18.81%    passed    100.00%
 227  GCF_026898155.1_ASM2689815v1                   18.31%    passed    100.00%
 228  GCF_027271155.1_ASM2727115v1                   19.57%    passed    100.00%
 229  GCF_027886585.1_ASM2788658v1                   18.81%    passed     99.96%
 230  GCF_027912195.1_ASM2791219v1                   18.81%    passed    100.00%
 231  GCF_027943985.1_ASM2794398v1                   18.94%    passed    100.00%
 232  GCF_027944005.1_ASM2794400v1                   18.94%    passed    100.00%
 233  GCF_028621955.1_ASM2862195v1                   18.94%    passed    100.00%
 234  GCF_028885395.1_ASM2888539v1                   18.81%    passed    100.00%
 235  GCF_029277405.1_ASM2927740v1                   18.81%    passed    100.00%
 236  GCF_029581395.1_ASM2958139v1                   19.70%    passed     99.72%
 237  GCF_029691625.1_ASM2969162v1                   19.57%    passed    100.00%
 238  GCF_029714205.1_ASM2971420v1                   19.44%    passed    100.00%
 239  GCF_029761955.1_ASM2976195v1                   19.70%    passed    100.00%
 240  GCF_030062705.1_ASM3006270v1                   19.07%    passed    100.00%
 241  GCF_030252425.1_ASM3025242v1                   17.55%    passed     99.66%
 242  GCF_030255395.1_ASM3025539v1                   19.07%    passed    100.00%
 243  GCF_030297555.1_ASM3029755v1                   19.19%    passed    100.00%
 244  GCF_030297575.1_ASM3029757v1                   19.19%    passed    100.00%
 245  GCF_030297595.1_ASM3029759v1                   19.19%    passed    100.00%
 246  GCF_030297615.1_ASM3029761v1                   19.07%    passed    100.00%
 247  GCF_030297635.1_ASM3029763v1                   19.19%    passed    100.00%
 248  GCF_030297655.1_ASM3029765v1                   19.19%    passed    100.00%
 249  GCF_030297675.1_ASM3029767v1                   19.19%    passed    100.00%
 250  GCF_900176205.1_BRAD285_PRJEB202261_v1         18.56%    passed    100.00%
 251  GCF_900234795.1_TK0001_PRJEB23178_v1           19.07%    passed    100.00%
 252  GCF_901457705.2_RHAL1_v2                       18.94%    passed    100.00%
 253  GCF_937425535.1_Rhodovastum_atsumiense_G2-11   19.07%    passed    100.00%
****  TOTAL                                          19.07%  0 sequences failed composition chi2 test (p-value<5%; df=19)
NOTE: GCF_000225955.1_ASM22595v1 is identical to GCF_000013085.1_ASM1308v1 but kept for subsequent analysis
NOTE: GCF_002983865.1_ASM298386v1 is identical to GCF_000014045.1_ASM1404v1 but kept for subsequent analysis
NOTE: GCF_023558335.1_ASM2355833v1 is identical to GCF_000018145.1_ASM1814v1 but kept for subsequent analysis
NOTE: GCF_000021845.1_ASM2184v1 is identical to GCF_000018845.1_ASM1884v1 but kept for subsequent analysis
NOTE: GCF_029714205.1_ASM2971420v1 is identical to GCF_000019365.1_ASM1936v1 but kept for subsequent analysis
NOTE: GCF_001854385.1_ASM185438v1 is identical to GCF_000019725.1_ASM1972v1 but kept for subsequent analysis
NOTE: GCF_006740745.1_ASM674074v1 is identical to GCF_000019945.1_ASM1994v1 but kept for subsequent analysis
NOTE: GCF_000195775.2_ASM19577v2 is identical to GCF_000020445.1_ASM2044v1 but kept for subsequent analysis
NOTE: GCF_001576595.1_ASM157659v1 is identical to GCF_000021005.1_ASM2100v1 but kept for subsequent analysis
NOTE: GCF_022558965.1_ASM2255896v1 is identical to GCF_000202835.1_ASM20283v1 but kept for subsequent analysis
NOTE: GCF_007290395.1_ASM729039v1 is identical to GCF_000284275.1_ASM28427v1 but kept for subsequent analysis
NOTE: GCF_001936175.1_ASM193617v1 is identical to GCF_000757795.1_ASM75779v1 but kept for subsequent analysis
NOTE: GCF_001459775.1_Blastochloris_viridis_genome is identical to GCF_001402875.1_ASM140287v1 but kept for subsequent analysis
NOTE: GCF_001633165.1_ASM163316v1 is identical to GCF_001633145.1_ASM163314v1 but kept for subsequent analysis
NOTE: GCF_003431825.1_ASM343182v1 is identical to GCF_001713435.1_ASM171343v1 but kept for subsequent analysis
NOTE: GCF_009650195.1_ASM965019v1 is identical to GCF_001713475.1_ASM171347v1 but kept for subsequent analysis
NOTE: GCF_003288315.1_ASM328831v1 is identical to GCF_002080415.1_ASM208041v1 but kept for subsequent analysis
NOTE: GCF_025811215.1_ASM2581121v1 is identical to GCF_003031245.1_ASM303124v1 but kept for subsequent analysis
NOTE: GCF_021391315.1_ASM2139131v1 is identical to GCF_003429265.1_ASM342926v1 but kept for subsequent analysis
NOTE: GCF_009363495.1_ASM936349v1 is identical to GCF_009363255.1_ASM936325v1 but kept for subsequent analysis
NOTE: GCF_009363735.1_ASM936373v1 is identical to GCF_009363655.1_ASM936365v1 but kept for subsequent analysis
NOTE: GCF_010104355.1_ASM1010435v1 is identical to GCF_009859815.1_ASM985981v1 but kept for subsequent analysis
NOTE: GCF_029277405.1_ASM2927740v1 is identical to GCF_014622665.1_ASM1462266v1 but kept for subsequent analysis
NOTE: GCF_016806835.2_ASM1680683v2 is identical to GCF_016765655.2_ASM1676565v2 but kept for subsequent analysis
NOTE: GCF_029761955.1_ASM2976195v1 is identical to GCF_017347565.1_ASM1734756v1 but kept for subsequent analysis
NOTE: GCF_030297615.1_ASM3029761v1 is identical to GCF_018687475.1_ASM1868747v1 but kept for subsequent analysis
NOTE: GCF_019431245.1_ASM1943124v1 is identical to GCF_018982885.2_ASM1898288v2 but kept for subsequent analysis
NOTE: GCF_027944005.1_ASM2794400v1 is identical to GCF_027943985.1_ASM2794398v1 but kept for subsequent analysis
NOTE: GCF_030297595.1_ASM3029759v1 is identical to GCF_030297575.1_ASM3029757v1 but kept for subsequent analysis
NOTE: 29 identical sequences (see below) will be ignored for subsequent analysis
NOTE: GCF_019134555.1_ASM1913455v1 (identical to GCF_000013085.1_ASM1308v1) is ignored but added at the end
NOTE: GCF_023558355.1_ASM2355835v1 (identical to GCF_000018145.1_ASM1814v1) is ignored but added at the end
NOTE: GCF_000022685.1_ASM2268v1 (identical to GCF_000018845.1_ASM1884v1) is ignored but added at the end
NOTE: GCF_000083545.1_ASM8354v1 (identical to GCF_000018845.1_ASM1884v1) is ignored but added at the end
NOTE: GCF_001971665.1_ASM197166v1 (identical to GCF_000018845.1_ASM1884v1) is ignored but added at the end
NOTE: GCF_002117815.2_ASM211781v2 (identical to GCF_000018845.1_ASM1884v1) is ignored but added at the end
NOTE: GCF_026122595.1_ASM2612259v1 (identical to GCF_000018845.1_ASM1884v1) is ignored but added at the end
NOTE: GCF_026122615.1_ASM2612261v1 (identical to GCF_000018845.1_ASM1884v1) is ignored but added at the end
NOTE: GCF_030255395.1_ASM3025539v1 (identical to GCF_000018845.1_ASM1884v1) is ignored but added at the end
NOTE: GCF_900234795.1_TK0001_PRJEB23178_v1 (identical to GCF_000018845.1_ASM1884v1) is ignored but added at the end
NOTE: GCF_021484845.1_ASM2148484v1 (identical to GCF_000019725.1_ASM1972v1) is ignored but added at the end
NOTE: GCF_003031265.1_ASM303126v1 (identical to GCF_000020445.1_ASM2044v1) is ignored but added at the end
NOTE: GCF_013415845.1_ASM1341584v1 (identical to GCF_000020445.1_ASM2044v1) is ignored but added at the end
NOTE: GCF_016584445.1_ASM1658444v1 (identical to GCF_000020445.1_ASM2044v1) is ignored but added at the end
NOTE: GCF_026625025.1_ASM2662502v1 (identical to GCF_000020445.1_ASM2044v1) is ignored but added at the end
NOTE: GCF_027912195.1_ASM2791219v1 (identical to GCF_000020445.1_ASM2044v1) is ignored but added at the end
NOTE: GCF_001685625.1_ASM168562v1 (identical to GCF_000021005.1_ASM2100v1) is ignored but added at the end
NOTE: GCF_002706325.1_ASM270632v1 (identical to GCF_000021005.1_ASM2100v1) is ignored but added at the end
NOTE: GCF_003324715.1_ASM332471v1 (identical to GCF_000021005.1_ASM2100v1) is ignored but added at the end
NOTE: GCF_009797665.1_ASM979766v1 (identical to GCF_000021005.1_ASM2100v1) is ignored but added at the end
NOTE: GCF_012647365.1_ASM1264736v1 (identical to GCF_000021005.1_ASM2100v1) is ignored but added at the end
NOTE: GCF_003254375.1_ASM325437v1 (identical to GCF_000757795.1_ASM75779v1) is ignored but added at the end
NOTE: GCF_029691625.1_ASM2969162v1 (identical to GCF_000757795.1_ASM75779v1) is ignored but added at the end
NOTE: GCF_025811355.1_ASM2581135v1 (identical to GCF_003031245.1_ASM303124v1) is ignored but added at the end
NOTE: GCF_025811435.1_ASM2581143v1 (identical to GCF_003031245.1_ASM303124v1) is ignored but added at the end
NOTE: GCF_022227035.1_ASM2222703v1 (identical to GCF_003429265.1_ASM342926v1) is ignored but added at the end
NOTE: GCF_030297635.1_ASM3029763v1 (identical to GCF_030297575.1_ASM3029757v1) is ignored but added at the end
NOTE: GCF_030297655.1_ASM3029765v1 (identical to GCF_030297575.1_ASM3029757v1) is ignored but added at the end
NOTE: GCF_030297675.1_ASM3029767v1 (identical to GCF_030297575.1_ASM3029757v1) is ignored but added at the end
Alignment was printed to results/tree/PGC_pufL/PGC_pufL.uniqueseq.phy

For your convenience alignment with unique sequences printed to results/tree/PGC_pufL/PGC_pufL.uniqueseq.phy


Create initial parsimony tree by phylogenetic likelihood library (PLL)... 0.141 seconds
Perform fast likelihood tree search using LG+I+G model...
Estimate model parameters (epsilon = 5.000)
Perform nearest neighbor interchange...
Estimate model parameters (epsilon = 1.000)
1. Initial log-likelihood: -34726.072
2. Current log-likelihood: -34724.754
Optimal log-likelihood: -34724.561
Proportion of invariable sites: 0.281
Gamma shape alpha: 0.761
Parameters optimization took 2 rounds (5.281 sec)
Time for fast ML tree search: 25.417 seconds

NOTE: ModelFinder requires 197 MB RAM!
ModelFinder will test up to 702 protein models (sample size: 792) ...
 No. Model         -LnL         df  AIC          AICc         BIC
  1  LG            38374.980    445 77639.960    78787.186    79720.140
  2  LG+I          36752.821    446 74397.643    75553.365    76482.497
  3  LG+G4         34811.032    446 70514.064    71669.786    72598.918
  4  LG+I+G4       34724.525    447 70343.051    71507.330    72432.580
  5  LG+R2         35379.011    447 71652.023    72816.302    73741.552
  6  LG+R3         34806.169    449 70510.337    71691.916    72609.215
  7  LG+R4         34701.319    451 70304.637    71503.766    72412.864
  8  LG+R5         34667.307    453 70240.613    71457.548    72358.190
  9  LG+R6         34647.137    455 70204.274    71439.274    72331.199
 10  LG+R7         34647.136    457 70208.272    71461.602    72344.547
 22  LG+F+R6       28645.830    474 58239.660    59660.165    60455.402
 35  WAG+R6        34075.303    455 69060.607    70295.607    71187.532
 48  WAG+F+R6      28384.249    474 57716.499    59137.003    59932.241
 61  JTT+R6        34672.777    455 70255.554    71490.554    72382.479
 74  JTT+F+R6      29477.726    474 59903.451    61323.956    62119.193
 87  Q.pfam+R6     34445.207    455 69800.414    71035.414    71927.339
100  Q.pfam+F+R6   28637.041    474 58222.081    59642.586    60437.823
113  Q.bird+R6     36641.600    455 74193.199    75428.199    76320.125
126  Q.bird+F+R6   31763.555    474 64475.110    65895.615    66690.852
139  Q.mammal+R6   35867.325    455 72644.650    73879.650    74771.575
152  Q.mammal+F+R6 30763.859    474 62475.718    63896.223    64691.460
165  Q.insect+R6   35112.994    455 71135.988    72370.988    73262.914
178  Q.insect+F+R6 28761.356    474 58470.712    59891.217    60686.455
191  Q.plant+R6    36807.130    455 74524.260    75759.260    76651.185
204  Q.plant+F+R6  30858.721    474 62665.443    64085.948    64881.185
217  Q.yeast+R6    35744.474    455 72398.948    73633.948    74525.873
230  Q.yeast+F+R6  29037.550    474 59023.100    60443.605    61238.842
243  JTTDCMut+R6   34646.790    455 70203.581    71438.581    72330.506
256  JTTDCMut+F+R6 29472.159    474 59892.319    61312.823    62108.061
269  DCMut+R6      36346.688    455 73603.376    74838.376    75730.302
282  DCMut+F+R6    31264.475    474 63476.950    64897.455    65692.692
295  VT+R6         34159.291    455 69228.582    70463.582    71355.507
308  VT+F+R6       28138.156    474 57224.312    58644.816    59440.054
321  PMB+R6        33388.798    455 67687.597    68922.597    69814.522
334  PMB+F+R6      27795.283    474 56538.567    57959.072    58754.309
347  Blosum62+R6   33367.851    455 67645.701    68880.701    69772.627
360  Blosum62+F+R6 27628.766    474 56205.532    57626.036    58421.274
373  Dayhoff+R6    36357.770    455 73625.539    74860.539    75752.465
386  Dayhoff+F+R6  31276.491    474 63500.983    64921.487    65716.725
399  mtREV+R6      36070.098    455 73050.195    74285.195    75177.121
412  mtREV+F+R6    30375.443    474 61698.886    63119.391    63914.629
425  mtART+R6      37030.998    455 74971.996    76206.996    77098.921
438  mtART+F+R6    30091.032    474 61130.063    62550.568    63345.805
451  mtZOA+R6      35141.541    455 71193.082    72428.082    73320.008
464  mtZOA+F+R6    29508.110    474 59964.220    61384.725    62179.962
477  mtMet+R6      36600.497    455 74110.995    75345.995    76237.920
490  mtMet+F+R6    30781.963    474 62511.927    63932.431    64727.669
503  mtVer+R6      37128.014    455 75166.027    76401.027    77292.953
516  mtVer+F+R6    31853.386    474 64654.772    66075.276    66870.514
529  mtInv+R6      36238.175    455 73386.351    74621.351    75513.276
542  mtInv+F+R6    29328.548    474 59605.096    61025.600    61820.838
555  mtMAM+R6      39807.314    455 80524.629    81759.629    82651.554
568  mtMAM+F+R6    34720.173    474 70388.345    71808.850    72604.087
581  HIVb+R6       37866.057    455 76642.115    77877.115    78769.040
594  HIVb+F+R6     32612.392    474 66172.784    67593.288    68388.526
607  HIVw+R6       41314.566    455 83539.132    84774.132    85666.057
620  HIVw+F+R6     35004.177    474 70956.354    72376.858    73172.096
633  FLU+R6        37798.216    455 76506.432    77741.432    78633.358
646  FLU+F+R6      31714.985    474 64377.969    65798.474    66593.711
659  rtREV+R6      34531.868    455 69973.736    71208.736    72100.662
672  rtREV+F+R6    28984.992    474 58917.984    60338.489    61133.726
685  cpREV+R6      35187.208    455 71284.416    72519.416    73411.342
698  cpREV+F+R6    29328.620    474 59605.241    61025.746    61820.983
Akaike Information Criterion:           Blosum62+F+R6
Corrected Akaike Information Criterion: Blosum62+F+R6
Bayesian Information Criterion:         Blosum62+F+R6
Best-fit model: Blosum62+F+R6 chosen according to BIC

All model information printed to results/tree/PGC_pufL/PGC_pufL.model.gz
CPU time for ModelFinder: 7281.479 seconds (2h:1m:21s)
Wall-clock time for ModelFinder: 7292.117 seconds (2h:1m:32s)
WARNING: States(s) N, D, Q, E, I, L, K, F, P, V rarely appear in alignment and may cause numerical problems

NOTE: 118 MB RAM (0 GB) is required!
Estimate model parameters (epsilon = 0.100)
1. Initial log-likelihood: -27628.766
Optimal log-likelihood: -27628.715
Site proportion and rates:  (0.398,0.041) (0.192,0.288) (0.148,0.937) (0.150,1.951) (0.091,3.802) (0.020,7.353)
Parameters optimization took 1 rounds (11.715 sec)
Computing ML distances based on estimated model parameters...
Computing ML distances took 9.071880 sec (of wall-clock time) 9.071424 sec(of CPU time)
Computing RapidNJ tree took 0.013927 sec (of wall-clock time) 0.026609 sec (of CPU time)
Log-likelihood of RapidNJ tree: -27869.772
--------------------------------------------------------------------
|             INITIALIZING CANDIDATE TREE SET                      |
--------------------------------------------------------------------
Generating 98 parsimony trees... 15.371 second
Computing log-likelihood of 98 initial trees ... 86.813 seconds
Current best score: -27567.228

Do NNI search on 20 best initial trees
Estimate model parameters (epsilon = 0.100)
BETTER TREE FOUND at iteration 1: -27487.476
Estimate model parameters (epsilon = 0.100)
BETTER TREE FOUND at iteration 2: -27469.610
Iteration 10 / LogL: -27503.044 / Time: 0h:6m:58s
Iteration 20 / LogL: -27508.856 / Time: 0h:10m:13s
Finish initializing candidate tree set (20)
Current best tree score: -27469.610 / CPU time: 583.221
Number of iterations: 20
--------------------------------------------------------------------
|               OPTIMIZING CANDIDATE TREE SET                      |
--------------------------------------------------------------------
Estimate model parameters (epsilon = 0.100)
BETTER TREE FOUND at iteration 22: -27463.227
Estimate model parameters (epsilon = 0.100)
BETTER TREE FOUND at iteration 24: -27462.085
Estimate model parameters (epsilon = 0.100)
BETTER TREE FOUND at iteration 26: -27456.397
Estimate model parameters (epsilon = 0.100)
BETTER TREE FOUND at iteration 30: -27430.361
Iteration 30 / LogL: -27430.361 / Time: 0h:15m:53s (0h:54m:46s left)
Estimate model parameters (epsilon = 0.100)
BETTER TREE FOUND at iteration 33: -27413.628
Estimate model parameters (epsilon = 0.100)
BETTER TREE FOUND at iteration 40: -27404.224
Iteration 40 / LogL: -27404.224 / Time: 0h:21m:0s (0h:53m:51s left)
Estimate model parameters (epsilon = 0.100)
BETTER TREE FOUND at iteration 44: -27403.466
Estimate model parameters (epsilon = 0.100)
BETTER TREE FOUND at iteration 46: -27402.349
Iteration 50 / LogL: -27428.481 / Time: 0h:25m:55s (0h:50m:48s left)
Estimate model parameters (epsilon = 0.100)
BETTER TREE FOUND at iteration 53: -27390.590
Iteration 60 / LogL: -27408.448 / Time: 0h:30m:14s (0h:47m:40s left)
Iteration 70 / LogL: -27424.658 / Time: 0h:34m:12s (0h:41m:8s left)
Iteration 80 / LogL: -27396.992 / Time: 0h:38m:10s (0h:35m:16s left)
Estimate model parameters (epsilon = 0.100)
BETTER TREE FOUND at iteration 89: -27376.350
Iteration 90 / LogL: -27409.685 / Time: 0h:42m:26s (0h:47m:12s left)
Estimate model parameters (epsilon = 0.100)
BETTER TREE FOUND at iteration 93: -27373.691
Iteration 100 / LogL: -27403.596 / Time: 0h:46m:38s (0h:43m:49s left)
Iteration 110 / LogL: -27407.539 / Time: 0h:50m:43s (0h:38m:37s left)
Estimate model parameters (epsilon = 0.100)
BETTER TREE FOUND at iteration 114: -27373.395
Estimate model parameters (epsilon = 0.100)
BETTER TREE FOUND at iteration 118: -27369.409
Iteration 120 / LogL: -27415.551 / Time: 0h:55m:35s (0h:45m:46s left)
Estimate model parameters (epsilon = 0.100)
BETTER TREE FOUND at iteration 121: -27365.226
Iteration 130 / LogL: -27384.255 / Time: 0h:59m:53s (0h:42m:15s left)
Estimate model parameters (epsilon = 0.100)
BETTER TREE FOUND at iteration 133: -27360.106
Iteration 140 / LogL: -27397.748 / Time: 1h:4m:12s (0h:42m:57s left)
Iteration 150 / LogL: -27387.073 / Time: 1h:8m:22s (0h:38m:5s left)
Iteration 160 / LogL: -27371.871 / Time: 1h:12m:8s (0h:33m:7s left)
Iteration 170 / LogL: -27537.286 / Time: 1h:16m:13s (0h:28m:24s left)
Iteration 180 / LogL: -27377.601 / Time: 1h:20m:5s (0h:23m:42s left)
Iteration 190 / LogL: -27480.182 / Time: 1h:24m:10s (0h:19m:9s left)
Iteration 200 / LogL: -27365.004 / Time: 1h:28m:5s (0h:14m:36s left)
Iteration 210 / LogL: -27373.954 / Time: 1h:31m:50s (0h:10m:6s left)
Iteration 220 / LogL: -27391.486 / Time: 1h:35m:44s (0h:5m:40s left)
Iteration 230 / LogL: -27401.233 / Time: 1h:39m:28s (0h:1m:18s left)
TREE SEARCH COMPLETED AFTER 234 ITERATIONS / Time: 1h:40m:57s

--------------------------------------------------------------------
|                    FINALIZING TREE SEARCH                        |
--------------------------------------------------------------------
Performs final model parameters optimization
Estimate model parameters (epsilon = 0.010)
1. Initial log-likelihood: -27360.106
2. Current log-likelihood: -27360.096
Optimal log-likelihood: -27360.080
Site proportion and rates:  (0.377,0.034) (0.197,0.255) (0.168,0.869) (0.146,1.984) (0.091,3.789) (0.021,7.551)
Parameters optimization took 2 rounds (17.905 sec)
BEST SCORE FOUND : -27360.080
Total tree length: 8.753

Total number of iterations: 234
CPU time used for tree search: 6015.135 sec (1h:40m:15s)
Wall-clock time used for tree search: 6027.105 sec (1h:40m:27s)
Total CPU time used: 6063.276 sec (1h:41m:3s)
Total wall-clock time used: 6075.294 sec (1h:41m:15s)

Analysis results written to: 
  IQ-TREE report:                results/tree/PGC_pufL/PGC_pufL.iqtree
  Maximum-likelihood tree:       results/tree/PGC_pufL/PGC_pufL.treefile
  Likelihood distances:          results/tree/PGC_pufL/PGC_pufL.mldist
  Screen log file:               results/tree/PGC_pufL/PGC_pufL.log

Date and Time: Thu Jun 20 13:36:17 2024
