IQ-TREE multicore version 2.1.4-beta COVID-edition for Linux 64-bit built Jun 24 2021
Developed by Bui Quang Minh, James Barbetti, Nguyen Lam Tung,
Olga Chernomor, Heiko Schmidt, Dominik Schrempf, Michael Woodhams.

Host:    morrowind (AVX2, FMA3, 503 GB RAM)
Command: iqtree2 -s results/fasta_PGC/gene_trimmed/PGC_pufM_trim.phy -pre results/tree/PGC_pufM/PGC_pufM
Seed:    592672 (Using SPRNG - Scalable Parallel Random Number Generator)
Time:    Thu Jun 20 09:53:29 2024
Kernel:  AVX+FMA - 1 threads (128 CPU cores detected)

HINT: Use -nt option to specify number of threads because your CPU has 128 cores!
HINT: -nt AUTO will automatically determine the best number of threads to use.

Reading alignment file results/fasta_PGC/gene_trimmed/PGC_pufM_trim.phy ... Phylip format detected
Alignment most likely contains protein sequences
WARNING: 59 sites contain only gaps or ambiguous characters.
Alignment has 253 sequences with 945 columns, 727 distinct patterns
588 parsimony-informative, 73 singleton sites, 284 constant sites
                                              Gap/Ambiguity  Composition  p-value
   1  GCA_011765465.1_ASM1176546v1                   22.75%    passed    100.00%
   2  GCA_015693905.1_ASM1569390v1                   18.84%    passed     99.79%
   3  GCA_016745215.1_scaff03                        19.26%    passed     97.01%
   4  GCA_019285715.1_ASM1928571v1                   20.32%    passed    100.00%
   5  GCA_019739335.1_ASM1973933v1                   20.42%    passed     99.95%
   6  GCF_000013085.1_ASM1308v1                      23.49%    passed    100.00%
   7  GCF_000013365.1_ASM1336v1                      22.86%    passed    100.00%
   8  GCF_000013565.1_ASM1356v1                      18.62%    passed     99.97%
   9  GCF_000014045.1_ASM1404v1                      18.31%    passed    100.00%
  10  GCF_000015165.1_ASM1516v1                      22.54%    passed    100.00%
  11  GCF_000015585.1_ASM1558v1                      19.79%    passed    100.00%
  12  GCF_000016185.1_ASM1618v1                      19.89%    passed    100.00%
  13  GCF_000018145.1_ASM1814v1                      18.73%    passed    100.00%
  14  GCF_000018845.1_ASM1884v1                      19.79%    passed    100.00%
  15  GCF_000019365.1_ASM1936v1                      20.21%    passed    100.00%
  16  GCF_000019725.1_ASM1972v1                      19.68%    passed    100.00%
  17  GCF_000019945.1_ASM1994v1                      19.68%    passed    100.00%
  18  GCF_000020445.1_ASM2044v1                      22.96%    passed    100.00%
  19  GCF_000021005.1_ASM2100v1                      22.86%    passed     99.37%
  20  GCF_000021745.1_ASM2174v1                      19.47%    passed     99.99%
  21  GCF_000021845.1_ASM2184v1                      19.58%    passed    100.00%
  22  GCF_000021865.1_ASM2186v1                      22.33%    passed    100.00%
  23  GCF_000022685.1_ASM2268v1                      19.68%    passed    100.00%
  24  GCF_000025485.1_ASM2548v1                      18.84%    passed     99.88%
  25  GCF_000026145.1_ASM2614v1                      22.54%    passed    100.00%
  26  GCF_000083545.1_ASM8354v1                      19.68%    passed    100.00%
  27  GCF_000144605.1_ASM14460v1                     23.49%    passed    100.00%
  28  GCF_000154785.2_ASM15478v2                     18.20%    passed     99.97%
  29  GCF_000166055.1_ASM16605v1                     19.68%    passed    100.00%
  30  GCF_000195775.2_ASM19577v2                     22.96%    passed    100.00%
  31  GCF_000202835.1_ASM20283v1                     20.42%    passed    100.00%
  32  GCF_000224005.2_ASM22400v3                     19.58%    passed    100.00%
  33  GCF_000225955.1_ASM22595v1                     23.49%    passed    100.00%
  34  GCF_000227745.2_ASM22774v3                     19.58%    passed     93.39%
  35  GCF_000284255.1_ASM28425v1                     20.11%    passed    100.00%
  36  GCF_000284275.1_ASM28427v1                     23.07%    passed    100.00%
  37  GCF_000284415.1_ASM28441v2                     20.85%    passed     99.21%
  38  GCF_000327045.1_ASM32704v1                     19.15%    passed     99.56%
  39  GCF_000344805.1_ASM34480v1                     22.96%    passed     99.99%
  40  GCF_000364445.2_ASM36444v2                     20.00%    passed    100.00%
  41  GCF_000512205.2_ASM51220v2                     20.11%    passed     99.96%
  42  GCF_000590925.1_ASM59092v1                     18.94%    passed     99.99%
  43  GCF_000738435.1_ASM73843v1                     23.17%    passed     99.15%
  44  GCF_000757795.1_ASM75779v1                     19.58%    passed    100.00%
  45  GCF_000935025.1_ASM93502v1                     20.42%    passed    100.00%
  46  GCF_000973625.1_ASM97362v1                     20.21%    passed    100.00%
  47  GCF_001304795.1_ASM130479v1                    22.22%    passed    100.00%
  48  GCF_001402875.1_ASM140287v1                    18.84%    passed    100.00%
  49  GCF_001412535.1_ASM141253v1                    20.11%    passed    100.00%
  50  GCF_001412575.1_ASM141257v1                    20.11%    passed    100.00%
  51  GCF_001459775.1_Blastochloris_viridis_genome   18.84%    passed    100.00%
  52  GCF_001483865.1_ASM148386v1                    20.63%    passed    100.00%
  53  GCF_001542815.1_ASM154281v1                    19.47%    passed    100.00%
  54  GCF_001548015.1_ASM154801v1                    19.79%    passed    100.00%
  55  GCF_001548075.1_ASM154807v1                    20.32%    passed    100.00%
  56  GCF_001576595.1_ASM157659v1                    22.86%    passed     99.37%
  57  GCF_001632845.1_ASM163284v1                    18.84%    passed     99.98%
  58  GCF_001633145.1_ASM163314v1                    20.21%    passed    100.00%
  59  GCF_001633165.1_ASM163316v1                    20.21%    passed    100.00%
  60  GCF_001663155.1_ASM166315v1                    19.58%    passed    100.00%
  61  GCF_001663175.1_ASM166317v1                    19.79%    passed     99.98%
  62  GCF_001685625.1_ASM168562v1                    22.86%    passed     99.37%
  63  GCF_001713355.1_ASM171335v1                    19.47%    passed    100.00%
  64  GCF_001713375.1_ASM171337v1                    20.95%    passed     99.99%
  65  GCF_001713435.1_ASM171343v1                    20.21%    passed    100.00%
  66  GCF_001713455.1_ASM171345v1                    20.11%    passed    100.00%
  67  GCF_001713475.1_ASM171347v1                    25.71%    passed    100.00%
  68  GCF_001719165.1_ASM171916v1                    22.65%    passed    100.00%
  69  GCF_001720465.1_ASM172046v1                    20.11%    passed    100.00%
  70  GCF_001854385.1_ASM185438v1                    19.68%    passed    100.00%
  71  GCF_001870665.2_ASM187066v2                    23.28%    passed     99.94%
  72  GCF_001886735.1_ASM188673v1                    22.86%    passed     99.86%
  73  GCF_001936175.1_ASM193617v1                    19.58%    passed    100.00%
  74  GCF_001955735.1_ASM195573v1                    20.21%    passed     99.94%
  75  GCF_001969365.1_ASM196936v1                    18.84%    passed     99.98%
  76  GCF_001971665.1_ASM197166v1                    19.68%    passed    100.00%
  77  GCF_002002865.1_ASM200286v1                    23.49%    passed    100.00%
  78  GCF_002073975.1_ASM207397v1                    19.89%    passed    100.00%
  79  GCF_002079305.1_ASM207930v1                    19.47%    passed    100.00%
  80  GCF_002080415.1_ASM208041v1                    18.73%    passed     99.99%
  81  GCF_002117815.2_ASM211781v2                    19.58%    passed    100.00%
  82  GCF_002158905.1_ASM215890v1                    23.07%    passed    100.00%
  83  GCF_002266435.2_ASM226643v2                    23.07%    passed    100.00%
  84  GCF_002355515.1_ASM235551v1                    20.11%    passed    100.00%
  85  GCF_002407205.1_ASM240720v1                    22.65%    passed     97.93%
  86  GCF_002706325.1_ASM270632v1                    22.86%    passed     99.37%
  87  GCF_002813775.1_ASM281377v1                    19.37%    passed     99.74%
  88  GCF_002868735.1_ASM286873v1                    20.53%    passed    100.00%
  89  GCF_002952215.1_ASM295221v1                    20.00%    passed     99.99%
  90  GCF_002983865.1_ASM298386v1                    18.31%    passed    100.00%
  91  GCF_003031245.1_ASM303124v1                    23.07%    passed    100.00%
  92  GCF_003031265.1_ASM303126v1                    23.07%    passed    100.00%
  93  GCF_003065365.1_ASM306536v1                    19.58%    passed    100.00%
  94  GCF_003071405.1_ASM307140v1                    22.75%    passed     99.88%
  95  GCF_003173715.1_ASM317371v1                    20.21%    passed    100.00%
  96  GCF_003173735.1_ASM317373v1                    20.11%    passed    100.00%
  97  GCF_003173755.1_ASM317375v1                    19.58%    passed    100.00%
  98  GCF_003173775.1_ASM317377v1                    19.89%    passed    100.00%
  99  GCF_003254375.1_ASM325437v1                    19.58%    passed    100.00%
 100  GCF_003264115.1_ASM326411v1                    22.33%    passed    100.00%
 101  GCF_003288315.1_ASM328831v1                    18.73%    passed     99.99%
 102  GCF_003324715.1_ASM332471v1                    22.86%    passed     99.37%
 103  GCF_003352165.1_ASM335216v1                    20.21%    passed     99.96%
 104  GCF_003429265.1_ASM342926v1                    22.54%    passed     99.90%
 105  GCF_003431825.1_ASM343182v1                    20.21%    passed    100.00%
 106  GCF_003855495.1_ASM385549v1                    19.47%    passed    100.00%
 107  GCF_003940805.1_ASM394080v1                    23.49%    passed     99.96%
 108  GCF_003952725.1_ASM395272v1                    20.11%    passed    100.00%
 109  GCF_003966715.1_ASM396671v1                    18.73%    passed    100.00%
 110  GCF_004114955.1_ASM411495v1                    22.86%    passed    100.00%
 111  GCF_004136295.1_ASM413629v1                    19.58%    passed     99.98%
 112  GCF_004216475.1_ASM421647v1                    18.31%    passed     99.81%
 113  GCF_004331955.1_ASM433195v1                    18.73%    passed     99.96%
 114  GCF_004354345.1_ASM435434v1                    20.11%    passed    100.00%
 115  GCF_005311585.1_ASM531158v1                    22.86%    passed     99.88%
 116  GCF_005860795.2_ASM586079v2                    25.19%    passed    100.00%
 117  GCF_006542605.1_ASM654260v1                    19.68%    passed    100.00%
 118  GCF_006740745.1_ASM674074v1                    19.89%    passed    100.00%
 119  GCF_007005445.1_ASM700544v1                    22.86%    passed    100.00%
 120  GCF_007290395.1_ASM729039v1                    23.07%    passed    100.00%
 121  GCF_007954425.1_ASM795442v1                    20.42%    passed    100.00%
 122  GCF_008000895.1_ASM800089v1                    19.89%    passed    100.00%
 123  GCF_008000915.1_ASM800091v1                    20.74%    passed    100.00%
 124  GCF_008728195.1_ASM872819v1                    18.20%    passed     99.97%
 125  GCF_008843145.1_ASM884314v1                    20.53%    passed     98.72%
 126  GCF_008932115.1_ASM893211v1                    22.96%    passed    100.00%
 127  GCF_009363255.1_ASM936325v1                    18.62%    passed     99.88%
 128  GCF_009363495.1_ASM936349v1                    18.62%    passed     99.88%
 129  GCF_009363575.1_ASM936357v1                    18.41%    passed     99.74%
 130  GCF_009363615.1_ASM936361v1                    18.73%    passed     99.90%
 131  GCF_009363635.1_ASM936363v1                    22.33%    passed    100.00%
 132  GCF_009363655.1_ASM936365v1                    18.73%    passed     99.99%
 133  GCF_009363715.1_ASM936371v1                    18.52%    passed     99.92%
 134  GCF_009363735.1_ASM936373v1                    18.73%    passed     99.99%
 135  GCF_009363795.1_ASM936379v1                    19.68%    passed     99.96%
 136  GCF_009650195.1_ASM965019v1                    25.71%    passed    100.00%
 137  GCF_009664085.1_ASM966408v1                    19.68%    passed    100.00%
 138  GCF_009685175.1_ASM968517v1                    19.58%    passed    100.00%
 139  GCF_009707465.1_ASM970746v1                    20.53%    passed    100.00%
 140  GCF_009762325.1_ASM976232v1                    18.84%    passed    100.00%
 141  GCF_009797665.1_ASM979766v1                    22.86%    passed     99.37%
 142  GCF_009859815.1_ASM985981v1                    20.95%    passed     99.92%
 143  GCF_009913435.1_ASM991343v1                    20.11%    passed    100.00%
 144  GCF_010104355.1_ASM1010435v1                   20.95%    passed     99.92%
 145  GCF_011040475.1_ASM1104047v1                   18.31%    passed    100.00%
 146  GCF_011044255.1_ASM1104425v1                   20.63%    passed     99.97%
 147  GCF_011047315.1_ASM1104731v1                   19.26%    passed    100.00%
 148  GCF_011290485.1_ASM1129048v1                   19.47%    passed     99.94%
 149  GCF_011388215.1_ASM1138821v1                   20.53%    passed     99.04%
 150  GCF_012647365.1_ASM1264736v1                   22.86%    passed     99.37%
 151  GCF_012932215.1_ASM1293221v1                   18.31%    passed     99.95%
 152  GCF_013170845.1_ASM1317084v1                   22.22%    passed    100.00%
 153  GCF_013307245.1_ASM1330724v1                   19.79%    passed    100.00%
 154  GCF_013374095.1_ASM1337409v1                   20.32%    passed    100.00%
 155  GCF_013378075.1_ASM1337807v1                   20.32%    passed    100.00%
 156  GCF_013415845.1_ASM1341584v1                   22.96%    passed    100.00%
 157  GCF_014117445.1_ASM1411744v1                   21.48%    passed     99.99%
 158  GCF_014495845.1_ASM1449584v1                   22.86%    passed    100.00%
 159  GCF_014622665.1_ASM1462266v1                   22.65%    passed    100.00%
 160  GCF_014681765.1_ASM1468176v1                   20.00%    passed    100.00%
 161  GCF_015679265.1_ASM1567926v1                   18.41%    passed    100.00%
 162  GCF_016584445.1_ASM1658444v1                   22.96%    passed    100.00%
 163  GCF_016653635.2_ASM1665363v2                   20.74%    passed     98.32%
 164  GCF_016765655.2_ASM1676565v2                   20.63%    passed     99.52%
 165  GCF_016806065.1_ASM1680606v1                   25.61%    passed     99.98%
 166  GCF_016806835.2_ASM1680683v2                   20.53%    passed     98.74%
 167  GCF_016839165.1_ASM1683916v1                   23.07%    passed    100.00%
 168  GCF_017347565.1_ASM1734756v1                   19.79%    passed    100.00%
 169  GCF_017498565.1_ASM1749856v1                   21.80%    passed     99.99%
 170  GCF_017795885.1_ASM1779588v1                   23.60%    passed    100.00%
 171  GCF_018200035.1_ASM1820003v1                   22.54%    passed    100.00%
 172  GCF_018205975.1_ASM1820597v1                   22.65%    passed    100.00%
 173  GCF_018399035.1_ASM1839903v1                   19.89%    passed     99.16%
 174  GCF_018409545.1_ASM1840954v1                   18.84%    passed     99.57%
 175  GCF_018687415.1_ASM1868741v1                   19.47%    passed    100.00%
 176  GCF_018687475.1_ASM1868747v1                   19.79%    passed    100.00%
 177  GCF_018687675.1_ASM1868767v1                   20.32%    passed    100.00%
 178  GCF_018688155.1_ASM1868815v1                   19.79%    passed    100.00%
 179  GCF_018688255.1_ASM1868825v1                   20.32%    passed    100.00%
 180  GCF_018982885.2_ASM1898288v2                   21.06%    passed    100.00%
 181  GCF_019134555.1_ASM1913455v1                   23.49%    passed    100.00%
 182  GCF_019203965.1_ASM1920396v1                   20.63%    passed     98.15%
 183  GCF_019431245.1_ASM1943124v1                   21.06%    passed    100.00%
 184  GCF_019443285.1_ASM1944328v1                   20.11%    passed    100.00%
 185  GCF_019623905.1_ASM1962390v1                   23.07%    passed    100.00%
 186  GCF_019904235.1_ASM1990423v1                   22.01%    passed    100.00%
 187  GCF_019973775.1_ASM1997377v1                   22.33%    passed    100.00%
 188  GCF_020866845.1_ASM2086684v1                   19.89%    passed    100.00%
 189  GCF_021088345.1_ASM2108834v1                   22.86%    passed    100.00%
 190  GCF_021117295.1_ASM2111729v1                   19.89%    passed    100.00%
 191  GCF_021228015.1_ASM2122801v1                   19.89%    passed    100.00%
 192  GCF_021228795.1_ASM2122879v1                   20.00%    passed     99.85%
 193  GCF_021391315.1_ASM2139131v1                   22.54%    passed     99.90%
 194  GCF_021391535.1_ASM2139153v1                   20.74%    passed     56.73%
 195  GCF_021398735.1_ASM2139873v1                   19.68%    passed    100.00%
 196  GCF_021431965.1_ASM2143196v1                   22.12%    passed    100.00%
 197  GCF_021484845.1_ASM2148484v1                   19.68%    passed    100.00%
 198  GCF_022227035.1_ASM2222703v1                   22.54%    passed     99.90%
 199  GCF_022370455.1_ASM2237045v1                   19.37%    passed    100.00%
 200  GCF_022410435.1_ASM2241043v1                   18.20%    passed     99.96%
 201  GCF_022533465.1_ASM2253346v1                   20.11%    passed    100.00%
 202  GCF_022558965.1_ASM2255896v1                   20.32%    passed    100.00%
 203  GCF_022846615.1_ASM2284661v1                   20.21%    passed     98.53%
 204  GCF_023243115.1_ASM2324311v1                   21.27%    passed    100.00%
 205  GCF_023380025.1_ASM2338002v1                   20.21%    passed     99.97%
 206  GCF_023546765.1_ASM2354676v1                   19.47%    passed    100.00%
 207  GCF_023558335.1_ASM2355833v1                   18.73%    passed    100.00%
 208  GCF_023558355.1_ASM2355835v1                   18.73%    passed    100.00%
 209  GCF_023573145.1_ASM2357314v1                   20.63%    passed     99.97%
 210  GCF_023823125.1_ASM2382312v1                   22.22%    passed    100.00%
 211  GCF_024496245.1_ASM2449624v1                   20.53%    passed     99.97%
 212  GCF_024758705.1_ASM2475870v1                   20.53%    passed     99.95%
 213  GCF_024758725.1_ASM2475872v1                   19.47%    passed    100.00%
 214  GCF_025141175.1_ASM2514117v1                   19.79%    passed     99.99%
 215  GCF_025141935.1_ASM2514193v1                   22.86%    passed     99.97%
 216  GCF_025398155.2_ASM2539815v2                   20.63%    passed     99.98%
 217  GCF_025811215.1_ASM2581121v1                   23.07%    passed    100.00%
 218  GCF_025811355.1_ASM2581135v1                   23.07%    passed    100.00%
 219  GCF_025811435.1_ASM2581143v1                   23.07%    passed    100.00%
 220  GCF_025813715.1_ASM2581371v1                   20.11%    passed    100.00%
 221  GCF_025917005.1_ASM2591700v1                   19.47%    passed     99.92%
 222  GCF_026122595.1_ASM2612259v1                   19.58%    passed    100.00%
 223  GCF_026122615.1_ASM2612261v1                   19.58%    passed    100.00%
 224  GCF_026167525.1_ASM2616752v1                   20.53%    passed    100.00%
 225  GCF_026167545.1_ASM2616754v1                   20.53%    passed     99.97%
 226  GCF_026625025.1_ASM2662502v1                   22.96%    passed    100.00%
 227  GCF_026898155.1_ASM2689815v1                   20.42%    passed     20.98%
 228  GCF_027271155.1_ASM2727115v1                   23.49%    passed    100.00%
 229  GCF_027886585.1_ASM2788658v1                   21.59%    passed    100.00%
 230  GCF_027912195.1_ASM2791219v1                   22.96%    passed    100.00%
 231  GCF_027943985.1_ASM2794398v1                   20.00%    passed    100.00%
 232  GCF_027944005.1_ASM2794400v1                   20.00%    passed    100.00%
 233  GCF_028621955.1_ASM2862195v1                   20.00%    passed    100.00%
 234  GCF_028885395.1_ASM2888539v1                   19.26%    passed     99.73%
 235  GCF_029277405.1_ASM2927740v1                   22.65%    passed    100.00%
 236  GCF_029581395.1_ASM2958139v1                   23.07%    passed     99.67%
 237  GCF_029691625.1_ASM2969162v1                   19.58%    passed    100.00%
 238  GCF_029714205.1_ASM2971420v1                   20.21%    passed    100.00%
 239  GCF_029761955.1_ASM2976195v1                   19.79%    passed    100.00%
 240  GCF_030062705.1_ASM3006270v1                   19.47%    passed    100.00%
 241  GCF_030252425.1_ASM3025242v1                   20.00%    passed    100.00%
 242  GCF_030255395.1_ASM3025539v1                   19.79%    passed    100.00%
 243  GCF_030297555.1_ASM3029755v1                   19.79%    passed    100.00%
 244  GCF_030297575.1_ASM3029757v1                   19.58%    passed    100.00%
 245  GCF_030297595.1_ASM3029759v1                   19.58%    passed    100.00%
 246  GCF_030297615.1_ASM3029761v1                   19.79%    passed    100.00%
 247  GCF_030297635.1_ASM3029763v1                   19.58%    passed    100.00%
 248  GCF_030297655.1_ASM3029765v1                   19.58%    passed    100.00%
 249  GCF_030297675.1_ASM3029767v1                   19.58%    passed    100.00%
 250  GCF_900176205.1_BRAD285_PRJEB202261_v1         22.54%    passed     99.96%
 251  GCF_900234795.1_TK0001_PRJEB23178_v1           19.58%    passed    100.00%
 252  GCF_901457705.2_RHAL1_v2                       19.47%    passed    100.00%
 253  GCF_937425535.1_Rhodovastum_atsumiense_G2-11   20.95%    passed     99.99%
****  TOTAL                                          20.70%  0 sequences failed composition chi2 test (p-value<5%; df=19)
NOTE: GCF_000225955.1_ASM22595v1 is identical to GCF_000013085.1_ASM1308v1 but kept for subsequent analysis
NOTE: GCF_002983865.1_ASM298386v1 is identical to GCF_000014045.1_ASM1404v1 but kept for subsequent analysis
NOTE: GCF_023558335.1_ASM2355833v1 is identical to GCF_000018145.1_ASM1814v1 but kept for subsequent analysis
NOTE: GCF_030255395.1_ASM3025539v1 is identical to GCF_000018845.1_ASM1884v1 but kept for subsequent analysis
NOTE: GCF_029714205.1_ASM2971420v1 is identical to GCF_000019365.1_ASM1936v1 but kept for subsequent analysis
NOTE: GCF_001854385.1_ASM185438v1 is identical to GCF_000019725.1_ASM1972v1 but kept for subsequent analysis
NOTE: GCF_000195775.2_ASM19577v2 is identical to GCF_000020445.1_ASM2044v1 but kept for subsequent analysis
NOTE: GCF_001576595.1_ASM157659v1 is identical to GCF_000021005.1_ASM2100v1 but kept for subsequent analysis
NOTE: GCF_002117815.2_ASM211781v2 is identical to GCF_000021845.1_ASM2184v1 but kept for subsequent analysis
NOTE: GCF_000083545.1_ASM8354v1 is identical to GCF_000022685.1_ASM2268v1 but kept for subsequent analysis
NOTE: GCF_007290395.1_ASM729039v1 is identical to GCF_000284275.1_ASM28427v1 but kept for subsequent analysis
NOTE: GCF_001936175.1_ASM193617v1 is identical to GCF_000757795.1_ASM75779v1 but kept for subsequent analysis
NOTE: GCF_001459775.1_Blastochloris_viridis_genome is identical to GCF_001402875.1_ASM140287v1 but kept for subsequent analysis
NOTE: GCF_001633165.1_ASM163316v1 is identical to GCF_001633145.1_ASM163314v1 but kept for subsequent analysis
NOTE: GCF_003431825.1_ASM343182v1 is identical to GCF_001713435.1_ASM171343v1 but kept for subsequent analysis
NOTE: GCF_009650195.1_ASM965019v1 is identical to GCF_001713475.1_ASM171347v1 but kept for subsequent analysis
NOTE: GCF_003288315.1_ASM328831v1 is identical to GCF_002080415.1_ASM208041v1 but kept for subsequent analysis
NOTE: GCF_003031265.1_ASM303126v1 is identical to GCF_003031245.1_ASM303124v1 but kept for subsequent analysis
NOTE: GCF_021391315.1_ASM2139131v1 is identical to GCF_003429265.1_ASM342926v1 but kept for subsequent analysis
NOTE: GCF_009363495.1_ASM936349v1 is identical to GCF_009363255.1_ASM936325v1 but kept for subsequent analysis
NOTE: GCF_009363735.1_ASM936373v1 is identical to GCF_009363655.1_ASM936365v1 but kept for subsequent analysis
NOTE: GCF_010104355.1_ASM1010435v1 is identical to GCF_009859815.1_ASM985981v1 but kept for subsequent analysis
NOTE: GCF_029277405.1_ASM2927740v1 is identical to GCF_014622665.1_ASM1462266v1 but kept for subsequent analysis
NOTE: GCF_029761955.1_ASM2976195v1 is identical to GCF_017347565.1_ASM1734756v1 but kept for subsequent analysis
NOTE: GCF_030297615.1_ASM3029761v1 is identical to GCF_018687475.1_ASM1868747v1 but kept for subsequent analysis
NOTE: GCF_026167545.1_ASM2616754v1 is identical to GCF_024496245.1_ASM2449624v1 but kept for subsequent analysis
NOTE: GCF_027944005.1_ASM2794400v1 is identical to GCF_027943985.1_ASM2794398v1 but kept for subsequent analysis
NOTE: GCF_030297595.1_ASM3029759v1 is identical to GCF_030297575.1_ASM3029757v1 but kept for subsequent analysis
NOTE: 24 identical sequences (see below) will be ignored for subsequent analysis
NOTE: GCF_019134555.1_ASM1913455v1 (identical to GCF_000013085.1_ASM1308v1) is ignored but added at the end
NOTE: GCF_023558355.1_ASM2355835v1 (identical to GCF_000018145.1_ASM1814v1) is ignored but added at the end
NOTE: GCF_021484845.1_ASM2148484v1 (identical to GCF_000019725.1_ASM1972v1) is ignored but added at the end
NOTE: GCF_013415845.1_ASM1341584v1 (identical to GCF_000020445.1_ASM2044v1) is ignored but added at the end
NOTE: GCF_016584445.1_ASM1658444v1 (identical to GCF_000020445.1_ASM2044v1) is ignored but added at the end
NOTE: GCF_026625025.1_ASM2662502v1 (identical to GCF_000020445.1_ASM2044v1) is ignored but added at the end
NOTE: GCF_027912195.1_ASM2791219v1 (identical to GCF_000020445.1_ASM2044v1) is ignored but added at the end
NOTE: GCF_001685625.1_ASM168562v1 (identical to GCF_000021005.1_ASM2100v1) is ignored but added at the end
NOTE: GCF_002706325.1_ASM270632v1 (identical to GCF_000021005.1_ASM2100v1) is ignored but added at the end
NOTE: GCF_003324715.1_ASM332471v1 (identical to GCF_000021005.1_ASM2100v1) is ignored but added at the end
NOTE: GCF_009797665.1_ASM979766v1 (identical to GCF_000021005.1_ASM2100v1) is ignored but added at the end
NOTE: GCF_012647365.1_ASM1264736v1 (identical to GCF_000021005.1_ASM2100v1) is ignored but added at the end
NOTE: GCF_026122595.1_ASM2612259v1 (identical to GCF_000021845.1_ASM2184v1) is ignored but added at the end
NOTE: GCF_026122615.1_ASM2612261v1 (identical to GCF_000021845.1_ASM2184v1) is ignored but added at the end
NOTE: GCF_001971665.1_ASM197166v1 (identical to GCF_000022685.1_ASM2268v1) is ignored but added at the end
NOTE: GCF_003254375.1_ASM325437v1 (identical to GCF_000757795.1_ASM75779v1) is ignored but added at the end
NOTE: GCF_029691625.1_ASM2969162v1 (identical to GCF_000757795.1_ASM75779v1) is ignored but added at the end
NOTE: GCF_025811215.1_ASM2581121v1 (identical to GCF_003031245.1_ASM303124v1) is ignored but added at the end
NOTE: GCF_025811355.1_ASM2581135v1 (identical to GCF_003031245.1_ASM303124v1) is ignored but added at the end
NOTE: GCF_025811435.1_ASM2581143v1 (identical to GCF_003031245.1_ASM303124v1) is ignored but added at the end
NOTE: GCF_022227035.1_ASM2222703v1 (identical to GCF_003429265.1_ASM342926v1) is ignored but added at the end
NOTE: GCF_030297635.1_ASM3029763v1 (identical to GCF_030297575.1_ASM3029757v1) is ignored but added at the end
NOTE: GCF_030297655.1_ASM3029765v1 (identical to GCF_030297575.1_ASM3029757v1) is ignored but added at the end
NOTE: GCF_030297675.1_ASM3029767v1 (identical to GCF_030297575.1_ASM3029757v1) is ignored but added at the end
Alignment was printed to results/tree/PGC_pufM/PGC_pufM.uniqueseq.phy

For your convenience alignment with unique sequences printed to results/tree/PGC_pufM/PGC_pufM.uniqueseq.phy


Create initial parsimony tree by phylogenetic likelihood library (PLL)... 0.172 seconds
Perform fast likelihood tree search using LG+I+G model...
Estimate model parameters (epsilon = 5.000)
Perform nearest neighbor interchange...
Estimate model parameters (epsilon = 1.000)
1. Initial log-likelihood: -55512.256
Optimal log-likelihood: -55512.163
Proportion of invariable sites: 0.180
Gamma shape alpha: 0.726
Parameters optimization took 1 rounds (2.629 sec)
Time for fast ML tree search: 27.461 seconds

NOTE: ModelFinder requires 264 MB RAM!
ModelFinder will test up to 702 protein models (sample size: 945) ...
 No. Model         -LnL         df  AIC          AICc         BIC
  1  LG            60910.681    455 122731.363   123579.952   124938.652
  2  LG+I          59126.893    456 119165.787   120019.852   121377.927
  3  LG+G4         55610.505    456 112133.009   112987.075   114345.149
  4  LG+I+G4       55512.154    457 111938.307   112797.880   114155.299
  5  LG+R2         56519.726    457 113953.453   114813.025   116170.444
  6  LG+R3         55722.987    459 112363.974   113234.655   114590.668
  7  LG+R4         55475.541    461 111873.082   112754.995   114109.478
  8  LG+R5         55430.675    463 111787.350   112680.623   114033.449
  9  LG+R6         55405.014    465 111740.028   112644.788   113995.829
 10  LG+R7         55400.759    467 111735.518   112651.896   114001.022
 22  LG+F+R6       45035.413    484 91038.826    92059.435    93386.799
 23  LG+F+R7       45024.596    486 91021.191    92054.737    93378.867
 35  WAG+R6        54655.881    465 110241.761   111146.521   112497.562
 36  WAG+R7        54646.146    467 110226.292   111142.669   112491.795
 48  WAG+F+R6      44751.313    484 90470.626    91491.234    92818.599
 49  WAG+F+R7      44740.233    486 90452.467    91486.012    92810.143
 61  JTT+R6        55569.840    465 112069.680   112974.440   114325.481
 62  JTT+R7        55560.080    467 112054.160   112970.538   114319.664
 74  JTT+F+R6      46493.396    484 93954.791    94975.400    96302.765
 75  JTT+F+R7      46483.359    486 93938.719    94972.265    96296.395
 87  Q.pfam+R6     55112.998    465 111155.995   112060.755   113411.796
 88  Q.pfam+R7     55110.206    467 111154.411   112070.789   113419.915
100  Q.pfam+F+R6   45008.702    484 90985.404    92006.013    93333.378
101  Q.pfam+F+R7   44993.334    486 90958.668    91992.214    93316.344
113  Q.bird+R6     58709.173    465 118348.347   119253.107   120604.148
114  Q.bird+R7     58698.364    467 118330.728   119247.105   120596.231
126  Q.bird+F+R6   50103.113    484 101174.227   102194.836   103522.200
127  Q.bird+F+R7   50094.124    486 101160.249   102193.795   103517.925
139  Q.mammal+R6   57418.153    465 115766.305   116671.065   118022.106
140  Q.mammal+R7   57409.336    467 115752.672   116669.049   118018.175
152  Q.mammal+F+R6 48493.856    484 97955.713    98976.321    100303.686
153  Q.mammal+F+R7 48485.000    486 97942.000    98975.546    100299.676
165  Q.insect+R6   56019.352    465 112968.703   113873.463   115224.504
166  Q.insect+R7   56016.637    467 112967.274   113883.651   115232.777
178  Q.insect+F+R6 45163.577    484 91295.153    92315.762    93643.127
179  Q.insect+F+R7 45153.825    486 91279.650    92313.195    93637.325
191  Q.plant+R6    58765.515    465 118461.029   119365.789   120716.830
192  Q.plant+R7    58761.210    467 118456.419   119372.797   120721.923
204  Q.plant+F+R6  48319.104    484 97606.209    98626.817    99954.182
205  Q.plant+F+R7  48295.687    486 97563.373    98596.919    99921.049
217  Q.yeast+R6    56984.269    465 114898.538   115803.297   117154.339
218  Q.yeast+R7    56974.676    467 114883.352   115799.730   117148.856
230  Q.yeast+F+R6  45435.658    484 91839.315    92859.924    94187.289
231  Q.yeast+F+R7  45424.788    486 91821.575    92855.121    94179.251
243  JTTDCMut+R6   55502.832    465 111935.664   112840.424   114191.465
244  JTTDCMut+R7   55493.020    467 111920.040   112836.418   114185.544
256  JTTDCMut+F+R6 46461.849    484 93891.698    94912.306    96239.671
257  JTTDCMut+F+R7 46451.536    486 93875.071    94908.617    96232.747
269  DCMut+R6      58517.390    465 117964.780   118869.540   120220.581
270  DCMut+R7      58507.996    467 117949.992   118866.369   120215.495
282  DCMut+F+R6    49437.043    484 99842.085    100862.694   102190.059
283  DCMut+F+R7    49412.290    486 99796.580    100830.126   102154.256
295  VT+R6         54790.624    465 110511.247   111416.007   112767.048
296  VT+R7         54784.050    467 110502.100   111418.477   112767.603
308  VT+F+R6       44373.354    484 89714.708    90735.317    92062.682
309  VT+F+R7       44362.173    486 89696.347    90729.893    92054.023
321  PMB+R6        53587.929    465 108105.859   109010.619   110361.660
322  PMB+R7        53586.730    467 108107.460   109023.837   110372.963
334  PMB+F+R6      43981.299    484 88930.598    89951.206    91278.571
335  PMB+F+R7      43972.785    486 88917.569    89951.115    91275.245
347  Blosum62+R6   53547.994    465 108025.987   108930.747   110281.788
348  Blosum62+R7   53546.713    467 108027.426   108943.804   110292.930
360  Blosum62+F+R6 43687.549    484 88343.099    89363.708    90691.072
361  Blosum62+F+R7 43680.995    486 88333.989    89367.535    90691.665
373  Dayhoff+R6    58531.738    465 117993.475   118898.235   120249.276
374  Dayhoff+R7    58522.196    467 117978.392   118894.769   120243.895
386  Dayhoff+F+R6  49449.882    484 99867.763    100888.372   102215.737
387  Dayhoff+F+R7  49426.154    486 99824.308    100857.854   102181.984
399  mtREV+R6      57908.271    465 116746.543   117651.303   119002.344
400  mtREV+R7      57883.889    467 116701.778   117618.155   118967.281
412  mtREV+F+R6    47634.356    484 96236.712    97257.321    98584.686
413  mtREV+F+R7    47613.193    486 96198.386    97231.932    98556.062
425  mtART+R6      58786.642    465 118503.283   119408.043   120759.084
426  mtART+R7      58757.008    467 118448.015   119364.393   120713.519
438  mtART+F+R6    46705.690    484 94379.380    95399.989    96727.354
439  mtART+F+R7    46677.385    486 94326.771    95360.316    96684.446
451  mtZOA+R6      56005.781    465 112941.562   113846.322   115197.363
452  mtZOA+R7      55984.592    467 112903.185   113819.562   115168.688
464  mtZOA+F+R6    46063.279    484 93094.559    94115.167    95442.532
465  mtZOA+F+R7    46045.200    486 93062.399    94095.945    95420.075
477  mtMet+R6      58188.961    465 117307.923   118212.683   119563.724
478  mtMet+R7      58173.385    467 117280.769   118197.147   119546.273
490  mtMet+F+R6    47859.245    484 96686.490    97707.099    99034.464
491  mtMet+F+R7    47839.115    486 96650.231    97683.777    99007.907
503  mtVer+R6      59139.656    465 119209.313   120114.073   121465.114
504  mtVer+R7      59124.270    467 119182.540   120098.917   121448.043
516  mtVer+F+R6    49709.646    484 100387.292   101407.900   102735.265
517  mtVer+F+R7    49687.727    486 100347.453   101380.999   102705.129
529  mtInv+R6      57689.842    465 116309.684   117214.444   118565.485
530  mtInv+R7      57685.152    467 116304.303   117220.681   118569.807
542  mtInv+F+R6    45803.750    484 92575.500    93596.109    94923.474
543  mtInv+F+R7    45789.994    486 92551.988    93585.534    94909.664
555  mtMAM+R6      64034.779    465 128999.558   129904.318   131255.359
556  mtMAM+R7      63999.102    467 128932.204   129848.581   131197.707
568  mtMAM+F+R6    54712.005    484 110392.011   111412.619   112739.984
569  mtMAM+F+R7    54649.734    486 110271.469   111305.015   112629.145
581  HIVb+R6       60638.737    465 122207.474   123112.234   124463.275
582  HIVb+R7       60623.170    467 122180.339   123096.716   124445.842
594  HIVb+F+R6     51126.010    484 103220.019   104240.628   105567.993
595  HIVb+F+R7     51104.772    486 103181.543   104215.089   105539.219
607  HIVw+R6       67178.820    465 135287.641   136192.401   137543.442
608  HIVw+R7       67172.161    467 135278.321   136194.699   137543.825
620  HIVw+F+R6     55548.837    484 112065.675   113086.283   114413.648
621  HIVw+F+R7     55511.906    486 111995.811   113029.357   114353.487
633  FLU+R6        61737.367    465 124404.734   125309.494   126660.535
634  FLU+R7        61725.598    467 124385.197   125301.574   126650.700
646  FLU+F+R6      50663.771    484 102295.541   103316.150   104643.515
647  FLU+F+R7      50644.731    486 102261.463   103295.009   104619.139
659  rtREV+R6      55038.470    465 111006.940   111911.699   113262.741
660  rtREV+R7      55035.917    467 111005.834   111922.211   113271.337
672  rtREV+F+R6    45311.502    484 91591.004    92611.613    93938.978
673  rtREV+F+R7    45299.377    486 91570.754    92604.299    93928.429
685  cpREV+R6      56218.607    465 113367.214   114271.974   115623.015
686  cpREV+R7      56213.537    467 113361.074   114277.451   115626.577
698  cpREV+F+R6    45916.706    484 92801.413    93822.022    95149.386
699  cpREV+F+R7    45893.534    486 92759.068    93792.614    95116.744
Akaike Information Criterion:           Blosum62+F+R7
Corrected Akaike Information Criterion: Blosum62+F+R6
Bayesian Information Criterion:         Blosum62+F+R6
Best-fit model: Blosum62+F+R6 chosen according to BIC

All model information printed to results/tree/PGC_pufM/PGC_pufM.model.gz
CPU time for ModelFinder: 24397.465 seconds (6h:46m:37s)
Wall-clock time for ModelFinder: 24430.581 seconds (6h:47m:10s)
WARNING: States(s) N, D, Q, E, I, L, K, F, P, V rarely appear in alignment and may cause numerical problems

NOTE: 158 MB RAM (0 GB) is required!
Estimate model parameters (epsilon = 0.100)
1. Initial log-likelihood: -43687.549
Optimal log-likelihood: -43687.480
Site proportion and rates:  (0.362,0.044) (0.170,0.297) (0.160,0.773) (0.163,1.642) (0.105,3.181) (0.038,5.363)
Parameters optimization took 1 rounds (16.172 sec)
Computing ML distances based on estimated model parameters...
Computing ML distances took 10.110463 sec (of wall-clock time) 10.109968 sec(of CPU time)
Computing RapidNJ tree took 0.014084 sec (of wall-clock time) 0.027771 sec (of CPU time)
Log-likelihood of RapidNJ tree: -44136.501
--------------------------------------------------------------------
|             INITIALIZING CANDIDATE TREE SET                      |
--------------------------------------------------------------------
Generating 98 parsimony trees... 22.786 second
Computing log-likelihood of 98 initial trees ... 116.680 seconds
Current best score: -43687.480

Do NNI search on 20 best initial trees
Estimate model parameters (epsilon = 0.100)
BETTER TREE FOUND at iteration 1: -43642.702
Estimate model parameters (epsilon = 0.100)
BETTER TREE FOUND at iteration 2: -43616.053
Estimate model parameters (epsilon = 0.100)
BETTER TREE FOUND at iteration 4: -43602.924
Estimate model parameters (epsilon = 0.100)
BETTER TREE FOUND at iteration 6: -43591.723
Estimate model parameters (epsilon = 0.100)
BETTER TREE FOUND at iteration 7: -43590.313
Iteration 10 / LogL: -43608.390 / Time: 0h:10m:29s
Iteration 20 / LogL: -43611.212 / Time: 0h:15m:48s
Finish initializing candidate tree set (20)
Current best tree score: -43590.313 / CPU time: 906.434
Number of iterations: 20
--------------------------------------------------------------------
|               OPTIMIZING CANDIDATE TREE SET                      |
--------------------------------------------------------------------
Iteration 30 / LogL: -43604.145 / Time: 0h:21m:13s (0h:56m:21s left)
Estimate model parameters (epsilon = 0.100)
BETTER TREE FOUND at iteration 34: -43588.319
Estimate model parameters (epsilon = 0.100)
BETTER TREE FOUND at iteration 35: -43579.921
Iteration 40 / LogL: -43601.833 / Time: 0h:27m:17s (1h:6m:27s left)
Estimate model parameters (epsilon = 0.100)
BETTER TREE FOUND at iteration 42: -43575.636
Estimate model parameters (epsilon = 0.100)
BETTER TREE FOUND at iteration 46: -43572.209
Iteration 50 / LogL: -43584.648 / Time: 0h:33m:16s (1h:5m:10s left)
Iteration 60 / LogL: -43653.366 / Time: 0h:38m:28s (0h:56m:4s left)
Iteration 70 / LogL: -43572.341 / Time: 0h:44m:36s (0h:49m:7s left)
Iteration 80 / LogL: -43613.553 / Time: 0h:49m:48s (0h:41m:37s left)
Estimate model parameters (epsilon = 0.100)
BETTER TREE FOUND at iteration 86: -43567.159
Estimate model parameters (epsilon = 0.100)
BETTER TREE FOUND at iteration 88: -43566.412
Iteration 90 / LogL: -43592.053 / Time: 0h:56m:38s (1h:2m:21s left)
Iteration 100 / LogL: -43571.813 / Time: 1h:2m:15s (0h:55m:20s left)
Estimate model parameters (epsilon = 0.100)
BETTER TREE FOUND at iteration 101: -43563.428
Iteration 110 / LogL: -43571.068 / Time: 1h:8m:7s (0h:56m:52s left)
Estimate model parameters (epsilon = 0.100)
BETTER TREE FOUND at iteration 114: -43563.097
Iteration 120 / LogL: -43608.065 / Time: 1h:13m:41s (0h:58m:12s left)
BETTER TREE FOUND at iteration 126: -43563.094
Iteration 130 / LogL: -43587.116 / Time: 1h:19m:14s (0h:58m:58s left)
Iteration 140 / LogL: -43573.589 / Time: 1h:25m:12s (0h:52m:43s left)
Estimate model parameters (epsilon = 0.100)
BETTER TREE FOUND at iteration 148: -43560.461
Iteration 150 / LogL: -43586.504 / Time: 1h:30m:40s (0h:59m:38s left)
Estimate model parameters (epsilon = 0.100)
BETTER TREE FOUND at iteration 154: -43559.275
Iteration 160 / LogL: -43591.592 / Time: 1h:36m:37s (0h:57m:7s left)
Iteration 170 / LogL: -43607.607 / Time: 1h:42m:1s (0h:50m:42s left)
Iteration 180 / LogL: -43560.673 / Time: 1h:47m:16s (0h:44m:21s left)
Iteration 190 / LogL: -43565.197 / Time: 1h:52m:49s (0h:38m:12s left)
Iteration 200 / LogL: -43569.666 / Time: 1h:58m:45s (0h:32m:13s left)
Estimate model parameters (epsilon = 0.100)
BETTER TREE FOUND at iteration 210: -43557.689
Iteration 210 / LogL: -43557.689 / Time: 2h:4m:37s (0h:59m:37s left)
Iteration 220 / LogL: -43573.384 / Time: 2h:10m:16s (0h:53m:32s left)
Iteration 230 / LogL: -43571.575 / Time: 2h:15m:28s (0h:47m:19s left)
Iteration 240 / LogL: -43562.516 / Time: 2h:20m:52s (0h:41m:15s left)
Iteration 250 / LogL: -43581.357 / Time: 2h:26m:37s (0h:35m:19s left)
Iteration 260 / LogL: -43563.922 / Time: 2h:32m:8s (0h:29m:22s left)
Estimate model parameters (epsilon = 0.100)
BETTER TREE FOUND at iteration 262: -43557.367
Iteration 270 / LogL: -43563.788 / Time: 2h:38m:10s (0h:54m:5s left)
Iteration 280 / LogL: -43575.167 / Time: 2h:43m:52s (0h:48m:9s left)
Iteration 290 / LogL: -43575.863 / Time: 2h:49m:27s (0h:42m:12s left)
Iteration 300 / LogL: -43586.743 / Time: 2h:54m:54s (0h:36m:16s left)
Estimate model parameters (epsilon = 0.100)
BETTER TREE FOUND at iteration 302: -43557.273
Iteration 310 / LogL: -43567.933 / Time: 3h:0m:19s (0h:53m:41s left)
Iteration 320 / LogL: -43566.784 / Time: 3h:6m:0s (0h:47m:48s left)
Iteration 330 / LogL: -43627.508 / Time: 3h:11m:25s (0h:41m:53s left)
Iteration 340 / LogL: -43570.750 / Time: 3h:17m:4s (0h:36m:2s left)
Iteration 350 / LogL: -43581.737 / Time: 3h:22m:37s (0h:30m:11s left)
Iteration 360 / LogL: -43620.544 / Time: 3h:27m:55s (0h:24m:19s left)
Iteration 370 / LogL: -43616.086 / Time: 3h:33m:6s (0h:18m:28s left)
Iteration 380 / LogL: -43589.023 / Time: 3h:38m:2s (0h:12m:39s left)
BETTER TREE FOUND at iteration 386: -43557.267
Iteration 390 / LogL: -43600.989 / Time: 3h:43m:11s (0h:55m:4s left)
Iteration 400 / LogL: -43597.448 / Time: 3h:48m:41s (0h:49m:17s left)
Iteration 410 / LogL: -43693.504 / Time: 3h:54m:10s (0h:43m:30s left)
Iteration 420 / LogL: -43568.569 / Time: 3h:59m:13s (0h:37m:40s left)
Iteration 430 / LogL: -43581.396 / Time: 4h:4m:38s (0h:31m:56s left)
Iteration 440 / LogL: -43594.137 / Time: 4h:10m:4s (0h:26m:12s left)
Iteration 450 / LogL: -43578.879 / Time: 4h:15m:15s (0h:20m:27s left)
Iteration 460 / LogL: -43640.455 / Time: 4h:20m:27s (0h:14m:45s left)
UPDATE BEST LOG-LIKELIHOOD: -43557.265
Iteration 470 / LogL: -43561.953 / Time: 4h:25m:32s (0h:9m:3s left)
Iteration 480 / LogL: -43565.024 / Time: 4h:30m:53s (0h:3m:23s left)
TREE SEARCH COMPLETED AFTER 487 ITERATIONS / Time: 4h:34m:58s

--------------------------------------------------------------------
|                    FINALIZING TREE SEARCH                        |
--------------------------------------------------------------------
Performs final model parameters optimization
Estimate model parameters (epsilon = 0.010)
1. Initial log-likelihood: -43557.265
Optimal log-likelihood: -43557.258
Site proportion and rates:  (0.354,0.040) (0.170,0.284) (0.154,0.720) (0.164,1.526) (0.117,3.047) (0.041,5.349)
Parameters optimization took 1 rounds (8.479 sec)
BEST SCORE FOUND : -43557.258
Total tree length: 13.988

Total number of iterations: 487
CPU time used for tree search: 16428.724 sec (4h:33m:48s)
Wall-clock time used for tree search: 16455.734 sec (4h:34m:15s)
Total CPU time used: 16479.657 sec (4h:34m:39s)
Total wall-clock time used: 16506.919 sec (4h:35m:6s)

Analysis results written to: 
  IQ-TREE report:                results/tree/PGC_pufM/PGC_pufM.iqtree
  Maximum-likelihood tree:       results/tree/PGC_pufM/PGC_pufM.treefile
  Likelihood distances:          results/tree/PGC_pufM/PGC_pufM.mldist
  Screen log file:               results/tree/PGC_pufM/PGC_pufM.log

Date and Time: Thu Jun 20 21:15:47 2024
