IQ-TREE multicore version 2.1.4-beta COVID-edition for Linux 64-bit built Jun 24 2021
Developed by Bui Quang Minh, James Barbetti, Nguyen Lam Tung,
Olga Chernomor, Heiko Schmidt, Dominik Schrempf, Michael Woodhams.

Host:    morrowind (AVX2, FMA3, 503 GB RAM)
Command: iqtree2 -s results/fasta_PGC/gene_trimmed/PGC_crtC_trim.phy -pre results/tree/PGC_crtC/PGC_crtC
Seed:    520024 (Using SPRNG - Scalable Parallel Random Number Generator)
Time:    Thu Jun 20 09:53:29 2024
Kernel:  AVX+FMA - 1 threads (128 CPU cores detected)

HINT: Use -nt option to specify number of threads because your CPU has 128 cores!
HINT: -nt AUTO will automatically determine the best number of threads to use.

Reading alignment file results/fasta_PGC/gene_trimmed/PGC_crtC_trim.phy ... Phylip format detected
Alignment most likely contains protein sequences
WARNING: 24 sites contain only gaps or ambiguous characters.
Alignment has 248 sequences with 777 columns, 694 distinct patterns
587 parsimony-informative, 46 singleton sites, 144 constant sites
                                              Gap/Ambiguity  Composition  p-value
   1  GCA_011765465.1_ASM1176546v1                   20.46%    passed     97.93%
   2  GCA_015693905.1_ASM1569390v1                   21.11%    passed     99.56%
   3  GCA_016745215.1_scaff03                        19.56%    passed     92.10%
   4  GCA_019285715.1_ASM1928571v1                   35.14%    passed     99.95%
   5  GCA_019739335.1_ASM1973933v1                   34.23%    passed     99.99%
   6  GCF_000013085.1_ASM1308v1                      32.05%    passed     94.68%
   7  GCF_000013365.1_ASM1336v1                      20.46%    passed     99.03%
   8  GCF_000013565.1_ASM1356v1                      19.69%    passed     99.98%
   9  GCF_000014045.1_ASM1404v1                      20.33%    passed    100.00%
  10  GCF_000015165.1_ASM1516v1                      20.59%    passed    100.00%
  11  GCF_000015585.1_ASM1558v1                      24.84%    passed     99.79%
  12  GCF_000016185.1_ASM1618v1                      35.91%    passed     72.33%
  13  GCF_000018145.1_ASM1814v1                      20.85%    passed    100.00%
  14  GCF_000018845.1_ASM1884v1                      22.27%    passed     98.02%
  15  GCF_000019365.1_ASM1936v1                      22.91%    passed     76.53%
  16  GCF_000019725.1_ASM1972v1                      21.49%    passed     96.06%
  17  GCF_000019945.1_ASM1994v1                      21.88%    passed     99.68%
  18  GCF_000020445.1_ASM2044v1                      21.36%    passed     99.81%
  19  GCF_000021005.1_ASM2100v1                      23.94%    passed    100.00%
  20  GCF_000021745.1_ASM2174v1                      23.94%    passed     99.96%
  21  GCF_000021845.1_ASM2184v1                      22.27%    passed     99.00%
  22  GCF_000021865.1_ASM2186v1                      23.29%    passed     99.65%
  23  GCF_000022685.1_ASM2268v1                      22.39%    passed     93.15%
  24  GCF_000025485.1_ASM2548v1                      24.32%    passed    100.00%
  25  GCF_000026145.1_ASM2614v1                      22.78%    passed    100.00%
  26  GCF_000083545.1_ASM8354v1                      22.39%    passed     96.91%
  27  GCF_000144605.1_ASM14460v1                     21.62%    passed    100.00%
  28  GCF_000154785.2_ASM15478v2                     19.82%    passed    100.00%
  29  GCF_000166055.1_ASM16605v1                     22.01%    passed    100.00%
  30  GCF_000195775.2_ASM19577v2                     21.36%    passed     99.86%
  31  GCF_000202835.1_ASM20283v1                     22.78%    passed     93.68%
  32  GCF_000224005.2_ASM22400v3                     20.46%    passed     99.94%
  33  GCF_000225955.1_ASM22595v1                     32.05%    passed     94.68%
  34  GCF_000227745.2_ASM22774v3                     21.11%    passed    100.00%
  35  GCF_000284255.1_ASM28425v1                     34.88%    passed     99.09%
  36  GCF_000284275.1_ASM28427v1                     20.46%    passed     99.96%
  37  GCF_000284415.1_ASM28441v2                     22.91%    passed     99.84%
  38  GCF_000327045.1_ASM32704v1                     21.62%    passed    100.00%
  39  GCF_000344805.1_ASM34480v1                     25.74%    passed     99.61%
  40  GCF_000364445.2_ASM36444v2                     21.75%    passed     80.33%
  41  GCF_000512205.2_ASM51220v2                     34.75%    passed    100.00%
  42  GCF_000590925.1_ASM59092v1                     19.95%    passed     99.64%
  43  GCF_000738435.1_ASM73843v1                     20.08%    passed     99.69%
  44  GCF_000757795.1_ASM75779v1                     21.49%    passed     96.24%
  45  GCF_000935025.1_ASM93502v1                     21.36%    passed    100.00%
  46  GCF_000973625.1_ASM97362v1                     21.49%    failed      0.00%
  47  GCF_001304795.1_ASM130479v1                    33.98%    passed     97.27%
  48  GCF_001412535.1_ASM141253v1                    19.82%    passed     99.99%
  49  GCF_001412575.1_ASM141257v1                    19.31%    passed     40.50%
  50  GCF_001483865.1_ASM148386v1                    22.52%    passed     79.68%
  51  GCF_001542815.1_ASM154281v1                    22.27%    passed     99.22%
  52  GCF_001548015.1_ASM154801v1                    22.27%    passed     86.99%
  53  GCF_001548075.1_ASM154807v1                    19.31%    passed    100.00%
  54  GCF_001576595.1_ASM157659v1                    24.07%    passed    100.00%
  55  GCF_001632845.1_ASM163284v1                    24.45%    passed    100.00%
  56  GCF_001633145.1_ASM163314v1                    19.18%    passed    100.00%
  57  GCF_001633165.1_ASM163316v1                    19.18%    passed    100.00%
  58  GCF_001663155.1_ASM166315v1                    33.08%    passed     95.69%
  59  GCF_001663175.1_ASM166317v1                    31.40%    passed     99.99%
  60  GCF_001685625.1_ASM168562v1                    24.07%    passed    100.00%
  61  GCF_001713355.1_ASM171335v1                    21.75%    passed     97.93%
  62  GCF_001713375.1_ASM171337v1                    20.98%    passed     99.99%
  63  GCF_001713435.1_ASM171343v1                    25.23%    passed     99.99%
  64  GCF_001713455.1_ASM171345v1                    22.65%    passed     98.45%
  65  GCF_001713475.1_ASM171347v1                    22.52%    passed     96.97%
  66  GCF_001719165.1_ASM171916v1                    33.20%    passed     92.77%
  67  GCF_001720465.1_ASM172046v1                    25.23%    passed     99.88%
  68  GCF_001854385.1_ASM185438v1                    21.49%    passed     96.11%
  69  GCF_001870665.2_ASM187066v2                    20.33%    passed    100.00%
  70  GCF_001886735.1_ASM188673v1                    22.01%    passed     99.98%
  71  GCF_001936175.1_ASM193617v1                    21.36%    passed     98.61%
  72  GCF_001955735.1_ASM195573v1                    20.21%    passed     22.10%
  73  GCF_001969365.1_ASM196936v1                    19.95%    passed     99.85%
  74  GCF_001971665.1_ASM197166v1                    21.88%    passed     99.72%
  75  GCF_002002865.1_ASM200286v1                    22.39%    passed     99.95%
  76  GCF_002073975.1_ASM207397v1                    19.56%    passed     99.91%
  77  GCF_002079305.1_ASM207930v1                    18.66%    passed     86.47%
  78  GCF_002080415.1_ASM208041v1                    20.85%    passed    100.00%
  79  GCF_002117815.2_ASM211781v2                    22.14%    passed     98.80%
  80  GCF_002158905.1_ASM215890v1                    20.33%    passed     99.91%
  81  GCF_002266435.2_ASM226643v2                    20.33%    passed    100.00%
  82  GCF_002355515.1_ASM235551v1                    21.75%    passed     99.99%
  83  GCF_002407205.1_ASM240720v1                    21.24%    passed    100.00%
  84  GCF_002706325.1_ASM270632v1                    24.07%    passed    100.00%
  85  GCF_002813775.1_ASM281377v1                    21.24%    passed     92.28%
  86  GCF_002868735.1_ASM286873v1                    35.01%    passed     99.99%
  87  GCF_002952215.1_ASM295221v1                    34.23%    passed     99.95%
  88  GCF_002983865.1_ASM298386v1                    20.33%    passed    100.00%
  89  GCF_003031245.1_ASM303124v1                    21.36%    passed     99.85%
  90  GCF_003031265.1_ASM303126v1                    21.49%    passed     99.94%
  91  GCF_003065365.1_ASM306536v1                    32.95%    passed     11.54%
  92  GCF_003071405.1_ASM307140v1                    26.51%    passed     95.42%
  93  GCF_003173715.1_ASM317371v1                    21.75%    passed     95.31%
  94  GCF_003173735.1_ASM317373v1                    23.42%    passed     73.16%
  95  GCF_003173755.1_ASM317375v1                    22.52%    passed     92.53%
  96  GCF_003173775.1_ASM317377v1                    22.39%    passed     99.17%
  97  GCF_003254375.1_ASM325437v1                    21.49%    passed     96.24%
  98  GCF_003264115.1_ASM326411v1                    19.31%    passed     84.57%
  99  GCF_003288315.1_ASM328831v1                    20.85%    passed    100.00%
 100  GCF_003324715.1_ASM332471v1                    24.07%    passed    100.00%
 101  GCF_003352165.1_ASM335216v1                    39.12%    passed    100.00%
 102  GCF_003429265.1_ASM342926v1                    24.07%    passed    100.00%
 103  GCF_003431825.1_ASM343182v1                    25.10%    passed    100.00%
 104  GCF_003855495.1_ASM385549v1                    23.55%    passed    100.00%
 105  GCF_003940805.1_ASM394080v1                    24.20%    passed    100.00%
 106  GCF_003952725.1_ASM395272v1                    35.14%    passed     90.08%
 107  GCF_004114955.1_ASM411495v1                    20.59%    passed    100.00%
 108  GCF_004136295.1_ASM413629v1                    22.39%    passed     99.25%
 109  GCF_004216475.1_ASM421647v1                    20.46%    passed     99.99%
 110  GCF_004331955.1_ASM433195v1                    21.62%    passed     98.24%
 111  GCF_004354345.1_ASM435434v1                    35.91%    passed     98.22%
 112  GCF_005311585.1_ASM531158v1                    24.07%    passed    100.00%
 113  GCF_005860795.2_ASM586079v2                    45.05%    passed     97.66%
 114  GCF_006542605.1_ASM654260v1                    25.48%    passed    100.00%
 115  GCF_006740745.1_ASM674074v1                    21.75%    passed     99.86%
 116  GCF_007005445.1_ASM700544v1                    21.11%    passed     99.88%
 117  GCF_007290395.1_ASM729039v1                    20.08%    passed     99.96%
 118  GCF_007954425.1_ASM795442v1                    33.98%    passed     99.86%
 119  GCF_008000895.1_ASM800089v1                    21.75%    passed     92.63%
 120  GCF_008000915.1_ASM800091v1                    22.65%    passed     94.45%
 121  GCF_008728195.1_ASM872819v1                    20.59%    passed    100.00%
 122  GCF_008843145.1_ASM884314v1                    24.20%    passed     99.94%
 123  GCF_008932115.1_ASM893211v1                    20.21%    passed     99.87%
 124  GCF_009363255.1_ASM936325v1                    19.18%    passed     99.92%
 125  GCF_009363495.1_ASM936349v1                    19.18%    passed     99.92%
 126  GCF_009363575.1_ASM936357v1                    19.18%    passed     99.62%
 127  GCF_009363615.1_ASM936361v1                    20.46%    passed    100.00%
 128  GCF_009363635.1_ASM936363v1                    33.08%    passed     98.26%
 129  GCF_009363655.1_ASM936365v1                    20.46%    passed    100.00%
 130  GCF_009363715.1_ASM936371v1                    20.33%    passed     99.99%
 131  GCF_009363735.1_ASM936373v1                    20.59%    passed    100.00%
 132  GCF_009363795.1_ASM936379v1                    21.75%    passed    100.00%
 133  GCF_009650195.1_ASM965019v1                    22.52%    passed     96.97%
 134  GCF_009664085.1_ASM966408v1                    20.98%    passed    100.00%
 135  GCF_009685175.1_ASM968517v1                    23.81%    passed    100.00%
 136  GCF_009707465.1_ASM970746v1                    34.88%    passed     99.56%
 137  GCF_009762325.1_ASM976232v1                    21.88%    passed    100.00%
 138  GCF_009797665.1_ASM979766v1                    21.88%    passed    100.00%
 139  GCF_009859815.1_ASM985981v1                    24.20%    passed     98.26%
 140  GCF_010104355.1_ASM1010435v1                   24.20%    passed     98.26%
 141  GCF_011040475.1_ASM1104047v1                   23.68%    passed     99.96%
 142  GCF_011044255.1_ASM1104425v1                   34.62%    passed    100.00%
 143  GCF_011047315.1_ASM1104731v1                   34.49%    passed     99.15%
 144  GCF_011290485.1_ASM1129048v1                   21.62%    passed    100.00%
 145  GCF_011388215.1_ASM1138821v1                   22.27%    passed     15.86%
 146  GCF_012647365.1_ASM1264736v1                   24.07%    passed    100.00%
 147  GCF_012932215.1_ASM1293221v1                   21.11%    passed    100.00%
 148  GCF_013170845.1_ASM1317084v1                   30.37%    passed    100.00%
 149  GCF_013307245.1_ASM1330724v1                   25.87%    failed      0.00%
 150  GCF_013374095.1_ASM1337409v1                   31.92%    passed    100.00%
 151  GCF_013378075.1_ASM1337807v1                   33.72%    passed     98.06%
 152  GCF_013415845.1_ASM1341584v1                   21.36%    passed     99.86%
 153  GCF_014117445.1_ASM1411744v1                   35.65%    passed     81.22%
 154  GCF_014495845.1_ASM1449584v1                   36.81%    passed     89.07%
 155  GCF_014622665.1_ASM1462266v1                   23.42%    passed     98.98%
 156  GCF_014681765.1_ASM1468176v1                   23.55%    passed     97.62%
 157  GCF_015679265.1_ASM1567926v1                   21.62%    passed     99.99%
 158  GCF_016584445.1_ASM1658444v1                   21.36%    passed     99.86%
 159  GCF_016653635.2_ASM1665363v2                   24.45%    passed     99.48%
 160  GCF_016765655.2_ASM1676565v2                   24.97%    passed     98.92%
 161  GCF_016806065.1_ASM1680606v1                   22.27%    passed     92.99%
 162  GCF_016806835.2_ASM1680683v2                   24.32%    passed     99.96%
 163  GCF_016839165.1_ASM1683916v1                   20.21%    passed     99.49%
 164  GCF_017347565.1_ASM1734756v1                   21.75%    passed     85.56%
 165  GCF_017498565.1_ASM1749856v1                   29.60%    passed     14.76%
 166  GCF_017795885.1_ASM1779588v1                   22.27%    passed     99.92%
 167  GCF_018200035.1_ASM1820003v1                   25.10%    passed    100.00%
 168  GCF_018205975.1_ASM1820597v1                   33.08%    passed     92.99%
 169  GCF_018399035.1_ASM1839903v1                   20.33%    passed     99.95%
 170  GCF_018409545.1_ASM1840954v1                   24.07%    passed    100.00%
 171  GCF_018687415.1_ASM1868741v1                   29.34%    failed      0.83%
 172  GCF_018687475.1_ASM1868747v1                   20.59%    passed     33.87%
 173  GCF_018687675.1_ASM1868767v1                   21.24%    failed      0.00%
 174  GCF_018688155.1_ASM1868815v1                   33.20%    failed      0.96%
 175  GCF_018688255.1_ASM1868825v1                   21.11%    failed      0.00%
 176  GCF_018982885.2_ASM1898288v2                   36.94%    passed     77.01%
 177  GCF_019134555.1_ASM1913455v1                   32.05%    passed     94.68%
 178  GCF_019203965.1_ASM1920396v1                   23.29%    passed     74.60%
 179  GCF_019431245.1_ASM1943124v1                   37.07%    passed     65.44%
 180  GCF_019443285.1_ASM1944328v1                   34.88%    passed     99.99%
 181  GCF_019623905.1_ASM1962390v1                   24.32%    passed    100.00%
 182  GCF_019904235.1_ASM1990423v1                   32.56%    passed     81.70%
 183  GCF_019973775.1_ASM1997377v1                   46.72%    passed     57.35%
 184  GCF_020866845.1_ASM2086684v1                   34.36%    passed    100.00%
 185  GCF_021088345.1_ASM2108834v1                   25.10%    passed    100.00%
 186  GCF_021117295.1_ASM2111729v1                   21.75%    passed     99.38%
 187  GCF_021228015.1_ASM2122801v1                   22.78%    passed     72.73%
 188  GCF_021228795.1_ASM2122879v1                   24.71%    passed    100.00%
 189  GCF_021391315.1_ASM2139131v1                   24.07%    passed    100.00%
 190  GCF_021391535.1_ASM2139153v1                   24.20%    passed     97.51%
 191  GCF_021398735.1_ASM2139873v1                   21.88%    passed     87.46%
 192  GCF_021431965.1_ASM2143196v1                   19.82%    passed     92.80%
 193  GCF_021484845.1_ASM2148484v1                   21.49%    passed     93.69%
 194  GCF_022227035.1_ASM2222703v1                   24.07%    passed    100.00%
 195  GCF_022370455.1_ASM2237045v1                   24.07%    passed    100.00%
 196  GCF_022410435.1_ASM2241043v1                   21.62%    passed     99.85%
 197  GCF_022533465.1_ASM2253346v1                   22.14%    passed     99.86%
 198  GCF_022558965.1_ASM2255896v1                   22.39%    passed     79.71%
 199  GCF_022846615.1_ASM2284661v1                   22.52%    passed     99.25%
 200  GCF_023243115.1_ASM2324311v1                   20.59%    passed    100.00%
 201  GCF_023380025.1_ASM2338002v1                   34.75%    passed     97.04%
 202  GCF_023546765.1_ASM2354676v1                   21.24%    passed     99.99%
 203  GCF_023558335.1_ASM2355833v1                   20.85%    passed    100.00%
 204  GCF_023558355.1_ASM2355835v1                   20.85%    passed    100.00%
 205  GCF_023573145.1_ASM2357314v1                   27.03%    passed     96.43%
 206  GCF_023823125.1_ASM2382312v1                   19.56%    passed     99.23%
 207  GCF_024496245.1_ASM2449624v1                   20.72%    passed     99.83%
 208  GCF_024758705.1_ASM2475870v1                   21.36%    passed    100.00%
 209  GCF_024758725.1_ASM2475872v1                   34.49%    passed     99.99%
 210  GCF_025141175.1_ASM2514117v1                   34.49%    passed    100.00%
 211  GCF_025141935.1_ASM2514193v1                   19.82%    passed     99.28%
 212  GCF_025398155.2_ASM2539815v2                   21.88%    passed     71.78%
 213  GCF_025811215.1_ASM2581121v1                   21.49%    passed     99.94%
 214  GCF_025811355.1_ASM2581135v1                   21.49%    passed     99.92%
 215  GCF_025811435.1_ASM2581143v1                   21.36%    passed     99.97%
 216  GCF_025813715.1_ASM2581371v1                   22.27%    passed     85.25%
 217  GCF_025917005.1_ASM2591700v1                   25.74%    passed     99.94%
 218  GCF_026122595.1_ASM2612259v1                   22.14%    passed     91.61%
 219  GCF_026122615.1_ASM2612261v1                   22.14%    passed     91.61%
 220  GCF_026167525.1_ASM2616752v1                   34.75%    passed    100.00%
 221  GCF_026167545.1_ASM2616754v1                   20.46%    passed     99.89%
 222  GCF_026625025.1_ASM2662502v1                   21.36%    passed     99.86%
 223  GCF_026898155.1_ASM2689815v1                   21.62%    passed     99.98%
 224  GCF_027271155.1_ASM2727115v1                   21.88%    passed    100.00%
 225  GCF_027886585.1_ASM2788658v1                   20.46%    passed    100.00%
 226  GCF_027912195.1_ASM2791219v1                   21.36%    passed     99.94%
 227  GCF_027943985.1_ASM2794398v1                   16.73%    failed      0.64%
 228  GCF_027944005.1_ASM2794400v1                   16.73%    failed      0.64%
 229  GCF_028621955.1_ASM2862195v1                   24.58%    passed     98.22%
 230  GCF_028885395.1_ASM2888539v1                   21.24%    passed     99.99%
 231  GCF_029277405.1_ASM2927740v1                   23.42%    passed     99.08%
 232  GCF_029581395.1_ASM2958139v1                   22.91%    passed     99.97%
 233  GCF_029691625.1_ASM2969162v1                   21.49%    passed     96.80%
 234  GCF_029714205.1_ASM2971420v1                   22.91%    passed     76.53%
 235  GCF_029761955.1_ASM2976195v1                   22.14%    passed     88.83%
 236  GCF_030062705.1_ASM3006270v1                   22.01%    passed     98.08%
 237  GCF_030252425.1_ASM3025242v1                   30.89%    passed     86.16%
 238  GCF_030255395.1_ASM3025539v1                   22.27%    passed     98.02%
 239  GCF_030297555.1_ASM3029755v1                   20.59%    passed     56.71%
 240  GCF_030297575.1_ASM3029757v1                   20.59%    passed     43.72%
 241  GCF_030297595.1_ASM3029759v1                   20.59%    passed     45.08%
 242  GCF_030297615.1_ASM3029761v1                   20.46%    passed     29.06%
 243  GCF_030297635.1_ASM3029763v1                   20.46%    passed     34.72%
 244  GCF_030297655.1_ASM3029765v1                   20.46%    passed     34.72%
 245  GCF_030297675.1_ASM3029767v1                   20.46%    passed     34.72%
 246  GCF_900176205.1_BRAD285_PRJEB202261_v1         24.45%    passed    100.00%
 247  GCF_901457705.2_RHAL1_v2                       22.14%    passed     99.51%
 248  GCF_937425535.1_Rhodovastum_atsumiense_G2-11   27.16%    passed     99.69%
****  TOTAL                                          24.17%  8 sequences failed composition chi2 test (p-value<5%; df=19)
NOTE: GCF_000225955.1_ASM22595v1 is identical to GCF_000013085.1_ASM1308v1 but kept for subsequent analysis
NOTE: GCF_002983865.1_ASM298386v1 is identical to GCF_000014045.1_ASM1404v1 but kept for subsequent analysis
NOTE: GCF_023558335.1_ASM2355833v1 is identical to GCF_000018145.1_ASM1814v1 but kept for subsequent analysis
NOTE: GCF_030255395.1_ASM3025539v1 is identical to GCF_000018845.1_ASM1884v1 but kept for subsequent analysis
NOTE: GCF_029714205.1_ASM2971420v1 is identical to GCF_000019365.1_ASM1936v1 but kept for subsequent analysis
NOTE: GCF_016584445.1_ASM1658444v1 is identical to GCF_000195775.2_ASM19577v2 but kept for subsequent analysis
NOTE: GCF_003254375.1_ASM325437v1 is identical to GCF_000757795.1_ASM75779v1 but kept for subsequent analysis
NOTE: GCF_001685625.1_ASM168562v1 is identical to GCF_001576595.1_ASM157659v1 but kept for subsequent analysis
NOTE: GCF_001633165.1_ASM163316v1 is identical to GCF_001633145.1_ASM163314v1 but kept for subsequent analysis
NOTE: GCF_009650195.1_ASM965019v1 is identical to GCF_001713475.1_ASM171347v1 but kept for subsequent analysis
NOTE: GCF_003288315.1_ASM328831v1 is identical to GCF_002080415.1_ASM208041v1 but kept for subsequent analysis
NOTE: GCF_025811215.1_ASM2581121v1 is identical to GCF_003031265.1_ASM303126v1 but kept for subsequent analysis
NOTE: GCF_021391315.1_ASM2139131v1 is identical to GCF_003429265.1_ASM342926v1 but kept for subsequent analysis
NOTE: GCF_009363495.1_ASM936349v1 is identical to GCF_009363255.1_ASM936325v1 but kept for subsequent analysis
NOTE: GCF_010104355.1_ASM1010435v1 is identical to GCF_009859815.1_ASM985981v1 but kept for subsequent analysis
NOTE: GCF_026122615.1_ASM2612261v1 is identical to GCF_026122595.1_ASM2612259v1 but kept for subsequent analysis
NOTE: GCF_027944005.1_ASM2794400v1 is identical to GCF_027943985.1_ASM2794398v1 but kept for subsequent analysis
NOTE: GCF_030297655.1_ASM3029765v1 is identical to GCF_030297635.1_ASM3029763v1 but kept for subsequent analysis
NOTE: 8 identical sequences (see below) will be ignored for subsequent analysis
NOTE: GCF_019134555.1_ASM1913455v1 (identical to GCF_000013085.1_ASM1308v1) is ignored but added at the end
NOTE: GCF_023558355.1_ASM2355835v1 (identical to GCF_000018145.1_ASM1814v1) is ignored but added at the end
NOTE: GCF_026625025.1_ASM2662502v1 (identical to GCF_000195775.2_ASM19577v2) is ignored but added at the end
NOTE: GCF_002706325.1_ASM270632v1 (identical to GCF_001576595.1_ASM157659v1) is ignored but added at the end
NOTE: GCF_003324715.1_ASM332471v1 (identical to GCF_001576595.1_ASM157659v1) is ignored but added at the end
NOTE: GCF_012647365.1_ASM1264736v1 (identical to GCF_001576595.1_ASM157659v1) is ignored but added at the end
NOTE: GCF_022227035.1_ASM2222703v1 (identical to GCF_003429265.1_ASM342926v1) is ignored but added at the end
NOTE: GCF_030297675.1_ASM3029767v1 (identical to GCF_030297635.1_ASM3029763v1) is ignored but added at the end
Alignment was printed to results/tree/PGC_crtC/PGC_crtC.uniqueseq.phy

For your convenience alignment with unique sequences printed to results/tree/PGC_crtC/PGC_crtC.uniqueseq.phy


Create initial parsimony tree by phylogenetic likelihood library (PLL)... 0.190 seconds
Perform fast likelihood tree search using LG+I+G model...
Estimate model parameters (epsilon = 5.000)
Perform nearest neighbor interchange...
Estimate model parameters (epsilon = 1.000)
1. Initial log-likelihood: -84655.068
Optimal log-likelihood: -84655.004
Proportion of invariable sites: 0.131
Gamma shape alpha: 0.986
Parameters optimization took 1 rounds (2.663 sec)
Time for fast ML tree search: 26.481 seconds

NOTE: ModelFinder requires 265 MB RAM!
ModelFinder will test up to 702 protein models (sample size: 777) ...
 No. Model         -LnL         df  AIC          AICc         BIC
  1  LG            91095.112    477 183144.223   184669.347   185364.868
  2  LG+I          88682.126    478 178320.252   179856.910   180545.553
  3  LG+G4         84825.811    478 170607.622   172144.279   172832.922
  4  LG+I+G4       84655.003    479 170268.007   171816.290   172497.963
  5  LG+R2         86068.423    479 173094.845   174643.128   175324.801
  6  LG+R3         84951.687    481 170865.374   172437.184   173104.640
  7  LG+R4         84666.202    483 170298.404   171894.117   172546.982
  8  LG+R5         84595.477    485 170160.954   171780.954   172418.842
  9  LG+R6         84527.153    487 170028.306   171672.984   172295.505
 10  LG+R7         84508.149    489 169994.298   171664.054   172270.808
 11  LG+R8         84504.127    491 169990.254   171685.496   172276.075
 23  LG+F+R7       67703.733    508 136423.465   138353.107   138788.429
 24  LG+F+R8       67701.232    510 136422.464   138381.937   138796.738
 36  WAG+R7        84067.972    489 169113.945   170783.701   171390.455
 37  WAG+R8        84063.682    491 169109.363   170804.605   171395.184
 49  WAG+F+R7      67726.944    508 136469.889   138399.531   138834.853
 50  WAG+F+R8      67722.067    510 136464.133   138423.607   138838.408
 62  JTT+R7        85634.461    489 172246.921   173916.677   174523.431
 63  JTT+R8        85629.420    491 172240.841   173936.083   174526.662
 75  JTT+F+R7      70237.881    508 141491.762   143421.404   143856.726
 76  JTT+F+R8      70237.703    510 141495.407   143454.880   143869.681
 88  Q.pfam+R7     84404.839    489 169787.678   171457.434   172064.188
 89  Q.pfam+R8     84400.729    491 169783.459   171478.701   172069.280
101  Q.pfam+F+R7   67906.261    508 136828.523   138758.165   139193.487
102  Q.pfam+F+R8   67900.504    510 136821.009   138780.482   139195.283
114  Q.bird+R7     89798.236    489 180574.472   182244.228   182850.982
115  Q.bird+R8     89793.955    491 180569.910   182265.152   182855.731
127  Q.bird+F+R7   74937.318    508 150890.637   152820.279   153255.601
128  Q.bird+F+R8   74935.487    510 150890.974   152850.447   153265.248
140  Q.mammal+R7   88407.966    489 177793.931   179463.687   180070.441
141  Q.mammal+R8   88403.407    491 177788.815   179484.057   180074.636
153  Q.mammal+F+R7 73004.914    508 147025.829   148955.471   149390.793
154  Q.mammal+F+R8 73004.268    510 147028.536   148988.010   149402.811
166  Q.insect+R7   86238.740    489 173455.480   175125.236   175731.990
167  Q.insect+R8   86233.843    491 173449.685   175144.927   175735.506
179  Q.insect+F+R7 68268.127    508 137552.254   139481.896   139917.218
180  Q.insect+F+R8 68265.745    510 137551.491   139510.964   139925.765
192  Q.plant+R7    89860.042    489 180698.085   182367.841   182974.595
193  Q.plant+R8    89852.362    491 180686.724   182381.966   182972.545
205  Q.plant+F+R7  72422.099    508 145860.199   147789.841   148225.163
206  Q.plant+F+R8  72413.789    510 145847.577   147807.051   148221.852
218  Q.yeast+R7    87731.168    489 176440.337   178110.093   178716.847
219  Q.yeast+R8    87726.704    491 176435.408   178130.651   178721.230
231  Q.yeast+F+R7  68370.682    508 137757.363   139687.005   140122.327
232  Q.yeast+F+R8  68364.787    510 137749.574   139709.048   140123.849
244  JTTDCMut+R7   85473.936    489 171925.872   173595.628   174202.382
245  JTTDCMut+R8   85469.018    491 171920.036   173615.278   174205.858
257  JTTDCMut+F+R7 70132.265    508 141280.529   143210.171   143645.493
258  JTTDCMut+F+R8 70130.414    510 141280.828   143240.302   143655.103
270  DCMut+R7      90720.387    489 182418.774   184088.531   184695.285
271  DCMut+R8      90711.471    491 182404.943   184100.185   184690.764
283  DCMut+F+R7    74236.480    508 149488.961   151418.602   151853.924
284  DCMut+F+R8    74214.401    510 149448.803   151408.276   151823.077
296  VT+R7         84201.486    489 169380.973   171050.729   171657.483
297  VT+R8         84195.943    491 169373.885   171069.127   171659.707
309  VT+F+R7       67152.479    508 135320.959   137250.601   137685.922
310  VT+F+R8       67149.179    510 135318.358   137277.831   137692.632
322  PMB+R7        82435.963    489 165849.925   167519.681   168126.436
323  PMB+R8        82434.539    491 165851.077   167546.319   168136.898
335  PMB+F+R7      66870.692    508 134757.383   136687.025   137122.347
WARNING: Log-likelihood -66873.7 of PMB+F+R8 worse than PMB+F+R7 -66870.7
336  PMB+F+R8      66873.737    510 134767.474   136726.947   137141.748
348  Blosum62+R7   82402.118    489 165782.235   167451.991   168058.746
349  Blosum62+R8   82401.073    491 165784.146   167479.388   168069.967
361  Blosum62+F+R7 66398.263    508 133812.526   135742.168   136177.490
362  Blosum62+F+R8 66395.727    510 133811.454   135770.928   136185.729
374  Dayhoff+R7    90712.693    489 182403.387   184073.143   184679.897
375  Dayhoff+R8    90704.109    491 182390.217   184085.460   184676.039
387  Dayhoff+F+R7  74235.734    508 149487.467   151417.109   151852.431
388  Dayhoff+F+R8  74216.428    510 149452.855   151412.329   151827.130
400  mtREV+R7      90630.673    489 182239.346   183909.102   184515.856
401  mtREV+R8      90617.918    491 182217.835   183913.077   184503.656
413  mtREV+F+R7    72677.068    508 146370.135   148299.777   148735.099
414  mtREV+F+R8    72660.211    510 146340.422   148299.895   148714.696
426  mtART+R7      89017.802    489 179013.604   180683.360   181290.115
427  mtART+R8      89009.719    491 179001.439   180696.681   181287.260
439  mtART+F+R7    70070.419    508 141156.838   143086.480   143521.802
440  mtART+F+R8    70042.214    510 141104.428   143063.902   143478.703
452  mtZOA+R7      84399.112    489 169776.224   171445.980   172052.734
WARNING: Log-likelihood -84421 of mtZOA+R8 worse than mtZOA+R7 -84399.1
453  mtZOA+R8      84421.038    491 169824.075   171519.317   172109.896
465  mtZOA+F+R7    68649.377    508 138314.754   140244.396   140679.718
466  mtZOA+F+R8    68633.766    510 138287.532   140247.005   140661.806
478  mtMet+R7      88331.281    489 177640.561   179310.317   179917.072
479  mtMet+R8      88330.540    491 177643.080   179338.322   179928.901
491  mtMet+F+R7    71040.262    508 143096.524   145026.166   145461.488
WARNING: Log-likelihood -71043.7 of mtMet+F+R8 worse than mtMet+F+R7 -71040.3
492  mtMet+F+R8    71043.664    510 143107.327   145066.801   145481.602
504  mtVer+R7      90396.244    489 181770.488   183440.244   184046.999
505  mtVer+R8      90394.580    491 181771.160   183466.402   184056.981
517  mtVer+F+R7    74143.373    508 149302.746   151232.388   151667.710
518  mtVer+F+R8    74128.212    510 149276.425   151235.899   151650.699
530  mtInv+R7      87086.656    489 175151.312   176821.068   177427.822
531  mtInv+R8      87083.394    491 175148.789   176844.031   177434.610
543  mtInv+F+R7    68483.697    508 137983.393   139913.035   140348.357
544  mtInv+F+R8    68482.837    510 137985.674   139945.148   140359.949
556  mtMAM+R7      99292.975    489 199563.950   201233.706   201840.460
557  mtMAM+R8      99253.453    491 199488.905   201184.147   201774.726
569  mtMAM+F+R7    80619.163    508 162254.325   164183.967   164619.289
570  mtMAM+F+R8    80591.629    510 162203.258   164162.732   164577.533
582  HIVb+R7       93922.281    489 188822.563   190492.319   191099.073
583  HIVb+R8       93921.874    491 188825.749   190520.991   191111.570
595  HIVb+F+R7     76596.498    508 154208.995   156138.637   156573.959
596  HIVb+F+R8     76569.600    510 154159.201   156118.674   156533.475
608  HIVw+R7       104248.388   489 209474.776   211144.532   211751.286
609  HIVw+R8       104246.274   491 209474.547   211169.789   211760.368
621  HIVw+F+R7     81807.669    508 164631.339   166560.981   166996.303
622  HIVw+F+R8     81755.214    510 164530.428   166489.902   166904.703
634  FLU+R7        96891.621    489 194761.242   196430.999   197037.753
635  FLU+R8        96869.074    491 194720.148   196415.390   197005.969
647  FLU+F+R7      75966.710    508 152949.421   154879.062   155314.384
648  FLU+F+R8      75920.533    510 152861.066   154820.539   155235.340
660  rtREV+R7      84372.836    489 169723.672   171393.428   172000.183
661  rtREV+R8      84371.297    491 169724.594   171419.836   172010.415
673  rtREV+F+R7    68181.093    508 137378.185   139307.827   139743.149
674  rtREV+F+R8    68177.874    510 137375.747   139335.221   139750.022
686  cpREV+R7      86285.688    489 173549.376   175219.132   175825.886
WARNING: Log-likelihood -86288.7 of cpREV+R8 worse than cpREV+R7 -86285.7
687  cpREV+R8      86288.701    491 173559.402   175254.644   175845.224
699  cpREV+F+R7    69097.636    508 139211.271   141140.913   141576.235
700  cpREV+F+R8    69094.933    510 139209.866   141169.339   141584.140
Akaike Information Criterion:           Blosum62+F+R8
Corrected Akaike Information Criterion: Blosum62+F+R7
Bayesian Information Criterion:         Blosum62+F+R7
Best-fit model: Blosum62+F+R7 chosen according to BIC

All model information printed to results/tree/PGC_crtC/PGC_crtC.model.gz
CPU time for ModelFinder: 125256.643 seconds (34h:47m:36s)
Wall-clock time for ModelFinder: 125284.044 seconds (34h:48m:4s)
WARNING: States(s) N, D, Q, E, I, L, K, F, P, V rarely appear in alignment and may cause numerical problems

NOTE: 185 MB RAM (0 GB) is required!
Estimate model parameters (epsilon = 0.100)
1. Initial log-likelihood: -66398.263
Optimal log-likelihood: -66398.192
Site proportion and rates:  (0.202,0.019) (0.119,0.163) (0.114,0.451) (0.197,0.866) (0.182,1.437) (0.144,2.282) (0.042,3.893)
Parameters optimization took 1 rounds (15.604 sec)
Computing ML distances based on estimated model parameters...
Computing ML distances took 14.089152 sec (of wall-clock time) 14.088456 sec(of CPU time)
Computing RapidNJ tree took 0.013717 sec (of wall-clock time) 0.024425 sec (of CPU time)
Log-likelihood of RapidNJ tree: -67060.697
--------------------------------------------------------------------
|             INITIALIZING CANDIDATE TREE SET                      |
--------------------------------------------------------------------
Generating 98 parsimony trees... 22.960 second
Computing log-likelihood of 98 initial trees ... 137.831 seconds
Current best score: -66398.192

Do NNI search on 20 best initial trees
Estimate model parameters (epsilon = 0.100)
BETTER TREE FOUND at iteration 1: -66301.444
Estimate model parameters (epsilon = 0.100)
BETTER TREE FOUND at iteration 2: -66284.887
Iteration 10 / LogL: -66341.952 / Time: 0h:13m:27s
Iteration 20 / LogL: -66355.862 / Time: 0h:20m:12s
Finish initializing candidate tree set (20)
Current best tree score: -66284.887 / CPU time: 1167.500
Number of iterations: 20
--------------------------------------------------------------------
|               OPTIMIZING CANDIDATE TREE SET                      |
--------------------------------------------------------------------
Estimate model parameters (epsilon = 0.100)
BETTER TREE FOUND at iteration 22: -66274.445
Estimate model parameters (epsilon = 0.100)
BETTER TREE FOUND at iteration 28: -66263.268
Iteration 30 / LogL: -66284.377 / Time: 0h:28m:26s (1h:36m:6s left)
Iteration 40 / LogL: -66280.703 / Time: 0h:35m:29s (1h:20m:4s left)
Estimate model parameters (epsilon = 0.100)
BETTER TREE FOUND at iteration 43: -66248.061
Estimate model parameters (epsilon = 0.100)
BETTER TREE FOUND at iteration 45: -66236.271
Estimate model parameters (epsilon = 0.100)
BETTER TREE FOUND at iteration 47: -66226.307
Iteration 50 / LogL: -66237.852 / Time: 0h:44m:31s (1h:28m:8s left)
Estimate model parameters (epsilon = 0.100)
BETTER TREE FOUND at iteration 56: -66217.651
Estimate model parameters (epsilon = 0.100)
BETTER TREE FOUND at iteration 59: -66215.405
Iteration 60 / LogL: -66224.036 / Time: 0h:51m:56s (1h:27m:9s left)
Estimate model parameters (epsilon = 0.100)
BETTER TREE FOUND at iteration 68: -66213.670
Iteration 70 / LogL: -66231.266 / Time: 0h:59m:19s (1h:24m:15s left)
Estimate model parameters (epsilon = 0.100)
BETTER TREE FOUND at iteration 78: -66209.159
Iteration 80 / LogL: -66227.276 / Time: 1h:6m:22s (1h:22m:20s left)
Iteration 90 / LogL: -66364.900 / Time: 1h:12m:53s (1h:12m:3s left)
Estimate model parameters (epsilon = 0.100)
BETTER TREE FOUND at iteration 96: -66208.371
Iteration 100 / LogL: -66211.195 / Time: 1h:20m:24s (1h:17m:57s left)
Iteration 110 / LogL: -66213.196 / Time: 1h:27m:4s (1h:8m:41s left)
Estimate model parameters (epsilon = 0.100)
BETTER TREE FOUND at iteration 117: -66207.232
Iteration 120 / LogL: -66267.535 / Time: 1h:34m:28s (1h:17m:0s left)
Iteration 130 / LogL: -66288.379 / Time: 1h:41m:6s (1h:8m:11s left)
Iteration 140 / LogL: -66211.919 / Time: 1h:47m:51s (0h:59m:44s left)
Estimate model parameters (epsilon = 0.100)
BETTER TREE FOUND at iteration 143: -66202.897
Iteration 150 / LogL: -66227.538 / Time: 1h:54m:38s (1h:11m:33s left)
Estimate model parameters (epsilon = 0.100)
BETTER TREE FOUND at iteration 152: -66201.907
Iteration 160 / LogL: -66397.649 / Time: 2h:1m:42s (1h:10m:25s left)
Iteration 170 / LogL: -66218.706 / Time: 2h:8m:23s (1h:2m:17s left)
Iteration 180 / LogL: -66203.362 / Time: 2h:14m:53s (0h:54m:15s left)
Iteration 190 / LogL: -66242.995 / Time: 2h:21m:23s (0h:46m:22s left)
Estimate model parameters (epsilon = 0.100)
BETTER TREE FOUND at iteration 193: -66198.727
Estimate model parameters (epsilon = 0.100)
BETTER TREE FOUND at iteration 199: -66195.105
Iteration 200 / LogL: -66205.831 / Time: 2h:29m:36s (1h:14m:25s left)
Iteration 210 / LogL: -66409.208 / Time: 2h:35m:46s (1h:6m:19s left)
Iteration 220 / LogL: -66304.094 / Time: 2h:42m:35s (0h:58m:39s left)
Iteration 230 / LogL: -66199.693 / Time: 2h:48m:56s (0h:50m:54s left)
Iteration 240 / LogL: -66220.957 / Time: 2h:55m:20s (0h:43m:17s left)
Iteration 250 / LogL: -66199.129 / Time: 3h:1m:49s (0h:35m:46s left)
Iteration 260 / LogL: -66207.008 / Time: 3h:8m:17s (0h:28m:21s left)
Iteration 270 / LogL: -66222.126 / Time: 3h:15m:6s (0h:21m:2s left)
Estimate model parameters (epsilon = 0.100)
BETTER TREE FOUND at iteration 274: -66193.647
Iteration 280 / LogL: -66272.815 / Time: 3h:21m:37s (1h:7m:55s left)
Iteration 290 / LogL: -66198.509 / Time: 3h:28m:7s (1h:0m:29s left)
Iteration 300 / LogL: -66208.175 / Time: 3h:34m:26s (0h:53m:4s left)
Iteration 310 / LogL: -66199.634 / Time: 3h:41m:16s (0h:45m:49s left)
Iteration 320 / LogL: -66213.734 / Time: 3h:47m:46s (0h:38m:33s left)
Iteration 330 / LogL: -66303.872 / Time: 3h:54m:23s (0h:31m:20s left)
Iteration 340 / LogL: -66195.340 / Time: 4h:1m:4s (0h:24m:10s left)
Estimate model parameters (epsilon = 0.100)
BETTER TREE FOUND at iteration 349: -66188.739
Iteration 350 / LogL: -66270.377 / Time: 4h:7m:50s (1h:10m:18s left)
Iteration 360 / LogL: -66228.719 / Time: 4h:14m:20s (1h:3m:3s left)
Iteration 370 / LogL: -66193.000 / Time: 4h:21m:10s (0h:55m:54s left)
Iteration 380 / LogL: -66229.157 / Time: 4h:27m:30s (0h:48m:42s left)
Iteration 390 / LogL: -66229.999 / Time: 4h:34m:23s (0h:41m:37s left)
Iteration 400 / LogL: -66815.795 / Time: 4h:41m:23s (0h:34m:33s left)
Iteration 410 / LogL: -66193.606 / Time: 4h:48m:14s (0h:27m:29s left)
Iteration 420 / LogL: -66204.993 / Time: 4h:54m:57s (0h:20m:24s left)
Iteration 430 / LogL: -66224.844 / Time: 5h:1m:21s (0h:13m:20s left)
Iteration 440 / LogL: -66232.742 / Time: 5h:8m:24s (0h:6m:19s left)
Iteration 450 / LogL: -66190.323 / Time: 5h:15m:5s (0h:0m:-43s left)
TREE SEARCH COMPLETED AFTER 450 ITERATIONS / Time: 5h:15m:5s

--------------------------------------------------------------------
|                    FINALIZING TREE SEARCH                        |
--------------------------------------------------------------------
Performs final model parameters optimization
Estimate model parameters (epsilon = 0.010)
1. Initial log-likelihood: -66188.739
2. Current log-likelihood: -66188.721
3. Current log-likelihood: -66188.706
4. Current log-likelihood: -66188.695
Optimal log-likelihood: -66188.686
Site proportion and rates:  (0.203,0.017) (0.141,0.185) (0.140,0.546) (0.199,0.983) (0.174,1.632) (0.109,2.496) (0.035,4.091)
Parameters optimization took 4 rounds (72.236 sec)
BEST SCORE FOUND : -66188.686
Total tree length: 31.554

Total number of iterations: 450
CPU time used for tree search: 18838.587 sec (5h:13m:58s)
Wall-clock time used for tree search: 18859.762 sec (5h:14m:19s)
Total CPU time used: 18956.336 sec (5h:15m:56s)
Total wall-clock time used: 18977.614 sec (5h:16m:17s)

Analysis results written to: 
  IQ-TREE report:                results/tree/PGC_crtC/PGC_crtC.iqtree
  Maximum-likelihood tree:       results/tree/PGC_crtC/PGC_crtC.treefile
  Likelihood distances:          results/tree/PGC_crtC/PGC_crtC.mldist
  Screen log file:               results/tree/PGC_crtC/PGC_crtC.log

Date and Time: Sat Jun 22 01:57:51 2024
