IQ-TREE multicore version 2.1.4-beta COVID-edition for Linux 64-bit built Jun 24 2021
Developed by Bui Quang Minh, James Barbetti, Nguyen Lam Tung,
Olga Chernomor, Heiko Schmidt, Dominik Schrempf, Michael Woodhams.

Host:    morrowind (AVX2, FMA3, 503 GB RAM)
Command: iqtree2 -s results/fasta_PGC/gene_trimmed/PGC_bchM_trim.phy -pre results/tree/PGC_bchM/PGC_bchM
Seed:    629252 (Using SPRNG - Scalable Parallel Random Number Generator)
Time:    Thu Jun 20 09:53:29 2024
Kernel:  AVX+FMA - 1 threads (128 CPU cores detected)

HINT: Use -nt option to specify number of threads because your CPU has 128 cores!
HINT: -nt AUTO will automatically determine the best number of threads to use.

Reading alignment file results/fasta_PGC/gene_trimmed/PGC_bchM_trim.phy ... Phylip format detected
Alignment most likely contains protein sequences
WARNING: 21 sites contain only gaps or ambiguous characters.
Alignment has 249 sequences with 645 columns, 565 distinct patterns
459 parsimony-informative, 73 singleton sites, 113 constant sites
                                              Gap/Ambiguity  Composition  p-value
   1  GCA_011765465.1_ASM1176546v1                   21.71%    passed    100.00%
   2  GCA_015693905.1_ASM1569390v1                   21.24%    passed     99.54%
   3  GCA_016745215.1_scaff03                        21.24%    passed     99.79%
   4  GCA_019285715.1_ASM1928571v1                   24.50%    passed     99.86%
   5  GCA_019739335.1_ASM1973933v1                   21.24%    passed     99.94%
   6  GCF_000013085.1_ASM1308v1                      21.86%    passed    100.00%
   7  GCF_000013365.1_ASM1336v1                      22.64%    passed    100.00%
   8  GCF_000013565.1_ASM1356v1                      22.64%    passed    100.00%
   9  GCF_000014045.1_ASM1404v1                      22.17%    passed    100.00%
  10  GCF_000015165.1_ASM1516v1                      22.33%    passed     99.99%
  11  GCF_000015585.1_ASM1558v1                      22.17%    passed     99.10%
  12  GCF_000016185.1_ASM1618v1                      23.26%    passed    100.00%
  13  GCF_000018145.1_ASM1814v1                      21.24%    passed    100.00%
  14  GCF_000018845.1_ASM1884v1                      23.72%    passed    100.00%
  15  GCF_000019365.1_ASM1936v1                      25.43%    passed     56.62%
  16  GCF_000019725.1_ASM1972v1                      24.19%    passed     99.45%
  17  GCF_000019945.1_ASM1994v1                      23.57%    passed    100.00%
  18  GCF_000020445.1_ASM2044v1                      22.33%    passed    100.00%
  19  GCF_000021005.1_ASM2100v1                      21.86%    passed    100.00%
  20  GCF_000021745.1_ASM2174v1                      22.95%    passed    100.00%
  21  GCF_000021845.1_ASM2184v1                      24.03%    passed    100.00%
  22  GCF_000021865.1_ASM2186v1                      20.62%    passed     99.04%
  23  GCF_000022685.1_ASM2268v1                      23.88%    passed    100.00%
  24  GCF_000025485.1_ASM2548v1                      21.71%    passed     99.99%
  25  GCF_000026145.1_ASM2614v1                      22.33%    passed     99.99%
  26  GCF_000083545.1_ASM8354v1                      23.72%    passed    100.00%
  27  GCF_000144605.1_ASM14460v1                     21.86%    passed    100.00%
  28  GCF_000154785.2_ASM15478v2                     21.40%    passed     99.11%
  29  GCF_000166055.1_ASM16605v1                     21.86%    passed     91.77%
  30  GCF_000195775.2_ASM19577v2                     22.33%    passed    100.00%
  31  GCF_000202835.1_ASM20283v1                     24.34%    passed     94.05%
  32  GCF_000224005.2_ASM22400v3                     22.17%    passed     99.99%
  33  GCF_000225955.1_ASM22595v1                     21.86%    passed    100.00%
  34  GCF_000227745.2_ASM22774v3                     22.33%    passed    100.00%
  35  GCF_000284255.1_ASM28425v1                     23.26%    passed     97.64%
  36  GCF_000284275.1_ASM28427v1                     23.10%    passed    100.00%
  37  GCF_000284415.1_ASM28441v2                     22.79%    passed     99.69%
  38  GCF_000327045.1_ASM32704v1                     22.48%    passed    100.00%
  39  GCF_000344805.1_ASM34480v1                     22.17%    passed     99.99%
  40  GCF_000364445.2_ASM36444v2                     24.19%    passed     98.40%
  41  GCF_000512205.2_ASM51220v2                     23.72%    passed    100.00%
  42  GCF_000590925.1_ASM59092v1                     21.71%    passed    100.00%
  43  GCF_000738435.1_ASM73843v1                     21.09%    passed     96.29%
  44  GCF_000757795.1_ASM75779v1                     24.19%    passed     98.13%
  45  GCF_000935025.1_ASM93502v1                     24.50%    passed     99.97%
  46  GCF_000973625.1_ASM97362v1                     19.38%    failed      4.79%
  47  GCF_001304795.1_ASM130479v1                    22.79%    passed    100.00%
  48  GCF_001402875.1_ASM140287v1                    23.88%    passed     99.99%
  49  GCF_001412535.1_ASM141253v1                    22.17%    passed     99.62%
  50  GCF_001412575.1_ASM141257v1                    22.02%    passed     98.68%
  51  GCF_001459775.1_Blastochloris_viridis_genome   23.88%    passed     99.99%
  52  GCF_001483865.1_ASM148386v1                    22.79%    passed    100.00%
  53  GCF_001542815.1_ASM154281v1                    23.88%    passed    100.00%
  54  GCF_001548015.1_ASM154801v1                    24.81%    passed     68.43%
  55  GCF_001548075.1_ASM154807v1                    21.71%    passed     99.88%
  56  GCF_001576595.1_ASM157659v1                    21.86%    passed    100.00%
  57  GCF_001632845.1_ASM163284v1                    23.72%    passed     43.78%
  58  GCF_001633145.1_ASM163314v1                    21.71%    passed     99.61%
  59  GCF_001633165.1_ASM163316v1                    21.71%    passed     99.61%
  60  GCF_001663155.1_ASM166315v1                    21.09%    passed     99.96%
  61  GCF_001663175.1_ASM166317v1                    22.79%    passed     99.99%
  62  GCF_001685625.1_ASM168562v1                    21.86%    passed    100.00%
  63  GCF_001713355.1_ASM171335v1                    21.24%    passed    100.00%
  64  GCF_001713375.1_ASM171337v1                    22.48%    passed    100.00%
  65  GCF_001713435.1_ASM171343v1                    23.72%    passed    100.00%
  66  GCF_001713455.1_ASM171345v1                    23.41%    passed     99.99%
  67  GCF_001713475.1_ASM171347v1                    21.24%    passed    100.00%
  68  GCF_001719165.1_ASM171916v1                    21.55%    passed    100.00%
  69  GCF_001720465.1_ASM172046v1                    22.17%    passed    100.00%
  70  GCF_001854385.1_ASM185438v1                    24.19%    passed     99.45%
  71  GCF_001870665.2_ASM187066v2                    23.88%    passed    100.00%
  72  GCF_001886735.1_ASM188673v1                    22.95%    passed     99.97%
  73  GCF_001936175.1_ASM193617v1                    24.19%    passed     98.13%
  74  GCF_001955735.1_ASM195573v1                    21.24%    passed     75.04%
  75  GCF_001969365.1_ASM196936v1                    20.93%    passed     98.86%
  76  GCF_001971665.1_ASM197166v1                    23.88%    passed    100.00%
  77  GCF_002002865.1_ASM200286v1                    22.64%    passed     99.94%
  78  GCF_002073975.1_ASM207397v1                    21.71%    passed     99.95%
  79  GCF_002080415.1_ASM208041v1                    23.10%    passed     99.91%
  80  GCF_002117815.2_ASM211781v2                    23.72%    passed    100.00%
  81  GCF_002158905.1_ASM215890v1                    22.48%    passed     99.73%
  82  GCF_002266435.2_ASM226643v2                    22.79%    passed    100.00%
  83  GCF_002355515.1_ASM235551v1                    23.57%    passed    100.00%
  84  GCF_002407205.1_ASM240720v1                    21.40%    passed    100.00%
  85  GCF_002706325.1_ASM270632v1                    21.86%    passed    100.00%
  86  GCF_002813775.1_ASM281377v1                    23.88%    passed    100.00%
  87  GCF_002868735.1_ASM286873v1                    20.78%    passed     99.82%
  88  GCF_002952215.1_ASM295221v1                    21.86%    passed    100.00%
  89  GCF_002983865.1_ASM298386v1                    22.17%    passed    100.00%
  90  GCF_003031245.1_ASM303124v1                    22.48%    passed    100.00%
  91  GCF_003031265.1_ASM303126v1                    22.48%    passed    100.00%
  92  GCF_003065365.1_ASM306536v1                    19.22%    passed     41.81%
  93  GCF_003071405.1_ASM307140v1                    21.55%    passed    100.00%
  94  GCF_003173715.1_ASM317371v1                    23.57%    passed     99.33%
  95  GCF_003173735.1_ASM317373v1                    24.34%    passed     93.27%
  96  GCF_003173755.1_ASM317375v1                    24.03%    passed     98.69%
  97  GCF_003173775.1_ASM317377v1                    24.81%    passed     77.71%
  98  GCF_003254375.1_ASM325437v1                    24.19%    passed     98.13%
  99  GCF_003264115.1_ASM326411v1                    22.48%    passed     99.96%
 100  GCF_003288315.1_ASM328831v1                    23.10%    passed     99.91%
 101  GCF_003324715.1_ASM332471v1                    21.86%    passed    100.00%
 102  GCF_003352165.1_ASM335216v1                    21.86%    passed     96.55%
 103  GCF_003429265.1_ASM342926v1                    21.55%    passed    100.00%
 104  GCF_003431825.1_ASM343182v1                    23.72%    passed    100.00%
 105  GCF_003855495.1_ASM385549v1                    22.79%    passed    100.00%
 106  GCF_003940805.1_ASM394080v1                    21.55%    passed    100.00%
 107  GCF_003952725.1_ASM395272v1                    22.95%    passed     99.92%
 108  GCF_003966715.1_ASM396671v1                    24.03%    passed     99.97%
 109  GCF_004114955.1_ASM411495v1                    23.26%    passed    100.00%
 110  GCF_004136295.1_ASM413629v1                    24.03%    passed     99.39%
 111  GCF_004216475.1_ASM421647v1                    22.02%    passed    100.00%
 112  GCF_004331955.1_ASM433195v1                    22.33%    passed     90.89%
 113  GCF_004354345.1_ASM435434v1                    23.72%    passed     99.99%
 114  GCF_005311585.1_ASM531158v1                    22.17%    passed    100.00%
 115  GCF_005860795.2_ASM586079v2                    20.78%    passed     99.98%
 116  GCF_006542605.1_ASM654260v1                    22.33%    passed    100.00%
 117  GCF_006740745.1_ASM674074v1                    23.57%    passed    100.00%
 118  GCF_007005445.1_ASM700544v1                    22.79%    passed    100.00%
 119  GCF_007290395.1_ASM729039v1                    23.10%    passed    100.00%
 120  GCF_007954425.1_ASM795442v1                    21.55%    passed    100.00%
 121  GCF_008000895.1_ASM800089v1                    24.50%    passed     94.90%
 122  GCF_008000915.1_ASM800091v1                    21.55%    passed    100.00%
 123  GCF_008728195.1_ASM872819v1                    23.10%    passed    100.00%
 124  GCF_008843145.1_ASM884314v1                    24.19%    passed     96.67%
 125  GCF_008932115.1_ASM893211v1                    22.95%    passed    100.00%
 126  GCF_009363255.1_ASM936325v1                    23.10%    passed    100.00%
 127  GCF_009363495.1_ASM936349v1                    23.10%    passed    100.00%
 128  GCF_009363575.1_ASM936357v1                    23.57%    passed     99.99%
 129  GCF_009363615.1_ASM936361v1                    21.55%    passed     98.03%
 130  GCF_009363635.1_ASM936363v1                    21.86%    passed    100.00%
 131  GCF_009363655.1_ASM936365v1                    23.10%    passed    100.00%
 132  GCF_009363715.1_ASM936371v1                    22.95%    passed    100.00%
 133  GCF_009363735.1_ASM936373v1                    23.10%    passed    100.00%
 134  GCF_009363795.1_ASM936379v1                    23.10%    failed      4.03%
 135  GCF_009650195.1_ASM965019v1                    21.24%    passed    100.00%
 136  GCF_009664085.1_ASM966408v1                    22.48%    passed    100.00%
 137  GCF_009685175.1_ASM968517v1                    22.95%    passed    100.00%
 138  GCF_009707465.1_ASM970746v1                    22.17%    passed    100.00%
 139  GCF_009762325.1_ASM976232v1                    22.79%    passed    100.00%
 140  GCF_009859815.1_ASM985981v1                    22.95%    passed    100.00%
 141  GCF_009913435.1_ASM991343v1                    22.95%    passed     97.75%
 142  GCF_010104355.1_ASM1010435v1                   22.95%    passed    100.00%
 143  GCF_011040475.1_ASM1104047v1                   23.10%    passed    100.00%
 144  GCF_011044255.1_ASM1104425v1                   23.41%    passed     99.96%
 145  GCF_011047315.1_ASM1104731v1                   21.71%    passed    100.00%
 146  GCF_011290485.1_ASM1129048v1                   22.64%    passed    100.00%
 147  GCF_011388215.1_ASM1138821v1                   23.41%    passed     98.01%
 148  GCF_012647365.1_ASM1264736v1                   21.86%    passed    100.00%
 149  GCF_012932215.1_ASM1293221v1                   23.10%    passed    100.00%
 150  GCF_013170845.1_ASM1317084v1                   22.02%    passed     99.96%
 151  GCF_013307245.1_ASM1330724v1                   18.76%    failed      0.29%
 152  GCF_013374095.1_ASM1337409v1                   23.57%    passed    100.00%
 153  GCF_013378075.1_ASM1337807v1                   24.65%    passed    100.00%
 154  GCF_013415845.1_ASM1341584v1                   22.33%    passed    100.00%
 155  GCF_014117445.1_ASM1411744v1                   24.96%    passed     96.89%
 156  GCF_014495845.1_ASM1449584v1                   22.79%    passed     99.28%
 157  GCF_014622665.1_ASM1462266v1                   20.47%    passed     97.99%
 158  GCF_014681765.1_ASM1468176v1                   22.64%    passed     99.99%
 159  GCF_015679265.1_ASM1567926v1                   23.72%    passed     99.99%
 160  GCF_016584445.1_ASM1658444v1                   22.33%    passed    100.00%
 161  GCF_016653635.2_ASM1665363v2                   24.19%    passed     98.69%
 162  GCF_016765655.2_ASM1676565v2                   23.88%    passed     97.86%
 163  GCF_016806065.1_ASM1680606v1                   21.40%    passed    100.00%
 164  GCF_016806835.2_ASM1680683v2                   23.88%    passed     98.59%
 165  GCF_016839165.1_ASM1683916v1                   22.79%    passed    100.00%
 166  GCF_017347565.1_ASM1734756v1                   24.50%    passed     98.61%
 167  GCF_017498565.1_ASM1749856v1                   21.24%    passed     88.27%
 168  GCF_017795885.1_ASM1779588v1                   22.33%    passed    100.00%
 169  GCF_018200035.1_ASM1820003v1                   22.64%    passed     99.97%
 170  GCF_018205975.1_ASM1820597v1                   21.86%    passed    100.00%
 171  GCF_018399035.1_ASM1839903v1                   22.64%    passed     99.63%
 172  GCF_018409545.1_ASM1840954v1                   21.71%    passed     99.97%
 173  GCF_018687415.1_ASM1868741v1                   20.78%    passed     47.88%
 174  GCF_018687475.1_ASM1868747v1                   20.47%    passed     84.64%
 175  GCF_018687675.1_ASM1868767v1                   18.91%    failed      0.99%
 176  GCF_018688155.1_ASM1868815v1                   20.47%    passed     48.20%
 177  GCF_018688255.1_ASM1868825v1                   19.38%    failed      4.03%
 178  GCF_018982885.2_ASM1898288v2                   22.48%    passed     99.98%
 179  GCF_019134555.1_ASM1913455v1                   21.86%    passed    100.00%
 180  GCF_019203965.1_ASM1920396v1                   24.03%    passed     99.53%
 181  GCF_019431245.1_ASM1943124v1                   22.48%    passed     99.99%
 182  GCF_019443285.1_ASM1944328v1                   22.17%    passed    100.00%
 183  GCF_019623905.1_ASM1962390v1                   22.02%    passed    100.00%
 184  GCF_019904235.1_ASM1990423v1                   22.48%    passed     99.99%
 185  GCF_019973775.1_ASM1997377v1                   22.17%    passed    100.00%
 186  GCF_020866845.1_ASM2086684v1                   23.10%    passed     99.99%
 187  GCF_021088345.1_ASM2108834v1                   22.95%    passed     99.43%
 188  GCF_021117295.1_ASM2111729v1                   23.41%    passed    100.00%
 189  GCF_021228015.1_ASM2122801v1                   24.65%    passed     94.19%
 190  GCF_021228795.1_ASM2122879v1                   22.48%    passed    100.00%
 191  GCF_021391315.1_ASM2139131v1                   21.55%    passed    100.00%
 192  GCF_021391535.1_ASM2139153v1                   22.79%    passed    100.00%
 193  GCF_021398735.1_ASM2139873v1                   24.34%    passed     96.51%
 194  GCF_021431965.1_ASM2143196v1                   21.71%    passed     99.99%
 195  GCF_021484845.1_ASM2148484v1                   24.19%    passed     99.59%
 196  GCF_022227035.1_ASM2222703v1                   21.55%    passed    100.00%
 197  GCF_022370455.1_ASM2237045v1                   22.95%    passed    100.00%
 198  GCF_022533465.1_ASM2253346v1                   24.96%    passed     99.83%
 199  GCF_022558965.1_ASM2255896v1                   24.19%    passed     97.39%
 200  GCF_022846615.1_ASM2284661v1                   23.10%    passed    100.00%
 201  GCF_023243115.1_ASM2324311v1                   22.02%    passed     99.99%
 202  GCF_023380025.1_ASM2338002v1                   24.03%    passed     89.32%
 203  GCF_023558335.1_ASM2355833v1                   21.24%    passed    100.00%
 204  GCF_023558355.1_ASM2355835v1                   21.24%    passed    100.00%
 205  GCF_023573145.1_ASM2357314v1                   22.79%    passed     99.75%
 206  GCF_023823125.1_ASM2382312v1                   22.64%    passed    100.00%
 207  GCF_024496245.1_ASM2449624v1                   23.72%    passed     99.97%
 208  GCF_024758705.1_ASM2475870v1                   24.03%    passed    100.00%
 209  GCF_024758725.1_ASM2475872v1                   23.57%    passed     99.95%
 210  GCF_025141175.1_ASM2514117v1                   23.57%    passed     99.98%
 211  GCF_025141935.1_ASM2514193v1                   22.79%    passed     97.22%
 212  GCF_025398155.2_ASM2539815v2                   22.95%    passed    100.00%
 213  GCF_025811215.1_ASM2581121v1                   22.48%    passed    100.00%
 214  GCF_025811355.1_ASM2581135v1                   22.48%    passed    100.00%
 215  GCF_025811435.1_ASM2581143v1                   22.48%    passed    100.00%
 216  GCF_025813715.1_ASM2581371v1                   24.03%    passed     99.04%
 217  GCF_025917005.1_ASM2591700v1                   21.71%    passed    100.00%
 218  GCF_026122595.1_ASM2612259v1                   23.88%    passed    100.00%
 219  GCF_026122615.1_ASM2612261v1                   23.88%    passed    100.00%
 220  GCF_026167525.1_ASM2616752v1                   23.41%    passed    100.00%
 221  GCF_026167545.1_ASM2616754v1                   23.57%    passed    100.00%
 222  GCF_026625025.1_ASM2662502v1                   22.33%    passed    100.00%
 223  GCF_026898155.1_ASM2689815v1                   22.33%    passed    100.00%
 224  GCF_027271155.1_ASM2727115v1                   21.86%    passed    100.00%
 225  GCF_027886585.1_ASM2788658v1                   21.40%    passed     99.98%
 226  GCF_027912195.1_ASM2791219v1                   22.33%    passed    100.00%
 227  GCF_027943985.1_ASM2794398v1                   17.98%    failed      0.01%
 228  GCF_027944005.1_ASM2794400v1                   17.98%    failed      0.01%
 229  GCF_028621955.1_ASM2862195v1                   22.02%    passed    100.00%
 230  GCF_028885395.1_ASM2888539v1                   22.48%    passed    100.00%
 231  GCF_029277405.1_ASM2927740v1                   20.47%    passed     98.06%
 232  GCF_029581395.1_ASM2958139v1                   24.34%    passed     99.95%
 233  GCF_029691625.1_ASM2969162v1                   24.19%    passed     98.13%
 234  GCF_029714205.1_ASM2971420v1                   25.43%    passed     56.62%
 235  GCF_029761955.1_ASM2976195v1                   24.65%    passed     98.18%
 236  GCF_030062705.1_ASM3006270v1                   24.19%    passed    100.00%
 237  GCF_030252425.1_ASM3025242v1                   23.26%    passed     99.83%
 238  GCF_030255395.1_ASM3025539v1                   23.72%    passed    100.00%
 239  GCF_030297555.1_ASM3029755v1                   20.47%    passed     87.88%
 240  GCF_030297575.1_ASM3029757v1                   20.47%    passed     89.52%
 241  GCF_030297595.1_ASM3029759v1                   20.47%    passed     89.52%
 242  GCF_030297615.1_ASM3029761v1                   20.47%    passed     84.88%
 243  GCF_030297635.1_ASM3029763v1                   20.47%    passed     89.52%
 244  GCF_030297655.1_ASM3029765v1                   20.47%    passed     89.52%
 245  GCF_030297675.1_ASM3029767v1                   20.47%    passed     89.52%
 246  GCF_900176205.1_BRAD285_PRJEB202261_v1         22.64%    passed     99.74%
 247  GCF_900234795.1_TK0001_PRJEB23178_v1           23.72%    passed    100.00%
 248  GCF_901457705.2_RHAL1_v2                       23.88%    passed     99.99%
 249  GCF_937425535.1_Rhodovastum_atsumiense_G2-11   22.64%    passed    100.00%
****  TOTAL                                          22.59%  7 sequences failed composition chi2 test (p-value<5%; df=19)
NOTE: GCF_000225955.1_ASM22595v1 is identical to GCF_000013085.1_ASM1308v1 but kept for subsequent analysis
NOTE: GCF_002983865.1_ASM298386v1 is identical to GCF_000014045.1_ASM1404v1 but kept for subsequent analysis
NOTE: GCF_023558335.1_ASM2355833v1 is identical to GCF_000018145.1_ASM1814v1 but kept for subsequent analysis
NOTE: GCF_030255395.1_ASM3025539v1 is identical to GCF_000018845.1_ASM1884v1 but kept for subsequent analysis
NOTE: GCF_029714205.1_ASM2971420v1 is identical to GCF_000019365.1_ASM1936v1 but kept for subsequent analysis
NOTE: GCF_001854385.1_ASM185438v1 is identical to GCF_000019725.1_ASM1972v1 but kept for subsequent analysis
NOTE: GCF_000195775.2_ASM19577v2 is identical to GCF_000020445.1_ASM2044v1 but kept for subsequent analysis
NOTE: GCF_001936175.1_ASM193617v1 is identical to GCF_000757795.1_ASM75779v1 but kept for subsequent analysis
NOTE: GCF_001459775.1_Blastochloris_viridis_genome is identical to GCF_001402875.1_ASM140287v1 but kept for subsequent analysis
NOTE: GCF_001685625.1_ASM168562v1 is identical to GCF_001576595.1_ASM157659v1 but kept for subsequent analysis
NOTE: GCF_001633165.1_ASM163316v1 is identical to GCF_001633145.1_ASM163314v1 but kept for subsequent analysis
NOTE: GCF_003431825.1_ASM343182v1 is identical to GCF_001713435.1_ASM171343v1 but kept for subsequent analysis
NOTE: GCF_009650195.1_ASM965019v1 is identical to GCF_001713475.1_ASM171347v1 but kept for subsequent analysis
NOTE: GCF_025811215.1_ASM2581121v1 is identical to GCF_003031265.1_ASM303126v1 but kept for subsequent analysis
NOTE: GCF_021391315.1_ASM2139131v1 is identical to GCF_003429265.1_ASM342926v1 but kept for subsequent analysis
NOTE: GCF_009363495.1_ASM936349v1 is identical to GCF_009363255.1_ASM936325v1 but kept for subsequent analysis
NOTE: GCF_009363735.1_ASM936373v1 is identical to GCF_009363655.1_ASM936365v1 but kept for subsequent analysis
NOTE: GCF_010104355.1_ASM1010435v1 is identical to GCF_009859815.1_ASM985981v1 but kept for subsequent analysis
NOTE: GCF_026122615.1_ASM2612261v1 is identical to GCF_026122595.1_ASM2612259v1 but kept for subsequent analysis
NOTE: GCF_027944005.1_ASM2794400v1 is identical to GCF_027943985.1_ASM2794398v1 but kept for subsequent analysis
NOTE: GCF_030297595.1_ASM3029759v1 is identical to GCF_030297575.1_ASM3029757v1 but kept for subsequent analysis
NOTE: 16 identical sequences (see below) will be ignored for subsequent analysis
NOTE: GCF_019134555.1_ASM1913455v1 (identical to GCF_000013085.1_ASM1308v1) is ignored but added at the end
NOTE: GCF_023558355.1_ASM2355835v1 (identical to GCF_000018145.1_ASM1814v1) is ignored but added at the end
NOTE: GCF_013415845.1_ASM1341584v1 (identical to GCF_000020445.1_ASM2044v1) is ignored but added at the end
NOTE: GCF_016584445.1_ASM1658444v1 (identical to GCF_000020445.1_ASM2044v1) is ignored but added at the end
NOTE: GCF_026625025.1_ASM2662502v1 (identical to GCF_000020445.1_ASM2044v1) is ignored but added at the end
NOTE: GCF_003254375.1_ASM325437v1 (identical to GCF_000757795.1_ASM75779v1) is ignored but added at the end
NOTE: GCF_029691625.1_ASM2969162v1 (identical to GCF_000757795.1_ASM75779v1) is ignored but added at the end
NOTE: GCF_002706325.1_ASM270632v1 (identical to GCF_001576595.1_ASM157659v1) is ignored but added at the end
NOTE: GCF_003324715.1_ASM332471v1 (identical to GCF_001576595.1_ASM157659v1) is ignored but added at the end
NOTE: GCF_012647365.1_ASM1264736v1 (identical to GCF_001576595.1_ASM157659v1) is ignored but added at the end
NOTE: GCF_025811355.1_ASM2581135v1 (identical to GCF_003031265.1_ASM303126v1) is ignored but added at the end
NOTE: GCF_025811435.1_ASM2581143v1 (identical to GCF_003031265.1_ASM303126v1) is ignored but added at the end
NOTE: GCF_022227035.1_ASM2222703v1 (identical to GCF_003429265.1_ASM342926v1) is ignored but added at the end
NOTE: GCF_030297635.1_ASM3029763v1 (identical to GCF_030297575.1_ASM3029757v1) is ignored but added at the end
NOTE: GCF_030297655.1_ASM3029765v1 (identical to GCF_030297575.1_ASM3029757v1) is ignored but added at the end
NOTE: GCF_030297675.1_ASM3029767v1 (identical to GCF_030297575.1_ASM3029757v1) is ignored but added at the end
Alignment was printed to results/tree/PGC_bchM/PGC_bchM.uniqueseq.phy

For your convenience alignment with unique sequences printed to results/tree/PGC_bchM/PGC_bchM.uniqueseq.phy


Create initial parsimony tree by phylogenetic likelihood library (PLL)... 0.214 seconds
Perform fast likelihood tree search using LG+I+G model...
Estimate model parameters (epsilon = 5.000)
Perform nearest neighbor interchange...
Estimate model parameters (epsilon = 1.000)
1. Initial log-likelihood: -60630.527
Optimal log-likelihood: -60630.301
Proportion of invariable sites: 0.092
Gamma shape alpha: 0.776
Parameters optimization took 1 rounds (2.192 sec)
Time for fast ML tree search: 20.656 seconds

NOTE: ModelFinder requires 211 MB RAM!
ModelFinder will test up to 702 protein models (sample size: 645) ...
 No. Model         -LnL         df  AIC          AICc         BIC
  1  LG            65865.072    463 132656.143   135029.978   134725.406
  2  LG+I          64620.652    464 130169.305   132566.638   132243.037
  3  LG+G4         60668.689    464 122265.378   124662.711   124339.110
  4  LG+I+G4       60630.283    465 122190.567   124611.684   124268.768
  5  LG+R2         61601.295    465 124132.590   126553.708   126210.792
  6  LG+R3         60822.095    467 122578.189   125047.748   124665.329
  7  LG+R4         60615.382    469 122168.764   124687.964   124264.843
  8  LG+R5         60548.901    471 122039.801   124609.882   124144.818
  9  LG+R6         60529.716    473 122005.433   124627.678   124119.388
 10  LG+R7         60529.601    475 122009.201   124684.941   124132.095
 22  LG+F+R6       48464.971    492 97913.943    101105.469   100112.814
 35  WAG+R6        60280.491    473 121506.981   124129.227   123620.936
 48  WAG+F+R6      48578.788    492 98141.576    101333.103   100340.448
 61  JTT+R6        61557.719    473 124061.438   126683.684   126175.393
 74  JTT+F+R6      50497.127    492 101978.254   105169.781   104177.126
 87  Q.pfam+R6     60445.146    473 121836.291   124458.537   123950.246
100  Q.pfam+F+R6   48651.553    492 98287.107    101478.633   100485.978
113  Q.bird+R6     64714.553    473 130375.105   132997.351   132489.060
126  Q.bird+F+R6   53971.432    492 108926.863   112118.390   111125.735
139  Q.mammal+R6   63620.357    473 128186.715   130808.960   130300.670
152  Q.mammal+F+R6 52485.030    492 105954.059   109145.586   108152.930
165  Q.insect+R6   61846.302    473 124638.605   127260.850   126752.560
178  Q.insect+F+R6 48923.816    492 98831.631    102023.158   101030.502
191  Q.plant+R6    64486.976    473 129919.951   132542.197   132033.907
204  Q.plant+F+R6  52011.565    492 105007.129   108198.655   107206.000
217  Q.yeast+R6    62814.293    473 126574.587   129196.832   128688.542
230  Q.yeast+F+R6  48905.690    492 98795.381    101986.907   100994.252
243  JTTDCMut+R6   61422.554    473 123791.109   126413.355   125905.064
256  JTTDCMut+F+R6 50403.109    492 101790.218   104981.745   103989.089
269  DCMut+R6      65232.765    473 131411.530   134033.776   133525.485
282  DCMut+F+R6    53396.877    492 107777.755   110969.281   109976.626
295  VT+R6         60403.305    473 121752.610   124374.855   123866.565
308  VT+F+R6       48190.053    492 97364.106    100555.633   99562.978
321  PMB+R6        59171.052    473 119288.104   121910.349   121402.059
334  PMB+F+R6      47985.359    492 96954.718    100146.244   99153.589
347  Blosum62+R6   59155.819    473 119257.638   121879.884   121371.594
360  Blosum62+F+R6 47635.249    492 96254.497    99446.023    98453.368
373  Dayhoff+R6    65230.501    473 131407.003   134029.249   133520.958
386  Dayhoff+F+R6  53409.271    492 107802.542   110994.068   110001.413
399  mtREV+R6      64501.588    473 129949.177   132571.422   132063.132
412  mtREV+F+R6    51762.556    492 104509.112   107700.638   106707.983
425  mtART+R6      63435.973    473 127817.946   130440.191   129931.901
438  mtART+F+R6    49942.618    492 100869.237   104060.763   103068.108
451  mtZOA+R6      60354.120    473 121654.240   124276.486   123768.195
464  mtZOA+F+R6    49050.499    492 99084.998    102276.524   101283.869
477  mtMet+R6      63324.418    473 127594.836   130217.081   129708.791
490  mtMet+F+R6    50864.133    492 102712.266   105903.792   104911.137
503  mtVer+R6      64753.410    473 130452.820   133075.065   132566.775
516  mtVer+F+R6    53158.770    492 107301.541   110493.067   109500.412
529  mtInv+R6      62414.676    473 125775.352   128397.598   127889.308
542  mtInv+F+R6    48982.555    492 98949.109    102140.636   101147.980
555  mtMAM+R6      70754.021    473 142454.042   145076.288   144567.997
568  mtMAM+F+R6    57933.520    492 116851.039   120042.566   119049.911
581  HIVb+R6       67496.050    473 135938.101   138560.346   138052.056
594  HIVb+F+R6     55023.348    492 111030.697   114222.223   113229.568
607  HIVw+R6       75580.552    473 152107.105   154729.350   154221.060
620  HIVw+F+R6     59269.547    492 119523.094   122714.620   121721.965
633  FLU+R6        70176.804    473 141299.608   143921.854   143413.564
646  FLU+F+R6      55127.455    492 111238.910   114430.436   113437.781
659  rtREV+R6      60269.028    473 121484.056   124106.302   123598.012
672  rtREV+F+R6    48617.616    492 98219.233    101410.759   100418.104
685  cpREV+R6      61753.254    473 124452.508   127074.753   126566.463
698  cpREV+F+R6    49400.701    492 99785.401    102976.927   101984.272
Akaike Information Criterion:           Blosum62+F+R6
Corrected Akaike Information Criterion: Blosum62+F+R6
Bayesian Information Criterion:         Blosum62+F+R6
Best-fit model: Blosum62+F+R6 chosen according to BIC

All model information printed to results/tree/PGC_bchM/PGC_bchM.model.gz
CPU time for ModelFinder: 9765.983 seconds (2h:42m:45s)
Wall-clock time for ModelFinder: 9779.556 seconds (2h:42m:59s)
WARNING: States(s) N, D, Q, E, I, L, K, F, P, V rarely appear in alignment and may cause numerical problems

NOTE: 127 MB RAM (0 GB) is required!
Estimate model parameters (epsilon = 0.100)
1. Initial log-likelihood: -47635.249
Optimal log-likelihood: -47635.129
Site proportion and rates:  (0.273,0.038) (0.125,0.224) (0.181,0.604) (0.210,1.241) (0.150,2.414) (0.060,3.784)
Parameters optimization took 1 rounds (12.730 sec)
Computing ML distances based on estimated model parameters...
Computing ML distances took 10.423209 sec (of wall-clock time) 10.422449 sec(of CPU time)
WARNING: Some pairwise ML distances are too long (saturated)
Computing RapidNJ tree took 0.007822 sec (of wall-clock time) 0.013898 sec (of CPU time)
Log-likelihood of RapidNJ tree: -47644.380
--------------------------------------------------------------------
|             INITIALIZING CANDIDATE TREE SET                      |
--------------------------------------------------------------------
Generating 98 parsimony trees... 21.143 second
Computing log-likelihood of 98 initial trees ... 94.579 seconds
Current best score: -47473.937

Do NNI search on 20 best initial trees
Estimate model parameters (epsilon = 0.100)
BETTER TREE FOUND at iteration 1: -47283.579
Iteration 10 / LogL: -47352.953 / Time: 0h:6m:8s
Iteration 20 / LogL: -47372.222 / Time: 0h:9m:36s
Finish initializing candidate tree set (20)
Current best tree score: -47283.579 / CPU time: 546.154
Number of iterations: 20
--------------------------------------------------------------------
|               OPTIMIZING CANDIDATE TREE SET                      |
--------------------------------------------------------------------
Estimate model parameters (epsilon = 0.100)
BETTER TREE FOUND at iteration 22: -47280.559
Iteration 30 / LogL: -47353.192 / Time: 0h:14m:3s (0h:44m:35s left)
Estimate model parameters (epsilon = 0.100)
BETTER TREE FOUND at iteration 33: -47272.652
Iteration 40 / LogL: -47321.015 / Time: 0h:18m:27s (0h:44m:1s left)
Iteration 50 / LogL: -47346.010 / Time: 0h:22m:32s (0h:38m:11s left)
Estimate model parameters (epsilon = 0.100)
BETTER TREE FOUND at iteration 54: -47268.633
Iteration 60 / LogL: -47349.380 / Time: 0h:27m:1s (0h:43m:4s left)
Estimate model parameters (epsilon = 0.100)
BETTER TREE FOUND at iteration 68: -47267.163
Iteration 70 / LogL: -47291.785 / Time: 0h:31m:39s (0h:44m:58s left)
Estimate model parameters (epsilon = 0.100)
BETTER TREE FOUND at iteration 72: -47256.907
Iteration 80 / LogL: -47270.452 / Time: 0h:36m:0s (0h:41m:55s left)
Iteration 90 / LogL: -47296.371 / Time: 0h:40m:4s (0h:36m:55s left)
Iteration 100 / LogL: -47309.830 / Time: 0h:43m:58s (0h:31m:58s left)
Estimate model parameters (epsilon = 0.100)
BETTER TREE FOUND at iteration 106: -47254.447
Iteration 110 / LogL: -47288.780 / Time: 0h:48m:4s (0h:42m:20s left)
Estimate model parameters (epsilon = 0.100)
BETTER TREE FOUND at iteration 115: -47252.692
Iteration 120 / LogL: -47303.506 / Time: 0h:52m:30s (0h:41m:54s left)
Iteration 130 / LogL: -47346.819 / Time: 0h:56m:22s (0h:37m:8s left)
Iteration 140 / LogL: -47275.603 / Time: 1h:0m:24s (0h:32m:35s left)
Estimate model parameters (epsilon = 0.100)
BETTER TREE FOUND at iteration 150: -47251.142
Iteration 150 / LogL: -47251.142 / Time: 1h:4m:36s (0h:43m:22s left)
Iteration 160 / LogL: -47261.961 / Time: 1h:8m:37s (0h:38m:50s left)
Estimate model parameters (epsilon = 0.100)
BETTER TREE FOUND at iteration 162: -47247.136
Iteration 170 / LogL: -47282.285 / Time: 1h:12m:54s (0h:39m:41s left)
Iteration 180 / LogL: -47388.217 / Time: 1h:16m:46s (0h:35m:10s left)
Iteration 190 / LogL: -47310.081 / Time: 1h:21m:0s (0h:30m:51s left)
Iteration 200 / LogL: -47338.682 / Time: 1h:24m:54s (0h:26m:27s left)
Iteration 210 / LogL: -47257.324 / Time: 1h:28m:56s (0h:22m:7s left)
Iteration 220 / LogL: -47346.750 / Time: 1h:32m:50s (0h:17m:48s left)
Iteration 230 / LogL: -47293.715 / Time: 1h:36m:46s (0h:13m:31s left)
Iteration 240 / LogL: -47295.120 / Time: 1h:40m:46s (0h:9m:16s left)
Iteration 250 / LogL: -47266.449 / Time: 1h:44m:53s (0h:5m:3s left)
Iteration 260 / LogL: -47327.906 / Time: 1h:48m:41s (0h:0m:50s left)
TREE SEARCH COMPLETED AFTER 263 ITERATIONS / Time: 1h:49m:49s

--------------------------------------------------------------------
|                    FINALIZING TREE SEARCH                        |
--------------------------------------------------------------------
Performs final model parameters optimization
Estimate model parameters (epsilon = 0.010)
1. Initial log-likelihood: -47247.136
2. Current log-likelihood: -47247.121
3. Current log-likelihood: -47247.109
4. Current log-likelihood: -47247.097
5. Current log-likelihood: -47247.083
6. Current log-likelihood: -47247.071
7. Current log-likelihood: -47247.060
8. Current log-likelihood: -47247.048
9. Current log-likelihood: -47247.036
10. Current log-likelihood: -47247.026
Optimal log-likelihood: -47247.012
Site proportion and rates:  (0.264,0.035) (0.130,0.207) (0.191,0.599) (0.206,1.252) (0.161,2.493) (0.049,3.887)
Parameters optimization took 10 rounds (81.155 sec)
BEST SCORE FOUND : -47247.012
Total tree length: 28.270

Total number of iterations: 263
CPU time used for tree search: 6546.402 sec (1h:49m:6s)
Wall-clock time used for tree search: 6559.339 sec (1h:49m:19s)
Total CPU time used: 6657.798 sec (1h:50m:57s)
Total wall-clock time used: 6670.875 sec (1h:51m:10s)

Analysis results written to: 
  IQ-TREE report:                results/tree/PGC_bchM/PGC_bchM.iqtree
  Maximum-likelihood tree:       results/tree/PGC_bchM/PGC_bchM.treefile
  Likelihood distances:          results/tree/PGC_bchM/PGC_bchM.mldist
  Screen log file:               results/tree/PGC_bchM/PGC_bchM.log

Date and Time: Thu Jun 20 14:27:40 2024
